[2024-01-30T02:59:50.990+0000] {taskinstance.py:1956} INFO - Dependencies all met for dep_context=non-requeueable deps ti=<TaskInstance: manage_data_lake_dag.local_job_raw_to_formatted scheduled__2024-01-12T00:00:00+00:00 [queued]>
[2024-01-30T02:59:50.996+0000] {taskinstance.py:1956} INFO - Dependencies all met for dep_context=requeueable deps ti=<TaskInstance: manage_data_lake_dag.local_job_raw_to_formatted scheduled__2024-01-12T00:00:00+00:00 [queued]>
[2024-01-30T02:59:50.996+0000] {taskinstance.py:2170} INFO - Starting attempt 3 of 6
[2024-01-30T02:59:51.009+0000] {taskinstance.py:2191} INFO - Executing <Task(SparkSubmitOperator): local_job_raw_to_formatted> on 2024-01-12 00:00:00+00:00
[2024-01-30T02:59:51.015+0000] {standard_task_runner.py:60} INFO - Started process 21521 to run task
[2024-01-30T02:59:51.020+0000] {standard_task_runner.py:87} INFO - Running: ['airflow', 'tasks', 'run', 'manage_data_lake_dag', 'local_job_raw_to_formatted', 'scheduled__2024-01-12T00:00:00+00:00', '--job-id', '198', '--raw', '--subdir', 'DAGS_FOLDER/data_lake_dag.py', '--cfg-path', '/tmp/tmp5by0avqy']
[2024-01-30T02:59:51.023+0000] {standard_task_runner.py:88} INFO - Job 198: Subtask local_job_raw_to_formatted
[2024-01-30T02:59:51.063+0000] {task_command.py:423} INFO - Running <TaskInstance: manage_data_lake_dag.local_job_raw_to_formatted scheduled__2024-01-12T00:00:00+00:00 [running]> on host instance-1.europe-west9-a.c.data-lake-project-409321.internal
[2024-01-30T02:59:51.116+0000] {taskinstance.py:2480} INFO - Exporting env vars: AIRFLOW_CTX_DAG_OWNER='juniortemgoua0' AIRFLOW_CTX_DAG_ID='manage_data_lake_dag' AIRFLOW_CTX_TASK_ID='local_job_raw_to_formatted' AIRFLOW_CTX_EXECUTION_DATE='2024-01-12T00:00:00+00:00' AIRFLOW_CTX_TRY_NUMBER='3' AIRFLOW_CTX_DAG_RUN_ID='scheduled__2024-01-12T00:00:00+00:00'
[2024-01-30T02:59:51.126+0000] {base.py:83} INFO - Using connection ID 'spark_default' for task execution.
[2024-01-30T02:59:51.129+0000] {spark_submit.py:401} INFO - Spark-Submit cmd: spark-submit --master local[*] --conf spark.airflow.execution_date=2024-01-12 --name arrow-spark --class RawToFormatted --queue root.default --deploy-mode client /home/juniortemgoua0/DataLake/jobs/processes/scala/spark_process/target/scala-2.12/spark_job_2.12-0.1.0.jar hdfs://localhost:9000/data-lake
[2024-01-30T02:59:58.860+0000] {spark_submit.py:571} INFO - 24/01/30 02:59:58 INFO SparkContext: Running Spark version 3.5.0
[2024-01-30T02:59:58.870+0000] {spark_submit.py:571} INFO - 24/01/30 02:59:58 INFO SparkContext: OS info Linux, 5.15.0-1049-gcp, amd64
[2024-01-30T02:59:58.875+0000] {spark_submit.py:571} INFO - 24/01/30 02:59:58 INFO SparkContext: Java version 17.0.9
[2024-01-30T02:59:59.097+0000] {spark_submit.py:571} INFO - 24/01/30 02:59:59 WARN NativeCodeLoader: Unable to load native-hadoop library for your platform... using builtin-java classes where applicable
[2024-01-30T02:59:59.407+0000] {spark_submit.py:571} INFO - 24/01/30 02:59:59 INFO ResourceUtils: ==============================================================
[2024-01-30T02:59:59.409+0000] {spark_submit.py:571} INFO - 24/01/30 02:59:59 INFO ResourceUtils: No custom resources configured for spark.driver.
[2024-01-30T02:59:59.410+0000] {spark_submit.py:571} INFO - 24/01/30 02:59:59 INFO ResourceUtils: ==============================================================
[2024-01-30T02:59:59.411+0000] {spark_submit.py:571} INFO - 24/01/30 02:59:59 INFO SparkContext: Submitted application: RawToFormatted
[2024-01-30T02:59:59.456+0000] {spark_submit.py:571} INFO - 24/01/30 02:59:59 INFO ResourceProfile: Default ResourceProfile created, executor resources: Map(cores -> name: cores, amount: 1, script: , vendor: , memory -> name: memory, amount: 1024, script: , vendor: , offHeap -> name: offHeap, amount: 0, script: , vendor: ), task resources: Map(cpus -> name: cpus, amount: 1.0)
[2024-01-30T02:59:59.470+0000] {spark_submit.py:571} INFO - 24/01/30 02:59:59 INFO ResourceProfile: Limiting resource is cpu
[2024-01-30T02:59:59.471+0000] {spark_submit.py:571} INFO - 24/01/30 02:59:59 INFO ResourceProfileManager: Added ResourceProfile id: 0
[2024-01-30T02:59:59.551+0000] {spark_submit.py:571} INFO - 24/01/30 02:59:59 INFO SecurityManager: Changing view acls to: juniortemgoua0
[2024-01-30T02:59:59.552+0000] {spark_submit.py:571} INFO - 24/01/30 02:59:59 INFO SecurityManager: Changing modify acls to: juniortemgoua0
[2024-01-30T02:59:59.554+0000] {spark_submit.py:571} INFO - 24/01/30 02:59:59 INFO SecurityManager: Changing view acls groups to:
[2024-01-30T02:59:59.555+0000] {spark_submit.py:571} INFO - 24/01/30 02:59:59 INFO SecurityManager: Changing modify acls groups to:
[2024-01-30T02:59:59.556+0000] {spark_submit.py:571} INFO - 24/01/30 02:59:59 INFO SecurityManager: SecurityManager: authentication disabled; ui acls disabled; users with view permissions: juniortemgoua0; groups with view permissions: EMPTY; users with modify permissions: juniortemgoua0; groups with modify permissions: EMPTY
[2024-01-30T03:00:00.006+0000] {spark_submit.py:571} INFO - 24/01/30 03:00:00 INFO Utils: Successfully started service 'sparkDriver' on port 44693.
[2024-01-30T03:00:00.082+0000] {spark_submit.py:571} INFO - 24/01/30 03:00:00 INFO SparkEnv: Registering MapOutputTracker
[2024-01-30T03:00:00.187+0000] {spark_submit.py:571} INFO - 24/01/30 03:00:00 INFO SparkEnv: Registering BlockManagerMaster
[2024-01-30T03:00:00.220+0000] {spark_submit.py:571} INFO - 24/01/30 03:00:00 INFO BlockManagerMasterEndpoint: Using org.apache.spark.storage.DefaultTopologyMapper for getting topology information
[2024-01-30T03:00:00.222+0000] {spark_submit.py:571} INFO - 24/01/30 03:00:00 INFO BlockManagerMasterEndpoint: BlockManagerMasterEndpoint up
[2024-01-30T03:00:00.230+0000] {spark_submit.py:571} INFO - 24/01/30 03:00:00 INFO SparkEnv: Registering BlockManagerMasterHeartbeat
[2024-01-30T03:00:00.277+0000] {spark_submit.py:571} INFO - 24/01/30 03:00:00 INFO DiskBlockManager: Created local directory at /tmp/blockmgr-cf1e2dfe-6a44-4c1f-bfdb-103353104a2f
[2024-01-30T03:00:00.303+0000] {spark_submit.py:571} INFO - 24/01/30 03:00:00 INFO MemoryStore: MemoryStore started with capacity 434.4 MiB
[2024-01-30T03:00:00.334+0000] {spark_submit.py:571} INFO - 24/01/30 03:00:00 INFO SparkEnv: Registering OutputCommitCoordinator
[2024-01-30T03:00:00.549+0000] {spark_submit.py:571} INFO - 24/01/30 03:00:00 INFO JettyUtils: Start Jetty 0.0.0.0:4040 for SparkUI
[2024-01-30T03:00:00.643+0000] {spark_submit.py:571} INFO - 24/01/30 03:00:00 INFO Utils: Successfully started service 'SparkUI' on port 4040.
[2024-01-30T03:00:00.714+0000] {spark_submit.py:571} INFO - 24/01/30 03:00:00 INFO SparkContext: Added JAR file:/home/juniortemgoua0/DataLake/jobs/processes/scala/spark_process/target/scala-2.12/spark_job_2.12-0.1.0.jar at spark://instance-1.europe-west9-a.c.data-lake-project-409321.internal:44693/jars/spark_job_2.12-0.1.0.jar with timestamp 1706583598811
[2024-01-30T03:00:00.839+0000] {spark_submit.py:571} INFO - 24/01/30 03:00:00 INFO Executor: Starting executor ID driver on host instance-1.europe-west9-a.c.data-lake-project-409321.internal
[2024-01-30T03:00:00.840+0000] {spark_submit.py:571} INFO - 24/01/30 03:00:00 INFO Executor: OS info Linux, 5.15.0-1049-gcp, amd64
[2024-01-30T03:00:00.842+0000] {spark_submit.py:571} INFO - 24/01/30 03:00:00 INFO Executor: Java version 17.0.9
[2024-01-30T03:00:00.853+0000] {spark_submit.py:571} INFO - 24/01/30 03:00:00 INFO Executor: Starting executor with user classpath (userClassPathFirst = false): ''
[2024-01-30T03:00:00.855+0000] {spark_submit.py:571} INFO - 24/01/30 03:00:00 INFO Executor: Created or updated repl class loader org.apache.spark.util.MutableURLClassLoader@6ed043d3 for default.
[2024-01-30T03:00:00.912+0000] {spark_submit.py:571} INFO - 24/01/30 03:00:00 INFO Executor: Fetching spark://instance-1.europe-west9-a.c.data-lake-project-409321.internal:44693/jars/spark_job_2.12-0.1.0.jar with timestamp 1706583598811
[2024-01-30T03:00:01.014+0000] {spark_submit.py:571} INFO - 24/01/30 03:00:01 INFO TransportClientFactory: Successfully created connection to instance-1.europe-west9-a.c.data-lake-project-409321.internal/10.200.0.5:44693 after 46 ms (0 ms spent in bootstraps)
[2024-01-30T03:00:01.035+0000] {spark_submit.py:571} INFO - 24/01/30 03:00:01 INFO Utils: Fetching spark://instance-1.europe-west9-a.c.data-lake-project-409321.internal:44693/jars/spark_job_2.12-0.1.0.jar to /tmp/spark-cd0c29c2-5d7f-4d89-9f96-14baf18f2fe9/userFiles-2ff7e238-ece0-4c3f-8e8d-0de919a5d494/fetchFileTemp15082128731568610773.tmp
[2024-01-30T03:00:01.075+0000] {spark_submit.py:571} INFO - 24/01/30 03:00:01 INFO Executor: Adding file:/tmp/spark-cd0c29c2-5d7f-4d89-9f96-14baf18f2fe9/userFiles-2ff7e238-ece0-4c3f-8e8d-0de919a5d494/spark_job_2.12-0.1.0.jar to class loader default
[2024-01-30T03:00:01.090+0000] {spark_submit.py:571} INFO - 24/01/30 03:00:01 INFO Utils: Successfully started service 'org.apache.spark.network.netty.NettyBlockTransferService' on port 40013.
[2024-01-30T03:00:01.090+0000] {spark_submit.py:571} INFO - 24/01/30 03:00:01 INFO NettyBlockTransferService: Server created on instance-1.europe-west9-a.c.data-lake-project-409321.internal:40013
[2024-01-30T03:00:01.092+0000] {spark_submit.py:571} INFO - 24/01/30 03:00:01 INFO BlockManager: Using org.apache.spark.storage.RandomBlockReplicationPolicy for block replication policy
[2024-01-30T03:00:01.102+0000] {spark_submit.py:571} INFO - 24/01/30 03:00:01 INFO BlockManagerMaster: Registering BlockManager BlockManagerId(driver, instance-1.europe-west9-a.c.data-lake-project-409321.internal, 40013, None)
[2024-01-30T03:00:01.107+0000] {spark_submit.py:571} INFO - 24/01/30 03:00:01 INFO BlockManagerMasterEndpoint: Registering block manager instance-1.europe-west9-a.c.data-lake-project-409321.internal:40013 with 434.4 MiB RAM, BlockManagerId(driver, instance-1.europe-west9-a.c.data-lake-project-409321.internal, 40013, None)
[2024-01-30T03:00:01.109+0000] {spark_submit.py:571} INFO - 24/01/30 03:00:01 INFO BlockManagerMaster: Registered BlockManager BlockManagerId(driver, instance-1.europe-west9-a.c.data-lake-project-409321.internal, 40013, None)
[2024-01-30T03:00:01.111+0000] {spark_submit.py:571} INFO - 24/01/30 03:00:01 INFO BlockManager: Initialized BlockManager: BlockManagerId(driver, instance-1.europe-west9-a.c.data-lake-project-409321.internal, 40013, None)
[2024-01-30T03:00:03.709+0000] {spark_submit.py:571} INFO - 24/01/30 03:00:03 INFO SharedState: Setting hive.metastore.warehouse.dir ('null') to the value of spark.sql.warehouse.dir.
[2024-01-30T03:00:03.747+0000] {spark_submit.py:571} INFO - 24/01/30 03:00:03 INFO SharedState: Warehouse path is 'file:/home/juniortemgoua0/DataLake/spark-warehouse'.
[2024-01-30T03:00:06.889+0000] {spark_submit.py:571} INFO - ************************************************
[2024-01-30T03:00:06.889+0000] {spark_submit.py:571} INFO - Date d'exécution  : 2024-01-12
[2024-01-30T03:00:06.890+0000] {spark_submit.py:571} INFO - ************************************************
[2024-01-30T03:00:08.986+0000] {spark_submit.py:571} INFO - Exception in thread "main" org.apache.spark.sql.AnalysisException: [PATH_NOT_FOUND] Path does not exist: hdfs://localhost:9000/data-lake/raw/football_data/competitions/2024-01-12/*.json.
[2024-01-30T03:00:08.986+0000] {spark_submit.py:571} INFO - at org.apache.spark.sql.errors.QueryCompilationErrors$.dataPathNotExistError(QueryCompilationErrors.scala:1500)
[2024-01-30T03:00:08.987+0000] {spark_submit.py:571} INFO - at org.apache.spark.sql.execution.datasources.DataSource$.$anonfun$checkAndGlobPathIfNecessary$3(DataSource.scala:743)
[2024-01-30T03:00:08.987+0000] {spark_submit.py:571} INFO - at org.apache.spark.util.ThreadUtils$.$anonfun$parmap$2(ThreadUtils.scala:380)
[2024-01-30T03:00:08.987+0000] {spark_submit.py:571} INFO - at scala.concurrent.Future$.$anonfun$apply$1(Future.scala:659)
[2024-01-30T03:00:08.987+0000] {spark_submit.py:571} INFO - at scala.util.Success.$anonfun$map$1(Try.scala:255)
[2024-01-30T03:00:08.987+0000] {spark_submit.py:571} INFO - at scala.util.Success.map(Try.scala:213)
[2024-01-30T03:00:08.988+0000] {spark_submit.py:571} INFO - at scala.concurrent.Future.$anonfun$map$1(Future.scala:292)
[2024-01-30T03:00:08.988+0000] {spark_submit.py:571} INFO - at scala.concurrent.impl.Promise.liftedTree1$1(Promise.scala:33)
[2024-01-30T03:00:08.988+0000] {spark_submit.py:571} INFO - at scala.concurrent.impl.Promise.$anonfun$transform$1(Promise.scala:33)
[2024-01-30T03:00:08.988+0000] {spark_submit.py:571} INFO - at scala.concurrent.impl.CallbackRunnable.run(Promise.scala:64)
[2024-01-30T03:00:08.988+0000] {spark_submit.py:571} INFO - at java.base/java.util.concurrent.ForkJoinTask$RunnableExecuteAction.exec(ForkJoinTask.java:1395)
[2024-01-30T03:00:08.988+0000] {spark_submit.py:571} INFO - at java.base/java.util.concurrent.ForkJoinTask.doExec(ForkJoinTask.java:373)
[2024-01-30T03:00:08.989+0000] {spark_submit.py:571} INFO - at java.base/java.util.concurrent.ForkJoinPool$WorkQueue.topLevelExec(ForkJoinPool.java:1182)
[2024-01-30T03:00:08.989+0000] {spark_submit.py:571} INFO - at java.base/java.util.concurrent.ForkJoinPool.scan(ForkJoinPool.java:1655)
[2024-01-30T03:00:08.989+0000] {spark_submit.py:571} INFO - at java.base/java.util.concurrent.ForkJoinPool.runWorker(ForkJoinPool.java:1622)
[2024-01-30T03:00:08.989+0000] {spark_submit.py:571} INFO - at java.base/java.util.concurrent.ForkJoinWorkerThread.run(ForkJoinWorkerThread.java:165)
[2024-01-30T03:00:08.995+0000] {spark_submit.py:571} INFO - 24/01/30 03:00:08 INFO SparkContext: Invoking stop() from shutdown hook
[2024-01-30T03:00:08.995+0000] {spark_submit.py:571} INFO - 24/01/30 03:00:08 INFO SparkContext: SparkContext is stopping with exitCode 0.
[2024-01-30T03:00:09.029+0000] {spark_submit.py:571} INFO - 24/01/30 03:00:09 INFO SparkUI: Stopped Spark web UI at http://instance-1.europe-west9-a.c.data-lake-project-409321.internal:4040
[2024-01-30T03:00:09.055+0000] {spark_submit.py:571} INFO - 24/01/30 03:00:09 INFO MapOutputTrackerMasterEndpoint: MapOutputTrackerMasterEndpoint stopped!
[2024-01-30T03:00:09.092+0000] {spark_submit.py:571} INFO - 24/01/30 03:00:09 INFO MemoryStore: MemoryStore cleared
[2024-01-30T03:00:09.093+0000] {spark_submit.py:571} INFO - 24/01/30 03:00:09 INFO BlockManager: BlockManager stopped
[2024-01-30T03:00:09.102+0000] {spark_submit.py:571} INFO - 24/01/30 03:00:09 INFO BlockManagerMaster: BlockManagerMaster stopped
[2024-01-30T03:00:09.106+0000] {spark_submit.py:571} INFO - 24/01/30 03:00:09 INFO OutputCommitCoordinator$OutputCommitCoordinatorEndpoint: OutputCommitCoordinator stopped!
[2024-01-30T03:00:09.119+0000] {spark_submit.py:571} INFO - 24/01/30 03:00:09 INFO SparkContext: Successfully stopped SparkContext
[2024-01-30T03:00:09.120+0000] {spark_submit.py:571} INFO - 24/01/30 03:00:09 INFO ShutdownHookManager: Shutdown hook called
[2024-01-30T03:00:09.120+0000] {spark_submit.py:571} INFO - 24/01/30 03:00:09 INFO ShutdownHookManager: Deleting directory /tmp/spark-cd0c29c2-5d7f-4d89-9f96-14baf18f2fe9
[2024-01-30T03:00:09.124+0000] {spark_submit.py:571} INFO - 24/01/30 03:00:09 INFO ShutdownHookManager: Deleting directory /tmp/spark-86584720-1190-40f8-afc6-3ae7a74ff8da
[2024-01-30T03:00:09.271+0000] {taskinstance.py:2698} ERROR - Task failed with exception
Traceback (most recent call last):
  File "/home/juniortemgoua0/DataLake/venv/lib/python3.8/site-packages/airflow/models/taskinstance.py", line 433, in _execute_task
    result = execute_callable(context=context, **execute_callable_kwargs)
  File "/home/juniortemgoua0/DataLake/venv/lib/python3.8/site-packages/airflow/providers/apache/spark/operators/spark_submit.py", line 174, in execute
    self._hook.submit(self._application)
  File "/home/juniortemgoua0/DataLake/venv/lib/python3.8/site-packages/airflow/providers/apache/spark/hooks/spark_submit.py", line 502, in submit
    raise AirflowException(
airflow.exceptions.AirflowException: Cannot execute: spark-submit --master local[*] --conf spark.airflow.execution_date=2024-01-12 --name arrow-spark --class RawToFormatted --queue root.default --deploy-mode client /home/juniortemgoua0/DataLake/jobs/processes/scala/spark_process/target/scala-2.12/spark_job_2.12-0.1.0.jar hdfs://localhost:9000/data-lake. Error code is: 1.
[2024-01-30T03:00:09.274+0000] {taskinstance.py:1138} INFO - Marking task as UP_FOR_RETRY. dag_id=manage_data_lake_dag, task_id=local_job_raw_to_formatted, execution_date=20240112T000000, start_date=20240130T025950, end_date=20240130T030009
[2024-01-30T03:00:09.288+0000] {standard_task_runner.py:107} ERROR - Failed to execute job 198 for task local_job_raw_to_formatted (Cannot execute: spark-submit --master local[*] --conf spark.airflow.execution_date=2024-01-12 --name arrow-spark --class RawToFormatted --queue root.default --deploy-mode client /home/juniortemgoua0/DataLake/jobs/processes/scala/spark_process/target/scala-2.12/spark_job_2.12-0.1.0.jar hdfs://localhost:9000/data-lake. Error code is: 1.; 21521)
[2024-01-30T03:00:09.319+0000] {local_task_job_runner.py:234} INFO - Task exited with return code 1
[2024-01-30T03:00:09.335+0000] {taskinstance.py:3280} INFO - 0 downstream tasks scheduled from follow-on schedule check
