[2024-01-30T02:54:22.121+0000] {taskinstance.py:1956} INFO - Dependencies all met for dep_context=non-requeueable deps ti=<TaskInstance: manage_data_lake_dag.local_job_raw_to_formatted scheduled__2024-01-12T00:00:00+00:00 [queued]>
[2024-01-30T02:54:22.127+0000] {taskinstance.py:1956} INFO - Dependencies all met for dep_context=requeueable deps ti=<TaskInstance: manage_data_lake_dag.local_job_raw_to_formatted scheduled__2024-01-12T00:00:00+00:00 [queued]>
[2024-01-30T02:54:22.127+0000] {taskinstance.py:2170} INFO - Starting attempt 2 of 6
[2024-01-30T02:54:22.140+0000] {taskinstance.py:2191} INFO - Executing <Task(SparkSubmitOperator): local_job_raw_to_formatted> on 2024-01-12 00:00:00+00:00
[2024-01-30T02:54:22.145+0000] {standard_task_runner.py:60} INFO - Started process 18960 to run task
[2024-01-30T02:54:22.151+0000] {standard_task_runner.py:87} INFO - Running: ['airflow', 'tasks', 'run', 'manage_data_lake_dag', 'local_job_raw_to_formatted', 'scheduled__2024-01-12T00:00:00+00:00', '--job-id', '182', '--raw', '--subdir', 'DAGS_FOLDER/data_lake_dag.py', '--cfg-path', '/tmp/tmpkjxshp04']
[2024-01-30T02:54:22.153+0000] {standard_task_runner.py:88} INFO - Job 182: Subtask local_job_raw_to_formatted
[2024-01-30T02:54:22.195+0000] {task_command.py:423} INFO - Running <TaskInstance: manage_data_lake_dag.local_job_raw_to_formatted scheduled__2024-01-12T00:00:00+00:00 [running]> on host instance-1.europe-west9-a.c.data-lake-project-409321.internal
[2024-01-30T02:54:22.248+0000] {taskinstance.py:2480} INFO - Exporting env vars: AIRFLOW_CTX_DAG_OWNER='juniortemgoua0' AIRFLOW_CTX_DAG_ID='manage_data_lake_dag' AIRFLOW_CTX_TASK_ID='local_job_raw_to_formatted' AIRFLOW_CTX_EXECUTION_DATE='2024-01-12T00:00:00+00:00' AIRFLOW_CTX_TRY_NUMBER='2' AIRFLOW_CTX_DAG_RUN_ID='scheduled__2024-01-12T00:00:00+00:00'
[2024-01-30T02:54:22.255+0000] {base.py:83} INFO - Using connection ID 'spark_default' for task execution.
[2024-01-30T02:54:22.256+0000] {spark_submit.py:401} INFO - Spark-Submit cmd: spark-submit --master local[*] --conf spark.airflow.execution_date=2024-01-12 --name arrow-spark --class RawToFormatted --queue root.default --deploy-mode client /home/juniortemgoua0/DataLake/jobs/processes/scala/spark_process/target/scala-2.12/spark_job_2.12-0.1.0.jar hdfs://localhost:9000/data-lake
[2024-01-30T02:54:27.378+0000] {spark_submit.py:571} INFO - 24/01/30 02:54:27 INFO SparkContext: Running Spark version 3.5.0
[2024-01-30T02:54:27.384+0000] {spark_submit.py:571} INFO - 24/01/30 02:54:27 INFO SparkContext: OS info Linux, 5.15.0-1049-gcp, amd64
[2024-01-30T02:54:27.385+0000] {spark_submit.py:571} INFO - 24/01/30 02:54:27 INFO SparkContext: Java version 17.0.9
[2024-01-30T02:54:27.652+0000] {spark_submit.py:571} INFO - 24/01/30 02:54:27 WARN NativeCodeLoader: Unable to load native-hadoop library for your platform... using builtin-java classes where applicable
[2024-01-30T02:54:27.928+0000] {spark_submit.py:571} INFO - 24/01/30 02:54:27 INFO ResourceUtils: ==============================================================
[2024-01-30T02:54:27.930+0000] {spark_submit.py:571} INFO - 24/01/30 02:54:27 INFO ResourceUtils: No custom resources configured for spark.driver.
[2024-01-30T02:54:27.931+0000] {spark_submit.py:571} INFO - 24/01/30 02:54:27 INFO ResourceUtils: ==============================================================
[2024-01-30T02:54:27.932+0000] {spark_submit.py:571} INFO - 24/01/30 02:54:27 INFO SparkContext: Submitted application: RawToFormatted
[2024-01-30T02:54:27.980+0000] {spark_submit.py:571} INFO - 24/01/30 02:54:27 INFO ResourceProfile: Default ResourceProfile created, executor resources: Map(cores -> name: cores, amount: 1, script: , vendor: , memory -> name: memory, amount: 1024, script: , vendor: , offHeap -> name: offHeap, amount: 0, script: , vendor: ), task resources: Map(cpus -> name: cpus, amount: 1.0)
[2024-01-30T02:54:28.003+0000] {spark_submit.py:571} INFO - 24/01/30 02:54:28 INFO ResourceProfile: Limiting resource is cpu
[2024-01-30T02:54:28.005+0000] {spark_submit.py:571} INFO - 24/01/30 02:54:28 INFO ResourceProfileManager: Added ResourceProfile id: 0
[2024-01-30T02:54:28.187+0000] {spark_submit.py:571} INFO - 24/01/30 02:54:28 INFO SecurityManager: Changing view acls to: juniortemgoua0
[2024-01-30T02:54:28.189+0000] {spark_submit.py:571} INFO - 24/01/30 02:54:28 INFO SecurityManager: Changing modify acls to: juniortemgoua0
[2024-01-30T02:54:28.190+0000] {spark_submit.py:571} INFO - 24/01/30 02:54:28 INFO SecurityManager: Changing view acls groups to:
[2024-01-30T02:54:28.191+0000] {spark_submit.py:571} INFO - 24/01/30 02:54:28 INFO SecurityManager: Changing modify acls groups to:
[2024-01-30T02:54:28.192+0000] {spark_submit.py:571} INFO - 24/01/30 02:54:28 INFO SecurityManager: SecurityManager: authentication disabled; ui acls disabled; users with view permissions: juniortemgoua0; groups with view permissions: EMPTY; users with modify permissions: juniortemgoua0; groups with modify permissions: EMPTY
[2024-01-30T02:54:28.801+0000] {spark_submit.py:571} INFO - 24/01/30 02:54:28 INFO Utils: Successfully started service 'sparkDriver' on port 33729.
[2024-01-30T02:54:28.842+0000] {spark_submit.py:571} INFO - 24/01/30 02:54:28 INFO SparkEnv: Registering MapOutputTracker
[2024-01-30T02:54:28.898+0000] {spark_submit.py:571} INFO - 24/01/30 02:54:28 INFO SparkEnv: Registering BlockManagerMaster
[2024-01-30T02:54:28.926+0000] {spark_submit.py:571} INFO - 24/01/30 02:54:28 INFO BlockManagerMasterEndpoint: Using org.apache.spark.storage.DefaultTopologyMapper for getting topology information
[2024-01-30T02:54:28.928+0000] {spark_submit.py:571} INFO - 24/01/30 02:54:28 INFO BlockManagerMasterEndpoint: BlockManagerMasterEndpoint up
[2024-01-30T02:54:28.933+0000] {spark_submit.py:571} INFO - 24/01/30 02:54:28 INFO SparkEnv: Registering BlockManagerMasterHeartbeat
[2024-01-30T02:54:28.961+0000] {spark_submit.py:571} INFO - 24/01/30 02:54:28 INFO DiskBlockManager: Created local directory at /tmp/blockmgr-6b6212c8-6bb1-4dee-bc3a-4eff7d14f71b
[2024-01-30T02:54:28.981+0000] {spark_submit.py:571} INFO - 24/01/30 02:54:28 INFO MemoryStore: MemoryStore started with capacity 434.4 MiB
[2024-01-30T02:54:29.007+0000] {spark_submit.py:571} INFO - 24/01/30 02:54:29 INFO SparkEnv: Registering OutputCommitCoordinator
[2024-01-30T02:54:29.183+0000] {spark_submit.py:571} INFO - 24/01/30 02:54:29 INFO JettyUtils: Start Jetty 0.0.0.0:4040 for SparkUI
[2024-01-30T02:54:29.270+0000] {spark_submit.py:571} INFO - 24/01/30 02:54:29 INFO Utils: Successfully started service 'SparkUI' on port 4040.
[2024-01-30T02:54:29.354+0000] {spark_submit.py:571} INFO - 24/01/30 02:54:29 INFO SparkContext: Added JAR file:/home/juniortemgoua0/DataLake/jobs/processes/scala/spark_process/target/scala-2.12/spark_job_2.12-0.1.0.jar at spark://instance-1.europe-west9-a.c.data-lake-project-409321.internal:33729/jars/spark_job_2.12-0.1.0.jar with timestamp 1706583267352
[2024-01-30T02:54:29.567+0000] {spark_submit.py:571} INFO - 24/01/30 02:54:29 INFO Executor: Starting executor ID driver on host instance-1.europe-west9-a.c.data-lake-project-409321.internal
[2024-01-30T02:54:29.568+0000] {spark_submit.py:571} INFO - 24/01/30 02:54:29 INFO Executor: OS info Linux, 5.15.0-1049-gcp, amd64
[2024-01-30T02:54:29.569+0000] {spark_submit.py:571} INFO - 24/01/30 02:54:29 INFO Executor: Java version 17.0.9
[2024-01-30T02:54:29.590+0000] {spark_submit.py:571} INFO - 24/01/30 02:54:29 INFO Executor: Starting executor with user classpath (userClassPathFirst = false): ''
[2024-01-30T02:54:29.591+0000] {spark_submit.py:571} INFO - 24/01/30 02:54:29 INFO Executor: Created or updated repl class loader org.apache.spark.util.MutableURLClassLoader@6ed043d3 for default.
[2024-01-30T02:54:29.633+0000] {spark_submit.py:571} INFO - 24/01/30 02:54:29 INFO Executor: Fetching spark://instance-1.europe-west9-a.c.data-lake-project-409321.internal:33729/jars/spark_job_2.12-0.1.0.jar with timestamp 1706583267352
[2024-01-30T02:54:29.763+0000] {spark_submit.py:571} INFO - 24/01/30 02:54:29 INFO TransportClientFactory: Successfully created connection to instance-1.europe-west9-a.c.data-lake-project-409321.internal/10.200.0.5:33729 after 82 ms (0 ms spent in bootstraps)
[2024-01-30T02:54:29.782+0000] {spark_submit.py:571} INFO - 24/01/30 02:54:29 INFO Utils: Fetching spark://instance-1.europe-west9-a.c.data-lake-project-409321.internal:33729/jars/spark_job_2.12-0.1.0.jar to /tmp/spark-e26445ab-04ca-4a34-b110-133d12ef29ef/userFiles-d27c6eb0-72dc-438a-beb9-6f47b6950b96/fetchFileTemp1116244791408299411.tmp
[2024-01-30T02:54:29.822+0000] {spark_submit.py:571} INFO - 24/01/30 02:54:29 INFO Executor: Adding file:/tmp/spark-e26445ab-04ca-4a34-b110-133d12ef29ef/userFiles-d27c6eb0-72dc-438a-beb9-6f47b6950b96/spark_job_2.12-0.1.0.jar to class loader default
[2024-01-30T02:54:29.834+0000] {spark_submit.py:571} INFO - 24/01/30 02:54:29 INFO Utils: Successfully started service 'org.apache.spark.network.netty.NettyBlockTransferService' on port 37843.
[2024-01-30T02:54:29.835+0000] {spark_submit.py:571} INFO - 24/01/30 02:54:29 INFO NettyBlockTransferService: Server created on instance-1.europe-west9-a.c.data-lake-project-409321.internal:37843
[2024-01-30T02:54:29.835+0000] {spark_submit.py:571} INFO - 24/01/30 02:54:29 INFO BlockManager: Using org.apache.spark.storage.RandomBlockReplicationPolicy for block replication policy
[2024-01-30T02:54:29.844+0000] {spark_submit.py:571} INFO - 24/01/30 02:54:29 INFO BlockManagerMaster: Registering BlockManager BlockManagerId(driver, instance-1.europe-west9-a.c.data-lake-project-409321.internal, 37843, None)
[2024-01-30T02:54:29.849+0000] {spark_submit.py:571} INFO - 24/01/30 02:54:29 INFO BlockManagerMasterEndpoint: Registering block manager instance-1.europe-west9-a.c.data-lake-project-409321.internal:37843 with 434.4 MiB RAM, BlockManagerId(driver, instance-1.europe-west9-a.c.data-lake-project-409321.internal, 37843, None)
[2024-01-30T02:54:29.854+0000] {spark_submit.py:571} INFO - 24/01/30 02:54:29 INFO BlockManagerMaster: Registered BlockManager BlockManagerId(driver, instance-1.europe-west9-a.c.data-lake-project-409321.internal, 37843, None)
[2024-01-30T02:54:29.856+0000] {spark_submit.py:571} INFO - 24/01/30 02:54:29 INFO BlockManager: Initialized BlockManager: BlockManagerId(driver, instance-1.europe-west9-a.c.data-lake-project-409321.internal, 37843, None)
[2024-01-30T02:54:31.016+0000] {spark_submit.py:571} INFO - 24/01/30 02:54:31 INFO SharedState: Setting hive.metastore.warehouse.dir ('null') to the value of spark.sql.warehouse.dir.
[2024-01-30T02:54:31.025+0000] {spark_submit.py:571} INFO - 24/01/30 02:54:31 INFO SharedState: Warehouse path is 'file:/home/juniortemgoua0/DataLake/spark-warehouse'.
[2024-01-30T02:54:31.977+0000] {spark_submit.py:571} INFO - ************************************************
[2024-01-30T02:54:31.978+0000] {spark_submit.py:571} INFO - Date d'exécution  : 2024-01-12
[2024-01-30T02:54:31.978+0000] {spark_submit.py:571} INFO - ************************************************
[2024-01-30T02:54:33.212+0000] {spark_submit.py:571} INFO - Exception in thread "main" org.apache.spark.sql.AnalysisException: [PATH_NOT_FOUND] Path does not exist: hdfs://localhost:9000/data-lake/raw/football_data/competitions/2024-01-12/*.json.
[2024-01-30T02:54:33.212+0000] {spark_submit.py:571} INFO - at org.apache.spark.sql.errors.QueryCompilationErrors$.dataPathNotExistError(QueryCompilationErrors.scala:1500)
[2024-01-30T02:54:33.213+0000] {spark_submit.py:571} INFO - at org.apache.spark.sql.execution.datasources.DataSource$.$anonfun$checkAndGlobPathIfNecessary$3(DataSource.scala:743)
[2024-01-30T02:54:33.213+0000] {spark_submit.py:571} INFO - at org.apache.spark.util.ThreadUtils$.$anonfun$parmap$2(ThreadUtils.scala:380)
[2024-01-30T02:54:33.213+0000] {spark_submit.py:571} INFO - at scala.concurrent.Future$.$anonfun$apply$1(Future.scala:659)
[2024-01-30T02:54:33.213+0000] {spark_submit.py:571} INFO - at scala.util.Success.$anonfun$map$1(Try.scala:255)
[2024-01-30T02:54:33.213+0000] {spark_submit.py:571} INFO - at scala.util.Success.map(Try.scala:213)
[2024-01-30T02:54:33.213+0000] {spark_submit.py:571} INFO - at scala.concurrent.Future.$anonfun$map$1(Future.scala:292)
[2024-01-30T02:54:33.214+0000] {spark_submit.py:571} INFO - at scala.concurrent.impl.Promise.liftedTree1$1(Promise.scala:33)
[2024-01-30T02:54:33.214+0000] {spark_submit.py:571} INFO - at scala.concurrent.impl.Promise.$anonfun$transform$1(Promise.scala:33)
[2024-01-30T02:54:33.214+0000] {spark_submit.py:571} INFO - at scala.concurrent.impl.CallbackRunnable.run(Promise.scala:64)
[2024-01-30T02:54:33.214+0000] {spark_submit.py:571} INFO - at java.base/java.util.concurrent.ForkJoinTask$RunnableExecuteAction.exec(ForkJoinTask.java:1395)
[2024-01-30T02:54:33.215+0000] {spark_submit.py:571} INFO - at java.base/java.util.concurrent.ForkJoinTask.doExec(ForkJoinTask.java:373)
[2024-01-30T02:54:33.215+0000] {spark_submit.py:571} INFO - at java.base/java.util.concurrent.ForkJoinPool$WorkQueue.topLevelExec(ForkJoinPool.java:1182)
[2024-01-30T02:54:33.215+0000] {spark_submit.py:571} INFO - at java.base/java.util.concurrent.ForkJoinPool.scan(ForkJoinPool.java:1655)
[2024-01-30T02:54:33.215+0000] {spark_submit.py:571} INFO - at java.base/java.util.concurrent.ForkJoinPool.runWorker(ForkJoinPool.java:1622)
[2024-01-30T02:54:33.215+0000] {spark_submit.py:571} INFO - at java.base/java.util.concurrent.ForkJoinWorkerThread.run(ForkJoinWorkerThread.java:165)
[2024-01-30T02:54:33.222+0000] {spark_submit.py:571} INFO - 24/01/30 02:54:33 INFO SparkContext: Invoking stop() from shutdown hook
[2024-01-30T02:54:33.223+0000] {spark_submit.py:571} INFO - 24/01/30 02:54:33 INFO SparkContext: SparkContext is stopping with exitCode 0.
[2024-01-30T02:54:33.237+0000] {spark_submit.py:571} INFO - 24/01/30 02:54:33 INFO SparkUI: Stopped Spark web UI at http://instance-1.europe-west9-a.c.data-lake-project-409321.internal:4040
[2024-01-30T02:54:33.257+0000] {spark_submit.py:571} INFO - 24/01/30 02:54:33 INFO MapOutputTrackerMasterEndpoint: MapOutputTrackerMasterEndpoint stopped!
[2024-01-30T02:54:33.272+0000] {spark_submit.py:571} INFO - 24/01/30 02:54:33 INFO MemoryStore: MemoryStore cleared
[2024-01-30T02:54:33.273+0000] {spark_submit.py:571} INFO - 24/01/30 02:54:33 INFO BlockManager: BlockManager stopped
[2024-01-30T02:54:33.281+0000] {spark_submit.py:571} INFO - 24/01/30 02:54:33 INFO BlockManagerMaster: BlockManagerMaster stopped
[2024-01-30T02:54:33.285+0000] {spark_submit.py:571} INFO - 24/01/30 02:54:33 INFO OutputCommitCoordinator$OutputCommitCoordinatorEndpoint: OutputCommitCoordinator stopped!
[2024-01-30T02:54:33.295+0000] {spark_submit.py:571} INFO - 24/01/30 02:54:33 INFO SparkContext: Successfully stopped SparkContext
[2024-01-30T02:54:33.295+0000] {spark_submit.py:571} INFO - 24/01/30 02:54:33 INFO ShutdownHookManager: Shutdown hook called
[2024-01-30T02:54:33.298+0000] {spark_submit.py:571} INFO - 24/01/30 02:54:33 INFO ShutdownHookManager: Deleting directory /tmp/spark-e26445ab-04ca-4a34-b110-133d12ef29ef
[2024-01-30T02:54:33.303+0000] {spark_submit.py:571} INFO - 24/01/30 02:54:33 INFO ShutdownHookManager: Deleting directory /tmp/spark-62ea0eef-459b-4376-9531-8ddea2858069
[2024-01-30T02:54:33.358+0000] {taskinstance.py:2698} ERROR - Task failed with exception
Traceback (most recent call last):
  File "/home/juniortemgoua0/DataLake/venv/lib/python3.8/site-packages/airflow/models/taskinstance.py", line 433, in _execute_task
    result = execute_callable(context=context, **execute_callable_kwargs)
  File "/home/juniortemgoua0/DataLake/venv/lib/python3.8/site-packages/airflow/providers/apache/spark/operators/spark_submit.py", line 174, in execute
    self._hook.submit(self._application)
  File "/home/juniortemgoua0/DataLake/venv/lib/python3.8/site-packages/airflow/providers/apache/spark/hooks/spark_submit.py", line 502, in submit
    raise AirflowException(
airflow.exceptions.AirflowException: Cannot execute: spark-submit --master local[*] --conf spark.airflow.execution_date=2024-01-12 --name arrow-spark --class RawToFormatted --queue root.default --deploy-mode client /home/juniortemgoua0/DataLake/jobs/processes/scala/spark_process/target/scala-2.12/spark_job_2.12-0.1.0.jar hdfs://localhost:9000/data-lake. Error code is: 1.
[2024-01-30T02:54:33.361+0000] {taskinstance.py:1138} INFO - Marking task as UP_FOR_RETRY. dag_id=manage_data_lake_dag, task_id=local_job_raw_to_formatted, execution_date=20240112T000000, start_date=20240130T025422, end_date=20240130T025433
[2024-01-30T02:54:33.375+0000] {standard_task_runner.py:107} ERROR - Failed to execute job 182 for task local_job_raw_to_formatted (Cannot execute: spark-submit --master local[*] --conf spark.airflow.execution_date=2024-01-12 --name arrow-spark --class RawToFormatted --queue root.default --deploy-mode client /home/juniortemgoua0/DataLake/jobs/processes/scala/spark_process/target/scala-2.12/spark_job_2.12-0.1.0.jar hdfs://localhost:9000/data-lake. Error code is: 1.; 18960)
[2024-01-30T02:54:33.418+0000] {local_task_job_runner.py:234} INFO - Task exited with return code 1
[2024-01-30T02:54:33.442+0000] {taskinstance.py:3280} INFO - 0 downstream tasks scheduled from follow-on schedule check
[2024-01-30T03:26:18.845+0000] {taskinstance.py:1956} INFO - Dependencies all met for dep_context=non-requeueable deps ti=<TaskInstance: manage_data_lake_dag.local_job_raw_to_formatted scheduled__2024-01-12T00:00:00+00:00 [queued]>
[2024-01-30T03:26:18.851+0000] {taskinstance.py:1956} INFO - Dependencies all met for dep_context=requeueable deps ti=<TaskInstance: manage_data_lake_dag.local_job_raw_to_formatted scheduled__2024-01-12T00:00:00+00:00 [queued]>
[2024-01-30T03:26:18.851+0000] {taskinstance.py:2170} INFO - Starting attempt 2 of 6
[2024-01-30T03:26:18.864+0000] {taskinstance.py:2191} INFO - Executing <Task(SparkSubmitOperator): local_job_raw_to_formatted> on 2024-01-12 00:00:00+00:00
[2024-01-30T03:26:18.869+0000] {standard_task_runner.py:60} INFO - Started process 32271 to run task
[2024-01-30T03:26:18.874+0000] {standard_task_runner.py:87} INFO - Running: ['airflow', 'tasks', 'run', 'manage_data_lake_dag', 'local_job_raw_to_formatted', 'scheduled__2024-01-12T00:00:00+00:00', '--job-id', '184', '--raw', '--subdir', 'DAGS_FOLDER/data_lake_dag.py', '--cfg-path', '/tmp/tmpeyj84b28']
[2024-01-30T03:26:18.877+0000] {standard_task_runner.py:88} INFO - Job 184: Subtask local_job_raw_to_formatted
[2024-01-30T03:26:18.920+0000] {task_command.py:423} INFO - Running <TaskInstance: manage_data_lake_dag.local_job_raw_to_formatted scheduled__2024-01-12T00:00:00+00:00 [running]> on host instance-1.europe-west9-a.c.data-lake-project-409321.internal
[2024-01-30T03:26:18.972+0000] {taskinstance.py:2480} INFO - Exporting env vars: AIRFLOW_CTX_DAG_OWNER='juniortemgoua0' AIRFLOW_CTX_DAG_ID='manage_data_lake_dag' AIRFLOW_CTX_TASK_ID='local_job_raw_to_formatted' AIRFLOW_CTX_EXECUTION_DATE='2024-01-12T00:00:00+00:00' AIRFLOW_CTX_TRY_NUMBER='2' AIRFLOW_CTX_DAG_RUN_ID='scheduled__2024-01-12T00:00:00+00:00'
[2024-01-30T03:26:18.979+0000] {base.py:83} INFO - Using connection ID 'spark_default' for task execution.
[2024-01-30T03:26:18.981+0000] {spark_submit.py:401} INFO - Spark-Submit cmd: spark-submit --master local[*] --conf spark.airflow.execution_date=2024-01-12 --name arrow-spark --class RawToFormatted --queue root.default --deploy-mode client /home/juniortemgoua0/DataLake/jobs/processes/scala/spark_process/target/scala-2.12/spark_job_2.12-0.1.0.jar hdfs://localhost:9000/data-lake
[2024-01-30T03:26:21.952+0000] {spark_submit.py:571} INFO - 24/01/30 03:26:21 INFO SparkContext: Running Spark version 3.5.0
[2024-01-30T03:26:21.955+0000] {spark_submit.py:571} INFO - 24/01/30 03:26:21 INFO SparkContext: OS info Linux, 5.15.0-1049-gcp, amd64
[2024-01-30T03:26:21.956+0000] {spark_submit.py:571} INFO - 24/01/30 03:26:21 INFO SparkContext: Java version 17.0.9
[2024-01-30T03:26:22.075+0000] {spark_submit.py:571} INFO - 24/01/30 03:26:22 WARN NativeCodeLoader: Unable to load native-hadoop library for your platform... using builtin-java classes where applicable
[2024-01-30T03:26:22.199+0000] {spark_submit.py:571} INFO - 24/01/30 03:26:22 INFO ResourceUtils: ==============================================================
[2024-01-30T03:26:22.200+0000] {spark_submit.py:571} INFO - 24/01/30 03:26:22 INFO ResourceUtils: No custom resources configured for spark.driver.
[2024-01-30T03:26:22.201+0000] {spark_submit.py:571} INFO - 24/01/30 03:26:22 INFO ResourceUtils: ==============================================================
[2024-01-30T03:26:22.202+0000] {spark_submit.py:571} INFO - 24/01/30 03:26:22 INFO SparkContext: Submitted application: RawToFormatted
[2024-01-30T03:26:22.231+0000] {spark_submit.py:571} INFO - 24/01/30 03:26:22 INFO ResourceProfile: Default ResourceProfile created, executor resources: Map(cores -> name: cores, amount: 1, script: , vendor: , memory -> name: memory, amount: 1024, script: , vendor: , offHeap -> name: offHeap, amount: 0, script: , vendor: ), task resources: Map(cpus -> name: cpus, amount: 1.0)
[2024-01-30T03:26:22.243+0000] {spark_submit.py:571} INFO - 24/01/30 03:26:22 INFO ResourceProfile: Limiting resource is cpu
[2024-01-30T03:26:22.245+0000] {spark_submit.py:571} INFO - 24/01/30 03:26:22 INFO ResourceProfileManager: Added ResourceProfile id: 0
[2024-01-30T03:26:22.314+0000] {spark_submit.py:571} INFO - 24/01/30 03:26:22 INFO SecurityManager: Changing view acls to: juniortemgoua0
[2024-01-30T03:26:22.315+0000] {spark_submit.py:571} INFO - 24/01/30 03:26:22 INFO SecurityManager: Changing modify acls to: juniortemgoua0
[2024-01-30T03:26:22.316+0000] {spark_submit.py:571} INFO - 24/01/30 03:26:22 INFO SecurityManager: Changing view acls groups to:
[2024-01-30T03:26:22.317+0000] {spark_submit.py:571} INFO - 24/01/30 03:26:22 INFO SecurityManager: Changing modify acls groups to:
[2024-01-30T03:26:22.318+0000] {spark_submit.py:571} INFO - 24/01/30 03:26:22 INFO SecurityManager: SecurityManager: authentication disabled; ui acls disabled; users with view permissions: juniortemgoua0; groups with view permissions: EMPTY; users with modify permissions: juniortemgoua0; groups with modify permissions: EMPTY
[2024-01-30T03:26:22.657+0000] {spark_submit.py:571} INFO - 24/01/30 03:26:22 INFO Utils: Successfully started service 'sparkDriver' on port 36317.
[2024-01-30T03:26:22.703+0000] {spark_submit.py:571} INFO - 24/01/30 03:26:22 INFO SparkEnv: Registering MapOutputTracker
[2024-01-30T03:26:22.768+0000] {spark_submit.py:571} INFO - 24/01/30 03:26:22 INFO SparkEnv: Registering BlockManagerMaster
[2024-01-30T03:26:22.810+0000] {spark_submit.py:571} INFO - 24/01/30 03:26:22 INFO BlockManagerMasterEndpoint: Using org.apache.spark.storage.DefaultTopologyMapper for getting topology information
[2024-01-30T03:26:22.813+0000] {spark_submit.py:571} INFO - 24/01/30 03:26:22 INFO BlockManagerMasterEndpoint: BlockManagerMasterEndpoint up
[2024-01-30T03:26:22.820+0000] {spark_submit.py:571} INFO - 24/01/30 03:26:22 INFO SparkEnv: Registering BlockManagerMasterHeartbeat
[2024-01-30T03:26:22.852+0000] {spark_submit.py:571} INFO - 24/01/30 03:26:22 INFO DiskBlockManager: Created local directory at /tmp/blockmgr-7ade6eba-8c2d-4a18-ab0c-9f7382135377
[2024-01-30T03:26:22.881+0000] {spark_submit.py:571} INFO - 24/01/30 03:26:22 INFO MemoryStore: MemoryStore started with capacity 434.4 MiB
[2024-01-30T03:26:22.904+0000] {spark_submit.py:571} INFO - 24/01/30 03:26:22 INFO SparkEnv: Registering OutputCommitCoordinator
[2024-01-30T03:26:23.092+0000] {spark_submit.py:571} INFO - 24/01/30 03:26:23 INFO JettyUtils: Start Jetty 0.0.0.0:4040 for SparkUI
[2024-01-30T03:26:23.179+0000] {spark_submit.py:571} INFO - 24/01/30 03:26:23 INFO Utils: Successfully started service 'SparkUI' on port 4040.
[2024-01-30T03:26:23.249+0000] {spark_submit.py:571} INFO - 24/01/30 03:26:23 INFO SparkContext: Added JAR file:/home/juniortemgoua0/DataLake/jobs/processes/scala/spark_process/target/scala-2.12/spark_job_2.12-0.1.0.jar at spark://instance-1.europe-west9-a.c.data-lake-project-409321.internal:36317/jars/spark_job_2.12-0.1.0.jar with timestamp 1706585181931
[2024-01-30T03:26:23.362+0000] {spark_submit.py:571} INFO - 24/01/30 03:26:23 INFO Executor: Starting executor ID driver on host instance-1.europe-west9-a.c.data-lake-project-409321.internal
[2024-01-30T03:26:23.363+0000] {spark_submit.py:571} INFO - 24/01/30 03:26:23 INFO Executor: OS info Linux, 5.15.0-1049-gcp, amd64
[2024-01-30T03:26:23.363+0000] {spark_submit.py:571} INFO - 24/01/30 03:26:23 INFO Executor: Java version 17.0.9
[2024-01-30T03:26:23.393+0000] {spark_submit.py:571} INFO - 24/01/30 03:26:23 INFO Executor: Starting executor with user classpath (userClassPathFirst = false): ''
[2024-01-30T03:26:23.394+0000] {spark_submit.py:571} INFO - 24/01/30 03:26:23 INFO Executor: Created or updated repl class loader org.apache.spark.util.MutableURLClassLoader@6ed043d3 for default.
[2024-01-30T03:26:23.416+0000] {spark_submit.py:571} INFO - 24/01/30 03:26:23 INFO Executor: Fetching spark://instance-1.europe-west9-a.c.data-lake-project-409321.internal:36317/jars/spark_job_2.12-0.1.0.jar with timestamp 1706585181931
[2024-01-30T03:26:23.563+0000] {spark_submit.py:571} INFO - 24/01/30 03:26:23 INFO TransportClientFactory: Successfully created connection to instance-1.europe-west9-a.c.data-lake-project-409321.internal/10.200.0.5:36317 after 59 ms (0 ms spent in bootstraps)
[2024-01-30T03:26:23.580+0000] {spark_submit.py:571} INFO - 24/01/30 03:26:23 INFO Utils: Fetching spark://instance-1.europe-west9-a.c.data-lake-project-409321.internal:36317/jars/spark_job_2.12-0.1.0.jar to /tmp/spark-20b3eb75-8a5f-4cef-8598-70f359899048/userFiles-8d812a4d-bb53-4b72-811b-a84d3b07154a/fetchFileTemp6767512864603640468.tmp
[2024-01-30T03:26:23.622+0000] {spark_submit.py:571} INFO - 24/01/30 03:26:23 INFO Executor: Adding file:/tmp/spark-20b3eb75-8a5f-4cef-8598-70f359899048/userFiles-8d812a4d-bb53-4b72-811b-a84d3b07154a/spark_job_2.12-0.1.0.jar to class loader default
[2024-01-30T03:26:23.634+0000] {spark_submit.py:571} INFO - 24/01/30 03:26:23 INFO Utils: Successfully started service 'org.apache.spark.network.netty.NettyBlockTransferService' on port 37575.
[2024-01-30T03:26:23.635+0000] {spark_submit.py:571} INFO - 24/01/30 03:26:23 INFO NettyBlockTransferService: Server created on instance-1.europe-west9-a.c.data-lake-project-409321.internal:37575
[2024-01-30T03:26:23.635+0000] {spark_submit.py:571} INFO - 24/01/30 03:26:23 INFO BlockManager: Using org.apache.spark.storage.RandomBlockReplicationPolicy for block replication policy
[2024-01-30T03:26:23.644+0000] {spark_submit.py:571} INFO - 24/01/30 03:26:23 INFO BlockManagerMaster: Registering BlockManager BlockManagerId(driver, instance-1.europe-west9-a.c.data-lake-project-409321.internal, 37575, None)
[2024-01-30T03:26:23.649+0000] {spark_submit.py:571} INFO - 24/01/30 03:26:23 INFO BlockManagerMasterEndpoint: Registering block manager instance-1.europe-west9-a.c.data-lake-project-409321.internal:37575 with 434.4 MiB RAM, BlockManagerId(driver, instance-1.europe-west9-a.c.data-lake-project-409321.internal, 37575, None)
[2024-01-30T03:26:23.652+0000] {spark_submit.py:571} INFO - 24/01/30 03:26:23 INFO BlockManagerMaster: Registered BlockManager BlockManagerId(driver, instance-1.europe-west9-a.c.data-lake-project-409321.internal, 37575, None)
[2024-01-30T03:26:23.654+0000] {spark_submit.py:571} INFO - 24/01/30 03:26:23 INFO BlockManager: Initialized BlockManager: BlockManagerId(driver, instance-1.europe-west9-a.c.data-lake-project-409321.internal, 37575, None)
[2024-01-30T03:26:24.639+0000] {spark_submit.py:571} INFO - 24/01/30 03:26:24 INFO SharedState: Setting hive.metastore.warehouse.dir ('null') to the value of spark.sql.warehouse.dir.
[2024-01-30T03:26:24.648+0000] {spark_submit.py:571} INFO - 24/01/30 03:26:24 INFO SharedState: Warehouse path is 'file:/home/juniortemgoua0/DataLake/spark-warehouse'.
[2024-01-30T03:26:25.645+0000] {spark_submit.py:571} INFO - ************************************************
[2024-01-30T03:26:25.646+0000] {spark_submit.py:571} INFO - Date d'exécution  : 2024-01-12
[2024-01-30T03:26:25.646+0000] {spark_submit.py:571} INFO - ************************************************
[2024-01-30T03:26:26.186+0000] {spark_submit.py:571} INFO - 24/01/30 03:26:26 WARN FileStreamSink: Assume no metadata directory. Error while looking for metadata directory in the path: hdfs://localhost:9000/data-lake/raw/football_data/competitions/2024-01-12/*.json.
[2024-01-30T03:26:26.187+0000] {spark_submit.py:571} INFO - java.net.ConnectException: Call From instance-1/10.200.0.5 to localhost:9000 failed on connection exception: java.net.ConnectException: Connection refused; For more details see:  http://wiki.apache.org/hadoop/ConnectionRefused
[2024-01-30T03:26:26.187+0000] {spark_submit.py:571} INFO - at java.base/jdk.internal.reflect.NativeConstructorAccessorImpl.newInstance0(Native Method)
[2024-01-30T03:26:26.187+0000] {spark_submit.py:571} INFO - at java.base/jdk.internal.reflect.NativeConstructorAccessorImpl.newInstance(NativeConstructorAccessorImpl.java:77)
[2024-01-30T03:26:26.187+0000] {spark_submit.py:571} INFO - at java.base/jdk.internal.reflect.DelegatingConstructorAccessorImpl.newInstance(DelegatingConstructorAccessorImpl.java:45)
[2024-01-30T03:26:26.188+0000] {spark_submit.py:571} INFO - at java.base/java.lang.reflect.Constructor.newInstanceWithCaller(Constructor.java:499)
[2024-01-30T03:26:26.188+0000] {spark_submit.py:571} INFO - at java.base/java.lang.reflect.Constructor.newInstance(Constructor.java:480)
[2024-01-30T03:26:26.188+0000] {spark_submit.py:571} INFO - at org.apache.hadoop.net.NetUtils.wrapWithMessage(NetUtils.java:913)
[2024-01-30T03:26:26.188+0000] {spark_submit.py:571} INFO - at org.apache.hadoop.net.NetUtils.wrapException(NetUtils.java:828)
[2024-01-30T03:26:26.188+0000] {spark_submit.py:571} INFO - at org.apache.hadoop.ipc.Client.getRpcResponse(Client.java:1616)
[2024-01-30T03:26:26.188+0000] {spark_submit.py:571} INFO - at org.apache.hadoop.ipc.Client.call(Client.java:1558)
[2024-01-30T03:26:26.189+0000] {spark_submit.py:571} INFO - at org.apache.hadoop.ipc.Client.call(Client.java:1455)
[2024-01-30T03:26:26.189+0000] {spark_submit.py:571} INFO - at org.apache.hadoop.ipc.ProtobufRpcEngine2$Invoker.invoke(ProtobufRpcEngine2.java:242)
[2024-01-30T03:26:26.189+0000] {spark_submit.py:571} INFO - at org.apache.hadoop.ipc.ProtobufRpcEngine2$Invoker.invoke(ProtobufRpcEngine2.java:129)
[2024-01-30T03:26:26.189+0000] {spark_submit.py:571} INFO - at jdk.proxy2/jdk.proxy2.$Proxy34.getFileInfo(Unknown Source)
[2024-01-30T03:26:26.189+0000] {spark_submit.py:571} INFO - at org.apache.hadoop.hdfs.protocolPB.ClientNamenodeProtocolTranslatorPB.getFileInfo(ClientNamenodeProtocolTranslatorPB.java:965)
[2024-01-30T03:26:26.189+0000] {spark_submit.py:571} INFO - at java.base/jdk.internal.reflect.NativeMethodAccessorImpl.invoke0(Native Method)
[2024-01-30T03:26:26.189+0000] {spark_submit.py:571} INFO - at java.base/jdk.internal.reflect.NativeMethodAccessorImpl.invoke(NativeMethodAccessorImpl.java:77)
[2024-01-30T03:26:26.190+0000] {spark_submit.py:571} INFO - at java.base/jdk.internal.reflect.DelegatingMethodAccessorImpl.invoke(DelegatingMethodAccessorImpl.java:43)
[2024-01-30T03:26:26.190+0000] {spark_submit.py:571} INFO - at java.base/java.lang.reflect.Method.invoke(Method.java:568)
[2024-01-30T03:26:26.190+0000] {spark_submit.py:571} INFO - at org.apache.hadoop.io.retry.RetryInvocationHandler.invokeMethod(RetryInvocationHandler.java:422)
[2024-01-30T03:26:26.190+0000] {spark_submit.py:571} INFO - at org.apache.hadoop.io.retry.RetryInvocationHandler$Call.invokeMethod(RetryInvocationHandler.java:165)
[2024-01-30T03:26:26.190+0000] {spark_submit.py:571} INFO - at org.apache.hadoop.io.retry.RetryInvocationHandler$Call.invoke(RetryInvocationHandler.java:157)
[2024-01-30T03:26:26.191+0000] {spark_submit.py:571} INFO - at org.apache.hadoop.io.retry.RetryInvocationHandler$Call.invokeOnce(RetryInvocationHandler.java:95)
[2024-01-30T03:26:26.191+0000] {spark_submit.py:571} INFO - at org.apache.hadoop.io.retry.RetryInvocationHandler.invoke(RetryInvocationHandler.java:359)
[2024-01-30T03:26:26.191+0000] {spark_submit.py:571} INFO - at jdk.proxy2/jdk.proxy2.$Proxy35.getFileInfo(Unknown Source)
[2024-01-30T03:26:26.193+0000] {spark_submit.py:571} INFO - at org.apache.hadoop.hdfs.DFSClient.getFileInfo(DFSClient.java:1739)
[2024-01-30T03:26:26.193+0000] {spark_submit.py:571} INFO - at org.apache.hadoop.hdfs.DistributedFileSystem$29.doCall(DistributedFileSystem.java:1753)
[2024-01-30T03:26:26.193+0000] {spark_submit.py:571} INFO - at org.apache.hadoop.hdfs.DistributedFileSystem$29.doCall(DistributedFileSystem.java:1750)
[2024-01-30T03:26:26.193+0000] {spark_submit.py:571} INFO - at org.apache.hadoop.fs.FileSystemLinkResolver.resolve(FileSystemLinkResolver.java:81)
[2024-01-30T03:26:26.193+0000] {spark_submit.py:571} INFO - at org.apache.hadoop.hdfs.DistributedFileSystem.getFileStatus(DistributedFileSystem.java:1765)
[2024-01-30T03:26:26.195+0000] {spark_submit.py:571} INFO - at org.apache.hadoop.fs.FileSystem.isDirectory(FileSystem.java:1777)
[2024-01-30T03:26:26.195+0000] {spark_submit.py:571} INFO - at org.apache.spark.sql.execution.streaming.FileStreamSink$.hasMetadata(FileStreamSink.scala:54)
[2024-01-30T03:26:26.195+0000] {spark_submit.py:571} INFO - at org.apache.spark.sql.execution.datasources.DataSource.resolveRelation(DataSource.scala:366)
[2024-01-30T03:26:26.195+0000] {spark_submit.py:571} INFO - at org.apache.spark.sql.DataFrameReader.loadV1Source(DataFrameReader.scala:229)
[2024-01-30T03:26:26.196+0000] {spark_submit.py:571} INFO - at org.apache.spark.sql.DataFrameReader.$anonfun$load$2(DataFrameReader.scala:211)
[2024-01-30T03:26:26.198+0000] {spark_submit.py:571} INFO - at scala.Option.getOrElse(Option.scala:189)
[2024-01-30T03:26:26.198+0000] {spark_submit.py:571} INFO - at org.apache.spark.sql.DataFrameReader.load(DataFrameReader.scala:211)
[2024-01-30T03:26:26.198+0000] {spark_submit.py:571} INFO - at org.apache.spark.sql.DataFrameReader.json(DataFrameReader.scala:362)
[2024-01-30T03:26:26.199+0000] {spark_submit.py:571} INFO - at org.apache.spark.sql.DataFrameReader.json(DataFrameReader.scala:341)
[2024-01-30T03:26:26.199+0000] {spark_submit.py:571} INFO - at RawToFormatted$.formattedCompetition(RawToFormatted.scala:39)
[2024-01-30T03:26:26.201+0000] {spark_submit.py:571} INFO - at RawToFormatted$.main(RawToFormatted.scala:26)
[2024-01-30T03:26:26.201+0000] {spark_submit.py:571} INFO - at RawToFormatted.main(RawToFormatted.scala)
[2024-01-30T03:26:26.203+0000] {spark_submit.py:571} INFO - at java.base/jdk.internal.reflect.NativeMethodAccessorImpl.invoke0(Native Method)
[2024-01-30T03:26:26.204+0000] {spark_submit.py:571} INFO - at java.base/jdk.internal.reflect.NativeMethodAccessorImpl.invoke(NativeMethodAccessorImpl.java:77)
[2024-01-30T03:26:26.204+0000] {spark_submit.py:571} INFO - at java.base/jdk.internal.reflect.DelegatingMethodAccessorImpl.invoke(DelegatingMethodAccessorImpl.java:43)
[2024-01-30T03:26:26.204+0000] {spark_submit.py:571} INFO - at java.base/java.lang.reflect.Method.invoke(Method.java:568)
[2024-01-30T03:26:26.204+0000] {spark_submit.py:571} INFO - at org.apache.spark.deploy.JavaMainApplication.start(SparkApplication.scala:52)
[2024-01-30T03:26:26.204+0000] {spark_submit.py:571} INFO - at org.apache.spark.deploy.SparkSubmit.org$apache$spark$deploy$SparkSubmit$$runMain(SparkSubmit.scala:1029)
[2024-01-30T03:26:26.207+0000] {spark_submit.py:571} INFO - at org.apache.spark.deploy.SparkSubmit.doRunMain$1(SparkSubmit.scala:194)
[2024-01-30T03:26:26.207+0000] {spark_submit.py:571} INFO - at org.apache.spark.deploy.SparkSubmit.submit(SparkSubmit.scala:217)
[2024-01-30T03:26:26.207+0000] {spark_submit.py:571} INFO - at org.apache.spark.deploy.SparkSubmit.doSubmit(SparkSubmit.scala:91)
[2024-01-30T03:26:26.207+0000] {spark_submit.py:571} INFO - at org.apache.spark.deploy.SparkSubmit$$anon$2.doSubmit(SparkSubmit.scala:1120)
[2024-01-30T03:26:26.208+0000] {spark_submit.py:571} INFO - at org.apache.spark.deploy.SparkSubmit$.main(SparkSubmit.scala:1129)
[2024-01-30T03:26:26.208+0000] {spark_submit.py:571} INFO - at org.apache.spark.deploy.SparkSubmit.main(SparkSubmit.scala)
[2024-01-30T03:26:26.208+0000] {spark_submit.py:571} INFO - Caused by: java.net.ConnectException: Connection refused
[2024-01-30T03:26:26.208+0000] {spark_submit.py:571} INFO - at java.base/sun.nio.ch.Net.pollConnect(Native Method)
[2024-01-30T03:26:26.208+0000] {spark_submit.py:571} INFO - at java.base/sun.nio.ch.Net.pollConnectNow(Net.java:672)
[2024-01-30T03:26:26.209+0000] {spark_submit.py:571} INFO - at java.base/sun.nio.ch.SocketChannelImpl.finishConnect(SocketChannelImpl.java:946)
[2024-01-30T03:26:26.209+0000] {spark_submit.py:571} INFO - at org.apache.hadoop.net.SocketIOWithTimeout.connect(SocketIOWithTimeout.java:205)
[2024-01-30T03:26:26.209+0000] {spark_submit.py:571} INFO - at org.apache.hadoop.net.NetUtils.connect(NetUtils.java:586)
[2024-01-30T03:26:26.209+0000] {spark_submit.py:571} INFO - at org.apache.hadoop.ipc.Client$Connection.setupConnection(Client.java:711)
[2024-01-30T03:26:26.209+0000] {spark_submit.py:571} INFO - at org.apache.hadoop.ipc.Client$Connection.setupIOstreams(Client.java:833)
[2024-01-30T03:26:26.209+0000] {spark_submit.py:571} INFO - at org.apache.hadoop.ipc.Client$Connection.access$3800(Client.java:414)
[2024-01-30T03:26:26.210+0000] {spark_submit.py:571} INFO - at org.apache.hadoop.ipc.Client.getConnection(Client.java:1677)
[2024-01-30T03:26:26.210+0000] {spark_submit.py:571} INFO - at org.apache.hadoop.ipc.Client.call(Client.java:1502)
[2024-01-30T03:26:26.210+0000] {spark_submit.py:571} INFO - ... 44 more
[2024-01-30T03:26:26.236+0000] {spark_submit.py:571} INFO - Exception in thread "main" java.net.ConnectException: Call From instance-1/10.200.0.5 to localhost:9000 failed on connection exception: java.net.ConnectException: Connection refused; For more details see:  http://wiki.apache.org/hadoop/ConnectionRefused
[2024-01-30T03:26:26.237+0000] {spark_submit.py:571} INFO - at java.base/jdk.internal.reflect.NativeConstructorAccessorImpl.newInstance0(Native Method)
[2024-01-30T03:26:26.237+0000] {spark_submit.py:571} INFO - at java.base/jdk.internal.reflect.NativeConstructorAccessorImpl.newInstance(NativeConstructorAccessorImpl.java:77)
[2024-01-30T03:26:26.237+0000] {spark_submit.py:571} INFO - at java.base/jdk.internal.reflect.DelegatingConstructorAccessorImpl.newInstance(DelegatingConstructorAccessorImpl.java:45)
[2024-01-30T03:26:26.237+0000] {spark_submit.py:571} INFO - at java.base/java.lang.reflect.Constructor.newInstanceWithCaller(Constructor.java:499)
[2024-01-30T03:26:26.237+0000] {spark_submit.py:571} INFO - at java.base/java.lang.reflect.Constructor.newInstance(Constructor.java:480)
[2024-01-30T03:26:26.237+0000] {spark_submit.py:571} INFO - at org.apache.hadoop.net.NetUtils.wrapWithMessage(NetUtils.java:913)
[2024-01-30T03:26:26.238+0000] {spark_submit.py:571} INFO - at org.apache.hadoop.net.NetUtils.wrapException(NetUtils.java:828)
[2024-01-30T03:26:26.238+0000] {spark_submit.py:571} INFO - at org.apache.hadoop.ipc.Client.getRpcResponse(Client.java:1616)
[2024-01-30T03:26:26.238+0000] {spark_submit.py:571} INFO - at org.apache.hadoop.ipc.Client.call(Client.java:1558)
[2024-01-30T03:26:26.238+0000] {spark_submit.py:571} INFO - at org.apache.hadoop.ipc.Client.call(Client.java:1455)
[2024-01-30T03:26:26.239+0000] {spark_submit.py:571} INFO - at org.apache.hadoop.ipc.ProtobufRpcEngine2$Invoker.invoke(ProtobufRpcEngine2.java:242)
[2024-01-30T03:26:26.239+0000] {spark_submit.py:571} INFO - at org.apache.hadoop.ipc.ProtobufRpcEngine2$Invoker.invoke(ProtobufRpcEngine2.java:129)
[2024-01-30T03:26:26.239+0000] {spark_submit.py:571} INFO - at jdk.proxy2/jdk.proxy2.$Proxy34.getListing(Unknown Source)
[2024-01-30T03:26:26.239+0000] {spark_submit.py:571} INFO - at org.apache.hadoop.hdfs.protocolPB.ClientNamenodeProtocolTranslatorPB.getListing(ClientNamenodeProtocolTranslatorPB.java:688)
[2024-01-30T03:26:26.239+0000] {spark_submit.py:571} INFO - at java.base/jdk.internal.reflect.NativeMethodAccessorImpl.invoke0(Native Method)
[2024-01-30T03:26:26.239+0000] {spark_submit.py:571} INFO - at java.base/jdk.internal.reflect.NativeMethodAccessorImpl.invoke(NativeMethodAccessorImpl.java:77)
[2024-01-30T03:26:26.240+0000] {spark_submit.py:571} INFO - at java.base/jdk.internal.reflect.DelegatingMethodAccessorImpl.invoke(DelegatingMethodAccessorImpl.java:43)
[2024-01-30T03:26:26.240+0000] {spark_submit.py:571} INFO - at java.base/java.lang.reflect.Method.invoke(Method.java:568)
[2024-01-30T03:26:26.240+0000] {spark_submit.py:571} INFO - at org.apache.hadoop.io.retry.RetryInvocationHandler.invokeMethod(RetryInvocationHandler.java:422)
[2024-01-30T03:26:26.240+0000] {spark_submit.py:571} INFO - at org.apache.hadoop.io.retry.RetryInvocationHandler$Call.invokeMethod(RetryInvocationHandler.java:165)
[2024-01-30T03:26:26.241+0000] {spark_submit.py:571} INFO - at org.apache.hadoop.io.retry.RetryInvocationHandler$Call.invoke(RetryInvocationHandler.java:157)
[2024-01-30T03:26:26.241+0000] {spark_submit.py:571} INFO - at org.apache.hadoop.io.retry.RetryInvocationHandler$Call.invokeOnce(RetryInvocationHandler.java:95)
[2024-01-30T03:26:26.241+0000] {spark_submit.py:571} INFO - at org.apache.hadoop.io.retry.RetryInvocationHandler.invoke(RetryInvocationHandler.java:359)
[2024-01-30T03:26:26.241+0000] {spark_submit.py:571} INFO - at jdk.proxy2/jdk.proxy2.$Proxy35.getListing(Unknown Source)
[2024-01-30T03:26:26.241+0000] {spark_submit.py:571} INFO - at org.apache.hadoop.hdfs.DFSClient.listPaths(DFSClient.java:1702)
[2024-01-30T03:26:26.242+0000] {spark_submit.py:571} INFO - at org.apache.hadoop.hdfs.DFSClient.listPaths(DFSClient.java:1686)
[2024-01-30T03:26:26.242+0000] {spark_submit.py:571} INFO - at org.apache.hadoop.hdfs.DistributedFileSystem.listStatusInternal(DistributedFileSystem.java:1100)
[2024-01-30T03:26:26.242+0000] {spark_submit.py:571} INFO - at org.apache.hadoop.hdfs.DistributedFileSystem.access$600(DistributedFileSystem.java:147)
[2024-01-30T03:26:26.242+0000] {spark_submit.py:571} INFO - at org.apache.hadoop.hdfs.DistributedFileSystem$24.doCall(DistributedFileSystem.java:1175)
[2024-01-30T03:26:26.242+0000] {spark_submit.py:571} INFO - at org.apache.hadoop.hdfs.DistributedFileSystem$24.doCall(DistributedFileSystem.java:1172)
[2024-01-30T03:26:26.243+0000] {spark_submit.py:571} INFO - at org.apache.hadoop.fs.FileSystemLinkResolver.resolve(FileSystemLinkResolver.java:81)
[2024-01-30T03:26:26.243+0000] {spark_submit.py:571} INFO - at org.apache.hadoop.hdfs.DistributedFileSystem.listStatus(DistributedFileSystem.java:1182)
[2024-01-30T03:26:26.244+0000] {spark_submit.py:571} INFO - at org.apache.hadoop.fs.Globber.listStatus(Globber.java:128)
[2024-01-30T03:26:26.244+0000] {spark_submit.py:571} INFO - at org.apache.hadoop.fs.Globber.doGlob(Globber.java:291)
[2024-01-30T03:26:26.244+0000] {spark_submit.py:571} INFO - at org.apache.hadoop.fs.Globber.glob(Globber.java:202)
[2024-01-30T03:26:26.245+0000] {spark_submit.py:571} INFO - at org.apache.hadoop.fs.FileSystem.globStatus(FileSystem.java:2124)
[2024-01-30T03:26:26.245+0000] {spark_submit.py:571} INFO - at org.apache.spark.deploy.SparkHadoopUtil.globPath(SparkHadoopUtil.scala:238)
[2024-01-30T03:26:26.245+0000] {spark_submit.py:571} INFO - at org.apache.spark.sql.execution.datasources.DataSource$.$anonfun$checkAndGlobPathIfNecessary$3(DataSource.scala:737)
[2024-01-30T03:26:26.246+0000] {spark_submit.py:571} INFO - at org.apache.spark.util.ThreadUtils$.$anonfun$parmap$2(ThreadUtils.scala:380)
[2024-01-30T03:26:26.246+0000] {spark_submit.py:571} INFO - at scala.concurrent.Future$.$anonfun$apply$1(Future.scala:659)
[2024-01-30T03:26:26.247+0000] {spark_submit.py:571} INFO - at scala.util.Success.$anonfun$map$1(Try.scala:255)
[2024-01-30T03:26:26.247+0000] {spark_submit.py:571} INFO - at scala.util.Success.map(Try.scala:213)
[2024-01-30T03:26:26.248+0000] {spark_submit.py:571} INFO - at scala.concurrent.Future.$anonfun$map$1(Future.scala:292)
[2024-01-30T03:26:26.248+0000] {spark_submit.py:571} INFO - at scala.concurrent.impl.Promise.liftedTree1$1(Promise.scala:33)
[2024-01-30T03:26:26.249+0000] {spark_submit.py:571} INFO - at scala.concurrent.impl.Promise.$anonfun$transform$1(Promise.scala:33)
[2024-01-30T03:26:26.249+0000] {spark_submit.py:571} INFO - at scala.concurrent.impl.CallbackRunnable.run(Promise.scala:64)
[2024-01-30T03:26:26.249+0000] {spark_submit.py:571} INFO - at java.base/java.util.concurrent.ForkJoinTask$RunnableExecuteAction.exec(ForkJoinTask.java:1395)
[2024-01-30T03:26:26.249+0000] {spark_submit.py:571} INFO - at java.base/java.util.concurrent.ForkJoinTask.doExec(ForkJoinTask.java:373)
[2024-01-30T03:26:26.250+0000] {spark_submit.py:571} INFO - at java.base/java.util.concurrent.ForkJoinPool$WorkQueue.topLevelExec(ForkJoinPool.java:1182)
[2024-01-30T03:26:26.251+0000] {spark_submit.py:571} INFO - at java.base/java.util.concurrent.ForkJoinPool.scan(ForkJoinPool.java:1655)
[2024-01-30T03:26:26.251+0000] {spark_submit.py:571} INFO - at java.base/java.util.concurrent.ForkJoinPool.runWorker(ForkJoinPool.java:1622)
[2024-01-30T03:26:26.251+0000] {spark_submit.py:571} INFO - at java.base/java.util.concurrent.ForkJoinWorkerThread.run(ForkJoinWorkerThread.java:165)
[2024-01-30T03:26:26.251+0000] {spark_submit.py:571} INFO - Caused by: java.net.ConnectException: Connection refused
[2024-01-30T03:26:26.251+0000] {spark_submit.py:571} INFO - at java.base/sun.nio.ch.Net.pollConnect(Native Method)
[2024-01-30T03:26:26.253+0000] {spark_submit.py:571} INFO - at java.base/sun.nio.ch.Net.pollConnectNow(Net.java:672)
[2024-01-30T03:26:26.253+0000] {spark_submit.py:571} INFO - at java.base/sun.nio.ch.SocketChannelImpl.finishConnect(SocketChannelImpl.java:946)
[2024-01-30T03:26:26.253+0000] {spark_submit.py:571} INFO - at org.apache.hadoop.net.SocketIOWithTimeout.connect(SocketIOWithTimeout.java:205)
[2024-01-30T03:26:26.254+0000] {spark_submit.py:571} INFO - at org.apache.hadoop.net.NetUtils.connect(NetUtils.java:586)
[2024-01-30T03:26:26.254+0000] {spark_submit.py:571} INFO - at org.apache.hadoop.ipc.Client$Connection.setupConnection(Client.java:711)
[2024-01-30T03:26:26.254+0000] {spark_submit.py:571} INFO - at org.apache.hadoop.ipc.Client$Connection.setupIOstreams(Client.java:833)
[2024-01-30T03:26:26.254+0000] {spark_submit.py:571} INFO - at org.apache.hadoop.ipc.Client$Connection.access$3800(Client.java:414)
[2024-01-30T03:26:26.254+0000] {spark_submit.py:571} INFO - at org.apache.hadoop.ipc.Client.getConnection(Client.java:1677)
[2024-01-30T03:26:26.254+0000] {spark_submit.py:571} INFO - at org.apache.hadoop.ipc.Client.call(Client.java:1502)
[2024-01-30T03:26:26.255+0000] {spark_submit.py:571} INFO - ... 43 more
[2024-01-30T03:26:26.255+0000] {spark_submit.py:571} INFO - 24/01/30 03:26:26 INFO SparkContext: Invoking stop() from shutdown hook
[2024-01-30T03:26:26.255+0000] {spark_submit.py:571} INFO - 24/01/30 03:26:26 INFO SparkContext: SparkContext is stopping with exitCode 0.
[2024-01-30T03:26:26.267+0000] {spark_submit.py:571} INFO - 24/01/30 03:26:26 INFO SparkUI: Stopped Spark web UI at http://instance-1.europe-west9-a.c.data-lake-project-409321.internal:4040
[2024-01-30T03:26:26.304+0000] {spark_submit.py:571} INFO - 24/01/30 03:26:26 INFO MapOutputTrackerMasterEndpoint: MapOutputTrackerMasterEndpoint stopped!
[2024-01-30T03:26:26.320+0000] {spark_submit.py:571} INFO - 24/01/30 03:26:26 INFO MemoryStore: MemoryStore cleared
[2024-01-30T03:26:26.321+0000] {spark_submit.py:571} INFO - 24/01/30 03:26:26 INFO BlockManager: BlockManager stopped
[2024-01-30T03:26:26.331+0000] {spark_submit.py:571} INFO - 24/01/30 03:26:26 INFO BlockManagerMaster: BlockManagerMaster stopped
[2024-01-30T03:26:26.337+0000] {spark_submit.py:571} INFO - 24/01/30 03:26:26 INFO OutputCommitCoordinator$OutputCommitCoordinatorEndpoint: OutputCommitCoordinator stopped!
[2024-01-30T03:26:26.349+0000] {spark_submit.py:571} INFO - 24/01/30 03:26:26 INFO SparkContext: Successfully stopped SparkContext
[2024-01-30T03:26:26.350+0000] {spark_submit.py:571} INFO - 24/01/30 03:26:26 INFO ShutdownHookManager: Shutdown hook called
[2024-01-30T03:26:26.351+0000] {spark_submit.py:571} INFO - 24/01/30 03:26:26 INFO ShutdownHookManager: Deleting directory /tmp/spark-215fad44-46a0-4e30-aa0f-9d0585fcc3fc
[2024-01-30T03:26:26.355+0000] {spark_submit.py:571} INFO - 24/01/30 03:26:26 INFO ShutdownHookManager: Deleting directory /tmp/spark-20b3eb75-8a5f-4cef-8598-70f359899048
[2024-01-30T03:26:26.416+0000] {taskinstance.py:2698} ERROR - Task failed with exception
Traceback (most recent call last):
  File "/home/juniortemgoua0/DataLake/venv/lib/python3.8/site-packages/airflow/models/taskinstance.py", line 433, in _execute_task
    result = execute_callable(context=context, **execute_callable_kwargs)
  File "/home/juniortemgoua0/DataLake/venv/lib/python3.8/site-packages/airflow/providers/apache/spark/operators/spark_submit.py", line 174, in execute
    self._hook.submit(self._application)
  File "/home/juniortemgoua0/DataLake/venv/lib/python3.8/site-packages/airflow/providers/apache/spark/hooks/spark_submit.py", line 502, in submit
    raise AirflowException(
airflow.exceptions.AirflowException: Cannot execute: spark-submit --master local[*] --conf spark.airflow.execution_date=2024-01-12 --name arrow-spark --class RawToFormatted --queue root.default --deploy-mode client /home/juniortemgoua0/DataLake/jobs/processes/scala/spark_process/target/scala-2.12/spark_job_2.12-0.1.0.jar hdfs://localhost:9000/data-lake. Error code is: 1.
[2024-01-30T03:26:26.419+0000] {taskinstance.py:1138} INFO - Marking task as UP_FOR_RETRY. dag_id=manage_data_lake_dag, task_id=local_job_raw_to_formatted, execution_date=20240112T000000, start_date=20240130T032618, end_date=20240130T032626
[2024-01-30T03:26:26.432+0000] {standard_task_runner.py:107} ERROR - Failed to execute job 184 for task local_job_raw_to_formatted (Cannot execute: spark-submit --master local[*] --conf spark.airflow.execution_date=2024-01-12 --name arrow-spark --class RawToFormatted --queue root.default --deploy-mode client /home/juniortemgoua0/DataLake/jobs/processes/scala/spark_process/target/scala-2.12/spark_job_2.12-0.1.0.jar hdfs://localhost:9000/data-lake. Error code is: 1.; 32271)
[2024-01-30T03:26:26.475+0000] {local_task_job_runner.py:234} INFO - Task exited with return code 1
[2024-01-30T03:26:26.489+0000] {taskinstance.py:3280} INFO - 0 downstream tasks scheduled from follow-on schedule check
