[2024-01-30T02:48:51.430+0000] {taskinstance.py:1956} INFO - Dependencies all met for dep_context=non-requeueable deps ti=<TaskInstance: manage_data_lake_dag.local_job_raw_to_formatted scheduled__2024-01-12T00:00:00+00:00 [queued]>
[2024-01-30T02:48:51.436+0000] {taskinstance.py:1956} INFO - Dependencies all met for dep_context=requeueable deps ti=<TaskInstance: manage_data_lake_dag.local_job_raw_to_formatted scheduled__2024-01-12T00:00:00+00:00 [queued]>
[2024-01-30T02:48:51.436+0000] {taskinstance.py:2170} INFO - Starting attempt 1 of 6
[2024-01-30T02:48:51.451+0000] {taskinstance.py:2191} INFO - Executing <Task(SparkSubmitOperator): local_job_raw_to_formatted> on 2024-01-12 00:00:00+00:00
[2024-01-30T02:48:51.456+0000] {standard_task_runner.py:60} INFO - Started process 15998 to run task
[2024-01-30T02:48:51.461+0000] {standard_task_runner.py:87} INFO - Running: ['airflow', 'tasks', 'run', 'manage_data_lake_dag', 'local_job_raw_to_formatted', 'scheduled__2024-01-12T00:00:00+00:00', '--job-id', '157', '--raw', '--subdir', 'DAGS_FOLDER/data_lake_dag.py', '--cfg-path', '/tmp/tmp67mly2oi']
[2024-01-30T02:48:51.464+0000] {standard_task_runner.py:88} INFO - Job 157: Subtask local_job_raw_to_formatted
[2024-01-30T02:48:51.506+0000] {task_command.py:423} INFO - Running <TaskInstance: manage_data_lake_dag.local_job_raw_to_formatted scheduled__2024-01-12T00:00:00+00:00 [running]> on host instance-1.europe-west9-a.c.data-lake-project-409321.internal
[2024-01-30T02:48:51.560+0000] {taskinstance.py:2480} INFO - Exporting env vars: AIRFLOW_CTX_DAG_OWNER='juniortemgoua0' AIRFLOW_CTX_DAG_ID='manage_data_lake_dag' AIRFLOW_CTX_TASK_ID='local_job_raw_to_formatted' AIRFLOW_CTX_EXECUTION_DATE='2024-01-12T00:00:00+00:00' AIRFLOW_CTX_TRY_NUMBER='1' AIRFLOW_CTX_DAG_RUN_ID='scheduled__2024-01-12T00:00:00+00:00'
[2024-01-30T02:48:51.567+0000] {base.py:83} INFO - Using connection ID 'spark_default' for task execution.
[2024-01-30T02:48:51.568+0000] {spark_submit.py:401} INFO - Spark-Submit cmd: spark-submit --master local[*] --conf spark.airflow.execution_date=2024-01-12 --name arrow-spark --class RawToFormatted --queue root.default --deploy-mode client /home/juniortemgoua0/DataLake/jobs/processes/scala/spark_process/target/scala-2.12/spark_job_2.12-0.1.0.jar hdfs://localhost:9000/data-lake
[2024-01-30T02:48:54.685+0000] {spark_submit.py:571} INFO - 24/01/30 02:48:54 INFO SparkContext: Running Spark version 3.5.0
[2024-01-30T02:48:54.690+0000] {spark_submit.py:571} INFO - 24/01/30 02:48:54 INFO SparkContext: OS info Linux, 5.15.0-1049-gcp, amd64
[2024-01-30T02:48:54.691+0000] {spark_submit.py:571} INFO - 24/01/30 02:48:54 INFO SparkContext: Java version 17.0.9
[2024-01-30T02:48:54.834+0000] {spark_submit.py:571} INFO - 24/01/30 02:48:54 WARN NativeCodeLoader: Unable to load native-hadoop library for your platform... using builtin-java classes where applicable
[2024-01-30T02:48:55.007+0000] {spark_submit.py:571} INFO - 24/01/30 02:48:55 INFO ResourceUtils: ==============================================================
[2024-01-30T02:48:55.009+0000] {spark_submit.py:571} INFO - 24/01/30 02:48:55 INFO ResourceUtils: No custom resources configured for spark.driver.
[2024-01-30T02:48:55.010+0000] {spark_submit.py:571} INFO - 24/01/30 02:48:55 INFO ResourceUtils: ==============================================================
[2024-01-30T02:48:55.011+0000] {spark_submit.py:571} INFO - 24/01/30 02:48:55 INFO SparkContext: Submitted application: RawToFormatted
[2024-01-30T02:48:55.041+0000] {spark_submit.py:571} INFO - 24/01/30 02:48:55 INFO ResourceProfile: Default ResourceProfile created, executor resources: Map(cores -> name: cores, amount: 1, script: , vendor: , memory -> name: memory, amount: 1024, script: , vendor: , offHeap -> name: offHeap, amount: 0, script: , vendor: ), task resources: Map(cpus -> name: cpus, amount: 1.0)
[2024-01-30T02:48:55.054+0000] {spark_submit.py:571} INFO - 24/01/30 02:48:55 INFO ResourceProfile: Limiting resource is cpu
[2024-01-30T02:48:55.056+0000] {spark_submit.py:571} INFO - 24/01/30 02:48:55 INFO ResourceProfileManager: Added ResourceProfile id: 0
[2024-01-30T02:48:55.143+0000] {spark_submit.py:571} INFO - 24/01/30 02:48:55 INFO SecurityManager: Changing view acls to: juniortemgoua0
[2024-01-30T02:48:55.144+0000] {spark_submit.py:571} INFO - 24/01/30 02:48:55 INFO SecurityManager: Changing modify acls to: juniortemgoua0
[2024-01-30T02:48:55.145+0000] {spark_submit.py:571} INFO - 24/01/30 02:48:55 INFO SecurityManager: Changing view acls groups to:
[2024-01-30T02:48:55.146+0000] {spark_submit.py:571} INFO - 24/01/30 02:48:55 INFO SecurityManager: Changing modify acls groups to:
[2024-01-30T02:48:55.147+0000] {spark_submit.py:571} INFO - 24/01/30 02:48:55 INFO SecurityManager: SecurityManager: authentication disabled; ui acls disabled; users with view permissions: juniortemgoua0; groups with view permissions: EMPTY; users with modify permissions: juniortemgoua0; groups with modify permissions: EMPTY
[2024-01-30T02:48:55.487+0000] {spark_submit.py:571} INFO - 24/01/30 02:48:55 INFO Utils: Successfully started service 'sparkDriver' on port 42659.
[2024-01-30T02:48:55.525+0000] {spark_submit.py:571} INFO - 24/01/30 02:48:55 INFO SparkEnv: Registering MapOutputTracker
[2024-01-30T02:48:55.589+0000] {spark_submit.py:571} INFO - 24/01/30 02:48:55 INFO SparkEnv: Registering BlockManagerMaster
[2024-01-30T02:48:55.618+0000] {spark_submit.py:571} INFO - 24/01/30 02:48:55 INFO BlockManagerMasterEndpoint: Using org.apache.spark.storage.DefaultTopologyMapper for getting topology information
[2024-01-30T02:48:55.619+0000] {spark_submit.py:571} INFO - 24/01/30 02:48:55 INFO BlockManagerMasterEndpoint: BlockManagerMasterEndpoint up
[2024-01-30T02:48:55.624+0000] {spark_submit.py:571} INFO - 24/01/30 02:48:55 INFO SparkEnv: Registering BlockManagerMasterHeartbeat
[2024-01-30T02:48:55.653+0000] {spark_submit.py:571} INFO - 24/01/30 02:48:55 INFO DiskBlockManager: Created local directory at /tmp/blockmgr-f241bba1-5c96-4c46-8e43-0ef7dc6fa1ed
[2024-01-30T02:48:55.680+0000] {spark_submit.py:571} INFO - 24/01/30 02:48:55 INFO MemoryStore: MemoryStore started with capacity 434.4 MiB
[2024-01-30T02:48:55.703+0000] {spark_submit.py:571} INFO - 24/01/30 02:48:55 INFO SparkEnv: Registering OutputCommitCoordinator
[2024-01-30T02:48:55.904+0000] {spark_submit.py:571} INFO - 24/01/30 02:48:55 INFO JettyUtils: Start Jetty 0.0.0.0:4040 for SparkUI
[2024-01-30T02:48:55.992+0000] {spark_submit.py:571} INFO - 24/01/30 02:48:55 INFO Utils: Successfully started service 'SparkUI' on port 4040.
[2024-01-30T02:48:56.066+0000] {spark_submit.py:571} INFO - 24/01/30 02:48:56 INFO SparkContext: Added JAR file:/home/juniortemgoua0/DataLake/jobs/processes/scala/spark_process/target/scala-2.12/spark_job_2.12-0.1.0.jar at spark://instance-1.europe-west9-a.c.data-lake-project-409321.internal:42659/jars/spark_job_2.12-0.1.0.jar with timestamp 1706582934663
[2024-01-30T02:48:56.177+0000] {spark_submit.py:571} INFO - 24/01/30 02:48:56 INFO Executor: Starting executor ID driver on host instance-1.europe-west9-a.c.data-lake-project-409321.internal
[2024-01-30T02:48:56.178+0000] {spark_submit.py:571} INFO - 24/01/30 02:48:56 INFO Executor: OS info Linux, 5.15.0-1049-gcp, amd64
[2024-01-30T02:48:56.179+0000] {spark_submit.py:571} INFO - 24/01/30 02:48:56 INFO Executor: Java version 17.0.9
[2024-01-30T02:48:56.194+0000] {spark_submit.py:571} INFO - 24/01/30 02:48:56 INFO Executor: Starting executor with user classpath (userClassPathFirst = false): ''
[2024-01-30T02:48:56.195+0000] {spark_submit.py:571} INFO - 24/01/30 02:48:56 INFO Executor: Created or updated repl class loader org.apache.spark.util.MutableURLClassLoader@6ed043d3 for default.
[2024-01-30T02:48:56.241+0000] {spark_submit.py:571} INFO - 24/01/30 02:48:56 INFO Executor: Fetching spark://instance-1.europe-west9-a.c.data-lake-project-409321.internal:42659/jars/spark_job_2.12-0.1.0.jar with timestamp 1706582934663
[2024-01-30T02:48:56.366+0000] {spark_submit.py:571} INFO - 24/01/30 02:48:56 INFO TransportClientFactory: Successfully created connection to instance-1.europe-west9-a.c.data-lake-project-409321.internal/10.200.0.5:42659 after 42 ms (0 ms spent in bootstraps)
[2024-01-30T02:48:56.379+0000] {spark_submit.py:571} INFO - 24/01/30 02:48:56 INFO Utils: Fetching spark://instance-1.europe-west9-a.c.data-lake-project-409321.internal:42659/jars/spark_job_2.12-0.1.0.jar to /tmp/spark-111c86d3-9932-490b-9a42-6ab365194134/userFiles-a5ea5859-8878-4495-8553-dfe6eca936fa/fetchFileTemp794320549185683654.tmp
[2024-01-30T02:48:56.430+0000] {spark_submit.py:571} INFO - 24/01/30 02:48:56 INFO Executor: Adding file:/tmp/spark-111c86d3-9932-490b-9a42-6ab365194134/userFiles-a5ea5859-8878-4495-8553-dfe6eca936fa/spark_job_2.12-0.1.0.jar to class loader default
[2024-01-30T02:48:56.442+0000] {spark_submit.py:571} INFO - 24/01/30 02:48:56 INFO Utils: Successfully started service 'org.apache.spark.network.netty.NettyBlockTransferService' on port 46627.
[2024-01-30T02:48:56.443+0000] {spark_submit.py:571} INFO - 24/01/30 02:48:56 INFO NettyBlockTransferService: Server created on instance-1.europe-west9-a.c.data-lake-project-409321.internal:46627
[2024-01-30T02:48:56.443+0000] {spark_submit.py:571} INFO - 24/01/30 02:48:56 INFO BlockManager: Using org.apache.spark.storage.RandomBlockReplicationPolicy for block replication policy
[2024-01-30T02:48:56.454+0000] {spark_submit.py:571} INFO - 24/01/30 02:48:56 INFO BlockManagerMaster: Registering BlockManager BlockManagerId(driver, instance-1.europe-west9-a.c.data-lake-project-409321.internal, 46627, None)
[2024-01-30T02:48:56.458+0000] {spark_submit.py:571} INFO - 24/01/30 02:48:56 INFO BlockManagerMasterEndpoint: Registering block manager instance-1.europe-west9-a.c.data-lake-project-409321.internal:46627 with 434.4 MiB RAM, BlockManagerId(driver, instance-1.europe-west9-a.c.data-lake-project-409321.internal, 46627, None)
[2024-01-30T02:48:56.462+0000] {spark_submit.py:571} INFO - 24/01/30 02:48:56 INFO BlockManagerMaster: Registered BlockManager BlockManagerId(driver, instance-1.europe-west9-a.c.data-lake-project-409321.internal, 46627, None)
[2024-01-30T02:48:56.463+0000] {spark_submit.py:571} INFO - 24/01/30 02:48:56 INFO BlockManager: Initialized BlockManager: BlockManagerId(driver, instance-1.europe-west9-a.c.data-lake-project-409321.internal, 46627, None)
[2024-01-30T02:48:57.487+0000] {spark_submit.py:571} INFO - 24/01/30 02:48:57 INFO SharedState: Setting hive.metastore.warehouse.dir ('null') to the value of spark.sql.warehouse.dir.
[2024-01-30T02:48:57.496+0000] {spark_submit.py:571} INFO - 24/01/30 02:48:57 INFO SharedState: Warehouse path is 'file:/home/juniortemgoua0/DataLake/spark-warehouse'.
[2024-01-30T02:48:58.522+0000] {spark_submit.py:571} INFO - ************************************************
[2024-01-30T02:48:58.523+0000] {spark_submit.py:571} INFO - Date d'exécution  : 2024-01-12
[2024-01-30T02:48:58.523+0000] {spark_submit.py:571} INFO - ************************************************
[2024-01-30T02:48:59.615+0000] {spark_submit.py:571} INFO - Exception in thread "main" org.apache.spark.sql.AnalysisException: [PATH_NOT_FOUND] Path does not exist: hdfs://localhost:9000/data-lake/raw/football_data/competitions/2024-01-12/*.json.
[2024-01-30T02:48:59.616+0000] {spark_submit.py:571} INFO - at org.apache.spark.sql.errors.QueryCompilationErrors$.dataPathNotExistError(QueryCompilationErrors.scala:1500)
[2024-01-30T02:48:59.616+0000] {spark_submit.py:571} INFO - at org.apache.spark.sql.execution.datasources.DataSource$.$anonfun$checkAndGlobPathIfNecessary$3(DataSource.scala:743)
[2024-01-30T02:48:59.616+0000] {spark_submit.py:571} INFO - at org.apache.spark.util.ThreadUtils$.$anonfun$parmap$2(ThreadUtils.scala:380)
[2024-01-30T02:48:59.616+0000] {spark_submit.py:571} INFO - at scala.concurrent.Future$.$anonfun$apply$1(Future.scala:659)
[2024-01-30T02:48:59.616+0000] {spark_submit.py:571} INFO - at scala.util.Success.$anonfun$map$1(Try.scala:255)
[2024-01-30T02:48:59.617+0000] {spark_submit.py:571} INFO - at scala.util.Success.map(Try.scala:213)
[2024-01-30T02:48:59.617+0000] {spark_submit.py:571} INFO - at scala.concurrent.Future.$anonfun$map$1(Future.scala:292)
[2024-01-30T02:48:59.617+0000] {spark_submit.py:571} INFO - at scala.concurrent.impl.Promise.liftedTree1$1(Promise.scala:33)
[2024-01-30T02:48:59.617+0000] {spark_submit.py:571} INFO - at scala.concurrent.impl.Promise.$anonfun$transform$1(Promise.scala:33)
[2024-01-30T02:48:59.617+0000] {spark_submit.py:571} INFO - at scala.concurrent.impl.CallbackRunnable.run(Promise.scala:64)
[2024-01-30T02:48:59.617+0000] {spark_submit.py:571} INFO - at java.base/java.util.concurrent.ForkJoinTask$RunnableExecuteAction.exec(ForkJoinTask.java:1395)
[2024-01-30T02:48:59.618+0000] {spark_submit.py:571} INFO - at java.base/java.util.concurrent.ForkJoinTask.doExec(ForkJoinTask.java:373)
[2024-01-30T02:48:59.618+0000] {spark_submit.py:571} INFO - at java.base/java.util.concurrent.ForkJoinPool$WorkQueue.topLevelExec(ForkJoinPool.java:1182)
[2024-01-30T02:48:59.618+0000] {spark_submit.py:571} INFO - at java.base/java.util.concurrent.ForkJoinPool.scan(ForkJoinPool.java:1655)
[2024-01-30T02:48:59.618+0000] {spark_submit.py:571} INFO - at java.base/java.util.concurrent.ForkJoinPool.runWorker(ForkJoinPool.java:1622)
[2024-01-30T02:48:59.618+0000] {spark_submit.py:571} INFO - at java.base/java.util.concurrent.ForkJoinWorkerThread.run(ForkJoinWorkerThread.java:165)
[2024-01-30T02:48:59.635+0000] {spark_submit.py:571} INFO - 24/01/30 02:48:59 INFO SparkContext: Invoking stop() from shutdown hook
[2024-01-30T02:48:59.636+0000] {spark_submit.py:571} INFO - 24/01/30 02:48:59 INFO SparkContext: SparkContext is stopping with exitCode 0.
[2024-01-30T02:48:59.653+0000] {spark_submit.py:571} INFO - 24/01/30 02:48:59 INFO SparkUI: Stopped Spark web UI at http://instance-1.europe-west9-a.c.data-lake-project-409321.internal:4040
[2024-01-30T02:48:59.674+0000] {spark_submit.py:571} INFO - 24/01/30 02:48:59 INFO MapOutputTrackerMasterEndpoint: MapOutputTrackerMasterEndpoint stopped!
[2024-01-30T02:48:59.697+0000] {spark_submit.py:571} INFO - 24/01/30 02:48:59 INFO MemoryStore: MemoryStore cleared
[2024-01-30T02:48:59.698+0000] {spark_submit.py:571} INFO - 24/01/30 02:48:59 INFO BlockManager: BlockManager stopped
[2024-01-30T02:48:59.707+0000] {spark_submit.py:571} INFO - 24/01/30 02:48:59 INFO BlockManagerMaster: BlockManagerMaster stopped
[2024-01-30T02:48:59.711+0000] {spark_submit.py:571} INFO - 24/01/30 02:48:59 INFO OutputCommitCoordinator$OutputCommitCoordinatorEndpoint: OutputCommitCoordinator stopped!
[2024-01-30T02:48:59.726+0000] {spark_submit.py:571} INFO - 24/01/30 02:48:59 INFO SparkContext: Successfully stopped SparkContext
[2024-01-30T02:48:59.726+0000] {spark_submit.py:571} INFO - 24/01/30 02:48:59 INFO ShutdownHookManager: Shutdown hook called
[2024-01-30T02:48:59.726+0000] {spark_submit.py:571} INFO - 24/01/30 02:48:59 INFO ShutdownHookManager: Deleting directory /tmp/spark-b7421c38-036c-40b4-ae90-1983b5349215
[2024-01-30T02:48:59.730+0000] {spark_submit.py:571} INFO - 24/01/30 02:48:59 INFO ShutdownHookManager: Deleting directory /tmp/spark-111c86d3-9932-490b-9a42-6ab365194134
[2024-01-30T02:48:59.790+0000] {taskinstance.py:2698} ERROR - Task failed with exception
Traceback (most recent call last):
  File "/home/juniortemgoua0/DataLake/venv/lib/python3.8/site-packages/airflow/models/taskinstance.py", line 433, in _execute_task
    result = execute_callable(context=context, **execute_callable_kwargs)
  File "/home/juniortemgoua0/DataLake/venv/lib/python3.8/site-packages/airflow/providers/apache/spark/operators/spark_submit.py", line 174, in execute
    self._hook.submit(self._application)
  File "/home/juniortemgoua0/DataLake/venv/lib/python3.8/site-packages/airflow/providers/apache/spark/hooks/spark_submit.py", line 502, in submit
    raise AirflowException(
airflow.exceptions.AirflowException: Cannot execute: spark-submit --master local[*] --conf spark.airflow.execution_date=2024-01-12 --name arrow-spark --class RawToFormatted --queue root.default --deploy-mode client /home/juniortemgoua0/DataLake/jobs/processes/scala/spark_process/target/scala-2.12/spark_job_2.12-0.1.0.jar hdfs://localhost:9000/data-lake. Error code is: 1.
[2024-01-30T02:48:59.793+0000] {taskinstance.py:1138} INFO - Marking task as UP_FOR_RETRY. dag_id=manage_data_lake_dag, task_id=local_job_raw_to_formatted, execution_date=20240112T000000, start_date=20240130T024851, end_date=20240130T024859
[2024-01-30T02:48:59.806+0000] {standard_task_runner.py:107} ERROR - Failed to execute job 157 for task local_job_raw_to_formatted (Cannot execute: spark-submit --master local[*] --conf spark.airflow.execution_date=2024-01-12 --name arrow-spark --class RawToFormatted --queue root.default --deploy-mode client /home/juniortemgoua0/DataLake/jobs/processes/scala/spark_process/target/scala-2.12/spark_job_2.12-0.1.0.jar hdfs://localhost:9000/data-lake. Error code is: 1.; 15998)
[2024-01-30T02:48:59.818+0000] {local_task_job_runner.py:234} INFO - Task exited with return code 1
[2024-01-30T02:48:59.834+0000] {taskinstance.py:3280} INFO - 0 downstream tasks scheduled from follow-on schedule check
