[2024-01-29T09:55:36.699+0000] {taskinstance.py:1956} INFO - Dependencies all met for dep_context=non-requeueable deps ti=<TaskInstance: manage_data_lake_dag.spark_job_formatted manual__2024-01-29T09:31:26.429792+00:00 [queued]>
[2024-01-29T09:55:36.706+0000] {taskinstance.py:1956} INFO - Dependencies all met for dep_context=requeueable deps ti=<TaskInstance: manage_data_lake_dag.spark_job_formatted manual__2024-01-29T09:31:26.429792+00:00 [queued]>
[2024-01-29T09:55:36.706+0000] {taskinstance.py:2170} INFO - Starting attempt 2 of 6
[2024-01-29T09:55:36.792+0000] {taskinstance.py:2191} INFO - Executing <Task(SparkSubmitOperator): spark_job_formatted> on 2024-01-29 09:31:26.429792+00:00
[2024-01-29T09:55:36.797+0000] {standard_task_runner.py:60} INFO - Started process 83529 to run task
[2024-01-29T09:55:36.806+0000] {standard_task_runner.py:87} INFO - Running: ['airflow', 'tasks', 'run', 'manage_data_lake_dag', 'spark_job_formatted', 'manual__2024-01-29T09:31:26.429792+00:00', '--job-id', '85', '--raw', '--subdir', 'DAGS_FOLDER/data_lake_dag.py', '--cfg-path', '/tmp/tmpc3or_ozf']
[2024-01-29T09:55:36.810+0000] {standard_task_runner.py:88} INFO - Job 85: Subtask spark_job_formatted
[2024-01-29T09:55:36.847+0000] {task_command.py:423} INFO - Running <TaskInstance: manage_data_lake_dag.spark_job_formatted manual__2024-01-29T09:31:26.429792+00:00 [running]> on host instance-1.europe-west9-a.c.data-lake-project-409321.internal
[2024-01-29T09:55:36.895+0000] {taskinstance.py:2480} INFO - Exporting env vars: AIRFLOW_CTX_DAG_OWNER='juniortemgoua0' AIRFLOW_CTX_DAG_ID='manage_data_lake_dag' AIRFLOW_CTX_TASK_ID='spark_job_formatted' AIRFLOW_CTX_EXECUTION_DATE='2024-01-29T09:31:26.429792+00:00' AIRFLOW_CTX_TRY_NUMBER='2' AIRFLOW_CTX_DAG_RUN_ID='manual__2024-01-29T09:31:26.429792+00:00'
[2024-01-29T09:55:36.903+0000] {base.py:83} INFO - Using connection ID 'spark_default' for task execution.
[2024-01-29T09:55:36.904+0000] {spark_submit.py:401} INFO - Spark-Submit cmd: spark-submit --master yarn --name arrow-spark --class RawToFormatted --queue root.default --deploy-mode client /home/juniortemgoua0/DataLake/jobs/processes/scala/spark_process/target/scala-2.12/spark_job_2.12-0.1.0.jar gs://data-lake-buck
[2024-01-29T09:55:39.281+0000] {spark_submit.py:571} INFO - 24/01/29 09:55:39 INFO SparkContext: Running Spark version 3.5.0
[2024-01-29T09:55:39.285+0000] {spark_submit.py:571} INFO - 24/01/29 09:55:39 INFO SparkContext: OS info Linux, 5.15.0-1049-gcp, amd64
[2024-01-29T09:55:39.286+0000] {spark_submit.py:571} INFO - 24/01/29 09:55:39 INFO SparkContext: Java version 17.0.9
[2024-01-29T09:55:39.399+0000] {spark_submit.py:571} INFO - 24/01/29 09:55:39 WARN NativeCodeLoader: Unable to load native-hadoop library for your platform... using builtin-java classes where applicable
[2024-01-29T09:55:39.514+0000] {spark_submit.py:571} INFO - 24/01/29 09:55:39 INFO ResourceUtils: ==============================================================
[2024-01-29T09:55:39.515+0000] {spark_submit.py:571} INFO - 24/01/29 09:55:39 INFO ResourceUtils: No custom resources configured for spark.driver.
[2024-01-29T09:55:39.516+0000] {spark_submit.py:571} INFO - 24/01/29 09:55:39 INFO ResourceUtils: ==============================================================
[2024-01-29T09:55:39.518+0000] {spark_submit.py:571} INFO - 24/01/29 09:55:39 INFO SparkContext: Submitted application: RawToFormatted
[2024-01-29T09:55:39.546+0000] {spark_submit.py:571} INFO - 24/01/29 09:55:39 INFO ResourceProfile: Default ResourceProfile created, executor resources: Map(cores -> name: cores, amount: 1, script: , vendor: , memory -> name: memory, amount: 1024, script: , vendor: , offHeap -> name: offHeap, amount: 0, script: , vendor: ), task resources: Map(cpus -> name: cpus, amount: 1.0)
[2024-01-29T09:55:39.559+0000] {spark_submit.py:571} INFO - 24/01/29 09:55:39 INFO ResourceProfile: Limiting resource is cpus at 1 tasks per executor
[2024-01-29T09:55:39.562+0000] {spark_submit.py:571} INFO - 24/01/29 09:55:39 INFO ResourceProfileManager: Added ResourceProfile id: 0
[2024-01-29T09:55:39.631+0000] {spark_submit.py:571} INFO - 24/01/29 09:55:39 INFO SecurityManager: Changing view acls to: juniortemgoua0
[2024-01-29T09:55:39.632+0000] {spark_submit.py:571} INFO - 24/01/29 09:55:39 INFO SecurityManager: Changing modify acls to: juniortemgoua0
[2024-01-29T09:55:39.633+0000] {spark_submit.py:571} INFO - 24/01/29 09:55:39 INFO SecurityManager: Changing view acls groups to:
[2024-01-29T09:55:39.634+0000] {spark_submit.py:571} INFO - 24/01/29 09:55:39 INFO SecurityManager: Changing modify acls groups to:
[2024-01-29T09:55:39.635+0000] {spark_submit.py:571} INFO - 24/01/29 09:55:39 INFO SecurityManager: SecurityManager: authentication disabled; ui acls disabled; users with view permissions: juniortemgoua0; groups with view permissions: EMPTY; users with modify permissions: juniortemgoua0; groups with modify permissions: EMPTY
[2024-01-29T09:55:39.957+0000] {spark_submit.py:571} INFO - 24/01/29 09:55:39 INFO Utils: Successfully started service 'sparkDriver' on port 40955.
[2024-01-29T09:55:40.009+0000] {spark_submit.py:571} INFO - 24/01/29 09:55:40 INFO SparkEnv: Registering MapOutputTracker
[2024-01-29T09:55:40.048+0000] {spark_submit.py:571} INFO - 24/01/29 09:55:40 INFO SparkEnv: Registering BlockManagerMaster
[2024-01-29T09:55:40.080+0000] {spark_submit.py:571} INFO - 24/01/29 09:55:40 INFO BlockManagerMasterEndpoint: Using org.apache.spark.storage.DefaultTopologyMapper for getting topology information
[2024-01-29T09:55:40.082+0000] {spark_submit.py:571} INFO - 24/01/29 09:55:40 INFO BlockManagerMasterEndpoint: BlockManagerMasterEndpoint up
[2024-01-29T09:55:40.139+0000] {spark_submit.py:571} INFO - 24/01/29 09:55:40 INFO SparkEnv: Registering BlockManagerMasterHeartbeat
[2024-01-29T09:55:40.166+0000] {spark_submit.py:571} INFO - 24/01/29 09:55:40 INFO DiskBlockManager: Created local directory at /tmp/blockmgr-572a143b-977e-468a-9521-15fdf4554cdb
[2024-01-29T09:55:40.186+0000] {spark_submit.py:571} INFO - 24/01/29 09:55:40 INFO MemoryStore: MemoryStore started with capacity 434.4 MiB
[2024-01-29T09:55:40.249+0000] {spark_submit.py:571} INFO - 24/01/29 09:55:40 INFO SparkEnv: Registering OutputCommitCoordinator
[2024-01-29T09:55:40.442+0000] {spark_submit.py:571} INFO - 24/01/29 09:55:40 INFO JettyUtils: Start Jetty 0.0.0.0:4040 for SparkUI
[2024-01-29T09:55:40.553+0000] {spark_submit.py:571} INFO - 24/01/29 09:55:40 INFO Utils: Successfully started service 'SparkUI' on port 4040.
[2024-01-29T09:55:40.612+0000] {spark_submit.py:571} INFO - 24/01/29 09:55:40 INFO SparkContext: Added JAR file:/home/juniortemgoua0/DataLake/jobs/processes/scala/spark_process/target/scala-2.12/spark_job_2.12-0.1.0.jar at spark://instance-1.europe-west9-a.c.data-lake-project-409321.internal:40955/jars/spark_job_2.12-0.1.0.jar with timestamp 1706522139268
[2024-01-29T09:55:40.949+0000] {spark_submit.py:571} INFO - 24/01/29 09:55:40 INFO DefaultNoHARMFailoverProxyProvider: Connecting to ResourceManager at hadoopresourcemanager/<unresolved>:8032
[2024-01-29T09:55:42.181+0000] {spark_submit.py:571} INFO - 24/01/29 09:55:42 INFO Client: Retrying connect to server: hadoopresourcemanager/<unresolved>:8032. Already tried 0 time(s); retry policy is RetryUpToMaximumCountWithFixedSleep(maxRetries=10, sleepTime=1000 MILLISECONDS)
[2024-01-29T09:55:43.182+0000] {spark_submit.py:571} INFO - 24/01/29 09:55:43 INFO Client: Retrying connect to server: hadoopresourcemanager/<unresolved>:8032. Already tried 1 time(s); retry policy is RetryUpToMaximumCountWithFixedSleep(maxRetries=10, sleepTime=1000 MILLISECONDS)
[2024-01-29T09:55:44.186+0000] {spark_submit.py:571} INFO - 24/01/29 09:55:44 INFO Client: Retrying connect to server: hadoopresourcemanager/<unresolved>:8032. Already tried 2 time(s); retry policy is RetryUpToMaximumCountWithFixedSleep(maxRetries=10, sleepTime=1000 MILLISECONDS)
[2024-01-29T09:55:45.186+0000] {spark_submit.py:571} INFO - 24/01/29 09:55:45 INFO Client: Retrying connect to server: hadoopresourcemanager/<unresolved>:8032. Already tried 3 time(s); retry policy is RetryUpToMaximumCountWithFixedSleep(maxRetries=10, sleepTime=1000 MILLISECONDS)
[2024-01-29T09:55:46.187+0000] {spark_submit.py:571} INFO - 24/01/29 09:55:46 INFO Client: Retrying connect to server: hadoopresourcemanager/<unresolved>:8032. Already tried 4 time(s); retry policy is RetryUpToMaximumCountWithFixedSleep(maxRetries=10, sleepTime=1000 MILLISECONDS)
[2024-01-29T09:55:47.188+0000] {spark_submit.py:571} INFO - 24/01/29 09:55:47 INFO Client: Retrying connect to server: hadoopresourcemanager/<unresolved>:8032. Already tried 5 time(s); retry policy is RetryUpToMaximumCountWithFixedSleep(maxRetries=10, sleepTime=1000 MILLISECONDS)
[2024-01-29T09:55:48.188+0000] {spark_submit.py:571} INFO - 24/01/29 09:55:48 INFO Client: Retrying connect to server: hadoopresourcemanager/<unresolved>:8032. Already tried 6 time(s); retry policy is RetryUpToMaximumCountWithFixedSleep(maxRetries=10, sleepTime=1000 MILLISECONDS)
[2024-01-29T09:55:49.191+0000] {spark_submit.py:571} INFO - 24/01/29 09:55:49 INFO Client: Retrying connect to server: hadoopresourcemanager/<unresolved>:8032. Already tried 7 time(s); retry policy is RetryUpToMaximumCountWithFixedSleep(maxRetries=10, sleepTime=1000 MILLISECONDS)
[2024-01-29T09:55:50.192+0000] {spark_submit.py:571} INFO - 24/01/29 09:55:50 INFO Client: Retrying connect to server: hadoopresourcemanager/<unresolved>:8032. Already tried 8 time(s); retry policy is RetryUpToMaximumCountWithFixedSleep(maxRetries=10, sleepTime=1000 MILLISECONDS)
[2024-01-29T09:55:51.193+0000] {spark_submit.py:571} INFO - 24/01/29 09:55:51 INFO Client: Retrying connect to server: hadoopresourcemanager/<unresolved>:8032. Already tried 9 time(s); retry policy is RetryUpToMaximumCountWithFixedSleep(maxRetries=10, sleepTime=1000 MILLISECONDS)
[2024-01-29T09:55:52.217+0000] {spark_submit.py:571} INFO - 24/01/29 09:55:52 INFO Client: Retrying connect to server: hadoopresourcemanager/<unresolved>:8032. Already tried 0 time(s); retry policy is RetryUpToMaximumCountWithFixedSleep(maxRetries=10, sleepTime=1000 MILLISECONDS)
[2024-01-29T09:55:53.218+0000] {spark_submit.py:571} INFO - 24/01/29 09:55:53 INFO Client: Retrying connect to server: hadoopresourcemanager/<unresolved>:8032. Already tried 1 time(s); retry policy is RetryUpToMaximumCountWithFixedSleep(maxRetries=10, sleepTime=1000 MILLISECONDS)
[2024-01-29T09:55:54.220+0000] {spark_submit.py:571} INFO - 24/01/29 09:55:54 INFO Client: Retrying connect to server: hadoopresourcemanager/<unresolved>:8032. Already tried 2 time(s); retry policy is RetryUpToMaximumCountWithFixedSleep(maxRetries=10, sleepTime=1000 MILLISECONDS)
[2024-01-29T09:55:55.222+0000] {spark_submit.py:571} INFO - 24/01/29 09:55:55 INFO Client: Retrying connect to server: hadoopresourcemanager/<unresolved>:8032. Already tried 3 time(s); retry policy is RetryUpToMaximumCountWithFixedSleep(maxRetries=10, sleepTime=1000 MILLISECONDS)
[2024-01-29T09:55:56.222+0000] {spark_submit.py:571} INFO - 24/01/29 09:55:56 INFO Client: Retrying connect to server: hadoopresourcemanager/<unresolved>:8032. Already tried 4 time(s); retry policy is RetryUpToMaximumCountWithFixedSleep(maxRetries=10, sleepTime=1000 MILLISECONDS)
[2024-01-29T09:55:57.223+0000] {spark_submit.py:571} INFO - 24/01/29 09:55:57 INFO Client: Retrying connect to server: hadoopresourcemanager/<unresolved>:8032. Already tried 5 time(s); retry policy is RetryUpToMaximumCountWithFixedSleep(maxRetries=10, sleepTime=1000 MILLISECONDS)
[2024-01-29T09:55:58.223+0000] {spark_submit.py:571} INFO - 24/01/29 09:55:58 INFO Client: Retrying connect to server: hadoopresourcemanager/<unresolved>:8032. Already tried 6 time(s); retry policy is RetryUpToMaximumCountWithFixedSleep(maxRetries=10, sleepTime=1000 MILLISECONDS)
[2024-01-29T09:55:59.226+0000] {spark_submit.py:571} INFO - 24/01/29 09:55:59 INFO Client: Retrying connect to server: hadoopresourcemanager/<unresolved>:8032. Already tried 7 time(s); retry policy is RetryUpToMaximumCountWithFixedSleep(maxRetries=10, sleepTime=1000 MILLISECONDS)
[2024-01-29T09:56:00.227+0000] {spark_submit.py:571} INFO - 24/01/29 09:56:00 INFO Client: Retrying connect to server: hadoopresourcemanager/<unresolved>:8032. Already tried 8 time(s); retry policy is RetryUpToMaximumCountWithFixedSleep(maxRetries=10, sleepTime=1000 MILLISECONDS)
[2024-01-29T09:56:01.228+0000] {spark_submit.py:571} INFO - 24/01/29 09:56:01 INFO Client: Retrying connect to server: hadoopresourcemanager/<unresolved>:8032. Already tried 9 time(s); retry policy is RetryUpToMaximumCountWithFixedSleep(maxRetries=10, sleepTime=1000 MILLISECONDS)
[2024-01-29T09:56:01.244+0000] {spark_submit.py:571} INFO - 24/01/29 09:56:01 INFO RetryInvocationHandler: java.net.UnknownHostException: Invalid host name: local host is: "instance-1/10.200.0.5"; destination host is: "hadoopresourcemanager":8032; java.net.UnknownHostException: Invalid host name: local host is: "instance-1/10.200.0.5"; destination host is: "hadoopresourcemanager":8032; java.net.UnknownHostException; For more details see:  http://wiki.apache.org/hadoop/UnknownHost; For more details see:  http://wiki.apache.org/hadoop/UnknownHost, while invoking ApplicationClientProtocolPBClientImpl.getNewApplication over null after 1 failover attempts. Trying to failover after sleeping for 38797ms.
[2024-01-29T09:56:41.061+0000] {spark_submit.py:571} INFO - 24/01/29 09:56:41 INFO Client: Retrying connect to server: hadoopresourcemanager/<unresolved>:8032. Already tried 0 time(s); retry policy is RetryUpToMaximumCountWithFixedSleep(maxRetries=10, sleepTime=1000 MILLISECONDS)
[2024-01-29T09:56:42.062+0000] {spark_submit.py:571} INFO - 24/01/29 09:56:42 INFO Client: Retrying connect to server: hadoopresourcemanager/<unresolved>:8032. Already tried 1 time(s); retry policy is RetryUpToMaximumCountWithFixedSleep(maxRetries=10, sleepTime=1000 MILLISECONDS)
[2024-01-29T09:56:43.063+0000] {spark_submit.py:571} INFO - 24/01/29 09:56:43 INFO Client: Retrying connect to server: hadoopresourcemanager/<unresolved>:8032. Already tried 2 time(s); retry policy is RetryUpToMaximumCountWithFixedSleep(maxRetries=10, sleepTime=1000 MILLISECONDS)
[2024-01-29T09:56:44.063+0000] {spark_submit.py:571} INFO - 24/01/29 09:56:44 INFO Client: Retrying connect to server: hadoopresourcemanager/<unresolved>:8032. Already tried 3 time(s); retry policy is RetryUpToMaximumCountWithFixedSleep(maxRetries=10, sleepTime=1000 MILLISECONDS)
[2024-01-29T09:56:45.064+0000] {spark_submit.py:571} INFO - 24/01/29 09:56:45 INFO Client: Retrying connect to server: hadoopresourcemanager/<unresolved>:8032. Already tried 4 time(s); retry policy is RetryUpToMaximumCountWithFixedSleep(maxRetries=10, sleepTime=1000 MILLISECONDS)
[2024-01-29T09:56:46.067+0000] {spark_submit.py:571} INFO - 24/01/29 09:56:46 INFO Client: Retrying connect to server: hadoopresourcemanager/<unresolved>:8032. Already tried 5 time(s); retry policy is RetryUpToMaximumCountWithFixedSleep(maxRetries=10, sleepTime=1000 MILLISECONDS)
[2024-01-29T09:56:47.068+0000] {spark_submit.py:571} INFO - 24/01/29 09:56:47 INFO Client: Retrying connect to server: hadoopresourcemanager/<unresolved>:8032. Already tried 6 time(s); retry policy is RetryUpToMaximumCountWithFixedSleep(maxRetries=10, sleepTime=1000 MILLISECONDS)
[2024-01-29T09:56:48.068+0000] {spark_submit.py:571} INFO - 24/01/29 09:56:48 INFO Client: Retrying connect to server: hadoopresourcemanager/<unresolved>:8032. Already tried 7 time(s); retry policy is RetryUpToMaximumCountWithFixedSleep(maxRetries=10, sleepTime=1000 MILLISECONDS)
[2024-01-29T09:56:49.069+0000] {spark_submit.py:571} INFO - 24/01/29 09:56:49 INFO Client: Retrying connect to server: hadoopresourcemanager/<unresolved>:8032. Already tried 8 time(s); retry policy is RetryUpToMaximumCountWithFixedSleep(maxRetries=10, sleepTime=1000 MILLISECONDS)
[2024-01-29T09:56:50.070+0000] {spark_submit.py:571} INFO - 24/01/29 09:56:50 INFO Client: Retrying connect to server: hadoopresourcemanager/<unresolved>:8032. Already tried 9 time(s); retry policy is RetryUpToMaximumCountWithFixedSleep(maxRetries=10, sleepTime=1000 MILLISECONDS)
[2024-01-29T09:56:50.087+0000] {spark_submit.py:571} INFO - 24/01/29 09:56:50 INFO RetryInvocationHandler: java.net.UnknownHostException: Invalid host name: local host is: "instance-1/10.200.0.5"; destination host is: "hadoopresourcemanager":8032; java.net.UnknownHostException: Invalid host name: local host is: "instance-1/10.200.0.5"; destination host is: "hadoopresourcemanager":8032; java.net.UnknownHostException; For more details see:  http://wiki.apache.org/hadoop/UnknownHost; For more details see:  http://wiki.apache.org/hadoop/UnknownHost, while invoking ApplicationClientProtocolPBClientImpl.getNewApplication over null after 2 failover attempts. Trying to failover after sleeping for 36701ms.
[2024-01-29T09:57:27.806+0000] {spark_submit.py:571} INFO - 24/01/29 09:57:27 INFO Client: Retrying connect to server: hadoopresourcemanager/<unresolved>:8032. Already tried 0 time(s); retry policy is RetryUpToMaximumCountWithFixedSleep(maxRetries=10, sleepTime=1000 MILLISECONDS)
[2024-01-29T09:57:28.806+0000] {spark_submit.py:571} INFO - 24/01/29 09:57:28 INFO Client: Retrying connect to server: hadoopresourcemanager/<unresolved>:8032. Already tried 1 time(s); retry policy is RetryUpToMaximumCountWithFixedSleep(maxRetries=10, sleepTime=1000 MILLISECONDS)
[2024-01-29T09:57:29.807+0000] {spark_submit.py:571} INFO - 24/01/29 09:57:29 INFO Client: Retrying connect to server: hadoopresourcemanager/<unresolved>:8032. Already tried 2 time(s); retry policy is RetryUpToMaximumCountWithFixedSleep(maxRetries=10, sleepTime=1000 MILLISECONDS)
[2024-01-29T09:57:30.807+0000] {spark_submit.py:571} INFO - 24/01/29 09:57:30 INFO Client: Retrying connect to server: hadoopresourcemanager/<unresolved>:8032. Already tried 3 time(s); retry policy is RetryUpToMaximumCountWithFixedSleep(maxRetries=10, sleepTime=1000 MILLISECONDS)
[2024-01-29T09:57:31.808+0000] {spark_submit.py:571} INFO - 24/01/29 09:57:31 INFO Client: Retrying connect to server: hadoopresourcemanager/<unresolved>:8032. Already tried 4 time(s); retry policy is RetryUpToMaximumCountWithFixedSleep(maxRetries=10, sleepTime=1000 MILLISECONDS)
[2024-01-29T09:57:32.811+0000] {spark_submit.py:571} INFO - 24/01/29 09:57:32 INFO Client: Retrying connect to server: hadoopresourcemanager/<unresolved>:8032. Already tried 5 time(s); retry policy is RetryUpToMaximumCountWithFixedSleep(maxRetries=10, sleepTime=1000 MILLISECONDS)
[2024-01-29T09:57:33.812+0000] {spark_submit.py:571} INFO - 24/01/29 09:57:33 INFO Client: Retrying connect to server: hadoopresourcemanager/<unresolved>:8032. Already tried 6 time(s); retry policy is RetryUpToMaximumCountWithFixedSleep(maxRetries=10, sleepTime=1000 MILLISECONDS)
[2024-01-29T09:57:34.812+0000] {spark_submit.py:571} INFO - 24/01/29 09:57:34 INFO Client: Retrying connect to server: hadoopresourcemanager/<unresolved>:8032. Already tried 7 time(s); retry policy is RetryUpToMaximumCountWithFixedSleep(maxRetries=10, sleepTime=1000 MILLISECONDS)
[2024-01-29T09:57:35.813+0000] {spark_submit.py:571} INFO - 24/01/29 09:57:35 INFO Client: Retrying connect to server: hadoopresourcemanager/<unresolved>:8032. Already tried 8 time(s); retry policy is RetryUpToMaximumCountWithFixedSleep(maxRetries=10, sleepTime=1000 MILLISECONDS)
[2024-01-29T09:57:36.814+0000] {spark_submit.py:571} INFO - 24/01/29 09:57:36 INFO Client: Retrying connect to server: hadoopresourcemanager/<unresolved>:8032. Already tried 9 time(s); retry policy is RetryUpToMaximumCountWithFixedSleep(maxRetries=10, sleepTime=1000 MILLISECONDS)
[2024-01-29T09:57:36.830+0000] {spark_submit.py:571} INFO - 24/01/29 09:57:36 INFO RetryInvocationHandler: java.net.UnknownHostException: Invalid host name: local host is: "instance-1/10.200.0.5"; destination host is: "hadoopresourcemanager":8032; java.net.UnknownHostException: Invalid host name: local host is: "instance-1/10.200.0.5"; destination host is: "hadoopresourcemanager":8032; java.net.UnknownHostException; For more details see:  http://wiki.apache.org/hadoop/UnknownHost; For more details see:  http://wiki.apache.org/hadoop/UnknownHost, while invoking ApplicationClientProtocolPBClientImpl.getNewApplication over null after 3 failover attempts. Trying to failover after sleeping for 37921ms.
[2024-01-29T09:58:15.770+0000] {spark_submit.py:571} INFO - 24/01/29 09:58:15 INFO Client: Retrying connect to server: hadoopresourcemanager/<unresolved>:8032. Already tried 0 time(s); retry policy is RetryUpToMaximumCountWithFixedSleep(maxRetries=10, sleepTime=1000 MILLISECONDS)
[2024-01-29T09:58:16.770+0000] {spark_submit.py:571} INFO - 24/01/29 09:58:16 INFO Client: Retrying connect to server: hadoopresourcemanager/<unresolved>:8032. Already tried 1 time(s); retry policy is RetryUpToMaximumCountWithFixedSleep(maxRetries=10, sleepTime=1000 MILLISECONDS)
[2024-01-29T09:58:17.771+0000] {spark_submit.py:571} INFO - 24/01/29 09:58:17 INFO Client: Retrying connect to server: hadoopresourcemanager/<unresolved>:8032. Already tried 2 time(s); retry policy is RetryUpToMaximumCountWithFixedSleep(maxRetries=10, sleepTime=1000 MILLISECONDS)
[2024-01-29T09:58:18.772+0000] {spark_submit.py:571} INFO - 24/01/29 09:58:18 INFO Client: Retrying connect to server: hadoopresourcemanager/<unresolved>:8032. Already tried 3 time(s); retry policy is RetryUpToMaximumCountWithFixedSleep(maxRetries=10, sleepTime=1000 MILLISECONDS)
[2024-01-29T09:58:19.772+0000] {spark_submit.py:571} INFO - 24/01/29 09:58:19 INFO Client: Retrying connect to server: hadoopresourcemanager/<unresolved>:8032. Already tried 4 time(s); retry policy is RetryUpToMaximumCountWithFixedSleep(maxRetries=10, sleepTime=1000 MILLISECONDS)
[2024-01-29T09:58:20.775+0000] {spark_submit.py:571} INFO - 24/01/29 09:58:20 INFO Client: Retrying connect to server: hadoopresourcemanager/<unresolved>:8032. Already tried 5 time(s); retry policy is RetryUpToMaximumCountWithFixedSleep(maxRetries=10, sleepTime=1000 MILLISECONDS)
[2024-01-29T09:58:21.776+0000] {spark_submit.py:571} INFO - 24/01/29 09:58:21 INFO Client: Retrying connect to server: hadoopresourcemanager/<unresolved>:8032. Already tried 6 time(s); retry policy is RetryUpToMaximumCountWithFixedSleep(maxRetries=10, sleepTime=1000 MILLISECONDS)
[2024-01-29T09:58:22.776+0000] {spark_submit.py:571} INFO - 24/01/29 09:58:22 INFO Client: Retrying connect to server: hadoopresourcemanager/<unresolved>:8032. Already tried 7 time(s); retry policy is RetryUpToMaximumCountWithFixedSleep(maxRetries=10, sleepTime=1000 MILLISECONDS)
[2024-01-29T09:58:23.777+0000] {spark_submit.py:571} INFO - 24/01/29 09:58:23 INFO Client: Retrying connect to server: hadoopresourcemanager/<unresolved>:8032. Already tried 8 time(s); retry policy is RetryUpToMaximumCountWithFixedSleep(maxRetries=10, sleepTime=1000 MILLISECONDS)
[2024-01-29T09:58:24.777+0000] {spark_submit.py:571} INFO - 24/01/29 09:58:24 INFO Client: Retrying connect to server: hadoopresourcemanager/<unresolved>:8032. Already tried 9 time(s); retry policy is RetryUpToMaximumCountWithFixedSleep(maxRetries=10, sleepTime=1000 MILLISECONDS)
[2024-01-29T09:58:24.794+0000] {spark_submit.py:571} INFO - 24/01/29 09:58:24 INFO RetryInvocationHandler: java.net.UnknownHostException: Invalid host name: local host is: "instance-1/10.200.0.5"; destination host is: "hadoopresourcemanager":8032; java.net.UnknownHostException: Invalid host name: local host is: "instance-1/10.200.0.5"; destination host is: "hadoopresourcemanager":8032; java.net.UnknownHostException; For more details see:  http://wiki.apache.org/hadoop/UnknownHost; For more details see:  http://wiki.apache.org/hadoop/UnknownHost, while invoking ApplicationClientProtocolPBClientImpl.getNewApplication over null after 4 failover attempts. Trying to failover after sleeping for 30800ms.
[2024-01-29T09:58:56.613+0000] {spark_submit.py:571} INFO - 24/01/29 09:58:56 INFO Client: Retrying connect to server: hadoopresourcemanager/<unresolved>:8032. Already tried 0 time(s); retry policy is RetryUpToMaximumCountWithFixedSleep(maxRetries=10, sleepTime=1000 MILLISECONDS)
[2024-01-29T09:58:57.613+0000] {spark_submit.py:571} INFO - 24/01/29 09:58:57 INFO Client: Retrying connect to server: hadoopresourcemanager/<unresolved>:8032. Already tried 1 time(s); retry policy is RetryUpToMaximumCountWithFixedSleep(maxRetries=10, sleepTime=1000 MILLISECONDS)
[2024-01-29T09:58:58.614+0000] {spark_submit.py:571} INFO - 24/01/29 09:58:58 INFO Client: Retrying connect to server: hadoopresourcemanager/<unresolved>:8032. Already tried 2 time(s); retry policy is RetryUpToMaximumCountWithFixedSleep(maxRetries=10, sleepTime=1000 MILLISECONDS)
[2024-01-29T09:58:59.615+0000] {spark_submit.py:571} INFO - 24/01/29 09:58:59 INFO Client: Retrying connect to server: hadoopresourcemanager/<unresolved>:8032. Already tried 3 time(s); retry policy is RetryUpToMaximumCountWithFixedSleep(maxRetries=10, sleepTime=1000 MILLISECONDS)
[2024-01-29T09:59:00.615+0000] {spark_submit.py:571} INFO - 24/01/29 09:59:00 INFO Client: Retrying connect to server: hadoopresourcemanager/<unresolved>:8032. Already tried 4 time(s); retry policy is RetryUpToMaximumCountWithFixedSleep(maxRetries=10, sleepTime=1000 MILLISECONDS)
[2024-01-29T09:59:01.618+0000] {spark_submit.py:571} INFO - 24/01/29 09:59:01 INFO Client: Retrying connect to server: hadoopresourcemanager/<unresolved>:8032. Already tried 5 time(s); retry policy is RetryUpToMaximumCountWithFixedSleep(maxRetries=10, sleepTime=1000 MILLISECONDS)
[2024-01-29T09:59:02.619+0000] {spark_submit.py:571} INFO - 24/01/29 09:59:02 INFO Client: Retrying connect to server: hadoopresourcemanager/<unresolved>:8032. Already tried 6 time(s); retry policy is RetryUpToMaximumCountWithFixedSleep(maxRetries=10, sleepTime=1000 MILLISECONDS)
[2024-01-29T09:59:03.619+0000] {spark_submit.py:571} INFO - 24/01/29 09:59:03 INFO Client: Retrying connect to server: hadoopresourcemanager/<unresolved>:8032. Already tried 7 time(s); retry policy is RetryUpToMaximumCountWithFixedSleep(maxRetries=10, sleepTime=1000 MILLISECONDS)
[2024-01-29T09:59:04.620+0000] {spark_submit.py:571} INFO - 24/01/29 09:59:04 INFO Client: Retrying connect to server: hadoopresourcemanager/<unresolved>:8032. Already tried 8 time(s); retry policy is RetryUpToMaximumCountWithFixedSleep(maxRetries=10, sleepTime=1000 MILLISECONDS)
[2024-01-29T09:59:05.622+0000] {spark_submit.py:571} INFO - 24/01/29 09:59:05 INFO Client: Retrying connect to server: hadoopresourcemanager/<unresolved>:8032. Already tried 9 time(s); retry policy is RetryUpToMaximumCountWithFixedSleep(maxRetries=10, sleepTime=1000 MILLISECONDS)
[2024-01-29T09:59:05.638+0000] {spark_submit.py:571} INFO - 24/01/29 09:59:05 INFO RetryInvocationHandler: java.net.UnknownHostException: Invalid host name: local host is: "instance-1/10.200.0.5"; destination host is: "hadoopresourcemanager":8032; java.net.UnknownHostException: Invalid host name: local host is: "instance-1/10.200.0.5"; destination host is: "hadoopresourcemanager":8032; java.net.UnknownHostException; For more details see:  http://wiki.apache.org/hadoop/UnknownHost; For more details see:  http://wiki.apache.org/hadoop/UnknownHost, while invoking ApplicationClientProtocolPBClientImpl.getNewApplication over null after 5 failover attempts. Trying to failover after sleeping for 21766ms.
[2024-01-29T09:59:28.422+0000] {spark_submit.py:571} INFO - 24/01/29 09:59:28 INFO Client: Retrying connect to server: hadoopresourcemanager/<unresolved>:8032. Already tried 0 time(s); retry policy is RetryUpToMaximumCountWithFixedSleep(maxRetries=10, sleepTime=1000 MILLISECONDS)
[2024-01-29T09:59:29.423+0000] {spark_submit.py:571} INFO - 24/01/29 09:59:29 INFO Client: Retrying connect to server: hadoopresourcemanager/<unresolved>:8032. Already tried 1 time(s); retry policy is RetryUpToMaximumCountWithFixedSleep(maxRetries=10, sleepTime=1000 MILLISECONDS)
[2024-01-29T09:59:30.423+0000] {spark_submit.py:571} INFO - 24/01/29 09:59:30 INFO Client: Retrying connect to server: hadoopresourcemanager/<unresolved>:8032. Already tried 2 time(s); retry policy is RetryUpToMaximumCountWithFixedSleep(maxRetries=10, sleepTime=1000 MILLISECONDS)
[2024-01-29T09:59:31.424+0000] {spark_submit.py:571} INFO - 24/01/29 09:59:31 INFO Client: Retrying connect to server: hadoopresourcemanager/<unresolved>:8032. Already tried 3 time(s); retry policy is RetryUpToMaximumCountWithFixedSleep(maxRetries=10, sleepTime=1000 MILLISECONDS)
[2024-01-29T09:59:32.425+0000] {spark_submit.py:571} INFO - 24/01/29 09:59:32 INFO Client: Retrying connect to server: hadoopresourcemanager/<unresolved>:8032. Already tried 4 time(s); retry policy is RetryUpToMaximumCountWithFixedSleep(maxRetries=10, sleepTime=1000 MILLISECONDS)
[2024-01-29T09:59:33.427+0000] {spark_submit.py:571} INFO - 24/01/29 09:59:33 INFO Client: Retrying connect to server: hadoopresourcemanager/<unresolved>:8032. Already tried 5 time(s); retry policy is RetryUpToMaximumCountWithFixedSleep(maxRetries=10, sleepTime=1000 MILLISECONDS)
[2024-01-29T09:59:34.428+0000] {spark_submit.py:571} INFO - 24/01/29 09:59:34 INFO Client: Retrying connect to server: hadoopresourcemanager/<unresolved>:8032. Already tried 6 time(s); retry policy is RetryUpToMaximumCountWithFixedSleep(maxRetries=10, sleepTime=1000 MILLISECONDS)
[2024-01-29T09:59:35.428+0000] {spark_submit.py:571} INFO - 24/01/29 09:59:35 INFO Client: Retrying connect to server: hadoopresourcemanager/<unresolved>:8032. Already tried 7 time(s); retry policy is RetryUpToMaximumCountWithFixedSleep(maxRetries=10, sleepTime=1000 MILLISECONDS)
[2024-01-29T09:59:36.429+0000] {spark_submit.py:571} INFO - 24/01/29 09:59:36 INFO Client: Retrying connect to server: hadoopresourcemanager/<unresolved>:8032. Already tried 8 time(s); retry policy is RetryUpToMaximumCountWithFixedSleep(maxRetries=10, sleepTime=1000 MILLISECONDS)
[2024-01-29T09:59:37.429+0000] {spark_submit.py:571} INFO - 24/01/29 09:59:37 INFO Client: Retrying connect to server: hadoopresourcemanager/<unresolved>:8032. Already tried 9 time(s); retry policy is RetryUpToMaximumCountWithFixedSleep(maxRetries=10, sleepTime=1000 MILLISECONDS)
[2024-01-29T09:59:37.447+0000] {spark_submit.py:571} INFO - 24/01/29 09:59:37 INFO RetryInvocationHandler: java.net.UnknownHostException: Invalid host name: local host is: "instance-1/10.200.0.5"; destination host is: "hadoopresourcemanager":8032; java.net.UnknownHostException: Invalid host name: local host is: "instance-1/10.200.0.5"; destination host is: "hadoopresourcemanager":8032; java.net.UnknownHostException; For more details see:  http://wiki.apache.org/hadoop/UnknownHost; For more details see:  http://wiki.apache.org/hadoop/UnknownHost, while invoking ApplicationClientProtocolPBClientImpl.getNewApplication over null after 6 failover attempts. Trying to failover after sleeping for 15922ms.
[2024-01-29T09:59:54.388+0000] {spark_submit.py:571} INFO - 24/01/29 09:59:54 INFO Client: Retrying connect to server: hadoopresourcemanager/<unresolved>:8032. Already tried 0 time(s); retry policy is RetryUpToMaximumCountWithFixedSleep(maxRetries=10, sleepTime=1000 MILLISECONDS)
[2024-01-29T09:59:55.389+0000] {spark_submit.py:571} INFO - 24/01/29 09:59:55 INFO Client: Retrying connect to server: hadoopresourcemanager/<unresolved>:8032. Already tried 1 time(s); retry policy is RetryUpToMaximumCountWithFixedSleep(maxRetries=10, sleepTime=1000 MILLISECONDS)
[2024-01-29T09:59:56.389+0000] {spark_submit.py:571} INFO - 24/01/29 09:59:56 INFO Client: Retrying connect to server: hadoopresourcemanager/<unresolved>:8032. Already tried 2 time(s); retry policy is RetryUpToMaximumCountWithFixedSleep(maxRetries=10, sleepTime=1000 MILLISECONDS)
[2024-01-29T09:59:57.390+0000] {spark_submit.py:571} INFO - 24/01/29 09:59:57 INFO Client: Retrying connect to server: hadoopresourcemanager/<unresolved>:8032. Already tried 3 time(s); retry policy is RetryUpToMaximumCountWithFixedSleep(maxRetries=10, sleepTime=1000 MILLISECONDS)
[2024-01-29T09:59:58.390+0000] {spark_submit.py:571} INFO - 24/01/29 09:59:58 INFO Client: Retrying connect to server: hadoopresourcemanager/<unresolved>:8032. Already tried 4 time(s); retry policy is RetryUpToMaximumCountWithFixedSleep(maxRetries=10, sleepTime=1000 MILLISECONDS)
[2024-01-29T09:59:59.394+0000] {spark_submit.py:571} INFO - 24/01/29 09:59:59 INFO Client: Retrying connect to server: hadoopresourcemanager/<unresolved>:8032. Already tried 5 time(s); retry policy is RetryUpToMaximumCountWithFixedSleep(maxRetries=10, sleepTime=1000 MILLISECONDS)
[2024-01-29T10:00:00.394+0000] {spark_submit.py:571} INFO - 24/01/29 10:00:00 INFO Client: Retrying connect to server: hadoopresourcemanager/<unresolved>:8032. Already tried 6 time(s); retry policy is RetryUpToMaximumCountWithFixedSleep(maxRetries=10, sleepTime=1000 MILLISECONDS)
[2024-01-29T10:00:01.395+0000] {spark_submit.py:571} INFO - 24/01/29 10:00:01 INFO Client: Retrying connect to server: hadoopresourcemanager/<unresolved>:8032. Already tried 7 time(s); retry policy is RetryUpToMaximumCountWithFixedSleep(maxRetries=10, sleepTime=1000 MILLISECONDS)
[2024-01-29T10:00:02.395+0000] {spark_submit.py:571} INFO - 24/01/29 10:00:02 INFO Client: Retrying connect to server: hadoopresourcemanager/<unresolved>:8032. Already tried 8 time(s); retry policy is RetryUpToMaximumCountWithFixedSleep(maxRetries=10, sleepTime=1000 MILLISECONDS)
[2024-01-29T10:00:03.396+0000] {spark_submit.py:571} INFO - 24/01/29 10:00:03 INFO Client: Retrying connect to server: hadoopresourcemanager/<unresolved>:8032. Already tried 9 time(s); retry policy is RetryUpToMaximumCountWithFixedSleep(maxRetries=10, sleepTime=1000 MILLISECONDS)
[2024-01-29T10:00:03.414+0000] {spark_submit.py:571} INFO - 24/01/29 10:00:03 INFO RetryInvocationHandler: java.net.UnknownHostException: Invalid host name: local host is: "instance-1/10.200.0.5"; destination host is: "hadoopresourcemanager":8032; java.net.UnknownHostException: Invalid host name: local host is: "instance-1/10.200.0.5"; destination host is: "hadoopresourcemanager":8032; java.net.UnknownHostException; For more details see:  http://wiki.apache.org/hadoop/UnknownHost; For more details see:  http://wiki.apache.org/hadoop/UnknownHost, while invoking ApplicationClientProtocolPBClientImpl.getNewApplication over null after 7 failover attempts. Trying to failover after sleeping for 42782ms.
[2024-01-29T10:00:47.215+0000] {spark_submit.py:571} INFO - 24/01/29 10:00:47 INFO Client: Retrying connect to server: hadoopresourcemanager/<unresolved>:8032. Already tried 0 time(s); retry policy is RetryUpToMaximumCountWithFixedSleep(maxRetries=10, sleepTime=1000 MILLISECONDS)
[2024-01-29T10:00:48.215+0000] {spark_submit.py:571} INFO - 24/01/29 10:00:48 INFO Client: Retrying connect to server: hadoopresourcemanager/<unresolved>:8032. Already tried 1 time(s); retry policy is RetryUpToMaximumCountWithFixedSleep(maxRetries=10, sleepTime=1000 MILLISECONDS)
[2024-01-29T10:00:49.216+0000] {spark_submit.py:571} INFO - 24/01/29 10:00:49 INFO Client: Retrying connect to server: hadoopresourcemanager/<unresolved>:8032. Already tried 2 time(s); retry policy is RetryUpToMaximumCountWithFixedSleep(maxRetries=10, sleepTime=1000 MILLISECONDS)
[2024-01-29T10:00:50.216+0000] {spark_submit.py:571} INFO - 24/01/29 10:00:50 INFO Client: Retrying connect to server: hadoopresourcemanager/<unresolved>:8032. Already tried 3 time(s); retry policy is RetryUpToMaximumCountWithFixedSleep(maxRetries=10, sleepTime=1000 MILLISECONDS)
[2024-01-29T10:00:51.217+0000] {spark_submit.py:571} INFO - 24/01/29 10:00:51 INFO Client: Retrying connect to server: hadoopresourcemanager/<unresolved>:8032. Already tried 4 time(s); retry policy is RetryUpToMaximumCountWithFixedSleep(maxRetries=10, sleepTime=1000 MILLISECONDS)
[2024-01-29T10:00:52.220+0000] {spark_submit.py:571} INFO - 24/01/29 10:00:52 INFO Client: Retrying connect to server: hadoopresourcemanager/<unresolved>:8032. Already tried 5 time(s); retry policy is RetryUpToMaximumCountWithFixedSleep(maxRetries=10, sleepTime=1000 MILLISECONDS)
[2024-01-29T10:00:53.220+0000] {spark_submit.py:571} INFO - 24/01/29 10:00:53 INFO Client: Retrying connect to server: hadoopresourcemanager/<unresolved>:8032. Already tried 6 time(s); retry policy is RetryUpToMaximumCountWithFixedSleep(maxRetries=10, sleepTime=1000 MILLISECONDS)
[2024-01-29T10:00:54.221+0000] {spark_submit.py:571} INFO - 24/01/29 10:00:54 INFO Client: Retrying connect to server: hadoopresourcemanager/<unresolved>:8032. Already tried 7 time(s); retry policy is RetryUpToMaximumCountWithFixedSleep(maxRetries=10, sleepTime=1000 MILLISECONDS)
[2024-01-29T10:00:55.221+0000] {spark_submit.py:571} INFO - 24/01/29 10:00:55 INFO Client: Retrying connect to server: hadoopresourcemanager/<unresolved>:8032. Already tried 8 time(s); retry policy is RetryUpToMaximumCountWithFixedSleep(maxRetries=10, sleepTime=1000 MILLISECONDS)
[2024-01-29T10:00:56.222+0000] {spark_submit.py:571} INFO - 24/01/29 10:00:56 INFO Client: Retrying connect to server: hadoopresourcemanager/<unresolved>:8032. Already tried 9 time(s); retry policy is RetryUpToMaximumCountWithFixedSleep(maxRetries=10, sleepTime=1000 MILLISECONDS)
[2024-01-29T10:00:56.240+0000] {spark_submit.py:571} INFO - 24/01/29 10:00:56 INFO RetryInvocationHandler: java.net.UnknownHostException: Invalid host name: local host is: "instance-1/10.200.0.5"; destination host is: "hadoopresourcemanager":8032; java.net.UnknownHostException: Invalid host name: local host is: "instance-1/10.200.0.5"; destination host is: "hadoopresourcemanager":8032; java.net.UnknownHostException; For more details see:  http://wiki.apache.org/hadoop/UnknownHost; For more details see:  http://wiki.apache.org/hadoop/UnknownHost, while invoking ApplicationClientProtocolPBClientImpl.getNewApplication over null after 8 failover attempts. Trying to failover after sleeping for 29608ms.
[2024-01-29T10:01:26.867+0000] {spark_submit.py:571} INFO - 24/01/29 10:01:26 INFO Client: Retrying connect to server: hadoopresourcemanager/<unresolved>:8032. Already tried 0 time(s); retry policy is RetryUpToMaximumCountWithFixedSleep(maxRetries=10, sleepTime=1000 MILLISECONDS)
[2024-01-29T10:01:27.867+0000] {spark_submit.py:571} INFO - 24/01/29 10:01:27 INFO Client: Retrying connect to server: hadoopresourcemanager/<unresolved>:8032. Already tried 1 time(s); retry policy is RetryUpToMaximumCountWithFixedSleep(maxRetries=10, sleepTime=1000 MILLISECONDS)
[2024-01-29T10:01:28.868+0000] {spark_submit.py:571} INFO - 24/01/29 10:01:28 INFO Client: Retrying connect to server: hadoopresourcemanager/<unresolved>:8032. Already tried 2 time(s); retry policy is RetryUpToMaximumCountWithFixedSleep(maxRetries=10, sleepTime=1000 MILLISECONDS)
[2024-01-29T10:01:29.868+0000] {spark_submit.py:571} INFO - 24/01/29 10:01:29 INFO Client: Retrying connect to server: hadoopresourcemanager/<unresolved>:8032. Already tried 3 time(s); retry policy is RetryUpToMaximumCountWithFixedSleep(maxRetries=10, sleepTime=1000 MILLISECONDS)
[2024-01-29T10:01:30.869+0000] {spark_submit.py:571} INFO - 24/01/29 10:01:30 INFO Client: Retrying connect to server: hadoopresourcemanager/<unresolved>:8032. Already tried 4 time(s); retry policy is RetryUpToMaximumCountWithFixedSleep(maxRetries=10, sleepTime=1000 MILLISECONDS)
[2024-01-29T10:01:31.872+0000] {spark_submit.py:571} INFO - 24/01/29 10:01:31 INFO Client: Retrying connect to server: hadoopresourcemanager/<unresolved>:8032. Already tried 5 time(s); retry policy is RetryUpToMaximumCountWithFixedSleep(maxRetries=10, sleepTime=1000 MILLISECONDS)
[2024-01-29T10:01:32.872+0000] {spark_submit.py:571} INFO - 24/01/29 10:01:32 INFO Client: Retrying connect to server: hadoopresourcemanager/<unresolved>:8032. Already tried 6 time(s); retry policy is RetryUpToMaximumCountWithFixedSleep(maxRetries=10, sleepTime=1000 MILLISECONDS)
[2024-01-29T10:01:33.873+0000] {spark_submit.py:571} INFO - 24/01/29 10:01:33 INFO Client: Retrying connect to server: hadoopresourcemanager/<unresolved>:8032. Already tried 7 time(s); retry policy is RetryUpToMaximumCountWithFixedSleep(maxRetries=10, sleepTime=1000 MILLISECONDS)
[2024-01-29T10:01:34.873+0000] {spark_submit.py:571} INFO - 24/01/29 10:01:34 INFO Client: Retrying connect to server: hadoopresourcemanager/<unresolved>:8032. Already tried 8 time(s); retry policy is RetryUpToMaximumCountWithFixedSleep(maxRetries=10, sleepTime=1000 MILLISECONDS)
[2024-01-29T10:01:34.972+0000] {process_utils.py:131} INFO - Sending Signals.SIGTERM to group 83529. PIDs of all processes in the group: [83530, 83529]
[2024-01-29T10:01:34.973+0000] {process_utils.py:86} INFO - Sending the signal Signals.SIGTERM to group 83529
[2024-01-29T10:01:34.975+0000] {taskinstance.py:2450} ERROR - Received SIGTERM. Terminating subprocesses.
[2024-01-29T10:01:34.976+0000] {spark_submit.py:697} INFO - Sending kill signal to spark-submit
[2024-01-29T10:01:35.014+0000] {taskinstance.py:2698} ERROR - Task failed with exception
Traceback (most recent call last):
  File "/home/juniortemgoua0/DataLake/venv/lib/python3.8/site-packages/airflow/models/taskinstance.py", line 433, in _execute_task
    result = execute_callable(context=context, **execute_callable_kwargs)
  File "/home/juniortemgoua0/DataLake/venv/lib/python3.8/site-packages/airflow/providers/apache/spark/operators/spark_submit.py", line 174, in execute
    self._hook.submit(self._application)
  File "/home/juniortemgoua0/DataLake/venv/lib/python3.8/site-packages/airflow/providers/apache/spark/hooks/spark_submit.py", line 490, in submit
    self._process_spark_submit_log(iter(self._submit_sp.stdout))  # type: ignore
  File "/home/juniortemgoua0/DataLake/venv/lib/python3.8/site-packages/airflow/providers/apache/spark/hooks/spark_submit.py", line 539, in _process_spark_submit_log
    for line in itr:
  File "/home/juniortemgoua0/DataLake/venv/lib/python3.8/site-packages/airflow/models/taskinstance.py", line 2452, in signal_handler
    raise AirflowException("Task received SIGTERM signal")
airflow.exceptions.AirflowException: Task received SIGTERM signal
[2024-01-29T10:01:35.029+0000] {taskinstance.py:1138} INFO - Marking task as UP_FOR_RETRY. dag_id=manage_data_lake_dag, task_id=spark_job_formatted, execution_date=20240129T093126, start_date=20240129T095536, end_date=20240129T100135
[2024-01-29T10:01:35.090+0000] {standard_task_runner.py:107} ERROR - Failed to execute job 85 for task spark_job_formatted (Task received SIGTERM signal; 83529)
[2024-01-29T10:01:35.127+0000] {process_utils.py:79} INFO - Process psutil.Process(pid=83529, status='terminated', exitcode=1, started='09:55:36') (83529) terminated with exit code 1
[2024-01-29T10:01:35.127+0000] {process_utils.py:79} INFO - Process psutil.Process(pid=83530, status='terminated', started='09:55:36') (83530) terminated with exit code None
