[2024-01-31T07:36:12.960+0000] {taskinstance.py:1956} INFO - Dependencies all met for dep_context=non-requeueable deps ti=<TaskInstance: manage_data_lake_dag.local_job_raw_to_formatted manual__2024-01-31T07:32:03.310139+00:00 [queued]>
[2024-01-31T07:36:12.967+0000] {taskinstance.py:1956} INFO - Dependencies all met for dep_context=requeueable deps ti=<TaskInstance: manage_data_lake_dag.local_job_raw_to_formatted manual__2024-01-31T07:32:03.310139+00:00 [queued]>
[2024-01-31T07:36:12.967+0000] {taskinstance.py:2170} INFO - Starting attempt 1 of 6
[2024-01-31T07:36:12.983+0000] {taskinstance.py:2191} INFO - Executing <Task(SparkSubmitOperator): local_job_raw_to_formatted> on 2024-01-31 07:32:03.310139+00:00
[2024-01-31T07:36:12.988+0000] {standard_task_runner.py:60} INFO - Started process 134782 to run task
[2024-01-31T07:36:12.994+0000] {standard_task_runner.py:87} INFO - Running: ['airflow', 'tasks', 'run', 'manage_data_lake_dag', 'local_job_raw_to_formatted', 'manual__2024-01-31T07:32:03.310139+00:00', '--job-id', '446', '--raw', '--subdir', 'DAGS_FOLDER/data_lake_dag.py', '--cfg-path', '/tmp/tmpbqlvwcjd']
[2024-01-31T07:36:12.998+0000] {standard_task_runner.py:88} INFO - Job 446: Subtask local_job_raw_to_formatted
[2024-01-31T07:36:13.047+0000] {task_command.py:423} INFO - Running <TaskInstance: manage_data_lake_dag.local_job_raw_to_formatted manual__2024-01-31T07:32:03.310139+00:00 [running]> on host instance-1.europe-west9-a.c.data-lake-project-409321.internal
[2024-01-31T07:36:13.118+0000] {taskinstance.py:2480} INFO - Exporting env vars: AIRFLOW_CTX_DAG_OWNER='juniortemgoua0' AIRFLOW_CTX_DAG_ID='manage_data_lake_dag' AIRFLOW_CTX_TASK_ID='local_job_raw_to_formatted' AIRFLOW_CTX_EXECUTION_DATE='2024-01-31T07:32:03.310139+00:00' AIRFLOW_CTX_TRY_NUMBER='1' AIRFLOW_CTX_DAG_RUN_ID='manual__2024-01-31T07:32:03.310139+00:00'
[2024-01-31T07:36:13.126+0000] {base.py:83} INFO - Using connection ID 'spark_default' for task execution.
[2024-01-31T07:36:13.128+0000] {spark_submit.py:401} INFO - Spark-Submit cmd: spark-submit --master local[*] --conf spark.airflow.execution_date=2024-01-31 --name arrow-spark --class RawToFormatted --queue root.default --deploy-mode client /home/juniortemgoua0/DataLake/jobs/processes/scala/spark_process/target/scala-2.12/spark_job_2.12-0.1.0.jar hdfs://34.155.106.39:9000/datalake local-spark
[2024-01-31T07:36:17.690+0000] {spark_submit.py:571} INFO - 24/01/31 07:36:17 INFO SparkContext: Running Spark version 3.5.0
[2024-01-31T07:36:17.698+0000] {spark_submit.py:571} INFO - 24/01/31 07:36:17 INFO SparkContext: OS info Linux, 5.15.0-1049-gcp, amd64
[2024-01-31T07:36:17.699+0000] {spark_submit.py:571} INFO - 24/01/31 07:36:17 INFO SparkContext: Java version 17.0.9
[2024-01-31T07:36:17.867+0000] {spark_submit.py:571} INFO - 24/01/31 07:36:17 WARN NativeCodeLoader: Unable to load native-hadoop library for your platform... using builtin-java classes where applicable
[2024-01-31T07:36:18.116+0000] {spark_submit.py:571} INFO - 24/01/31 07:36:18 INFO ResourceUtils: ==============================================================
[2024-01-31T07:36:18.116+0000] {spark_submit.py:571} INFO - 24/01/31 07:36:18 INFO ResourceUtils: No custom resources configured for spark.driver.
[2024-01-31T07:36:18.117+0000] {spark_submit.py:571} INFO - 24/01/31 07:36:18 INFO ResourceUtils: ==============================================================
[2024-01-31T07:36:18.117+0000] {spark_submit.py:571} INFO - 24/01/31 07:36:18 INFO SparkContext: Submitted application: RawToFormatted
[2024-01-31T07:36:18.160+0000] {spark_submit.py:571} INFO - 24/01/31 07:36:18 INFO ResourceProfile: Default ResourceProfile created, executor resources: Map(cores -> name: cores, amount: 1, script: , vendor: , memory -> name: memory, amount: 1024, script: , vendor: , offHeap -> name: offHeap, amount: 0, script: , vendor: ), task resources: Map(cpus -> name: cpus, amount: 1.0)
[2024-01-31T07:36:18.175+0000] {spark_submit.py:571} INFO - 24/01/31 07:36:18 INFO ResourceProfile: Limiting resource is cpu
[2024-01-31T07:36:18.176+0000] {spark_submit.py:571} INFO - 24/01/31 07:36:18 INFO ResourceProfileManager: Added ResourceProfile id: 0
[2024-01-31T07:36:18.328+0000] {spark_submit.py:571} INFO - 24/01/31 07:36:18 INFO SecurityManager: Changing view acls to: juniortemgoua0
[2024-01-31T07:36:18.328+0000] {spark_submit.py:571} INFO - 24/01/31 07:36:18 INFO SecurityManager: Changing modify acls to: juniortemgoua0
[2024-01-31T07:36:18.329+0000] {spark_submit.py:571} INFO - 24/01/31 07:36:18 INFO SecurityManager: Changing view acls groups to:
[2024-01-31T07:36:18.329+0000] {spark_submit.py:571} INFO - 24/01/31 07:36:18 INFO SecurityManager: Changing modify acls groups to:
[2024-01-31T07:36:18.329+0000] {spark_submit.py:571} INFO - 24/01/31 07:36:18 INFO SecurityManager: SecurityManager: authentication disabled; ui acls disabled; users with view permissions: juniortemgoua0; groups with view permissions: EMPTY; users with modify permissions: juniortemgoua0; groups with modify permissions: EMPTY
[2024-01-31T07:36:18.949+0000] {spark_submit.py:571} INFO - 24/01/31 07:36:18 INFO Utils: Successfully started service 'sparkDriver' on port 45925.
[2024-01-31T07:36:19.040+0000] {spark_submit.py:571} INFO - 24/01/31 07:36:19 INFO SparkEnv: Registering MapOutputTracker
[2024-01-31T07:36:19.129+0000] {spark_submit.py:571} INFO - 24/01/31 07:36:19 INFO SparkEnv: Registering BlockManagerMaster
[2024-01-31T07:36:19.167+0000] {spark_submit.py:571} INFO - 24/01/31 07:36:19 INFO BlockManagerMasterEndpoint: Using org.apache.spark.storage.DefaultTopologyMapper for getting topology information
[2024-01-31T07:36:19.168+0000] {spark_submit.py:571} INFO - 24/01/31 07:36:19 INFO BlockManagerMasterEndpoint: BlockManagerMasterEndpoint up
[2024-01-31T07:36:19.178+0000] {spark_submit.py:571} INFO - 24/01/31 07:36:19 INFO SparkEnv: Registering BlockManagerMasterHeartbeat
[2024-01-31T07:36:19.234+0000] {spark_submit.py:571} INFO - 24/01/31 07:36:19 INFO DiskBlockManager: Created local directory at /tmp/blockmgr-21b76039-49a8-4054-a2cb-2012a5bc254c
[2024-01-31T07:36:19.267+0000] {spark_submit.py:571} INFO - 24/01/31 07:36:19 INFO MemoryStore: MemoryStore started with capacity 434.4 MiB
[2024-01-31T07:36:19.301+0000] {spark_submit.py:571} INFO - 24/01/31 07:36:19 INFO SparkEnv: Registering OutputCommitCoordinator
[2024-01-31T07:36:19.622+0000] {spark_submit.py:571} INFO - 24/01/31 07:36:19 INFO JettyUtils: Start Jetty 0.0.0.0:4040 for SparkUI
[2024-01-31T07:36:19.761+0000] {spark_submit.py:571} INFO - 24/01/31 07:36:19 INFO Utils: Successfully started service 'SparkUI' on port 4040.
[2024-01-31T07:36:19.869+0000] {spark_submit.py:571} INFO - 24/01/31 07:36:19 INFO SparkContext: Added JAR file:/home/juniortemgoua0/DataLake/jobs/processes/scala/spark_process/target/scala-2.12/spark_job_2.12-0.1.0.jar at spark://instance-1.europe-west9-a.c.data-lake-project-409321.internal:45925/jars/spark_job_2.12-0.1.0.jar with timestamp 1706686577658
[2024-01-31T07:36:20.033+0000] {spark_submit.py:571} INFO - 24/01/31 07:36:20 INFO Executor: Starting executor ID driver on host instance-1.europe-west9-a.c.data-lake-project-409321.internal
[2024-01-31T07:36:20.035+0000] {spark_submit.py:571} INFO - 24/01/31 07:36:20 INFO Executor: OS info Linux, 5.15.0-1049-gcp, amd64
[2024-01-31T07:36:20.036+0000] {spark_submit.py:571} INFO - 24/01/31 07:36:20 INFO Executor: Java version 17.0.9
[2024-01-31T07:36:20.070+0000] {spark_submit.py:571} INFO - 24/01/31 07:36:20 INFO Executor: Starting executor with user classpath (userClassPathFirst = false): ''
[2024-01-31T07:36:20.072+0000] {spark_submit.py:571} INFO - 24/01/31 07:36:20 INFO Executor: Created or updated repl class loader org.apache.spark.util.MutableURLClassLoader@44af588b for default.
[2024-01-31T07:36:20.107+0000] {spark_submit.py:571} INFO - 24/01/31 07:36:20 INFO Executor: Fetching spark://instance-1.europe-west9-a.c.data-lake-project-409321.internal:45925/jars/spark_job_2.12-0.1.0.jar with timestamp 1706686577658
[2024-01-31T07:36:20.210+0000] {spark_submit.py:571} INFO - 24/01/31 07:36:20 INFO TransportClientFactory: Successfully created connection to instance-1.europe-west9-a.c.data-lake-project-409321.internal/10.200.0.5:45925 after 50 ms (0 ms spent in bootstraps)
[2024-01-31T07:36:20.232+0000] {spark_submit.py:571} INFO - 24/01/31 07:36:20 INFO Utils: Fetching spark://instance-1.europe-west9-a.c.data-lake-project-409321.internal:45925/jars/spark_job_2.12-0.1.0.jar to /tmp/spark-816a5c61-fda6-4154-9aba-f79ea8c9c3ba/userFiles-abec2805-2ad4-4dae-b782-5e0fa38b362a/fetchFileTemp15485585942453137910.tmp
[2024-01-31T07:36:20.311+0000] {spark_submit.py:571} INFO - 24/01/31 07:36:20 INFO Executor: Adding file:/tmp/spark-816a5c61-fda6-4154-9aba-f79ea8c9c3ba/userFiles-abec2805-2ad4-4dae-b782-5e0fa38b362a/spark_job_2.12-0.1.0.jar to class loader default
[2024-01-31T07:36:20.323+0000] {spark_submit.py:571} INFO - 24/01/31 07:36:20 INFO Utils: Successfully started service 'org.apache.spark.network.netty.NettyBlockTransferService' on port 36819.
[2024-01-31T07:36:20.324+0000] {spark_submit.py:571} INFO - 24/01/31 07:36:20 INFO NettyBlockTransferService: Server created on instance-1.europe-west9-a.c.data-lake-project-409321.internal:36819
[2024-01-31T07:36:20.326+0000] {spark_submit.py:571} INFO - 24/01/31 07:36:20 INFO BlockManager: Using org.apache.spark.storage.RandomBlockReplicationPolicy for block replication policy
[2024-01-31T07:36:20.341+0000] {spark_submit.py:571} INFO - 24/01/31 07:36:20 INFO BlockManagerMaster: Registering BlockManager BlockManagerId(driver, instance-1.europe-west9-a.c.data-lake-project-409321.internal, 36819, None)
[2024-01-31T07:36:20.347+0000] {spark_submit.py:571} INFO - 24/01/31 07:36:20 INFO BlockManagerMasterEndpoint: Registering block manager instance-1.europe-west9-a.c.data-lake-project-409321.internal:36819 with 434.4 MiB RAM, BlockManagerId(driver, instance-1.europe-west9-a.c.data-lake-project-409321.internal, 36819, None)
[2024-01-31T07:36:20.350+0000] {spark_submit.py:571} INFO - 24/01/31 07:36:20 INFO BlockManagerMaster: Registered BlockManager BlockManagerId(driver, instance-1.europe-west9-a.c.data-lake-project-409321.internal, 36819, None)
[2024-01-31T07:36:20.352+0000] {spark_submit.py:571} INFO - 24/01/31 07:36:20 INFO BlockManager: Initialized BlockManager: BlockManagerId(driver, instance-1.europe-west9-a.c.data-lake-project-409321.internal, 36819, None)
[2024-01-31T07:36:21.842+0000] {spark_submit.py:571} INFO - 24/01/31 07:36:21 INFO SharedState: Setting hive.metastore.warehouse.dir ('null') to the value of spark.sql.warehouse.dir.
[2024-01-31T07:36:21.856+0000] {spark_submit.py:571} INFO - 24/01/31 07:36:21 INFO SharedState: Warehouse path is 'file:/home/juniortemgoua0/DataLake/spark-warehouse'.
[2024-01-31T07:36:23.481+0000] {spark_submit.py:571} INFO - ************************************************
[2024-01-31T07:36:23.482+0000] {spark_submit.py:571} INFO - Date d'exécution  : 2024-01-31
[2024-01-31T07:36:23.482+0000] {spark_submit.py:571} INFO - ************************************************
[2024-01-31T07:36:44.486+0000] {spark_submit.py:571} INFO - 24/01/31 07:36:44 INFO Client: Retrying connect to server: 39.106.155.34.bc.googleusercontent.com/34.155.106.39:9000. Already tried 0 time(s); maxRetries=45
[2024-01-31T07:37:04.516+0000] {spark_submit.py:571} INFO - 24/01/31 07:37:04 INFO Client: Retrying connect to server: 39.106.155.34.bc.googleusercontent.com/34.155.106.39:9000. Already tried 1 time(s); maxRetries=45
[2024-01-31T07:37:24.537+0000] {spark_submit.py:571} INFO - 24/01/31 07:37:24 INFO Client: Retrying connect to server: 39.106.155.34.bc.googleusercontent.com/34.155.106.39:9000. Already tried 2 time(s); maxRetries=45
[2024-01-31T07:37:44.561+0000] {spark_submit.py:571} INFO - 24/01/31 07:37:44 INFO Client: Retrying connect to server: 39.106.155.34.bc.googleusercontent.com/34.155.106.39:9000. Already tried 3 time(s); maxRetries=45
[2024-01-31T07:38:04.575+0000] {spark_submit.py:571} INFO - 24/01/31 07:38:04 INFO Client: Retrying connect to server: 39.106.155.34.bc.googleusercontent.com/34.155.106.39:9000. Already tried 4 time(s); maxRetries=45
[2024-01-31T07:38:24.603+0000] {spark_submit.py:571} INFO - 24/01/31 07:38:24 INFO Client: Retrying connect to server: 39.106.155.34.bc.googleusercontent.com/34.155.106.39:9000. Already tried 5 time(s); maxRetries=45
[2024-01-31T07:38:44.624+0000] {spark_submit.py:571} INFO - 24/01/31 07:38:44 INFO Client: Retrying connect to server: 39.106.155.34.bc.googleusercontent.com/34.155.106.39:9000. Already tried 6 time(s); maxRetries=45
[2024-01-31T07:39:04.642+0000] {spark_submit.py:571} INFO - 24/01/31 07:39:04 INFO Client: Retrying connect to server: 39.106.155.34.bc.googleusercontent.com/34.155.106.39:9000. Already tried 7 time(s); maxRetries=45
[2024-01-31T07:39:24.662+0000] {spark_submit.py:571} INFO - 24/01/31 07:39:24 INFO Client: Retrying connect to server: 39.106.155.34.bc.googleusercontent.com/34.155.106.39:9000. Already tried 8 time(s); maxRetries=45
[2024-01-31T07:39:44.690+0000] {spark_submit.py:571} INFO - 24/01/31 07:39:44 INFO Client: Retrying connect to server: 39.106.155.34.bc.googleusercontent.com/34.155.106.39:9000. Already tried 9 time(s); maxRetries=45
[2024-01-31T07:40:04.709+0000] {spark_submit.py:571} INFO - 24/01/31 07:40:04 INFO Client: Retrying connect to server: 39.106.155.34.bc.googleusercontent.com/34.155.106.39:9000. Already tried 10 time(s); maxRetries=45
[2024-01-31T07:40:24.739+0000] {spark_submit.py:571} INFO - 24/01/31 07:40:24 INFO Client: Retrying connect to server: 39.106.155.34.bc.googleusercontent.com/34.155.106.39:9000. Already tried 11 time(s); maxRetries=45
[2024-01-31T07:40:44.753+0000] {spark_submit.py:571} INFO - 24/01/31 07:40:44 INFO Client: Retrying connect to server: 39.106.155.34.bc.googleusercontent.com/34.155.106.39:9000. Already tried 12 time(s); maxRetries=45
[2024-01-31T07:41:04.794+0000] {spark_submit.py:571} INFO - 24/01/31 07:41:04 INFO Client: Retrying connect to server: 39.106.155.34.bc.googleusercontent.com/34.155.106.39:9000. Already tried 13 time(s); maxRetries=45
[2024-01-31T07:41:24.816+0000] {spark_submit.py:571} INFO - 24/01/31 07:41:24 INFO Client: Retrying connect to server: 39.106.155.34.bc.googleusercontent.com/34.155.106.39:9000. Already tried 14 time(s); maxRetries=45
[2024-01-31T07:41:31.901+0000] {spark_submit.py:571} INFO - 24/01/31 07:41:31 WARN FileStreamSink: Assume no metadata directory. Error while looking for metadata directory in the path: hdfs://34.155.106.39:9000/datalake/raw/football_data/competitions/2024-01-31/*.json.
[2024-01-31T07:41:31.901+0000] {spark_submit.py:571} INFO - java.net.ConnectException: Call From instance-1/10.200.0.5 to 39.106.155.34.bc.googleusercontent.com:9000 failed on connection exception: java.net.ConnectException: Connection refused; For more details see:  http://wiki.apache.org/hadoop/ConnectionRefused
[2024-01-31T07:41:31.902+0000] {spark_submit.py:571} INFO - at java.base/jdk.internal.reflect.NativeConstructorAccessorImpl.newInstance0(Native Method)
[2024-01-31T07:41:31.902+0000] {spark_submit.py:571} INFO - at java.base/jdk.internal.reflect.NativeConstructorAccessorImpl.newInstance(NativeConstructorAccessorImpl.java:77)
[2024-01-31T07:41:31.902+0000] {spark_submit.py:571} INFO - at java.base/jdk.internal.reflect.DelegatingConstructorAccessorImpl.newInstance(DelegatingConstructorAccessorImpl.java:45)
[2024-01-31T07:41:31.902+0000] {spark_submit.py:571} INFO - at java.base/java.lang.reflect.Constructor.newInstanceWithCaller(Constructor.java:499)
[2024-01-31T07:41:31.902+0000] {spark_submit.py:571} INFO - at java.base/java.lang.reflect.Constructor.newInstance(Constructor.java:480)
[2024-01-31T07:41:31.903+0000] {spark_submit.py:571} INFO - at org.apache.hadoop.net.NetUtils.wrapWithMessage(NetUtils.java:913)
[2024-01-31T07:41:31.903+0000] {spark_submit.py:571} INFO - at org.apache.hadoop.net.NetUtils.wrapException(NetUtils.java:828)
[2024-01-31T07:41:31.903+0000] {spark_submit.py:571} INFO - at org.apache.hadoop.ipc.Client.getRpcResponse(Client.java:1616)
[2024-01-31T07:41:31.903+0000] {spark_submit.py:571} INFO - at org.apache.hadoop.ipc.Client.call(Client.java:1558)
[2024-01-31T07:41:31.903+0000] {spark_submit.py:571} INFO - at org.apache.hadoop.ipc.Client.call(Client.java:1455)
[2024-01-31T07:41:31.904+0000] {spark_submit.py:571} INFO - at org.apache.hadoop.ipc.ProtobufRpcEngine2$Invoker.invoke(ProtobufRpcEngine2.java:242)
[2024-01-31T07:41:31.904+0000] {spark_submit.py:571} INFO - at org.apache.hadoop.ipc.ProtobufRpcEngine2$Invoker.invoke(ProtobufRpcEngine2.java:129)
[2024-01-31T07:41:31.904+0000] {spark_submit.py:571} INFO - at jdk.proxy2/jdk.proxy2.$Proxy34.getFileInfo(Unknown Source)
[2024-01-31T07:41:31.904+0000] {spark_submit.py:571} INFO - at org.apache.hadoop.hdfs.protocolPB.ClientNamenodeProtocolTranslatorPB.getFileInfo(ClientNamenodeProtocolTranslatorPB.java:965)
[2024-01-31T07:41:31.904+0000] {spark_submit.py:571} INFO - at java.base/jdk.internal.reflect.NativeMethodAccessorImpl.invoke0(Native Method)
[2024-01-31T07:41:31.905+0000] {spark_submit.py:571} INFO - at java.base/jdk.internal.reflect.NativeMethodAccessorImpl.invoke(NativeMethodAccessorImpl.java:77)
[2024-01-31T07:41:31.905+0000] {spark_submit.py:571} INFO - at java.base/jdk.internal.reflect.DelegatingMethodAccessorImpl.invoke(DelegatingMethodAccessorImpl.java:43)
[2024-01-31T07:41:31.905+0000] {spark_submit.py:571} INFO - at java.base/java.lang.reflect.Method.invoke(Method.java:568)
[2024-01-31T07:41:31.905+0000] {spark_submit.py:571} INFO - at org.apache.hadoop.io.retry.RetryInvocationHandler.invokeMethod(RetryInvocationHandler.java:422)
[2024-01-31T07:41:31.905+0000] {spark_submit.py:571} INFO - at org.apache.hadoop.io.retry.RetryInvocationHandler$Call.invokeMethod(RetryInvocationHandler.java:165)
[2024-01-31T07:41:31.906+0000] {spark_submit.py:571} INFO - at org.apache.hadoop.io.retry.RetryInvocationHandler$Call.invoke(RetryInvocationHandler.java:157)
[2024-01-31T07:41:31.906+0000] {spark_submit.py:571} INFO - at org.apache.hadoop.io.retry.RetryInvocationHandler$Call.invokeOnce(RetryInvocationHandler.java:95)
[2024-01-31T07:41:31.906+0000] {spark_submit.py:571} INFO - at org.apache.hadoop.io.retry.RetryInvocationHandler.invoke(RetryInvocationHandler.java:359)
[2024-01-31T07:41:31.906+0000] {spark_submit.py:571} INFO - at jdk.proxy2/jdk.proxy2.$Proxy35.getFileInfo(Unknown Source)
[2024-01-31T07:41:31.906+0000] {spark_submit.py:571} INFO - at org.apache.hadoop.hdfs.DFSClient.getFileInfo(DFSClient.java:1739)
[2024-01-31T07:41:31.906+0000] {spark_submit.py:571} INFO - at org.apache.hadoop.hdfs.DistributedFileSystem$29.doCall(DistributedFileSystem.java:1753)
[2024-01-31T07:41:31.907+0000] {spark_submit.py:571} INFO - at org.apache.hadoop.hdfs.DistributedFileSystem$29.doCall(DistributedFileSystem.java:1750)
[2024-01-31T07:41:31.907+0000] {spark_submit.py:571} INFO - at org.apache.hadoop.fs.FileSystemLinkResolver.resolve(FileSystemLinkResolver.java:81)
[2024-01-31T07:41:31.907+0000] {spark_submit.py:571} INFO - at org.apache.hadoop.hdfs.DistributedFileSystem.getFileStatus(DistributedFileSystem.java:1765)
[2024-01-31T07:41:31.907+0000] {spark_submit.py:571} INFO - at org.apache.hadoop.fs.FileSystem.isDirectory(FileSystem.java:1777)
[2024-01-31T07:41:31.907+0000] {spark_submit.py:571} INFO - at org.apache.spark.sql.execution.streaming.FileStreamSink$.hasMetadata(FileStreamSink.scala:54)
[2024-01-31T07:41:31.908+0000] {spark_submit.py:571} INFO - at org.apache.spark.sql.execution.datasources.DataSource.resolveRelation(DataSource.scala:366)
[2024-01-31T07:41:31.908+0000] {spark_submit.py:571} INFO - at org.apache.spark.sql.DataFrameReader.loadV1Source(DataFrameReader.scala:229)
[2024-01-31T07:41:31.909+0000] {spark_submit.py:571} INFO - at org.apache.spark.sql.DataFrameReader.$anonfun$load$2(DataFrameReader.scala:211)
[2024-01-31T07:41:31.910+0000] {spark_submit.py:571} INFO - at scala.Option.getOrElse(Option.scala:189)
[2024-01-31T07:41:31.910+0000] {spark_submit.py:571} INFO - at org.apache.spark.sql.DataFrameReader.load(DataFrameReader.scala:211)
[2024-01-31T07:41:31.910+0000] {spark_submit.py:571} INFO - at org.apache.spark.sql.DataFrameReader.json(DataFrameReader.scala:362)
[2024-01-31T07:41:31.910+0000] {spark_submit.py:571} INFO - at org.apache.spark.sql.DataFrameReader.json(DataFrameReader.scala:341)
[2024-01-31T07:41:31.910+0000] {spark_submit.py:571} INFO - at RawToFormatted$.formattedCompetition(RawToFormatted.scala:44)
[2024-01-31T07:41:31.911+0000] {spark_submit.py:571} INFO - at RawToFormatted$.main(RawToFormatted.scala:31)
[2024-01-31T07:41:31.911+0000] {spark_submit.py:571} INFO - at RawToFormatted.main(RawToFormatted.scala)
[2024-01-31T07:41:31.915+0000] {spark_submit.py:571} INFO - at java.base/jdk.internal.reflect.NativeMethodAccessorImpl.invoke0(Native Method)
[2024-01-31T07:41:31.915+0000] {spark_submit.py:571} INFO - at java.base/jdk.internal.reflect.NativeMethodAccessorImpl.invoke(NativeMethodAccessorImpl.java:77)
[2024-01-31T07:41:31.915+0000] {spark_submit.py:571} INFO - at java.base/jdk.internal.reflect.DelegatingMethodAccessorImpl.invoke(DelegatingMethodAccessorImpl.java:43)
[2024-01-31T07:41:31.915+0000] {spark_submit.py:571} INFO - at java.base/java.lang.reflect.Method.invoke(Method.java:568)
[2024-01-31T07:41:31.915+0000] {spark_submit.py:571} INFO - at org.apache.spark.deploy.JavaMainApplication.start(SparkApplication.scala:52)
[2024-01-31T07:41:31.916+0000] {spark_submit.py:571} INFO - at org.apache.spark.deploy.SparkSubmit.org$apache$spark$deploy$SparkSubmit$$runMain(SparkSubmit.scala:1029)
[2024-01-31T07:41:31.916+0000] {spark_submit.py:571} INFO - at org.apache.spark.deploy.SparkSubmit.doRunMain$1(SparkSubmit.scala:194)
[2024-01-31T07:41:31.916+0000] {spark_submit.py:571} INFO - at org.apache.spark.deploy.SparkSubmit.submit(SparkSubmit.scala:217)
[2024-01-31T07:41:31.916+0000] {spark_submit.py:571} INFO - at org.apache.spark.deploy.SparkSubmit.doSubmit(SparkSubmit.scala:91)
[2024-01-31T07:41:31.916+0000] {spark_submit.py:571} INFO - at org.apache.spark.deploy.SparkSubmit$$anon$2.doSubmit(SparkSubmit.scala:1120)
[2024-01-31T07:41:31.919+0000] {spark_submit.py:571} INFO - at org.apache.spark.deploy.SparkSubmit$.main(SparkSubmit.scala:1129)
[2024-01-31T07:41:31.919+0000] {spark_submit.py:571} INFO - at org.apache.spark.deploy.SparkSubmit.main(SparkSubmit.scala)
[2024-01-31T07:41:31.919+0000] {spark_submit.py:571} INFO - Caused by: java.net.ConnectException: Connection refused
[2024-01-31T07:41:31.919+0000] {spark_submit.py:571} INFO - at java.base/sun.nio.ch.Net.pollConnect(Native Method)
[2024-01-31T07:41:31.919+0000] {spark_submit.py:571} INFO - at java.base/sun.nio.ch.Net.pollConnectNow(Net.java:672)
[2024-01-31T07:41:31.919+0000] {spark_submit.py:571} INFO - at java.base/sun.nio.ch.SocketChannelImpl.finishConnect(SocketChannelImpl.java:946)
[2024-01-31T07:41:31.920+0000] {spark_submit.py:571} INFO - at org.apache.hadoop.net.SocketIOWithTimeout.connect(SocketIOWithTimeout.java:205)
[2024-01-31T07:41:31.920+0000] {spark_submit.py:571} INFO - at org.apache.hadoop.net.NetUtils.connect(NetUtils.java:586)
[2024-01-31T07:41:31.920+0000] {spark_submit.py:571} INFO - at org.apache.hadoop.ipc.Client$Connection.setupConnection(Client.java:711)
[2024-01-31T07:41:31.920+0000] {spark_submit.py:571} INFO - at org.apache.hadoop.ipc.Client$Connection.setupIOstreams(Client.java:833)
[2024-01-31T07:41:31.920+0000] {spark_submit.py:571} INFO - at org.apache.hadoop.ipc.Client$Connection.access$3800(Client.java:414)
[2024-01-31T07:41:31.920+0000] {spark_submit.py:571} INFO - at org.apache.hadoop.ipc.Client.getConnection(Client.java:1677)
[2024-01-31T07:41:31.921+0000] {spark_submit.py:571} INFO - at org.apache.hadoop.ipc.Client.call(Client.java:1502)
[2024-01-31T07:41:31.921+0000] {spark_submit.py:571} INFO - ... 44 more
[2024-01-31T07:41:32.017+0000] {spark_submit.py:571} INFO - Exception in thread "main" java.net.ConnectException: Call From instance-1/10.200.0.5 to 39.106.155.34.bc.googleusercontent.com:9000 failed on connection exception: java.net.ConnectException: Connection refused; For more details see:  http://wiki.apache.org/hadoop/ConnectionRefused
[2024-01-31T07:41:32.017+0000] {spark_submit.py:571} INFO - at java.base/jdk.internal.reflect.NativeConstructorAccessorImpl.newInstance0(Native Method)
[2024-01-31T07:41:32.017+0000] {spark_submit.py:571} INFO - at java.base/jdk.internal.reflect.NativeConstructorAccessorImpl.newInstance(NativeConstructorAccessorImpl.java:77)
[2024-01-31T07:41:32.018+0000] {spark_submit.py:571} INFO - at java.base/jdk.internal.reflect.DelegatingConstructorAccessorImpl.newInstance(DelegatingConstructorAccessorImpl.java:45)
[2024-01-31T07:41:32.018+0000] {spark_submit.py:571} INFO - at java.base/java.lang.reflect.Constructor.newInstanceWithCaller(Constructor.java:499)
[2024-01-31T07:41:32.018+0000] {spark_submit.py:571} INFO - at java.base/java.lang.reflect.Constructor.newInstance(Constructor.java:480)
[2024-01-31T07:41:32.018+0000] {spark_submit.py:571} INFO - at org.apache.hadoop.net.NetUtils.wrapWithMessage(NetUtils.java:913)
[2024-01-31T07:41:32.018+0000] {spark_submit.py:571} INFO - at org.apache.hadoop.net.NetUtils.wrapException(NetUtils.java:828)
[2024-01-31T07:41:32.019+0000] {spark_submit.py:571} INFO - at org.apache.hadoop.ipc.Client.getRpcResponse(Client.java:1616)
[2024-01-31T07:41:32.019+0000] {spark_submit.py:571} INFO - at org.apache.hadoop.ipc.Client.call(Client.java:1558)
[2024-01-31T07:41:32.019+0000] {spark_submit.py:571} INFO - at org.apache.hadoop.ipc.Client.call(Client.java:1455)
[2024-01-31T07:41:32.019+0000] {spark_submit.py:571} INFO - at org.apache.hadoop.ipc.ProtobufRpcEngine2$Invoker.invoke(ProtobufRpcEngine2.java:242)
[2024-01-31T07:41:32.019+0000] {spark_submit.py:571} INFO - at org.apache.hadoop.ipc.ProtobufRpcEngine2$Invoker.invoke(ProtobufRpcEngine2.java:129)
[2024-01-31T07:41:32.020+0000] {spark_submit.py:571} INFO - at jdk.proxy2/jdk.proxy2.$Proxy34.getListing(Unknown Source)
[2024-01-31T07:41:32.020+0000] {spark_submit.py:571} INFO - at org.apache.hadoop.hdfs.protocolPB.ClientNamenodeProtocolTranslatorPB.getListing(ClientNamenodeProtocolTranslatorPB.java:688)
[2024-01-31T07:41:32.020+0000] {spark_submit.py:571} INFO - at java.base/jdk.internal.reflect.NativeMethodAccessorImpl.invoke0(Native Method)
[2024-01-31T07:41:32.020+0000] {spark_submit.py:571} INFO - at java.base/jdk.internal.reflect.NativeMethodAccessorImpl.invoke(NativeMethodAccessorImpl.java:77)
[2024-01-31T07:41:32.021+0000] {spark_submit.py:571} INFO - at java.base/jdk.internal.reflect.DelegatingMethodAccessorImpl.invoke(DelegatingMethodAccessorImpl.java:43)
[2024-01-31T07:41:32.021+0000] {spark_submit.py:571} INFO - at java.base/java.lang.reflect.Method.invoke(Method.java:568)
[2024-01-31T07:41:32.021+0000] {spark_submit.py:571} INFO - at org.apache.hadoop.io.retry.RetryInvocationHandler.invokeMethod(RetryInvocationHandler.java:422)
[2024-01-31T07:41:32.021+0000] {spark_submit.py:571} INFO - at org.apache.hadoop.io.retry.RetryInvocationHandler$Call.invokeMethod(RetryInvocationHandler.java:165)
[2024-01-31T07:41:32.021+0000] {spark_submit.py:571} INFO - at org.apache.hadoop.io.retry.RetryInvocationHandler$Call.invoke(RetryInvocationHandler.java:157)
[2024-01-31T07:41:32.022+0000] {spark_submit.py:571} INFO - at org.apache.hadoop.io.retry.RetryInvocationHandler$Call.invokeOnce(RetryInvocationHandler.java:95)
[2024-01-31T07:41:32.022+0000] {spark_submit.py:571} INFO - at org.apache.hadoop.io.retry.RetryInvocationHandler.invoke(RetryInvocationHandler.java:359)
[2024-01-31T07:41:32.022+0000] {spark_submit.py:571} INFO - at jdk.proxy2/jdk.proxy2.$Proxy35.getListing(Unknown Source)
[2024-01-31T07:41:32.022+0000] {spark_submit.py:571} INFO - at org.apache.hadoop.hdfs.DFSClient.listPaths(DFSClient.java:1702)
[2024-01-31T07:41:32.022+0000] {spark_submit.py:571} INFO - at org.apache.hadoop.hdfs.DFSClient.listPaths(DFSClient.java:1686)
[2024-01-31T07:41:32.023+0000] {spark_submit.py:571} INFO - at org.apache.hadoop.hdfs.DistributedFileSystem.listStatusInternal(DistributedFileSystem.java:1100)
[2024-01-31T07:41:32.023+0000] {spark_submit.py:571} INFO - at org.apache.hadoop.hdfs.DistributedFileSystem.access$600(DistributedFileSystem.java:147)
[2024-01-31T07:41:32.023+0000] {spark_submit.py:571} INFO - at org.apache.hadoop.hdfs.DistributedFileSystem$24.doCall(DistributedFileSystem.java:1175)
[2024-01-31T07:41:32.023+0000] {spark_submit.py:571} INFO - at org.apache.hadoop.hdfs.DistributedFileSystem$24.doCall(DistributedFileSystem.java:1172)
[2024-01-31T07:41:32.023+0000] {spark_submit.py:571} INFO - at org.apache.hadoop.fs.FileSystemLinkResolver.resolve(FileSystemLinkResolver.java:81)
[2024-01-31T07:41:32.024+0000] {spark_submit.py:571} INFO - at org.apache.hadoop.hdfs.DistributedFileSystem.listStatus(DistributedFileSystem.java:1182)
[2024-01-31T07:41:32.024+0000] {spark_submit.py:571} INFO - at org.apache.hadoop.fs.Globber.listStatus(Globber.java:128)
[2024-01-31T07:41:32.024+0000] {spark_submit.py:571} INFO - at org.apache.hadoop.fs.Globber.doGlob(Globber.java:291)
[2024-01-31T07:41:32.024+0000] {spark_submit.py:571} INFO - at org.apache.hadoop.fs.Globber.glob(Globber.java:202)
[2024-01-31T07:41:32.025+0000] {spark_submit.py:571} INFO - at org.apache.hadoop.fs.FileSystem.globStatus(FileSystem.java:2124)
[2024-01-31T07:41:32.025+0000] {spark_submit.py:571} INFO - at org.apache.spark.deploy.SparkHadoopUtil.globPath(SparkHadoopUtil.scala:238)
[2024-01-31T07:41:32.025+0000] {spark_submit.py:571} INFO - at org.apache.spark.sql.execution.datasources.DataSource$.$anonfun$checkAndGlobPathIfNecessary$3(DataSource.scala:737)
[2024-01-31T07:41:32.025+0000] {spark_submit.py:571} INFO - at org.apache.spark.util.ThreadUtils$.$anonfun$parmap$2(ThreadUtils.scala:380)
[2024-01-31T07:41:32.025+0000] {spark_submit.py:571} INFO - at scala.concurrent.Future$.$anonfun$apply$1(Future.scala:659)
[2024-01-31T07:41:32.025+0000] {spark_submit.py:571} INFO - at scala.util.Success.$anonfun$map$1(Try.scala:255)
[2024-01-31T07:41:32.026+0000] {spark_submit.py:571} INFO - at scala.util.Success.map(Try.scala:213)
[2024-01-31T07:41:32.026+0000] {spark_submit.py:571} INFO - at scala.concurrent.Future.$anonfun$map$1(Future.scala:292)
[2024-01-31T07:41:32.026+0000] {spark_submit.py:571} INFO - at scala.concurrent.impl.Promise.liftedTree1$1(Promise.scala:33)
[2024-01-31T07:41:32.026+0000] {spark_submit.py:571} INFO - at scala.concurrent.impl.Promise.$anonfun$transform$1(Promise.scala:33)
[2024-01-31T07:41:32.027+0000] {spark_submit.py:571} INFO - at scala.concurrent.impl.CallbackRunnable.run(Promise.scala:64)
[2024-01-31T07:41:32.028+0000] {spark_submit.py:571} INFO - at java.base/java.util.concurrent.ForkJoinTask$RunnableExecuteAction.exec(ForkJoinTask.java:1395)
[2024-01-31T07:41:32.028+0000] {spark_submit.py:571} INFO - at java.base/java.util.concurrent.ForkJoinTask.doExec(ForkJoinTask.java:373)
[2024-01-31T07:41:32.028+0000] {spark_submit.py:571} INFO - at java.base/java.util.concurrent.ForkJoinPool$WorkQueue.topLevelExec(ForkJoinPool.java:1182)
[2024-01-31T07:41:32.028+0000] {spark_submit.py:571} INFO - at java.base/java.util.concurrent.ForkJoinPool.scan(ForkJoinPool.java:1655)
[2024-01-31T07:41:32.028+0000] {spark_submit.py:571} INFO - at java.base/java.util.concurrent.ForkJoinPool.runWorker(ForkJoinPool.java:1622)
[2024-01-31T07:41:32.029+0000] {spark_submit.py:571} INFO - at java.base/java.util.concurrent.ForkJoinWorkerThread.run(ForkJoinWorkerThread.java:165)
[2024-01-31T07:41:32.029+0000] {spark_submit.py:571} INFO - Caused by: java.net.ConnectException: Connection refused
[2024-01-31T07:41:32.030+0000] {spark_submit.py:571} INFO - at java.base/sun.nio.ch.Net.pollConnect(Native Method)
[2024-01-31T07:41:32.030+0000] {spark_submit.py:571} INFO - at java.base/sun.nio.ch.Net.pollConnectNow(Net.java:672)
[2024-01-31T07:41:32.030+0000] {spark_submit.py:571} INFO - at java.base/sun.nio.ch.SocketChannelImpl.finishConnect(SocketChannelImpl.java:946)
[2024-01-31T07:41:32.030+0000] {spark_submit.py:571} INFO - at org.apache.hadoop.net.SocketIOWithTimeout.connect(SocketIOWithTimeout.java:205)
[2024-01-31T07:41:32.031+0000] {spark_submit.py:571} INFO - at org.apache.hadoop.net.NetUtils.connect(NetUtils.java:586)
[2024-01-31T07:41:32.031+0000] {spark_submit.py:571} INFO - at org.apache.hadoop.ipc.Client$Connection.setupConnection(Client.java:711)
[2024-01-31T07:41:32.031+0000] {spark_submit.py:571} INFO - at org.apache.hadoop.ipc.Client$Connection.setupIOstreams(Client.java:833)
[2024-01-31T07:41:32.031+0000] {spark_submit.py:571} INFO - at org.apache.hadoop.ipc.Client$Connection.access$3800(Client.java:414)
[2024-01-31T07:41:32.031+0000] {spark_submit.py:571} INFO - at org.apache.hadoop.ipc.Client.getConnection(Client.java:1677)
[2024-01-31T07:41:32.032+0000] {spark_submit.py:571} INFO - at org.apache.hadoop.ipc.Client.call(Client.java:1502)
[2024-01-31T07:41:32.032+0000] {spark_submit.py:571} INFO - ... 43 more
[2024-01-31T07:41:32.038+0000] {spark_submit.py:571} INFO - 24/01/31 07:41:32 INFO SparkContext: Invoking stop() from shutdown hook
[2024-01-31T07:41:32.039+0000] {spark_submit.py:571} INFO - 24/01/31 07:41:32 INFO SparkContext: SparkContext is stopping with exitCode 0.
[2024-01-31T07:41:32.057+0000] {spark_submit.py:571} INFO - 24/01/31 07:41:32 INFO SparkUI: Stopped Spark web UI at http://instance-1.europe-west9-a.c.data-lake-project-409321.internal:4040
[2024-01-31T07:41:32.084+0000] {spark_submit.py:571} INFO - 24/01/31 07:41:32 INFO MapOutputTrackerMasterEndpoint: MapOutputTrackerMasterEndpoint stopped!
[2024-01-31T07:41:32.103+0000] {spark_submit.py:571} INFO - 24/01/31 07:41:32 INFO MemoryStore: MemoryStore cleared
[2024-01-31T07:41:32.104+0000] {spark_submit.py:571} INFO - 24/01/31 07:41:32 INFO BlockManager: BlockManager stopped
[2024-01-31T07:41:32.112+0000] {spark_submit.py:571} INFO - 24/01/31 07:41:32 INFO BlockManagerMaster: BlockManagerMaster stopped
[2024-01-31T07:41:32.119+0000] {spark_submit.py:571} INFO - 24/01/31 07:41:32 INFO OutputCommitCoordinator$OutputCommitCoordinatorEndpoint: OutputCommitCoordinator stopped!
[2024-01-31T07:41:32.133+0000] {spark_submit.py:571} INFO - 24/01/31 07:41:32 INFO SparkContext: Successfully stopped SparkContext
[2024-01-31T07:41:32.133+0000] {spark_submit.py:571} INFO - 24/01/31 07:41:32 INFO ShutdownHookManager: Shutdown hook called
[2024-01-31T07:41:32.135+0000] {spark_submit.py:571} INFO - 24/01/31 07:41:32 INFO ShutdownHookManager: Deleting directory /tmp/spark-9ead4ae6-f885-4728-bdd9-03f098ea00bb
[2024-01-31T07:41:32.140+0000] {spark_submit.py:571} INFO - 24/01/31 07:41:32 INFO ShutdownHookManager: Deleting directory /tmp/spark-816a5c61-fda6-4154-9aba-f79ea8c9c3ba
[2024-01-31T07:41:32.204+0000] {taskinstance.py:2698} ERROR - Task failed with exception
Traceback (most recent call last):
  File "/home/juniortemgoua0/DataLake/venv/lib/python3.8/site-packages/airflow/models/taskinstance.py", line 433, in _execute_task
    result = execute_callable(context=context, **execute_callable_kwargs)
  File "/home/juniortemgoua0/DataLake/venv/lib/python3.8/site-packages/airflow/providers/apache/spark/operators/spark_submit.py", line 174, in execute
    self._hook.submit(self._application)
  File "/home/juniortemgoua0/DataLake/venv/lib/python3.8/site-packages/airflow/providers/apache/spark/hooks/spark_submit.py", line 502, in submit
    raise AirflowException(
airflow.exceptions.AirflowException: Cannot execute: spark-submit --master local[*] --conf spark.airflow.execution_date=2024-01-31 --name arrow-spark --class RawToFormatted --queue root.default --deploy-mode client /home/juniortemgoua0/DataLake/jobs/processes/scala/spark_process/target/scala-2.12/spark_job_2.12-0.1.0.jar hdfs://34.155.106.39:9000/datalake local-spark. Error code is: 1.
[2024-01-31T07:41:32.211+0000] {taskinstance.py:1138} INFO - Marking task as UP_FOR_RETRY. dag_id=manage_data_lake_dag, task_id=local_job_raw_to_formatted, execution_date=20240131T073203, start_date=20240131T073612, end_date=20240131T074132
[2024-01-31T07:41:32.228+0000] {standard_task_runner.py:107} ERROR - Failed to execute job 446 for task local_job_raw_to_formatted (Cannot execute: spark-submit --master local[*] --conf spark.airflow.execution_date=2024-01-31 --name arrow-spark --class RawToFormatted --queue root.default --deploy-mode client /home/juniortemgoua0/DataLake/jobs/processes/scala/spark_process/target/scala-2.12/spark_job_2.12-0.1.0.jar hdfs://34.155.106.39:9000/datalake local-spark. Error code is: 1.; 134782)
[2024-01-31T07:41:32.258+0000] {local_task_job_runner.py:234} INFO - Task exited with return code 1
[2024-01-31T07:41:32.282+0000] {taskinstance.py:3280} INFO - 0 downstream tasks scheduled from follow-on schedule check
