[2024-01-30T12:40:01.502+0000] {taskinstance.py:1956} INFO - Dependencies all met for dep_context=non-requeueable deps ti=<TaskInstance: manage_data_lake_dag.local_job_raw_to_formatted scheduled__2024-01-11T00:00:00+00:00 [queued]>
[2024-01-30T12:40:01.509+0000] {taskinstance.py:1956} INFO - Dependencies all met for dep_context=requeueable deps ti=<TaskInstance: manage_data_lake_dag.local_job_raw_to_formatted scheduled__2024-01-11T00:00:00+00:00 [queued]>
[2024-01-30T12:40:01.509+0000] {taskinstance.py:2170} INFO - Starting attempt 4 of 6
[2024-01-30T12:40:01.526+0000] {taskinstance.py:2191} INFO - Executing <Task(SparkSubmitOperator): local_job_raw_to_formatted> on 2024-01-11 00:00:00+00:00
[2024-01-30T12:40:01.531+0000] {standard_task_runner.py:60} INFO - Started process 28510 to run task
[2024-01-30T12:40:01.537+0000] {standard_task_runner.py:87} INFO - Running: ['airflow', 'tasks', 'run', 'manage_data_lake_dag', 'local_job_raw_to_formatted', 'scheduled__2024-01-11T00:00:00+00:00', '--job-id', '209', '--raw', '--subdir', 'DAGS_FOLDER/data_lake_dag.py', '--cfg-path', '/tmp/tmpxma2d55i']
[2024-01-30T12:40:01.540+0000] {standard_task_runner.py:88} INFO - Job 209: Subtask local_job_raw_to_formatted
[2024-01-30T12:40:01.590+0000] {task_command.py:423} INFO - Running <TaskInstance: manage_data_lake_dag.local_job_raw_to_formatted scheduled__2024-01-11T00:00:00+00:00 [running]> on host instance-1.europe-west9-a.c.data-lake-project-409321.internal
[2024-01-30T12:40:01.663+0000] {taskinstance.py:2480} INFO - Exporting env vars: AIRFLOW_CTX_DAG_OWNER='juniortemgoua0' AIRFLOW_CTX_DAG_ID='manage_data_lake_dag' AIRFLOW_CTX_TASK_ID='local_job_raw_to_formatted' AIRFLOW_CTX_EXECUTION_DATE='2024-01-11T00:00:00+00:00' AIRFLOW_CTX_TRY_NUMBER='4' AIRFLOW_CTX_DAG_RUN_ID='scheduled__2024-01-11T00:00:00+00:00'
[2024-01-30T12:40:01.671+0000] {base.py:83} INFO - Using connection ID 'spark_default' for task execution.
[2024-01-30T12:40:01.672+0000] {spark_submit.py:401} INFO - Spark-Submit cmd: spark-submit --master local[*] --conf spark.airflow.execution_date=2024-01-11 --name arrow-spark --class RawToFormatted --queue root.default --deploy-mode client /home/juniortemgoua0/DataLake/jobs/processes/scala/spark_process/target/scala-2.12/spark_job_2.12-0.1.0.jar hdfs://localhost:9000/data-lake
[2024-01-30T12:40:04.893+0000] {spark_submit.py:571} INFO - 24/01/30 12:40:04 INFO SparkContext: Running Spark version 3.5.0
[2024-01-30T12:40:04.898+0000] {spark_submit.py:571} INFO - 24/01/30 12:40:04 INFO SparkContext: OS info Linux, 5.15.0-1049-gcp, amd64
[2024-01-30T12:40:04.899+0000] {spark_submit.py:571} INFO - 24/01/30 12:40:04 INFO SparkContext: Java version 17.0.9
[2024-01-30T12:40:05.069+0000] {spark_submit.py:571} INFO - 24/01/30 12:40:05 WARN NativeCodeLoader: Unable to load native-hadoop library for your platform... using builtin-java classes where applicable
[2024-01-30T12:40:05.287+0000] {spark_submit.py:571} INFO - 24/01/30 12:40:05 INFO ResourceUtils: ==============================================================
[2024-01-30T12:40:05.291+0000] {spark_submit.py:571} INFO - 24/01/30 12:40:05 INFO ResourceUtils: No custom resources configured for spark.driver.
[2024-01-30T12:40:05.292+0000] {spark_submit.py:571} INFO - 24/01/30 12:40:05 INFO ResourceUtils: ==============================================================
[2024-01-30T12:40:05.294+0000] {spark_submit.py:571} INFO - 24/01/30 12:40:05 INFO SparkContext: Submitted application: RawToFormatted
[2024-01-30T12:40:05.349+0000] {spark_submit.py:571} INFO - 24/01/30 12:40:05 INFO ResourceProfile: Default ResourceProfile created, executor resources: Map(cores -> name: cores, amount: 1, script: , vendor: , memory -> name: memory, amount: 1024, script: , vendor: , offHeap -> name: offHeap, amount: 0, script: , vendor: ), task resources: Map(cpus -> name: cpus, amount: 1.0)
[2024-01-30T12:40:05.365+0000] {spark_submit.py:571} INFO - 24/01/30 12:40:05 INFO ResourceProfile: Limiting resource is cpu
[2024-01-30T12:40:05.367+0000] {spark_submit.py:571} INFO - 24/01/30 12:40:05 INFO ResourceProfileManager: Added ResourceProfile id: 0
[2024-01-30T12:40:05.466+0000] {spark_submit.py:571} INFO - 24/01/30 12:40:05 INFO SecurityManager: Changing view acls to: juniortemgoua0
[2024-01-30T12:40:05.468+0000] {spark_submit.py:571} INFO - 24/01/30 12:40:05 INFO SecurityManager: Changing modify acls to: juniortemgoua0
[2024-01-30T12:40:05.469+0000] {spark_submit.py:571} INFO - 24/01/30 12:40:05 INFO SecurityManager: Changing view acls groups to:
[2024-01-30T12:40:05.471+0000] {spark_submit.py:571} INFO - 24/01/30 12:40:05 INFO SecurityManager: Changing modify acls groups to:
[2024-01-30T12:40:05.472+0000] {spark_submit.py:571} INFO - 24/01/30 12:40:05 INFO SecurityManager: SecurityManager: authentication disabled; ui acls disabled; users with view permissions: juniortemgoua0; groups with view permissions: EMPTY; users with modify permissions: juniortemgoua0; groups with modify permissions: EMPTY
[2024-01-30T12:40:06.016+0000] {spark_submit.py:571} INFO - 24/01/30 12:40:06 INFO Utils: Successfully started service 'sparkDriver' on port 42173.
[2024-01-30T12:40:06.069+0000] {spark_submit.py:571} INFO - 24/01/30 12:40:06 INFO SparkEnv: Registering MapOutputTracker
[2024-01-30T12:40:06.140+0000] {spark_submit.py:571} INFO - 24/01/30 12:40:06 INFO SparkEnv: Registering BlockManagerMaster
[2024-01-30T12:40:06.177+0000] {spark_submit.py:571} INFO - 24/01/30 12:40:06 INFO BlockManagerMasterEndpoint: Using org.apache.spark.storage.DefaultTopologyMapper for getting topology information
[2024-01-30T12:40:06.178+0000] {spark_submit.py:571} INFO - 24/01/30 12:40:06 INFO BlockManagerMasterEndpoint: BlockManagerMasterEndpoint up
[2024-01-30T12:40:06.187+0000] {spark_submit.py:571} INFO - 24/01/30 12:40:06 INFO SparkEnv: Registering BlockManagerMasterHeartbeat
[2024-01-30T12:40:06.222+0000] {spark_submit.py:571} INFO - 24/01/30 12:40:06 INFO DiskBlockManager: Created local directory at /tmp/blockmgr-726eb9cc-a79a-43ca-9945-54a6cd1370aa
[2024-01-30T12:40:06.262+0000] {spark_submit.py:571} INFO - 24/01/30 12:40:06 INFO MemoryStore: MemoryStore started with capacity 434.4 MiB
[2024-01-30T12:40:06.303+0000] {spark_submit.py:571} INFO - 24/01/30 12:40:06 INFO SparkEnv: Registering OutputCommitCoordinator
[2024-01-30T12:40:06.512+0000] {spark_submit.py:571} INFO - 24/01/30 12:40:06 INFO JettyUtils: Start Jetty 0.0.0.0:4040 for SparkUI
[2024-01-30T12:40:06.639+0000] {spark_submit.py:571} INFO - 24/01/30 12:40:06 INFO Utils: Successfully started service 'SparkUI' on port 4040.
[2024-01-30T12:40:06.719+0000] {spark_submit.py:571} INFO - 24/01/30 12:40:06 INFO SparkContext: Added JAR file:/home/juniortemgoua0/DataLake/jobs/processes/scala/spark_process/target/scala-2.12/spark_job_2.12-0.1.0.jar at spark://instance-1.europe-west9-a.c.data-lake-project-409321.internal:42173/jars/spark_job_2.12-0.1.0.jar with timestamp 1706618404871
[2024-01-30T12:40:06.866+0000] {spark_submit.py:571} INFO - 24/01/30 12:40:06 INFO Executor: Starting executor ID driver on host instance-1.europe-west9-a.c.data-lake-project-409321.internal
[2024-01-30T12:40:06.868+0000] {spark_submit.py:571} INFO - 24/01/30 12:40:06 INFO Executor: OS info Linux, 5.15.0-1049-gcp, amd64
[2024-01-30T12:40:06.870+0000] {spark_submit.py:571} INFO - 24/01/30 12:40:06 INFO Executor: Java version 17.0.9
[2024-01-30T12:40:06.886+0000] {spark_submit.py:571} INFO - 24/01/30 12:40:06 INFO Executor: Starting executor with user classpath (userClassPathFirst = false): ''
[2024-01-30T12:40:06.888+0000] {spark_submit.py:571} INFO - 24/01/30 12:40:06 INFO Executor: Created or updated repl class loader org.apache.spark.util.MutableURLClassLoader@135a8c6f for default.
[2024-01-30T12:40:06.959+0000] {spark_submit.py:571} INFO - 24/01/30 12:40:06 INFO Executor: Fetching spark://instance-1.europe-west9-a.c.data-lake-project-409321.internal:42173/jars/spark_job_2.12-0.1.0.jar with timestamp 1706618404871
[2024-01-30T12:40:07.112+0000] {spark_submit.py:571} INFO - 24/01/30 12:40:07 INFO TransportClientFactory: Successfully created connection to instance-1.europe-west9-a.c.data-lake-project-409321.internal/10.200.0.5:42173 after 93 ms (0 ms spent in bootstraps)
[2024-01-30T12:40:07.130+0000] {spark_submit.py:571} INFO - 24/01/30 12:40:07 INFO Utils: Fetching spark://instance-1.europe-west9-a.c.data-lake-project-409321.internal:42173/jars/spark_job_2.12-0.1.0.jar to /tmp/spark-7fd6b433-00ac-4e9f-83a1-9bc49d059976/userFiles-bc7f8134-7440-4b62-9508-d855da143f39/fetchFileTemp10432899221567855616.tmp
[2024-01-30T12:40:07.192+0000] {spark_submit.py:571} INFO - 24/01/30 12:40:07 INFO Executor: Adding file:/tmp/spark-7fd6b433-00ac-4e9f-83a1-9bc49d059976/userFiles-bc7f8134-7440-4b62-9508-d855da143f39/spark_job_2.12-0.1.0.jar to class loader default
[2024-01-30T12:40:07.221+0000] {spark_submit.py:571} INFO - 24/01/30 12:40:07 INFO Utils: Successfully started service 'org.apache.spark.network.netty.NettyBlockTransferService' on port 39141.
[2024-01-30T12:40:07.221+0000] {spark_submit.py:571} INFO - 24/01/30 12:40:07 INFO NettyBlockTransferService: Server created on instance-1.europe-west9-a.c.data-lake-project-409321.internal:39141
[2024-01-30T12:40:07.222+0000] {spark_submit.py:571} INFO - 24/01/30 12:40:07 INFO BlockManager: Using org.apache.spark.storage.RandomBlockReplicationPolicy for block replication policy
[2024-01-30T12:40:07.240+0000] {spark_submit.py:571} INFO - 24/01/30 12:40:07 INFO BlockManagerMaster: Registering BlockManager BlockManagerId(driver, instance-1.europe-west9-a.c.data-lake-project-409321.internal, 39141, None)
[2024-01-30T12:40:07.246+0000] {spark_submit.py:571} INFO - 24/01/30 12:40:07 INFO BlockManagerMasterEndpoint: Registering block manager instance-1.europe-west9-a.c.data-lake-project-409321.internal:39141 with 434.4 MiB RAM, BlockManagerId(driver, instance-1.europe-west9-a.c.data-lake-project-409321.internal, 39141, None)
[2024-01-30T12:40:07.251+0000] {spark_submit.py:571} INFO - 24/01/30 12:40:07 INFO BlockManagerMaster: Registered BlockManager BlockManagerId(driver, instance-1.europe-west9-a.c.data-lake-project-409321.internal, 39141, None)
[2024-01-30T12:40:07.260+0000] {spark_submit.py:571} INFO - 24/01/30 12:40:07 INFO BlockManager: Initialized BlockManager: BlockManagerId(driver, instance-1.europe-west9-a.c.data-lake-project-409321.internal, 39141, None)
[2024-01-30T12:40:08.569+0000] {spark_submit.py:571} INFO - 24/01/30 12:40:08 INFO SharedState: Setting hive.metastore.warehouse.dir ('null') to the value of spark.sql.warehouse.dir.
[2024-01-30T12:40:08.584+0000] {spark_submit.py:571} INFO - 24/01/30 12:40:08 INFO SharedState: Warehouse path is 'file:/home/juniortemgoua0/DataLake/spark-warehouse'.
[2024-01-30T12:40:09.935+0000] {spark_submit.py:571} INFO - ************************************************
[2024-01-30T12:40:09.936+0000] {spark_submit.py:571} INFO - Date d'exécution  : 2024-01-11
[2024-01-30T12:40:09.937+0000] {spark_submit.py:571} INFO - ************************************************
[2024-01-30T12:40:11.258+0000] {spark_submit.py:571} INFO - Exception in thread "main" org.apache.spark.sql.AnalysisException: [PATH_NOT_FOUND] Path does not exist: hdfs://localhost:9000/data-lake/raw/football_data/competitions/2024-01-11/*.json.
[2024-01-30T12:40:11.259+0000] {spark_submit.py:571} INFO - at org.apache.spark.sql.errors.QueryCompilationErrors$.dataPathNotExistError(QueryCompilationErrors.scala:1500)
[2024-01-30T12:40:11.259+0000] {spark_submit.py:571} INFO - at org.apache.spark.sql.execution.datasources.DataSource$.$anonfun$checkAndGlobPathIfNecessary$3(DataSource.scala:743)
[2024-01-30T12:40:11.259+0000] {spark_submit.py:571} INFO - at org.apache.spark.util.ThreadUtils$.$anonfun$parmap$2(ThreadUtils.scala:380)
[2024-01-30T12:40:11.259+0000] {spark_submit.py:571} INFO - at scala.concurrent.Future$.$anonfun$apply$1(Future.scala:659)
[2024-01-30T12:40:11.259+0000] {spark_submit.py:571} INFO - at scala.util.Success.$anonfun$map$1(Try.scala:255)
[2024-01-30T12:40:11.260+0000] {spark_submit.py:571} INFO - at scala.util.Success.map(Try.scala:213)
[2024-01-30T12:40:11.260+0000] {spark_submit.py:571} INFO - at scala.concurrent.Future.$anonfun$map$1(Future.scala:292)
[2024-01-30T12:40:11.260+0000] {spark_submit.py:571} INFO - at scala.concurrent.impl.Promise.liftedTree1$1(Promise.scala:33)
[2024-01-30T12:40:11.260+0000] {spark_submit.py:571} INFO - at scala.concurrent.impl.Promise.$anonfun$transform$1(Promise.scala:33)
[2024-01-30T12:40:11.260+0000] {spark_submit.py:571} INFO - at scala.concurrent.impl.CallbackRunnable.run(Promise.scala:64)
[2024-01-30T12:40:11.260+0000] {spark_submit.py:571} INFO - at java.base/java.util.concurrent.ForkJoinTask$RunnableExecuteAction.exec(ForkJoinTask.java:1395)
[2024-01-30T12:40:11.261+0000] {spark_submit.py:571} INFO - at java.base/java.util.concurrent.ForkJoinTask.doExec(ForkJoinTask.java:373)
[2024-01-30T12:40:11.261+0000] {spark_submit.py:571} INFO - at java.base/java.util.concurrent.ForkJoinPool$WorkQueue.topLevelExec(ForkJoinPool.java:1182)
[2024-01-30T12:40:11.261+0000] {spark_submit.py:571} INFO - at java.base/java.util.concurrent.ForkJoinPool.scan(ForkJoinPool.java:1655)
[2024-01-30T12:40:11.261+0000] {spark_submit.py:571} INFO - at java.base/java.util.concurrent.ForkJoinPool.runWorker(ForkJoinPool.java:1622)
[2024-01-30T12:40:11.261+0000] {spark_submit.py:571} INFO - at java.base/java.util.concurrent.ForkJoinWorkerThread.run(ForkJoinWorkerThread.java:165)
[2024-01-30T12:40:11.270+0000] {spark_submit.py:571} INFO - 24/01/30 12:40:11 INFO SparkContext: Invoking stop() from shutdown hook
[2024-01-30T12:40:11.271+0000] {spark_submit.py:571} INFO - 24/01/30 12:40:11 INFO SparkContext: SparkContext is stopping with exitCode 0.
[2024-01-30T12:40:11.309+0000] {spark_submit.py:571} INFO - 24/01/30 12:40:11 INFO SparkUI: Stopped Spark web UI at http://instance-1.europe-west9-a.c.data-lake-project-409321.internal:4040
[2024-01-30T12:40:11.351+0000] {spark_submit.py:571} INFO - 24/01/30 12:40:11 INFO MapOutputTrackerMasterEndpoint: MapOutputTrackerMasterEndpoint stopped!
[2024-01-30T12:40:11.394+0000] {spark_submit.py:571} INFO - 24/01/30 12:40:11 INFO MemoryStore: MemoryStore cleared
[2024-01-30T12:40:11.394+0000] {spark_submit.py:571} INFO - 24/01/30 12:40:11 INFO BlockManager: BlockManager stopped
[2024-01-30T12:40:11.405+0000] {spark_submit.py:571} INFO - 24/01/30 12:40:11 INFO BlockManagerMaster: BlockManagerMaster stopped
[2024-01-30T12:40:11.409+0000] {spark_submit.py:571} INFO - 24/01/30 12:40:11 INFO OutputCommitCoordinator$OutputCommitCoordinatorEndpoint: OutputCommitCoordinator stopped!
[2024-01-30T12:40:11.424+0000] {spark_submit.py:571} INFO - 24/01/30 12:40:11 INFO SparkContext: Successfully stopped SparkContext
[2024-01-30T12:40:11.424+0000] {spark_submit.py:571} INFO - 24/01/30 12:40:11 INFO ShutdownHookManager: Shutdown hook called
[2024-01-30T12:40:11.425+0000] {spark_submit.py:571} INFO - 24/01/30 12:40:11 INFO ShutdownHookManager: Deleting directory /tmp/spark-5ace4d6e-a3a3-493c-86cb-8e15624267bf
[2024-01-30T12:40:11.434+0000] {spark_submit.py:571} INFO - 24/01/30 12:40:11 INFO ShutdownHookManager: Deleting directory /tmp/spark-7fd6b433-00ac-4e9f-83a1-9bc49d059976
[2024-01-30T12:40:11.502+0000] {taskinstance.py:2698} ERROR - Task failed with exception
Traceback (most recent call last):
  File "/home/juniortemgoua0/DataLake/venv/lib/python3.8/site-packages/airflow/models/taskinstance.py", line 433, in _execute_task
    result = execute_callable(context=context, **execute_callable_kwargs)
  File "/home/juniortemgoua0/DataLake/venv/lib/python3.8/site-packages/airflow/providers/apache/spark/operators/spark_submit.py", line 174, in execute
    self._hook.submit(self._application)
  File "/home/juniortemgoua0/DataLake/venv/lib/python3.8/site-packages/airflow/providers/apache/spark/hooks/spark_submit.py", line 502, in submit
    raise AirflowException(
airflow.exceptions.AirflowException: Cannot execute: spark-submit --master local[*] --conf spark.airflow.execution_date=2024-01-11 --name arrow-spark --class RawToFormatted --queue root.default --deploy-mode client /home/juniortemgoua0/DataLake/jobs/processes/scala/spark_process/target/scala-2.12/spark_job_2.12-0.1.0.jar hdfs://localhost:9000/data-lake. Error code is: 1.
[2024-01-30T12:40:11.506+0000] {taskinstance.py:1138} INFO - Marking task as UP_FOR_RETRY. dag_id=manage_data_lake_dag, task_id=local_job_raw_to_formatted, execution_date=20240111T000000, start_date=20240130T124001, end_date=20240130T124011
[2024-01-30T12:40:11.523+0000] {standard_task_runner.py:107} ERROR - Failed to execute job 209 for task local_job_raw_to_formatted (Cannot execute: spark-submit --master local[*] --conf spark.airflow.execution_date=2024-01-11 --name arrow-spark --class RawToFormatted --queue root.default --deploy-mode client /home/juniortemgoua0/DataLake/jobs/processes/scala/spark_process/target/scala-2.12/spark_job_2.12-0.1.0.jar hdfs://localhost:9000/data-lake. Error code is: 1.; 28510)
[2024-01-30T12:40:11.547+0000] {local_task_job_runner.py:234} INFO - Task exited with return code 1
[2024-01-30T12:40:11.565+0000] {taskinstance.py:3280} INFO - 0 downstream tasks scheduled from follow-on schedule check
