[2024-01-30T02:54:03.753+0000] {taskinstance.py:1956} INFO - Dependencies all met for dep_context=non-requeueable deps ti=<TaskInstance: manage_data_lake_dag.local_job_raw_to_formatted scheduled__2024-01-11T00:00:00+00:00 [queued]>
[2024-01-30T02:54:03.773+0000] {taskinstance.py:1956} INFO - Dependencies all met for dep_context=requeueable deps ti=<TaskInstance: manage_data_lake_dag.local_job_raw_to_formatted scheduled__2024-01-11T00:00:00+00:00 [queued]>
[2024-01-30T02:54:03.774+0000] {taskinstance.py:2170} INFO - Starting attempt 2 of 6
[2024-01-30T02:54:03.794+0000] {taskinstance.py:2191} INFO - Executing <Task(SparkSubmitOperator): local_job_raw_to_formatted> on 2024-01-11 00:00:00+00:00
[2024-01-30T02:54:03.804+0000] {standard_task_runner.py:60} INFO - Started process 18808 to run task
[2024-01-30T02:54:03.816+0000] {standard_task_runner.py:87} INFO - Running: ['airflow', 'tasks', 'run', 'manage_data_lake_dag', 'local_job_raw_to_formatted', 'scheduled__2024-01-11T00:00:00+00:00', '--job-id', '181', '--raw', '--subdir', 'DAGS_FOLDER/data_lake_dag.py', '--cfg-path', '/tmp/tmp6wbqws2t']
[2024-01-30T02:54:03.827+0000] {standard_task_runner.py:88} INFO - Job 181: Subtask local_job_raw_to_formatted
[2024-01-30T02:54:03.907+0000] {task_command.py:423} INFO - Running <TaskInstance: manage_data_lake_dag.local_job_raw_to_formatted scheduled__2024-01-11T00:00:00+00:00 [running]> on host instance-1.europe-west9-a.c.data-lake-project-409321.internal
[2024-01-30T02:54:04.100+0000] {taskinstance.py:2480} INFO - Exporting env vars: AIRFLOW_CTX_DAG_OWNER='juniortemgoua0' AIRFLOW_CTX_DAG_ID='manage_data_lake_dag' AIRFLOW_CTX_TASK_ID='local_job_raw_to_formatted' AIRFLOW_CTX_EXECUTION_DATE='2024-01-11T00:00:00+00:00' AIRFLOW_CTX_TRY_NUMBER='2' AIRFLOW_CTX_DAG_RUN_ID='scheduled__2024-01-11T00:00:00+00:00'
[2024-01-30T02:54:04.121+0000] {base.py:83} INFO - Using connection ID 'spark_default' for task execution.
[2024-01-30T02:54:04.123+0000] {spark_submit.py:401} INFO - Spark-Submit cmd: spark-submit --master local[*] --conf spark.airflow.execution_date=2024-01-11 --name arrow-spark --class RawToFormatted --queue root.default --deploy-mode client /home/juniortemgoua0/DataLake/jobs/processes/scala/spark_process/target/scala-2.12/spark_job_2.12-0.1.0.jar hdfs://localhost:9000/data-lake
[2024-01-30T02:54:08.921+0000] {spark_submit.py:571} INFO - 24/01/30 02:54:08 INFO SparkContext: Running Spark version 3.5.0
[2024-01-30T02:54:08.926+0000] {spark_submit.py:571} INFO - 24/01/30 02:54:08 INFO SparkContext: OS info Linux, 5.15.0-1049-gcp, amd64
[2024-01-30T02:54:08.927+0000] {spark_submit.py:571} INFO - 24/01/30 02:54:08 INFO SparkContext: Java version 17.0.9
[2024-01-30T02:54:09.053+0000] {spark_submit.py:571} INFO - 24/01/30 02:54:09 WARN NativeCodeLoader: Unable to load native-hadoop library for your platform... using builtin-java classes where applicable
[2024-01-30T02:54:09.312+0000] {spark_submit.py:571} INFO - 24/01/30 02:54:09 INFO ResourceUtils: ==============================================================
[2024-01-30T02:54:09.315+0000] {spark_submit.py:571} INFO - 24/01/30 02:54:09 INFO ResourceUtils: No custom resources configured for spark.driver.
[2024-01-30T02:54:09.317+0000] {spark_submit.py:571} INFO - 24/01/30 02:54:09 INFO ResourceUtils: ==============================================================
[2024-01-30T02:54:09.319+0000] {spark_submit.py:571} INFO - 24/01/30 02:54:09 INFO SparkContext: Submitted application: RawToFormatted
[2024-01-30T02:54:09.386+0000] {spark_submit.py:571} INFO - 24/01/30 02:54:09 INFO ResourceProfile: Default ResourceProfile created, executor resources: Map(cores -> name: cores, amount: 1, script: , vendor: , memory -> name: memory, amount: 1024, script: , vendor: , offHeap -> name: offHeap, amount: 0, script: , vendor: ), task resources: Map(cpus -> name: cpus, amount: 1.0)
[2024-01-30T02:54:09.401+0000] {spark_submit.py:571} INFO - 24/01/30 02:54:09 INFO ResourceProfile: Limiting resource is cpu
[2024-01-30T02:54:09.403+0000] {spark_submit.py:571} INFO - 24/01/30 02:54:09 INFO ResourceProfileManager: Added ResourceProfile id: 0
[2024-01-30T02:54:09.533+0000] {spark_submit.py:571} INFO - 24/01/30 02:54:09 INFO SecurityManager: Changing view acls to: juniortemgoua0
[2024-01-30T02:54:09.535+0000] {spark_submit.py:571} INFO - 24/01/30 02:54:09 INFO SecurityManager: Changing modify acls to: juniortemgoua0
[2024-01-30T02:54:09.538+0000] {spark_submit.py:571} INFO - 24/01/30 02:54:09 INFO SecurityManager: Changing view acls groups to:
[2024-01-30T02:54:09.540+0000] {spark_submit.py:571} INFO - 24/01/30 02:54:09 INFO SecurityManager: Changing modify acls groups to:
[2024-01-30T02:54:09.541+0000] {spark_submit.py:571} INFO - 24/01/30 02:54:09 INFO SecurityManager: SecurityManager: authentication disabled; ui acls disabled; users with view permissions: juniortemgoua0; groups with view permissions: EMPTY; users with modify permissions: juniortemgoua0; groups with modify permissions: EMPTY
[2024-01-30T02:54:10.001+0000] {spark_submit.py:571} INFO - 24/01/30 02:54:10 INFO Utils: Successfully started service 'sparkDriver' on port 40003.
[2024-01-30T02:54:10.075+0000] {spark_submit.py:571} INFO - 24/01/30 02:54:10 INFO SparkEnv: Registering MapOutputTracker
[2024-01-30T02:54:10.178+0000] {spark_submit.py:571} INFO - 24/01/30 02:54:10 INFO SparkEnv: Registering BlockManagerMaster
[2024-01-30T02:54:10.219+0000] {spark_submit.py:571} INFO - 24/01/30 02:54:10 INFO BlockManagerMasterEndpoint: Using org.apache.spark.storage.DefaultTopologyMapper for getting topology information
[2024-01-30T02:54:10.221+0000] {spark_submit.py:571} INFO - 24/01/30 02:54:10 INFO BlockManagerMasterEndpoint: BlockManagerMasterEndpoint up
[2024-01-30T02:54:10.229+0000] {spark_submit.py:571} INFO - 24/01/30 02:54:10 INFO SparkEnv: Registering BlockManagerMasterHeartbeat
[2024-01-30T02:54:10.255+0000] {spark_submit.py:571} INFO - 24/01/30 02:54:10 INFO DiskBlockManager: Created local directory at /tmp/blockmgr-81375ce8-0122-4c35-ac4f-6f17960ea0dd
[2024-01-30T02:54:10.285+0000] {spark_submit.py:571} INFO - 24/01/30 02:54:10 INFO MemoryStore: MemoryStore started with capacity 434.4 MiB
[2024-01-30T02:54:10.319+0000] {spark_submit.py:571} INFO - 24/01/30 02:54:10 INFO SparkEnv: Registering OutputCommitCoordinator
[2024-01-30T02:54:10.531+0000] {spark_submit.py:571} INFO - 24/01/30 02:54:10 INFO JettyUtils: Start Jetty 0.0.0.0:4040 for SparkUI
[2024-01-30T02:54:10.738+0000] {spark_submit.py:571} INFO - 24/01/30 02:54:10 INFO Utils: Successfully started service 'SparkUI' on port 4040.
[2024-01-30T02:54:10.808+0000] {spark_submit.py:571} INFO - 24/01/30 02:54:10 INFO SparkContext: Added JAR file:/home/juniortemgoua0/DataLake/jobs/processes/scala/spark_process/target/scala-2.12/spark_job_2.12-0.1.0.jar at spark://instance-1.europe-west9-a.c.data-lake-project-409321.internal:40003/jars/spark_job_2.12-0.1.0.jar with timestamp 1706583248876
[2024-01-30T02:54:10.980+0000] {spark_submit.py:571} INFO - 24/01/30 02:54:10 INFO Executor: Starting executor ID driver on host instance-1.europe-west9-a.c.data-lake-project-409321.internal
[2024-01-30T02:54:10.983+0000] {spark_submit.py:571} INFO - 24/01/30 02:54:10 INFO Executor: OS info Linux, 5.15.0-1049-gcp, amd64
[2024-01-30T02:54:10.986+0000] {spark_submit.py:571} INFO - 24/01/30 02:54:10 INFO Executor: Java version 17.0.9
[2024-01-30T02:54:11.024+0000] {spark_submit.py:571} INFO - 24/01/30 02:54:11 INFO Executor: Starting executor with user classpath (userClassPathFirst = false): ''
[2024-01-30T02:54:11.029+0000] {spark_submit.py:571} INFO - 24/01/30 02:54:11 INFO Executor: Created or updated repl class loader org.apache.spark.util.MutableURLClassLoader@6ed043d3 for default.
[2024-01-30T02:54:11.134+0000] {spark_submit.py:571} INFO - 24/01/30 02:54:11 INFO Executor: Fetching spark://instance-1.europe-west9-a.c.data-lake-project-409321.internal:40003/jars/spark_job_2.12-0.1.0.jar with timestamp 1706583248876
[2024-01-30T02:54:11.284+0000] {spark_submit.py:571} INFO - 24/01/30 02:54:11 INFO TransportClientFactory: Successfully created connection to instance-1.europe-west9-a.c.data-lake-project-409321.internal/10.200.0.5:40003 after 76 ms (0 ms spent in bootstraps)
[2024-01-30T02:54:11.303+0000] {spark_submit.py:571} INFO - 24/01/30 02:54:11 INFO Utils: Fetching spark://instance-1.europe-west9-a.c.data-lake-project-409321.internal:40003/jars/spark_job_2.12-0.1.0.jar to /tmp/spark-3afb60e0-2dcd-469c-9d87-0d87bc2b2fa5/userFiles-14e3a6c0-23d8-454a-b8bb-a2442cb050d2/fetchFileTemp2994339076402287246.tmp
[2024-01-30T02:54:11.380+0000] {spark_submit.py:571} INFO - 24/01/30 02:54:11 INFO Executor: Adding file:/tmp/spark-3afb60e0-2dcd-469c-9d87-0d87bc2b2fa5/userFiles-14e3a6c0-23d8-454a-b8bb-a2442cb050d2/spark_job_2.12-0.1.0.jar to class loader default
[2024-01-30T02:54:11.409+0000] {spark_submit.py:571} INFO - 24/01/30 02:54:11 INFO Utils: Successfully started service 'org.apache.spark.network.netty.NettyBlockTransferService' on port 42285.
[2024-01-30T02:54:11.410+0000] {spark_submit.py:571} INFO - 24/01/30 02:54:11 INFO NettyBlockTransferService: Server created on instance-1.europe-west9-a.c.data-lake-project-409321.internal:42285
[2024-01-30T02:54:11.413+0000] {spark_submit.py:571} INFO - 24/01/30 02:54:11 INFO BlockManager: Using org.apache.spark.storage.RandomBlockReplicationPolicy for block replication policy
[2024-01-30T02:54:11.446+0000] {spark_submit.py:571} INFO - 24/01/30 02:54:11 INFO BlockManagerMaster: Registering BlockManager BlockManagerId(driver, instance-1.europe-west9-a.c.data-lake-project-409321.internal, 42285, None)
[2024-01-30T02:54:11.451+0000] {spark_submit.py:571} INFO - 24/01/30 02:54:11 INFO BlockManagerMasterEndpoint: Registering block manager instance-1.europe-west9-a.c.data-lake-project-409321.internal:42285 with 434.4 MiB RAM, BlockManagerId(driver, instance-1.europe-west9-a.c.data-lake-project-409321.internal, 42285, None)
[2024-01-30T02:54:11.457+0000] {spark_submit.py:571} INFO - 24/01/30 02:54:11 INFO BlockManagerMaster: Registered BlockManager BlockManagerId(driver, instance-1.europe-west9-a.c.data-lake-project-409321.internal, 42285, None)
[2024-01-30T02:54:11.463+0000] {spark_submit.py:571} INFO - 24/01/30 02:54:11 INFO BlockManager: Initialized BlockManager: BlockManagerId(driver, instance-1.europe-west9-a.c.data-lake-project-409321.internal, 42285, None)
[2024-01-30T02:54:13.739+0000] {spark_submit.py:571} INFO - 24/01/30 02:54:13 INFO SharedState: Setting hive.metastore.warehouse.dir ('null') to the value of spark.sql.warehouse.dir.
[2024-01-30T02:54:13.766+0000] {spark_submit.py:571} INFO - 24/01/30 02:54:13 INFO SharedState: Warehouse path is 'file:/home/juniortemgoua0/DataLake/spark-warehouse'.
[2024-01-30T02:54:16.351+0000] {spark_submit.py:571} INFO - ************************************************
[2024-01-30T02:54:16.353+0000] {spark_submit.py:571} INFO - Date d'exécution  : 2024-01-11
[2024-01-30T02:54:16.385+0000] {spark_submit.py:571} INFO - ************************************************
[2024-01-30T02:54:17.982+0000] {spark_submit.py:571} INFO - Exception in thread "main" org.apache.spark.sql.AnalysisException: [PATH_NOT_FOUND] Path does not exist: hdfs://localhost:9000/data-lake/raw/football_data/competitions/2024-01-11/*.json.
[2024-01-30T02:54:17.983+0000] {spark_submit.py:571} INFO - at org.apache.spark.sql.errors.QueryCompilationErrors$.dataPathNotExistError(QueryCompilationErrors.scala:1500)
[2024-01-30T02:54:17.983+0000] {spark_submit.py:571} INFO - at org.apache.spark.sql.execution.datasources.DataSource$.$anonfun$checkAndGlobPathIfNecessary$3(DataSource.scala:743)
[2024-01-30T02:54:17.983+0000] {spark_submit.py:571} INFO - at org.apache.spark.util.ThreadUtils$.$anonfun$parmap$2(ThreadUtils.scala:380)
[2024-01-30T02:54:17.983+0000] {spark_submit.py:571} INFO - at scala.concurrent.Future$.$anonfun$apply$1(Future.scala:659)
[2024-01-30T02:54:17.983+0000] {spark_submit.py:571} INFO - at scala.util.Success.$anonfun$map$1(Try.scala:255)
[2024-01-30T02:54:17.984+0000] {spark_submit.py:571} INFO - at scala.util.Success.map(Try.scala:213)
[2024-01-30T02:54:17.984+0000] {spark_submit.py:571} INFO - at scala.concurrent.Future.$anonfun$map$1(Future.scala:292)
[2024-01-30T02:54:17.984+0000] {spark_submit.py:571} INFO - at scala.concurrent.impl.Promise.liftedTree1$1(Promise.scala:33)
[2024-01-30T02:54:17.984+0000] {spark_submit.py:571} INFO - at scala.concurrent.impl.Promise.$anonfun$transform$1(Promise.scala:33)
[2024-01-30T02:54:17.984+0000] {spark_submit.py:571} INFO - at scala.concurrent.impl.CallbackRunnable.run(Promise.scala:64)
[2024-01-30T02:54:17.984+0000] {spark_submit.py:571} INFO - at java.base/java.util.concurrent.ForkJoinTask$RunnableExecuteAction.exec(ForkJoinTask.java:1395)
[2024-01-30T02:54:17.985+0000] {spark_submit.py:571} INFO - at java.base/java.util.concurrent.ForkJoinTask.doExec(ForkJoinTask.java:373)
[2024-01-30T02:54:17.985+0000] {spark_submit.py:571} INFO - at java.base/java.util.concurrent.ForkJoinPool$WorkQueue.topLevelExec(ForkJoinPool.java:1182)
[2024-01-30T02:54:17.985+0000] {spark_submit.py:571} INFO - at java.base/java.util.concurrent.ForkJoinPool.scan(ForkJoinPool.java:1655)
[2024-01-30T02:54:17.986+0000] {spark_submit.py:571} INFO - at java.base/java.util.concurrent.ForkJoinPool.runWorker(ForkJoinPool.java:1622)
[2024-01-30T02:54:17.986+0000] {spark_submit.py:571} INFO - at java.base/java.util.concurrent.ForkJoinWorkerThread.run(ForkJoinWorkerThread.java:165)
[2024-01-30T02:54:17.991+0000] {spark_submit.py:571} INFO - 24/01/30 02:54:17 INFO SparkContext: Invoking stop() from shutdown hook
[2024-01-30T02:54:17.992+0000] {spark_submit.py:571} INFO - 24/01/30 02:54:17 INFO SparkContext: SparkContext is stopping with exitCode 0.
[2024-01-30T02:54:18.008+0000] {spark_submit.py:571} INFO - 24/01/30 02:54:18 INFO SparkUI: Stopped Spark web UI at http://instance-1.europe-west9-a.c.data-lake-project-409321.internal:4040
[2024-01-30T02:54:18.046+0000] {spark_submit.py:571} INFO - 24/01/30 02:54:18 INFO MapOutputTrackerMasterEndpoint: MapOutputTrackerMasterEndpoint stopped!
[2024-01-30T02:54:18.069+0000] {spark_submit.py:571} INFO - 24/01/30 02:54:18 INFO MemoryStore: MemoryStore cleared
[2024-01-30T02:54:18.070+0000] {spark_submit.py:571} INFO - 24/01/30 02:54:18 INFO BlockManager: BlockManager stopped
[2024-01-30T02:54:18.079+0000] {spark_submit.py:571} INFO - 24/01/30 02:54:18 INFO BlockManagerMaster: BlockManagerMaster stopped
[2024-01-30T02:54:18.085+0000] {spark_submit.py:571} INFO - 24/01/30 02:54:18 INFO OutputCommitCoordinator$OutputCommitCoordinatorEndpoint: OutputCommitCoordinator stopped!
[2024-01-30T02:54:18.109+0000] {spark_submit.py:571} INFO - 24/01/30 02:54:18 INFO SparkContext: Successfully stopped SparkContext
[2024-01-30T02:54:18.110+0000] {spark_submit.py:571} INFO - 24/01/30 02:54:18 INFO ShutdownHookManager: Shutdown hook called
[2024-01-30T02:54:18.111+0000] {spark_submit.py:571} INFO - 24/01/30 02:54:18 INFO ShutdownHookManager: Deleting directory /tmp/spark-3afb60e0-2dcd-469c-9d87-0d87bc2b2fa5
[2024-01-30T02:54:18.124+0000] {spark_submit.py:571} INFO - 24/01/30 02:54:18 INFO ShutdownHookManager: Deleting directory /tmp/spark-cf8226fa-43d0-4c88-8eec-1f0ece8d290c
[2024-01-30T02:54:18.193+0000] {taskinstance.py:2698} ERROR - Task failed with exception
Traceback (most recent call last):
  File "/home/juniortemgoua0/DataLake/venv/lib/python3.8/site-packages/airflow/models/taskinstance.py", line 433, in _execute_task
    result = execute_callable(context=context, **execute_callable_kwargs)
  File "/home/juniortemgoua0/DataLake/venv/lib/python3.8/site-packages/airflow/providers/apache/spark/operators/spark_submit.py", line 174, in execute
    self._hook.submit(self._application)
  File "/home/juniortemgoua0/DataLake/venv/lib/python3.8/site-packages/airflow/providers/apache/spark/hooks/spark_submit.py", line 502, in submit
    raise AirflowException(
airflow.exceptions.AirflowException: Cannot execute: spark-submit --master local[*] --conf spark.airflow.execution_date=2024-01-11 --name arrow-spark --class RawToFormatted --queue root.default --deploy-mode client /home/juniortemgoua0/DataLake/jobs/processes/scala/spark_process/target/scala-2.12/spark_job_2.12-0.1.0.jar hdfs://localhost:9000/data-lake. Error code is: 1.
[2024-01-30T02:54:18.196+0000] {taskinstance.py:1138} INFO - Marking task as UP_FOR_RETRY. dag_id=manage_data_lake_dag, task_id=local_job_raw_to_formatted, execution_date=20240111T000000, start_date=20240130T025403, end_date=20240130T025418
[2024-01-30T02:54:18.215+0000] {standard_task_runner.py:107} ERROR - Failed to execute job 181 for task local_job_raw_to_formatted (Cannot execute: spark-submit --master local[*] --conf spark.airflow.execution_date=2024-01-11 --name arrow-spark --class RawToFormatted --queue root.default --deploy-mode client /home/juniortemgoua0/DataLake/jobs/processes/scala/spark_process/target/scala-2.12/spark_job_2.12-0.1.0.jar hdfs://localhost:9000/data-lake. Error code is: 1.; 18808)
[2024-01-30T02:54:18.231+0000] {local_task_job_runner.py:234} INFO - Task exited with return code 1
[2024-01-30T02:54:18.246+0000] {taskinstance.py:3280} INFO - 0 downstream tasks scheduled from follow-on schedule check
[2024-01-30T03:24:30.399+0000] {taskinstance.py:1956} INFO - Dependencies all met for dep_context=non-requeueable deps ti=<TaskInstance: manage_data_lake_dag.local_job_raw_to_formatted scheduled__2024-01-11T00:00:00+00:00 [queued]>
[2024-01-30T03:24:30.406+0000] {taskinstance.py:1956} INFO - Dependencies all met for dep_context=requeueable deps ti=<TaskInstance: manage_data_lake_dag.local_job_raw_to_formatted scheduled__2024-01-11T00:00:00+00:00 [queued]>
[2024-01-30T03:24:30.406+0000] {taskinstance.py:2170} INFO - Starting attempt 2 of 6
[2024-01-30T03:24:30.419+0000] {taskinstance.py:2191} INFO - Executing <Task(SparkSubmitOperator): local_job_raw_to_formatted> on 2024-01-11 00:00:00+00:00
[2024-01-30T03:24:30.424+0000] {standard_task_runner.py:60} INFO - Started process 30796 to run task
[2024-01-30T03:24:30.430+0000] {standard_task_runner.py:87} INFO - Running: ['airflow', 'tasks', 'run', 'manage_data_lake_dag', 'local_job_raw_to_formatted', 'scheduled__2024-01-11T00:00:00+00:00', '--job-id', '178', '--raw', '--subdir', 'DAGS_FOLDER/data_lake_dag.py', '--cfg-path', '/tmp/tmpfo8k2_al']
[2024-01-30T03:24:30.433+0000] {standard_task_runner.py:88} INFO - Job 178: Subtask local_job_raw_to_formatted
[2024-01-30T03:24:30.476+0000] {task_command.py:423} INFO - Running <TaskInstance: manage_data_lake_dag.local_job_raw_to_formatted scheduled__2024-01-11T00:00:00+00:00 [running]> on host instance-1.europe-west9-a.c.data-lake-project-409321.internal
[2024-01-30T03:24:30.527+0000] {taskinstance.py:2480} INFO - Exporting env vars: AIRFLOW_CTX_DAG_OWNER='juniortemgoua0' AIRFLOW_CTX_DAG_ID='manage_data_lake_dag' AIRFLOW_CTX_TASK_ID='local_job_raw_to_formatted' AIRFLOW_CTX_EXECUTION_DATE='2024-01-11T00:00:00+00:00' AIRFLOW_CTX_TRY_NUMBER='2' AIRFLOW_CTX_DAG_RUN_ID='scheduled__2024-01-11T00:00:00+00:00'
[2024-01-30T03:24:30.533+0000] {base.py:83} INFO - Using connection ID 'spark_default' for task execution.
[2024-01-30T03:24:30.534+0000] {spark_submit.py:401} INFO - Spark-Submit cmd: spark-submit --master local[*] --conf spark.airflow.execution_date=2024-01-11 --name arrow-spark --class RawToFormatted --queue root.default --deploy-mode client /home/juniortemgoua0/DataLake/jobs/processes/scala/spark_process/target/scala-2.12/spark_job_2.12-0.1.0.jar hdfs://localhost:9000/data-lake
[2024-01-30T03:24:33.212+0000] {spark_submit.py:571} INFO - 24/01/30 03:24:33 INFO SparkContext: Running Spark version 3.5.0
[2024-01-30T03:24:33.217+0000] {spark_submit.py:571} INFO - 24/01/30 03:24:33 INFO SparkContext: OS info Linux, 5.15.0-1049-gcp, amd64
[2024-01-30T03:24:33.218+0000] {spark_submit.py:571} INFO - 24/01/30 03:24:33 INFO SparkContext: Java version 17.0.9
[2024-01-30T03:24:33.350+0000] {spark_submit.py:571} INFO - 24/01/30 03:24:33 WARN NativeCodeLoader: Unable to load native-hadoop library for your platform... using builtin-java classes where applicable
[2024-01-30T03:24:33.490+0000] {spark_submit.py:571} INFO - 24/01/30 03:24:33 INFO ResourceUtils: ==============================================================
[2024-01-30T03:24:33.492+0000] {spark_submit.py:571} INFO - 24/01/30 03:24:33 INFO ResourceUtils: No custom resources configured for spark.driver.
[2024-01-30T03:24:33.492+0000] {spark_submit.py:571} INFO - 24/01/30 03:24:33 INFO ResourceUtils: ==============================================================
[2024-01-30T03:24:33.494+0000] {spark_submit.py:571} INFO - 24/01/30 03:24:33 INFO SparkContext: Submitted application: RawToFormatted
[2024-01-30T03:24:33.524+0000] {spark_submit.py:571} INFO - 24/01/30 03:24:33 INFO ResourceProfile: Default ResourceProfile created, executor resources: Map(cores -> name: cores, amount: 1, script: , vendor: , memory -> name: memory, amount: 1024, script: , vendor: , offHeap -> name: offHeap, amount: 0, script: , vendor: ), task resources: Map(cpus -> name: cpus, amount: 1.0)
[2024-01-30T03:24:33.537+0000] {spark_submit.py:571} INFO - 24/01/30 03:24:33 INFO ResourceProfile: Limiting resource is cpu
[2024-01-30T03:24:33.538+0000] {spark_submit.py:571} INFO - 24/01/30 03:24:33 INFO ResourceProfileManager: Added ResourceProfile id: 0
[2024-01-30T03:24:33.612+0000] {spark_submit.py:571} INFO - 24/01/30 03:24:33 INFO SecurityManager: Changing view acls to: juniortemgoua0
[2024-01-30T03:24:33.614+0000] {spark_submit.py:571} INFO - 24/01/30 03:24:33 INFO SecurityManager: Changing modify acls to: juniortemgoua0
[2024-01-30T03:24:33.615+0000] {spark_submit.py:571} INFO - 24/01/30 03:24:33 INFO SecurityManager: Changing view acls groups to:
[2024-01-30T03:24:33.616+0000] {spark_submit.py:571} INFO - 24/01/30 03:24:33 INFO SecurityManager: Changing modify acls groups to:
[2024-01-30T03:24:33.617+0000] {spark_submit.py:571} INFO - 24/01/30 03:24:33 INFO SecurityManager: SecurityManager: authentication disabled; ui acls disabled; users with view permissions: juniortemgoua0; groups with view permissions: EMPTY; users with modify permissions: juniortemgoua0; groups with modify permissions: EMPTY
[2024-01-30T03:24:33.982+0000] {spark_submit.py:571} INFO - 24/01/30 03:24:33 INFO Utils: Successfully started service 'sparkDriver' on port 34129.
[2024-01-30T03:24:34.024+0000] {spark_submit.py:571} INFO - 24/01/30 03:24:34 INFO SparkEnv: Registering MapOutputTracker
[2024-01-30T03:24:34.076+0000] {spark_submit.py:571} INFO - 24/01/30 03:24:34 INFO SparkEnv: Registering BlockManagerMaster
[2024-01-30T03:24:34.106+0000] {spark_submit.py:571} INFO - 24/01/30 03:24:34 INFO BlockManagerMasterEndpoint: Using org.apache.spark.storage.DefaultTopologyMapper for getting topology information
[2024-01-30T03:24:34.108+0000] {spark_submit.py:571} INFO - 24/01/30 03:24:34 INFO BlockManagerMasterEndpoint: BlockManagerMasterEndpoint up
[2024-01-30T03:24:34.113+0000] {spark_submit.py:571} INFO - 24/01/30 03:24:34 INFO SparkEnv: Registering BlockManagerMasterHeartbeat
[2024-01-30T03:24:34.145+0000] {spark_submit.py:571} INFO - 24/01/30 03:24:34 INFO DiskBlockManager: Created local directory at /tmp/blockmgr-312eaeff-d387-4954-bb3b-854bb27b307e
[2024-01-30T03:24:34.175+0000] {spark_submit.py:571} INFO - 24/01/30 03:24:34 INFO MemoryStore: MemoryStore started with capacity 434.4 MiB
[2024-01-30T03:24:34.200+0000] {spark_submit.py:571} INFO - 24/01/30 03:24:34 INFO SparkEnv: Registering OutputCommitCoordinator
[2024-01-30T03:24:34.387+0000] {spark_submit.py:571} INFO - 24/01/30 03:24:34 INFO JettyUtils: Start Jetty 0.0.0.0:4040 for SparkUI
[2024-01-30T03:24:34.479+0000] {spark_submit.py:571} INFO - 24/01/30 03:24:34 INFO Utils: Successfully started service 'SparkUI' on port 4040.
[2024-01-30T03:24:34.560+0000] {spark_submit.py:571} INFO - 24/01/30 03:24:34 INFO SparkContext: Added JAR file:/home/juniortemgoua0/DataLake/jobs/processes/scala/spark_process/target/scala-2.12/spark_job_2.12-0.1.0.jar at spark://instance-1.europe-west9-a.c.data-lake-project-409321.internal:34129/jars/spark_job_2.12-0.1.0.jar with timestamp 1706585073177
[2024-01-30T03:24:34.691+0000] {spark_submit.py:571} INFO - 24/01/30 03:24:34 INFO Executor: Starting executor ID driver on host instance-1.europe-west9-a.c.data-lake-project-409321.internal
[2024-01-30T03:24:34.691+0000] {spark_submit.py:571} INFO - 24/01/30 03:24:34 INFO Executor: OS info Linux, 5.15.0-1049-gcp, amd64
[2024-01-30T03:24:34.693+0000] {spark_submit.py:571} INFO - 24/01/30 03:24:34 INFO Executor: Java version 17.0.9
[2024-01-30T03:24:34.706+0000] {spark_submit.py:571} INFO - 24/01/30 03:24:34 INFO Executor: Starting executor with user classpath (userClassPathFirst = false): ''
[2024-01-30T03:24:34.707+0000] {spark_submit.py:571} INFO - 24/01/30 03:24:34 INFO Executor: Created or updated repl class loader org.apache.spark.util.MutableURLClassLoader@6ed043d3 for default.
[2024-01-30T03:24:34.749+0000] {spark_submit.py:571} INFO - 24/01/30 03:24:34 INFO Executor: Fetching spark://instance-1.europe-west9-a.c.data-lake-project-409321.internal:34129/jars/spark_job_2.12-0.1.0.jar with timestamp 1706585073177
[2024-01-30T03:24:34.873+0000] {spark_submit.py:571} INFO - 24/01/30 03:24:34 INFO TransportClientFactory: Successfully created connection to instance-1.europe-west9-a.c.data-lake-project-409321.internal/10.200.0.5:34129 after 56 ms (0 ms spent in bootstraps)
[2024-01-30T03:24:34.890+0000] {spark_submit.py:571} INFO - 24/01/30 03:24:34 INFO Utils: Fetching spark://instance-1.europe-west9-a.c.data-lake-project-409321.internal:34129/jars/spark_job_2.12-0.1.0.jar to /tmp/spark-7a3140d9-50cc-4185-b892-405b09db8a69/userFiles-ec503878-43f4-40f1-bb69-ff28dd0f2bb5/fetchFileTemp4861734789472339590.tmp
[2024-01-30T03:24:34.921+0000] {spark_submit.py:571} INFO - 24/01/30 03:24:34 INFO Executor: Adding file:/tmp/spark-7a3140d9-50cc-4185-b892-405b09db8a69/userFiles-ec503878-43f4-40f1-bb69-ff28dd0f2bb5/spark_job_2.12-0.1.0.jar to class loader default
[2024-01-30T03:24:34.933+0000] {spark_submit.py:571} INFO - 24/01/30 03:24:34 INFO Utils: Successfully started service 'org.apache.spark.network.netty.NettyBlockTransferService' on port 34985.
[2024-01-30T03:24:34.933+0000] {spark_submit.py:571} INFO - 24/01/30 03:24:34 INFO NettyBlockTransferService: Server created on instance-1.europe-west9-a.c.data-lake-project-409321.internal:34985
[2024-01-30T03:24:34.934+0000] {spark_submit.py:571} INFO - 24/01/30 03:24:34 INFO BlockManager: Using org.apache.spark.storage.RandomBlockReplicationPolicy for block replication policy
[2024-01-30T03:24:34.942+0000] {spark_submit.py:571} INFO - 24/01/30 03:24:34 INFO BlockManagerMaster: Registering BlockManager BlockManagerId(driver, instance-1.europe-west9-a.c.data-lake-project-409321.internal, 34985, None)
[2024-01-30T03:24:34.946+0000] {spark_submit.py:571} INFO - 24/01/30 03:24:34 INFO BlockManagerMasterEndpoint: Registering block manager instance-1.europe-west9-a.c.data-lake-project-409321.internal:34985 with 434.4 MiB RAM, BlockManagerId(driver, instance-1.europe-west9-a.c.data-lake-project-409321.internal, 34985, None)
[2024-01-30T03:24:34.949+0000] {spark_submit.py:571} INFO - 24/01/30 03:24:34 INFO BlockManagerMaster: Registered BlockManager BlockManagerId(driver, instance-1.europe-west9-a.c.data-lake-project-409321.internal, 34985, None)
[2024-01-30T03:24:34.951+0000] {spark_submit.py:571} INFO - 24/01/30 03:24:34 INFO BlockManager: Initialized BlockManager: BlockManagerId(driver, instance-1.europe-west9-a.c.data-lake-project-409321.internal, 34985, None)
[2024-01-30T03:24:35.956+0000] {spark_submit.py:571} INFO - 24/01/30 03:24:35 INFO SharedState: Setting hive.metastore.warehouse.dir ('null') to the value of spark.sql.warehouse.dir.
[2024-01-30T03:24:35.966+0000] {spark_submit.py:571} INFO - 24/01/30 03:24:35 INFO SharedState: Warehouse path is 'file:/home/juniortemgoua0/DataLake/spark-warehouse'.
[2024-01-30T03:24:36.866+0000] {spark_submit.py:571} INFO - ************************************************
[2024-01-30T03:24:36.867+0000] {spark_submit.py:571} INFO - Date d'exécution  : 2024-01-11
[2024-01-30T03:24:36.867+0000] {spark_submit.py:571} INFO - ************************************************
[2024-01-30T03:24:37.367+0000] {spark_submit.py:571} INFO - 24/01/30 03:24:37 WARN FileStreamSink: Assume no metadata directory. Error while looking for metadata directory in the path: hdfs://localhost:9000/data-lake/raw/football_data/competitions/2024-01-11/*.json.
[2024-01-30T03:24:37.368+0000] {spark_submit.py:571} INFO - java.net.ConnectException: Call From instance-1/10.200.0.5 to localhost:9000 failed on connection exception: java.net.ConnectException: Connection refused; For more details see:  http://wiki.apache.org/hadoop/ConnectionRefused
[2024-01-30T03:24:37.368+0000] {spark_submit.py:571} INFO - at java.base/jdk.internal.reflect.NativeConstructorAccessorImpl.newInstance0(Native Method)
[2024-01-30T03:24:37.368+0000] {spark_submit.py:571} INFO - at java.base/jdk.internal.reflect.NativeConstructorAccessorImpl.newInstance(NativeConstructorAccessorImpl.java:77)
[2024-01-30T03:24:37.369+0000] {spark_submit.py:571} INFO - at java.base/jdk.internal.reflect.DelegatingConstructorAccessorImpl.newInstance(DelegatingConstructorAccessorImpl.java:45)
[2024-01-30T03:24:37.369+0000] {spark_submit.py:571} INFO - at java.base/java.lang.reflect.Constructor.newInstanceWithCaller(Constructor.java:499)
[2024-01-30T03:24:37.369+0000] {spark_submit.py:571} INFO - at java.base/java.lang.reflect.Constructor.newInstance(Constructor.java:480)
[2024-01-30T03:24:37.369+0000] {spark_submit.py:571} INFO - at org.apache.hadoop.net.NetUtils.wrapWithMessage(NetUtils.java:913)
[2024-01-30T03:24:37.369+0000] {spark_submit.py:571} INFO - at org.apache.hadoop.net.NetUtils.wrapException(NetUtils.java:828)
[2024-01-30T03:24:37.369+0000] {spark_submit.py:571} INFO - at org.apache.hadoop.ipc.Client.getRpcResponse(Client.java:1616)
[2024-01-30T03:24:37.370+0000] {spark_submit.py:571} INFO - at org.apache.hadoop.ipc.Client.call(Client.java:1558)
[2024-01-30T03:24:37.370+0000] {spark_submit.py:571} INFO - at org.apache.hadoop.ipc.Client.call(Client.java:1455)
[2024-01-30T03:24:37.370+0000] {spark_submit.py:571} INFO - at org.apache.hadoop.ipc.ProtobufRpcEngine2$Invoker.invoke(ProtobufRpcEngine2.java:242)
[2024-01-30T03:24:37.370+0000] {spark_submit.py:571} INFO - at org.apache.hadoop.ipc.ProtobufRpcEngine2$Invoker.invoke(ProtobufRpcEngine2.java:129)
[2024-01-30T03:24:37.370+0000] {spark_submit.py:571} INFO - at jdk.proxy2/jdk.proxy2.$Proxy34.getFileInfo(Unknown Source)
[2024-01-30T03:24:37.371+0000] {spark_submit.py:571} INFO - at org.apache.hadoop.hdfs.protocolPB.ClientNamenodeProtocolTranslatorPB.getFileInfo(ClientNamenodeProtocolTranslatorPB.java:965)
[2024-01-30T03:24:37.371+0000] {spark_submit.py:571} INFO - at java.base/jdk.internal.reflect.NativeMethodAccessorImpl.invoke0(Native Method)
[2024-01-30T03:24:37.371+0000] {spark_submit.py:571} INFO - at java.base/jdk.internal.reflect.NativeMethodAccessorImpl.invoke(NativeMethodAccessorImpl.java:77)
[2024-01-30T03:24:37.371+0000] {spark_submit.py:571} INFO - at java.base/jdk.internal.reflect.DelegatingMethodAccessorImpl.invoke(DelegatingMethodAccessorImpl.java:43)
[2024-01-30T03:24:37.371+0000] {spark_submit.py:571} INFO - at java.base/java.lang.reflect.Method.invoke(Method.java:568)
[2024-01-30T03:24:37.371+0000] {spark_submit.py:571} INFO - at org.apache.hadoop.io.retry.RetryInvocationHandler.invokeMethod(RetryInvocationHandler.java:422)
[2024-01-30T03:24:37.372+0000] {spark_submit.py:571} INFO - at org.apache.hadoop.io.retry.RetryInvocationHandler$Call.invokeMethod(RetryInvocationHandler.java:165)
[2024-01-30T03:24:37.372+0000] {spark_submit.py:571} INFO - at org.apache.hadoop.io.retry.RetryInvocationHandler$Call.invoke(RetryInvocationHandler.java:157)
[2024-01-30T03:24:37.372+0000] {spark_submit.py:571} INFO - at org.apache.hadoop.io.retry.RetryInvocationHandler$Call.invokeOnce(RetryInvocationHandler.java:95)
[2024-01-30T03:24:37.372+0000] {spark_submit.py:571} INFO - at org.apache.hadoop.io.retry.RetryInvocationHandler.invoke(RetryInvocationHandler.java:359)
[2024-01-30T03:24:37.372+0000] {spark_submit.py:571} INFO - at jdk.proxy2/jdk.proxy2.$Proxy35.getFileInfo(Unknown Source)
[2024-01-30T03:24:37.372+0000] {spark_submit.py:571} INFO - at org.apache.hadoop.hdfs.DFSClient.getFileInfo(DFSClient.java:1739)
[2024-01-30T03:24:37.373+0000] {spark_submit.py:571} INFO - at org.apache.hadoop.hdfs.DistributedFileSystem$29.doCall(DistributedFileSystem.java:1753)
[2024-01-30T03:24:37.373+0000] {spark_submit.py:571} INFO - at org.apache.hadoop.hdfs.DistributedFileSystem$29.doCall(DistributedFileSystem.java:1750)
[2024-01-30T03:24:37.373+0000] {spark_submit.py:571} INFO - at org.apache.hadoop.fs.FileSystemLinkResolver.resolve(FileSystemLinkResolver.java:81)
[2024-01-30T03:24:37.373+0000] {spark_submit.py:571} INFO - at org.apache.hadoop.hdfs.DistributedFileSystem.getFileStatus(DistributedFileSystem.java:1765)
[2024-01-30T03:24:37.373+0000] {spark_submit.py:571} INFO - at org.apache.hadoop.fs.FileSystem.isDirectory(FileSystem.java:1777)
[2024-01-30T03:24:37.373+0000] {spark_submit.py:571} INFO - at org.apache.spark.sql.execution.streaming.FileStreamSink$.hasMetadata(FileStreamSink.scala:54)
[2024-01-30T03:24:37.374+0000] {spark_submit.py:571} INFO - at org.apache.spark.sql.execution.datasources.DataSource.resolveRelation(DataSource.scala:366)
[2024-01-30T03:24:37.374+0000] {spark_submit.py:571} INFO - at org.apache.spark.sql.DataFrameReader.loadV1Source(DataFrameReader.scala:229)
[2024-01-30T03:24:37.374+0000] {spark_submit.py:571} INFO - at org.apache.spark.sql.DataFrameReader.$anonfun$load$2(DataFrameReader.scala:211)
[2024-01-30T03:24:37.374+0000] {spark_submit.py:571} INFO - at scala.Option.getOrElse(Option.scala:189)
[2024-01-30T03:24:37.376+0000] {spark_submit.py:571} INFO - at org.apache.spark.sql.DataFrameReader.load(DataFrameReader.scala:211)
[2024-01-30T03:24:37.376+0000] {spark_submit.py:571} INFO - at org.apache.spark.sql.DataFrameReader.json(DataFrameReader.scala:362)
[2024-01-30T03:24:37.376+0000] {spark_submit.py:571} INFO - at org.apache.spark.sql.DataFrameReader.json(DataFrameReader.scala:341)
[2024-01-30T03:24:37.376+0000] {spark_submit.py:571} INFO - at RawToFormatted$.formattedCompetition(RawToFormatted.scala:39)
[2024-01-30T03:24:37.376+0000] {spark_submit.py:571} INFO - at RawToFormatted$.main(RawToFormatted.scala:26)
[2024-01-30T03:24:37.378+0000] {spark_submit.py:571} INFO - at RawToFormatted.main(RawToFormatted.scala)
[2024-01-30T03:24:37.378+0000] {spark_submit.py:571} INFO - at java.base/jdk.internal.reflect.NativeMethodAccessorImpl.invoke0(Native Method)
[2024-01-30T03:24:37.378+0000] {spark_submit.py:571} INFO - at java.base/jdk.internal.reflect.NativeMethodAccessorImpl.invoke(NativeMethodAccessorImpl.java:77)
[2024-01-30T03:24:37.378+0000] {spark_submit.py:571} INFO - at java.base/jdk.internal.reflect.DelegatingMethodAccessorImpl.invoke(DelegatingMethodAccessorImpl.java:43)
[2024-01-30T03:24:37.378+0000] {spark_submit.py:571} INFO - at java.base/java.lang.reflect.Method.invoke(Method.java:568)
[2024-01-30T03:24:37.380+0000] {spark_submit.py:571} INFO - at org.apache.spark.deploy.JavaMainApplication.start(SparkApplication.scala:52)
[2024-01-30T03:24:37.380+0000] {spark_submit.py:571} INFO - at org.apache.spark.deploy.SparkSubmit.org$apache$spark$deploy$SparkSubmit$$runMain(SparkSubmit.scala:1029)
[2024-01-30T03:24:37.380+0000] {spark_submit.py:571} INFO - at org.apache.spark.deploy.SparkSubmit.doRunMain$1(SparkSubmit.scala:194)
[2024-01-30T03:24:37.380+0000] {spark_submit.py:571} INFO - at org.apache.spark.deploy.SparkSubmit.submit(SparkSubmit.scala:217)
[2024-01-30T03:24:37.381+0000] {spark_submit.py:571} INFO - at org.apache.spark.deploy.SparkSubmit.doSubmit(SparkSubmit.scala:91)
[2024-01-30T03:24:37.382+0000] {spark_submit.py:571} INFO - at org.apache.spark.deploy.SparkSubmit$$anon$2.doSubmit(SparkSubmit.scala:1120)
[2024-01-30T03:24:37.382+0000] {spark_submit.py:571} INFO - at org.apache.spark.deploy.SparkSubmit$.main(SparkSubmit.scala:1129)
[2024-01-30T03:24:37.382+0000] {spark_submit.py:571} INFO - at org.apache.spark.deploy.SparkSubmit.main(SparkSubmit.scala)
[2024-01-30T03:24:37.383+0000] {spark_submit.py:571} INFO - Caused by: java.net.ConnectException: Connection refused
[2024-01-30T03:24:37.383+0000] {spark_submit.py:571} INFO - at java.base/sun.nio.ch.Net.pollConnect(Native Method)
[2024-01-30T03:24:37.384+0000] {spark_submit.py:571} INFO - at java.base/sun.nio.ch.Net.pollConnectNow(Net.java:672)
[2024-01-30T03:24:37.384+0000] {spark_submit.py:571} INFO - at java.base/sun.nio.ch.SocketChannelImpl.finishConnect(SocketChannelImpl.java:946)
[2024-01-30T03:24:37.385+0000] {spark_submit.py:571} INFO - at org.apache.hadoop.net.SocketIOWithTimeout.connect(SocketIOWithTimeout.java:205)
[2024-01-30T03:24:37.385+0000] {spark_submit.py:571} INFO - at org.apache.hadoop.net.NetUtils.connect(NetUtils.java:586)
[2024-01-30T03:24:37.385+0000] {spark_submit.py:571} INFO - at org.apache.hadoop.ipc.Client$Connection.setupConnection(Client.java:711)
[2024-01-30T03:24:37.385+0000] {spark_submit.py:571} INFO - at org.apache.hadoop.ipc.Client$Connection.setupIOstreams(Client.java:833)
[2024-01-30T03:24:37.386+0000] {spark_submit.py:571} INFO - at org.apache.hadoop.ipc.Client$Connection.access$3800(Client.java:414)
[2024-01-30T03:24:37.387+0000] {spark_submit.py:571} INFO - at org.apache.hadoop.ipc.Client.getConnection(Client.java:1677)
[2024-01-30T03:24:37.387+0000] {spark_submit.py:571} INFO - at org.apache.hadoop.ipc.Client.call(Client.java:1502)
[2024-01-30T03:24:37.387+0000] {spark_submit.py:571} INFO - ... 44 more
[2024-01-30T03:24:37.417+0000] {spark_submit.py:571} INFO - Exception in thread "main" java.net.ConnectException: Call From instance-1/10.200.0.5 to localhost:9000 failed on connection exception: java.net.ConnectException: Connection refused; For more details see:  http://wiki.apache.org/hadoop/ConnectionRefused
[2024-01-30T03:24:37.418+0000] {spark_submit.py:571} INFO - at java.base/jdk.internal.reflect.NativeConstructorAccessorImpl.newInstance0(Native Method)
[2024-01-30T03:24:37.418+0000] {spark_submit.py:571} INFO - at java.base/jdk.internal.reflect.NativeConstructorAccessorImpl.newInstance(NativeConstructorAccessorImpl.java:77)
[2024-01-30T03:24:37.418+0000] {spark_submit.py:571} INFO - at java.base/jdk.internal.reflect.DelegatingConstructorAccessorImpl.newInstance(DelegatingConstructorAccessorImpl.java:45)
[2024-01-30T03:24:37.418+0000] {spark_submit.py:571} INFO - at java.base/java.lang.reflect.Constructor.newInstanceWithCaller(Constructor.java:499)
[2024-01-30T03:24:37.419+0000] {spark_submit.py:571} INFO - at java.base/java.lang.reflect.Constructor.newInstance(Constructor.java:480)
[2024-01-30T03:24:37.419+0000] {spark_submit.py:571} INFO - at org.apache.hadoop.net.NetUtils.wrapWithMessage(NetUtils.java:913)
[2024-01-30T03:24:37.419+0000] {spark_submit.py:571} INFO - at org.apache.hadoop.net.NetUtils.wrapException(NetUtils.java:828)
[2024-01-30T03:24:37.419+0000] {spark_submit.py:571} INFO - at org.apache.hadoop.ipc.Client.getRpcResponse(Client.java:1616)
[2024-01-30T03:24:37.419+0000] {spark_submit.py:571} INFO - at org.apache.hadoop.ipc.Client.call(Client.java:1558)
[2024-01-30T03:24:37.419+0000] {spark_submit.py:571} INFO - at org.apache.hadoop.ipc.Client.call(Client.java:1455)
[2024-01-30T03:24:37.420+0000] {spark_submit.py:571} INFO - at org.apache.hadoop.ipc.ProtobufRpcEngine2$Invoker.invoke(ProtobufRpcEngine2.java:242)
[2024-01-30T03:24:37.420+0000] {spark_submit.py:571} INFO - at org.apache.hadoop.ipc.ProtobufRpcEngine2$Invoker.invoke(ProtobufRpcEngine2.java:129)
[2024-01-30T03:24:37.420+0000] {spark_submit.py:571} INFO - at jdk.proxy2/jdk.proxy2.$Proxy34.getListing(Unknown Source)
[2024-01-30T03:24:37.420+0000] {spark_submit.py:571} INFO - at org.apache.hadoop.hdfs.protocolPB.ClientNamenodeProtocolTranslatorPB.getListing(ClientNamenodeProtocolTranslatorPB.java:688)
[2024-01-30T03:24:37.420+0000] {spark_submit.py:571} INFO - at java.base/jdk.internal.reflect.NativeMethodAccessorImpl.invoke0(Native Method)
[2024-01-30T03:24:37.421+0000] {spark_submit.py:571} INFO - at java.base/jdk.internal.reflect.NativeMethodAccessorImpl.invoke(NativeMethodAccessorImpl.java:77)
[2024-01-30T03:24:37.421+0000] {spark_submit.py:571} INFO - at java.base/jdk.internal.reflect.DelegatingMethodAccessorImpl.invoke(DelegatingMethodAccessorImpl.java:43)
[2024-01-30T03:24:37.421+0000] {spark_submit.py:571} INFO - at java.base/java.lang.reflect.Method.invoke(Method.java:568)
[2024-01-30T03:24:37.421+0000] {spark_submit.py:571} INFO - at org.apache.hadoop.io.retry.RetryInvocationHandler.invokeMethod(RetryInvocationHandler.java:422)
[2024-01-30T03:24:37.421+0000] {spark_submit.py:571} INFO - at org.apache.hadoop.io.retry.RetryInvocationHandler$Call.invokeMethod(RetryInvocationHandler.java:165)
[2024-01-30T03:24:37.421+0000] {spark_submit.py:571} INFO - at org.apache.hadoop.io.retry.RetryInvocationHandler$Call.invoke(RetryInvocationHandler.java:157)
[2024-01-30T03:24:37.422+0000] {spark_submit.py:571} INFO - at org.apache.hadoop.io.retry.RetryInvocationHandler$Call.invokeOnce(RetryInvocationHandler.java:95)
[2024-01-30T03:24:37.422+0000] {spark_submit.py:571} INFO - at org.apache.hadoop.io.retry.RetryInvocationHandler.invoke(RetryInvocationHandler.java:359)
[2024-01-30T03:24:37.422+0000] {spark_submit.py:571} INFO - at jdk.proxy2/jdk.proxy2.$Proxy35.getListing(Unknown Source)
[2024-01-30T03:24:37.422+0000] {spark_submit.py:571} INFO - at org.apache.hadoop.hdfs.DFSClient.listPaths(DFSClient.java:1702)
[2024-01-30T03:24:37.422+0000] {spark_submit.py:571} INFO - at org.apache.hadoop.hdfs.DFSClient.listPaths(DFSClient.java:1686)
[2024-01-30T03:24:37.423+0000] {spark_submit.py:571} INFO - at org.apache.hadoop.hdfs.DistributedFileSystem.listStatusInternal(DistributedFileSystem.java:1100)
[2024-01-30T03:24:37.423+0000] {spark_submit.py:571} INFO - at org.apache.hadoop.hdfs.DistributedFileSystem.access$600(DistributedFileSystem.java:147)
[2024-01-30T03:24:37.423+0000] {spark_submit.py:571} INFO - at org.apache.hadoop.hdfs.DistributedFileSystem$24.doCall(DistributedFileSystem.java:1175)
[2024-01-30T03:24:37.423+0000] {spark_submit.py:571} INFO - at org.apache.hadoop.hdfs.DistributedFileSystem$24.doCall(DistributedFileSystem.java:1172)
[2024-01-30T03:24:37.424+0000] {spark_submit.py:571} INFO - at org.apache.hadoop.fs.FileSystemLinkResolver.resolve(FileSystemLinkResolver.java:81)
[2024-01-30T03:24:37.424+0000] {spark_submit.py:571} INFO - at org.apache.hadoop.hdfs.DistributedFileSystem.listStatus(DistributedFileSystem.java:1182)
[2024-01-30T03:24:37.425+0000] {spark_submit.py:571} INFO - at org.apache.hadoop.fs.Globber.listStatus(Globber.java:128)
[2024-01-30T03:24:37.425+0000] {spark_submit.py:571} INFO - at org.apache.hadoop.fs.Globber.doGlob(Globber.java:291)
[2024-01-30T03:24:37.425+0000] {spark_submit.py:571} INFO - at org.apache.hadoop.fs.Globber.glob(Globber.java:202)
[2024-01-30T03:24:37.425+0000] {spark_submit.py:571} INFO - at org.apache.hadoop.fs.FileSystem.globStatus(FileSystem.java:2124)
[2024-01-30T03:24:37.426+0000] {spark_submit.py:571} INFO - at org.apache.spark.deploy.SparkHadoopUtil.globPath(SparkHadoopUtil.scala:238)
[2024-01-30T03:24:37.428+0000] {spark_submit.py:571} INFO - at org.apache.spark.sql.execution.datasources.DataSource$.$anonfun$checkAndGlobPathIfNecessary$3(DataSource.scala:737)
[2024-01-30T03:24:37.428+0000] {spark_submit.py:571} INFO - at org.apache.spark.util.ThreadUtils$.$anonfun$parmap$2(ThreadUtils.scala:380)
[2024-01-30T03:24:37.428+0000] {spark_submit.py:571} INFO - at scala.concurrent.Future$.$anonfun$apply$1(Future.scala:659)
[2024-01-30T03:24:37.428+0000] {spark_submit.py:571} INFO - at scala.util.Success.$anonfun$map$1(Try.scala:255)
[2024-01-30T03:24:37.429+0000] {spark_submit.py:571} INFO - at scala.util.Success.map(Try.scala:213)
[2024-01-30T03:24:37.429+0000] {spark_submit.py:571} INFO - at scala.concurrent.Future.$anonfun$map$1(Future.scala:292)
[2024-01-30T03:24:37.430+0000] {spark_submit.py:571} INFO - at scala.concurrent.impl.Promise.liftedTree1$1(Promise.scala:33)
[2024-01-30T03:24:37.430+0000] {spark_submit.py:571} INFO - at scala.concurrent.impl.Promise.$anonfun$transform$1(Promise.scala:33)
[2024-01-30T03:24:37.430+0000] {spark_submit.py:571} INFO - at scala.concurrent.impl.CallbackRunnable.run(Promise.scala:64)
[2024-01-30T03:24:37.431+0000] {spark_submit.py:571} INFO - at java.base/java.util.concurrent.ForkJoinTask$RunnableExecuteAction.exec(ForkJoinTask.java:1395)
[2024-01-30T03:24:37.431+0000] {spark_submit.py:571} INFO - at java.base/java.util.concurrent.ForkJoinTask.doExec(ForkJoinTask.java:373)
[2024-01-30T03:24:37.432+0000] {spark_submit.py:571} INFO - at java.base/java.util.concurrent.ForkJoinPool$WorkQueue.topLevelExec(ForkJoinPool.java:1182)
[2024-01-30T03:24:37.432+0000] {spark_submit.py:571} INFO - at java.base/java.util.concurrent.ForkJoinPool.scan(ForkJoinPool.java:1655)
[2024-01-30T03:24:37.433+0000] {spark_submit.py:571} INFO - at java.base/java.util.concurrent.ForkJoinPool.runWorker(ForkJoinPool.java:1622)
[2024-01-30T03:24:37.433+0000] {spark_submit.py:571} INFO - at java.base/java.util.concurrent.ForkJoinWorkerThread.run(ForkJoinWorkerThread.java:165)
[2024-01-30T03:24:37.433+0000] {spark_submit.py:571} INFO - Caused by: java.net.ConnectException: Connection refused
[2024-01-30T03:24:37.433+0000] {spark_submit.py:571} INFO - at java.base/sun.nio.ch.Net.pollConnect(Native Method)
[2024-01-30T03:24:37.434+0000] {spark_submit.py:571} INFO - at java.base/sun.nio.ch.Net.pollConnectNow(Net.java:672)
[2024-01-30T03:24:37.435+0000] {spark_submit.py:571} INFO - at java.base/sun.nio.ch.SocketChannelImpl.finishConnect(SocketChannelImpl.java:946)
[2024-01-30T03:24:37.435+0000] {spark_submit.py:571} INFO - at org.apache.hadoop.net.SocketIOWithTimeout.connect(SocketIOWithTimeout.java:205)
[2024-01-30T03:24:37.436+0000] {spark_submit.py:571} INFO - at org.apache.hadoop.net.NetUtils.connect(NetUtils.java:586)
[2024-01-30T03:24:37.436+0000] {spark_submit.py:571} INFO - at org.apache.hadoop.ipc.Client$Connection.setupConnection(Client.java:711)
[2024-01-30T03:24:37.437+0000] {spark_submit.py:571} INFO - at org.apache.hadoop.ipc.Client$Connection.setupIOstreams(Client.java:833)
[2024-01-30T03:24:37.438+0000] {spark_submit.py:571} INFO - at org.apache.hadoop.ipc.Client$Connection.access$3800(Client.java:414)
[2024-01-30T03:24:37.438+0000] {spark_submit.py:571} INFO - at org.apache.hadoop.ipc.Client.getConnection(Client.java:1677)
[2024-01-30T03:24:37.438+0000] {spark_submit.py:571} INFO - at org.apache.hadoop.ipc.Client.call(Client.java:1502)
[2024-01-30T03:24:37.438+0000] {spark_submit.py:571} INFO - ... 43 more
[2024-01-30T03:24:37.440+0000] {spark_submit.py:571} INFO - 24/01/30 03:24:37 INFO SparkContext: Invoking stop() from shutdown hook
[2024-01-30T03:24:37.440+0000] {spark_submit.py:571} INFO - 24/01/30 03:24:37 INFO SparkContext: SparkContext is stopping with exitCode 0.
[2024-01-30T03:24:37.450+0000] {spark_submit.py:571} INFO - 24/01/30 03:24:37 INFO SparkUI: Stopped Spark web UI at http://instance-1.europe-west9-a.c.data-lake-project-409321.internal:4040
[2024-01-30T03:24:37.497+0000] {spark_submit.py:571} INFO - 24/01/30 03:24:37 INFO MapOutputTrackerMasterEndpoint: MapOutputTrackerMasterEndpoint stopped!
[2024-01-30T03:24:37.540+0000] {spark_submit.py:571} INFO - 24/01/30 03:24:37 INFO MemoryStore: MemoryStore cleared
[2024-01-30T03:24:37.541+0000] {spark_submit.py:571} INFO - 24/01/30 03:24:37 INFO BlockManager: BlockManager stopped
[2024-01-30T03:24:37.561+0000] {spark_submit.py:571} INFO - 24/01/30 03:24:37 INFO BlockManagerMaster: BlockManagerMaster stopped
[2024-01-30T03:24:37.565+0000] {spark_submit.py:571} INFO - 24/01/30 03:24:37 INFO OutputCommitCoordinator$OutputCommitCoordinatorEndpoint: OutputCommitCoordinator stopped!
[2024-01-30T03:24:37.588+0000] {spark_submit.py:571} INFO - 24/01/30 03:24:37 INFO SparkContext: Successfully stopped SparkContext
[2024-01-30T03:24:37.588+0000] {spark_submit.py:571} INFO - 24/01/30 03:24:37 INFO ShutdownHookManager: Shutdown hook called
[2024-01-30T03:24:37.588+0000] {spark_submit.py:571} INFO - 24/01/30 03:24:37 INFO ShutdownHookManager: Deleting directory /tmp/spark-060163ae-bd47-4761-b46f-0bc5e1ffe886
[2024-01-30T03:24:37.593+0000] {spark_submit.py:571} INFO - 24/01/30 03:24:37 INFO ShutdownHookManager: Deleting directory /tmp/spark-7a3140d9-50cc-4185-b892-405b09db8a69
[2024-01-30T03:24:37.685+0000] {taskinstance.py:2698} ERROR - Task failed with exception
Traceback (most recent call last):
  File "/home/juniortemgoua0/DataLake/venv/lib/python3.8/site-packages/airflow/models/taskinstance.py", line 433, in _execute_task
    result = execute_callable(context=context, **execute_callable_kwargs)
  File "/home/juniortemgoua0/DataLake/venv/lib/python3.8/site-packages/airflow/providers/apache/spark/operators/spark_submit.py", line 174, in execute
    self._hook.submit(self._application)
  File "/home/juniortemgoua0/DataLake/venv/lib/python3.8/site-packages/airflow/providers/apache/spark/hooks/spark_submit.py", line 502, in submit
    raise AirflowException(
airflow.exceptions.AirflowException: Cannot execute: spark-submit --master local[*] --conf spark.airflow.execution_date=2024-01-11 --name arrow-spark --class RawToFormatted --queue root.default --deploy-mode client /home/juniortemgoua0/DataLake/jobs/processes/scala/spark_process/target/scala-2.12/spark_job_2.12-0.1.0.jar hdfs://localhost:9000/data-lake. Error code is: 1.
[2024-01-30T03:24:37.688+0000] {taskinstance.py:1138} INFO - Marking task as UP_FOR_RETRY. dag_id=manage_data_lake_dag, task_id=local_job_raw_to_formatted, execution_date=20240111T000000, start_date=20240130T032430, end_date=20240130T032437
[2024-01-30T03:24:37.701+0000] {standard_task_runner.py:107} ERROR - Failed to execute job 178 for task local_job_raw_to_formatted (Cannot execute: spark-submit --master local[*] --conf spark.airflow.execution_date=2024-01-11 --name arrow-spark --class RawToFormatted --queue root.default --deploy-mode client /home/juniortemgoua0/DataLake/jobs/processes/scala/spark_process/target/scala-2.12/spark_job_2.12-0.1.0.jar hdfs://localhost:9000/data-lake. Error code is: 1.; 30796)
[2024-01-30T03:24:37.735+0000] {local_task_job_runner.py:234} INFO - Task exited with return code 1
[2024-01-30T03:24:37.751+0000] {taskinstance.py:3280} INFO - 0 downstream tasks scheduled from follow-on schedule check
