[2024-01-30T02:59:28.329+0000] {taskinstance.py:1956} INFO - Dependencies all met for dep_context=non-requeueable deps ti=<TaskInstance: manage_data_lake_dag.local_job_raw_to_formatted scheduled__2024-01-11T00:00:00+00:00 [queued]>
[2024-01-30T02:59:28.335+0000] {taskinstance.py:1956} INFO - Dependencies all met for dep_context=requeueable deps ti=<TaskInstance: manage_data_lake_dag.local_job_raw_to_formatted scheduled__2024-01-11T00:00:00+00:00 [queued]>
[2024-01-30T02:59:28.335+0000] {taskinstance.py:2170} INFO - Starting attempt 3 of 6
[2024-01-30T02:59:28.348+0000] {taskinstance.py:2191} INFO - Executing <Task(SparkSubmitOperator): local_job_raw_to_formatted> on 2024-01-11 00:00:00+00:00
[2024-01-30T02:59:28.353+0000] {standard_task_runner.py:60} INFO - Started process 21318 to run task
[2024-01-30T02:59:28.359+0000] {standard_task_runner.py:87} INFO - Running: ['airflow', 'tasks', 'run', 'manage_data_lake_dag', 'local_job_raw_to_formatted', 'scheduled__2024-01-11T00:00:00+00:00', '--job-id', '197', '--raw', '--subdir', 'DAGS_FOLDER/data_lake_dag.py', '--cfg-path', '/tmp/tmp4sbaiipo']
[2024-01-30T02:59:28.361+0000] {standard_task_runner.py:88} INFO - Job 197: Subtask local_job_raw_to_formatted
[2024-01-30T02:59:28.403+0000] {task_command.py:423} INFO - Running <TaskInstance: manage_data_lake_dag.local_job_raw_to_formatted scheduled__2024-01-11T00:00:00+00:00 [running]> on host instance-1.europe-west9-a.c.data-lake-project-409321.internal
[2024-01-30T02:59:28.455+0000] {taskinstance.py:2480} INFO - Exporting env vars: AIRFLOW_CTX_DAG_OWNER='juniortemgoua0' AIRFLOW_CTX_DAG_ID='manage_data_lake_dag' AIRFLOW_CTX_TASK_ID='local_job_raw_to_formatted' AIRFLOW_CTX_EXECUTION_DATE='2024-01-11T00:00:00+00:00' AIRFLOW_CTX_TRY_NUMBER='3' AIRFLOW_CTX_DAG_RUN_ID='scheduled__2024-01-11T00:00:00+00:00'
[2024-01-30T02:59:28.461+0000] {base.py:83} INFO - Using connection ID 'spark_default' for task execution.
[2024-01-30T02:59:28.463+0000] {spark_submit.py:401} INFO - Spark-Submit cmd: spark-submit --master local[*] --conf spark.airflow.execution_date=2024-01-11 --name arrow-spark --class RawToFormatted --queue root.default --deploy-mode client /home/juniortemgoua0/DataLake/jobs/processes/scala/spark_process/target/scala-2.12/spark_job_2.12-0.1.0.jar hdfs://localhost:9000/data-lake
[2024-01-30T02:59:31.277+0000] {spark_submit.py:571} INFO - 24/01/30 02:59:31 INFO SparkContext: Running Spark version 3.5.0
[2024-01-30T02:59:31.284+0000] {spark_submit.py:571} INFO - 24/01/30 02:59:31 INFO SparkContext: OS info Linux, 5.15.0-1049-gcp, amd64
[2024-01-30T02:59:31.284+0000] {spark_submit.py:571} INFO - 24/01/30 02:59:31 INFO SparkContext: Java version 17.0.9
[2024-01-30T02:59:31.415+0000] {spark_submit.py:571} INFO - 24/01/30 02:59:31 WARN NativeCodeLoader: Unable to load native-hadoop library for your platform... using builtin-java classes where applicable
[2024-01-30T02:59:31.623+0000] {spark_submit.py:571} INFO - 24/01/30 02:59:31 INFO ResourceUtils: ==============================================================
[2024-01-30T02:59:31.624+0000] {spark_submit.py:571} INFO - 24/01/30 02:59:31 INFO ResourceUtils: No custom resources configured for spark.driver.
[2024-01-30T02:59:31.625+0000] {spark_submit.py:571} INFO - 24/01/30 02:59:31 INFO ResourceUtils: ==============================================================
[2024-01-30T02:59:31.627+0000] {spark_submit.py:571} INFO - 24/01/30 02:59:31 INFO SparkContext: Submitted application: RawToFormatted
[2024-01-30T02:59:31.699+0000] {spark_submit.py:571} INFO - 24/01/30 02:59:31 INFO ResourceProfile: Default ResourceProfile created, executor resources: Map(cores -> name: cores, amount: 1, script: , vendor: , memory -> name: memory, amount: 1024, script: , vendor: , offHeap -> name: offHeap, amount: 0, script: , vendor: ), task resources: Map(cpus -> name: cpus, amount: 1.0)
[2024-01-30T02:59:31.718+0000] {spark_submit.py:571} INFO - 24/01/30 02:59:31 INFO ResourceProfile: Limiting resource is cpu
[2024-01-30T02:59:31.731+0000] {spark_submit.py:571} INFO - 24/01/30 02:59:31 INFO ResourceProfileManager: Added ResourceProfile id: 0
[2024-01-30T02:59:31.870+0000] {spark_submit.py:571} INFO - 24/01/30 02:59:31 INFO SecurityManager: Changing view acls to: juniortemgoua0
[2024-01-30T02:59:31.870+0000] {spark_submit.py:571} INFO - 24/01/30 02:59:31 INFO SecurityManager: Changing modify acls to: juniortemgoua0
[2024-01-30T02:59:31.871+0000] {spark_submit.py:571} INFO - 24/01/30 02:59:31 INFO SecurityManager: Changing view acls groups to:
[2024-01-30T02:59:31.872+0000] {spark_submit.py:571} INFO - 24/01/30 02:59:31 INFO SecurityManager: Changing modify acls groups to:
[2024-01-30T02:59:31.872+0000] {spark_submit.py:571} INFO - 24/01/30 02:59:31 INFO SecurityManager: SecurityManager: authentication disabled; ui acls disabled; users with view permissions: juniortemgoua0; groups with view permissions: EMPTY; users with modify permissions: juniortemgoua0; groups with modify permissions: EMPTY
[2024-01-30T02:59:32.275+0000] {spark_submit.py:571} INFO - 24/01/30 02:59:32 INFO Utils: Successfully started service 'sparkDriver' on port 41843.
[2024-01-30T02:59:32.320+0000] {spark_submit.py:571} INFO - 24/01/30 02:59:32 INFO SparkEnv: Registering MapOutputTracker
[2024-01-30T02:59:32.374+0000] {spark_submit.py:571} INFO - 24/01/30 02:59:32 INFO SparkEnv: Registering BlockManagerMaster
[2024-01-30T02:59:32.405+0000] {spark_submit.py:571} INFO - 24/01/30 02:59:32 INFO BlockManagerMasterEndpoint: Using org.apache.spark.storage.DefaultTopologyMapper for getting topology information
[2024-01-30T02:59:32.407+0000] {spark_submit.py:571} INFO - 24/01/30 02:59:32 INFO BlockManagerMasterEndpoint: BlockManagerMasterEndpoint up
[2024-01-30T02:59:32.415+0000] {spark_submit.py:571} INFO - 24/01/30 02:59:32 INFO SparkEnv: Registering BlockManagerMasterHeartbeat
[2024-01-30T02:59:32.443+0000] {spark_submit.py:571} INFO - 24/01/30 02:59:32 INFO DiskBlockManager: Created local directory at /tmp/blockmgr-25330b34-ecb1-4230-81b4-fc35d5f743ec
[2024-01-30T02:59:32.467+0000] {spark_submit.py:571} INFO - 24/01/30 02:59:32 INFO MemoryStore: MemoryStore started with capacity 434.4 MiB
[2024-01-30T02:59:32.489+0000] {spark_submit.py:571} INFO - 24/01/30 02:59:32 INFO SparkEnv: Registering OutputCommitCoordinator
[2024-01-30T02:59:32.768+0000] {spark_submit.py:571} INFO - 24/01/30 02:59:32 INFO JettyUtils: Start Jetty 0.0.0.0:4040 for SparkUI
[2024-01-30T02:59:32.856+0000] {spark_submit.py:571} INFO - 24/01/30 02:59:32 INFO Utils: Successfully started service 'SparkUI' on port 4040.
[2024-01-30T02:59:32.950+0000] {spark_submit.py:571} INFO - 24/01/30 02:59:32 INFO SparkContext: Added JAR file:/home/juniortemgoua0/DataLake/jobs/processes/scala/spark_process/target/scala-2.12/spark_job_2.12-0.1.0.jar at spark://instance-1.europe-west9-a.c.data-lake-project-409321.internal:41843/jars/spark_job_2.12-0.1.0.jar with timestamp 1706583571260
[2024-01-30T02:59:33.082+0000] {spark_submit.py:571} INFO - 24/01/30 02:59:33 INFO Executor: Starting executor ID driver on host instance-1.europe-west9-a.c.data-lake-project-409321.internal
[2024-01-30T02:59:33.083+0000] {spark_submit.py:571} INFO - 24/01/30 02:59:33 INFO Executor: OS info Linux, 5.15.0-1049-gcp, amd64
[2024-01-30T02:59:33.084+0000] {spark_submit.py:571} INFO - 24/01/30 02:59:33 INFO Executor: Java version 17.0.9
[2024-01-30T02:59:33.093+0000] {spark_submit.py:571} INFO - 24/01/30 02:59:33 INFO Executor: Starting executor with user classpath (userClassPathFirst = false): ''
[2024-01-30T02:59:33.094+0000] {spark_submit.py:571} INFO - 24/01/30 02:59:33 INFO Executor: Created or updated repl class loader org.apache.spark.util.MutableURLClassLoader@6ed043d3 for default.
[2024-01-30T02:59:33.113+0000] {spark_submit.py:571} INFO - 24/01/30 02:59:33 INFO Executor: Fetching spark://instance-1.europe-west9-a.c.data-lake-project-409321.internal:41843/jars/spark_job_2.12-0.1.0.jar with timestamp 1706583571260
[2024-01-30T02:59:33.204+0000] {spark_submit.py:571} INFO - 24/01/30 02:59:33 INFO TransportClientFactory: Successfully created connection to instance-1.europe-west9-a.c.data-lake-project-409321.internal/10.200.0.5:41843 after 41 ms (0 ms spent in bootstraps)
[2024-01-30T02:59:33.220+0000] {spark_submit.py:571} INFO - 24/01/30 02:59:33 INFO Utils: Fetching spark://instance-1.europe-west9-a.c.data-lake-project-409321.internal:41843/jars/spark_job_2.12-0.1.0.jar to /tmp/spark-dbfe4e05-bd6a-46be-bdf1-c9a07b8f1d6b/userFiles-0b0ddf90-073c-4518-9477-a10ce0d58e27/fetchFileTemp3279385635909227888.tmp
[2024-01-30T02:59:33.263+0000] {spark_submit.py:571} INFO - 24/01/30 02:59:33 INFO Executor: Adding file:/tmp/spark-dbfe4e05-bd6a-46be-bdf1-c9a07b8f1d6b/userFiles-0b0ddf90-073c-4518-9477-a10ce0d58e27/spark_job_2.12-0.1.0.jar to class loader default
[2024-01-30T02:59:33.280+0000] {spark_submit.py:571} INFO - 24/01/30 02:59:33 INFO Utils: Successfully started service 'org.apache.spark.network.netty.NettyBlockTransferService' on port 40943.
[2024-01-30T02:59:33.280+0000] {spark_submit.py:571} INFO - 24/01/30 02:59:33 INFO NettyBlockTransferService: Server created on instance-1.europe-west9-a.c.data-lake-project-409321.internal:40943
[2024-01-30T02:59:33.282+0000] {spark_submit.py:571} INFO - 24/01/30 02:59:33 INFO BlockManager: Using org.apache.spark.storage.RandomBlockReplicationPolicy for block replication policy
[2024-01-30T02:59:33.291+0000] {spark_submit.py:571} INFO - 24/01/30 02:59:33 INFO BlockManagerMaster: Registering BlockManager BlockManagerId(driver, instance-1.europe-west9-a.c.data-lake-project-409321.internal, 40943, None)
[2024-01-30T02:59:33.297+0000] {spark_submit.py:571} INFO - 24/01/30 02:59:33 INFO BlockManagerMasterEndpoint: Registering block manager instance-1.europe-west9-a.c.data-lake-project-409321.internal:40943 with 434.4 MiB RAM, BlockManagerId(driver, instance-1.europe-west9-a.c.data-lake-project-409321.internal, 40943, None)
[2024-01-30T02:59:33.300+0000] {spark_submit.py:571} INFO - 24/01/30 02:59:33 INFO BlockManagerMaster: Registered BlockManager BlockManagerId(driver, instance-1.europe-west9-a.c.data-lake-project-409321.internal, 40943, None)
[2024-01-30T02:59:33.302+0000] {spark_submit.py:571} INFO - 24/01/30 02:59:33 INFO BlockManager: Initialized BlockManager: BlockManagerId(driver, instance-1.europe-west9-a.c.data-lake-project-409321.internal, 40943, None)
[2024-01-30T02:59:34.698+0000] {spark_submit.py:571} INFO - 24/01/30 02:59:34 INFO SharedState: Setting hive.metastore.warehouse.dir ('null') to the value of spark.sql.warehouse.dir.
[2024-01-30T02:59:34.716+0000] {spark_submit.py:571} INFO - 24/01/30 02:59:34 INFO SharedState: Warehouse path is 'file:/home/juniortemgoua0/DataLake/spark-warehouse'.
[2024-01-30T02:59:35.885+0000] {spark_submit.py:571} INFO - ************************************************
[2024-01-30T02:59:35.886+0000] {spark_submit.py:571} INFO - Date d'exécution  : 2024-01-11
[2024-01-30T02:59:35.886+0000] {spark_submit.py:571} INFO - ************************************************
[2024-01-30T02:59:39.317+0000] {spark_submit.py:571} INFO - Exception in thread "main" org.apache.spark.sql.AnalysisException: [PATH_NOT_FOUND] Path does not exist: hdfs://localhost:9000/data-lake/raw/football_data/competitions/2024-01-11/*.json.
[2024-01-30T02:59:39.317+0000] {spark_submit.py:571} INFO - at org.apache.spark.sql.errors.QueryCompilationErrors$.dataPathNotExistError(QueryCompilationErrors.scala:1500)
[2024-01-30T02:59:39.318+0000] {spark_submit.py:571} INFO - at org.apache.spark.sql.execution.datasources.DataSource$.$anonfun$checkAndGlobPathIfNecessary$3(DataSource.scala:743)
[2024-01-30T02:59:39.318+0000] {spark_submit.py:571} INFO - at org.apache.spark.util.ThreadUtils$.$anonfun$parmap$2(ThreadUtils.scala:380)
[2024-01-30T02:59:39.318+0000] {spark_submit.py:571} INFO - at scala.concurrent.Future$.$anonfun$apply$1(Future.scala:659)
[2024-01-30T02:59:39.318+0000] {spark_submit.py:571} INFO - at scala.util.Success.$anonfun$map$1(Try.scala:255)
[2024-01-30T02:59:39.318+0000] {spark_submit.py:571} INFO - at scala.util.Success.map(Try.scala:213)
[2024-01-30T02:59:39.319+0000] {spark_submit.py:571} INFO - at scala.concurrent.Future.$anonfun$map$1(Future.scala:292)
[2024-01-30T02:59:39.319+0000] {spark_submit.py:571} INFO - at scala.concurrent.impl.Promise.liftedTree1$1(Promise.scala:33)
[2024-01-30T02:59:39.319+0000] {spark_submit.py:571} INFO - at scala.concurrent.impl.Promise.$anonfun$transform$1(Promise.scala:33)
[2024-01-30T02:59:39.319+0000] {spark_submit.py:571} INFO - at scala.concurrent.impl.CallbackRunnable.run(Promise.scala:64)
[2024-01-30T02:59:39.319+0000] {spark_submit.py:571} INFO - at java.base/java.util.concurrent.ForkJoinTask$RunnableExecuteAction.exec(ForkJoinTask.java:1395)
[2024-01-30T02:59:39.320+0000] {spark_submit.py:571} INFO - at java.base/java.util.concurrent.ForkJoinTask.doExec(ForkJoinTask.java:373)
[2024-01-30T02:59:39.320+0000] {spark_submit.py:571} INFO - at java.base/java.util.concurrent.ForkJoinPool$WorkQueue.topLevelExec(ForkJoinPool.java:1182)
[2024-01-30T02:59:39.320+0000] {spark_submit.py:571} INFO - at java.base/java.util.concurrent.ForkJoinPool.scan(ForkJoinPool.java:1655)
[2024-01-30T02:59:39.320+0000] {spark_submit.py:571} INFO - at java.base/java.util.concurrent.ForkJoinPool.runWorker(ForkJoinPool.java:1622)
[2024-01-30T02:59:39.320+0000] {spark_submit.py:571} INFO - at java.base/java.util.concurrent.ForkJoinWorkerThread.run(ForkJoinWorkerThread.java:165)
[2024-01-30T02:59:39.346+0000] {spark_submit.py:571} INFO - 24/01/30 02:59:39 INFO SparkContext: Invoking stop() from shutdown hook
[2024-01-30T02:59:39.347+0000] {spark_submit.py:571} INFO - 24/01/30 02:59:39 INFO SparkContext: SparkContext is stopping with exitCode 0.
[2024-01-30T02:59:39.372+0000] {spark_submit.py:571} INFO - 24/01/30 02:59:39 INFO SparkUI: Stopped Spark web UI at http://instance-1.europe-west9-a.c.data-lake-project-409321.internal:4040
[2024-01-30T02:59:39.411+0000] {spark_submit.py:571} INFO - 24/01/30 02:59:39 INFO MapOutputTrackerMasterEndpoint: MapOutputTrackerMasterEndpoint stopped!
[2024-01-30T02:59:39.472+0000] {spark_submit.py:571} INFO - 24/01/30 02:59:39 INFO MemoryStore: MemoryStore cleared
[2024-01-30T02:59:39.492+0000] {spark_submit.py:571} INFO - 24/01/30 02:59:39 INFO BlockManager: BlockManager stopped
[2024-01-30T02:59:39.523+0000] {spark_submit.py:571} INFO - 24/01/30 02:59:39 INFO BlockManagerMaster: BlockManagerMaster stopped
[2024-01-30T02:59:39.539+0000] {spark_submit.py:571} INFO - 24/01/30 02:59:39 INFO OutputCommitCoordinator$OutputCommitCoordinatorEndpoint: OutputCommitCoordinator stopped!
[2024-01-30T02:59:39.637+0000] {spark_submit.py:571} INFO - 24/01/30 02:59:39 INFO SparkContext: Successfully stopped SparkContext
[2024-01-30T02:59:39.638+0000] {spark_submit.py:571} INFO - 24/01/30 02:59:39 INFO ShutdownHookManager: Shutdown hook called
[2024-01-30T02:59:39.639+0000] {spark_submit.py:571} INFO - 24/01/30 02:59:39 INFO ShutdownHookManager: Deleting directory /tmp/spark-dbfe4e05-bd6a-46be-bdf1-c9a07b8f1d6b
[2024-01-30T02:59:39.663+0000] {spark_submit.py:571} INFO - 24/01/30 02:59:39 INFO ShutdownHookManager: Deleting directory /tmp/spark-a91c813b-7c72-4bfc-b51d-420e6e05773f
[2024-01-30T02:59:39.844+0000] {taskinstance.py:2698} ERROR - Task failed with exception
Traceback (most recent call last):
  File "/home/juniortemgoua0/DataLake/venv/lib/python3.8/site-packages/airflow/models/taskinstance.py", line 433, in _execute_task
    result = execute_callable(context=context, **execute_callable_kwargs)
  File "/home/juniortemgoua0/DataLake/venv/lib/python3.8/site-packages/airflow/providers/apache/spark/operators/spark_submit.py", line 174, in execute
    self._hook.submit(self._application)
  File "/home/juniortemgoua0/DataLake/venv/lib/python3.8/site-packages/airflow/providers/apache/spark/hooks/spark_submit.py", line 502, in submit
    raise AirflowException(
airflow.exceptions.AirflowException: Cannot execute: spark-submit --master local[*] --conf spark.airflow.execution_date=2024-01-11 --name arrow-spark --class RawToFormatted --queue root.default --deploy-mode client /home/juniortemgoua0/DataLake/jobs/processes/scala/spark_process/target/scala-2.12/spark_job_2.12-0.1.0.jar hdfs://localhost:9000/data-lake. Error code is: 1.
[2024-01-30T02:59:39.856+0000] {taskinstance.py:1138} INFO - Marking task as UP_FOR_RETRY. dag_id=manage_data_lake_dag, task_id=local_job_raw_to_formatted, execution_date=20240111T000000, start_date=20240130T025928, end_date=20240130T025939
[2024-01-30T02:59:39.872+0000] {standard_task_runner.py:107} ERROR - Failed to execute job 197 for task local_job_raw_to_formatted (Cannot execute: spark-submit --master local[*] --conf spark.airflow.execution_date=2024-01-11 --name arrow-spark --class RawToFormatted --queue root.default --deploy-mode client /home/juniortemgoua0/DataLake/jobs/processes/scala/spark_process/target/scala-2.12/spark_job_2.12-0.1.0.jar hdfs://localhost:9000/data-lake. Error code is: 1.; 21318)
[2024-01-30T02:59:39.902+0000] {local_task_job_runner.py:234} INFO - Task exited with return code 1
[2024-01-30T02:59:39.925+0000] {taskinstance.py:3280} INFO - 0 downstream tasks scheduled from follow-on schedule check
[2024-01-30T03:30:22.268+0000] {taskinstance.py:1956} INFO - Dependencies all met for dep_context=non-requeueable deps ti=<TaskInstance: manage_data_lake_dag.local_job_raw_to_formatted scheduled__2024-01-11T00:00:00+00:00 [queued]>
[2024-01-30T03:30:22.274+0000] {taskinstance.py:1956} INFO - Dependencies all met for dep_context=requeueable deps ti=<TaskInstance: manage_data_lake_dag.local_job_raw_to_formatted scheduled__2024-01-11T00:00:00+00:00 [queued]>
[2024-01-30T03:30:22.274+0000] {taskinstance.py:2170} INFO - Starting attempt 3 of 6
[2024-01-30T03:30:22.287+0000] {taskinstance.py:2191} INFO - Executing <Task(SparkSubmitOperator): local_job_raw_to_formatted> on 2024-01-11 00:00:00+00:00
[2024-01-30T03:30:22.293+0000] {standard_task_runner.py:60} INFO - Started process 35416 to run task
[2024-01-30T03:30:22.299+0000] {standard_task_runner.py:87} INFO - Running: ['airflow', 'tasks', 'run', 'manage_data_lake_dag', 'local_job_raw_to_formatted', 'scheduled__2024-01-11T00:00:00+00:00', '--job-id', '194', '--raw', '--subdir', 'DAGS_FOLDER/data_lake_dag.py', '--cfg-path', '/tmp/tmpvldxpfuc']
[2024-01-30T03:30:22.302+0000] {standard_task_runner.py:88} INFO - Job 194: Subtask local_job_raw_to_formatted
[2024-01-30T03:30:22.346+0000] {task_command.py:423} INFO - Running <TaskInstance: manage_data_lake_dag.local_job_raw_to_formatted scheduled__2024-01-11T00:00:00+00:00 [running]> on host instance-1.europe-west9-a.c.data-lake-project-409321.internal
[2024-01-30T03:30:22.397+0000] {taskinstance.py:2480} INFO - Exporting env vars: AIRFLOW_CTX_DAG_OWNER='juniortemgoua0' AIRFLOW_CTX_DAG_ID='manage_data_lake_dag' AIRFLOW_CTX_TASK_ID='local_job_raw_to_formatted' AIRFLOW_CTX_EXECUTION_DATE='2024-01-11T00:00:00+00:00' AIRFLOW_CTX_TRY_NUMBER='3' AIRFLOW_CTX_DAG_RUN_ID='scheduled__2024-01-11T00:00:00+00:00'
[2024-01-30T03:30:22.404+0000] {base.py:83} INFO - Using connection ID 'spark_default' for task execution.
[2024-01-30T03:30:22.405+0000] {spark_submit.py:401} INFO - Spark-Submit cmd: spark-submit --master local[*] --conf spark.airflow.execution_date=2024-01-11 --name arrow-spark --class RawToFormatted --queue root.default --deploy-mode client /home/juniortemgoua0/DataLake/jobs/processes/scala/spark_process/target/scala-2.12/spark_job_2.12-0.1.0.jar hdfs://localhost:9000/data-lake
[2024-01-30T03:30:26.029+0000] {spark_submit.py:571} INFO - 24/01/30 03:30:26 INFO SparkContext: Running Spark version 3.5.0
[2024-01-30T03:30:26.034+0000] {spark_submit.py:571} INFO - 24/01/30 03:30:26 INFO SparkContext: OS info Linux, 5.15.0-1049-gcp, amd64
[2024-01-30T03:30:26.036+0000] {spark_submit.py:571} INFO - 24/01/30 03:30:26 INFO SparkContext: Java version 17.0.9
[2024-01-30T03:30:26.405+0000] {spark_submit.py:571} INFO - 24/01/30 03:30:26 WARN NativeCodeLoader: Unable to load native-hadoop library for your platform... using builtin-java classes where applicable
[2024-01-30T03:30:26.829+0000] {spark_submit.py:571} INFO - 24/01/30 03:30:26 INFO ResourceUtils: ==============================================================
[2024-01-30T03:30:26.832+0000] {spark_submit.py:571} INFO - 24/01/30 03:30:26 INFO ResourceUtils: No custom resources configured for spark.driver.
[2024-01-30T03:30:26.833+0000] {spark_submit.py:571} INFO - 24/01/30 03:30:26 INFO ResourceUtils: ==============================================================
[2024-01-30T03:30:26.834+0000] {spark_submit.py:571} INFO - 24/01/30 03:30:26 INFO SparkContext: Submitted application: RawToFormatted
[2024-01-30T03:30:26.921+0000] {spark_submit.py:571} INFO - 24/01/30 03:30:26 INFO ResourceProfile: Default ResourceProfile created, executor resources: Map(cores -> name: cores, amount: 1, script: , vendor: , memory -> name: memory, amount: 1024, script: , vendor: , offHeap -> name: offHeap, amount: 0, script: , vendor: ), task resources: Map(cpus -> name: cpus, amount: 1.0)
[2024-01-30T03:30:26.952+0000] {spark_submit.py:571} INFO - 24/01/30 03:30:26 INFO ResourceProfile: Limiting resource is cpu
[2024-01-30T03:30:26.959+0000] {spark_submit.py:571} INFO - 24/01/30 03:30:26 INFO ResourceProfileManager: Added ResourceProfile id: 0
[2024-01-30T03:30:27.152+0000] {spark_submit.py:571} INFO - 24/01/30 03:30:27 INFO SecurityManager: Changing view acls to: juniortemgoua0
[2024-01-30T03:30:27.152+0000] {spark_submit.py:571} INFO - 24/01/30 03:30:27 INFO SecurityManager: Changing modify acls to: juniortemgoua0
[2024-01-30T03:30:27.153+0000] {spark_submit.py:571} INFO - 24/01/30 03:30:27 INFO SecurityManager: Changing view acls groups to:
[2024-01-30T03:30:27.158+0000] {spark_submit.py:571} INFO - 24/01/30 03:30:27 INFO SecurityManager: Changing modify acls groups to:
[2024-01-30T03:30:27.158+0000] {spark_submit.py:571} INFO - 24/01/30 03:30:27 INFO SecurityManager: SecurityManager: authentication disabled; ui acls disabled; users with view permissions: juniortemgoua0; groups with view permissions: EMPTY; users with modify permissions: juniortemgoua0; groups with modify permissions: EMPTY
[2024-01-30T03:30:27.965+0000] {spark_submit.py:571} INFO - 24/01/30 03:30:27 INFO Utils: Successfully started service 'sparkDriver' on port 46481.
[2024-01-30T03:30:28.063+0000] {spark_submit.py:571} INFO - 24/01/30 03:30:28 INFO SparkEnv: Registering MapOutputTracker
[2024-01-30T03:30:28.215+0000] {spark_submit.py:571} INFO - 24/01/30 03:30:28 INFO SparkEnv: Registering BlockManagerMaster
[2024-01-30T03:30:28.323+0000] {spark_submit.py:571} INFO - 24/01/30 03:30:28 INFO BlockManagerMasterEndpoint: Using org.apache.spark.storage.DefaultTopologyMapper for getting topology information
[2024-01-30T03:30:28.329+0000] {spark_submit.py:571} INFO - 24/01/30 03:30:28 INFO BlockManagerMasterEndpoint: BlockManagerMasterEndpoint up
[2024-01-30T03:30:28.355+0000] {spark_submit.py:571} INFO - 24/01/30 03:30:28 INFO SparkEnv: Registering BlockManagerMasterHeartbeat
[2024-01-30T03:30:28.503+0000] {spark_submit.py:571} INFO - 24/01/30 03:30:28 INFO DiskBlockManager: Created local directory at /tmp/blockmgr-fa720452-dac7-4663-8f6e-9f18656078eb
[2024-01-30T03:30:28.553+0000] {spark_submit.py:571} INFO - 24/01/30 03:30:28 INFO MemoryStore: MemoryStore started with capacity 434.4 MiB
[2024-01-30T03:30:28.623+0000] {spark_submit.py:571} INFO - 24/01/30 03:30:28 INFO SparkEnv: Registering OutputCommitCoordinator
[2024-01-30T03:30:29.024+0000] {spark_submit.py:571} INFO - 24/01/30 03:30:29 INFO JettyUtils: Start Jetty 0.0.0.0:4040 for SparkUI
[2024-01-30T03:30:29.277+0000] {spark_submit.py:571} INFO - 24/01/30 03:30:29 INFO Utils: Successfully started service 'SparkUI' on port 4040.
[2024-01-30T03:30:29.396+0000] {spark_submit.py:571} INFO - 24/01/30 03:30:29 INFO SparkContext: Added JAR file:/home/juniortemgoua0/DataLake/jobs/processes/scala/spark_process/target/scala-2.12/spark_job_2.12-0.1.0.jar at spark://instance-1.europe-west9-a.c.data-lake-project-409321.internal:46481/jars/spark_job_2.12-0.1.0.jar with timestamp 1706585426007
[2024-01-30T03:30:29.748+0000] {spark_submit.py:571} INFO - 24/01/30 03:30:29 INFO Executor: Starting executor ID driver on host instance-1.europe-west9-a.c.data-lake-project-409321.internal
[2024-01-30T03:30:29.749+0000] {spark_submit.py:571} INFO - 24/01/30 03:30:29 INFO Executor: OS info Linux, 5.15.0-1049-gcp, amd64
[2024-01-30T03:30:29.750+0000] {spark_submit.py:571} INFO - 24/01/30 03:30:29 INFO Executor: Java version 17.0.9
[2024-01-30T03:30:29.797+0000] {spark_submit.py:571} INFO - 24/01/30 03:30:29 INFO Executor: Starting executor with user classpath (userClassPathFirst = false): ''
[2024-01-30T03:30:29.810+0000] {spark_submit.py:571} INFO - 24/01/30 03:30:29 INFO Executor: Created or updated repl class loader org.apache.spark.util.MutableURLClassLoader@135a8c6f for default.
[2024-01-30T03:30:29.858+0000] {spark_submit.py:571} INFO - 24/01/30 03:30:29 INFO Executor: Fetching spark://instance-1.europe-west9-a.c.data-lake-project-409321.internal:46481/jars/spark_job_2.12-0.1.0.jar with timestamp 1706585426007
[2024-01-30T03:30:30.131+0000] {spark_submit.py:571} INFO - 24/01/30 03:30:30 INFO TransportClientFactory: Successfully created connection to instance-1.europe-west9-a.c.data-lake-project-409321.internal/10.200.0.5:46481 after 171 ms (0 ms spent in bootstraps)
[2024-01-30T03:30:30.144+0000] {spark_submit.py:571} INFO - 24/01/30 03:30:30 INFO Utils: Fetching spark://instance-1.europe-west9-a.c.data-lake-project-409321.internal:46481/jars/spark_job_2.12-0.1.0.jar to /tmp/spark-10d9ec2b-654c-4ab3-99ba-2e221954f788/userFiles-0dd864b7-7f52-4698-88dc-9aa95b2ca652/fetchFileTemp7155051823856269854.tmp
[2024-01-30T03:30:30.252+0000] {spark_submit.py:571} INFO - 24/01/30 03:30:30 INFO Executor: Adding file:/tmp/spark-10d9ec2b-654c-4ab3-99ba-2e221954f788/userFiles-0dd864b7-7f52-4698-88dc-9aa95b2ca652/spark_job_2.12-0.1.0.jar to class loader default
[2024-01-30T03:30:30.290+0000] {spark_submit.py:571} INFO - 24/01/30 03:30:30 INFO Utils: Successfully started service 'org.apache.spark.network.netty.NettyBlockTransferService' on port 41909.
[2024-01-30T03:30:30.291+0000] {spark_submit.py:571} INFO - 24/01/30 03:30:30 INFO NettyBlockTransferService: Server created on instance-1.europe-west9-a.c.data-lake-project-409321.internal:41909
[2024-01-30T03:30:30.293+0000] {spark_submit.py:571} INFO - 24/01/30 03:30:30 INFO BlockManager: Using org.apache.spark.storage.RandomBlockReplicationPolicy for block replication policy
[2024-01-30T03:30:30.337+0000] {spark_submit.py:571} INFO - 24/01/30 03:30:30 INFO BlockManagerMaster: Registering BlockManager BlockManagerId(driver, instance-1.europe-west9-a.c.data-lake-project-409321.internal, 41909, None)
[2024-01-30T03:30:30.342+0000] {spark_submit.py:571} INFO - 24/01/30 03:30:30 INFO BlockManagerMasterEndpoint: Registering block manager instance-1.europe-west9-a.c.data-lake-project-409321.internal:41909 with 434.4 MiB RAM, BlockManagerId(driver, instance-1.europe-west9-a.c.data-lake-project-409321.internal, 41909, None)
[2024-01-30T03:30:30.345+0000] {spark_submit.py:571} INFO - 24/01/30 03:30:30 INFO BlockManagerMaster: Registered BlockManager BlockManagerId(driver, instance-1.europe-west9-a.c.data-lake-project-409321.internal, 41909, None)
[2024-01-30T03:30:30.349+0000] {spark_submit.py:571} INFO - 24/01/30 03:30:30 INFO BlockManager: Initialized BlockManager: BlockManagerId(driver, instance-1.europe-west9-a.c.data-lake-project-409321.internal, 41909, None)
[2024-01-30T03:30:32.539+0000] {spark_submit.py:571} INFO - 24/01/30 03:30:32 INFO SharedState: Setting hive.metastore.warehouse.dir ('null') to the value of spark.sql.warehouse.dir.
[2024-01-30T03:30:32.580+0000] {spark_submit.py:571} INFO - 24/01/30 03:30:32 INFO SharedState: Warehouse path is 'file:/home/juniortemgoua0/DataLake/spark-warehouse'.
[2024-01-30T03:30:33.911+0000] {spark_submit.py:571} INFO - ************************************************
[2024-01-30T03:30:33.912+0000] {spark_submit.py:571} INFO - Date d'exécution  : 2024-01-11
[2024-01-30T03:30:33.912+0000] {spark_submit.py:571} INFO - ************************************************
[2024-01-30T03:30:35.057+0000] {spark_submit.py:571} INFO - Exception in thread "main" org.apache.spark.sql.AnalysisException: [PATH_NOT_FOUND] Path does not exist: hdfs://localhost:9000/data-lake/raw/football_data/competitions/2024-01-11/*.json.
[2024-01-30T03:30:35.058+0000] {spark_submit.py:571} INFO - at org.apache.spark.sql.errors.QueryCompilationErrors$.dataPathNotExistError(QueryCompilationErrors.scala:1500)
[2024-01-30T03:30:35.058+0000] {spark_submit.py:571} INFO - at org.apache.spark.sql.execution.datasources.DataSource$.$anonfun$checkAndGlobPathIfNecessary$3(DataSource.scala:743)
[2024-01-30T03:30:35.058+0000] {spark_submit.py:571} INFO - at org.apache.spark.util.ThreadUtils$.$anonfun$parmap$2(ThreadUtils.scala:380)
[2024-01-30T03:30:35.058+0000] {spark_submit.py:571} INFO - at scala.concurrent.Future$.$anonfun$apply$1(Future.scala:659)
[2024-01-30T03:30:35.059+0000] {spark_submit.py:571} INFO - at scala.util.Success.$anonfun$map$1(Try.scala:255)
[2024-01-30T03:30:35.059+0000] {spark_submit.py:571} INFO - at scala.util.Success.map(Try.scala:213)
[2024-01-30T03:30:35.059+0000] {spark_submit.py:571} INFO - at scala.concurrent.Future.$anonfun$map$1(Future.scala:292)
[2024-01-30T03:30:35.059+0000] {spark_submit.py:571} INFO - at scala.concurrent.impl.Promise.liftedTree1$1(Promise.scala:33)
[2024-01-30T03:30:35.059+0000] {spark_submit.py:571} INFO - at scala.concurrent.impl.Promise.$anonfun$transform$1(Promise.scala:33)
[2024-01-30T03:30:35.059+0000] {spark_submit.py:571} INFO - at scala.concurrent.impl.CallbackRunnable.run(Promise.scala:64)
[2024-01-30T03:30:35.060+0000] {spark_submit.py:571} INFO - at java.base/java.util.concurrent.ForkJoinTask$RunnableExecuteAction.exec(ForkJoinTask.java:1395)
[2024-01-30T03:30:35.060+0000] {spark_submit.py:571} INFO - at java.base/java.util.concurrent.ForkJoinTask.doExec(ForkJoinTask.java:373)
[2024-01-30T03:30:35.062+0000] {spark_submit.py:571} INFO - at java.base/java.util.concurrent.ForkJoinPool$WorkQueue.topLevelExec(ForkJoinPool.java:1182)
[2024-01-30T03:30:35.062+0000] {spark_submit.py:571} INFO - at java.base/java.util.concurrent.ForkJoinPool.scan(ForkJoinPool.java:1655)
[2024-01-30T03:30:35.062+0000] {spark_submit.py:571} INFO - at java.base/java.util.concurrent.ForkJoinPool.runWorker(ForkJoinPool.java:1622)
[2024-01-30T03:30:35.063+0000] {spark_submit.py:571} INFO - at java.base/java.util.concurrent.ForkJoinWorkerThread.run(ForkJoinWorkerThread.java:165)
[2024-01-30T03:30:35.070+0000] {spark_submit.py:571} INFO - 24/01/30 03:30:35 INFO SparkContext: Invoking stop() from shutdown hook
[2024-01-30T03:30:35.071+0000] {spark_submit.py:571} INFO - 24/01/30 03:30:35 INFO SparkContext: SparkContext is stopping with exitCode 0.
[2024-01-30T03:30:35.118+0000] {spark_submit.py:571} INFO - 24/01/30 03:30:35 INFO SparkUI: Stopped Spark web UI at http://instance-1.europe-west9-a.c.data-lake-project-409321.internal:4040
[2024-01-30T03:30:35.149+0000] {spark_submit.py:571} INFO - 24/01/30 03:30:35 INFO MapOutputTrackerMasterEndpoint: MapOutputTrackerMasterEndpoint stopped!
[2024-01-30T03:30:35.166+0000] {spark_submit.py:571} INFO - 24/01/30 03:30:35 INFO MemoryStore: MemoryStore cleared
[2024-01-30T03:30:35.167+0000] {spark_submit.py:571} INFO - 24/01/30 03:30:35 INFO BlockManager: BlockManager stopped
[2024-01-30T03:30:35.173+0000] {spark_submit.py:571} INFO - 24/01/30 03:30:35 INFO BlockManagerMaster: BlockManagerMaster stopped
[2024-01-30T03:30:35.176+0000] {spark_submit.py:571} INFO - 24/01/30 03:30:35 INFO OutputCommitCoordinator$OutputCommitCoordinatorEndpoint: OutputCommitCoordinator stopped!
[2024-01-30T03:30:35.193+0000] {spark_submit.py:571} INFO - 24/01/30 03:30:35 INFO SparkContext: Successfully stopped SparkContext
[2024-01-30T03:30:35.193+0000] {spark_submit.py:571} INFO - 24/01/30 03:30:35 INFO ShutdownHookManager: Shutdown hook called
[2024-01-30T03:30:35.194+0000] {spark_submit.py:571} INFO - 24/01/30 03:30:35 INFO ShutdownHookManager: Deleting directory /tmp/spark-10d9ec2b-654c-4ab3-99ba-2e221954f788
[2024-01-30T03:30:35.199+0000] {spark_submit.py:571} INFO - 24/01/30 03:30:35 INFO ShutdownHookManager: Deleting directory /tmp/spark-cbb0dff3-e71b-4162-b587-4db4426d6d55
[2024-01-30T03:30:35.265+0000] {taskinstance.py:2698} ERROR - Task failed with exception
Traceback (most recent call last):
  File "/home/juniortemgoua0/DataLake/venv/lib/python3.8/site-packages/airflow/models/taskinstance.py", line 433, in _execute_task
    result = execute_callable(context=context, **execute_callable_kwargs)
  File "/home/juniortemgoua0/DataLake/venv/lib/python3.8/site-packages/airflow/providers/apache/spark/operators/spark_submit.py", line 174, in execute
    self._hook.submit(self._application)
  File "/home/juniortemgoua0/DataLake/venv/lib/python3.8/site-packages/airflow/providers/apache/spark/hooks/spark_submit.py", line 502, in submit
    raise AirflowException(
airflow.exceptions.AirflowException: Cannot execute: spark-submit --master local[*] --conf spark.airflow.execution_date=2024-01-11 --name arrow-spark --class RawToFormatted --queue root.default --deploy-mode client /home/juniortemgoua0/DataLake/jobs/processes/scala/spark_process/target/scala-2.12/spark_job_2.12-0.1.0.jar hdfs://localhost:9000/data-lake. Error code is: 1.
[2024-01-30T03:30:35.268+0000] {taskinstance.py:1138} INFO - Marking task as UP_FOR_RETRY. dag_id=manage_data_lake_dag, task_id=local_job_raw_to_formatted, execution_date=20240111T000000, start_date=20240130T033022, end_date=20240130T033035
[2024-01-30T03:30:35.281+0000] {standard_task_runner.py:107} ERROR - Failed to execute job 194 for task local_job_raw_to_formatted (Cannot execute: spark-submit --master local[*] --conf spark.airflow.execution_date=2024-01-11 --name arrow-spark --class RawToFormatted --queue root.default --deploy-mode client /home/juniortemgoua0/DataLake/jobs/processes/scala/spark_process/target/scala-2.12/spark_job_2.12-0.1.0.jar hdfs://localhost:9000/data-lake. Error code is: 1.; 35416)
[2024-01-30T03:30:35.308+0000] {local_task_job_runner.py:234} INFO - Task exited with return code 1
[2024-01-30T03:30:35.326+0000] {taskinstance.py:3280} INFO - 0 downstream tasks scheduled from follow-on schedule check
