[2024-01-29T09:27:27.889+0000] {taskinstance.py:1956} INFO - Dependencies all met for dep_context=non-requeueable deps ti=<TaskInstance: manage_data_lake_dag.spark_job_formatted manual__2024-01-29T09:27:21.489563+00:00 [queued]>
[2024-01-29T09:27:27.896+0000] {taskinstance.py:1956} INFO - Dependencies all met for dep_context=requeueable deps ti=<TaskInstance: manage_data_lake_dag.spark_job_formatted manual__2024-01-29T09:27:21.489563+00:00 [queued]>
[2024-01-29T09:27:27.896+0000] {taskinstance.py:2170} INFO - Starting attempt 1 of 6
[2024-01-29T09:27:27.983+0000] {taskinstance.py:2191} INFO - Executing <Task(SparkSubmitOperator): spark_job_formatted> on 2024-01-29 09:27:21.489563+00:00
[2024-01-29T09:27:27.987+0000] {standard_task_runner.py:60} INFO - Started process 81605 to run task
[2024-01-29T09:27:27.993+0000] {standard_task_runner.py:87} INFO - Running: ['airflow', 'tasks', 'run', 'manage_data_lake_dag', 'spark_job_formatted', 'manual__2024-01-29T09:27:21.489563+00:00', '--job-id', '79', '--raw', '--subdir', 'DAGS_FOLDER/data_lake_dag.py', '--cfg-path', '/tmp/tmpih5xl9wy']
[2024-01-29T09:27:27.996+0000] {standard_task_runner.py:88} INFO - Job 79: Subtask spark_job_formatted
[2024-01-29T09:27:28.045+0000] {task_command.py:423} INFO - Running <TaskInstance: manage_data_lake_dag.spark_job_formatted manual__2024-01-29T09:27:21.489563+00:00 [running]> on host instance-1.europe-west9-a.c.data-lake-project-409321.internal
[2024-01-29T09:27:28.105+0000] {taskinstance.py:2480} INFO - Exporting env vars: AIRFLOW_CTX_DAG_OWNER='juniortemgoua0' AIRFLOW_CTX_DAG_ID='manage_data_lake_dag' AIRFLOW_CTX_TASK_ID='spark_job_formatted' AIRFLOW_CTX_EXECUTION_DATE='2024-01-29T09:27:21.489563+00:00' AIRFLOW_CTX_TRY_NUMBER='1' AIRFLOW_CTX_DAG_RUN_ID='manual__2024-01-29T09:27:21.489563+00:00'
[2024-01-29T09:27:28.111+0000] {base.py:83} INFO - Using connection ID 'spark_default' for task execution.
[2024-01-29T09:27:28.112+0000] {spark_submit.py:401} INFO - Spark-Submit cmd: spark-submit --master yarn --name arrow-spark --class RawToFormatted --queue root.default --deploy-mode client /home/juniortemgoua0/DataLake/jobs/processes/scala/spark_process/target/scala-2.12/spark_job_2.12-0.1.0.jar gs://data-lake-buck
[2024-01-29T09:27:30.794+0000] {spark_submit.py:571} INFO - 24/01/29 09:27:30 INFO SparkContext: Running Spark version 3.5.0
[2024-01-29T09:27:30.799+0000] {spark_submit.py:571} INFO - 24/01/29 09:27:30 INFO SparkContext: OS info Linux, 5.15.0-1049-gcp, amd64
[2024-01-29T09:27:30.800+0000] {spark_submit.py:571} INFO - 24/01/29 09:27:30 INFO SparkContext: Java version 17.0.9
[2024-01-29T09:27:30.924+0000] {spark_submit.py:571} INFO - 24/01/29 09:27:30 WARN NativeCodeLoader: Unable to load native-hadoop library for your platform... using builtin-java classes where applicable
[2024-01-29T09:27:31.094+0000] {spark_submit.py:571} INFO - 24/01/29 09:27:31 INFO ResourceUtils: ==============================================================
[2024-01-29T09:27:31.094+0000] {spark_submit.py:571} INFO - 24/01/29 09:27:31 INFO ResourceUtils: No custom resources configured for spark.driver.
[2024-01-29T09:27:31.095+0000] {spark_submit.py:571} INFO - 24/01/29 09:27:31 INFO ResourceUtils: ==============================================================
[2024-01-29T09:27:31.096+0000] {spark_submit.py:571} INFO - 24/01/29 09:27:31 INFO SparkContext: Submitted application: RawToFormatted
[2024-01-29T09:27:31.131+0000] {spark_submit.py:571} INFO - 24/01/29 09:27:31 INFO ResourceProfile: Default ResourceProfile created, executor resources: Map(cores -> name: cores, amount: 1, script: , vendor: , memory -> name: memory, amount: 1024, script: , vendor: , offHeap -> name: offHeap, amount: 0, script: , vendor: ), task resources: Map(cpus -> name: cpus, amount: 1.0)
[2024-01-29T09:27:31.143+0000] {spark_submit.py:571} INFO - 24/01/29 09:27:31 INFO ResourceProfile: Limiting resource is cpus at 1 tasks per executor
[2024-01-29T09:27:31.145+0000] {spark_submit.py:571} INFO - 24/01/29 09:27:31 INFO ResourceProfileManager: Added ResourceProfile id: 0
[2024-01-29T09:27:31.240+0000] {spark_submit.py:571} INFO - 24/01/29 09:27:31 INFO SecurityManager: Changing view acls to: juniortemgoua0
[2024-01-29T09:27:31.241+0000] {spark_submit.py:571} INFO - 24/01/29 09:27:31 INFO SecurityManager: Changing modify acls to: juniortemgoua0
[2024-01-29T09:27:31.242+0000] {spark_submit.py:571} INFO - 24/01/29 09:27:31 INFO SecurityManager: Changing view acls groups to:
[2024-01-29T09:27:31.242+0000] {spark_submit.py:571} INFO - 24/01/29 09:27:31 INFO SecurityManager: Changing modify acls groups to:
[2024-01-29T09:27:31.243+0000] {spark_submit.py:571} INFO - 24/01/29 09:27:31 INFO SecurityManager: SecurityManager: authentication disabled; ui acls disabled; users with view permissions: juniortemgoua0; groups with view permissions: EMPTY; users with modify permissions: juniortemgoua0; groups with modify permissions: EMPTY
[2024-01-29T09:27:31.608+0000] {spark_submit.py:571} INFO - 24/01/29 09:27:31 INFO Utils: Successfully started service 'sparkDriver' on port 44021.
[2024-01-29T09:27:31.653+0000] {spark_submit.py:571} INFO - 24/01/29 09:27:31 INFO SparkEnv: Registering MapOutputTracker
[2024-01-29T09:27:31.701+0000] {spark_submit.py:571} INFO - 24/01/29 09:27:31 INFO SparkEnv: Registering BlockManagerMaster
[2024-01-29T09:27:31.730+0000] {spark_submit.py:571} INFO - 24/01/29 09:27:31 INFO BlockManagerMasterEndpoint: Using org.apache.spark.storage.DefaultTopologyMapper for getting topology information
[2024-01-29T09:27:31.731+0000] {spark_submit.py:571} INFO - 24/01/29 09:27:31 INFO BlockManagerMasterEndpoint: BlockManagerMasterEndpoint up
[2024-01-29T09:27:31.780+0000] {spark_submit.py:571} INFO - 24/01/29 09:27:31 INFO SparkEnv: Registering BlockManagerMasterHeartbeat
[2024-01-29T09:27:31.807+0000] {spark_submit.py:571} INFO - 24/01/29 09:27:31 INFO DiskBlockManager: Created local directory at /tmp/blockmgr-90a882b8-e3b7-41c9-b5eb-166df5cd4ca4
[2024-01-29T09:27:31.828+0000] {spark_submit.py:571} INFO - 24/01/29 09:27:31 INFO MemoryStore: MemoryStore started with capacity 434.4 MiB
[2024-01-29T09:27:31.923+0000] {spark_submit.py:571} INFO - 24/01/29 09:27:31 INFO SparkEnv: Registering OutputCommitCoordinator
[2024-01-29T09:27:32.210+0000] {spark_submit.py:571} INFO - 24/01/29 09:27:32 INFO JettyUtils: Start Jetty 0.0.0.0:4040 for SparkUI
[2024-01-29T09:27:32.343+0000] {spark_submit.py:571} INFO - 24/01/29 09:27:32 INFO Utils: Successfully started service 'SparkUI' on port 4040.
[2024-01-29T09:27:32.427+0000] {spark_submit.py:571} INFO - 24/01/29 09:27:32 INFO SparkContext: Added JAR file:/home/juniortemgoua0/DataLake/jobs/processes/scala/spark_process/target/scala-2.12/spark_job_2.12-0.1.0.jar at spark://instance-1.europe-west9-a.c.data-lake-project-409321.internal:44021/jars/spark_job_2.12-0.1.0.jar with timestamp 1706520450782
[2024-01-29T09:27:32.719+0000] {spark_submit.py:571} INFO - 24/01/29 09:27:32 INFO DefaultNoHARMFailoverProxyProvider: Connecting to ResourceManager at hadoopresourcemanager/<unresolved>:8032
[2024-01-29T09:27:33.939+0000] {spark_submit.py:571} INFO - 24/01/29 09:27:33 INFO Client: Retrying connect to server: hadoopresourcemanager/<unresolved>:8032. Already tried 0 time(s); retry policy is RetryUpToMaximumCountWithFixedSleep(maxRetries=10, sleepTime=1000 MILLISECONDS)
[2024-01-29T09:27:34.940+0000] {spark_submit.py:571} INFO - 24/01/29 09:27:34 INFO Client: Retrying connect to server: hadoopresourcemanager/<unresolved>:8032. Already tried 1 time(s); retry policy is RetryUpToMaximumCountWithFixedSleep(maxRetries=10, sleepTime=1000 MILLISECONDS)
[2024-01-29T09:27:35.943+0000] {spark_submit.py:571} INFO - 24/01/29 09:27:35 INFO Client: Retrying connect to server: hadoopresourcemanager/<unresolved>:8032. Already tried 2 time(s); retry policy is RetryUpToMaximumCountWithFixedSleep(maxRetries=10, sleepTime=1000 MILLISECONDS)
[2024-01-29T09:27:36.944+0000] {spark_submit.py:571} INFO - 24/01/29 09:27:36 INFO Client: Retrying connect to server: hadoopresourcemanager/<unresolved>:8032. Already tried 3 time(s); retry policy is RetryUpToMaximumCountWithFixedSleep(maxRetries=10, sleepTime=1000 MILLISECONDS)
[2024-01-29T09:27:37.945+0000] {spark_submit.py:571} INFO - 24/01/29 09:27:37 INFO Client: Retrying connect to server: hadoopresourcemanager/<unresolved>:8032. Already tried 4 time(s); retry policy is RetryUpToMaximumCountWithFixedSleep(maxRetries=10, sleepTime=1000 MILLISECONDS)
[2024-01-29T09:27:38.945+0000] {spark_submit.py:571} INFO - 24/01/29 09:27:38 INFO Client: Retrying connect to server: hadoopresourcemanager/<unresolved>:8032. Already tried 5 time(s); retry policy is RetryUpToMaximumCountWithFixedSleep(maxRetries=10, sleepTime=1000 MILLISECONDS)
[2024-01-29T09:27:39.946+0000] {spark_submit.py:571} INFO - 24/01/29 09:27:39 INFO Client: Retrying connect to server: hadoopresourcemanager/<unresolved>:8032. Already tried 6 time(s); retry policy is RetryUpToMaximumCountWithFixedSleep(maxRetries=10, sleepTime=1000 MILLISECONDS)
[2024-01-29T09:27:40.949+0000] {spark_submit.py:571} INFO - 24/01/29 09:27:40 INFO Client: Retrying connect to server: hadoopresourcemanager/<unresolved>:8032. Already tried 7 time(s); retry policy is RetryUpToMaximumCountWithFixedSleep(maxRetries=10, sleepTime=1000 MILLISECONDS)
[2024-01-29T09:27:41.950+0000] {spark_submit.py:571} INFO - 24/01/29 09:27:41 INFO Client: Retrying connect to server: hadoopresourcemanager/<unresolved>:8032. Already tried 8 time(s); retry policy is RetryUpToMaximumCountWithFixedSleep(maxRetries=10, sleepTime=1000 MILLISECONDS)
[2024-01-29T09:27:42.951+0000] {spark_submit.py:571} INFO - 24/01/29 09:27:42 INFO Client: Retrying connect to server: hadoopresourcemanager/<unresolved>:8032. Already tried 9 time(s); retry policy is RetryUpToMaximumCountWithFixedSleep(maxRetries=10, sleepTime=1000 MILLISECONDS)
[2024-01-29T09:27:43.972+0000] {spark_submit.py:571} INFO - 24/01/29 09:27:43 INFO Client: Retrying connect to server: hadoopresourcemanager/<unresolved>:8032. Already tried 0 time(s); retry policy is RetryUpToMaximumCountWithFixedSleep(maxRetries=10, sleepTime=1000 MILLISECONDS)
[2024-01-29T09:27:44.973+0000] {spark_submit.py:571} INFO - 24/01/29 09:27:44 INFO Client: Retrying connect to server: hadoopresourcemanager/<unresolved>:8032. Already tried 1 time(s); retry policy is RetryUpToMaximumCountWithFixedSleep(maxRetries=10, sleepTime=1000 MILLISECONDS)
[2024-01-29T09:27:45.976+0000] {spark_submit.py:571} INFO - 24/01/29 09:27:45 INFO Client: Retrying connect to server: hadoopresourcemanager/<unresolved>:8032. Already tried 2 time(s); retry policy is RetryUpToMaximumCountWithFixedSleep(maxRetries=10, sleepTime=1000 MILLISECONDS)
[2024-01-29T09:27:46.977+0000] {spark_submit.py:571} INFO - 24/01/29 09:27:46 INFO Client: Retrying connect to server: hadoopresourcemanager/<unresolved>:8032. Already tried 3 time(s); retry policy is RetryUpToMaximumCountWithFixedSleep(maxRetries=10, sleepTime=1000 MILLISECONDS)
[2024-01-29T09:27:47.977+0000] {spark_submit.py:571} INFO - 24/01/29 09:27:47 INFO Client: Retrying connect to server: hadoopresourcemanager/<unresolved>:8032. Already tried 4 time(s); retry policy is RetryUpToMaximumCountWithFixedSleep(maxRetries=10, sleepTime=1000 MILLISECONDS)
[2024-01-29T09:27:48.978+0000] {spark_submit.py:571} INFO - 24/01/29 09:27:48 INFO Client: Retrying connect to server: hadoopresourcemanager/<unresolved>:8032. Already tried 5 time(s); retry policy is RetryUpToMaximumCountWithFixedSleep(maxRetries=10, sleepTime=1000 MILLISECONDS)
[2024-01-29T09:27:49.978+0000] {spark_submit.py:571} INFO - 24/01/29 09:27:49 INFO Client: Retrying connect to server: hadoopresourcemanager/<unresolved>:8032. Already tried 6 time(s); retry policy is RetryUpToMaximumCountWithFixedSleep(maxRetries=10, sleepTime=1000 MILLISECONDS)
[2024-01-29T09:27:50.982+0000] {spark_submit.py:571} INFO - 24/01/29 09:27:50 INFO Client: Retrying connect to server: hadoopresourcemanager/<unresolved>:8032. Already tried 7 time(s); retry policy is RetryUpToMaximumCountWithFixedSleep(maxRetries=10, sleepTime=1000 MILLISECONDS)
[2024-01-29T09:27:51.983+0000] {spark_submit.py:571} INFO - 24/01/29 09:27:51 INFO Client: Retrying connect to server: hadoopresourcemanager/<unresolved>:8032. Already tried 8 time(s); retry policy is RetryUpToMaximumCountWithFixedSleep(maxRetries=10, sleepTime=1000 MILLISECONDS)
[2024-01-29T09:27:52.984+0000] {spark_submit.py:571} INFO - 24/01/29 09:27:52 INFO Client: Retrying connect to server: hadoopresourcemanager/<unresolved>:8032. Already tried 9 time(s); retry policy is RetryUpToMaximumCountWithFixedSleep(maxRetries=10, sleepTime=1000 MILLISECONDS)
[2024-01-29T09:27:52.998+0000] {spark_submit.py:571} INFO - 24/01/29 09:27:52 INFO RetryInvocationHandler: java.net.UnknownHostException: Invalid host name: local host is: "instance-1/10.200.0.5"; destination host is: "hadoopresourcemanager":8032; java.net.UnknownHostException: Invalid host name: local host is: "instance-1/10.200.0.5"; destination host is: "hadoopresourcemanager":8032; java.net.UnknownHostException; For more details see:  http://wiki.apache.org/hadoop/UnknownHost; For more details see:  http://wiki.apache.org/hadoop/UnknownHost, while invoking ApplicationClientProtocolPBClientImpl.getNewApplication over null after 1 failover attempts. Trying to failover after sleeping for 34377ms.
[2024-01-29T09:28:28.394+0000] {spark_submit.py:571} INFO - 24/01/29 09:28:28 INFO Client: Retrying connect to server: hadoopresourcemanager/<unresolved>:8032. Already tried 0 time(s); retry policy is RetryUpToMaximumCountWithFixedSleep(maxRetries=10, sleepTime=1000 MILLISECONDS)
[2024-01-29T09:28:29.394+0000] {spark_submit.py:571} INFO - 24/01/29 09:28:29 INFO Client: Retrying connect to server: hadoopresourcemanager/<unresolved>:8032. Already tried 1 time(s); retry policy is RetryUpToMaximumCountWithFixedSleep(maxRetries=10, sleepTime=1000 MILLISECONDS)
[2024-01-29T09:28:30.395+0000] {spark_submit.py:571} INFO - 24/01/29 09:28:30 INFO Client: Retrying connect to server: hadoopresourcemanager/<unresolved>:8032. Already tried 2 time(s); retry policy is RetryUpToMaximumCountWithFixedSleep(maxRetries=10, sleepTime=1000 MILLISECONDS)
[2024-01-29T09:28:31.396+0000] {spark_submit.py:571} INFO - 24/01/29 09:28:31 INFO Client: Retrying connect to server: hadoopresourcemanager/<unresolved>:8032. Already tried 3 time(s); retry policy is RetryUpToMaximumCountWithFixedSleep(maxRetries=10, sleepTime=1000 MILLISECONDS)
[2024-01-29T09:28:32.396+0000] {spark_submit.py:571} INFO - 24/01/29 09:28:32 INFO Client: Retrying connect to server: hadoopresourcemanager/<unresolved>:8032. Already tried 4 time(s); retry policy is RetryUpToMaximumCountWithFixedSleep(maxRetries=10, sleepTime=1000 MILLISECONDS)
[2024-01-29T09:28:33.400+0000] {spark_submit.py:571} INFO - 24/01/29 09:28:33 INFO Client: Retrying connect to server: hadoopresourcemanager/<unresolved>:8032. Already tried 5 time(s); retry policy is RetryUpToMaximumCountWithFixedSleep(maxRetries=10, sleepTime=1000 MILLISECONDS)
[2024-01-29T09:28:34.401+0000] {spark_submit.py:571} INFO - 24/01/29 09:28:34 INFO Client: Retrying connect to server: hadoopresourcemanager/<unresolved>:8032. Already tried 6 time(s); retry policy is RetryUpToMaximumCountWithFixedSleep(maxRetries=10, sleepTime=1000 MILLISECONDS)
[2024-01-29T09:28:35.401+0000] {spark_submit.py:571} INFO - 24/01/29 09:28:35 INFO Client: Retrying connect to server: hadoopresourcemanager/<unresolved>:8032. Already tried 7 time(s); retry policy is RetryUpToMaximumCountWithFixedSleep(maxRetries=10, sleepTime=1000 MILLISECONDS)
[2024-01-29T09:28:36.402+0000] {spark_submit.py:571} INFO - 24/01/29 09:28:36 INFO Client: Retrying connect to server: hadoopresourcemanager/<unresolved>:8032. Already tried 8 time(s); retry policy is RetryUpToMaximumCountWithFixedSleep(maxRetries=10, sleepTime=1000 MILLISECONDS)
[2024-01-29T09:28:37.402+0000] {spark_submit.py:571} INFO - 24/01/29 09:28:37 INFO Client: Retrying connect to server: hadoopresourcemanager/<unresolved>:8032. Already tried 9 time(s); retry policy is RetryUpToMaximumCountWithFixedSleep(maxRetries=10, sleepTime=1000 MILLISECONDS)
[2024-01-29T09:28:37.420+0000] {spark_submit.py:571} INFO - 24/01/29 09:28:37 INFO RetryInvocationHandler: java.net.UnknownHostException: Invalid host name: local host is: "instance-1/10.200.0.5"; destination host is: "hadoopresourcemanager":8032; java.net.UnknownHostException: Invalid host name: local host is: "instance-1/10.200.0.5"; destination host is: "hadoopresourcemanager":8032; java.net.UnknownHostException; For more details see:  http://wiki.apache.org/hadoop/UnknownHost; For more details see:  http://wiki.apache.org/hadoop/UnknownHost, while invoking ApplicationClientProtocolPBClientImpl.getNewApplication over null after 2 failover attempts. Trying to failover after sleeping for 22955ms.
[2024-01-29T09:29:01.394+0000] {spark_submit.py:571} INFO - 24/01/29 09:29:01 INFO Client: Retrying connect to server: hadoopresourcemanager/<unresolved>:8032. Already tried 0 time(s); retry policy is RetryUpToMaximumCountWithFixedSleep(maxRetries=10, sleepTime=1000 MILLISECONDS)
[2024-01-29T09:29:02.395+0000] {spark_submit.py:571} INFO - 24/01/29 09:29:02 INFO Client: Retrying connect to server: hadoopresourcemanager/<unresolved>:8032. Already tried 1 time(s); retry policy is RetryUpToMaximumCountWithFixedSleep(maxRetries=10, sleepTime=1000 MILLISECONDS)
[2024-01-29T09:29:03.395+0000] {spark_submit.py:571} INFO - 24/01/29 09:29:03 INFO Client: Retrying connect to server: hadoopresourcemanager/<unresolved>:8032. Already tried 2 time(s); retry policy is RetryUpToMaximumCountWithFixedSleep(maxRetries=10, sleepTime=1000 MILLISECONDS)
[2024-01-29T09:29:04.396+0000] {spark_submit.py:571} INFO - 24/01/29 09:29:04 INFO Client: Retrying connect to server: hadoopresourcemanager/<unresolved>:8032. Already tried 3 time(s); retry policy is RetryUpToMaximumCountWithFixedSleep(maxRetries=10, sleepTime=1000 MILLISECONDS)
[2024-01-29T09:29:05.397+0000] {spark_submit.py:571} INFO - 24/01/29 09:29:05 INFO Client: Retrying connect to server: hadoopresourcemanager/<unresolved>:8032. Already tried 4 time(s); retry policy is RetryUpToMaximumCountWithFixedSleep(maxRetries=10, sleepTime=1000 MILLISECONDS)
[2024-01-29T09:29:06.400+0000] {spark_submit.py:571} INFO - 24/01/29 09:29:06 INFO Client: Retrying connect to server: hadoopresourcemanager/<unresolved>:8032. Already tried 5 time(s); retry policy is RetryUpToMaximumCountWithFixedSleep(maxRetries=10, sleepTime=1000 MILLISECONDS)
[2024-01-29T09:29:07.400+0000] {spark_submit.py:571} INFO - 24/01/29 09:29:07 INFO Client: Retrying connect to server: hadoopresourcemanager/<unresolved>:8032. Already tried 6 time(s); retry policy is RetryUpToMaximumCountWithFixedSleep(maxRetries=10, sleepTime=1000 MILLISECONDS)
[2024-01-29T09:29:08.401+0000] {spark_submit.py:571} INFO - 24/01/29 09:29:08 INFO Client: Retrying connect to server: hadoopresourcemanager/<unresolved>:8032. Already tried 7 time(s); retry policy is RetryUpToMaximumCountWithFixedSleep(maxRetries=10, sleepTime=1000 MILLISECONDS)
[2024-01-29T09:29:09.401+0000] {spark_submit.py:571} INFO - 24/01/29 09:29:09 INFO Client: Retrying connect to server: hadoopresourcemanager/<unresolved>:8032. Already tried 8 time(s); retry policy is RetryUpToMaximumCountWithFixedSleep(maxRetries=10, sleepTime=1000 MILLISECONDS)
[2024-01-29T09:29:10.402+0000] {spark_submit.py:571} INFO - 24/01/29 09:29:10 INFO Client: Retrying connect to server: hadoopresourcemanager/<unresolved>:8032. Already tried 9 time(s); retry policy is RetryUpToMaximumCountWithFixedSleep(maxRetries=10, sleepTime=1000 MILLISECONDS)
[2024-01-29T09:29:10.420+0000] {spark_submit.py:571} INFO - 24/01/29 09:29:10 INFO RetryInvocationHandler: java.net.UnknownHostException: Invalid host name: local host is: "instance-1/10.200.0.5"; destination host is: "hadoopresourcemanager":8032; java.net.UnknownHostException: Invalid host name: local host is: "instance-1/10.200.0.5"; destination host is: "hadoopresourcemanager":8032; java.net.UnknownHostException; For more details see:  http://wiki.apache.org/hadoop/UnknownHost; For more details see:  http://wiki.apache.org/hadoop/UnknownHost, while invoking ApplicationClientProtocolPBClientImpl.getNewApplication over null after 3 failover attempts. Trying to failover after sleeping for 17530ms.
[2024-01-29T09:29:28.968+0000] {spark_submit.py:571} INFO - 24/01/29 09:29:28 INFO Client: Retrying connect to server: hadoopresourcemanager/<unresolved>:8032. Already tried 0 time(s); retry policy is RetryUpToMaximumCountWithFixedSleep(maxRetries=10, sleepTime=1000 MILLISECONDS)
[2024-01-29T09:29:29.969+0000] {spark_submit.py:571} INFO - 24/01/29 09:29:29 INFO Client: Retrying connect to server: hadoopresourcemanager/<unresolved>:8032. Already tried 1 time(s); retry policy is RetryUpToMaximumCountWithFixedSleep(maxRetries=10, sleepTime=1000 MILLISECONDS)
[2024-01-29T09:29:30.970+0000] {spark_submit.py:571} INFO - 24/01/29 09:29:30 INFO Client: Retrying connect to server: hadoopresourcemanager/<unresolved>:8032. Already tried 2 time(s); retry policy is RetryUpToMaximumCountWithFixedSleep(maxRetries=10, sleepTime=1000 MILLISECONDS)
[2024-01-29T09:29:31.970+0000] {spark_submit.py:571} INFO - 24/01/29 09:29:31 INFO Client: Retrying connect to server: hadoopresourcemanager/<unresolved>:8032. Already tried 3 time(s); retry policy is RetryUpToMaximumCountWithFixedSleep(maxRetries=10, sleepTime=1000 MILLISECONDS)
[2024-01-29T09:29:32.971+0000] {spark_submit.py:571} INFO - 24/01/29 09:29:32 INFO Client: Retrying connect to server: hadoopresourcemanager/<unresolved>:8032. Already tried 4 time(s); retry policy is RetryUpToMaximumCountWithFixedSleep(maxRetries=10, sleepTime=1000 MILLISECONDS)
[2024-01-29T09:29:33.974+0000] {spark_submit.py:571} INFO - 24/01/29 09:29:33 INFO Client: Retrying connect to server: hadoopresourcemanager/<unresolved>:8032. Already tried 5 time(s); retry policy is RetryUpToMaximumCountWithFixedSleep(maxRetries=10, sleepTime=1000 MILLISECONDS)
[2024-01-29T09:29:34.974+0000] {spark_submit.py:571} INFO - 24/01/29 09:29:34 INFO Client: Retrying connect to server: hadoopresourcemanager/<unresolved>:8032. Already tried 6 time(s); retry policy is RetryUpToMaximumCountWithFixedSleep(maxRetries=10, sleepTime=1000 MILLISECONDS)
[2024-01-29T09:29:35.975+0000] {spark_submit.py:571} INFO - 24/01/29 09:29:35 INFO Client: Retrying connect to server: hadoopresourcemanager/<unresolved>:8032. Already tried 7 time(s); retry policy is RetryUpToMaximumCountWithFixedSleep(maxRetries=10, sleepTime=1000 MILLISECONDS)
[2024-01-29T09:29:36.975+0000] {spark_submit.py:571} INFO - 24/01/29 09:29:36 INFO Client: Retrying connect to server: hadoopresourcemanager/<unresolved>:8032. Already tried 8 time(s); retry policy is RetryUpToMaximumCountWithFixedSleep(maxRetries=10, sleepTime=1000 MILLISECONDS)
[2024-01-29T09:29:37.976+0000] {spark_submit.py:571} INFO - 24/01/29 09:29:37 INFO Client: Retrying connect to server: hadoopresourcemanager/<unresolved>:8032. Already tried 9 time(s); retry policy is RetryUpToMaximumCountWithFixedSleep(maxRetries=10, sleepTime=1000 MILLISECONDS)
[2024-01-29T09:29:37.993+0000] {spark_submit.py:571} INFO - 24/01/29 09:29:37 INFO RetryInvocationHandler: java.net.UnknownHostException: Invalid host name: local host is: "instance-1/10.200.0.5"; destination host is: "hadoopresourcemanager":8032; java.net.UnknownHostException: Invalid host name: local host is: "instance-1/10.200.0.5"; destination host is: "hadoopresourcemanager":8032; java.net.UnknownHostException; For more details see:  http://wiki.apache.org/hadoop/UnknownHost; For more details see:  http://wiki.apache.org/hadoop/UnknownHost, while invoking ApplicationClientProtocolPBClientImpl.getNewApplication over null after 4 failover attempts. Trying to failover after sleeping for 27646ms.
[2024-01-29T09:30:06.658+0000] {spark_submit.py:571} INFO - 24/01/29 09:30:06 INFO Client: Retrying connect to server: hadoopresourcemanager/<unresolved>:8032. Already tried 0 time(s); retry policy is RetryUpToMaximumCountWithFixedSleep(maxRetries=10, sleepTime=1000 MILLISECONDS)
[2024-01-29T09:30:07.659+0000] {spark_submit.py:571} INFO - 24/01/29 09:30:07 INFO Client: Retrying connect to server: hadoopresourcemanager/<unresolved>:8032. Already tried 1 time(s); retry policy is RetryUpToMaximumCountWithFixedSleep(maxRetries=10, sleepTime=1000 MILLISECONDS)
[2024-01-29T09:30:08.659+0000] {spark_submit.py:571} INFO - 24/01/29 09:30:08 INFO Client: Retrying connect to server: hadoopresourcemanager/<unresolved>:8032. Already tried 2 time(s); retry policy is RetryUpToMaximumCountWithFixedSleep(maxRetries=10, sleepTime=1000 MILLISECONDS)
[2024-01-29T09:30:09.659+0000] {spark_submit.py:571} INFO - 24/01/29 09:30:09 INFO Client: Retrying connect to server: hadoopresourcemanager/<unresolved>:8032. Already tried 3 time(s); retry policy is RetryUpToMaximumCountWithFixedSleep(maxRetries=10, sleepTime=1000 MILLISECONDS)
[2024-01-29T09:30:10.660+0000] {spark_submit.py:571} INFO - 24/01/29 09:30:10 INFO Client: Retrying connect to server: hadoopresourcemanager/<unresolved>:8032. Already tried 4 time(s); retry policy is RetryUpToMaximumCountWithFixedSleep(maxRetries=10, sleepTime=1000 MILLISECONDS)
[2024-01-29T09:30:11.663+0000] {spark_submit.py:571} INFO - 24/01/29 09:30:11 INFO Client: Retrying connect to server: hadoopresourcemanager/<unresolved>:8032. Already tried 5 time(s); retry policy is RetryUpToMaximumCountWithFixedSleep(maxRetries=10, sleepTime=1000 MILLISECONDS)
[2024-01-29T09:30:12.665+0000] {spark_submit.py:571} INFO - 24/01/29 09:30:12 INFO Client: Retrying connect to server: hadoopresourcemanager/<unresolved>:8032. Already tried 6 time(s); retry policy is RetryUpToMaximumCountWithFixedSleep(maxRetries=10, sleepTime=1000 MILLISECONDS)
[2024-01-29T09:30:13.665+0000] {spark_submit.py:571} INFO - 24/01/29 09:30:13 INFO Client: Retrying connect to server: hadoopresourcemanager/<unresolved>:8032. Already tried 7 time(s); retry policy is RetryUpToMaximumCountWithFixedSleep(maxRetries=10, sleepTime=1000 MILLISECONDS)
[2024-01-29T09:30:14.666+0000] {spark_submit.py:571} INFO - 24/01/29 09:30:14 INFO Client: Retrying connect to server: hadoopresourcemanager/<unresolved>:8032. Already tried 8 time(s); retry policy is RetryUpToMaximumCountWithFixedSleep(maxRetries=10, sleepTime=1000 MILLISECONDS)
[2024-01-29T09:30:15.634+0000] {process_utils.py:131} INFO - Sending Signals.SIGTERM to group 81605. PIDs of all processes in the group: [81606, 81605]
[2024-01-29T09:30:15.636+0000] {process_utils.py:86} INFO - Sending the signal Signals.SIGTERM to group 81605
[2024-01-29T09:30:15.636+0000] {taskinstance.py:2450} ERROR - Received SIGTERM. Terminating subprocesses.
[2024-01-29T09:30:15.637+0000] {spark_submit.py:697} INFO - Sending kill signal to spark-submit
[2024-01-29T09:30:15.657+0000] {taskinstance.py:2698} ERROR - Task failed with exception
Traceback (most recent call last):
  File "/home/juniortemgoua0/DataLake/venv/lib/python3.8/site-packages/airflow/models/taskinstance.py", line 433, in _execute_task
    result = execute_callable(context=context, **execute_callable_kwargs)
  File "/home/juniortemgoua0/DataLake/venv/lib/python3.8/site-packages/airflow/providers/apache/spark/operators/spark_submit.py", line 174, in execute
    self._hook.submit(self._application)
  File "/home/juniortemgoua0/DataLake/venv/lib/python3.8/site-packages/airflow/providers/apache/spark/hooks/spark_submit.py", line 490, in submit
    self._process_spark_submit_log(iter(self._submit_sp.stdout))  # type: ignore
  File "/home/juniortemgoua0/DataLake/venv/lib/python3.8/site-packages/airflow/providers/apache/spark/hooks/spark_submit.py", line 539, in _process_spark_submit_log
    for line in itr:
  File "/home/juniortemgoua0/DataLake/venv/lib/python3.8/site-packages/airflow/models/taskinstance.py", line 2452, in signal_handler
    raise AirflowException("Task received SIGTERM signal")
airflow.exceptions.AirflowException: Task received SIGTERM signal
[2024-01-29T09:30:15.661+0000] {taskinstance.py:1138} INFO - Marking task as UP_FOR_RETRY. dag_id=manage_data_lake_dag, task_id=spark_job_formatted, execution_date=20240129T092721, start_date=20240129T092727, end_date=20240129T093015
[2024-01-29T09:30:15.676+0000] {standard_task_runner.py:107} ERROR - Failed to execute job 79 for task spark_job_formatted (Task received SIGTERM signal; 81605)
[2024-01-29T09:30:15.692+0000] {process_utils.py:79} INFO - Process psutil.Process(pid=81605, status='terminated', exitcode=1, started='09:27:27') (81605) terminated with exit code 1
[2024-01-29T09:30:15.693+0000] {process_utils.py:79} INFO - Process psutil.Process(pid=81606, status='terminated', started='09:27:27') (81606) terminated with exit code None
