[2024-01-30T12:38:53.873+0000] {taskinstance.py:1956} INFO - Dependencies all met for dep_context=non-requeueable deps ti=<TaskInstance: manage_data_lake_dag.local_job_raw_to_formatted scheduled__2024-01-06T00:00:00+00:00 [queued]>
[2024-01-30T12:38:53.882+0000] {taskinstance.py:1956} INFO - Dependencies all met for dep_context=requeueable deps ti=<TaskInstance: manage_data_lake_dag.local_job_raw_to_formatted scheduled__2024-01-06T00:00:00+00:00 [queued]>
[2024-01-30T12:38:53.882+0000] {taskinstance.py:2170} INFO - Starting attempt 4 of 6
[2024-01-30T12:38:53.902+0000] {taskinstance.py:2191} INFO - Executing <Task(SparkSubmitOperator): local_job_raw_to_formatted> on 2024-01-06 00:00:00+00:00
[2024-01-30T12:38:53.909+0000] {standard_task_runner.py:60} INFO - Started process 27829 to run task
[2024-01-30T12:38:53.918+0000] {standard_task_runner.py:87} INFO - Running: ['airflow', 'tasks', 'run', 'manage_data_lake_dag', 'local_job_raw_to_formatted', 'scheduled__2024-01-06T00:00:00+00:00', '--job-id', '204', '--raw', '--subdir', 'DAGS_FOLDER/data_lake_dag.py', '--cfg-path', '/tmp/tmpkhnsc24w']
[2024-01-30T12:38:53.931+0000] {standard_task_runner.py:88} INFO - Job 204: Subtask local_job_raw_to_formatted
[2024-01-30T12:38:53.985+0000] {task_command.py:423} INFO - Running <TaskInstance: manage_data_lake_dag.local_job_raw_to_formatted scheduled__2024-01-06T00:00:00+00:00 [running]> on host instance-1.europe-west9-a.c.data-lake-project-409321.internal
[2024-01-30T12:38:54.047+0000] {taskinstance.py:2480} INFO - Exporting env vars: AIRFLOW_CTX_DAG_OWNER='juniortemgoua0' AIRFLOW_CTX_DAG_ID='manage_data_lake_dag' AIRFLOW_CTX_TASK_ID='local_job_raw_to_formatted' AIRFLOW_CTX_EXECUTION_DATE='2024-01-06T00:00:00+00:00' AIRFLOW_CTX_TRY_NUMBER='4' AIRFLOW_CTX_DAG_RUN_ID='scheduled__2024-01-06T00:00:00+00:00'
[2024-01-30T12:38:54.054+0000] {base.py:83} INFO - Using connection ID 'spark_default' for task execution.
[2024-01-30T12:38:54.056+0000] {spark_submit.py:401} INFO - Spark-Submit cmd: spark-submit --master local[*] --conf spark.airflow.execution_date=2024-01-06 --name arrow-spark --class RawToFormatted --queue root.default --deploy-mode client /home/juniortemgoua0/DataLake/jobs/processes/scala/spark_process/target/scala-2.12/spark_job_2.12-0.1.0.jar hdfs://localhost:9000/data-lake
[2024-01-30T12:38:57.033+0000] {spark_submit.py:571} INFO - 24/01/30 12:38:57 INFO SparkContext: Running Spark version 3.5.0
[2024-01-30T12:38:57.041+0000] {spark_submit.py:571} INFO - 24/01/30 12:38:57 INFO SparkContext: OS info Linux, 5.15.0-1049-gcp, amd64
[2024-01-30T12:38:57.043+0000] {spark_submit.py:571} INFO - 24/01/30 12:38:57 INFO SparkContext: Java version 17.0.9
[2024-01-30T12:38:57.203+0000] {spark_submit.py:571} INFO - 24/01/30 12:38:57 WARN NativeCodeLoader: Unable to load native-hadoop library for your platform... using builtin-java classes where applicable
[2024-01-30T12:38:57.453+0000] {spark_submit.py:571} INFO - 24/01/30 12:38:57 INFO ResourceUtils: ==============================================================
[2024-01-30T12:38:57.455+0000] {spark_submit.py:571} INFO - 24/01/30 12:38:57 INFO ResourceUtils: No custom resources configured for spark.driver.
[2024-01-30T12:38:57.455+0000] {spark_submit.py:571} INFO - 24/01/30 12:38:57 INFO ResourceUtils: ==============================================================
[2024-01-30T12:38:57.456+0000] {spark_submit.py:571} INFO - 24/01/30 12:38:57 INFO SparkContext: Submitted application: RawToFormatted
[2024-01-30T12:38:57.495+0000] {spark_submit.py:571} INFO - 24/01/30 12:38:57 INFO ResourceProfile: Default ResourceProfile created, executor resources: Map(cores -> name: cores, amount: 1, script: , vendor: , memory -> name: memory, amount: 1024, script: , vendor: , offHeap -> name: offHeap, amount: 0, script: , vendor: ), task resources: Map(cpus -> name: cpus, amount: 1.0)
[2024-01-30T12:38:57.512+0000] {spark_submit.py:571} INFO - 24/01/30 12:38:57 INFO ResourceProfile: Limiting resource is cpu
[2024-01-30T12:38:57.514+0000] {spark_submit.py:571} INFO - 24/01/30 12:38:57 INFO ResourceProfileManager: Added ResourceProfile id: 0
[2024-01-30T12:38:57.596+0000] {spark_submit.py:571} INFO - 24/01/30 12:38:57 INFO SecurityManager: Changing view acls to: juniortemgoua0
[2024-01-30T12:38:57.597+0000] {spark_submit.py:571} INFO - 24/01/30 12:38:57 INFO SecurityManager: Changing modify acls to: juniortemgoua0
[2024-01-30T12:38:57.598+0000] {spark_submit.py:571} INFO - 24/01/30 12:38:57 INFO SecurityManager: Changing view acls groups to:
[2024-01-30T12:38:57.599+0000] {spark_submit.py:571} INFO - 24/01/30 12:38:57 INFO SecurityManager: Changing modify acls groups to:
[2024-01-30T12:38:57.600+0000] {spark_submit.py:571} INFO - 24/01/30 12:38:57 INFO SecurityManager: SecurityManager: authentication disabled; ui acls disabled; users with view permissions: juniortemgoua0; groups with view permissions: EMPTY; users with modify permissions: juniortemgoua0; groups with modify permissions: EMPTY
[2024-01-30T12:38:57.988+0000] {spark_submit.py:571} INFO - 24/01/30 12:38:57 INFO Utils: Successfully started service 'sparkDriver' on port 35991.
[2024-01-30T12:38:58.048+0000] {spark_submit.py:571} INFO - 24/01/30 12:38:58 INFO SparkEnv: Registering MapOutputTracker
[2024-01-30T12:38:58.109+0000] {spark_submit.py:571} INFO - 24/01/30 12:38:58 INFO SparkEnv: Registering BlockManagerMaster
[2024-01-30T12:38:58.144+0000] {spark_submit.py:571} INFO - 24/01/30 12:38:58 INFO BlockManagerMasterEndpoint: Using org.apache.spark.storage.DefaultTopologyMapper for getting topology information
[2024-01-30T12:38:58.146+0000] {spark_submit.py:571} INFO - 24/01/30 12:38:58 INFO BlockManagerMasterEndpoint: BlockManagerMasterEndpoint up
[2024-01-30T12:38:58.153+0000] {spark_submit.py:571} INFO - 24/01/30 12:38:58 INFO SparkEnv: Registering BlockManagerMasterHeartbeat
[2024-01-30T12:38:58.187+0000] {spark_submit.py:571} INFO - 24/01/30 12:38:58 INFO DiskBlockManager: Created local directory at /tmp/blockmgr-23384ef5-6ae6-474d-a49e-c584ef1c060a
[2024-01-30T12:38:58.209+0000] {spark_submit.py:571} INFO - 24/01/30 12:38:58 INFO MemoryStore: MemoryStore started with capacity 434.4 MiB
[2024-01-30T12:38:58.236+0000] {spark_submit.py:571} INFO - 24/01/30 12:38:58 INFO SparkEnv: Registering OutputCommitCoordinator
[2024-01-30T12:38:58.467+0000] {spark_submit.py:571} INFO - 24/01/30 12:38:58 INFO JettyUtils: Start Jetty 0.0.0.0:4040 for SparkUI
[2024-01-30T12:38:58.579+0000] {spark_submit.py:571} INFO - 24/01/30 12:38:58 INFO Utils: Successfully started service 'SparkUI' on port 4040.
[2024-01-30T12:38:58.662+0000] {spark_submit.py:571} INFO - 24/01/30 12:38:58 INFO SparkContext: Added JAR file:/home/juniortemgoua0/DataLake/jobs/processes/scala/spark_process/target/scala-2.12/spark_job_2.12-0.1.0.jar at spark://instance-1.europe-west9-a.c.data-lake-project-409321.internal:35991/jars/spark_job_2.12-0.1.0.jar with timestamp 1706618337008
[2024-01-30T12:38:58.821+0000] {spark_submit.py:571} INFO - 24/01/30 12:38:58 INFO Executor: Starting executor ID driver on host instance-1.europe-west9-a.c.data-lake-project-409321.internal
[2024-01-30T12:38:58.822+0000] {spark_submit.py:571} INFO - 24/01/30 12:38:58 INFO Executor: OS info Linux, 5.15.0-1049-gcp, amd64
[2024-01-30T12:38:58.825+0000] {spark_submit.py:571} INFO - 24/01/30 12:38:58 INFO Executor: Java version 17.0.9
[2024-01-30T12:38:58.840+0000] {spark_submit.py:571} INFO - 24/01/30 12:38:58 INFO Executor: Starting executor with user classpath (userClassPathFirst = false): ''
[2024-01-30T12:38:58.842+0000] {spark_submit.py:571} INFO - 24/01/30 12:38:58 INFO Executor: Created or updated repl class loader org.apache.spark.util.MutableURLClassLoader@6ed043d3 for default.
[2024-01-30T12:38:58.917+0000] {spark_submit.py:571} INFO - 24/01/30 12:38:58 INFO Executor: Fetching spark://instance-1.europe-west9-a.c.data-lake-project-409321.internal:35991/jars/spark_job_2.12-0.1.0.jar with timestamp 1706618337008
[2024-01-30T12:38:59.051+0000] {spark_submit.py:571} INFO - 24/01/30 12:38:59 INFO TransportClientFactory: Successfully created connection to instance-1.europe-west9-a.c.data-lake-project-409321.internal/10.200.0.5:35991 after 88 ms (0 ms spent in bootstraps)
[2024-01-30T12:38:59.080+0000] {spark_submit.py:571} INFO - 24/01/30 12:38:59 INFO Utils: Fetching spark://instance-1.europe-west9-a.c.data-lake-project-409321.internal:35991/jars/spark_job_2.12-0.1.0.jar to /tmp/spark-e823bda1-a23b-466c-8cf0-6578c2e4699f/userFiles-8f886adb-736d-4da8-911f-80568702771d/fetchFileTemp15741383702691372860.tmp
[2024-01-30T12:38:59.132+0000] {spark_submit.py:571} INFO - 24/01/30 12:38:59 INFO Executor: Adding file:/tmp/spark-e823bda1-a23b-466c-8cf0-6578c2e4699f/userFiles-8f886adb-736d-4da8-911f-80568702771d/spark_job_2.12-0.1.0.jar to class loader default
[2024-01-30T12:38:59.148+0000] {spark_submit.py:571} INFO - 24/01/30 12:38:59 INFO Utils: Successfully started service 'org.apache.spark.network.netty.NettyBlockTransferService' on port 45275.
[2024-01-30T12:38:59.148+0000] {spark_submit.py:571} INFO - 24/01/30 12:38:59 INFO NettyBlockTransferService: Server created on instance-1.europe-west9-a.c.data-lake-project-409321.internal:45275
[2024-01-30T12:38:59.149+0000] {spark_submit.py:571} INFO - 24/01/30 12:38:59 INFO BlockManager: Using org.apache.spark.storage.RandomBlockReplicationPolicy for block replication policy
[2024-01-30T12:38:59.161+0000] {spark_submit.py:571} INFO - 24/01/30 12:38:59 INFO BlockManagerMaster: Registering BlockManager BlockManagerId(driver, instance-1.europe-west9-a.c.data-lake-project-409321.internal, 45275, None)
[2024-01-30T12:38:59.167+0000] {spark_submit.py:571} INFO - 24/01/30 12:38:59 INFO BlockManagerMasterEndpoint: Registering block manager instance-1.europe-west9-a.c.data-lake-project-409321.internal:45275 with 434.4 MiB RAM, BlockManagerId(driver, instance-1.europe-west9-a.c.data-lake-project-409321.internal, 45275, None)
[2024-01-30T12:38:59.176+0000] {spark_submit.py:571} INFO - 24/01/30 12:38:59 INFO BlockManagerMaster: Registered BlockManager BlockManagerId(driver, instance-1.europe-west9-a.c.data-lake-project-409321.internal, 45275, None)
[2024-01-30T12:38:59.179+0000] {spark_submit.py:571} INFO - 24/01/30 12:38:59 INFO BlockManager: Initialized BlockManager: BlockManagerId(driver, instance-1.europe-west9-a.c.data-lake-project-409321.internal, 45275, None)
[2024-01-30T12:39:00.277+0000] {spark_submit.py:571} INFO - 24/01/30 12:39:00 INFO SharedState: Setting hive.metastore.warehouse.dir ('null') to the value of spark.sql.warehouse.dir.
[2024-01-30T12:39:00.306+0000] {spark_submit.py:571} INFO - 24/01/30 12:39:00 INFO SharedState: Warehouse path is 'file:/home/juniortemgoua0/DataLake/spark-warehouse'.
[2024-01-30T12:39:01.451+0000] {spark_submit.py:571} INFO - ************************************************
[2024-01-30T12:39:01.452+0000] {spark_submit.py:571} INFO - Date d'exécution  : 2024-01-06
[2024-01-30T12:39:01.452+0000] {spark_submit.py:571} INFO - ************************************************
[2024-01-30T12:39:02.883+0000] {spark_submit.py:571} INFO - Exception in thread "main" org.apache.spark.sql.AnalysisException: [PATH_NOT_FOUND] Path does not exist: hdfs://localhost:9000/data-lake/raw/football_data/competitions/2024-01-06/*.json.
[2024-01-30T12:39:02.883+0000] {spark_submit.py:571} INFO - at org.apache.spark.sql.errors.QueryCompilationErrors$.dataPathNotExistError(QueryCompilationErrors.scala:1500)
[2024-01-30T12:39:02.883+0000] {spark_submit.py:571} INFO - at org.apache.spark.sql.execution.datasources.DataSource$.$anonfun$checkAndGlobPathIfNecessary$3(DataSource.scala:743)
[2024-01-30T12:39:02.883+0000] {spark_submit.py:571} INFO - at org.apache.spark.util.ThreadUtils$.$anonfun$parmap$2(ThreadUtils.scala:380)
[2024-01-30T12:39:02.883+0000] {spark_submit.py:571} INFO - at scala.concurrent.Future$.$anonfun$apply$1(Future.scala:659)
[2024-01-30T12:39:02.883+0000] {spark_submit.py:571} INFO - at scala.util.Success.$anonfun$map$1(Try.scala:255)
[2024-01-30T12:39:02.883+0000] {spark_submit.py:571} INFO - at scala.util.Success.map(Try.scala:213)
[2024-01-30T12:39:02.883+0000] {spark_submit.py:571} INFO - at scala.concurrent.Future.$anonfun$map$1(Future.scala:292)
[2024-01-30T12:39:02.884+0000] {spark_submit.py:571} INFO - at scala.concurrent.impl.Promise.liftedTree1$1(Promise.scala:33)
[2024-01-30T12:39:02.884+0000] {spark_submit.py:571} INFO - at scala.concurrent.impl.Promise.$anonfun$transform$1(Promise.scala:33)
[2024-01-30T12:39:02.884+0000] {spark_submit.py:571} INFO - at scala.concurrent.impl.CallbackRunnable.run(Promise.scala:64)
[2024-01-30T12:39:02.884+0000] {spark_submit.py:571} INFO - at java.base/java.util.concurrent.ForkJoinTask$RunnableExecuteAction.exec(ForkJoinTask.java:1395)
[2024-01-30T12:39:02.884+0000] {spark_submit.py:571} INFO - at java.base/java.util.concurrent.ForkJoinTask.doExec(ForkJoinTask.java:373)
[2024-01-30T12:39:02.884+0000] {spark_submit.py:571} INFO - at java.base/java.util.concurrent.ForkJoinPool$WorkQueue.topLevelExec(ForkJoinPool.java:1182)
[2024-01-30T12:39:02.885+0000] {spark_submit.py:571} INFO - at java.base/java.util.concurrent.ForkJoinPool.scan(ForkJoinPool.java:1655)
[2024-01-30T12:39:02.885+0000] {spark_submit.py:571} INFO - at java.base/java.util.concurrent.ForkJoinPool.runWorker(ForkJoinPool.java:1622)
[2024-01-30T12:39:02.885+0000] {spark_submit.py:571} INFO - at java.base/java.util.concurrent.ForkJoinWorkerThread.run(ForkJoinWorkerThread.java:165)
[2024-01-30T12:39:02.890+0000] {spark_submit.py:571} INFO - 24/01/30 12:39:02 INFO SparkContext: Invoking stop() from shutdown hook
[2024-01-30T12:39:02.891+0000] {spark_submit.py:571} INFO - 24/01/30 12:39:02 INFO SparkContext: SparkContext is stopping with exitCode 0.
[2024-01-30T12:39:02.905+0000] {spark_submit.py:571} INFO - 24/01/30 12:39:02 INFO SparkUI: Stopped Spark web UI at http://instance-1.europe-west9-a.c.data-lake-project-409321.internal:4040
[2024-01-30T12:39:02.929+0000] {spark_submit.py:571} INFO - 24/01/30 12:39:02 INFO MapOutputTrackerMasterEndpoint: MapOutputTrackerMasterEndpoint stopped!
[2024-01-30T12:39:02.962+0000] {spark_submit.py:571} INFO - 24/01/30 12:39:02 INFO MemoryStore: MemoryStore cleared
[2024-01-30T12:39:02.964+0000] {spark_submit.py:571} INFO - 24/01/30 12:39:02 INFO BlockManager: BlockManager stopped
[2024-01-30T12:39:02.979+0000] {spark_submit.py:571} INFO - 24/01/30 12:39:02 INFO BlockManagerMaster: BlockManagerMaster stopped
[2024-01-30T12:39:02.989+0000] {spark_submit.py:571} INFO - 24/01/30 12:39:02 INFO OutputCommitCoordinator$OutputCommitCoordinatorEndpoint: OutputCommitCoordinator stopped!
[2024-01-30T12:39:03.028+0000] {spark_submit.py:571} INFO - 24/01/30 12:39:03 INFO SparkContext: Successfully stopped SparkContext
[2024-01-30T12:39:03.029+0000] {spark_submit.py:571} INFO - 24/01/30 12:39:03 INFO ShutdownHookManager: Shutdown hook called
[2024-01-30T12:39:03.030+0000] {spark_submit.py:571} INFO - 24/01/30 12:39:03 INFO ShutdownHookManager: Deleting directory /tmp/spark-a9873a2a-6acf-4d38-ade5-fe8c73379436
[2024-01-30T12:39:03.034+0000] {spark_submit.py:571} INFO - 24/01/30 12:39:03 INFO ShutdownHookManager: Deleting directory /tmp/spark-e823bda1-a23b-466c-8cf0-6578c2e4699f
[2024-01-30T12:39:03.117+0000] {taskinstance.py:2698} ERROR - Task failed with exception
Traceback (most recent call last):
  File "/home/juniortemgoua0/DataLake/venv/lib/python3.8/site-packages/airflow/models/taskinstance.py", line 433, in _execute_task
    result = execute_callable(context=context, **execute_callable_kwargs)
  File "/home/juniortemgoua0/DataLake/venv/lib/python3.8/site-packages/airflow/providers/apache/spark/operators/spark_submit.py", line 174, in execute
    self._hook.submit(self._application)
  File "/home/juniortemgoua0/DataLake/venv/lib/python3.8/site-packages/airflow/providers/apache/spark/hooks/spark_submit.py", line 502, in submit
    raise AirflowException(
airflow.exceptions.AirflowException: Cannot execute: spark-submit --master local[*] --conf spark.airflow.execution_date=2024-01-06 --name arrow-spark --class RawToFormatted --queue root.default --deploy-mode client /home/juniortemgoua0/DataLake/jobs/processes/scala/spark_process/target/scala-2.12/spark_job_2.12-0.1.0.jar hdfs://localhost:9000/data-lake. Error code is: 1.
[2024-01-30T12:39:03.120+0000] {taskinstance.py:1138} INFO - Marking task as UP_FOR_RETRY. dag_id=manage_data_lake_dag, task_id=local_job_raw_to_formatted, execution_date=20240106T000000, start_date=20240130T123853, end_date=20240130T123903
[2024-01-30T12:39:03.136+0000] {standard_task_runner.py:107} ERROR - Failed to execute job 204 for task local_job_raw_to_formatted (Cannot execute: spark-submit --master local[*] --conf spark.airflow.execution_date=2024-01-06 --name arrow-spark --class RawToFormatted --queue root.default --deploy-mode client /home/juniortemgoua0/DataLake/jobs/processes/scala/spark_process/target/scala-2.12/spark_job_2.12-0.1.0.jar hdfs://localhost:9000/data-lake. Error code is: 1.; 27829)
[2024-01-30T12:39:03.160+0000] {local_task_job_runner.py:234} INFO - Task exited with return code 1
[2024-01-30T12:39:03.180+0000] {taskinstance.py:3280} INFO - 0 downstream tasks scheduled from follow-on schedule check
