[2024-01-29T15:43:22.687+0000] {taskinstance.py:1956} INFO - Dependencies all met for dep_context=non-requeueable deps ti=<TaskInstance: manage_data_lake_dag.job_formatted_to_usage scheduled__2024-01-07T00:00:00+00:00 [queued]>
[2024-01-29T15:43:22.692+0000] {taskinstance.py:1956} INFO - Dependencies all met for dep_context=requeueable deps ti=<TaskInstance: manage_data_lake_dag.job_formatted_to_usage scheduled__2024-01-07T00:00:00+00:00 [queued]>
[2024-01-29T15:43:22.693+0000] {taskinstance.py:2170} INFO - Starting attempt 4 of 6
[2024-01-29T15:43:22.705+0000] {taskinstance.py:2191} INFO - Executing <Task(SparkSubmitOperator): job_formatted_to_usage> on 2024-01-07 00:00:00+00:00
[2024-01-29T15:43:22.709+0000] {standard_task_runner.py:60} INFO - Started process 55486 to run task
[2024-01-29T15:43:22.714+0000] {standard_task_runner.py:87} INFO - Running: ['airflow', 'tasks', 'run', 'manage_data_lake_dag', 'job_formatted_to_usage', 'scheduled__2024-01-07T00:00:00+00:00', '--job-id', '198', '--raw', '--subdir', 'DAGS_FOLDER/data_lake_dag.py', '--cfg-path', '/tmp/tmpkd12m252']
[2024-01-29T15:43:22.716+0000] {standard_task_runner.py:88} INFO - Job 198: Subtask job_formatted_to_usage
[2024-01-29T15:43:22.753+0000] {task_command.py:423} INFO - Running <TaskInstance: manage_data_lake_dag.job_formatted_to_usage scheduled__2024-01-07T00:00:00+00:00 [running]> on host instance-1.europe-west9-a.c.data-lake-project-409321.internal
[2024-01-29T15:43:22.801+0000] {taskinstance.py:2480} INFO - Exporting env vars: AIRFLOW_CTX_DAG_OWNER='juniortemgoua0' AIRFLOW_CTX_DAG_ID='manage_data_lake_dag' AIRFLOW_CTX_TASK_ID='job_formatted_to_usage' AIRFLOW_CTX_EXECUTION_DATE='2024-01-07T00:00:00+00:00' AIRFLOW_CTX_TRY_NUMBER='4' AIRFLOW_CTX_DAG_RUN_ID='scheduled__2024-01-07T00:00:00+00:00'
[2024-01-29T15:43:22.807+0000] {base.py:83} INFO - Using connection ID 'spark_default' for task execution.
[2024-01-29T15:43:22.808+0000] {spark_submit.py:401} INFO - Spark-Submit cmd: spark-submit --master local[*] --name arrow-spark --class FormattedToUsage --queue root.default --deploy-mode client /home/juniortemgoua0/DataLake/jobs/processes/scala/spark_process/target/scala-2.12/spark_job_2.12-0.1.0.jar gs://data-lake-buck
[2024-01-29T15:43:25.265+0000] {spark_submit.py:571} INFO - 24/01/29 15:43:25 INFO SparkContext: Running Spark version 3.5.0
[2024-01-29T15:43:25.271+0000] {spark_submit.py:571} INFO - 24/01/29 15:43:25 INFO SparkContext: OS info Linux, 5.15.0-1049-gcp, amd64
[2024-01-29T15:43:25.272+0000] {spark_submit.py:571} INFO - 24/01/29 15:43:25 INFO SparkContext: Java version 17.0.9
[2024-01-29T15:43:25.415+0000] {spark_submit.py:571} INFO - 24/01/29 15:43:25 WARN NativeCodeLoader: Unable to load native-hadoop library for your platform... using builtin-java classes where applicable
[2024-01-29T15:43:25.575+0000] {spark_submit.py:571} INFO - 24/01/29 15:43:25 INFO ResourceUtils: ==============================================================
[2024-01-29T15:43:25.577+0000] {spark_submit.py:571} INFO - 24/01/29 15:43:25 INFO ResourceUtils: No custom resources configured for spark.driver.
[2024-01-29T15:43:25.578+0000] {spark_submit.py:571} INFO - 24/01/29 15:43:25 INFO ResourceUtils: ==============================================================
[2024-01-29T15:43:25.579+0000] {spark_submit.py:571} INFO - 24/01/29 15:43:25 INFO SparkContext: Submitted application: RawToFormatted
[2024-01-29T15:43:25.605+0000] {spark_submit.py:571} INFO - 24/01/29 15:43:25 INFO ResourceProfile: Default ResourceProfile created, executor resources: Map(cores -> name: cores, amount: 1, script: , vendor: , memory -> name: memory, amount: 1024, script: , vendor: , offHeap -> name: offHeap, amount: 0, script: , vendor: ), task resources: Map(cpus -> name: cpus, amount: 1.0)
[2024-01-29T15:43:25.617+0000] {spark_submit.py:571} INFO - 24/01/29 15:43:25 INFO ResourceProfile: Limiting resource is cpu
[2024-01-29T15:43:25.618+0000] {spark_submit.py:571} INFO - 24/01/29 15:43:25 INFO ResourceProfileManager: Added ResourceProfile id: 0
[2024-01-29T15:43:25.689+0000] {spark_submit.py:571} INFO - 24/01/29 15:43:25 INFO SecurityManager: Changing view acls to: juniortemgoua0
[2024-01-29T15:43:25.691+0000] {spark_submit.py:571} INFO - 24/01/29 15:43:25 INFO SecurityManager: Changing modify acls to: juniortemgoua0
[2024-01-29T15:43:25.692+0000] {spark_submit.py:571} INFO - 24/01/29 15:43:25 INFO SecurityManager: Changing view acls groups to:
[2024-01-29T15:43:25.692+0000] {spark_submit.py:571} INFO - 24/01/29 15:43:25 INFO SecurityManager: Changing modify acls groups to:
[2024-01-29T15:43:25.693+0000] {spark_submit.py:571} INFO - 24/01/29 15:43:25 INFO SecurityManager: SecurityManager: authentication disabled; ui acls disabled; users with view permissions: juniortemgoua0; groups with view permissions: EMPTY; users with modify permissions: juniortemgoua0; groups with modify permissions: EMPTY
[2024-01-29T15:43:26.042+0000] {spark_submit.py:571} INFO - 24/01/29 15:43:26 INFO Utils: Successfully started service 'sparkDriver' on port 40625.
[2024-01-29T15:43:26.086+0000] {spark_submit.py:571} INFO - 24/01/29 15:43:26 INFO SparkEnv: Registering MapOutputTracker
[2024-01-29T15:43:26.136+0000] {spark_submit.py:571} INFO - 24/01/29 15:43:26 INFO SparkEnv: Registering BlockManagerMaster
[2024-01-29T15:43:26.164+0000] {spark_submit.py:571} INFO - 24/01/29 15:43:26 INFO BlockManagerMasterEndpoint: Using org.apache.spark.storage.DefaultTopologyMapper for getting topology information
[2024-01-29T15:43:26.166+0000] {spark_submit.py:571} INFO - 24/01/29 15:43:26 INFO BlockManagerMasterEndpoint: BlockManagerMasterEndpoint up
[2024-01-29T15:43:26.171+0000] {spark_submit.py:571} INFO - 24/01/29 15:43:26 INFO SparkEnv: Registering BlockManagerMasterHeartbeat
[2024-01-29T15:43:26.198+0000] {spark_submit.py:571} INFO - 24/01/29 15:43:26 INFO DiskBlockManager: Created local directory at /tmp/blockmgr-9a21ec04-ccad-4350-9362-30c9e53c6989
[2024-01-29T15:43:26.218+0000] {spark_submit.py:571} INFO - 24/01/29 15:43:26 INFO MemoryStore: MemoryStore started with capacity 434.4 MiB
[2024-01-29T15:43:26.241+0000] {spark_submit.py:571} INFO - 24/01/29 15:43:26 INFO SparkEnv: Registering OutputCommitCoordinator
[2024-01-29T15:43:26.444+0000] {spark_submit.py:571} INFO - 24/01/29 15:43:26 INFO JettyUtils: Start Jetty 0.0.0.0:4040 for SparkUI
[2024-01-29T15:43:26.530+0000] {spark_submit.py:571} INFO - 24/01/29 15:43:26 INFO Utils: Successfully started service 'SparkUI' on port 4040.
[2024-01-29T15:43:26.584+0000] {spark_submit.py:571} INFO - 24/01/29 15:43:26 INFO SparkContext: Added JAR file:/home/juniortemgoua0/DataLake/jobs/processes/scala/spark_process/target/scala-2.12/spark_job_2.12-0.1.0.jar at spark://instance-1.europe-west9-a.c.data-lake-project-409321.internal:40625/jars/spark_job_2.12-0.1.0.jar with timestamp 1706543005250
[2024-01-29T15:43:26.715+0000] {spark_submit.py:571} INFO - 24/01/29 15:43:26 INFO Executor: Starting executor ID driver on host instance-1.europe-west9-a.c.data-lake-project-409321.internal
[2024-01-29T15:43:26.716+0000] {spark_submit.py:571} INFO - 24/01/29 15:43:26 INFO Executor: OS info Linux, 5.15.0-1049-gcp, amd64
[2024-01-29T15:43:26.717+0000] {spark_submit.py:571} INFO - 24/01/29 15:43:26 INFO Executor: Java version 17.0.9
[2024-01-29T15:43:26.730+0000] {spark_submit.py:571} INFO - 24/01/29 15:43:26 INFO Executor: Starting executor with user classpath (userClassPathFirst = false): ''
[2024-01-29T15:43:26.732+0000] {spark_submit.py:571} INFO - 24/01/29 15:43:26 INFO Executor: Created or updated repl class loader org.apache.spark.util.MutableURLClassLoader@44af588b for default.
[2024-01-29T15:43:26.791+0000] {spark_submit.py:571} INFO - 24/01/29 15:43:26 INFO Executor: Fetching spark://instance-1.europe-west9-a.c.data-lake-project-409321.internal:40625/jars/spark_job_2.12-0.1.0.jar with timestamp 1706543005250
[2024-01-29T15:43:26.903+0000] {spark_submit.py:571} INFO - 24/01/29 15:43:26 INFO TransportClientFactory: Successfully created connection to instance-1.europe-west9-a.c.data-lake-project-409321.internal/10.200.0.5:40625 after 49 ms (0 ms spent in bootstraps)
[2024-01-29T15:43:26.916+0000] {spark_submit.py:571} INFO - 24/01/29 15:43:26 INFO Utils: Fetching spark://instance-1.europe-west9-a.c.data-lake-project-409321.internal:40625/jars/spark_job_2.12-0.1.0.jar to /tmp/spark-2e448672-eb4d-4212-b5c7-fa4a1349e76e/userFiles-7eef9674-1f99-45dd-ac76-b95f15a17395/fetchFileTemp5599137012933133219.tmp
[2024-01-29T15:43:26.963+0000] {spark_submit.py:571} INFO - 24/01/29 15:43:26 INFO Executor: Adding file:/tmp/spark-2e448672-eb4d-4212-b5c7-fa4a1349e76e/userFiles-7eef9674-1f99-45dd-ac76-b95f15a17395/spark_job_2.12-0.1.0.jar to class loader default
[2024-01-29T15:43:26.976+0000] {spark_submit.py:571} INFO - 24/01/29 15:43:26 INFO Utils: Successfully started service 'org.apache.spark.network.netty.NettyBlockTransferService' on port 36271.
[2024-01-29T15:43:26.976+0000] {spark_submit.py:571} INFO - 24/01/29 15:43:26 INFO NettyBlockTransferService: Server created on instance-1.europe-west9-a.c.data-lake-project-409321.internal:36271
[2024-01-29T15:43:26.978+0000] {spark_submit.py:571} INFO - 24/01/29 15:43:26 INFO BlockManager: Using org.apache.spark.storage.RandomBlockReplicationPolicy for block replication policy
[2024-01-29T15:43:26.988+0000] {spark_submit.py:571} INFO - 24/01/29 15:43:26 INFO BlockManagerMaster: Registering BlockManager BlockManagerId(driver, instance-1.europe-west9-a.c.data-lake-project-409321.internal, 36271, None)
[2024-01-29T15:43:26.993+0000] {spark_submit.py:571} INFO - 24/01/29 15:43:26 INFO BlockManagerMasterEndpoint: Registering block manager instance-1.europe-west9-a.c.data-lake-project-409321.internal:36271 with 434.4 MiB RAM, BlockManagerId(driver, instance-1.europe-west9-a.c.data-lake-project-409321.internal, 36271, None)
[2024-01-29T15:43:26.997+0000] {spark_submit.py:571} INFO - 24/01/29 15:43:26 INFO BlockManagerMaster: Registered BlockManager BlockManagerId(driver, instance-1.europe-west9-a.c.data-lake-project-409321.internal, 36271, None)
[2024-01-29T15:43:26.999+0000] {spark_submit.py:571} INFO - 24/01/29 15:43:26 INFO BlockManager: Initialized BlockManager: BlockManagerId(driver, instance-1.europe-west9-a.c.data-lake-project-409321.internal, 36271, None)
[2024-01-29T15:43:27.950+0000] {spark_submit.py:571} INFO - 24/01/29 15:43:27 INFO SharedState: Setting hive.metastore.warehouse.dir ('null') to the value of spark.sql.warehouse.dir.
[2024-01-29T15:43:27.960+0000] {spark_submit.py:571} INFO - 24/01/29 15:43:27 INFO SharedState: Warehouse path is 'file:/home/juniortemgoua0/DataLake/spark-warehouse'.
[2024-01-29T15:43:29.612+0000] {spark_submit.py:571} INFO - 24/01/29 15:43:29 WARN FileSystem: Failed to initialize fileystem gs://data-lake-buck/formatted/football_data/season/2024-01-29: java.io.FileNotFoundException: /Users/juniortemgoua/Documents/projects/BigData/DataLake/utils/credentials/google_storage_secret_key_credentials.json (No such file or directory)
[2024-01-29T15:43:29.616+0000] {spark_submit.py:571} INFO - 24/01/29 15:43:29 WARN FileStreamSink: Assume no metadata directory. Error while looking for metadata directory in the path: gs://data-lake-buck/formatted/football_data/season/2024-01-29.
[2024-01-29T15:43:29.616+0000] {spark_submit.py:571} INFO - java.io.FileNotFoundException: /Users/juniortemgoua/Documents/projects/BigData/DataLake/utils/credentials/google_storage_secret_key_credentials.json (No such file or directory)
[2024-01-29T15:43:29.617+0000] {spark_submit.py:571} INFO - at java.base/java.io.FileInputStream.open0(Native Method)
[2024-01-29T15:43:29.617+0000] {spark_submit.py:571} INFO - at java.base/java.io.FileInputStream.open(FileInputStream.java:216)
[2024-01-29T15:43:29.617+0000] {spark_submit.py:571} INFO - at java.base/java.io.FileInputStream.<init>(FileInputStream.java:157)
[2024-01-29T15:43:29.617+0000] {spark_submit.py:571} INFO - at java.base/java.io.FileInputStream.<init>(FileInputStream.java:111)
[2024-01-29T15:43:29.617+0000] {spark_submit.py:571} INFO - at com.google.cloud.hadoop.repackaged.gcs.com.google.cloud.hadoop.util.CredentialFactory.getCredentialFromJsonKeyFile(CredentialFactory.java:297)
[2024-01-29T15:43:29.617+0000] {spark_submit.py:571} INFO - at com.google.cloud.hadoop.repackaged.gcs.com.google.cloud.hadoop.util.CredentialFactory.getCredential(CredentialFactory.java:414)
[2024-01-29T15:43:29.617+0000] {spark_submit.py:571} INFO - at com.google.cloud.hadoop.fs.gcs.GoogleHadoopFileSystemBase.getCredential(GoogleHadoopFileSystemBase.java:1434)
[2024-01-29T15:43:29.617+0000] {spark_submit.py:571} INFO - at com.google.cloud.hadoop.fs.gcs.GoogleHadoopFileSystemBase.createGcsFs(GoogleHadoopFileSystemBase.java:1591)
[2024-01-29T15:43:29.618+0000] {spark_submit.py:571} INFO - at com.google.cloud.hadoop.fs.gcs.GoogleHadoopFileSystemBase.configure(GoogleHadoopFileSystemBase.java:1573)
[2024-01-29T15:43:29.618+0000] {spark_submit.py:571} INFO - at com.google.cloud.hadoop.fs.gcs.GoogleHadoopFileSystemBase.initialize(GoogleHadoopFileSystemBase.java:490)
[2024-01-29T15:43:29.618+0000] {spark_submit.py:571} INFO - at org.apache.hadoop.fs.FileSystem.createFileSystem(FileSystem.java:3469)
[2024-01-29T15:43:29.618+0000] {spark_submit.py:571} INFO - at org.apache.hadoop.fs.FileSystem.access$300(FileSystem.java:174)
[2024-01-29T15:43:29.618+0000] {spark_submit.py:571} INFO - at org.apache.hadoop.fs.FileSystem$Cache.getInternal(FileSystem.java:3574)
[2024-01-29T15:43:29.618+0000] {spark_submit.py:571} INFO - at org.apache.hadoop.fs.FileSystem$Cache.get(FileSystem.java:3521)
[2024-01-29T15:43:29.618+0000] {spark_submit.py:571} INFO - at org.apache.hadoop.fs.FileSystem.get(FileSystem.java:540)
[2024-01-29T15:43:29.618+0000] {spark_submit.py:571} INFO - at org.apache.hadoop.fs.Path.getFileSystem(Path.java:365)
[2024-01-29T15:43:29.619+0000] {spark_submit.py:571} INFO - at org.apache.spark.sql.execution.streaming.FileStreamSink$.hasMetadata(FileStreamSink.scala:53)
[2024-01-29T15:43:29.619+0000] {spark_submit.py:571} INFO - at org.apache.spark.sql.execution.datasources.DataSource.resolveRelation(DataSource.scala:366)
[2024-01-29T15:43:29.619+0000] {spark_submit.py:571} INFO - at org.apache.spark.sql.DataFrameReader.loadV1Source(DataFrameReader.scala:229)
[2024-01-29T15:43:29.619+0000] {spark_submit.py:571} INFO - at org.apache.spark.sql.DataFrameReader.$anonfun$load$2(DataFrameReader.scala:211)
[2024-01-29T15:43:29.619+0000] {spark_submit.py:571} INFO - at scala.Option.getOrElse(Option.scala:189)
[2024-01-29T15:43:29.619+0000] {spark_submit.py:571} INFO - at org.apache.spark.sql.DataFrameReader.load(DataFrameReader.scala:211)
[2024-01-29T15:43:29.619+0000] {spark_submit.py:571} INFO - at org.apache.spark.sql.DataFrameReader.parquet(DataFrameReader.scala:563)
[2024-01-29T15:43:29.620+0000] {spark_submit.py:571} INFO - at org.apache.spark.sql.DataFrameReader.parquet(DataFrameReader.scala:548)
[2024-01-29T15:43:29.620+0000] {spark_submit.py:571} INFO - at FormattedToUsage$.combineCompetitions(FormattedToUsage.scala:27)
[2024-01-29T15:43:29.620+0000] {spark_submit.py:571} INFO - at FormattedToUsage$.main(FormattedToUsage.scala:20)
[2024-01-29T15:43:29.620+0000] {spark_submit.py:571} INFO - at FormattedToUsage.main(FormattedToUsage.scala)
[2024-01-29T15:43:29.620+0000] {spark_submit.py:571} INFO - at java.base/jdk.internal.reflect.NativeMethodAccessorImpl.invoke0(Native Method)
[2024-01-29T15:43:29.620+0000] {spark_submit.py:571} INFO - at java.base/jdk.internal.reflect.NativeMethodAccessorImpl.invoke(NativeMethodAccessorImpl.java:77)
[2024-01-29T15:43:29.620+0000] {spark_submit.py:571} INFO - at java.base/jdk.internal.reflect.DelegatingMethodAccessorImpl.invoke(DelegatingMethodAccessorImpl.java:43)
[2024-01-29T15:43:29.620+0000] {spark_submit.py:571} INFO - at java.base/java.lang.reflect.Method.invoke(Method.java:568)
[2024-01-29T15:43:29.621+0000] {spark_submit.py:571} INFO - at org.apache.spark.deploy.JavaMainApplication.start(SparkApplication.scala:52)
[2024-01-29T15:43:29.621+0000] {spark_submit.py:571} INFO - at org.apache.spark.deploy.SparkSubmit.org$apache$spark$deploy$SparkSubmit$$runMain(SparkSubmit.scala:1029)
[2024-01-29T15:43:29.621+0000] {spark_submit.py:571} INFO - at org.apache.spark.deploy.SparkSubmit.doRunMain$1(SparkSubmit.scala:194)
[2024-01-29T15:43:29.621+0000] {spark_submit.py:571} INFO - at org.apache.spark.deploy.SparkSubmit.submit(SparkSubmit.scala:217)
[2024-01-29T15:43:29.621+0000] {spark_submit.py:571} INFO - at org.apache.spark.deploy.SparkSubmit.doSubmit(SparkSubmit.scala:91)
[2024-01-29T15:43:29.621+0000] {spark_submit.py:571} INFO - at org.apache.spark.deploy.SparkSubmit$$anon$2.doSubmit(SparkSubmit.scala:1120)
[2024-01-29T15:43:29.621+0000] {spark_submit.py:571} INFO - at org.apache.spark.deploy.SparkSubmit$.main(SparkSubmit.scala:1129)
[2024-01-29T15:43:29.621+0000] {spark_submit.py:571} INFO - at org.apache.spark.deploy.SparkSubmit.main(SparkSubmit.scala)
[2024-01-29T15:43:29.627+0000] {spark_submit.py:571} INFO - 24/01/29 15:43:29 WARN FileSystem: Failed to initialize fileystem gs://data-lake-buck/formatted/football_data/season/2024-01-29: java.io.FileNotFoundException: /Users/juniortemgoua/Documents/projects/BigData/DataLake/utils/credentials/google_storage_secret_key_credentials.json (No such file or directory)
[2024-01-29T15:43:29.628+0000] {spark_submit.py:571} INFO - Exception in thread "main" java.io.FileNotFoundException: /Users/juniortemgoua/Documents/projects/BigData/DataLake/utils/credentials/google_storage_secret_key_credentials.json (No such file or directory)
[2024-01-29T15:43:29.628+0000] {spark_submit.py:571} INFO - at java.base/java.io.FileInputStream.open0(Native Method)
[2024-01-29T15:43:29.628+0000] {spark_submit.py:571} INFO - at java.base/java.io.FileInputStream.open(FileInputStream.java:216)
[2024-01-29T15:43:29.628+0000] {spark_submit.py:571} INFO - at java.base/java.io.FileInputStream.<init>(FileInputStream.java:157)
[2024-01-29T15:43:29.628+0000] {spark_submit.py:571} INFO - at java.base/java.io.FileInputStream.<init>(FileInputStream.java:111)
[2024-01-29T15:43:29.628+0000] {spark_submit.py:571} INFO - at com.google.cloud.hadoop.repackaged.gcs.com.google.cloud.hadoop.util.CredentialFactory.getCredentialFromJsonKeyFile(CredentialFactory.java:297)
[2024-01-29T15:43:29.629+0000] {spark_submit.py:571} INFO - at com.google.cloud.hadoop.repackaged.gcs.com.google.cloud.hadoop.util.CredentialFactory.getCredential(CredentialFactory.java:414)
[2024-01-29T15:43:29.629+0000] {spark_submit.py:571} INFO - at com.google.cloud.hadoop.fs.gcs.GoogleHadoopFileSystemBase.getCredential(GoogleHadoopFileSystemBase.java:1434)
[2024-01-29T15:43:29.629+0000] {spark_submit.py:571} INFO - at com.google.cloud.hadoop.fs.gcs.GoogleHadoopFileSystemBase.createGcsFs(GoogleHadoopFileSystemBase.java:1591)
[2024-01-29T15:43:29.629+0000] {spark_submit.py:571} INFO - at com.google.cloud.hadoop.fs.gcs.GoogleHadoopFileSystemBase.configure(GoogleHadoopFileSystemBase.java:1573)
[2024-01-29T15:43:29.629+0000] {spark_submit.py:571} INFO - at com.google.cloud.hadoop.fs.gcs.GoogleHadoopFileSystemBase.initialize(GoogleHadoopFileSystemBase.java:490)
[2024-01-29T15:43:29.629+0000] {spark_submit.py:571} INFO - at org.apache.hadoop.fs.FileSystem.createFileSystem(FileSystem.java:3469)
[2024-01-29T15:43:29.629+0000] {spark_submit.py:571} INFO - at org.apache.hadoop.fs.FileSystem.access$300(FileSystem.java:174)
[2024-01-29T15:43:29.630+0000] {spark_submit.py:571} INFO - at org.apache.hadoop.fs.FileSystem$Cache.getInternal(FileSystem.java:3574)
[2024-01-29T15:43:29.630+0000] {spark_submit.py:571} INFO - at org.apache.hadoop.fs.FileSystem$Cache.get(FileSystem.java:3521)
[2024-01-29T15:43:29.630+0000] {spark_submit.py:571} INFO - at org.apache.hadoop.fs.FileSystem.get(FileSystem.java:540)
[2024-01-29T15:43:29.630+0000] {spark_submit.py:571} INFO - at org.apache.hadoop.fs.Path.getFileSystem(Path.java:365)
[2024-01-29T15:43:29.630+0000] {spark_submit.py:571} INFO - at org.apache.spark.sql.execution.datasources.DataSource$.$anonfun$checkAndGlobPathIfNecessary$1(DataSource.scala:724)
[2024-01-29T15:43:29.630+0000] {spark_submit.py:571} INFO - at scala.collection.immutable.List.map(List.scala:293)
[2024-01-29T15:43:29.630+0000] {spark_submit.py:571} INFO - at org.apache.spark.sql.execution.datasources.DataSource$.checkAndGlobPathIfNecessary(DataSource.scala:722)
[2024-01-29T15:43:29.630+0000] {spark_submit.py:571} INFO - at org.apache.spark.sql.execution.datasources.DataSource.checkAndGlobPathIfNecessary(DataSource.scala:551)
[2024-01-29T15:43:29.631+0000] {spark_submit.py:571} INFO - at org.apache.spark.sql.execution.datasources.DataSource.resolveRelation(DataSource.scala:404)
[2024-01-29T15:43:29.631+0000] {spark_submit.py:571} INFO - at org.apache.spark.sql.DataFrameReader.loadV1Source(DataFrameReader.scala:229)
[2024-01-29T15:43:29.631+0000] {spark_submit.py:571} INFO - at org.apache.spark.sql.DataFrameReader.$anonfun$load$2(DataFrameReader.scala:211)
[2024-01-29T15:43:29.631+0000] {spark_submit.py:571} INFO - at scala.Option.getOrElse(Option.scala:189)
[2024-01-29T15:43:29.631+0000] {spark_submit.py:571} INFO - at org.apache.spark.sql.DataFrameReader.load(DataFrameReader.scala:211)
[2024-01-29T15:43:29.631+0000] {spark_submit.py:571} INFO - at org.apache.spark.sql.DataFrameReader.parquet(DataFrameReader.scala:563)
[2024-01-29T15:43:29.631+0000] {spark_submit.py:571} INFO - at org.apache.spark.sql.DataFrameReader.parquet(DataFrameReader.scala:548)
[2024-01-29T15:43:29.632+0000] {spark_submit.py:571} INFO - at FormattedToUsage$.combineCompetitions(FormattedToUsage.scala:27)
[2024-01-29T15:43:29.632+0000] {spark_submit.py:571} INFO - at FormattedToUsage$.main(FormattedToUsage.scala:20)
[2024-01-29T15:43:29.632+0000] {spark_submit.py:571} INFO - at FormattedToUsage.main(FormattedToUsage.scala)
[2024-01-29T15:43:29.632+0000] {spark_submit.py:571} INFO - at java.base/jdk.internal.reflect.NativeMethodAccessorImpl.invoke0(Native Method)
[2024-01-29T15:43:29.632+0000] {spark_submit.py:571} INFO - at java.base/jdk.internal.reflect.NativeMethodAccessorImpl.invoke(NativeMethodAccessorImpl.java:77)
[2024-01-29T15:43:29.632+0000] {spark_submit.py:571} INFO - at java.base/jdk.internal.reflect.DelegatingMethodAccessorImpl.invoke(DelegatingMethodAccessorImpl.java:43)
[2024-01-29T15:43:29.632+0000] {spark_submit.py:571} INFO - at java.base/java.lang.reflect.Method.invoke(Method.java:568)
[2024-01-29T15:43:29.632+0000] {spark_submit.py:571} INFO - at org.apache.spark.deploy.JavaMainApplication.start(SparkApplication.scala:52)
[2024-01-29T15:43:29.632+0000] {spark_submit.py:571} INFO - at org.apache.spark.deploy.SparkSubmit.org$apache$spark$deploy$SparkSubmit$$runMain(SparkSubmit.scala:1029)
[2024-01-29T15:43:29.633+0000] {spark_submit.py:571} INFO - at org.apache.spark.deploy.SparkSubmit.doRunMain$1(SparkSubmit.scala:194)
[2024-01-29T15:43:29.633+0000] {spark_submit.py:571} INFO - at org.apache.spark.deploy.SparkSubmit.submit(SparkSubmit.scala:217)
[2024-01-29T15:43:29.633+0000] {spark_submit.py:571} INFO - at org.apache.spark.deploy.SparkSubmit.doSubmit(SparkSubmit.scala:91)
[2024-01-29T15:43:29.633+0000] {spark_submit.py:571} INFO - at org.apache.spark.deploy.SparkSubmit$$anon$2.doSubmit(SparkSubmit.scala:1120)
[2024-01-29T15:43:29.633+0000] {spark_submit.py:571} INFO - at org.apache.spark.deploy.SparkSubmit$.main(SparkSubmit.scala:1129)
[2024-01-29T15:43:29.633+0000] {spark_submit.py:571} INFO - at org.apache.spark.deploy.SparkSubmit.main(SparkSubmit.scala)
[2024-01-29T15:43:29.639+0000] {spark_submit.py:571} INFO - 24/01/29 15:43:29 INFO SparkContext: Invoking stop() from shutdown hook
[2024-01-29T15:43:29.640+0000] {spark_submit.py:571} INFO - 24/01/29 15:43:29 INFO SparkContext: SparkContext is stopping with exitCode 0.
[2024-01-29T15:43:29.654+0000] {spark_submit.py:571} INFO - 24/01/29 15:43:29 INFO SparkUI: Stopped Spark web UI at http://instance-1.europe-west9-a.c.data-lake-project-409321.internal:4040
[2024-01-29T15:43:29.674+0000] {spark_submit.py:571} INFO - 24/01/29 15:43:29 INFO MapOutputTrackerMasterEndpoint: MapOutputTrackerMasterEndpoint stopped!
[2024-01-29T15:43:29.695+0000] {spark_submit.py:571} INFO - 24/01/29 15:43:29 INFO MemoryStore: MemoryStore cleared
[2024-01-29T15:43:29.696+0000] {spark_submit.py:571} INFO - 24/01/29 15:43:29 INFO BlockManager: BlockManager stopped
[2024-01-29T15:43:29.708+0000] {spark_submit.py:571} INFO - 24/01/29 15:43:29 INFO BlockManagerMaster: BlockManagerMaster stopped
[2024-01-29T15:43:29.712+0000] {spark_submit.py:571} INFO - 24/01/29 15:43:29 INFO OutputCommitCoordinator$OutputCommitCoordinatorEndpoint: OutputCommitCoordinator stopped!
[2024-01-29T15:43:29.729+0000] {spark_submit.py:571} INFO - 24/01/29 15:43:29 INFO SparkContext: Successfully stopped SparkContext
[2024-01-29T15:43:29.730+0000] {spark_submit.py:571} INFO - 24/01/29 15:43:29 INFO ShutdownHookManager: Shutdown hook called
[2024-01-29T15:43:29.730+0000] {spark_submit.py:571} INFO - 24/01/29 15:43:29 INFO ShutdownHookManager: Deleting directory /tmp/spark-2e448672-eb4d-4212-b5c7-fa4a1349e76e
[2024-01-29T15:43:29.734+0000] {spark_submit.py:571} INFO - 24/01/29 15:43:29 INFO ShutdownHookManager: Deleting directory /tmp/spark-fcf8dd73-5d4f-4adc-8bd8-868d42f15983
[2024-01-29T15:43:29.791+0000] {taskinstance.py:2698} ERROR - Task failed with exception
Traceback (most recent call last):
  File "/home/juniortemgoua0/DataLake/venv/lib/python3.8/site-packages/airflow/models/taskinstance.py", line 433, in _execute_task
    result = execute_callable(context=context, **execute_callable_kwargs)
  File "/home/juniortemgoua0/DataLake/venv/lib/python3.8/site-packages/airflow/providers/apache/spark/operators/spark_submit.py", line 174, in execute
    self._hook.submit(self._application)
  File "/home/juniortemgoua0/DataLake/venv/lib/python3.8/site-packages/airflow/providers/apache/spark/hooks/spark_submit.py", line 502, in submit
    raise AirflowException(
airflow.exceptions.AirflowException: Cannot execute: spark-submit --master local[*] --name arrow-spark --class FormattedToUsage --queue root.default --deploy-mode client /home/juniortemgoua0/DataLake/jobs/processes/scala/spark_process/target/scala-2.12/spark_job_2.12-0.1.0.jar gs://data-lake-buck. Error code is: 1.
[2024-01-29T15:43:29.794+0000] {taskinstance.py:1138} INFO - Marking task as UP_FOR_RETRY. dag_id=manage_data_lake_dag, task_id=job_formatted_to_usage, execution_date=20240107T000000, start_date=20240129T154322, end_date=20240129T154329
[2024-01-29T15:43:29.806+0000] {standard_task_runner.py:107} ERROR - Failed to execute job 198 for task job_formatted_to_usage (Cannot execute: spark-submit --master local[*] --name arrow-spark --class FormattedToUsage --queue root.default --deploy-mode client /home/juniortemgoua0/DataLake/jobs/processes/scala/spark_process/target/scala-2.12/spark_job_2.12-0.1.0.jar gs://data-lake-buck. Error code is: 1.; 55486)
[2024-01-29T15:43:29.833+0000] {local_task_job_runner.py:234} INFO - Task exited with return code 1
[2024-01-29T15:43:29.842+0000] {taskinstance.py:3280} INFO - 0 downstream tasks scheduled from follow-on schedule check
