[2024-01-29T15:05:46.653+0000] {taskinstance.py:1956} INFO - Dependencies all met for dep_context=non-requeueable deps ti=<TaskInstance: manage_data_lake_dag.job_formatted_to_usage scheduled__2024-01-07T00:00:00+00:00 [queued]>
[2024-01-29T15:05:46.658+0000] {taskinstance.py:1956} INFO - Dependencies all met for dep_context=requeueable deps ti=<TaskInstance: manage_data_lake_dag.job_formatted_to_usage scheduled__2024-01-07T00:00:00+00:00 [queued]>
[2024-01-29T15:05:46.659+0000] {taskinstance.py:2170} INFO - Starting attempt 1 of 6
[2024-01-29T15:05:46.671+0000] {taskinstance.py:2191} INFO - Executing <Task(SparkSubmitOperator): job_formatted_to_usage> on 2024-01-07 00:00:00+00:00
[2024-01-29T15:05:46.675+0000] {standard_task_runner.py:60} INFO - Started process 48751 to run task
[2024-01-29T15:05:46.680+0000] {standard_task_runner.py:87} INFO - Running: ['airflow', 'tasks', 'run', 'manage_data_lake_dag', 'job_formatted_to_usage', 'scheduled__2024-01-07T00:00:00+00:00', '--job-id', '153', '--raw', '--subdir', 'DAGS_FOLDER/data_lake_dag.py', '--cfg-path', '/tmp/tmp0anupoq5']
[2024-01-29T15:05:46.683+0000] {standard_task_runner.py:88} INFO - Job 153: Subtask job_formatted_to_usage
[2024-01-29T15:05:46.721+0000] {task_command.py:423} INFO - Running <TaskInstance: manage_data_lake_dag.job_formatted_to_usage scheduled__2024-01-07T00:00:00+00:00 [running]> on host instance-1.europe-west9-a.c.data-lake-project-409321.internal
[2024-01-29T15:05:46.771+0000] {taskinstance.py:2480} INFO - Exporting env vars: AIRFLOW_CTX_DAG_OWNER='juniortemgoua0' AIRFLOW_CTX_DAG_ID='manage_data_lake_dag' AIRFLOW_CTX_TASK_ID='job_formatted_to_usage' AIRFLOW_CTX_EXECUTION_DATE='2024-01-07T00:00:00+00:00' AIRFLOW_CTX_TRY_NUMBER='1' AIRFLOW_CTX_DAG_RUN_ID='scheduled__2024-01-07T00:00:00+00:00'
[2024-01-29T15:05:46.777+0000] {base.py:83} INFO - Using connection ID 'spark_default' for task execution.
[2024-01-29T15:05:46.778+0000] {spark_submit.py:401} INFO - Spark-Submit cmd: spark-submit --master local[*] --name arrow-spark --class FormattedToUsage --queue root.default --deploy-mode client /home/juniortemgoua0/DataLake/jobs/processes/scala/spark_process/target/scala-2.12/spark_job_2.12-0.1.0.jar gs://data-lake-buck
[2024-01-29T15:05:49.321+0000] {spark_submit.py:571} INFO - 24/01/29 15:05:49 INFO SparkContext: Running Spark version 3.5.0
[2024-01-29T15:05:49.326+0000] {spark_submit.py:571} INFO - 24/01/29 15:05:49 INFO SparkContext: OS info Linux, 5.15.0-1049-gcp, amd64
[2024-01-29T15:05:49.327+0000] {spark_submit.py:571} INFO - 24/01/29 15:05:49 INFO SparkContext: Java version 17.0.9
[2024-01-29T15:05:49.478+0000] {spark_submit.py:571} INFO - 24/01/29 15:05:49 WARN NativeCodeLoader: Unable to load native-hadoop library for your platform... using builtin-java classes where applicable
[2024-01-29T15:05:49.641+0000] {spark_submit.py:571} INFO - 24/01/29 15:05:49 INFO ResourceUtils: ==============================================================
[2024-01-29T15:05:49.641+0000] {spark_submit.py:571} INFO - 24/01/29 15:05:49 INFO ResourceUtils: No custom resources configured for spark.driver.
[2024-01-29T15:05:49.646+0000] {spark_submit.py:571} INFO - 24/01/29 15:05:49 INFO ResourceUtils: ==============================================================
[2024-01-29T15:05:49.647+0000] {spark_submit.py:571} INFO - 24/01/29 15:05:49 INFO SparkContext: Submitted application: RawToFormatted
[2024-01-29T15:05:49.690+0000] {spark_submit.py:571} INFO - 24/01/29 15:05:49 INFO ResourceProfile: Default ResourceProfile created, executor resources: Map(cores -> name: cores, amount: 1, script: , vendor: , memory -> name: memory, amount: 1024, script: , vendor: , offHeap -> name: offHeap, amount: 0, script: , vendor: ), task resources: Map(cpus -> name: cpus, amount: 1.0)
[2024-01-29T15:05:49.702+0000] {spark_submit.py:571} INFO - 24/01/29 15:05:49 INFO ResourceProfile: Limiting resource is cpu
[2024-01-29T15:05:49.702+0000] {spark_submit.py:571} INFO - 24/01/29 15:05:49 INFO ResourceProfileManager: Added ResourceProfile id: 0
[2024-01-29T15:05:49.765+0000] {spark_submit.py:571} INFO - 24/01/29 15:05:49 INFO SecurityManager: Changing view acls to: juniortemgoua0
[2024-01-29T15:05:49.765+0000] {spark_submit.py:571} INFO - 24/01/29 15:05:49 INFO SecurityManager: Changing modify acls to: juniortemgoua0
[2024-01-29T15:05:49.766+0000] {spark_submit.py:571} INFO - 24/01/29 15:05:49 INFO SecurityManager: Changing view acls groups to:
[2024-01-29T15:05:49.767+0000] {spark_submit.py:571} INFO - 24/01/29 15:05:49 INFO SecurityManager: Changing modify acls groups to:
[2024-01-29T15:05:49.767+0000] {spark_submit.py:571} INFO - 24/01/29 15:05:49 INFO SecurityManager: SecurityManager: authentication disabled; ui acls disabled; users with view permissions: juniortemgoua0; groups with view permissions: EMPTY; users with modify permissions: juniortemgoua0; groups with modify permissions: EMPTY
[2024-01-29T15:05:50.081+0000] {spark_submit.py:571} INFO - 24/01/29 15:05:50 INFO Utils: Successfully started service 'sparkDriver' on port 42555.
[2024-01-29T15:05:50.113+0000] {spark_submit.py:571} INFO - 24/01/29 15:05:50 INFO SparkEnv: Registering MapOutputTracker
[2024-01-29T15:05:50.158+0000] {spark_submit.py:571} INFO - 24/01/29 15:05:50 INFO SparkEnv: Registering BlockManagerMaster
[2024-01-29T15:05:50.185+0000] {spark_submit.py:571} INFO - 24/01/29 15:05:50 INFO BlockManagerMasterEndpoint: Using org.apache.spark.storage.DefaultTopologyMapper for getting topology information
[2024-01-29T15:05:50.187+0000] {spark_submit.py:571} INFO - 24/01/29 15:05:50 INFO BlockManagerMasterEndpoint: BlockManagerMasterEndpoint up
[2024-01-29T15:05:50.199+0000] {spark_submit.py:571} INFO - 24/01/29 15:05:50 INFO SparkEnv: Registering BlockManagerMasterHeartbeat
[2024-01-29T15:05:50.227+0000] {spark_submit.py:571} INFO - 24/01/29 15:05:50 INFO DiskBlockManager: Created local directory at /tmp/blockmgr-5e4bddb7-f7d2-4f2e-847a-43b200291adf
[2024-01-29T15:05:50.256+0000] {spark_submit.py:571} INFO - 24/01/29 15:05:50 INFO MemoryStore: MemoryStore started with capacity 434.4 MiB
[2024-01-29T15:05:50.283+0000] {spark_submit.py:571} INFO - 24/01/29 15:05:50 INFO SparkEnv: Registering OutputCommitCoordinator
[2024-01-29T15:05:50.498+0000] {spark_submit.py:571} INFO - 24/01/29 15:05:50 INFO JettyUtils: Start Jetty 0.0.0.0:4040 for SparkUI
[2024-01-29T15:05:50.590+0000] {spark_submit.py:571} INFO - 24/01/29 15:05:50 INFO Utils: Successfully started service 'SparkUI' on port 4040.
[2024-01-29T15:05:50.639+0000] {spark_submit.py:571} INFO - 24/01/29 15:05:50 INFO SparkContext: Added JAR file:/home/juniortemgoua0/DataLake/jobs/processes/scala/spark_process/target/scala-2.12/spark_job_2.12-0.1.0.jar at spark://instance-1.europe-west9-a.c.data-lake-project-409321.internal:42555/jars/spark_job_2.12-0.1.0.jar with timestamp 1706540749306
[2024-01-29T15:05:50.740+0000] {spark_submit.py:571} INFO - 24/01/29 15:05:50 INFO Executor: Starting executor ID driver on host instance-1.europe-west9-a.c.data-lake-project-409321.internal
[2024-01-29T15:05:50.741+0000] {spark_submit.py:571} INFO - 24/01/29 15:05:50 INFO Executor: OS info Linux, 5.15.0-1049-gcp, amd64
[2024-01-29T15:05:50.743+0000] {spark_submit.py:571} INFO - 24/01/29 15:05:50 INFO Executor: Java version 17.0.9
[2024-01-29T15:05:50.758+0000] {spark_submit.py:571} INFO - 24/01/29 15:05:50 INFO Executor: Starting executor with user classpath (userClassPathFirst = false): ''
[2024-01-29T15:05:50.759+0000] {spark_submit.py:571} INFO - 24/01/29 15:05:50 INFO Executor: Created or updated repl class loader org.apache.spark.util.MutableURLClassLoader@44af588b for default.
[2024-01-29T15:05:50.806+0000] {spark_submit.py:571} INFO - 24/01/29 15:05:50 INFO Executor: Fetching spark://instance-1.europe-west9-a.c.data-lake-project-409321.internal:42555/jars/spark_job_2.12-0.1.0.jar with timestamp 1706540749306
[2024-01-29T15:05:50.888+0000] {spark_submit.py:571} INFO - 24/01/29 15:05:50 INFO TransportClientFactory: Successfully created connection to instance-1.europe-west9-a.c.data-lake-project-409321.internal/10.200.0.5:42555 after 37 ms (0 ms spent in bootstraps)
[2024-01-29T15:05:50.895+0000] {spark_submit.py:571} INFO - 24/01/29 15:05:50 INFO Utils: Fetching spark://instance-1.europe-west9-a.c.data-lake-project-409321.internal:42555/jars/spark_job_2.12-0.1.0.jar to /tmp/spark-00411bf7-dbd3-4ed9-a647-466c6466b918/userFiles-23e7fcc2-f891-4906-8ebd-aa02b8467c72/fetchFileTemp12216674253684034525.tmp
[2024-01-29T15:05:50.953+0000] {spark_submit.py:571} INFO - 24/01/29 15:05:50 INFO Executor: Adding file:/tmp/spark-00411bf7-dbd3-4ed9-a647-466c6466b918/userFiles-23e7fcc2-f891-4906-8ebd-aa02b8467c72/spark_job_2.12-0.1.0.jar to class loader default
[2024-01-29T15:05:50.970+0000] {spark_submit.py:571} INFO - 24/01/29 15:05:50 INFO Utils: Successfully started service 'org.apache.spark.network.netty.NettyBlockTransferService' on port 35387.
[2024-01-29T15:05:50.971+0000] {spark_submit.py:571} INFO - 24/01/29 15:05:50 INFO NettyBlockTransferService: Server created on instance-1.europe-west9-a.c.data-lake-project-409321.internal:35387
[2024-01-29T15:05:50.971+0000] {spark_submit.py:571} INFO - 24/01/29 15:05:50 INFO BlockManager: Using org.apache.spark.storage.RandomBlockReplicationPolicy for block replication policy
[2024-01-29T15:05:50.980+0000] {spark_submit.py:571} INFO - 24/01/29 15:05:50 INFO BlockManagerMaster: Registering BlockManager BlockManagerId(driver, instance-1.europe-west9-a.c.data-lake-project-409321.internal, 35387, None)
[2024-01-29T15:05:50.985+0000] {spark_submit.py:571} INFO - 24/01/29 15:05:50 INFO BlockManagerMasterEndpoint: Registering block manager instance-1.europe-west9-a.c.data-lake-project-409321.internal:35387 with 434.4 MiB RAM, BlockManagerId(driver, instance-1.europe-west9-a.c.data-lake-project-409321.internal, 35387, None)
[2024-01-29T15:05:50.988+0000] {spark_submit.py:571} INFO - 24/01/29 15:05:50 INFO BlockManagerMaster: Registered BlockManager BlockManagerId(driver, instance-1.europe-west9-a.c.data-lake-project-409321.internal, 35387, None)
[2024-01-29T15:05:50.990+0000] {spark_submit.py:571} INFO - 24/01/29 15:05:50 INFO BlockManager: Initialized BlockManager: BlockManagerId(driver, instance-1.europe-west9-a.c.data-lake-project-409321.internal, 35387, None)
[2024-01-29T15:05:52.013+0000] {spark_submit.py:571} INFO - 24/01/29 15:05:52 INFO SharedState: Setting hive.metastore.warehouse.dir ('null') to the value of spark.sql.warehouse.dir.
[2024-01-29T15:05:52.022+0000] {spark_submit.py:571} INFO - 24/01/29 15:05:52 INFO SharedState: Warehouse path is 'file:/home/juniortemgoua0/DataLake/spark-warehouse'.
[2024-01-29T15:05:53.624+0000] {spark_submit.py:571} INFO - 24/01/29 15:05:53 WARN FileSystem: Failed to initialize fileystem gs://data-lake-buck/formatted/football_data/season/2024-01-29: java.io.FileNotFoundException: /Users/juniortemgoua/Documents/projects/BigData/DataLake/utils/credentials/google_storage_secret_key_credentials.json (No such file or directory)
[2024-01-29T15:05:53.628+0000] {spark_submit.py:571} INFO - 24/01/29 15:05:53 WARN FileStreamSink: Assume no metadata directory. Error while looking for metadata directory in the path: gs://data-lake-buck/formatted/football_data/season/2024-01-29.
[2024-01-29T15:05:53.628+0000] {spark_submit.py:571} INFO - java.io.FileNotFoundException: /Users/juniortemgoua/Documents/projects/BigData/DataLake/utils/credentials/google_storage_secret_key_credentials.json (No such file or directory)
[2024-01-29T15:05:53.628+0000] {spark_submit.py:571} INFO - at java.base/java.io.FileInputStream.open0(Native Method)
[2024-01-29T15:05:53.629+0000] {spark_submit.py:571} INFO - at java.base/java.io.FileInputStream.open(FileInputStream.java:216)
[2024-01-29T15:05:53.629+0000] {spark_submit.py:571} INFO - at java.base/java.io.FileInputStream.<init>(FileInputStream.java:157)
[2024-01-29T15:05:53.629+0000] {spark_submit.py:571} INFO - at java.base/java.io.FileInputStream.<init>(FileInputStream.java:111)
[2024-01-29T15:05:53.629+0000] {spark_submit.py:571} INFO - at com.google.cloud.hadoop.repackaged.gcs.com.google.cloud.hadoop.util.CredentialFactory.getCredentialFromJsonKeyFile(CredentialFactory.java:297)
[2024-01-29T15:05:53.629+0000] {spark_submit.py:571} INFO - at com.google.cloud.hadoop.repackaged.gcs.com.google.cloud.hadoop.util.CredentialFactory.getCredential(CredentialFactory.java:414)
[2024-01-29T15:05:53.629+0000] {spark_submit.py:571} INFO - at com.google.cloud.hadoop.fs.gcs.GoogleHadoopFileSystemBase.getCredential(GoogleHadoopFileSystemBase.java:1434)
[2024-01-29T15:05:53.629+0000] {spark_submit.py:571} INFO - at com.google.cloud.hadoop.fs.gcs.GoogleHadoopFileSystemBase.createGcsFs(GoogleHadoopFileSystemBase.java:1591)
[2024-01-29T15:05:53.629+0000] {spark_submit.py:571} INFO - at com.google.cloud.hadoop.fs.gcs.GoogleHadoopFileSystemBase.configure(GoogleHadoopFileSystemBase.java:1573)
[2024-01-29T15:05:53.630+0000] {spark_submit.py:571} INFO - at com.google.cloud.hadoop.fs.gcs.GoogleHadoopFileSystemBase.initialize(GoogleHadoopFileSystemBase.java:490)
[2024-01-29T15:05:53.630+0000] {spark_submit.py:571} INFO - at org.apache.hadoop.fs.FileSystem.createFileSystem(FileSystem.java:3469)
[2024-01-29T15:05:53.630+0000] {spark_submit.py:571} INFO - at org.apache.hadoop.fs.FileSystem.access$300(FileSystem.java:174)
[2024-01-29T15:05:53.630+0000] {spark_submit.py:571} INFO - at org.apache.hadoop.fs.FileSystem$Cache.getInternal(FileSystem.java:3574)
[2024-01-29T15:05:53.630+0000] {spark_submit.py:571} INFO - at org.apache.hadoop.fs.FileSystem$Cache.get(FileSystem.java:3521)
[2024-01-29T15:05:53.630+0000] {spark_submit.py:571} INFO - at org.apache.hadoop.fs.FileSystem.get(FileSystem.java:540)
[2024-01-29T15:05:53.630+0000] {spark_submit.py:571} INFO - at org.apache.hadoop.fs.Path.getFileSystem(Path.java:365)
[2024-01-29T15:05:53.630+0000] {spark_submit.py:571} INFO - at org.apache.spark.sql.execution.streaming.FileStreamSink$.hasMetadata(FileStreamSink.scala:53)
[2024-01-29T15:05:53.630+0000] {spark_submit.py:571} INFO - at org.apache.spark.sql.execution.datasources.DataSource.resolveRelation(DataSource.scala:366)
[2024-01-29T15:05:53.631+0000] {spark_submit.py:571} INFO - at org.apache.spark.sql.DataFrameReader.loadV1Source(DataFrameReader.scala:229)
[2024-01-29T15:05:53.631+0000] {spark_submit.py:571} INFO - at org.apache.spark.sql.DataFrameReader.$anonfun$load$2(DataFrameReader.scala:211)
[2024-01-29T15:05:53.631+0000] {spark_submit.py:571} INFO - at scala.Option.getOrElse(Option.scala:189)
[2024-01-29T15:05:53.631+0000] {spark_submit.py:571} INFO - at org.apache.spark.sql.DataFrameReader.load(DataFrameReader.scala:211)
[2024-01-29T15:05:53.631+0000] {spark_submit.py:571} INFO - at org.apache.spark.sql.DataFrameReader.parquet(DataFrameReader.scala:563)
[2024-01-29T15:05:53.631+0000] {spark_submit.py:571} INFO - at org.apache.spark.sql.DataFrameReader.parquet(DataFrameReader.scala:548)
[2024-01-29T15:05:53.631+0000] {spark_submit.py:571} INFO - at FormattedToUsage$.combineCompetitions(FormattedToUsage.scala:27)
[2024-01-29T15:05:53.632+0000] {spark_submit.py:571} INFO - at FormattedToUsage$.main(FormattedToUsage.scala:20)
[2024-01-29T15:05:53.632+0000] {spark_submit.py:571} INFO - at FormattedToUsage.main(FormattedToUsage.scala)
[2024-01-29T15:05:53.632+0000] {spark_submit.py:571} INFO - at java.base/jdk.internal.reflect.NativeMethodAccessorImpl.invoke0(Native Method)
[2024-01-29T15:05:53.632+0000] {spark_submit.py:571} INFO - at java.base/jdk.internal.reflect.NativeMethodAccessorImpl.invoke(NativeMethodAccessorImpl.java:77)
[2024-01-29T15:05:53.632+0000] {spark_submit.py:571} INFO - at java.base/jdk.internal.reflect.DelegatingMethodAccessorImpl.invoke(DelegatingMethodAccessorImpl.java:43)
[2024-01-29T15:05:53.632+0000] {spark_submit.py:571} INFO - at java.base/java.lang.reflect.Method.invoke(Method.java:568)
[2024-01-29T15:05:53.632+0000] {spark_submit.py:571} INFO - at org.apache.spark.deploy.JavaMainApplication.start(SparkApplication.scala:52)
[2024-01-29T15:05:53.632+0000] {spark_submit.py:571} INFO - at org.apache.spark.deploy.SparkSubmit.org$apache$spark$deploy$SparkSubmit$$runMain(SparkSubmit.scala:1029)
[2024-01-29T15:05:53.633+0000] {spark_submit.py:571} INFO - at org.apache.spark.deploy.SparkSubmit.doRunMain$1(SparkSubmit.scala:194)
[2024-01-29T15:05:53.633+0000] {spark_submit.py:571} INFO - at org.apache.spark.deploy.SparkSubmit.submit(SparkSubmit.scala:217)
[2024-01-29T15:05:53.633+0000] {spark_submit.py:571} INFO - at org.apache.spark.deploy.SparkSubmit.doSubmit(SparkSubmit.scala:91)
[2024-01-29T15:05:53.633+0000] {spark_submit.py:571} INFO - at org.apache.spark.deploy.SparkSubmit$$anon$2.doSubmit(SparkSubmit.scala:1120)
[2024-01-29T15:05:53.633+0000] {spark_submit.py:571} INFO - at org.apache.spark.deploy.SparkSubmit$.main(SparkSubmit.scala:1129)
[2024-01-29T15:05:53.633+0000] {spark_submit.py:571} INFO - at org.apache.spark.deploy.SparkSubmit.main(SparkSubmit.scala)
[2024-01-29T15:05:53.642+0000] {spark_submit.py:571} INFO - 24/01/29 15:05:53 WARN FileSystem: Failed to initialize fileystem gs://data-lake-buck/formatted/football_data/season/2024-01-29: java.io.FileNotFoundException: /Users/juniortemgoua/Documents/projects/BigData/DataLake/utils/credentials/google_storage_secret_key_credentials.json (No such file or directory)
[2024-01-29T15:05:53.642+0000] {spark_submit.py:571} INFO - Exception in thread "main" java.io.FileNotFoundException: /Users/juniortemgoua/Documents/projects/BigData/DataLake/utils/credentials/google_storage_secret_key_credentials.json (No such file or directory)
[2024-01-29T15:05:53.643+0000] {spark_submit.py:571} INFO - at java.base/java.io.FileInputStream.open0(Native Method)
[2024-01-29T15:05:53.643+0000] {spark_submit.py:571} INFO - at java.base/java.io.FileInputStream.open(FileInputStream.java:216)
[2024-01-29T15:05:53.643+0000] {spark_submit.py:571} INFO - at java.base/java.io.FileInputStream.<init>(FileInputStream.java:157)
[2024-01-29T15:05:53.643+0000] {spark_submit.py:571} INFO - at java.base/java.io.FileInputStream.<init>(FileInputStream.java:111)
[2024-01-29T15:05:53.643+0000] {spark_submit.py:571} INFO - at com.google.cloud.hadoop.repackaged.gcs.com.google.cloud.hadoop.util.CredentialFactory.getCredentialFromJsonKeyFile(CredentialFactory.java:297)
[2024-01-29T15:05:53.643+0000] {spark_submit.py:571} INFO - at com.google.cloud.hadoop.repackaged.gcs.com.google.cloud.hadoop.util.CredentialFactory.getCredential(CredentialFactory.java:414)
[2024-01-29T15:05:53.643+0000] {spark_submit.py:571} INFO - at com.google.cloud.hadoop.fs.gcs.GoogleHadoopFileSystemBase.getCredential(GoogleHadoopFileSystemBase.java:1434)
[2024-01-29T15:05:53.644+0000] {spark_submit.py:571} INFO - at com.google.cloud.hadoop.fs.gcs.GoogleHadoopFileSystemBase.createGcsFs(GoogleHadoopFileSystemBase.java:1591)
[2024-01-29T15:05:53.644+0000] {spark_submit.py:571} INFO - at com.google.cloud.hadoop.fs.gcs.GoogleHadoopFileSystemBase.configure(GoogleHadoopFileSystemBase.java:1573)
[2024-01-29T15:05:53.644+0000] {spark_submit.py:571} INFO - at com.google.cloud.hadoop.fs.gcs.GoogleHadoopFileSystemBase.initialize(GoogleHadoopFileSystemBase.java:490)
[2024-01-29T15:05:53.644+0000] {spark_submit.py:571} INFO - at org.apache.hadoop.fs.FileSystem.createFileSystem(FileSystem.java:3469)
[2024-01-29T15:05:53.644+0000] {spark_submit.py:571} INFO - at org.apache.hadoop.fs.FileSystem.access$300(FileSystem.java:174)
[2024-01-29T15:05:53.644+0000] {spark_submit.py:571} INFO - at org.apache.hadoop.fs.FileSystem$Cache.getInternal(FileSystem.java:3574)
[2024-01-29T15:05:53.644+0000] {spark_submit.py:571} INFO - at org.apache.hadoop.fs.FileSystem$Cache.get(FileSystem.java:3521)
[2024-01-29T15:05:53.645+0000] {spark_submit.py:571} INFO - at org.apache.hadoop.fs.FileSystem.get(FileSystem.java:540)
[2024-01-29T15:05:53.645+0000] {spark_submit.py:571} INFO - at org.apache.hadoop.fs.Path.getFileSystem(Path.java:365)
[2024-01-29T15:05:53.645+0000] {spark_submit.py:571} INFO - at org.apache.spark.sql.execution.datasources.DataSource$.$anonfun$checkAndGlobPathIfNecessary$1(DataSource.scala:724)
[2024-01-29T15:05:53.645+0000] {spark_submit.py:571} INFO - at scala.collection.immutable.List.map(List.scala:293)
[2024-01-29T15:05:53.645+0000] {spark_submit.py:571} INFO - at org.apache.spark.sql.execution.datasources.DataSource$.checkAndGlobPathIfNecessary(DataSource.scala:722)
[2024-01-29T15:05:53.645+0000] {spark_submit.py:571} INFO - at org.apache.spark.sql.execution.datasources.DataSource.checkAndGlobPathIfNecessary(DataSource.scala:551)
[2024-01-29T15:05:53.645+0000] {spark_submit.py:571} INFO - at org.apache.spark.sql.execution.datasources.DataSource.resolveRelation(DataSource.scala:404)
[2024-01-29T15:05:53.645+0000] {spark_submit.py:571} INFO - at org.apache.spark.sql.DataFrameReader.loadV1Source(DataFrameReader.scala:229)
[2024-01-29T15:05:53.646+0000] {spark_submit.py:571} INFO - at org.apache.spark.sql.DataFrameReader.$anonfun$load$2(DataFrameReader.scala:211)
[2024-01-29T15:05:53.646+0000] {spark_submit.py:571} INFO - at scala.Option.getOrElse(Option.scala:189)
[2024-01-29T15:05:53.646+0000] {spark_submit.py:571} INFO - at org.apache.spark.sql.DataFrameReader.load(DataFrameReader.scala:211)
[2024-01-29T15:05:53.646+0000] {spark_submit.py:571} INFO - at org.apache.spark.sql.DataFrameReader.parquet(DataFrameReader.scala:563)
[2024-01-29T15:05:53.646+0000] {spark_submit.py:571} INFO - at org.apache.spark.sql.DataFrameReader.parquet(DataFrameReader.scala:548)
[2024-01-29T15:05:53.646+0000] {spark_submit.py:571} INFO - at FormattedToUsage$.combineCompetitions(FormattedToUsage.scala:27)
[2024-01-29T15:05:53.646+0000] {spark_submit.py:571} INFO - at FormattedToUsage$.main(FormattedToUsage.scala:20)
[2024-01-29T15:05:53.646+0000] {spark_submit.py:571} INFO - at FormattedToUsage.main(FormattedToUsage.scala)
[2024-01-29T15:05:53.647+0000] {spark_submit.py:571} INFO - at java.base/jdk.internal.reflect.NativeMethodAccessorImpl.invoke0(Native Method)
[2024-01-29T15:05:53.647+0000] {spark_submit.py:571} INFO - at java.base/jdk.internal.reflect.NativeMethodAccessorImpl.invoke(NativeMethodAccessorImpl.java:77)
[2024-01-29T15:05:53.647+0000] {spark_submit.py:571} INFO - at java.base/jdk.internal.reflect.DelegatingMethodAccessorImpl.invoke(DelegatingMethodAccessorImpl.java:43)
[2024-01-29T15:05:53.647+0000] {spark_submit.py:571} INFO - at java.base/java.lang.reflect.Method.invoke(Method.java:568)
[2024-01-29T15:05:53.647+0000] {spark_submit.py:571} INFO - at org.apache.spark.deploy.JavaMainApplication.start(SparkApplication.scala:52)
[2024-01-29T15:05:53.647+0000] {spark_submit.py:571} INFO - at org.apache.spark.deploy.SparkSubmit.org$apache$spark$deploy$SparkSubmit$$runMain(SparkSubmit.scala:1029)
[2024-01-29T15:05:53.647+0000] {spark_submit.py:571} INFO - at org.apache.spark.deploy.SparkSubmit.doRunMain$1(SparkSubmit.scala:194)
[2024-01-29T15:05:53.647+0000] {spark_submit.py:571} INFO - at org.apache.spark.deploy.SparkSubmit.submit(SparkSubmit.scala:217)
[2024-01-29T15:05:53.648+0000] {spark_submit.py:571} INFO - at org.apache.spark.deploy.SparkSubmit.doSubmit(SparkSubmit.scala:91)
[2024-01-29T15:05:53.648+0000] {spark_submit.py:571} INFO - at org.apache.spark.deploy.SparkSubmit$$anon$2.doSubmit(SparkSubmit.scala:1120)
[2024-01-29T15:05:53.648+0000] {spark_submit.py:571} INFO - at org.apache.spark.deploy.SparkSubmit$.main(SparkSubmit.scala:1129)
[2024-01-29T15:05:53.648+0000] {spark_submit.py:571} INFO - at org.apache.spark.deploy.SparkSubmit.main(SparkSubmit.scala)
[2024-01-29T15:05:53.658+0000] {spark_submit.py:571} INFO - 24/01/29 15:05:53 INFO SparkContext: Invoking stop() from shutdown hook
[2024-01-29T15:05:53.659+0000] {spark_submit.py:571} INFO - 24/01/29 15:05:53 INFO SparkContext: SparkContext is stopping with exitCode 0.
[2024-01-29T15:05:53.675+0000] {spark_submit.py:571} INFO - 24/01/29 15:05:53 INFO SparkUI: Stopped Spark web UI at http://instance-1.europe-west9-a.c.data-lake-project-409321.internal:4040
[2024-01-29T15:05:53.702+0000] {spark_submit.py:571} INFO - 24/01/29 15:05:53 INFO MapOutputTrackerMasterEndpoint: MapOutputTrackerMasterEndpoint stopped!
[2024-01-29T15:05:53.731+0000] {spark_submit.py:571} INFO - 24/01/29 15:05:53 INFO MemoryStore: MemoryStore cleared
[2024-01-29T15:05:53.732+0000] {spark_submit.py:571} INFO - 24/01/29 15:05:53 INFO BlockManager: BlockManager stopped
[2024-01-29T15:05:53.743+0000] {spark_submit.py:571} INFO - 24/01/29 15:05:53 INFO BlockManagerMaster: BlockManagerMaster stopped
[2024-01-29T15:05:53.748+0000] {spark_submit.py:571} INFO - 24/01/29 15:05:53 INFO OutputCommitCoordinator$OutputCommitCoordinatorEndpoint: OutputCommitCoordinator stopped!
[2024-01-29T15:05:53.758+0000] {spark_submit.py:571} INFO - 24/01/29 15:05:53 INFO SparkContext: Successfully stopped SparkContext
[2024-01-29T15:05:53.758+0000] {spark_submit.py:571} INFO - 24/01/29 15:05:53 INFO ShutdownHookManager: Shutdown hook called
[2024-01-29T15:05:53.759+0000] {spark_submit.py:571} INFO - 24/01/29 15:05:53 INFO ShutdownHookManager: Deleting directory /tmp/spark-04297fe3-fc88-4090-a79b-9d37255749a1
[2024-01-29T15:05:53.763+0000] {spark_submit.py:571} INFO - 24/01/29 15:05:53 INFO ShutdownHookManager: Deleting directory /tmp/spark-00411bf7-dbd3-4ed9-a647-466c6466b918
[2024-01-29T15:05:53.822+0000] {taskinstance.py:2698} ERROR - Task failed with exception
Traceback (most recent call last):
  File "/home/juniortemgoua0/DataLake/venv/lib/python3.8/site-packages/airflow/models/taskinstance.py", line 433, in _execute_task
    result = execute_callable(context=context, **execute_callable_kwargs)
  File "/home/juniortemgoua0/DataLake/venv/lib/python3.8/site-packages/airflow/providers/apache/spark/operators/spark_submit.py", line 174, in execute
    self._hook.submit(self._application)
  File "/home/juniortemgoua0/DataLake/venv/lib/python3.8/site-packages/airflow/providers/apache/spark/hooks/spark_submit.py", line 502, in submit
    raise AirflowException(
airflow.exceptions.AirflowException: Cannot execute: spark-submit --master local[*] --name arrow-spark --class FormattedToUsage --queue root.default --deploy-mode client /home/juniortemgoua0/DataLake/jobs/processes/scala/spark_process/target/scala-2.12/spark_job_2.12-0.1.0.jar gs://data-lake-buck. Error code is: 1.
[2024-01-29T15:05:53.826+0000] {taskinstance.py:1138} INFO - Marking task as UP_FOR_RETRY. dag_id=manage_data_lake_dag, task_id=job_formatted_to_usage, execution_date=20240107T000000, start_date=20240129T150546, end_date=20240129T150553
[2024-01-29T15:05:53.838+0000] {standard_task_runner.py:107} ERROR - Failed to execute job 153 for task job_formatted_to_usage (Cannot execute: spark-submit --master local[*] --name arrow-spark --class FormattedToUsage --queue root.default --deploy-mode client /home/juniortemgoua0/DataLake/jobs/processes/scala/spark_process/target/scala-2.12/spark_job_2.12-0.1.0.jar gs://data-lake-buck. Error code is: 1.; 48751)
[2024-01-29T15:05:53.859+0000] {local_task_job_runner.py:234} INFO - Task exited with return code 1
[2024-01-29T15:05:53.868+0000] {taskinstance.py:3280} INFO - 0 downstream tasks scheduled from follow-on schedule check
