[2024-01-29T15:29:56.468+0000] {taskinstance.py:1956} INFO - Dependencies all met for dep_context=non-requeueable deps ti=<TaskInstance: manage_data_lake_dag.job_formatted_to_usage scheduled__2024-01-01T00:00:00+00:00 [queued]>
[2024-01-29T15:29:56.473+0000] {taskinstance.py:1956} INFO - Dependencies all met for dep_context=requeueable deps ti=<TaskInstance: manage_data_lake_dag.job_formatted_to_usage scheduled__2024-01-01T00:00:00+00:00 [queued]>
[2024-01-29T15:29:56.473+0000] {taskinstance.py:2170} INFO - Starting attempt 5 of 6
[2024-01-29T15:29:56.486+0000] {taskinstance.py:2191} INFO - Executing <Task(SparkSubmitOperator): job_formatted_to_usage> on 2024-01-01 00:00:00+00:00
[2024-01-29T15:29:56.490+0000] {standard_task_runner.py:60} INFO - Started process 52694 to run task
[2024-01-29T15:29:56.495+0000] {standard_task_runner.py:87} INFO - Running: ['airflow', 'tasks', 'run', 'manage_data_lake_dag', 'job_formatted_to_usage', 'scheduled__2024-01-01T00:00:00+00:00', '--job-id', '178', '--raw', '--subdir', 'DAGS_FOLDER/data_lake_dag.py', '--cfg-path', '/tmp/tmpomlmrzju']
[2024-01-29T15:29:56.500+0000] {standard_task_runner.py:88} INFO - Job 178: Subtask job_formatted_to_usage
[2024-01-29T15:29:56.538+0000] {task_command.py:423} INFO - Running <TaskInstance: manage_data_lake_dag.job_formatted_to_usage scheduled__2024-01-01T00:00:00+00:00 [running]> on host instance-1.europe-west9-a.c.data-lake-project-409321.internal
[2024-01-29T15:29:56.584+0000] {taskinstance.py:2480} INFO - Exporting env vars: AIRFLOW_CTX_DAG_OWNER='juniortemgoua0' AIRFLOW_CTX_DAG_ID='manage_data_lake_dag' AIRFLOW_CTX_TASK_ID='job_formatted_to_usage' AIRFLOW_CTX_EXECUTION_DATE='2024-01-01T00:00:00+00:00' AIRFLOW_CTX_TRY_NUMBER='5' AIRFLOW_CTX_DAG_RUN_ID='scheduled__2024-01-01T00:00:00+00:00'
[2024-01-29T15:29:56.589+0000] {base.py:83} INFO - Using connection ID 'spark_default' for task execution.
[2024-01-29T15:29:56.590+0000] {spark_submit.py:401} INFO - Spark-Submit cmd: spark-submit --master local[*] --name arrow-spark --class FormattedToUsage --queue root.default --deploy-mode client /home/juniortemgoua0/DataLake/jobs/processes/scala/spark_process/target/scala-2.12/spark_job_2.12-0.1.0.jar gs://data-lake-buck
[2024-01-29T15:29:59.226+0000] {spark_submit.py:571} INFO - 24/01/29 15:29:59 INFO SparkContext: Running Spark version 3.5.0
[2024-01-29T15:29:59.232+0000] {spark_submit.py:571} INFO - 24/01/29 15:29:59 INFO SparkContext: OS info Linux, 5.15.0-1049-gcp, amd64
[2024-01-29T15:29:59.233+0000] {spark_submit.py:571} INFO - 24/01/29 15:29:59 INFO SparkContext: Java version 17.0.9
[2024-01-29T15:29:59.369+0000] {spark_submit.py:571} INFO - 24/01/29 15:29:59 WARN NativeCodeLoader: Unable to load native-hadoop library for your platform... using builtin-java classes where applicable
[2024-01-29T15:29:59.539+0000] {spark_submit.py:571} INFO - 24/01/29 15:29:59 INFO ResourceUtils: ==============================================================
[2024-01-29T15:29:59.540+0000] {spark_submit.py:571} INFO - 24/01/29 15:29:59 INFO ResourceUtils: No custom resources configured for spark.driver.
[2024-01-29T15:29:59.541+0000] {spark_submit.py:571} INFO - 24/01/29 15:29:59 INFO ResourceUtils: ==============================================================
[2024-01-29T15:29:59.542+0000] {spark_submit.py:571} INFO - 24/01/29 15:29:59 INFO SparkContext: Submitted application: RawToFormatted
[2024-01-29T15:29:59.576+0000] {spark_submit.py:571} INFO - 24/01/29 15:29:59 INFO ResourceProfile: Default ResourceProfile created, executor resources: Map(cores -> name: cores, amount: 1, script: , vendor: , memory -> name: memory, amount: 1024, script: , vendor: , offHeap -> name: offHeap, amount: 0, script: , vendor: ), task resources: Map(cpus -> name: cpus, amount: 1.0)
[2024-01-29T15:29:59.591+0000] {spark_submit.py:571} INFO - 24/01/29 15:29:59 INFO ResourceProfile: Limiting resource is cpu
[2024-01-29T15:29:59.592+0000] {spark_submit.py:571} INFO - 24/01/29 15:29:59 INFO ResourceProfileManager: Added ResourceProfile id: 0
[2024-01-29T15:29:59.669+0000] {spark_submit.py:571} INFO - 24/01/29 15:29:59 INFO SecurityManager: Changing view acls to: juniortemgoua0
[2024-01-29T15:29:59.670+0000] {spark_submit.py:571} INFO - 24/01/29 15:29:59 INFO SecurityManager: Changing modify acls to: juniortemgoua0
[2024-01-29T15:29:59.671+0000] {spark_submit.py:571} INFO - 24/01/29 15:29:59 INFO SecurityManager: Changing view acls groups to:
[2024-01-29T15:29:59.672+0000] {spark_submit.py:571} INFO - 24/01/29 15:29:59 INFO SecurityManager: Changing modify acls groups to:
[2024-01-29T15:29:59.673+0000] {spark_submit.py:571} INFO - 24/01/29 15:29:59 INFO SecurityManager: SecurityManager: authentication disabled; ui acls disabled; users with view permissions: juniortemgoua0; groups with view permissions: EMPTY; users with modify permissions: juniortemgoua0; groups with modify permissions: EMPTY
[2024-01-29T15:30:00.064+0000] {spark_submit.py:571} INFO - 24/01/29 15:30:00 INFO Utils: Successfully started service 'sparkDriver' on port 36765.
[2024-01-29T15:30:00.104+0000] {spark_submit.py:571} INFO - 24/01/29 15:30:00 INFO SparkEnv: Registering MapOutputTracker
[2024-01-29T15:30:00.153+0000] {spark_submit.py:571} INFO - 24/01/29 15:30:00 INFO SparkEnv: Registering BlockManagerMaster
[2024-01-29T15:30:00.193+0000] {spark_submit.py:571} INFO - 24/01/29 15:30:00 INFO BlockManagerMasterEndpoint: Using org.apache.spark.storage.DefaultTopologyMapper for getting topology information
[2024-01-29T15:30:00.194+0000] {spark_submit.py:571} INFO - 24/01/29 15:30:00 INFO BlockManagerMasterEndpoint: BlockManagerMasterEndpoint up
[2024-01-29T15:30:00.205+0000] {spark_submit.py:571} INFO - 24/01/29 15:30:00 INFO SparkEnv: Registering BlockManagerMasterHeartbeat
[2024-01-29T15:30:00.232+0000] {spark_submit.py:571} INFO - 24/01/29 15:30:00 INFO DiskBlockManager: Created local directory at /tmp/blockmgr-697b8913-d97d-476b-98b7-46b829536f30
[2024-01-29T15:30:00.255+0000] {spark_submit.py:571} INFO - 24/01/29 15:30:00 INFO MemoryStore: MemoryStore started with capacity 434.4 MiB
[2024-01-29T15:30:00.273+0000] {spark_submit.py:571} INFO - 24/01/29 15:30:00 INFO SparkEnv: Registering OutputCommitCoordinator
[2024-01-29T15:30:00.445+0000] {spark_submit.py:571} INFO - 24/01/29 15:30:00 INFO JettyUtils: Start Jetty 0.0.0.0:4040 for SparkUI
[2024-01-29T15:30:00.539+0000] {spark_submit.py:571} INFO - 24/01/29 15:30:00 INFO Utils: Successfully started service 'SparkUI' on port 4040.
[2024-01-29T15:30:00.609+0000] {spark_submit.py:571} INFO - 24/01/29 15:30:00 INFO SparkContext: Added JAR file:/home/juniortemgoua0/DataLake/jobs/processes/scala/spark_process/target/scala-2.12/spark_job_2.12-0.1.0.jar at spark://instance-1.europe-west9-a.c.data-lake-project-409321.internal:36765/jars/spark_job_2.12-0.1.0.jar with timestamp 1706542199204
[2024-01-29T15:30:00.723+0000] {spark_submit.py:571} INFO - 24/01/29 15:30:00 INFO Executor: Starting executor ID driver on host instance-1.europe-west9-a.c.data-lake-project-409321.internal
[2024-01-29T15:30:00.725+0000] {spark_submit.py:571} INFO - 24/01/29 15:30:00 INFO Executor: OS info Linux, 5.15.0-1049-gcp, amd64
[2024-01-29T15:30:00.725+0000] {spark_submit.py:571} INFO - 24/01/29 15:30:00 INFO Executor: Java version 17.0.9
[2024-01-29T15:30:00.738+0000] {spark_submit.py:571} INFO - 24/01/29 15:30:00 INFO Executor: Starting executor with user classpath (userClassPathFirst = false): ''
[2024-01-29T15:30:00.760+0000] {spark_submit.py:571} INFO - 24/01/29 15:30:00 INFO Executor: Created or updated repl class loader org.apache.spark.util.MutableURLClassLoader@44af588b for default.
[2024-01-29T15:30:00.788+0000] {spark_submit.py:571} INFO - 24/01/29 15:30:00 INFO Executor: Fetching spark://instance-1.europe-west9-a.c.data-lake-project-409321.internal:36765/jars/spark_job_2.12-0.1.0.jar with timestamp 1706542199204
[2024-01-29T15:30:00.865+0000] {spark_submit.py:571} INFO - 24/01/29 15:30:00 INFO TransportClientFactory: Successfully created connection to instance-1.europe-west9-a.c.data-lake-project-409321.internal/10.200.0.5:36765 after 38 ms (0 ms spent in bootstraps)
[2024-01-29T15:30:00.881+0000] {spark_submit.py:571} INFO - 24/01/29 15:30:00 INFO Utils: Fetching spark://instance-1.europe-west9-a.c.data-lake-project-409321.internal:36765/jars/spark_job_2.12-0.1.0.jar to /tmp/spark-6c96be0b-5377-429a-a2d7-e65d3e45260d/userFiles-321a662d-a219-4d1e-a152-6e5d0395c5d7/fetchFileTemp2356086389561329541.tmp
[2024-01-29T15:30:00.929+0000] {spark_submit.py:571} INFO - 24/01/29 15:30:00 INFO Executor: Adding file:/tmp/spark-6c96be0b-5377-429a-a2d7-e65d3e45260d/userFiles-321a662d-a219-4d1e-a152-6e5d0395c5d7/spark_job_2.12-0.1.0.jar to class loader default
[2024-01-29T15:30:00.943+0000] {spark_submit.py:571} INFO - 24/01/29 15:30:00 INFO Utils: Successfully started service 'org.apache.spark.network.netty.NettyBlockTransferService' on port 37271.
[2024-01-29T15:30:00.943+0000] {spark_submit.py:571} INFO - 24/01/29 15:30:00 INFO NettyBlockTransferService: Server created on instance-1.europe-west9-a.c.data-lake-project-409321.internal:37271
[2024-01-29T15:30:00.943+0000] {spark_submit.py:571} INFO - 24/01/29 15:30:00 INFO BlockManager: Using org.apache.spark.storage.RandomBlockReplicationPolicy for block replication policy
[2024-01-29T15:30:00.951+0000] {spark_submit.py:571} INFO - 24/01/29 15:30:00 INFO BlockManagerMaster: Registering BlockManager BlockManagerId(driver, instance-1.europe-west9-a.c.data-lake-project-409321.internal, 37271, None)
[2024-01-29T15:30:00.955+0000] {spark_submit.py:571} INFO - 24/01/29 15:30:00 INFO BlockManagerMasterEndpoint: Registering block manager instance-1.europe-west9-a.c.data-lake-project-409321.internal:37271 with 434.4 MiB RAM, BlockManagerId(driver, instance-1.europe-west9-a.c.data-lake-project-409321.internal, 37271, None)
[2024-01-29T15:30:00.958+0000] {spark_submit.py:571} INFO - 24/01/29 15:30:00 INFO BlockManagerMaster: Registered BlockManager BlockManagerId(driver, instance-1.europe-west9-a.c.data-lake-project-409321.internal, 37271, None)
[2024-01-29T15:30:00.960+0000] {spark_submit.py:571} INFO - 24/01/29 15:30:00 INFO BlockManager: Initialized BlockManager: BlockManagerId(driver, instance-1.europe-west9-a.c.data-lake-project-409321.internal, 37271, None)
[2024-01-29T15:30:01.894+0000] {spark_submit.py:571} INFO - 24/01/29 15:30:01 INFO SharedState: Setting hive.metastore.warehouse.dir ('null') to the value of spark.sql.warehouse.dir.
[2024-01-29T15:30:01.904+0000] {spark_submit.py:571} INFO - 24/01/29 15:30:01 INFO SharedState: Warehouse path is 'file:/home/juniortemgoua0/DataLake/spark-warehouse'.
[2024-01-29T15:30:03.333+0000] {spark_submit.py:571} INFO - 24/01/29 15:30:03 WARN FileSystem: Failed to initialize fileystem gs://data-lake-buck/formatted/football_data/season/2024-01-29: java.io.FileNotFoundException: /Users/juniortemgoua/Documents/projects/BigData/DataLake/utils/credentials/google_storage_secret_key_credentials.json (No such file or directory)
[2024-01-29T15:30:03.337+0000] {spark_submit.py:571} INFO - 24/01/29 15:30:03 WARN FileStreamSink: Assume no metadata directory. Error while looking for metadata directory in the path: gs://data-lake-buck/formatted/football_data/season/2024-01-29.
[2024-01-29T15:30:03.337+0000] {spark_submit.py:571} INFO - java.io.FileNotFoundException: /Users/juniortemgoua/Documents/projects/BigData/DataLake/utils/credentials/google_storage_secret_key_credentials.json (No such file or directory)
[2024-01-29T15:30:03.337+0000] {spark_submit.py:571} INFO - at java.base/java.io.FileInputStream.open0(Native Method)
[2024-01-29T15:30:03.337+0000] {spark_submit.py:571} INFO - at java.base/java.io.FileInputStream.open(FileInputStream.java:216)
[2024-01-29T15:30:03.338+0000] {spark_submit.py:571} INFO - at java.base/java.io.FileInputStream.<init>(FileInputStream.java:157)
[2024-01-29T15:30:03.338+0000] {spark_submit.py:571} INFO - at java.base/java.io.FileInputStream.<init>(FileInputStream.java:111)
[2024-01-29T15:30:03.338+0000] {spark_submit.py:571} INFO - at com.google.cloud.hadoop.repackaged.gcs.com.google.cloud.hadoop.util.CredentialFactory.getCredentialFromJsonKeyFile(CredentialFactory.java:297)
[2024-01-29T15:30:03.338+0000] {spark_submit.py:571} INFO - at com.google.cloud.hadoop.repackaged.gcs.com.google.cloud.hadoop.util.CredentialFactory.getCredential(CredentialFactory.java:414)
[2024-01-29T15:30:03.338+0000] {spark_submit.py:571} INFO - at com.google.cloud.hadoop.fs.gcs.GoogleHadoopFileSystemBase.getCredential(GoogleHadoopFileSystemBase.java:1434)
[2024-01-29T15:30:03.338+0000] {spark_submit.py:571} INFO - at com.google.cloud.hadoop.fs.gcs.GoogleHadoopFileSystemBase.createGcsFs(GoogleHadoopFileSystemBase.java:1591)
[2024-01-29T15:30:03.338+0000] {spark_submit.py:571} INFO - at com.google.cloud.hadoop.fs.gcs.GoogleHadoopFileSystemBase.configure(GoogleHadoopFileSystemBase.java:1573)
[2024-01-29T15:30:03.338+0000] {spark_submit.py:571} INFO - at com.google.cloud.hadoop.fs.gcs.GoogleHadoopFileSystemBase.initialize(GoogleHadoopFileSystemBase.java:490)
[2024-01-29T15:30:03.339+0000] {spark_submit.py:571} INFO - at org.apache.hadoop.fs.FileSystem.createFileSystem(FileSystem.java:3469)
[2024-01-29T15:30:03.339+0000] {spark_submit.py:571} INFO - at org.apache.hadoop.fs.FileSystem.access$300(FileSystem.java:174)
[2024-01-29T15:30:03.339+0000] {spark_submit.py:571} INFO - at org.apache.hadoop.fs.FileSystem$Cache.getInternal(FileSystem.java:3574)
[2024-01-29T15:30:03.339+0000] {spark_submit.py:571} INFO - at org.apache.hadoop.fs.FileSystem$Cache.get(FileSystem.java:3521)
[2024-01-29T15:30:03.339+0000] {spark_submit.py:571} INFO - at org.apache.hadoop.fs.FileSystem.get(FileSystem.java:540)
[2024-01-29T15:30:03.339+0000] {spark_submit.py:571} INFO - at org.apache.hadoop.fs.Path.getFileSystem(Path.java:365)
[2024-01-29T15:30:03.340+0000] {spark_submit.py:571} INFO - at org.apache.spark.sql.execution.streaming.FileStreamSink$.hasMetadata(FileStreamSink.scala:53)
[2024-01-29T15:30:03.340+0000] {spark_submit.py:571} INFO - at org.apache.spark.sql.execution.datasources.DataSource.resolveRelation(DataSource.scala:366)
[2024-01-29T15:30:03.340+0000] {spark_submit.py:571} INFO - at org.apache.spark.sql.DataFrameReader.loadV1Source(DataFrameReader.scala:229)
[2024-01-29T15:30:03.340+0000] {spark_submit.py:571} INFO - at org.apache.spark.sql.DataFrameReader.$anonfun$load$2(DataFrameReader.scala:211)
[2024-01-29T15:30:03.340+0000] {spark_submit.py:571} INFO - at scala.Option.getOrElse(Option.scala:189)
[2024-01-29T15:30:03.340+0000] {spark_submit.py:571} INFO - at org.apache.spark.sql.DataFrameReader.load(DataFrameReader.scala:211)
[2024-01-29T15:30:03.341+0000] {spark_submit.py:571} INFO - at org.apache.spark.sql.DataFrameReader.parquet(DataFrameReader.scala:563)
[2024-01-29T15:30:03.341+0000] {spark_submit.py:571} INFO - at org.apache.spark.sql.DataFrameReader.parquet(DataFrameReader.scala:548)
[2024-01-29T15:30:03.341+0000] {spark_submit.py:571} INFO - at FormattedToUsage$.combineCompetitions(FormattedToUsage.scala:27)
[2024-01-29T15:30:03.341+0000] {spark_submit.py:571} INFO - at FormattedToUsage$.main(FormattedToUsage.scala:20)
[2024-01-29T15:30:03.341+0000] {spark_submit.py:571} INFO - at FormattedToUsage.main(FormattedToUsage.scala)
[2024-01-29T15:30:03.341+0000] {spark_submit.py:571} INFO - at java.base/jdk.internal.reflect.NativeMethodAccessorImpl.invoke0(Native Method)
[2024-01-29T15:30:03.341+0000] {spark_submit.py:571} INFO - at java.base/jdk.internal.reflect.NativeMethodAccessorImpl.invoke(NativeMethodAccessorImpl.java:77)
[2024-01-29T15:30:03.342+0000] {spark_submit.py:571} INFO - at java.base/jdk.internal.reflect.DelegatingMethodAccessorImpl.invoke(DelegatingMethodAccessorImpl.java:43)
[2024-01-29T15:30:03.342+0000] {spark_submit.py:571} INFO - at java.base/java.lang.reflect.Method.invoke(Method.java:568)
[2024-01-29T15:30:03.342+0000] {spark_submit.py:571} INFO - at org.apache.spark.deploy.JavaMainApplication.start(SparkApplication.scala:52)
[2024-01-29T15:30:03.342+0000] {spark_submit.py:571} INFO - at org.apache.spark.deploy.SparkSubmit.org$apache$spark$deploy$SparkSubmit$$runMain(SparkSubmit.scala:1029)
[2024-01-29T15:30:03.342+0000] {spark_submit.py:571} INFO - at org.apache.spark.deploy.SparkSubmit.doRunMain$1(SparkSubmit.scala:194)
[2024-01-29T15:30:03.342+0000] {spark_submit.py:571} INFO - at org.apache.spark.deploy.SparkSubmit.submit(SparkSubmit.scala:217)
[2024-01-29T15:30:03.342+0000] {spark_submit.py:571} INFO - at org.apache.spark.deploy.SparkSubmit.doSubmit(SparkSubmit.scala:91)
[2024-01-29T15:30:03.343+0000] {spark_submit.py:571} INFO - at org.apache.spark.deploy.SparkSubmit$$anon$2.doSubmit(SparkSubmit.scala:1120)
[2024-01-29T15:30:03.343+0000] {spark_submit.py:571} INFO - at org.apache.spark.deploy.SparkSubmit$.main(SparkSubmit.scala:1129)
[2024-01-29T15:30:03.343+0000] {spark_submit.py:571} INFO - at org.apache.spark.deploy.SparkSubmit.main(SparkSubmit.scala)
[2024-01-29T15:30:03.350+0000] {spark_submit.py:571} INFO - 24/01/29 15:30:03 WARN FileSystem: Failed to initialize fileystem gs://data-lake-buck/formatted/football_data/season/2024-01-29: java.io.FileNotFoundException: /Users/juniortemgoua/Documents/projects/BigData/DataLake/utils/credentials/google_storage_secret_key_credentials.json (No such file or directory)
[2024-01-29T15:30:03.351+0000] {spark_submit.py:571} INFO - Exception in thread "main" java.io.FileNotFoundException: /Users/juniortemgoua/Documents/projects/BigData/DataLake/utils/credentials/google_storage_secret_key_credentials.json (No such file or directory)
[2024-01-29T15:30:03.351+0000] {spark_submit.py:571} INFO - at java.base/java.io.FileInputStream.open0(Native Method)
[2024-01-29T15:30:03.352+0000] {spark_submit.py:571} INFO - at java.base/java.io.FileInputStream.open(FileInputStream.java:216)
[2024-01-29T15:30:03.352+0000] {spark_submit.py:571} INFO - at java.base/java.io.FileInputStream.<init>(FileInputStream.java:157)
[2024-01-29T15:30:03.352+0000] {spark_submit.py:571} INFO - at java.base/java.io.FileInputStream.<init>(FileInputStream.java:111)
[2024-01-29T15:30:03.353+0000] {spark_submit.py:571} INFO - at com.google.cloud.hadoop.repackaged.gcs.com.google.cloud.hadoop.util.CredentialFactory.getCredentialFromJsonKeyFile(CredentialFactory.java:297)
[2024-01-29T15:30:03.353+0000] {spark_submit.py:571} INFO - at com.google.cloud.hadoop.repackaged.gcs.com.google.cloud.hadoop.util.CredentialFactory.getCredential(CredentialFactory.java:414)
[2024-01-29T15:30:03.353+0000] {spark_submit.py:571} INFO - at com.google.cloud.hadoop.fs.gcs.GoogleHadoopFileSystemBase.getCredential(GoogleHadoopFileSystemBase.java:1434)
[2024-01-29T15:30:03.353+0000] {spark_submit.py:571} INFO - at com.google.cloud.hadoop.fs.gcs.GoogleHadoopFileSystemBase.createGcsFs(GoogleHadoopFileSystemBase.java:1591)
[2024-01-29T15:30:03.354+0000] {spark_submit.py:571} INFO - at com.google.cloud.hadoop.fs.gcs.GoogleHadoopFileSystemBase.configure(GoogleHadoopFileSystemBase.java:1573)
[2024-01-29T15:30:03.354+0000] {spark_submit.py:571} INFO - at com.google.cloud.hadoop.fs.gcs.GoogleHadoopFileSystemBase.initialize(GoogleHadoopFileSystemBase.java:490)
[2024-01-29T15:30:03.354+0000] {spark_submit.py:571} INFO - at org.apache.hadoop.fs.FileSystem.createFileSystem(FileSystem.java:3469)
[2024-01-29T15:30:03.355+0000] {spark_submit.py:571} INFO - at org.apache.hadoop.fs.FileSystem.access$300(FileSystem.java:174)
[2024-01-29T15:30:03.355+0000] {spark_submit.py:571} INFO - at org.apache.hadoop.fs.FileSystem$Cache.getInternal(FileSystem.java:3574)
[2024-01-29T15:30:03.355+0000] {spark_submit.py:571} INFO - at org.apache.hadoop.fs.FileSystem$Cache.get(FileSystem.java:3521)
[2024-01-29T15:30:03.356+0000] {spark_submit.py:571} INFO - at org.apache.hadoop.fs.FileSystem.get(FileSystem.java:540)
[2024-01-29T15:30:03.356+0000] {spark_submit.py:571} INFO - at org.apache.hadoop.fs.Path.getFileSystem(Path.java:365)
[2024-01-29T15:30:03.356+0000] {spark_submit.py:571} INFO - at org.apache.spark.sql.execution.datasources.DataSource$.$anonfun$checkAndGlobPathIfNecessary$1(DataSource.scala:724)
[2024-01-29T15:30:03.356+0000] {spark_submit.py:571} INFO - at scala.collection.immutable.List.map(List.scala:293)
[2024-01-29T15:30:03.357+0000] {spark_submit.py:571} INFO - at org.apache.spark.sql.execution.datasources.DataSource$.checkAndGlobPathIfNecessary(DataSource.scala:722)
[2024-01-29T15:30:03.357+0000] {spark_submit.py:571} INFO - at org.apache.spark.sql.execution.datasources.DataSource.checkAndGlobPathIfNecessary(DataSource.scala:551)
[2024-01-29T15:30:03.357+0000] {spark_submit.py:571} INFO - at org.apache.spark.sql.execution.datasources.DataSource.resolveRelation(DataSource.scala:404)
[2024-01-29T15:30:03.358+0000] {spark_submit.py:571} INFO - at org.apache.spark.sql.DataFrameReader.loadV1Source(DataFrameReader.scala:229)
[2024-01-29T15:30:03.358+0000] {spark_submit.py:571} INFO - at org.apache.spark.sql.DataFrameReader.$anonfun$load$2(DataFrameReader.scala:211)
[2024-01-29T15:30:03.358+0000] {spark_submit.py:571} INFO - at scala.Option.getOrElse(Option.scala:189)
[2024-01-29T15:30:03.358+0000] {spark_submit.py:571} INFO - at org.apache.spark.sql.DataFrameReader.load(DataFrameReader.scala:211)
[2024-01-29T15:30:03.359+0000] {spark_submit.py:571} INFO - at org.apache.spark.sql.DataFrameReader.parquet(DataFrameReader.scala:563)
[2024-01-29T15:30:03.360+0000] {spark_submit.py:571} INFO - at org.apache.spark.sql.DataFrameReader.parquet(DataFrameReader.scala:548)
[2024-01-29T15:30:03.360+0000] {spark_submit.py:571} INFO - at FormattedToUsage$.combineCompetitions(FormattedToUsage.scala:27)
[2024-01-29T15:30:03.360+0000] {spark_submit.py:571} INFO - at FormattedToUsage$.main(FormattedToUsage.scala:20)
[2024-01-29T15:30:03.360+0000] {spark_submit.py:571} INFO - at FormattedToUsage.main(FormattedToUsage.scala)
[2024-01-29T15:30:03.360+0000] {spark_submit.py:571} INFO - at java.base/jdk.internal.reflect.NativeMethodAccessorImpl.invoke0(Native Method)
[2024-01-29T15:30:03.361+0000] {spark_submit.py:571} INFO - at java.base/jdk.internal.reflect.NativeMethodAccessorImpl.invoke(NativeMethodAccessorImpl.java:77)
[2024-01-29T15:30:03.361+0000] {spark_submit.py:571} INFO - at java.base/jdk.internal.reflect.DelegatingMethodAccessorImpl.invoke(DelegatingMethodAccessorImpl.java:43)
[2024-01-29T15:30:03.361+0000] {spark_submit.py:571} INFO - at java.base/java.lang.reflect.Method.invoke(Method.java:568)
[2024-01-29T15:30:03.361+0000] {spark_submit.py:571} INFO - at org.apache.spark.deploy.JavaMainApplication.start(SparkApplication.scala:52)
[2024-01-29T15:30:03.361+0000] {spark_submit.py:571} INFO - at org.apache.spark.deploy.SparkSubmit.org$apache$spark$deploy$SparkSubmit$$runMain(SparkSubmit.scala:1029)
[2024-01-29T15:30:03.361+0000] {spark_submit.py:571} INFO - at org.apache.spark.deploy.SparkSubmit.doRunMain$1(SparkSubmit.scala:194)
[2024-01-29T15:30:03.361+0000] {spark_submit.py:571} INFO - at org.apache.spark.deploy.SparkSubmit.submit(SparkSubmit.scala:217)
[2024-01-29T15:30:03.362+0000] {spark_submit.py:571} INFO - at org.apache.spark.deploy.SparkSubmit.doSubmit(SparkSubmit.scala:91)
[2024-01-29T15:30:03.362+0000] {spark_submit.py:571} INFO - at org.apache.spark.deploy.SparkSubmit$$anon$2.doSubmit(SparkSubmit.scala:1120)
[2024-01-29T15:30:03.362+0000] {spark_submit.py:571} INFO - at org.apache.spark.deploy.SparkSubmit$.main(SparkSubmit.scala:1129)
[2024-01-29T15:30:03.362+0000] {spark_submit.py:571} INFO - at org.apache.spark.deploy.SparkSubmit.main(SparkSubmit.scala)
[2024-01-29T15:30:03.368+0000] {spark_submit.py:571} INFO - 24/01/29 15:30:03 INFO SparkContext: Invoking stop() from shutdown hook
[2024-01-29T15:30:03.369+0000] {spark_submit.py:571} INFO - 24/01/29 15:30:03 INFO SparkContext: SparkContext is stopping with exitCode 0.
[2024-01-29T15:30:03.386+0000] {spark_submit.py:571} INFO - 24/01/29 15:30:03 INFO SparkUI: Stopped Spark web UI at http://instance-1.europe-west9-a.c.data-lake-project-409321.internal:4040
[2024-01-29T15:30:03.406+0000] {spark_submit.py:571} INFO - 24/01/29 15:30:03 INFO MapOutputTrackerMasterEndpoint: MapOutputTrackerMasterEndpoint stopped!
[2024-01-29T15:30:03.420+0000] {spark_submit.py:571} INFO - 24/01/29 15:30:03 INFO MemoryStore: MemoryStore cleared
[2024-01-29T15:30:03.421+0000] {spark_submit.py:571} INFO - 24/01/29 15:30:03 INFO BlockManager: BlockManager stopped
[2024-01-29T15:30:03.434+0000] {spark_submit.py:571} INFO - 24/01/29 15:30:03 INFO BlockManagerMaster: BlockManagerMaster stopped
[2024-01-29T15:30:03.438+0000] {spark_submit.py:571} INFO - 24/01/29 15:30:03 INFO OutputCommitCoordinator$OutputCommitCoordinatorEndpoint: OutputCommitCoordinator stopped!
[2024-01-29T15:30:03.448+0000] {spark_submit.py:571} INFO - 24/01/29 15:30:03 INFO SparkContext: Successfully stopped SparkContext
[2024-01-29T15:30:03.448+0000] {spark_submit.py:571} INFO - 24/01/29 15:30:03 INFO ShutdownHookManager: Shutdown hook called
[2024-01-29T15:30:03.449+0000] {spark_submit.py:571} INFO - 24/01/29 15:30:03 INFO ShutdownHookManager: Deleting directory /tmp/spark-9c556d77-bfd9-4e11-87e9-f021f7b561a7
[2024-01-29T15:30:03.453+0000] {spark_submit.py:571} INFO - 24/01/29 15:30:03 INFO ShutdownHookManager: Deleting directory /tmp/spark-6c96be0b-5377-429a-a2d7-e65d3e45260d
[2024-01-29T15:30:03.519+0000] {taskinstance.py:2698} ERROR - Task failed with exception
Traceback (most recent call last):
  File "/home/juniortemgoua0/DataLake/venv/lib/python3.8/site-packages/airflow/models/taskinstance.py", line 433, in _execute_task
    result = execute_callable(context=context, **execute_callable_kwargs)
  File "/home/juniortemgoua0/DataLake/venv/lib/python3.8/site-packages/airflow/providers/apache/spark/operators/spark_submit.py", line 174, in execute
    self._hook.submit(self._application)
  File "/home/juniortemgoua0/DataLake/venv/lib/python3.8/site-packages/airflow/providers/apache/spark/hooks/spark_submit.py", line 502, in submit
    raise AirflowException(
airflow.exceptions.AirflowException: Cannot execute: spark-submit --master local[*] --name arrow-spark --class FormattedToUsage --queue root.default --deploy-mode client /home/juniortemgoua0/DataLake/jobs/processes/scala/spark_process/target/scala-2.12/spark_job_2.12-0.1.0.jar gs://data-lake-buck. Error code is: 1.
[2024-01-29T15:30:03.522+0000] {taskinstance.py:1138} INFO - Marking task as UP_FOR_RETRY. dag_id=manage_data_lake_dag, task_id=job_formatted_to_usage, execution_date=20240101T000000, start_date=20240129T152956, end_date=20240129T153003
[2024-01-29T15:30:03.534+0000] {standard_task_runner.py:107} ERROR - Failed to execute job 178 for task job_formatted_to_usage (Cannot execute: spark-submit --master local[*] --name arrow-spark --class FormattedToUsage --queue root.default --deploy-mode client /home/juniortemgoua0/DataLake/jobs/processes/scala/spark_process/target/scala-2.12/spark_job_2.12-0.1.0.jar gs://data-lake-buck. Error code is: 1.; 52694)
[2024-01-29T15:30:03.577+0000] {local_task_job_runner.py:234} INFO - Task exited with return code 1
[2024-01-29T15:30:03.586+0000] {taskinstance.py:3280} INFO - 0 downstream tasks scheduled from follow-on schedule check
