[2024-01-30T02:47:04.916+0000] {taskinstance.py:1946} INFO - Dependencies not met for <TaskInstance: manage_data_lake_dag.local_job_raw_to_formatted scheduled__2024-01-05T00:00:00+00:00 [skipped]>, dependency 'Task Instance State' FAILED: Task is in the 'skipped' state.
[2024-01-30T02:47:04.917+0000] {local_task_job_runner.py:160} INFO - Task is not able to be run
[2024-01-30T03:22:37.179+0000] {taskinstance.py:1956} INFO - Dependencies all met for dep_context=non-requeueable deps ti=<TaskInstance: manage_data_lake_dag.local_job_raw_to_formatted scheduled__2024-01-05T00:00:00+00:00 [queued]>
[2024-01-30T03:22:37.187+0000] {taskinstance.py:1956} INFO - Dependencies all met for dep_context=requeueable deps ti=<TaskInstance: manage_data_lake_dag.local_job_raw_to_formatted scheduled__2024-01-05T00:00:00+00:00 [queued]>
[2024-01-30T03:22:37.188+0000] {taskinstance.py:2170} INFO - Starting attempt 2 of 6
[2024-01-30T03:22:37.201+0000] {taskinstance.py:2191} INFO - Executing <Task(SparkSubmitOperator): local_job_raw_to_formatted> on 2024-01-05 00:00:00+00:00
[2024-01-30T03:22:37.207+0000] {standard_task_runner.py:60} INFO - Started process 28195 to run task
[2024-01-30T03:22:37.212+0000] {standard_task_runner.py:87} INFO - Running: ['airflow', 'tasks', 'run', 'manage_data_lake_dag', 'local_job_raw_to_formatted', 'scheduled__2024-01-05T00:00:00+00:00', '--job-id', '174', '--raw', '--subdir', 'DAGS_FOLDER/data_lake_dag.py', '--cfg-path', '/tmp/tmpuo9zy9r8']
[2024-01-30T03:22:37.213+0000] {standard_task_runner.py:88} INFO - Job 174: Subtask local_job_raw_to_formatted
[2024-01-30T03:22:37.260+0000] {task_command.py:423} INFO - Running <TaskInstance: manage_data_lake_dag.local_job_raw_to_formatted scheduled__2024-01-05T00:00:00+00:00 [running]> on host instance-1.europe-west9-a.c.data-lake-project-409321.internal
[2024-01-30T03:22:37.314+0000] {taskinstance.py:2480} INFO - Exporting env vars: AIRFLOW_CTX_DAG_OWNER='juniortemgoua0' AIRFLOW_CTX_DAG_ID='manage_data_lake_dag' AIRFLOW_CTX_TASK_ID='local_job_raw_to_formatted' AIRFLOW_CTX_EXECUTION_DATE='2024-01-05T00:00:00+00:00' AIRFLOW_CTX_TRY_NUMBER='2' AIRFLOW_CTX_DAG_RUN_ID='scheduled__2024-01-05T00:00:00+00:00'
[2024-01-30T03:22:37.320+0000] {base.py:83} INFO - Using connection ID 'spark_default' for task execution.
[2024-01-30T03:22:37.321+0000] {spark_submit.py:401} INFO - Spark-Submit cmd: spark-submit --master local[*] --conf spark.airflow.execution_date=2024-01-05 --name arrow-spark --class RawToFormatted --queue root.default --deploy-mode client /home/juniortemgoua0/DataLake/jobs/processes/scala/spark_process/target/scala-2.12/spark_job_2.12-0.1.0.jar hdfs://localhost:9000/data-lake
[2024-01-30T03:22:40.186+0000] {spark_submit.py:571} INFO - 24/01/30 03:22:40 INFO SparkContext: Running Spark version 3.5.0
[2024-01-30T03:22:40.197+0000] {spark_submit.py:571} INFO - 24/01/30 03:22:40 INFO SparkContext: OS info Linux, 5.15.0-1049-gcp, amd64
[2024-01-30T03:22:40.199+0000] {spark_submit.py:571} INFO - 24/01/30 03:22:40 INFO SparkContext: Java version 17.0.9
[2024-01-30T03:22:40.436+0000] {spark_submit.py:571} INFO - 24/01/30 03:22:40 WARN NativeCodeLoader: Unable to load native-hadoop library for your platform... using builtin-java classes where applicable
[2024-01-30T03:22:40.640+0000] {spark_submit.py:571} INFO - 24/01/30 03:22:40 INFO ResourceUtils: ==============================================================
[2024-01-30T03:22:40.644+0000] {spark_submit.py:571} INFO - 24/01/30 03:22:40 INFO ResourceUtils: No custom resources configured for spark.driver.
[2024-01-30T03:22:40.645+0000] {spark_submit.py:571} INFO - 24/01/30 03:22:40 INFO ResourceUtils: ==============================================================
[2024-01-30T03:22:40.646+0000] {spark_submit.py:571} INFO - 24/01/30 03:22:40 INFO SparkContext: Submitted application: RawToFormatted
[2024-01-30T03:22:40.706+0000] {spark_submit.py:571} INFO - 24/01/30 03:22:40 INFO ResourceProfile: Default ResourceProfile created, executor resources: Map(cores -> name: cores, amount: 1, script: , vendor: , memory -> name: memory, amount: 1024, script: , vendor: , offHeap -> name: offHeap, amount: 0, script: , vendor: ), task resources: Map(cpus -> name: cpus, amount: 1.0)
[2024-01-30T03:22:40.719+0000] {spark_submit.py:571} INFO - 24/01/30 03:22:40 INFO ResourceProfile: Limiting resource is cpu
[2024-01-30T03:22:40.721+0000] {spark_submit.py:571} INFO - 24/01/30 03:22:40 INFO ResourceProfileManager: Added ResourceProfile id: 0
[2024-01-30T03:22:40.842+0000] {spark_submit.py:571} INFO - 24/01/30 03:22:40 INFO SecurityManager: Changing view acls to: juniortemgoua0
[2024-01-30T03:22:40.843+0000] {spark_submit.py:571} INFO - 24/01/30 03:22:40 INFO SecurityManager: Changing modify acls to: juniortemgoua0
[2024-01-30T03:22:40.843+0000] {spark_submit.py:571} INFO - 24/01/30 03:22:40 INFO SecurityManager: Changing view acls groups to:
[2024-01-30T03:22:40.843+0000] {spark_submit.py:571} INFO - 24/01/30 03:22:40 INFO SecurityManager: Changing modify acls groups to:
[2024-01-30T03:22:40.843+0000] {spark_submit.py:571} INFO - 24/01/30 03:22:40 INFO SecurityManager: SecurityManager: authentication disabled; ui acls disabled; users with view permissions: juniortemgoua0; groups with view permissions: EMPTY; users with modify permissions: juniortemgoua0; groups with modify permissions: EMPTY
[2024-01-30T03:22:41.369+0000] {spark_submit.py:571} INFO - 24/01/30 03:22:41 INFO Utils: Successfully started service 'sparkDriver' on port 36299.
[2024-01-30T03:22:41.417+0000] {spark_submit.py:571} INFO - 24/01/30 03:22:41 INFO SparkEnv: Registering MapOutputTracker
[2024-01-30T03:22:41.484+0000] {spark_submit.py:571} INFO - 24/01/30 03:22:41 INFO SparkEnv: Registering BlockManagerMaster
[2024-01-30T03:22:41.515+0000] {spark_submit.py:571} INFO - 24/01/30 03:22:41 INFO BlockManagerMasterEndpoint: Using org.apache.spark.storage.DefaultTopologyMapper for getting topology information
[2024-01-30T03:22:41.518+0000] {spark_submit.py:571} INFO - 24/01/30 03:22:41 INFO BlockManagerMasterEndpoint: BlockManagerMasterEndpoint up
[2024-01-30T03:22:41.522+0000] {spark_submit.py:571} INFO - 24/01/30 03:22:41 INFO SparkEnv: Registering BlockManagerMasterHeartbeat
[2024-01-30T03:22:41.549+0000] {spark_submit.py:571} INFO - 24/01/30 03:22:41 INFO DiskBlockManager: Created local directory at /tmp/blockmgr-723febc3-e1c2-4319-841f-4db0e4cf8b78
[2024-01-30T03:22:41.573+0000] {spark_submit.py:571} INFO - 24/01/30 03:22:41 INFO MemoryStore: MemoryStore started with capacity 434.4 MiB
[2024-01-30T03:22:41.598+0000] {spark_submit.py:571} INFO - 24/01/30 03:22:41 INFO SparkEnv: Registering OutputCommitCoordinator
[2024-01-30T03:22:41.834+0000] {spark_submit.py:571} INFO - 24/01/30 03:22:41 INFO JettyUtils: Start Jetty 0.0.0.0:4040 for SparkUI
[2024-01-30T03:22:41.931+0000] {spark_submit.py:571} INFO - 24/01/30 03:22:41 INFO Utils: Successfully started service 'SparkUI' on port 4040.
[2024-01-30T03:22:42.006+0000] {spark_submit.py:571} INFO - 24/01/30 03:22:42 INFO SparkContext: Added JAR file:/home/juniortemgoua0/DataLake/jobs/processes/scala/spark_process/target/scala-2.12/spark_job_2.12-0.1.0.jar at spark://instance-1.europe-west9-a.c.data-lake-project-409321.internal:36299/jars/spark_job_2.12-0.1.0.jar with timestamp 1706584960168
[2024-01-30T03:22:42.125+0000] {spark_submit.py:571} INFO - 24/01/30 03:22:42 INFO Executor: Starting executor ID driver on host instance-1.europe-west9-a.c.data-lake-project-409321.internal
[2024-01-30T03:22:42.127+0000] {spark_submit.py:571} INFO - 24/01/30 03:22:42 INFO Executor: OS info Linux, 5.15.0-1049-gcp, amd64
[2024-01-30T03:22:42.128+0000] {spark_submit.py:571} INFO - 24/01/30 03:22:42 INFO Executor: Java version 17.0.9
[2024-01-30T03:22:42.164+0000] {spark_submit.py:571} INFO - 24/01/30 03:22:42 INFO Executor: Starting executor with user classpath (userClassPathFirst = false): ''
[2024-01-30T03:22:42.166+0000] {spark_submit.py:571} INFO - 24/01/30 03:22:42 INFO Executor: Created or updated repl class loader org.apache.spark.util.MutableURLClassLoader@6ed043d3 for default.
[2024-01-30T03:22:42.207+0000] {spark_submit.py:571} INFO - 24/01/30 03:22:42 INFO Executor: Fetching spark://instance-1.europe-west9-a.c.data-lake-project-409321.internal:36299/jars/spark_job_2.12-0.1.0.jar with timestamp 1706584960168
[2024-01-30T03:22:42.291+0000] {spark_submit.py:571} INFO - 24/01/30 03:22:42 INFO TransportClientFactory: Successfully created connection to instance-1.europe-west9-a.c.data-lake-project-409321.internal/10.200.0.5:36299 after 44 ms (0 ms spent in bootstraps)
[2024-01-30T03:22:42.319+0000] {spark_submit.py:571} INFO - 24/01/30 03:22:42 INFO Utils: Fetching spark://instance-1.europe-west9-a.c.data-lake-project-409321.internal:36299/jars/spark_job_2.12-0.1.0.jar to /tmp/spark-0b4b9936-9fbd-48e8-a598-5a3eddb23373/userFiles-9a9379c6-c795-45e6-9cad-7a39887edbc5/fetchFileTemp16494877911342144349.tmp
[2024-01-30T03:22:42.369+0000] {spark_submit.py:571} INFO - 24/01/30 03:22:42 INFO Executor: Adding file:/tmp/spark-0b4b9936-9fbd-48e8-a598-5a3eddb23373/userFiles-9a9379c6-c795-45e6-9cad-7a39887edbc5/spark_job_2.12-0.1.0.jar to class loader default
[2024-01-30T03:22:42.378+0000] {spark_submit.py:571} INFO - 24/01/30 03:22:42 INFO Utils: Successfully started service 'org.apache.spark.network.netty.NettyBlockTransferService' on port 35097.
[2024-01-30T03:22:42.378+0000] {spark_submit.py:571} INFO - 24/01/30 03:22:42 INFO NettyBlockTransferService: Server created on instance-1.europe-west9-a.c.data-lake-project-409321.internal:35097
[2024-01-30T03:22:42.381+0000] {spark_submit.py:571} INFO - 24/01/30 03:22:42 INFO BlockManager: Using org.apache.spark.storage.RandomBlockReplicationPolicy for block replication policy
[2024-01-30T03:22:42.391+0000] {spark_submit.py:571} INFO - 24/01/30 03:22:42 INFO BlockManagerMaster: Registering BlockManager BlockManagerId(driver, instance-1.europe-west9-a.c.data-lake-project-409321.internal, 35097, None)
[2024-01-30T03:22:42.397+0000] {spark_submit.py:571} INFO - 24/01/30 03:22:42 INFO BlockManagerMasterEndpoint: Registering block manager instance-1.europe-west9-a.c.data-lake-project-409321.internal:35097 with 434.4 MiB RAM, BlockManagerId(driver, instance-1.europe-west9-a.c.data-lake-project-409321.internal, 35097, None)
[2024-01-30T03:22:42.404+0000] {spark_submit.py:571} INFO - 24/01/30 03:22:42 INFO BlockManagerMaster: Registered BlockManager BlockManagerId(driver, instance-1.europe-west9-a.c.data-lake-project-409321.internal, 35097, None)
[2024-01-30T03:22:42.406+0000] {spark_submit.py:571} INFO - 24/01/30 03:22:42 INFO BlockManager: Initialized BlockManager: BlockManagerId(driver, instance-1.europe-west9-a.c.data-lake-project-409321.internal, 35097, None)
[2024-01-30T03:22:43.490+0000] {spark_submit.py:571} INFO - 24/01/30 03:22:43 INFO SharedState: Setting hive.metastore.warehouse.dir ('null') to the value of spark.sql.warehouse.dir.
[2024-01-30T03:22:43.499+0000] {spark_submit.py:571} INFO - 24/01/30 03:22:43 INFO SharedState: Warehouse path is 'file:/home/juniortemgoua0/DataLake/spark-warehouse'.
[2024-01-30T03:22:44.521+0000] {spark_submit.py:571} INFO - ************************************************
[2024-01-30T03:22:44.522+0000] {spark_submit.py:571} INFO - Date d'exécution  : 2024-01-05
[2024-01-30T03:22:44.522+0000] {spark_submit.py:571} INFO - ************************************************
[2024-01-30T03:22:45.240+0000] {spark_submit.py:571} INFO - 24/01/30 03:22:45 WARN FileStreamSink: Assume no metadata directory. Error while looking for metadata directory in the path: hdfs://localhost:9000/data-lake/raw/football_data/competitions/2024-01-05/*.json.
[2024-01-30T03:22:45.241+0000] {spark_submit.py:571} INFO - java.net.ConnectException: Call From instance-1/10.200.0.5 to localhost:9000 failed on connection exception: java.net.ConnectException: Connection refused; For more details see:  http://wiki.apache.org/hadoop/ConnectionRefused
[2024-01-30T03:22:45.241+0000] {spark_submit.py:571} INFO - at java.base/jdk.internal.reflect.NativeConstructorAccessorImpl.newInstance0(Native Method)
[2024-01-30T03:22:45.241+0000] {spark_submit.py:571} INFO - at java.base/jdk.internal.reflect.NativeConstructorAccessorImpl.newInstance(NativeConstructorAccessorImpl.java:77)
[2024-01-30T03:22:45.241+0000] {spark_submit.py:571} INFO - at java.base/jdk.internal.reflect.DelegatingConstructorAccessorImpl.newInstance(DelegatingConstructorAccessorImpl.java:45)
[2024-01-30T03:22:45.242+0000] {spark_submit.py:571} INFO - at java.base/java.lang.reflect.Constructor.newInstanceWithCaller(Constructor.java:499)
[2024-01-30T03:22:45.242+0000] {spark_submit.py:571} INFO - at java.base/java.lang.reflect.Constructor.newInstance(Constructor.java:480)
[2024-01-30T03:22:45.242+0000] {spark_submit.py:571} INFO - at org.apache.hadoop.net.NetUtils.wrapWithMessage(NetUtils.java:913)
[2024-01-30T03:22:45.242+0000] {spark_submit.py:571} INFO - at org.apache.hadoop.net.NetUtils.wrapException(NetUtils.java:828)
[2024-01-30T03:22:45.242+0000] {spark_submit.py:571} INFO - at org.apache.hadoop.ipc.Client.getRpcResponse(Client.java:1616)
[2024-01-30T03:22:45.242+0000] {spark_submit.py:571} INFO - at org.apache.hadoop.ipc.Client.call(Client.java:1558)
[2024-01-30T03:22:45.243+0000] {spark_submit.py:571} INFO - at org.apache.hadoop.ipc.Client.call(Client.java:1455)
[2024-01-30T03:22:45.243+0000] {spark_submit.py:571} INFO - at org.apache.hadoop.ipc.ProtobufRpcEngine2$Invoker.invoke(ProtobufRpcEngine2.java:242)
[2024-01-30T03:22:45.243+0000] {spark_submit.py:571} INFO - at org.apache.hadoop.ipc.ProtobufRpcEngine2$Invoker.invoke(ProtobufRpcEngine2.java:129)
[2024-01-30T03:22:45.243+0000] {spark_submit.py:571} INFO - at jdk.proxy2/jdk.proxy2.$Proxy34.getFileInfo(Unknown Source)
[2024-01-30T03:22:45.243+0000] {spark_submit.py:571} INFO - at org.apache.hadoop.hdfs.protocolPB.ClientNamenodeProtocolTranslatorPB.getFileInfo(ClientNamenodeProtocolTranslatorPB.java:965)
[2024-01-30T03:22:45.244+0000] {spark_submit.py:571} INFO - at java.base/jdk.internal.reflect.NativeMethodAccessorImpl.invoke0(Native Method)
[2024-01-30T03:22:45.244+0000] {spark_submit.py:571} INFO - at java.base/jdk.internal.reflect.NativeMethodAccessorImpl.invoke(NativeMethodAccessorImpl.java:77)
[2024-01-30T03:22:45.244+0000] {spark_submit.py:571} INFO - at java.base/jdk.internal.reflect.DelegatingMethodAccessorImpl.invoke(DelegatingMethodAccessorImpl.java:43)
[2024-01-30T03:22:45.244+0000] {spark_submit.py:571} INFO - at java.base/java.lang.reflect.Method.invoke(Method.java:568)
[2024-01-30T03:22:45.245+0000] {spark_submit.py:571} INFO - at org.apache.hadoop.io.retry.RetryInvocationHandler.invokeMethod(RetryInvocationHandler.java:422)
[2024-01-30T03:22:45.245+0000] {spark_submit.py:571} INFO - at org.apache.hadoop.io.retry.RetryInvocationHandler$Call.invokeMethod(RetryInvocationHandler.java:165)
[2024-01-30T03:22:45.246+0000] {spark_submit.py:571} INFO - at org.apache.hadoop.io.retry.RetryInvocationHandler$Call.invoke(RetryInvocationHandler.java:157)
[2024-01-30T03:22:45.246+0000] {spark_submit.py:571} INFO - at org.apache.hadoop.io.retry.RetryInvocationHandler$Call.invokeOnce(RetryInvocationHandler.java:95)
[2024-01-30T03:22:45.246+0000] {spark_submit.py:571} INFO - at org.apache.hadoop.io.retry.RetryInvocationHandler.invoke(RetryInvocationHandler.java:359)
[2024-01-30T03:22:45.246+0000] {spark_submit.py:571} INFO - at jdk.proxy2/jdk.proxy2.$Proxy35.getFileInfo(Unknown Source)
[2024-01-30T03:22:45.246+0000] {spark_submit.py:571} INFO - at org.apache.hadoop.hdfs.DFSClient.getFileInfo(DFSClient.java:1739)
[2024-01-30T03:22:45.247+0000] {spark_submit.py:571} INFO - at org.apache.hadoop.hdfs.DistributedFileSystem$29.doCall(DistributedFileSystem.java:1753)
[2024-01-30T03:22:45.247+0000] {spark_submit.py:571} INFO - at org.apache.hadoop.hdfs.DistributedFileSystem$29.doCall(DistributedFileSystem.java:1750)
[2024-01-30T03:22:45.247+0000] {spark_submit.py:571} INFO - at org.apache.hadoop.fs.FileSystemLinkResolver.resolve(FileSystemLinkResolver.java:81)
[2024-01-30T03:22:45.247+0000] {spark_submit.py:571} INFO - at org.apache.hadoop.hdfs.DistributedFileSystem.getFileStatus(DistributedFileSystem.java:1765)
[2024-01-30T03:22:45.249+0000] {spark_submit.py:571} INFO - at org.apache.hadoop.fs.FileSystem.isDirectory(FileSystem.java:1777)
[2024-01-30T03:22:45.250+0000] {spark_submit.py:571} INFO - at org.apache.spark.sql.execution.streaming.FileStreamSink$.hasMetadata(FileStreamSink.scala:54)
[2024-01-30T03:22:45.250+0000] {spark_submit.py:571} INFO - at org.apache.spark.sql.execution.datasources.DataSource.resolveRelation(DataSource.scala:366)
[2024-01-30T03:22:45.250+0000] {spark_submit.py:571} INFO - at org.apache.spark.sql.DataFrameReader.loadV1Source(DataFrameReader.scala:229)
[2024-01-30T03:22:45.250+0000] {spark_submit.py:571} INFO - at org.apache.spark.sql.DataFrameReader.$anonfun$load$2(DataFrameReader.scala:211)
[2024-01-30T03:22:45.250+0000] {spark_submit.py:571} INFO - at scala.Option.getOrElse(Option.scala:189)
[2024-01-30T03:22:45.253+0000] {spark_submit.py:571} INFO - at org.apache.spark.sql.DataFrameReader.load(DataFrameReader.scala:211)
[2024-01-30T03:22:45.253+0000] {spark_submit.py:571} INFO - at org.apache.spark.sql.DataFrameReader.json(DataFrameReader.scala:362)
[2024-01-30T03:22:45.253+0000] {spark_submit.py:571} INFO - at org.apache.spark.sql.DataFrameReader.json(DataFrameReader.scala:341)
[2024-01-30T03:22:45.254+0000] {spark_submit.py:571} INFO - at RawToFormatted$.formattedCompetition(RawToFormatted.scala:39)
[2024-01-30T03:22:45.256+0000] {spark_submit.py:571} INFO - at RawToFormatted$.main(RawToFormatted.scala:26)
[2024-01-30T03:22:45.256+0000] {spark_submit.py:571} INFO - at RawToFormatted.main(RawToFormatted.scala)
[2024-01-30T03:22:45.256+0000] {spark_submit.py:571} INFO - at java.base/jdk.internal.reflect.NativeMethodAccessorImpl.invoke0(Native Method)
[2024-01-30T03:22:45.257+0000] {spark_submit.py:571} INFO - at java.base/jdk.internal.reflect.NativeMethodAccessorImpl.invoke(NativeMethodAccessorImpl.java:77)
[2024-01-30T03:22:45.257+0000] {spark_submit.py:571} INFO - at java.base/jdk.internal.reflect.DelegatingMethodAccessorImpl.invoke(DelegatingMethodAccessorImpl.java:43)
[2024-01-30T03:22:45.259+0000] {spark_submit.py:571} INFO - at java.base/java.lang.reflect.Method.invoke(Method.java:568)
[2024-01-30T03:22:45.259+0000] {spark_submit.py:571} INFO - at org.apache.spark.deploy.JavaMainApplication.start(SparkApplication.scala:52)
[2024-01-30T03:22:45.260+0000] {spark_submit.py:571} INFO - at org.apache.spark.deploy.SparkSubmit.org$apache$spark$deploy$SparkSubmit$$runMain(SparkSubmit.scala:1029)
[2024-01-30T03:22:45.260+0000] {spark_submit.py:571} INFO - at org.apache.spark.deploy.SparkSubmit.doRunMain$1(SparkSubmit.scala:194)
[2024-01-30T03:22:45.260+0000] {spark_submit.py:571} INFO - at org.apache.spark.deploy.SparkSubmit.submit(SparkSubmit.scala:217)
[2024-01-30T03:22:45.260+0000] {spark_submit.py:571} INFO - at org.apache.spark.deploy.SparkSubmit.doSubmit(SparkSubmit.scala:91)
[2024-01-30T03:22:45.263+0000] {spark_submit.py:571} INFO - at org.apache.spark.deploy.SparkSubmit$$anon$2.doSubmit(SparkSubmit.scala:1120)
[2024-01-30T03:22:45.263+0000] {spark_submit.py:571} INFO - at org.apache.spark.deploy.SparkSubmit$.main(SparkSubmit.scala:1129)
[2024-01-30T03:22:45.263+0000] {spark_submit.py:571} INFO - at org.apache.spark.deploy.SparkSubmit.main(SparkSubmit.scala)
[2024-01-30T03:22:45.263+0000] {spark_submit.py:571} INFO - Caused by: java.net.ConnectException: Connection refused
[2024-01-30T03:22:45.263+0000] {spark_submit.py:571} INFO - at java.base/sun.nio.ch.Net.pollConnect(Native Method)
[2024-01-30T03:22:45.265+0000] {spark_submit.py:571} INFO - at java.base/sun.nio.ch.Net.pollConnectNow(Net.java:672)
[2024-01-30T03:22:45.265+0000] {spark_submit.py:571} INFO - at java.base/sun.nio.ch.SocketChannelImpl.finishConnect(SocketChannelImpl.java:946)
[2024-01-30T03:22:45.266+0000] {spark_submit.py:571} INFO - at org.apache.hadoop.net.SocketIOWithTimeout.connect(SocketIOWithTimeout.java:205)
[2024-01-30T03:22:45.267+0000] {spark_submit.py:571} INFO - at org.apache.hadoop.net.NetUtils.connect(NetUtils.java:586)
[2024-01-30T03:22:45.267+0000] {spark_submit.py:571} INFO - at org.apache.hadoop.ipc.Client$Connection.setupConnection(Client.java:711)
[2024-01-30T03:22:45.267+0000] {spark_submit.py:571} INFO - at org.apache.hadoop.ipc.Client$Connection.setupIOstreams(Client.java:833)
[2024-01-30T03:22:45.268+0000] {spark_submit.py:571} INFO - at org.apache.hadoop.ipc.Client$Connection.access$3800(Client.java:414)
[2024-01-30T03:22:45.269+0000] {spark_submit.py:571} INFO - at org.apache.hadoop.ipc.Client.getConnection(Client.java:1677)
[2024-01-30T03:22:45.270+0000] {spark_submit.py:571} INFO - at org.apache.hadoop.ipc.Client.call(Client.java:1502)
[2024-01-30T03:22:45.270+0000] {spark_submit.py:571} INFO - ... 44 more
[2024-01-30T03:22:45.398+0000] {spark_submit.py:571} INFO - Exception in thread "main" java.net.ConnectException: Call From instance-1/10.200.0.5 to localhost:9000 failed on connection exception: java.net.ConnectException: Connection refused; For more details see:  http://wiki.apache.org/hadoop/ConnectionRefused
[2024-01-30T03:22:45.399+0000] {spark_submit.py:571} INFO - at java.base/jdk.internal.reflect.NativeConstructorAccessorImpl.newInstance0(Native Method)
[2024-01-30T03:22:45.399+0000] {spark_submit.py:571} INFO - at java.base/jdk.internal.reflect.NativeConstructorAccessorImpl.newInstance(NativeConstructorAccessorImpl.java:77)
[2024-01-30T03:22:45.399+0000] {spark_submit.py:571} INFO - at java.base/jdk.internal.reflect.DelegatingConstructorAccessorImpl.newInstance(DelegatingConstructorAccessorImpl.java:45)
[2024-01-30T03:22:45.399+0000] {spark_submit.py:571} INFO - at java.base/java.lang.reflect.Constructor.newInstanceWithCaller(Constructor.java:499)
[2024-01-30T03:22:45.399+0000] {spark_submit.py:571} INFO - at java.base/java.lang.reflect.Constructor.newInstance(Constructor.java:480)
[2024-01-30T03:22:45.400+0000] {spark_submit.py:571} INFO - at org.apache.hadoop.net.NetUtils.wrapWithMessage(NetUtils.java:913)
[2024-01-30T03:22:45.400+0000] {spark_submit.py:571} INFO - at org.apache.hadoop.net.NetUtils.wrapException(NetUtils.java:828)
[2024-01-30T03:22:45.400+0000] {spark_submit.py:571} INFO - at org.apache.hadoop.ipc.Client.getRpcResponse(Client.java:1616)
[2024-01-30T03:22:45.400+0000] {spark_submit.py:571} INFO - at org.apache.hadoop.ipc.Client.call(Client.java:1558)
[2024-01-30T03:22:45.400+0000] {spark_submit.py:571} INFO - at org.apache.hadoop.ipc.Client.call(Client.java:1455)
[2024-01-30T03:22:45.400+0000] {spark_submit.py:571} INFO - at org.apache.hadoop.ipc.ProtobufRpcEngine2$Invoker.invoke(ProtobufRpcEngine2.java:242)
[2024-01-30T03:22:45.400+0000] {spark_submit.py:571} INFO - at org.apache.hadoop.ipc.ProtobufRpcEngine2$Invoker.invoke(ProtobufRpcEngine2.java:129)
[2024-01-30T03:22:45.401+0000] {spark_submit.py:571} INFO - at jdk.proxy2/jdk.proxy2.$Proxy34.getListing(Unknown Source)
[2024-01-30T03:22:45.401+0000] {spark_submit.py:571} INFO - at org.apache.hadoop.hdfs.protocolPB.ClientNamenodeProtocolTranslatorPB.getListing(ClientNamenodeProtocolTranslatorPB.java:688)
[2024-01-30T03:22:45.401+0000] {spark_submit.py:571} INFO - at java.base/jdk.internal.reflect.NativeMethodAccessorImpl.invoke0(Native Method)
[2024-01-30T03:22:45.401+0000] {spark_submit.py:571} INFO - at java.base/jdk.internal.reflect.NativeMethodAccessorImpl.invoke(NativeMethodAccessorImpl.java:77)
[2024-01-30T03:22:45.401+0000] {spark_submit.py:571} INFO - at java.base/jdk.internal.reflect.DelegatingMethodAccessorImpl.invoke(DelegatingMethodAccessorImpl.java:43)
[2024-01-30T03:22:45.401+0000] {spark_submit.py:571} INFO - at java.base/java.lang.reflect.Method.invoke(Method.java:568)
[2024-01-30T03:22:45.402+0000] {spark_submit.py:571} INFO - at org.apache.hadoop.io.retry.RetryInvocationHandler.invokeMethod(RetryInvocationHandler.java:422)
[2024-01-30T03:22:45.402+0000] {spark_submit.py:571} INFO - at org.apache.hadoop.io.retry.RetryInvocationHandler$Call.invokeMethod(RetryInvocationHandler.java:165)
[2024-01-30T03:22:45.402+0000] {spark_submit.py:571} INFO - at org.apache.hadoop.io.retry.RetryInvocationHandler$Call.invoke(RetryInvocationHandler.java:157)
[2024-01-30T03:22:45.402+0000] {spark_submit.py:571} INFO - at org.apache.hadoop.io.retry.RetryInvocationHandler$Call.invokeOnce(RetryInvocationHandler.java:95)
[2024-01-30T03:22:45.403+0000] {spark_submit.py:571} INFO - at org.apache.hadoop.io.retry.RetryInvocationHandler.invoke(RetryInvocationHandler.java:359)
[2024-01-30T03:22:45.403+0000] {spark_submit.py:571} INFO - at jdk.proxy2/jdk.proxy2.$Proxy35.getListing(Unknown Source)
[2024-01-30T03:22:45.403+0000] {spark_submit.py:571} INFO - at org.apache.hadoop.hdfs.DFSClient.listPaths(DFSClient.java:1702)
[2024-01-30T03:22:45.403+0000] {spark_submit.py:571} INFO - at org.apache.hadoop.hdfs.DFSClient.listPaths(DFSClient.java:1686)
[2024-01-30T03:22:45.404+0000] {spark_submit.py:571} INFO - at org.apache.hadoop.hdfs.DistributedFileSystem.listStatusInternal(DistributedFileSystem.java:1100)
[2024-01-30T03:22:45.404+0000] {spark_submit.py:571} INFO - at org.apache.hadoop.hdfs.DistributedFileSystem.access$600(DistributedFileSystem.java:147)
[2024-01-30T03:22:45.405+0000] {spark_submit.py:571} INFO - at org.apache.hadoop.hdfs.DistributedFileSystem$24.doCall(DistributedFileSystem.java:1175)
[2024-01-30T03:22:45.405+0000] {spark_submit.py:571} INFO - at org.apache.hadoop.hdfs.DistributedFileSystem$24.doCall(DistributedFileSystem.java:1172)
[2024-01-30T03:22:45.405+0000] {spark_submit.py:571} INFO - at org.apache.hadoop.fs.FileSystemLinkResolver.resolve(FileSystemLinkResolver.java:81)
[2024-01-30T03:22:45.405+0000] {spark_submit.py:571} INFO - at org.apache.hadoop.hdfs.DistributedFileSystem.listStatus(DistributedFileSystem.java:1182)
[2024-01-30T03:22:45.405+0000] {spark_submit.py:571} INFO - at org.apache.hadoop.fs.Globber.listStatus(Globber.java:128)
[2024-01-30T03:22:45.405+0000] {spark_submit.py:571} INFO - at org.apache.hadoop.fs.Globber.doGlob(Globber.java:291)
[2024-01-30T03:22:45.408+0000] {spark_submit.py:571} INFO - at org.apache.hadoop.fs.Globber.glob(Globber.java:202)
[2024-01-30T03:22:45.408+0000] {spark_submit.py:571} INFO - at org.apache.hadoop.fs.FileSystem.globStatus(FileSystem.java:2124)
[2024-01-30T03:22:45.408+0000] {spark_submit.py:571} INFO - at org.apache.spark.deploy.SparkHadoopUtil.globPath(SparkHadoopUtil.scala:238)
[2024-01-30T03:22:45.408+0000] {spark_submit.py:571} INFO - at org.apache.spark.sql.execution.datasources.DataSource$.$anonfun$checkAndGlobPathIfNecessary$3(DataSource.scala:737)
[2024-01-30T03:22:45.409+0000] {spark_submit.py:571} INFO - at org.apache.spark.util.ThreadUtils$.$anonfun$parmap$2(ThreadUtils.scala:380)
[2024-01-30T03:22:45.410+0000] {spark_submit.py:571} INFO - at scala.concurrent.Future$.$anonfun$apply$1(Future.scala:659)
[2024-01-30T03:22:45.410+0000] {spark_submit.py:571} INFO - at scala.util.Success.$anonfun$map$1(Try.scala:255)
[2024-01-30T03:22:45.410+0000] {spark_submit.py:571} INFO - at scala.util.Success.map(Try.scala:213)
[2024-01-30T03:22:45.411+0000] {spark_submit.py:571} INFO - at scala.concurrent.Future.$anonfun$map$1(Future.scala:292)
[2024-01-30T03:22:45.411+0000] {spark_submit.py:571} INFO - at scala.concurrent.impl.Promise.liftedTree1$1(Promise.scala:33)
[2024-01-30T03:22:45.413+0000] {spark_submit.py:571} INFO - at scala.concurrent.impl.Promise.$anonfun$transform$1(Promise.scala:33)
[2024-01-30T03:22:45.413+0000] {spark_submit.py:571} INFO - at scala.concurrent.impl.CallbackRunnable.run(Promise.scala:64)
[2024-01-30T03:22:45.414+0000] {spark_submit.py:571} INFO - at java.base/java.util.concurrent.ForkJoinTask$RunnableExecuteAction.exec(ForkJoinTask.java:1395)
[2024-01-30T03:22:45.414+0000] {spark_submit.py:571} INFO - at java.base/java.util.concurrent.ForkJoinTask.doExec(ForkJoinTask.java:373)
[2024-01-30T03:22:45.414+0000] {spark_submit.py:571} INFO - at java.base/java.util.concurrent.ForkJoinPool$WorkQueue.topLevelExec(ForkJoinPool.java:1182)
[2024-01-30T03:22:45.414+0000] {spark_submit.py:571} INFO - at java.base/java.util.concurrent.ForkJoinPool.scan(ForkJoinPool.java:1655)
[2024-01-30T03:22:45.416+0000] {spark_submit.py:571} INFO - at java.base/java.util.concurrent.ForkJoinPool.runWorker(ForkJoinPool.java:1622)
[2024-01-30T03:22:45.416+0000] {spark_submit.py:571} INFO - at java.base/java.util.concurrent.ForkJoinWorkerThread.run(ForkJoinWorkerThread.java:165)
[2024-01-30T03:22:45.416+0000] {spark_submit.py:571} INFO - Caused by: java.net.ConnectException: Connection refused
[2024-01-30T03:22:45.416+0000] {spark_submit.py:571} INFO - at java.base/sun.nio.ch.Net.pollConnect(Native Method)
[2024-01-30T03:22:45.418+0000] {spark_submit.py:571} INFO - at java.base/sun.nio.ch.Net.pollConnectNow(Net.java:672)
[2024-01-30T03:22:45.418+0000] {spark_submit.py:571} INFO - at java.base/sun.nio.ch.SocketChannelImpl.finishConnect(SocketChannelImpl.java:946)
[2024-01-30T03:22:45.418+0000] {spark_submit.py:571} INFO - at org.apache.hadoop.net.SocketIOWithTimeout.connect(SocketIOWithTimeout.java:205)
[2024-01-30T03:22:45.418+0000] {spark_submit.py:571} INFO - at org.apache.hadoop.net.NetUtils.connect(NetUtils.java:586)
[2024-01-30T03:22:45.418+0000] {spark_submit.py:571} INFO - at org.apache.hadoop.ipc.Client$Connection.setupConnection(Client.java:711)
[2024-01-30T03:22:45.419+0000] {spark_submit.py:571} INFO - at org.apache.hadoop.ipc.Client$Connection.setupIOstreams(Client.java:833)
[2024-01-30T03:22:45.419+0000] {spark_submit.py:571} INFO - at org.apache.hadoop.ipc.Client$Connection.access$3800(Client.java:414)
[2024-01-30T03:22:45.419+0000] {spark_submit.py:571} INFO - at org.apache.hadoop.ipc.Client.getConnection(Client.java:1677)
[2024-01-30T03:22:45.419+0000] {spark_submit.py:571} INFO - at org.apache.hadoop.ipc.Client.call(Client.java:1502)
[2024-01-30T03:22:45.419+0000] {spark_submit.py:571} INFO - ... 43 more
[2024-01-30T03:22:45.428+0000] {spark_submit.py:571} INFO - 24/01/30 03:22:45 INFO SparkContext: Invoking stop() from shutdown hook
[2024-01-30T03:22:45.430+0000] {spark_submit.py:571} INFO - 24/01/30 03:22:45 INFO SparkContext: SparkContext is stopping with exitCode 0.
[2024-01-30T03:22:45.455+0000] {spark_submit.py:571} INFO - 24/01/30 03:22:45 INFO SparkUI: Stopped Spark web UI at http://instance-1.europe-west9-a.c.data-lake-project-409321.internal:4040
[2024-01-30T03:22:45.498+0000] {spark_submit.py:571} INFO - 24/01/30 03:22:45 INFO MapOutputTrackerMasterEndpoint: MapOutputTrackerMasterEndpoint stopped!
[2024-01-30T03:22:45.513+0000] {spark_submit.py:571} INFO - 24/01/30 03:22:45 INFO MemoryStore: MemoryStore cleared
[2024-01-30T03:22:45.514+0000] {spark_submit.py:571} INFO - 24/01/30 03:22:45 INFO BlockManager: BlockManager stopped
[2024-01-30T03:22:45.528+0000] {spark_submit.py:571} INFO - 24/01/30 03:22:45 INFO BlockManagerMaster: BlockManagerMaster stopped
[2024-01-30T03:22:45.529+0000] {spark_submit.py:571} INFO - 24/01/30 03:22:45 INFO OutputCommitCoordinator$OutputCommitCoordinatorEndpoint: OutputCommitCoordinator stopped!
[2024-01-30T03:22:45.550+0000] {spark_submit.py:571} INFO - 24/01/30 03:22:45 INFO SparkContext: Successfully stopped SparkContext
[2024-01-30T03:22:45.551+0000] {spark_submit.py:571} INFO - 24/01/30 03:22:45 INFO ShutdownHookManager: Shutdown hook called
[2024-01-30T03:22:45.552+0000] {spark_submit.py:571} INFO - 24/01/30 03:22:45 INFO ShutdownHookManager: Deleting directory /tmp/spark-0b4b9936-9fbd-48e8-a598-5a3eddb23373
[2024-01-30T03:22:45.566+0000] {spark_submit.py:571} INFO - 24/01/30 03:22:45 INFO ShutdownHookManager: Deleting directory /tmp/spark-379a8f0f-0d05-41d5-a791-9fd096a14176
[2024-01-30T03:22:45.685+0000] {taskinstance.py:2698} ERROR - Task failed with exception
Traceback (most recent call last):
  File "/home/juniortemgoua0/DataLake/venv/lib/python3.8/site-packages/airflow/models/taskinstance.py", line 433, in _execute_task
    result = execute_callable(context=context, **execute_callable_kwargs)
  File "/home/juniortemgoua0/DataLake/venv/lib/python3.8/site-packages/airflow/providers/apache/spark/operators/spark_submit.py", line 174, in execute
    self._hook.submit(self._application)
  File "/home/juniortemgoua0/DataLake/venv/lib/python3.8/site-packages/airflow/providers/apache/spark/hooks/spark_submit.py", line 502, in submit
    raise AirflowException(
airflow.exceptions.AirflowException: Cannot execute: spark-submit --master local[*] --conf spark.airflow.execution_date=2024-01-05 --name arrow-spark --class RawToFormatted --queue root.default --deploy-mode client /home/juniortemgoua0/DataLake/jobs/processes/scala/spark_process/target/scala-2.12/spark_job_2.12-0.1.0.jar hdfs://localhost:9000/data-lake. Error code is: 1.
[2024-01-30T03:22:45.692+0000] {taskinstance.py:1138} INFO - Marking task as UP_FOR_RETRY. dag_id=manage_data_lake_dag, task_id=local_job_raw_to_formatted, execution_date=20240105T000000, start_date=20240130T032237, end_date=20240130T032245
[2024-01-30T03:22:45.728+0000] {standard_task_runner.py:107} ERROR - Failed to execute job 174 for task local_job_raw_to_formatted (Cannot execute: spark-submit --master local[*] --conf spark.airflow.execution_date=2024-01-05 --name arrow-spark --class RawToFormatted --queue root.default --deploy-mode client /home/juniortemgoua0/DataLake/jobs/processes/scala/spark_process/target/scala-2.12/spark_job_2.12-0.1.0.jar hdfs://localhost:9000/data-lake. Error code is: 1.; 28195)
[2024-01-30T03:22:45.771+0000] {local_task_job_runner.py:234} INFO - Task exited with return code 1
[2024-01-30T03:22:45.824+0000] {taskinstance.py:3280} INFO - 0 downstream tasks scheduled from follow-on schedule check
