[2024-01-30T03:28:42.467+0000] {taskinstance.py:1956} INFO - Dependencies all met for dep_context=non-requeueable deps ti=<TaskInstance: manage_data_lake_dag.local_job_raw_to_formatted scheduled__2024-01-05T00:00:00+00:00 [queued]>
[2024-01-30T03:28:42.473+0000] {taskinstance.py:1956} INFO - Dependencies all met for dep_context=requeueable deps ti=<TaskInstance: manage_data_lake_dag.local_job_raw_to_formatted scheduled__2024-01-05T00:00:00+00:00 [queued]>
[2024-01-30T03:28:42.473+0000] {taskinstance.py:2170} INFO - Starting attempt 3 of 6
[2024-01-30T03:28:42.486+0000] {taskinstance.py:2191} INFO - Executing <Task(SparkSubmitOperator): local_job_raw_to_formatted> on 2024-01-05 00:00:00+00:00
[2024-01-30T03:28:42.491+0000] {standard_task_runner.py:60} INFO - Started process 34827 to run task
[2024-01-30T03:28:42.497+0000] {standard_task_runner.py:87} INFO - Running: ['airflow', 'tasks', 'run', 'manage_data_lake_dag', 'local_job_raw_to_formatted', 'scheduled__2024-01-05T00:00:00+00:00', '--job-id', '191', '--raw', '--subdir', 'DAGS_FOLDER/data_lake_dag.py', '--cfg-path', '/tmp/tmpicyq4mxs']
[2024-01-30T03:28:42.498+0000] {standard_task_runner.py:88} INFO - Job 191: Subtask local_job_raw_to_formatted
[2024-01-30T03:28:42.543+0000] {task_command.py:423} INFO - Running <TaskInstance: manage_data_lake_dag.local_job_raw_to_formatted scheduled__2024-01-05T00:00:00+00:00 [running]> on host instance-1.europe-west9-a.c.data-lake-project-409321.internal
[2024-01-30T03:28:42.594+0000] {taskinstance.py:2480} INFO - Exporting env vars: AIRFLOW_CTX_DAG_OWNER='juniortemgoua0' AIRFLOW_CTX_DAG_ID='manage_data_lake_dag' AIRFLOW_CTX_TASK_ID='local_job_raw_to_formatted' AIRFLOW_CTX_EXECUTION_DATE='2024-01-05T00:00:00+00:00' AIRFLOW_CTX_TRY_NUMBER='3' AIRFLOW_CTX_DAG_RUN_ID='scheduled__2024-01-05T00:00:00+00:00'
[2024-01-30T03:28:42.600+0000] {base.py:83} INFO - Using connection ID 'spark_default' for task execution.
[2024-01-30T03:28:42.602+0000] {spark_submit.py:401} INFO - Spark-Submit cmd: spark-submit --master local[*] --conf spark.airflow.execution_date=2024-01-05 --name arrow-spark --class RawToFormatted --queue root.default --deploy-mode client /home/juniortemgoua0/DataLake/jobs/processes/scala/spark_process/target/scala-2.12/spark_job_2.12-0.1.0.jar hdfs://localhost:9000/data-lake
[2024-01-30T03:28:45.200+0000] {spark_submit.py:571} INFO - 24/01/30 03:28:45 INFO SparkContext: Running Spark version 3.5.0
[2024-01-30T03:28:45.204+0000] {spark_submit.py:571} INFO - 24/01/30 03:28:45 INFO SparkContext: OS info Linux, 5.15.0-1049-gcp, amd64
[2024-01-30T03:28:45.205+0000] {spark_submit.py:571} INFO - 24/01/30 03:28:45 INFO SparkContext: Java version 17.0.9
[2024-01-30T03:28:45.324+0000] {spark_submit.py:571} INFO - 24/01/30 03:28:45 WARN NativeCodeLoader: Unable to load native-hadoop library for your platform... using builtin-java classes where applicable
[2024-01-30T03:28:45.524+0000] {spark_submit.py:571} INFO - 24/01/30 03:28:45 INFO ResourceUtils: ==============================================================
[2024-01-30T03:28:45.524+0000] {spark_submit.py:571} INFO - 24/01/30 03:28:45 INFO ResourceUtils: No custom resources configured for spark.driver.
[2024-01-30T03:28:45.525+0000] {spark_submit.py:571} INFO - 24/01/30 03:28:45 INFO ResourceUtils: ==============================================================
[2024-01-30T03:28:45.526+0000] {spark_submit.py:571} INFO - 24/01/30 03:28:45 INFO SparkContext: Submitted application: RawToFormatted
[2024-01-30T03:28:45.589+0000] {spark_submit.py:571} INFO - 24/01/30 03:28:45 INFO ResourceProfile: Default ResourceProfile created, executor resources: Map(cores -> name: cores, amount: 1, script: , vendor: , memory -> name: memory, amount: 1024, script: , vendor: , offHeap -> name: offHeap, amount: 0, script: , vendor: ), task resources: Map(cpus -> name: cpus, amount: 1.0)
[2024-01-30T03:28:45.603+0000] {spark_submit.py:571} INFO - 24/01/30 03:28:45 INFO ResourceProfile: Limiting resource is cpu
[2024-01-30T03:28:45.604+0000] {spark_submit.py:571} INFO - 24/01/30 03:28:45 INFO ResourceProfileManager: Added ResourceProfile id: 0
[2024-01-30T03:28:45.689+0000] {spark_submit.py:571} INFO - 24/01/30 03:28:45 INFO SecurityManager: Changing view acls to: juniortemgoua0
[2024-01-30T03:28:45.690+0000] {spark_submit.py:571} INFO - 24/01/30 03:28:45 INFO SecurityManager: Changing modify acls to: juniortemgoua0
[2024-01-30T03:28:45.691+0000] {spark_submit.py:571} INFO - 24/01/30 03:28:45 INFO SecurityManager: Changing view acls groups to:
[2024-01-30T03:28:45.691+0000] {spark_submit.py:571} INFO - 24/01/30 03:28:45 INFO SecurityManager: Changing modify acls groups to:
[2024-01-30T03:28:45.692+0000] {spark_submit.py:571} INFO - 24/01/30 03:28:45 INFO SecurityManager: SecurityManager: authentication disabled; ui acls disabled; users with view permissions: juniortemgoua0; groups with view permissions: EMPTY; users with modify permissions: juniortemgoua0; groups with modify permissions: EMPTY
[2024-01-30T03:28:46.074+0000] {spark_submit.py:571} INFO - 24/01/30 03:28:46 INFO Utils: Successfully started service 'sparkDriver' on port 37921.
[2024-01-30T03:28:46.115+0000] {spark_submit.py:571} INFO - 24/01/30 03:28:46 INFO SparkEnv: Registering MapOutputTracker
[2024-01-30T03:28:46.167+0000] {spark_submit.py:571} INFO - 24/01/30 03:28:46 INFO SparkEnv: Registering BlockManagerMaster
[2024-01-30T03:28:46.196+0000] {spark_submit.py:571} INFO - 24/01/30 03:28:46 INFO BlockManagerMasterEndpoint: Using org.apache.spark.storage.DefaultTopologyMapper for getting topology information
[2024-01-30T03:28:46.198+0000] {spark_submit.py:571} INFO - 24/01/30 03:28:46 INFO BlockManagerMasterEndpoint: BlockManagerMasterEndpoint up
[2024-01-30T03:28:46.202+0000] {spark_submit.py:571} INFO - 24/01/30 03:28:46 INFO SparkEnv: Registering BlockManagerMasterHeartbeat
[2024-01-30T03:28:46.234+0000] {spark_submit.py:571} INFO - 24/01/30 03:28:46 INFO DiskBlockManager: Created local directory at /tmp/blockmgr-fd0046a3-eca6-4c72-beb8-5dead4f5ad30
[2024-01-30T03:28:46.262+0000] {spark_submit.py:571} INFO - 24/01/30 03:28:46 INFO MemoryStore: MemoryStore started with capacity 434.4 MiB
[2024-01-30T03:28:46.285+0000] {spark_submit.py:571} INFO - 24/01/30 03:28:46 INFO SparkEnv: Registering OutputCommitCoordinator
[2024-01-30T03:28:46.485+0000] {spark_submit.py:571} INFO - 24/01/30 03:28:46 INFO JettyUtils: Start Jetty 0.0.0.0:4040 for SparkUI
[2024-01-30T03:28:46.578+0000] {spark_submit.py:571} INFO - 24/01/30 03:28:46 INFO Utils: Successfully started service 'SparkUI' on port 4040.
[2024-01-30T03:28:46.637+0000] {spark_submit.py:571} INFO - 24/01/30 03:28:46 INFO SparkContext: Added JAR file:/home/juniortemgoua0/DataLake/jobs/processes/scala/spark_process/target/scala-2.12/spark_job_2.12-0.1.0.jar at spark://instance-1.europe-west9-a.c.data-lake-project-409321.internal:37921/jars/spark_job_2.12-0.1.0.jar with timestamp 1706585325184
[2024-01-30T03:28:46.742+0000] {spark_submit.py:571} INFO - 24/01/30 03:28:46 INFO Executor: Starting executor ID driver on host instance-1.europe-west9-a.c.data-lake-project-409321.internal
[2024-01-30T03:28:46.743+0000] {spark_submit.py:571} INFO - 24/01/30 03:28:46 INFO Executor: OS info Linux, 5.15.0-1049-gcp, amd64
[2024-01-30T03:28:46.744+0000] {spark_submit.py:571} INFO - 24/01/30 03:28:46 INFO Executor: Java version 17.0.9
[2024-01-30T03:28:46.755+0000] {spark_submit.py:571} INFO - 24/01/30 03:28:46 INFO Executor: Starting executor with user classpath (userClassPathFirst = false): ''
[2024-01-30T03:28:46.756+0000] {spark_submit.py:571} INFO - 24/01/30 03:28:46 INFO Executor: Created or updated repl class loader org.apache.spark.util.MutableURLClassLoader@56b859a6 for default.
[2024-01-30T03:28:46.777+0000] {spark_submit.py:571} INFO - 24/01/30 03:28:46 INFO Executor: Fetching spark://instance-1.europe-west9-a.c.data-lake-project-409321.internal:37921/jars/spark_job_2.12-0.1.0.jar with timestamp 1706585325184
[2024-01-30T03:28:46.899+0000] {spark_submit.py:571} INFO - 24/01/30 03:28:46 INFO TransportClientFactory: Successfully created connection to instance-1.europe-west9-a.c.data-lake-project-409321.internal/10.200.0.5:37921 after 60 ms (0 ms spent in bootstraps)
[2024-01-30T03:28:46.923+0000] {spark_submit.py:571} INFO - 24/01/30 03:28:46 INFO Utils: Fetching spark://instance-1.europe-west9-a.c.data-lake-project-409321.internal:37921/jars/spark_job_2.12-0.1.0.jar to /tmp/spark-57cf2d73-32a1-4e38-91c8-abae995b65ed/userFiles-4022bdac-7c56-4f27-993e-57c054d5a071/fetchFileTemp15131092475992248833.tmp
[2024-01-30T03:28:46.967+0000] {spark_submit.py:571} INFO - 24/01/30 03:28:46 INFO Executor: Adding file:/tmp/spark-57cf2d73-32a1-4e38-91c8-abae995b65ed/userFiles-4022bdac-7c56-4f27-993e-57c054d5a071/spark_job_2.12-0.1.0.jar to class loader default
[2024-01-30T03:28:46.982+0000] {spark_submit.py:571} INFO - 24/01/30 03:28:46 INFO Utils: Successfully started service 'org.apache.spark.network.netty.NettyBlockTransferService' on port 40137.
[2024-01-30T03:28:46.983+0000] {spark_submit.py:571} INFO - 24/01/30 03:28:46 INFO NettyBlockTransferService: Server created on instance-1.europe-west9-a.c.data-lake-project-409321.internal:40137
[2024-01-30T03:28:46.983+0000] {spark_submit.py:571} INFO - 24/01/30 03:28:46 INFO BlockManager: Using org.apache.spark.storage.RandomBlockReplicationPolicy for block replication policy
[2024-01-30T03:28:46.993+0000] {spark_submit.py:571} INFO - 24/01/30 03:28:46 INFO BlockManagerMaster: Registering BlockManager BlockManagerId(driver, instance-1.europe-west9-a.c.data-lake-project-409321.internal, 40137, None)
[2024-01-30T03:28:46.997+0000] {spark_submit.py:571} INFO - 24/01/30 03:28:46 INFO BlockManagerMasterEndpoint: Registering block manager instance-1.europe-west9-a.c.data-lake-project-409321.internal:40137 with 434.4 MiB RAM, BlockManagerId(driver, instance-1.europe-west9-a.c.data-lake-project-409321.internal, 40137, None)
[2024-01-30T03:28:47.002+0000] {spark_submit.py:571} INFO - 24/01/30 03:28:47 INFO BlockManagerMaster: Registered BlockManager BlockManagerId(driver, instance-1.europe-west9-a.c.data-lake-project-409321.internal, 40137, None)
[2024-01-30T03:28:47.003+0000] {spark_submit.py:571} INFO - 24/01/30 03:28:47 INFO BlockManager: Initialized BlockManager: BlockManagerId(driver, instance-1.europe-west9-a.c.data-lake-project-409321.internal, 40137, None)
[2024-01-30T03:28:48.045+0000] {spark_submit.py:571} INFO - 24/01/30 03:28:48 INFO SharedState: Setting hive.metastore.warehouse.dir ('null') to the value of spark.sql.warehouse.dir.
[2024-01-30T03:28:48.056+0000] {spark_submit.py:571} INFO - 24/01/30 03:28:48 INFO SharedState: Warehouse path is 'file:/home/juniortemgoua0/DataLake/spark-warehouse'.
[2024-01-30T03:28:48.971+0000] {spark_submit.py:571} INFO - ************************************************
[2024-01-30T03:28:48.971+0000] {spark_submit.py:571} INFO - Date d'exécution  : 2024-01-05
[2024-01-30T03:28:48.971+0000] {spark_submit.py:571} INFO - ************************************************
[2024-01-30T03:28:50.110+0000] {spark_submit.py:571} INFO - Exception in thread "main" org.apache.spark.sql.AnalysisException: [PATH_NOT_FOUND] Path does not exist: hdfs://localhost:9000/data-lake/raw/football_data/competitions/2024-01-05/*.json.
[2024-01-30T03:28:50.110+0000] {spark_submit.py:571} INFO - at org.apache.spark.sql.errors.QueryCompilationErrors$.dataPathNotExistError(QueryCompilationErrors.scala:1500)
[2024-01-30T03:28:50.110+0000] {spark_submit.py:571} INFO - at org.apache.spark.sql.execution.datasources.DataSource$.$anonfun$checkAndGlobPathIfNecessary$3(DataSource.scala:743)
[2024-01-30T03:28:50.110+0000] {spark_submit.py:571} INFO - at org.apache.spark.util.ThreadUtils$.$anonfun$parmap$2(ThreadUtils.scala:380)
[2024-01-30T03:28:50.111+0000] {spark_submit.py:571} INFO - at scala.concurrent.Future$.$anonfun$apply$1(Future.scala:659)
[2024-01-30T03:28:50.111+0000] {spark_submit.py:571} INFO - at scala.util.Success.$anonfun$map$1(Try.scala:255)
[2024-01-30T03:28:50.111+0000] {spark_submit.py:571} INFO - at scala.util.Success.map(Try.scala:213)
[2024-01-30T03:28:50.111+0000] {spark_submit.py:571} INFO - at scala.concurrent.Future.$anonfun$map$1(Future.scala:292)
[2024-01-30T03:28:50.111+0000] {spark_submit.py:571} INFO - at scala.concurrent.impl.Promise.liftedTree1$1(Promise.scala:33)
[2024-01-30T03:28:50.111+0000] {spark_submit.py:571} INFO - at scala.concurrent.impl.Promise.$anonfun$transform$1(Promise.scala:33)
[2024-01-30T03:28:50.112+0000] {spark_submit.py:571} INFO - at scala.concurrent.impl.CallbackRunnable.run(Promise.scala:64)
[2024-01-30T03:28:50.112+0000] {spark_submit.py:571} INFO - at java.base/java.util.concurrent.ForkJoinTask$RunnableExecuteAction.exec(ForkJoinTask.java:1395)
[2024-01-30T03:28:50.112+0000] {spark_submit.py:571} INFO - at java.base/java.util.concurrent.ForkJoinTask.doExec(ForkJoinTask.java:373)
[2024-01-30T03:28:50.112+0000] {spark_submit.py:571} INFO - at java.base/java.util.concurrent.ForkJoinPool$WorkQueue.topLevelExec(ForkJoinPool.java:1182)
[2024-01-30T03:28:50.112+0000] {spark_submit.py:571} INFO - at java.base/java.util.concurrent.ForkJoinPool.scan(ForkJoinPool.java:1655)
[2024-01-30T03:28:50.112+0000] {spark_submit.py:571} INFO - at java.base/java.util.concurrent.ForkJoinPool.runWorker(ForkJoinPool.java:1622)
[2024-01-30T03:28:50.113+0000] {spark_submit.py:571} INFO - at java.base/java.util.concurrent.ForkJoinWorkerThread.run(ForkJoinWorkerThread.java:165)
[2024-01-30T03:28:50.122+0000] {spark_submit.py:571} INFO - 24/01/30 03:28:50 INFO SparkContext: Invoking stop() from shutdown hook
[2024-01-30T03:28:50.123+0000] {spark_submit.py:571} INFO - 24/01/30 03:28:50 INFO SparkContext: SparkContext is stopping with exitCode 0.
[2024-01-30T03:28:50.139+0000] {spark_submit.py:571} INFO - 24/01/30 03:28:50 INFO SparkUI: Stopped Spark web UI at http://instance-1.europe-west9-a.c.data-lake-project-409321.internal:4040
[2024-01-30T03:28:50.157+0000] {spark_submit.py:571} INFO - 24/01/30 03:28:50 INFO MapOutputTrackerMasterEndpoint: MapOutputTrackerMasterEndpoint stopped!
[2024-01-30T03:28:50.169+0000] {spark_submit.py:571} INFO - 24/01/30 03:28:50 INFO MemoryStore: MemoryStore cleared
[2024-01-30T03:28:50.170+0000] {spark_submit.py:571} INFO - 24/01/30 03:28:50 INFO BlockManager: BlockManager stopped
[2024-01-30T03:28:50.177+0000] {spark_submit.py:571} INFO - 24/01/30 03:28:50 INFO BlockManagerMaster: BlockManagerMaster stopped
[2024-01-30T03:28:50.181+0000] {spark_submit.py:571} INFO - 24/01/30 03:28:50 INFO OutputCommitCoordinator$OutputCommitCoordinatorEndpoint: OutputCommitCoordinator stopped!
[2024-01-30T03:28:50.212+0000] {spark_submit.py:571} INFO - 24/01/30 03:28:50 INFO SparkContext: Successfully stopped SparkContext
[2024-01-30T03:28:50.212+0000] {spark_submit.py:571} INFO - 24/01/30 03:28:50 INFO ShutdownHookManager: Shutdown hook called
[2024-01-30T03:28:50.217+0000] {spark_submit.py:571} INFO - 24/01/30 03:28:50 INFO ShutdownHookManager: Deleting directory /tmp/spark-96e9c9a7-ac46-407c-89af-6ed4f5c134c3
[2024-01-30T03:28:50.229+0000] {spark_submit.py:571} INFO - 24/01/30 03:28:50 INFO ShutdownHookManager: Deleting directory /tmp/spark-57cf2d73-32a1-4e38-91c8-abae995b65ed
[2024-01-30T03:28:50.311+0000] {taskinstance.py:2698} ERROR - Task failed with exception
Traceback (most recent call last):
  File "/home/juniortemgoua0/DataLake/venv/lib/python3.8/site-packages/airflow/models/taskinstance.py", line 433, in _execute_task
    result = execute_callable(context=context, **execute_callable_kwargs)
  File "/home/juniortemgoua0/DataLake/venv/lib/python3.8/site-packages/airflow/providers/apache/spark/operators/spark_submit.py", line 174, in execute
    self._hook.submit(self._application)
  File "/home/juniortemgoua0/DataLake/venv/lib/python3.8/site-packages/airflow/providers/apache/spark/hooks/spark_submit.py", line 502, in submit
    raise AirflowException(
airflow.exceptions.AirflowException: Cannot execute: spark-submit --master local[*] --conf spark.airflow.execution_date=2024-01-05 --name arrow-spark --class RawToFormatted --queue root.default --deploy-mode client /home/juniortemgoua0/DataLake/jobs/processes/scala/spark_process/target/scala-2.12/spark_job_2.12-0.1.0.jar hdfs://localhost:9000/data-lake. Error code is: 1.
[2024-01-30T03:28:50.313+0000] {taskinstance.py:1138} INFO - Marking task as UP_FOR_RETRY. dag_id=manage_data_lake_dag, task_id=local_job_raw_to_formatted, execution_date=20240105T000000, start_date=20240130T032842, end_date=20240130T032850
[2024-01-30T03:28:50.327+0000] {standard_task_runner.py:107} ERROR - Failed to execute job 191 for task local_job_raw_to_formatted (Cannot execute: spark-submit --master local[*] --conf spark.airflow.execution_date=2024-01-05 --name arrow-spark --class RawToFormatted --queue root.default --deploy-mode client /home/juniortemgoua0/DataLake/jobs/processes/scala/spark_process/target/scala-2.12/spark_job_2.12-0.1.0.jar hdfs://localhost:9000/data-lake. Error code is: 1.; 34827)
[2024-01-30T03:28:50.364+0000] {local_task_job_runner.py:234} INFO - Task exited with return code 1
[2024-01-30T03:28:50.379+0000] {taskinstance.py:3280} INFO - 0 downstream tasks scheduled from follow-on schedule check
