[2024-01-30T01:31:49.140+0000] {taskinstance.py:1956} INFO - Dependencies all met for dep_context=non-requeueable deps ti=<TaskInstance: manage_data_lake_dag.local_job_raw_to_formatted scheduled__2024-01-05T00:00:00+00:00 [queued]>
[2024-01-30T01:31:49.151+0000] {taskinstance.py:1956} INFO - Dependencies all met for dep_context=requeueable deps ti=<TaskInstance: manage_data_lake_dag.local_job_raw_to_formatted scheduled__2024-01-05T00:00:00+00:00 [queued]>
[2024-01-30T01:31:49.151+0000] {taskinstance.py:2170} INFO - Starting attempt 1 of 6
[2024-01-30T01:31:49.172+0000] {taskinstance.py:2191} INFO - Executing <Task(SparkSubmitOperator): local_job_raw_to_formatted> on 2024-01-05 00:00:00+00:00
[2024-01-30T01:31:49.181+0000] {standard_task_runner.py:60} INFO - Started process 10003 to run task
[2024-01-30T01:31:49.201+0000] {standard_task_runner.py:87} INFO - Running: ['airflow', 'tasks', 'run', 'manage_data_lake_dag', 'local_job_raw_to_formatted', 'scheduled__2024-01-05T00:00:00+00:00', '--job-id', '134', '--raw', '--subdir', 'DAGS_FOLDER/data_lake_dag.py', '--cfg-path', '/tmp/tmptn_3nsfu']
[2024-01-30T01:31:49.205+0000] {standard_task_runner.py:88} INFO - Job 134: Subtask local_job_raw_to_formatted
[2024-01-30T01:31:49.437+0000] {task_command.py:423} INFO - Running <TaskInstance: manage_data_lake_dag.local_job_raw_to_formatted scheduled__2024-01-05T00:00:00+00:00 [running]> on host instance-1.europe-west9-a.c.data-lake-project-409321.internal
[2024-01-30T01:31:49.811+0000] {taskinstance.py:2480} INFO - Exporting env vars: AIRFLOW_CTX_DAG_OWNER='juniortemgoua0' AIRFLOW_CTX_DAG_ID='manage_data_lake_dag' AIRFLOW_CTX_TASK_ID='local_job_raw_to_formatted' AIRFLOW_CTX_EXECUTION_DATE='2024-01-05T00:00:00+00:00' AIRFLOW_CTX_TRY_NUMBER='1' AIRFLOW_CTX_DAG_RUN_ID='scheduled__2024-01-05T00:00:00+00:00'
[2024-01-30T01:31:49.857+0000] {base.py:83} INFO - Using connection ID 'spark_default' for task execution.
[2024-01-30T01:31:49.865+0000] {spark_submit.py:401} INFO - Spark-Submit cmd: spark-submit --master local[*] --conf spark.airflow.execution_date=2024-01-05 --name arrow-spark --class RawToFormatted --queue root.default --deploy-mode client /home/juniortemgoua0/DataLake/jobs/processes/scala/spark_process/target/scala-2.12/spark_job_2.12-0.1.0.jar gs://data-lake-buck
[2024-01-30T01:32:03.047+0000] {spark_submit.py:571} INFO - 24/01/30 01:32:03 INFO SparkContext: Running Spark version 3.5.0
[2024-01-30T01:32:03.069+0000] {spark_submit.py:571} INFO - 24/01/30 01:32:03 INFO SparkContext: OS info Linux, 5.15.0-1049-gcp, amd64
[2024-01-30T01:32:03.080+0000] {spark_submit.py:571} INFO - 24/01/30 01:32:03 INFO SparkContext: Java version 17.0.9
[2024-01-30T01:32:03.764+0000] {spark_submit.py:571} INFO - 24/01/30 01:32:03 WARN NativeCodeLoader: Unable to load native-hadoop library for your platform... using builtin-java classes where applicable
[2024-01-30T01:32:04.509+0000] {spark_submit.py:571} INFO - 24/01/30 01:32:04 INFO ResourceUtils: ==============================================================
[2024-01-30T01:32:04.511+0000] {spark_submit.py:571} INFO - 24/01/30 01:32:04 INFO ResourceUtils: No custom resources configured for spark.driver.
[2024-01-30T01:32:04.514+0000] {spark_submit.py:571} INFO - 24/01/30 01:32:04 INFO ResourceUtils: ==============================================================
[2024-01-30T01:32:04.517+0000] {spark_submit.py:571} INFO - 24/01/30 01:32:04 INFO SparkContext: Submitted application: RawToFormatted
[2024-01-30T01:32:04.674+0000] {spark_submit.py:571} INFO - 24/01/30 01:32:04 INFO ResourceProfile: Default ResourceProfile created, executor resources: Map(cores -> name: cores, amount: 1, script: , vendor: , memory -> name: memory, amount: 1024, script: , vendor: , offHeap -> name: offHeap, amount: 0, script: , vendor: ), task resources: Map(cpus -> name: cpus, amount: 1.0)
[2024-01-30T01:32:04.722+0000] {spark_submit.py:571} INFO - 24/01/30 01:32:04 INFO ResourceProfile: Limiting resource is cpu
[2024-01-30T01:32:04.728+0000] {spark_submit.py:571} INFO - 24/01/30 01:32:04 INFO ResourceProfileManager: Added ResourceProfile id: 0
[2024-01-30T01:32:05.035+0000] {spark_submit.py:571} INFO - 24/01/30 01:32:05 INFO SecurityManager: Changing view acls to: juniortemgoua0
[2024-01-30T01:32:05.040+0000] {spark_submit.py:571} INFO - 24/01/30 01:32:05 INFO SecurityManager: Changing modify acls to: juniortemgoua0
[2024-01-30T01:32:05.042+0000] {spark_submit.py:571} INFO - 24/01/30 01:32:05 INFO SecurityManager: Changing view acls groups to:
[2024-01-30T01:32:05.045+0000] {spark_submit.py:571} INFO - 24/01/30 01:32:05 INFO SecurityManager: Changing modify acls groups to:
[2024-01-30T01:32:05.049+0000] {spark_submit.py:571} INFO - 24/01/30 01:32:05 INFO SecurityManager: SecurityManager: authentication disabled; ui acls disabled; users with view permissions: juniortemgoua0; groups with view permissions: EMPTY; users with modify permissions: juniortemgoua0; groups with modify permissions: EMPTY
[2024-01-30T01:32:06.618+0000] {spark_submit.py:571} INFO - 24/01/30 01:32:06 INFO Utils: Successfully started service 'sparkDriver' on port 43403.
[2024-01-30T01:32:06.874+0000] {spark_submit.py:571} INFO - 24/01/30 01:32:06 INFO SparkEnv: Registering MapOutputTracker
[2024-01-30T01:32:07.118+0000] {spark_submit.py:571} INFO - 24/01/30 01:32:07 INFO SparkEnv: Registering BlockManagerMaster
[2024-01-30T01:32:07.271+0000] {spark_submit.py:571} INFO - 24/01/30 01:32:07 INFO BlockManagerMasterEndpoint: Using org.apache.spark.storage.DefaultTopologyMapper for getting topology information
[2024-01-30T01:32:07.279+0000] {spark_submit.py:571} INFO - 24/01/30 01:32:07 INFO BlockManagerMasterEndpoint: BlockManagerMasterEndpoint up
[2024-01-30T01:32:07.311+0000] {spark_submit.py:571} INFO - 24/01/30 01:32:07 INFO SparkEnv: Registering BlockManagerMasterHeartbeat
[2024-01-30T01:32:07.470+0000] {spark_submit.py:571} INFO - 24/01/30 01:32:07 INFO DiskBlockManager: Created local directory at /tmp/blockmgr-a404738a-3d2f-47f6-965b-43517780f5db
[2024-01-30T01:32:07.598+0000] {spark_submit.py:571} INFO - 24/01/30 01:32:07 INFO MemoryStore: MemoryStore started with capacity 434.4 MiB
[2024-01-30T01:32:07.708+0000] {spark_submit.py:571} INFO - 24/01/30 01:32:07 INFO SparkEnv: Registering OutputCommitCoordinator
[2024-01-30T01:32:08.553+0000] {spark_submit.py:571} INFO - 24/01/30 01:32:08 INFO JettyUtils: Start Jetty 0.0.0.0:4040 for SparkUI
[2024-01-30T01:32:08.947+0000] {spark_submit.py:571} INFO - 24/01/30 01:32:08 INFO Utils: Successfully started service 'SparkUI' on port 4040.
[2024-01-30T01:32:09.228+0000] {spark_submit.py:571} INFO - 24/01/30 01:32:09 INFO SparkContext: Added JAR file:/home/juniortemgoua0/DataLake/jobs/processes/scala/spark_process/target/scala-2.12/spark_job_2.12-0.1.0.jar at spark://instance-1.europe-west9-a.c.data-lake-project-409321.internal:43403/jars/spark_job_2.12-0.1.0.jar with timestamp 1706578322937
[2024-01-30T01:32:09.656+0000] {spark_submit.py:571} INFO - 24/01/30 01:32:09 INFO Executor: Starting executor ID driver on host instance-1.europe-west9-a.c.data-lake-project-409321.internal
[2024-01-30T01:32:09.659+0000] {spark_submit.py:571} INFO - 24/01/30 01:32:09 INFO Executor: OS info Linux, 5.15.0-1049-gcp, amd64
[2024-01-30T01:32:09.665+0000] {spark_submit.py:571} INFO - 24/01/30 01:32:09 INFO Executor: Java version 17.0.9
[2024-01-30T01:32:09.760+0000] {spark_submit.py:571} INFO - 24/01/30 01:32:09 INFO Executor: Starting executor with user classpath (userClassPathFirst = false): ''
[2024-01-30T01:32:09.766+0000] {spark_submit.py:571} INFO - 24/01/30 01:32:09 INFO Executor: Created or updated repl class loader org.apache.spark.util.MutableURLClassLoader@44af588b for default.
[2024-01-30T01:32:09.858+0000] {spark_submit.py:571} INFO - 24/01/30 01:32:09 INFO Executor: Fetching spark://instance-1.europe-west9-a.c.data-lake-project-409321.internal:43403/jars/spark_job_2.12-0.1.0.jar with timestamp 1706578322937
[2024-01-30T01:32:10.221+0000] {spark_submit.py:571} INFO - 24/01/30 01:32:10 INFO TransportClientFactory: Successfully created connection to instance-1.europe-west9-a.c.data-lake-project-409321.internal/10.200.0.5:43403 after 212 ms (0 ms spent in bootstraps)
[2024-01-30T01:32:10.257+0000] {spark_submit.py:571} INFO - 24/01/30 01:32:10 INFO Utils: Fetching spark://instance-1.europe-west9-a.c.data-lake-project-409321.internal:43403/jars/spark_job_2.12-0.1.0.jar to /tmp/spark-41639cbd-8748-4bfe-a6c3-82f80c0e98b6/userFiles-0501b8c8-cee1-4176-ab15-1d5a77c4e016/fetchFileTemp1867033695488908186.tmp
[2024-01-30T01:32:10.418+0000] {spark_submit.py:571} INFO - 24/01/30 01:32:10 INFO Executor: Adding file:/tmp/spark-41639cbd-8748-4bfe-a6c3-82f80c0e98b6/userFiles-0501b8c8-cee1-4176-ab15-1d5a77c4e016/spark_job_2.12-0.1.0.jar to class loader default
[2024-01-30T01:32:10.480+0000] {spark_submit.py:571} INFO - 24/01/30 01:32:10 INFO Utils: Successfully started service 'org.apache.spark.network.netty.NettyBlockTransferService' on port 39519.
[2024-01-30T01:32:10.481+0000] {spark_submit.py:571} INFO - 24/01/30 01:32:10 INFO NettyBlockTransferService: Server created on instance-1.europe-west9-a.c.data-lake-project-409321.internal:39519
[2024-01-30T01:32:10.486+0000] {spark_submit.py:571} INFO - 24/01/30 01:32:10 INFO BlockManager: Using org.apache.spark.storage.RandomBlockReplicationPolicy for block replication policy
[2024-01-30T01:32:10.541+0000] {spark_submit.py:571} INFO - 24/01/30 01:32:10 INFO BlockManagerMaster: Registering BlockManager BlockManagerId(driver, instance-1.europe-west9-a.c.data-lake-project-409321.internal, 39519, None)
[2024-01-30T01:32:10.550+0000] {spark_submit.py:571} INFO - 24/01/30 01:32:10 INFO BlockManagerMasterEndpoint: Registering block manager instance-1.europe-west9-a.c.data-lake-project-409321.internal:39519 with 434.4 MiB RAM, BlockManagerId(driver, instance-1.europe-west9-a.c.data-lake-project-409321.internal, 39519, None)
[2024-01-30T01:32:10.563+0000] {spark_submit.py:571} INFO - 24/01/30 01:32:10 INFO BlockManagerMaster: Registered BlockManager BlockManagerId(driver, instance-1.europe-west9-a.c.data-lake-project-409321.internal, 39519, None)
[2024-01-30T01:32:10.571+0000] {spark_submit.py:571} INFO - 24/01/30 01:32:10 INFO BlockManager: Initialized BlockManager: BlockManagerId(driver, instance-1.europe-west9-a.c.data-lake-project-409321.internal, 39519, None)
[2024-01-30T01:32:15.176+0000] {spark_submit.py:571} INFO - 24/01/30 01:32:15 INFO SharedState: Setting hive.metastore.warehouse.dir ('null') to the value of spark.sql.warehouse.dir.
[2024-01-30T01:32:15.209+0000] {spark_submit.py:571} INFO - 24/01/30 01:32:15 INFO SharedState: Warehouse path is 'file:/home/juniortemgoua0/DataLake/spark-warehouse'.
[2024-01-30T01:32:19.320+0000] {spark_submit.py:571} INFO - ************************************************
[2024-01-30T01:32:19.320+0000] {spark_submit.py:571} INFO - Date d'exécution  : 2024-01-05
[2024-01-30T01:32:19.321+0000] {spark_submit.py:571} INFO - ************************************************
[2024-01-30T01:32:25.190+0000] {spark_submit.py:571} INFO - 24/01/30 01:32:25 INFO GhfsStorageStatistics: Detected potential high latency for operation op_get_file_status. latencyMs=2512; previousMaxLatencyMs=0; operationCount=1; context=gs://data-lake-buck/raw/football_data/competitions/2024-01-30/*.json
[2024-01-30T01:32:25.484+0000] {spark_submit.py:571} INFO - 24/01/30 01:32:25 INFO GhfsStorageStatistics: Detected potential high latency for operation op_glob_status. latencyMs=231; previousMaxLatencyMs=0; operationCount=1; context=path=gs://data-lake-buck/raw/football_data/competitions/2024-01-30/*.json; pattern=com.google.cloud.hadoop.fs.gcs.GoogleHadoopFileSystemBase$$Lambda$978/0x00007fb5c8615cf8@1bb1d48b
[2024-01-30T01:32:27.534+0000] {spark_submit.py:571} INFO - Exception in thread "main" org.apache.spark.sql.AnalysisException: [PATH_NOT_FOUND] Path does not exist: gs://data-lake-buck/raw/football_data/competitions/2024-01-30/*.json.
[2024-01-30T01:32:27.535+0000] {spark_submit.py:571} INFO - at org.apache.spark.sql.errors.QueryCompilationErrors$.dataPathNotExistError(QueryCompilationErrors.scala:1500)
[2024-01-30T01:32:27.536+0000] {spark_submit.py:571} INFO - at org.apache.spark.sql.execution.datasources.DataSource$.$anonfun$checkAndGlobPathIfNecessary$3(DataSource.scala:743)
[2024-01-30T01:32:27.536+0000] {spark_submit.py:571} INFO - at org.apache.spark.util.ThreadUtils$.$anonfun$parmap$2(ThreadUtils.scala:380)
[2024-01-30T01:32:27.536+0000] {spark_submit.py:571} INFO - at scala.concurrent.Future$.$anonfun$apply$1(Future.scala:659)
[2024-01-30T01:32:27.536+0000] {spark_submit.py:571} INFO - at scala.util.Success.$anonfun$map$1(Try.scala:255)
[2024-01-30T01:32:27.536+0000] {spark_submit.py:571} INFO - at scala.util.Success.map(Try.scala:213)
[2024-01-30T01:32:27.537+0000] {spark_submit.py:571} INFO - at scala.concurrent.Future.$anonfun$map$1(Future.scala:292)
[2024-01-30T01:32:27.537+0000] {spark_submit.py:571} INFO - at scala.concurrent.impl.Promise.liftedTree1$1(Promise.scala:33)
[2024-01-30T01:32:27.537+0000] {spark_submit.py:571} INFO - at scala.concurrent.impl.Promise.$anonfun$transform$1(Promise.scala:33)
[2024-01-30T01:32:27.537+0000] {spark_submit.py:571} INFO - at scala.concurrent.impl.CallbackRunnable.run(Promise.scala:64)
[2024-01-30T01:32:27.537+0000] {spark_submit.py:571} INFO - at java.base/java.util.concurrent.ForkJoinTask$RunnableExecuteAction.exec(ForkJoinTask.java:1395)
[2024-01-30T01:32:27.537+0000] {spark_submit.py:571} INFO - at java.base/java.util.concurrent.ForkJoinTask.doExec(ForkJoinTask.java:373)
[2024-01-30T01:32:27.537+0000] {spark_submit.py:571} INFO - at java.base/java.util.concurrent.ForkJoinPool$WorkQueue.topLevelExec(ForkJoinPool.java:1182)
[2024-01-30T01:32:27.538+0000] {spark_submit.py:571} INFO - at java.base/java.util.concurrent.ForkJoinPool.scan(ForkJoinPool.java:1655)
[2024-01-30T01:32:27.540+0000] {spark_submit.py:571} INFO - at java.base/java.util.concurrent.ForkJoinPool.runWorker(ForkJoinPool.java:1622)
[2024-01-30T01:32:27.540+0000] {spark_submit.py:571} INFO - at java.base/java.util.concurrent.ForkJoinWorkerThread.run(ForkJoinWorkerThread.java:165)
[2024-01-30T01:32:27.575+0000] {spark_submit.py:571} INFO - 24/01/30 01:32:27 INFO SparkContext: Invoking stop() from shutdown hook
[2024-01-30T01:32:27.579+0000] {spark_submit.py:571} INFO - 24/01/30 01:32:27 INFO SparkContext: SparkContext is stopping with exitCode 0.
[2024-01-30T01:32:27.633+0000] {spark_submit.py:571} INFO - 24/01/30 01:32:27 INFO SparkUI: Stopped Spark web UI at http://instance-1.europe-west9-a.c.data-lake-project-409321.internal:4040
[2024-01-30T01:32:27.725+0000] {spark_submit.py:571} INFO - 24/01/30 01:32:27 INFO MapOutputTrackerMasterEndpoint: MapOutputTrackerMasterEndpoint stopped!
[2024-01-30T01:32:27.813+0000] {spark_submit.py:571} INFO - 24/01/30 01:32:27 INFO MemoryStore: MemoryStore cleared
[2024-01-30T01:32:27.815+0000] {spark_submit.py:571} INFO - 24/01/30 01:32:27 INFO BlockManager: BlockManager stopped
[2024-01-30T01:32:27.829+0000] {spark_submit.py:571} INFO - 24/01/30 01:32:27 INFO BlockManagerMaster: BlockManagerMaster stopped
[2024-01-30T01:32:27.837+0000] {spark_submit.py:571} INFO - 24/01/30 01:32:27 INFO OutputCommitCoordinator$OutputCommitCoordinatorEndpoint: OutputCommitCoordinator stopped!
[2024-01-30T01:32:27.896+0000] {spark_submit.py:571} INFO - 24/01/30 01:32:27 INFO SparkContext: Successfully stopped SparkContext
[2024-01-30T01:32:27.897+0000] {spark_submit.py:571} INFO - 24/01/30 01:32:27 INFO ShutdownHookManager: Shutdown hook called
[2024-01-30T01:32:27.899+0000] {spark_submit.py:571} INFO - 24/01/30 01:32:27 INFO ShutdownHookManager: Deleting directory /tmp/spark-41639cbd-8748-4bfe-a6c3-82f80c0e98b6
[2024-01-30T01:32:27.923+0000] {spark_submit.py:571} INFO - 24/01/30 01:32:27 INFO ShutdownHookManager: Deleting directory /tmp/spark-c28c509c-6cb3-4c49-ac77-059b26daf5e7
[2024-01-30T01:32:28.120+0000] {taskinstance.py:2698} ERROR - Task failed with exception
Traceback (most recent call last):
  File "/home/juniortemgoua0/DataLake/venv/lib/python3.8/site-packages/airflow/models/taskinstance.py", line 433, in _execute_task
    result = execute_callable(context=context, **execute_callable_kwargs)
  File "/home/juniortemgoua0/DataLake/venv/lib/python3.8/site-packages/airflow/providers/apache/spark/operators/spark_submit.py", line 174, in execute
    self._hook.submit(self._application)
  File "/home/juniortemgoua0/DataLake/venv/lib/python3.8/site-packages/airflow/providers/apache/spark/hooks/spark_submit.py", line 502, in submit
    raise AirflowException(
airflow.exceptions.AirflowException: Cannot execute: spark-submit --master local[*] --conf spark.airflow.execution_date=2024-01-05 --name arrow-spark --class RawToFormatted --queue root.default --deploy-mode client /home/juniortemgoua0/DataLake/jobs/processes/scala/spark_process/target/scala-2.12/spark_job_2.12-0.1.0.jar gs://data-lake-buck. Error code is: 1.
[2024-01-30T01:32:28.133+0000] {taskinstance.py:1138} INFO - Marking task as UP_FOR_RETRY. dag_id=manage_data_lake_dag, task_id=local_job_raw_to_formatted, execution_date=20240105T000000, start_date=20240130T013149, end_date=20240130T013228
[2024-01-30T01:32:28.189+0000] {standard_task_runner.py:107} ERROR - Failed to execute job 134 for task local_job_raw_to_formatted (Cannot execute: spark-submit --master local[*] --conf spark.airflow.execution_date=2024-01-05 --name arrow-spark --class RawToFormatted --queue root.default --deploy-mode client /home/juniortemgoua0/DataLake/jobs/processes/scala/spark_process/target/scala-2.12/spark_job_2.12-0.1.0.jar gs://data-lake-buck. Error code is: 1.; 10003)
[2024-01-30T01:32:28.219+0000] {local_task_job_runner.py:234} INFO - Task exited with return code 1
[2024-01-30T01:32:28.295+0000] {taskinstance.py:3280} INFO - 0 downstream tasks scheduled from follow-on schedule check
[2024-01-30T03:16:52.718+0000] {taskinstance.py:1956} INFO - Dependencies all met for dep_context=non-requeueable deps ti=<TaskInstance: manage_data_lake_dag.local_job_raw_to_formatted scheduled__2024-01-05T00:00:00+00:00 [queued]>
[2024-01-30T03:16:52.727+0000] {taskinstance.py:1956} INFO - Dependencies all met for dep_context=requeueable deps ti=<TaskInstance: manage_data_lake_dag.local_job_raw_to_formatted scheduled__2024-01-05T00:00:00+00:00 [queued]>
[2024-01-30T03:16:52.727+0000] {taskinstance.py:2170} INFO - Starting attempt 1 of 6
[2024-01-30T03:16:52.741+0000] {taskinstance.py:2191} INFO - Executing <Task(SparkSubmitOperator): local_job_raw_to_formatted> on 2024-01-05 00:00:00+00:00
[2024-01-30T03:16:52.746+0000] {standard_task_runner.py:60} INFO - Started process 25960 to run task
[2024-01-30T03:16:52.754+0000] {standard_task_runner.py:87} INFO - Running: ['airflow', 'tasks', 'run', 'manage_data_lake_dag', 'local_job_raw_to_formatted', 'scheduled__2024-01-05T00:00:00+00:00', '--job-id', '165', '--raw', '--subdir', 'DAGS_FOLDER/data_lake_dag.py', '--cfg-path', '/tmp/tmpude8f9sp']
[2024-01-30T03:16:52.757+0000] {standard_task_runner.py:88} INFO - Job 165: Subtask local_job_raw_to_formatted
[2024-01-30T03:16:52.803+0000] {task_command.py:423} INFO - Running <TaskInstance: manage_data_lake_dag.local_job_raw_to_formatted scheduled__2024-01-05T00:00:00+00:00 [running]> on host instance-1.europe-west9-a.c.data-lake-project-409321.internal
[2024-01-30T03:16:52.859+0000] {taskinstance.py:2480} INFO - Exporting env vars: AIRFLOW_CTX_DAG_OWNER='juniortemgoua0' AIRFLOW_CTX_DAG_ID='manage_data_lake_dag' AIRFLOW_CTX_TASK_ID='local_job_raw_to_formatted' AIRFLOW_CTX_EXECUTION_DATE='2024-01-05T00:00:00+00:00' AIRFLOW_CTX_TRY_NUMBER='1' AIRFLOW_CTX_DAG_RUN_ID='scheduled__2024-01-05T00:00:00+00:00'
[2024-01-30T03:16:52.865+0000] {base.py:83} INFO - Using connection ID 'spark_default' for task execution.
[2024-01-30T03:16:52.867+0000] {spark_submit.py:401} INFO - Spark-Submit cmd: spark-submit --master local[*] --conf spark.airflow.execution_date=2024-01-05 --name arrow-spark --class RawToFormatted --queue root.default --deploy-mode client /home/juniortemgoua0/DataLake/jobs/processes/scala/spark_process/target/scala-2.12/spark_job_2.12-0.1.0.jar hdfs://localhost:9000/data-lake
[2024-01-30T03:16:55.410+0000] {spark_submit.py:571} INFO - 24/01/30 03:16:55 INFO SparkContext: Running Spark version 3.5.0
[2024-01-30T03:16:55.415+0000] {spark_submit.py:571} INFO - 24/01/30 03:16:55 INFO SparkContext: OS info Linux, 5.15.0-1049-gcp, amd64
[2024-01-30T03:16:55.416+0000] {spark_submit.py:571} INFO - 24/01/30 03:16:55 INFO SparkContext: Java version 17.0.9
[2024-01-30T03:16:55.560+0000] {spark_submit.py:571} INFO - 24/01/30 03:16:55 WARN NativeCodeLoader: Unable to load native-hadoop library for your platform... using builtin-java classes where applicable
[2024-01-30T03:16:55.751+0000] {spark_submit.py:571} INFO - 24/01/30 03:16:55 INFO ResourceUtils: ==============================================================
[2024-01-30T03:16:55.753+0000] {spark_submit.py:571} INFO - 24/01/30 03:16:55 INFO ResourceUtils: No custom resources configured for spark.driver.
[2024-01-30T03:16:55.754+0000] {spark_submit.py:571} INFO - 24/01/30 03:16:55 INFO ResourceUtils: ==============================================================
[2024-01-30T03:16:55.755+0000] {spark_submit.py:571} INFO - 24/01/30 03:16:55 INFO SparkContext: Submitted application: RawToFormatted
[2024-01-30T03:16:55.804+0000] {spark_submit.py:571} INFO - 24/01/30 03:16:55 INFO ResourceProfile: Default ResourceProfile created, executor resources: Map(cores -> name: cores, amount: 1, script: , vendor: , memory -> name: memory, amount: 1024, script: , vendor: , offHeap -> name: offHeap, amount: 0, script: , vendor: ), task resources: Map(cpus -> name: cpus, amount: 1.0)
[2024-01-30T03:16:55.840+0000] {spark_submit.py:571} INFO - 24/01/30 03:16:55 INFO ResourceProfile: Limiting resource is cpu
[2024-01-30T03:16:55.842+0000] {spark_submit.py:571} INFO - 24/01/30 03:16:55 INFO ResourceProfileManager: Added ResourceProfile id: 0
[2024-01-30T03:16:55.931+0000] {spark_submit.py:571} INFO - 24/01/30 03:16:55 INFO SecurityManager: Changing view acls to: juniortemgoua0
[2024-01-30T03:16:55.932+0000] {spark_submit.py:571} INFO - 24/01/30 03:16:55 INFO SecurityManager: Changing modify acls to: juniortemgoua0
[2024-01-30T03:16:55.933+0000] {spark_submit.py:571} INFO - 24/01/30 03:16:55 INFO SecurityManager: Changing view acls groups to:
[2024-01-30T03:16:55.933+0000] {spark_submit.py:571} INFO - 24/01/30 03:16:55 INFO SecurityManager: Changing modify acls groups to:
[2024-01-30T03:16:55.934+0000] {spark_submit.py:571} INFO - 24/01/30 03:16:55 INFO SecurityManager: SecurityManager: authentication disabled; ui acls disabled; users with view permissions: juniortemgoua0; groups with view permissions: EMPTY; users with modify permissions: juniortemgoua0; groups with modify permissions: EMPTY
[2024-01-30T03:16:56.329+0000] {spark_submit.py:571} INFO - 24/01/30 03:16:56 INFO Utils: Successfully started service 'sparkDriver' on port 38899.
[2024-01-30T03:16:56.368+0000] {spark_submit.py:571} INFO - 24/01/30 03:16:56 INFO SparkEnv: Registering MapOutputTracker
[2024-01-30T03:16:56.429+0000] {spark_submit.py:571} INFO - 24/01/30 03:16:56 INFO SparkEnv: Registering BlockManagerMaster
[2024-01-30T03:16:56.460+0000] {spark_submit.py:571} INFO - 24/01/30 03:16:56 INFO BlockManagerMasterEndpoint: Using org.apache.spark.storage.DefaultTopologyMapper for getting topology information
[2024-01-30T03:16:56.461+0000] {spark_submit.py:571} INFO - 24/01/30 03:16:56 INFO BlockManagerMasterEndpoint: BlockManagerMasterEndpoint up
[2024-01-30T03:16:56.470+0000] {spark_submit.py:571} INFO - 24/01/30 03:16:56 INFO SparkEnv: Registering BlockManagerMasterHeartbeat
[2024-01-30T03:16:56.496+0000] {spark_submit.py:571} INFO - 24/01/30 03:16:56 INFO DiskBlockManager: Created local directory at /tmp/blockmgr-39ceba11-1ac8-4410-ac8d-a98e2ecc20dc
[2024-01-30T03:16:56.523+0000] {spark_submit.py:571} INFO - 24/01/30 03:16:56 INFO MemoryStore: MemoryStore started with capacity 434.4 MiB
[2024-01-30T03:16:56.547+0000] {spark_submit.py:571} INFO - 24/01/30 03:16:56 INFO SparkEnv: Registering OutputCommitCoordinator
[2024-01-30T03:16:56.749+0000] {spark_submit.py:571} INFO - 24/01/30 03:16:56 INFO JettyUtils: Start Jetty 0.0.0.0:4040 for SparkUI
[2024-01-30T03:16:56.866+0000] {spark_submit.py:571} INFO - 24/01/30 03:16:56 INFO Utils: Successfully started service 'SparkUI' on port 4040.
[2024-01-30T03:16:56.939+0000] {spark_submit.py:571} INFO - 24/01/30 03:16:56 INFO SparkContext: Added JAR file:/home/juniortemgoua0/DataLake/jobs/processes/scala/spark_process/target/scala-2.12/spark_job_2.12-0.1.0.jar at spark://instance-1.europe-west9-a.c.data-lake-project-409321.internal:38899/jars/spark_job_2.12-0.1.0.jar with timestamp 1706584615394
[2024-01-30T03:16:57.049+0000] {spark_submit.py:571} INFO - 24/01/30 03:16:57 INFO Executor: Starting executor ID driver on host instance-1.europe-west9-a.c.data-lake-project-409321.internal
[2024-01-30T03:16:57.051+0000] {spark_submit.py:571} INFO - 24/01/30 03:16:57 INFO Executor: OS info Linux, 5.15.0-1049-gcp, amd64
[2024-01-30T03:16:57.052+0000] {spark_submit.py:571} INFO - 24/01/30 03:16:57 INFO Executor: Java version 17.0.9
[2024-01-30T03:16:57.099+0000] {spark_submit.py:571} INFO - 24/01/30 03:16:57 INFO Executor: Starting executor with user classpath (userClassPathFirst = false): ''
[2024-01-30T03:16:57.099+0000] {spark_submit.py:571} INFO - 24/01/30 03:16:57 INFO Executor: Created or updated repl class loader org.apache.spark.util.MutableURLClassLoader@6ed043d3 for default.
[2024-01-30T03:16:57.133+0000] {spark_submit.py:571} INFO - 24/01/30 03:16:57 INFO Executor: Fetching spark://instance-1.europe-west9-a.c.data-lake-project-409321.internal:38899/jars/spark_job_2.12-0.1.0.jar with timestamp 1706584615394
[2024-01-30T03:16:57.215+0000] {spark_submit.py:571} INFO - 24/01/30 03:16:57 INFO TransportClientFactory: Successfully created connection to instance-1.europe-west9-a.c.data-lake-project-409321.internal/10.200.0.5:38899 after 42 ms (0 ms spent in bootstraps)
[2024-01-30T03:16:57.233+0000] {spark_submit.py:571} INFO - 24/01/30 03:16:57 INFO Utils: Fetching spark://instance-1.europe-west9-a.c.data-lake-project-409321.internal:38899/jars/spark_job_2.12-0.1.0.jar to /tmp/spark-d171ddf9-f7ff-46f5-a68f-810fb98d021c/userFiles-5d99b665-baaf-4966-ae0e-edf9d29ec91b/fetchFileTemp11109849255885352519.tmp
[2024-01-30T03:16:57.275+0000] {spark_submit.py:571} INFO - 24/01/30 03:16:57 INFO Executor: Adding file:/tmp/spark-d171ddf9-f7ff-46f5-a68f-810fb98d021c/userFiles-5d99b665-baaf-4966-ae0e-edf9d29ec91b/spark_job_2.12-0.1.0.jar to class loader default
[2024-01-30T03:16:57.287+0000] {spark_submit.py:571} INFO - 24/01/30 03:16:57 INFO Utils: Successfully started service 'org.apache.spark.network.netty.NettyBlockTransferService' on port 40359.
[2024-01-30T03:16:57.287+0000] {spark_submit.py:571} INFO - 24/01/30 03:16:57 INFO NettyBlockTransferService: Server created on instance-1.europe-west9-a.c.data-lake-project-409321.internal:40359
[2024-01-30T03:16:57.289+0000] {spark_submit.py:571} INFO - 24/01/30 03:16:57 INFO BlockManager: Using org.apache.spark.storage.RandomBlockReplicationPolicy for block replication policy
[2024-01-30T03:16:57.301+0000] {spark_submit.py:571} INFO - 24/01/30 03:16:57 INFO BlockManagerMaster: Registering BlockManager BlockManagerId(driver, instance-1.europe-west9-a.c.data-lake-project-409321.internal, 40359, None)
[2024-01-30T03:16:57.305+0000] {spark_submit.py:571} INFO - 24/01/30 03:16:57 INFO BlockManagerMasterEndpoint: Registering block manager instance-1.europe-west9-a.c.data-lake-project-409321.internal:40359 with 434.4 MiB RAM, BlockManagerId(driver, instance-1.europe-west9-a.c.data-lake-project-409321.internal, 40359, None)
[2024-01-30T03:16:57.308+0000] {spark_submit.py:571} INFO - 24/01/30 03:16:57 INFO BlockManagerMaster: Registered BlockManager BlockManagerId(driver, instance-1.europe-west9-a.c.data-lake-project-409321.internal, 40359, None)
[2024-01-30T03:16:57.310+0000] {spark_submit.py:571} INFO - 24/01/30 03:16:57 INFO BlockManager: Initialized BlockManager: BlockManagerId(driver, instance-1.europe-west9-a.c.data-lake-project-409321.internal, 40359, None)
[2024-01-30T03:16:58.456+0000] {spark_submit.py:571} INFO - 24/01/30 03:16:58 INFO SharedState: Setting hive.metastore.warehouse.dir ('null') to the value of spark.sql.warehouse.dir.
[2024-01-30T03:16:58.469+0000] {spark_submit.py:571} INFO - 24/01/30 03:16:58 INFO SharedState: Warehouse path is 'file:/home/juniortemgoua0/DataLake/spark-warehouse'.
[2024-01-30T03:16:59.527+0000] {spark_submit.py:571} INFO - ************************************************
[2024-01-30T03:16:59.527+0000] {spark_submit.py:571} INFO - Date d'exécution  : 2024-01-05
[2024-01-30T03:16:59.528+0000] {spark_submit.py:571} INFO - ************************************************
[2024-01-30T03:17:00.666+0000] {spark_submit.py:571} INFO - Exception in thread "main" org.apache.spark.sql.AnalysisException: [PATH_NOT_FOUND] Path does not exist: hdfs://localhost:9000/data-lake/raw/football_data/competitions/2024-01-05/*.json.
[2024-01-30T03:17:00.667+0000] {spark_submit.py:571} INFO - at org.apache.spark.sql.errors.QueryCompilationErrors$.dataPathNotExistError(QueryCompilationErrors.scala:1500)
[2024-01-30T03:17:00.667+0000] {spark_submit.py:571} INFO - at org.apache.spark.sql.execution.datasources.DataSource$.$anonfun$checkAndGlobPathIfNecessary$3(DataSource.scala:743)
[2024-01-30T03:17:00.667+0000] {spark_submit.py:571} INFO - at org.apache.spark.util.ThreadUtils$.$anonfun$parmap$2(ThreadUtils.scala:380)
[2024-01-30T03:17:00.667+0000] {spark_submit.py:571} INFO - at scala.concurrent.Future$.$anonfun$apply$1(Future.scala:659)
[2024-01-30T03:17:00.668+0000] {spark_submit.py:571} INFO - at scala.util.Success.$anonfun$map$1(Try.scala:255)
[2024-01-30T03:17:00.668+0000] {spark_submit.py:571} INFO - at scala.util.Success.map(Try.scala:213)
[2024-01-30T03:17:00.668+0000] {spark_submit.py:571} INFO - at scala.concurrent.Future.$anonfun$map$1(Future.scala:292)
[2024-01-30T03:17:00.668+0000] {spark_submit.py:571} INFO - at scala.concurrent.impl.Promise.liftedTree1$1(Promise.scala:33)
[2024-01-30T03:17:00.668+0000] {spark_submit.py:571} INFO - at scala.concurrent.impl.Promise.$anonfun$transform$1(Promise.scala:33)
[2024-01-30T03:17:00.668+0000] {spark_submit.py:571} INFO - at scala.concurrent.impl.CallbackRunnable.run(Promise.scala:64)
[2024-01-30T03:17:00.669+0000] {spark_submit.py:571} INFO - at java.base/java.util.concurrent.ForkJoinTask$RunnableExecuteAction.exec(ForkJoinTask.java:1395)
[2024-01-30T03:17:00.669+0000] {spark_submit.py:571} INFO - at java.base/java.util.concurrent.ForkJoinTask.doExec(ForkJoinTask.java:373)
[2024-01-30T03:17:00.669+0000] {spark_submit.py:571} INFO - at java.base/java.util.concurrent.ForkJoinPool$WorkQueue.topLevelExec(ForkJoinPool.java:1182)
[2024-01-30T03:17:00.669+0000] {spark_submit.py:571} INFO - at java.base/java.util.concurrent.ForkJoinPool.scan(ForkJoinPool.java:1655)
[2024-01-30T03:17:00.669+0000] {spark_submit.py:571} INFO - at java.base/java.util.concurrent.ForkJoinPool.runWorker(ForkJoinPool.java:1622)
[2024-01-30T03:17:00.669+0000] {spark_submit.py:571} INFO - at java.base/java.util.concurrent.ForkJoinWorkerThread.run(ForkJoinWorkerThread.java:165)
[2024-01-30T03:17:00.672+0000] {spark_submit.py:571} INFO - 24/01/30 03:17:00 INFO SparkContext: Invoking stop() from shutdown hook
[2024-01-30T03:17:00.673+0000] {spark_submit.py:571} INFO - 24/01/30 03:17:00 INFO SparkContext: SparkContext is stopping with exitCode 0.
[2024-01-30T03:17:00.688+0000] {spark_submit.py:571} INFO - 24/01/30 03:17:00 INFO SparkUI: Stopped Spark web UI at http://instance-1.europe-west9-a.c.data-lake-project-409321.internal:4040
[2024-01-30T03:17:00.706+0000] {spark_submit.py:571} INFO - 24/01/30 03:17:00 INFO MapOutputTrackerMasterEndpoint: MapOutputTrackerMasterEndpoint stopped!
[2024-01-30T03:17:00.721+0000] {spark_submit.py:571} INFO - 24/01/30 03:17:00 INFO MemoryStore: MemoryStore cleared
[2024-01-30T03:17:00.722+0000] {spark_submit.py:571} INFO - 24/01/30 03:17:00 INFO BlockManager: BlockManager stopped
[2024-01-30T03:17:00.730+0000] {spark_submit.py:571} INFO - 24/01/30 03:17:00 INFO BlockManagerMaster: BlockManagerMaster stopped
[2024-01-30T03:17:00.735+0000] {spark_submit.py:571} INFO - 24/01/30 03:17:00 INFO OutputCommitCoordinator$OutputCommitCoordinatorEndpoint: OutputCommitCoordinator stopped!
[2024-01-30T03:17:00.794+0000] {spark_submit.py:571} INFO - 24/01/30 03:17:00 INFO SparkContext: Successfully stopped SparkContext
[2024-01-30T03:17:00.794+0000] {spark_submit.py:571} INFO - 24/01/30 03:17:00 INFO ShutdownHookManager: Shutdown hook called
[2024-01-30T03:17:00.795+0000] {spark_submit.py:571} INFO - 24/01/30 03:17:00 INFO ShutdownHookManager: Deleting directory /tmp/spark-d171ddf9-f7ff-46f5-a68f-810fb98d021c
[2024-01-30T03:17:00.806+0000] {spark_submit.py:571} INFO - 24/01/30 03:17:00 INFO ShutdownHookManager: Deleting directory /tmp/spark-95e47284-72cf-47d8-9adc-694d394a3c53
[2024-01-30T03:17:00.918+0000] {taskinstance.py:2698} ERROR - Task failed with exception
Traceback (most recent call last):
  File "/home/juniortemgoua0/DataLake/venv/lib/python3.8/site-packages/airflow/models/taskinstance.py", line 433, in _execute_task
    result = execute_callable(context=context, **execute_callable_kwargs)
  File "/home/juniortemgoua0/DataLake/venv/lib/python3.8/site-packages/airflow/providers/apache/spark/operators/spark_submit.py", line 174, in execute
    self._hook.submit(self._application)
  File "/home/juniortemgoua0/DataLake/venv/lib/python3.8/site-packages/airflow/providers/apache/spark/hooks/spark_submit.py", line 502, in submit
    raise AirflowException(
airflow.exceptions.AirflowException: Cannot execute: spark-submit --master local[*] --conf spark.airflow.execution_date=2024-01-05 --name arrow-spark --class RawToFormatted --queue root.default --deploy-mode client /home/juniortemgoua0/DataLake/jobs/processes/scala/spark_process/target/scala-2.12/spark_job_2.12-0.1.0.jar hdfs://localhost:9000/data-lake. Error code is: 1.
[2024-01-30T03:17:00.921+0000] {taskinstance.py:1138} INFO - Marking task as UP_FOR_RETRY. dag_id=manage_data_lake_dag, task_id=local_job_raw_to_formatted, execution_date=20240105T000000, start_date=20240130T031652, end_date=20240130T031700
[2024-01-30T03:17:00.933+0000] {standard_task_runner.py:107} ERROR - Failed to execute job 165 for task local_job_raw_to_formatted (Cannot execute: spark-submit --master local[*] --conf spark.airflow.execution_date=2024-01-05 --name arrow-spark --class RawToFormatted --queue root.default --deploy-mode client /home/juniortemgoua0/DataLake/jobs/processes/scala/spark_process/target/scala-2.12/spark_job_2.12-0.1.0.jar hdfs://localhost:9000/data-lake. Error code is: 1.; 25960)
[2024-01-30T03:17:00.944+0000] {local_task_job_runner.py:234} INFO - Task exited with return code 1
[2024-01-30T03:17:00.962+0000] {taskinstance.py:3280} INFO - 0 downstream tasks scheduled from follow-on schedule check
