[2024-01-30T03:13:20.219+0000] {taskinstance.py:1956} INFO - Dependencies all met for dep_context=non-requeueable deps ti=<TaskInstance: manage_data_lake_dag.extract_data_and_load_to_gs scheduled__2024-01-02T00:00:00+00:00 [queued]>
[2024-01-30T03:13:20.228+0000] {taskinstance.py:1956} INFO - Dependencies all met for dep_context=requeueable deps ti=<TaskInstance: manage_data_lake_dag.extract_data_and_load_to_gs scheduled__2024-01-02T00:00:00+00:00 [queued]>
[2024-01-30T03:13:20.229+0000] {taskinstance.py:2170} INFO - Starting attempt 2 of 6
[2024-01-30T03:13:20.247+0000] {taskinstance.py:2191} INFO - Executing <Task(PythonOperator): extract_data_and_load_to_gs> on 2024-01-02 00:00:00+00:00
[2024-01-30T03:13:20.259+0000] {standard_task_runner.py:60} INFO - Started process 25056 to run task
[2024-01-30T03:13:20.270+0000] {standard_task_runner.py:87} INFO - Running: ['airflow', 'tasks', 'run', 'manage_data_lake_dag', 'extract_data_and_load_to_gs', 'scheduled__2024-01-02T00:00:00+00:00', '--job-id', '150', '--raw', '--subdir', 'DAGS_FOLDER/data_lake_dag.py', '--cfg-path', '/tmp/tmp1fa4t5gx']
[2024-01-30T03:13:20.274+0000] {standard_task_runner.py:88} INFO - Job 150: Subtask extract_data_and_load_to_gs
[2024-01-30T03:13:20.326+0000] {task_command.py:423} INFO - Running <TaskInstance: manage_data_lake_dag.extract_data_and_load_to_gs scheduled__2024-01-02T00:00:00+00:00 [running]> on host instance-1.europe-west9-a.c.data-lake-project-409321.internal
[2024-01-30T03:13:20.378+0000] {taskinstance.py:2480} INFO - Exporting env vars: AIRFLOW_CTX_DAG_OWNER='juniortemgoua0' AIRFLOW_CTX_DAG_ID='manage_data_lake_dag' AIRFLOW_CTX_TASK_ID='extract_data_and_load_to_gs' AIRFLOW_CTX_EXECUTION_DATE='2024-01-02T00:00:00+00:00' AIRFLOW_CTX_TRY_NUMBER='2' AIRFLOW_CTX_DAG_RUN_ID='scheduled__2024-01-02T00:00:00+00:00'
[2024-01-30T03:13:20.607+0000] {logging_mixin.py:188} INFO - Login to bucket data-lake-buck
[2024-01-30T03:13:21.134+0000] {logging_mixin.py:188} INFO - File was send successfully as /data-lake/raw/football_data/competitions/2024-01-30/BSA.json
[2024-01-30T03:13:21.135+0000] {logging_mixin.py:188} INFO - /data-lake/raw/football_data/competitions/2024-01-30/BSA.json
[2024-01-30T03:13:21.135+0000] {client.py:192} INFO - Instantiated <InsecureClient(url='http://localhost:50070')>.
[2024-01-30T03:13:21.136+0000] {client.py:551} INFO - Uploading 'temp.json' to '/data-lake/raw/football_data/competitions/2024-01-30/BSA.json'.
[2024-01-30T03:13:21.136+0000] {client.py:1116} INFO - Listing '/data-lake/raw/football_data/competitions/2024-01-30/BSA.json'.
[2024-01-30T03:13:21.138+0000] {logging_mixin.py:188} INFO - Some error occurred : HTTPConnectionPool(host='localhost', port=50070): Max retries exceeded with url: /webhdfs/v1/data-lake/raw/football_data/competitions/2024-01-30/BSA.json?user.name=hadoop&op=LISTSTATUS (Caused by NewConnectionError('<urllib3.connection.HTTPConnection object at 0x7f12bff589d0>: Failed to establish a new connection: [Errno 111] Connection refused'))
[2024-01-30T03:13:21.226+0000] {logging_mixin.py:188} INFO - Request failed with code: 429
[2024-01-30T03:13:21.227+0000] {python.py:201} INFO - Done. Returned value was: None
[2024-01-30T03:13:21.235+0000] {taskinstance.py:1138} INFO - Marking task as SUCCESS. dag_id=manage_data_lake_dag, task_id=extract_data_and_load_to_gs, execution_date=20240102T000000, start_date=20240130T031320, end_date=20240130T031321
[2024-01-30T03:13:21.279+0000] {local_task_job_runner.py:234} INFO - Task exited with return code 0
[2024-01-30T03:13:21.302+0000] {taskinstance.py:3280} INFO - 1 downstream tasks scheduled from follow-on schedule check
