[2024-01-29T15:49:54.299+0000] {taskinstance.py:1956} INFO - Dependencies all met for dep_context=non-requeueable deps ti=<TaskInstance: manage_data_lake_dag.job_formatted_to_usage scheduled__2024-01-10T00:00:00+00:00 [queued]>
[2024-01-29T15:49:54.304+0000] {taskinstance.py:1956} INFO - Dependencies all met for dep_context=requeueable deps ti=<TaskInstance: manage_data_lake_dag.job_formatted_to_usage scheduled__2024-01-10T00:00:00+00:00 [queued]>
[2024-01-29T15:49:54.305+0000] {taskinstance.py:2170} INFO - Starting attempt 3 of 6
[2024-01-29T15:49:54.316+0000] {taskinstance.py:2191} INFO - Executing <Task(SparkSubmitOperator): job_formatted_to_usage> on 2024-01-10 00:00:00+00:00
[2024-01-29T15:49:54.321+0000] {standard_task_runner.py:60} INFO - Started process 56903 to run task
[2024-01-29T15:49:54.326+0000] {standard_task_runner.py:87} INFO - Running: ['airflow', 'tasks', 'run', 'manage_data_lake_dag', 'job_formatted_to_usage', 'scheduled__2024-01-10T00:00:00+00:00', '--job-id', '207', '--raw', '--subdir', 'DAGS_FOLDER/data_lake_dag.py', '--cfg-path', '/tmp/tmp68ubjwdt']
[2024-01-29T15:49:54.328+0000] {standard_task_runner.py:88} INFO - Job 207: Subtask job_formatted_to_usage
[2024-01-29T15:49:54.367+0000] {task_command.py:423} INFO - Running <TaskInstance: manage_data_lake_dag.job_formatted_to_usage scheduled__2024-01-10T00:00:00+00:00 [running]> on host instance-1.europe-west9-a.c.data-lake-project-409321.internal
[2024-01-29T15:49:54.418+0000] {taskinstance.py:2480} INFO - Exporting env vars: AIRFLOW_CTX_DAG_OWNER='juniortemgoua0' AIRFLOW_CTX_DAG_ID='manage_data_lake_dag' AIRFLOW_CTX_TASK_ID='job_formatted_to_usage' AIRFLOW_CTX_EXECUTION_DATE='2024-01-10T00:00:00+00:00' AIRFLOW_CTX_TRY_NUMBER='3' AIRFLOW_CTX_DAG_RUN_ID='scheduled__2024-01-10T00:00:00+00:00'
[2024-01-29T15:49:54.424+0000] {base.py:83} INFO - Using connection ID 'spark_default' for task execution.
[2024-01-29T15:49:54.425+0000] {spark_submit.py:401} INFO - Spark-Submit cmd: spark-submit --master local[*] --name arrow-spark --class FormattedToUsage --queue root.default --deploy-mode client /home/juniortemgoua0/DataLake/jobs/processes/scala/spark_process/target/scala-2.12/spark_job_2.12-0.1.0.jar gs://data-lake-buck
[2024-01-29T15:49:57.081+0000] {spark_submit.py:571} INFO - 24/01/29 15:49:57 INFO SparkContext: Running Spark version 3.5.0
[2024-01-29T15:49:57.085+0000] {spark_submit.py:571} INFO - 24/01/29 15:49:57 INFO SparkContext: OS info Linux, 5.15.0-1049-gcp, amd64
[2024-01-29T15:49:57.086+0000] {spark_submit.py:571} INFO - 24/01/29 15:49:57 INFO SparkContext: Java version 17.0.9
[2024-01-29T15:49:57.215+0000] {spark_submit.py:571} INFO - 24/01/29 15:49:57 WARN NativeCodeLoader: Unable to load native-hadoop library for your platform... using builtin-java classes where applicable
[2024-01-29T15:49:57.370+0000] {spark_submit.py:571} INFO - 24/01/29 15:49:57 INFO ResourceUtils: ==============================================================
[2024-01-29T15:49:57.370+0000] {spark_submit.py:571} INFO - 24/01/29 15:49:57 INFO ResourceUtils: No custom resources configured for spark.driver.
[2024-01-29T15:49:57.371+0000] {spark_submit.py:571} INFO - 24/01/29 15:49:57 INFO ResourceUtils: ==============================================================
[2024-01-29T15:49:57.372+0000] {spark_submit.py:571} INFO - 24/01/29 15:49:57 INFO SparkContext: Submitted application: RawToFormatted
[2024-01-29T15:49:57.413+0000] {spark_submit.py:571} INFO - 24/01/29 15:49:57 INFO ResourceProfile: Default ResourceProfile created, executor resources: Map(cores -> name: cores, amount: 1, script: , vendor: , memory -> name: memory, amount: 1024, script: , vendor: , offHeap -> name: offHeap, amount: 0, script: , vendor: ), task resources: Map(cpus -> name: cpus, amount: 1.0)
[2024-01-29T15:49:57.425+0000] {spark_submit.py:571} INFO - 24/01/29 15:49:57 INFO ResourceProfile: Limiting resource is cpu
[2024-01-29T15:49:57.426+0000] {spark_submit.py:571} INFO - 24/01/29 15:49:57 INFO ResourceProfileManager: Added ResourceProfile id: 0
[2024-01-29T15:49:57.507+0000] {spark_submit.py:571} INFO - 24/01/29 15:49:57 INFO SecurityManager: Changing view acls to: juniortemgoua0
[2024-01-29T15:49:57.507+0000] {spark_submit.py:571} INFO - 24/01/29 15:49:57 INFO SecurityManager: Changing modify acls to: juniortemgoua0
[2024-01-29T15:49:57.508+0000] {spark_submit.py:571} INFO - 24/01/29 15:49:57 INFO SecurityManager: Changing view acls groups to:
[2024-01-29T15:49:57.508+0000] {spark_submit.py:571} INFO - 24/01/29 15:49:57 INFO SecurityManager: Changing modify acls groups to:
[2024-01-29T15:49:57.509+0000] {spark_submit.py:571} INFO - 24/01/29 15:49:57 INFO SecurityManager: SecurityManager: authentication disabled; ui acls disabled; users with view permissions: juniortemgoua0; groups with view permissions: EMPTY; users with modify permissions: juniortemgoua0; groups with modify permissions: EMPTY
[2024-01-29T15:49:57.855+0000] {spark_submit.py:571} INFO - 24/01/29 15:49:57 INFO Utils: Successfully started service 'sparkDriver' on port 42945.
[2024-01-29T15:49:57.902+0000] {spark_submit.py:571} INFO - 24/01/29 15:49:57 INFO SparkEnv: Registering MapOutputTracker
[2024-01-29T15:49:57.959+0000] {spark_submit.py:571} INFO - 24/01/29 15:49:57 INFO SparkEnv: Registering BlockManagerMaster
[2024-01-29T15:49:57.989+0000] {spark_submit.py:571} INFO - 24/01/29 15:49:57 INFO BlockManagerMasterEndpoint: Using org.apache.spark.storage.DefaultTopologyMapper for getting topology information
[2024-01-29T15:49:57.991+0000] {spark_submit.py:571} INFO - 24/01/29 15:49:57 INFO BlockManagerMasterEndpoint: BlockManagerMasterEndpoint up
[2024-01-29T15:49:57.998+0000] {spark_submit.py:571} INFO - 24/01/29 15:49:57 INFO SparkEnv: Registering BlockManagerMasterHeartbeat
[2024-01-29T15:49:58.027+0000] {spark_submit.py:571} INFO - 24/01/29 15:49:58 INFO DiskBlockManager: Created local directory at /tmp/blockmgr-ed39a29a-8830-4a19-b993-1c893dff3529
[2024-01-29T15:49:58.047+0000] {spark_submit.py:571} INFO - 24/01/29 15:49:58 INFO MemoryStore: MemoryStore started with capacity 434.4 MiB
[2024-01-29T15:49:58.067+0000] {spark_submit.py:571} INFO - 24/01/29 15:49:58 INFO SparkEnv: Registering OutputCommitCoordinator
[2024-01-29T15:49:58.275+0000] {spark_submit.py:571} INFO - 24/01/29 15:49:58 INFO JettyUtils: Start Jetty 0.0.0.0:4040 for SparkUI
[2024-01-29T15:49:58.365+0000] {spark_submit.py:571} INFO - 24/01/29 15:49:58 INFO Utils: Successfully started service 'SparkUI' on port 4040.
[2024-01-29T15:49:58.431+0000] {spark_submit.py:571} INFO - 24/01/29 15:49:58 INFO SparkContext: Added JAR file:/home/juniortemgoua0/DataLake/jobs/processes/scala/spark_process/target/scala-2.12/spark_job_2.12-0.1.0.jar at spark://instance-1.europe-west9-a.c.data-lake-project-409321.internal:42945/jars/spark_job_2.12-0.1.0.jar with timestamp 1706543397061
[2024-01-29T15:49:58.560+0000] {spark_submit.py:571} INFO - 24/01/29 15:49:58 INFO Executor: Starting executor ID driver on host instance-1.europe-west9-a.c.data-lake-project-409321.internal
[2024-01-29T15:49:58.561+0000] {spark_submit.py:571} INFO - 24/01/29 15:49:58 INFO Executor: OS info Linux, 5.15.0-1049-gcp, amd64
[2024-01-29T15:49:58.562+0000] {spark_submit.py:571} INFO - 24/01/29 15:49:58 INFO Executor: Java version 17.0.9
[2024-01-29T15:49:58.571+0000] {spark_submit.py:571} INFO - 24/01/29 15:49:58 INFO Executor: Starting executor with user classpath (userClassPathFirst = false): ''
[2024-01-29T15:49:58.572+0000] {spark_submit.py:571} INFO - 24/01/29 15:49:58 INFO Executor: Created or updated repl class loader org.apache.spark.util.MutableURLClassLoader@44af588b for default.
[2024-01-29T15:49:58.621+0000] {spark_submit.py:571} INFO - 24/01/29 15:49:58 INFO Executor: Fetching spark://instance-1.europe-west9-a.c.data-lake-project-409321.internal:42945/jars/spark_job_2.12-0.1.0.jar with timestamp 1706543397061
[2024-01-29T15:49:58.709+0000] {spark_submit.py:571} INFO - 24/01/29 15:49:58 INFO TransportClientFactory: Successfully created connection to instance-1.europe-west9-a.c.data-lake-project-409321.internal/10.200.0.5:42945 after 37 ms (0 ms spent in bootstraps)
[2024-01-29T15:49:58.718+0000] {spark_submit.py:571} INFO - 24/01/29 15:49:58 INFO Utils: Fetching spark://instance-1.europe-west9-a.c.data-lake-project-409321.internal:42945/jars/spark_job_2.12-0.1.0.jar to /tmp/spark-b8b4dd15-9f68-4fa6-bc24-4c7e421da5ad/userFiles-91153e36-093d-404b-a35c-030a3ec946a8/fetchFileTemp8680828415452886220.tmp
[2024-01-29T15:49:58.758+0000] {spark_submit.py:571} INFO - 24/01/29 15:49:58 INFO Executor: Adding file:/tmp/spark-b8b4dd15-9f68-4fa6-bc24-4c7e421da5ad/userFiles-91153e36-093d-404b-a35c-030a3ec946a8/spark_job_2.12-0.1.0.jar to class loader default
[2024-01-29T15:49:58.766+0000] {spark_submit.py:571} INFO - 24/01/29 15:49:58 INFO Utils: Successfully started service 'org.apache.spark.network.netty.NettyBlockTransferService' on port 42593.
[2024-01-29T15:49:58.766+0000] {spark_submit.py:571} INFO - 24/01/29 15:49:58 INFO NettyBlockTransferService: Server created on instance-1.europe-west9-a.c.data-lake-project-409321.internal:42593
[2024-01-29T15:49:58.767+0000] {spark_submit.py:571} INFO - 24/01/29 15:49:58 INFO BlockManager: Using org.apache.spark.storage.RandomBlockReplicationPolicy for block replication policy
[2024-01-29T15:49:58.776+0000] {spark_submit.py:571} INFO - 24/01/29 15:49:58 INFO BlockManagerMaster: Registering BlockManager BlockManagerId(driver, instance-1.europe-west9-a.c.data-lake-project-409321.internal, 42593, None)
[2024-01-29T15:49:58.779+0000] {spark_submit.py:571} INFO - 24/01/29 15:49:58 INFO BlockManagerMasterEndpoint: Registering block manager instance-1.europe-west9-a.c.data-lake-project-409321.internal:42593 with 434.4 MiB RAM, BlockManagerId(driver, instance-1.europe-west9-a.c.data-lake-project-409321.internal, 42593, None)
[2024-01-29T15:49:58.781+0000] {spark_submit.py:571} INFO - 24/01/29 15:49:58 INFO BlockManagerMaster: Registered BlockManager BlockManagerId(driver, instance-1.europe-west9-a.c.data-lake-project-409321.internal, 42593, None)
[2024-01-29T15:49:58.787+0000] {spark_submit.py:571} INFO - 24/01/29 15:49:58 INFO BlockManager: Initialized BlockManager: BlockManagerId(driver, instance-1.europe-west9-a.c.data-lake-project-409321.internal, 42593, None)
[2024-01-29T15:49:59.743+0000] {spark_submit.py:571} INFO - 24/01/29 15:49:59 INFO SharedState: Setting hive.metastore.warehouse.dir ('null') to the value of spark.sql.warehouse.dir.
[2024-01-29T15:49:59.753+0000] {spark_submit.py:571} INFO - 24/01/29 15:49:59 INFO SharedState: Warehouse path is 'file:/home/juniortemgoua0/DataLake/spark-warehouse'.
[2024-01-29T15:50:01.369+0000] {spark_submit.py:571} INFO - 24/01/29 15:50:01 WARN FileSystem: Failed to initialize fileystem gs://data-lake-buck/formatted/football_data/season/2024-01-29: java.io.FileNotFoundException: /Users/juniortemgoua/Documents/projects/BigData/DataLake/utils/credentials/google_storage_secret_key_credentials.json (No such file or directory)
[2024-01-29T15:50:01.373+0000] {spark_submit.py:571} INFO - 24/01/29 15:50:01 WARN FileStreamSink: Assume no metadata directory. Error while looking for metadata directory in the path: gs://data-lake-buck/formatted/football_data/season/2024-01-29.
[2024-01-29T15:50:01.373+0000] {spark_submit.py:571} INFO - java.io.FileNotFoundException: /Users/juniortemgoua/Documents/projects/BigData/DataLake/utils/credentials/google_storage_secret_key_credentials.json (No such file or directory)
[2024-01-29T15:50:01.373+0000] {spark_submit.py:571} INFO - at java.base/java.io.FileInputStream.open0(Native Method)
[2024-01-29T15:50:01.374+0000] {spark_submit.py:571} INFO - at java.base/java.io.FileInputStream.open(FileInputStream.java:216)
[2024-01-29T15:50:01.374+0000] {spark_submit.py:571} INFO - at java.base/java.io.FileInputStream.<init>(FileInputStream.java:157)
[2024-01-29T15:50:01.374+0000] {spark_submit.py:571} INFO - at java.base/java.io.FileInputStream.<init>(FileInputStream.java:111)
[2024-01-29T15:50:01.374+0000] {spark_submit.py:571} INFO - at com.google.cloud.hadoop.repackaged.gcs.com.google.cloud.hadoop.util.CredentialFactory.getCredentialFromJsonKeyFile(CredentialFactory.java:297)
[2024-01-29T15:50:01.374+0000] {spark_submit.py:571} INFO - at com.google.cloud.hadoop.repackaged.gcs.com.google.cloud.hadoop.util.CredentialFactory.getCredential(CredentialFactory.java:414)
[2024-01-29T15:50:01.374+0000] {spark_submit.py:571} INFO - at com.google.cloud.hadoop.fs.gcs.GoogleHadoopFileSystemBase.getCredential(GoogleHadoopFileSystemBase.java:1434)
[2024-01-29T15:50:01.374+0000] {spark_submit.py:571} INFO - at com.google.cloud.hadoop.fs.gcs.GoogleHadoopFileSystemBase.createGcsFs(GoogleHadoopFileSystemBase.java:1591)
[2024-01-29T15:50:01.374+0000] {spark_submit.py:571} INFO - at com.google.cloud.hadoop.fs.gcs.GoogleHadoopFileSystemBase.configure(GoogleHadoopFileSystemBase.java:1573)
[2024-01-29T15:50:01.375+0000] {spark_submit.py:571} INFO - at com.google.cloud.hadoop.fs.gcs.GoogleHadoopFileSystemBase.initialize(GoogleHadoopFileSystemBase.java:490)
[2024-01-29T15:50:01.375+0000] {spark_submit.py:571} INFO - at org.apache.hadoop.fs.FileSystem.createFileSystem(FileSystem.java:3469)
[2024-01-29T15:50:01.375+0000] {spark_submit.py:571} INFO - at org.apache.hadoop.fs.FileSystem.access$300(FileSystem.java:174)
[2024-01-29T15:50:01.375+0000] {spark_submit.py:571} INFO - at org.apache.hadoop.fs.FileSystem$Cache.getInternal(FileSystem.java:3574)
[2024-01-29T15:50:01.375+0000] {spark_submit.py:571} INFO - at org.apache.hadoop.fs.FileSystem$Cache.get(FileSystem.java:3521)
[2024-01-29T15:50:01.375+0000] {spark_submit.py:571} INFO - at org.apache.hadoop.fs.FileSystem.get(FileSystem.java:540)
[2024-01-29T15:50:01.375+0000] {spark_submit.py:571} INFO - at org.apache.hadoop.fs.Path.getFileSystem(Path.java:365)
[2024-01-29T15:50:01.375+0000] {spark_submit.py:571} INFO - at org.apache.spark.sql.execution.streaming.FileStreamSink$.hasMetadata(FileStreamSink.scala:53)
[2024-01-29T15:50:01.376+0000] {spark_submit.py:571} INFO - at org.apache.spark.sql.execution.datasources.DataSource.resolveRelation(DataSource.scala:366)
[2024-01-29T15:50:01.376+0000] {spark_submit.py:571} INFO - at org.apache.spark.sql.DataFrameReader.loadV1Source(DataFrameReader.scala:229)
[2024-01-29T15:50:01.376+0000] {spark_submit.py:571} INFO - at org.apache.spark.sql.DataFrameReader.$anonfun$load$2(DataFrameReader.scala:211)
[2024-01-29T15:50:01.376+0000] {spark_submit.py:571} INFO - at scala.Option.getOrElse(Option.scala:189)
[2024-01-29T15:50:01.376+0000] {spark_submit.py:571} INFO - at org.apache.spark.sql.DataFrameReader.load(DataFrameReader.scala:211)
[2024-01-29T15:50:01.376+0000] {spark_submit.py:571} INFO - at org.apache.spark.sql.DataFrameReader.parquet(DataFrameReader.scala:563)
[2024-01-29T15:50:01.376+0000] {spark_submit.py:571} INFO - at org.apache.spark.sql.DataFrameReader.parquet(DataFrameReader.scala:548)
[2024-01-29T15:50:01.376+0000] {spark_submit.py:571} INFO - at FormattedToUsage$.combineCompetitions(FormattedToUsage.scala:27)
[2024-01-29T15:50:01.377+0000] {spark_submit.py:571} INFO - at FormattedToUsage$.main(FormattedToUsage.scala:20)
[2024-01-29T15:50:01.377+0000] {spark_submit.py:571} INFO - at FormattedToUsage.main(FormattedToUsage.scala)
[2024-01-29T15:50:01.377+0000] {spark_submit.py:571} INFO - at java.base/jdk.internal.reflect.NativeMethodAccessorImpl.invoke0(Native Method)
[2024-01-29T15:50:01.377+0000] {spark_submit.py:571} INFO - at java.base/jdk.internal.reflect.NativeMethodAccessorImpl.invoke(NativeMethodAccessorImpl.java:77)
[2024-01-29T15:50:01.377+0000] {spark_submit.py:571} INFO - at java.base/jdk.internal.reflect.DelegatingMethodAccessorImpl.invoke(DelegatingMethodAccessorImpl.java:43)
[2024-01-29T15:50:01.377+0000] {spark_submit.py:571} INFO - at java.base/java.lang.reflect.Method.invoke(Method.java:568)
[2024-01-29T15:50:01.377+0000] {spark_submit.py:571} INFO - at org.apache.spark.deploy.JavaMainApplication.start(SparkApplication.scala:52)
[2024-01-29T15:50:01.377+0000] {spark_submit.py:571} INFO - at org.apache.spark.deploy.SparkSubmit.org$apache$spark$deploy$SparkSubmit$$runMain(SparkSubmit.scala:1029)
[2024-01-29T15:50:01.378+0000] {spark_submit.py:571} INFO - at org.apache.spark.deploy.SparkSubmit.doRunMain$1(SparkSubmit.scala:194)
[2024-01-29T15:50:01.378+0000] {spark_submit.py:571} INFO - at org.apache.spark.deploy.SparkSubmit.submit(SparkSubmit.scala:217)
[2024-01-29T15:50:01.378+0000] {spark_submit.py:571} INFO - at org.apache.spark.deploy.SparkSubmit.doSubmit(SparkSubmit.scala:91)
[2024-01-29T15:50:01.378+0000] {spark_submit.py:571} INFO - at org.apache.spark.deploy.SparkSubmit$$anon$2.doSubmit(SparkSubmit.scala:1120)
[2024-01-29T15:50:01.379+0000] {spark_submit.py:571} INFO - at org.apache.spark.deploy.SparkSubmit$.main(SparkSubmit.scala:1129)
[2024-01-29T15:50:01.379+0000] {spark_submit.py:571} INFO - at org.apache.spark.deploy.SparkSubmit.main(SparkSubmit.scala)
[2024-01-29T15:50:01.394+0000] {spark_submit.py:571} INFO - 24/01/29 15:50:01 WARN FileSystem: Failed to initialize fileystem gs://data-lake-buck/formatted/football_data/season/2024-01-29: java.io.FileNotFoundException: /Users/juniortemgoua/Documents/projects/BigData/DataLake/utils/credentials/google_storage_secret_key_credentials.json (No such file or directory)
[2024-01-29T15:50:01.395+0000] {spark_submit.py:571} INFO - Exception in thread "main" java.io.FileNotFoundException: /Users/juniortemgoua/Documents/projects/BigData/DataLake/utils/credentials/google_storage_secret_key_credentials.json (No such file or directory)
[2024-01-29T15:50:01.396+0000] {spark_submit.py:571} INFO - at java.base/java.io.FileInputStream.open0(Native Method)
[2024-01-29T15:50:01.396+0000] {spark_submit.py:571} INFO - at java.base/java.io.FileInputStream.open(FileInputStream.java:216)
[2024-01-29T15:50:01.396+0000] {spark_submit.py:571} INFO - at java.base/java.io.FileInputStream.<init>(FileInputStream.java:157)
[2024-01-29T15:50:01.396+0000] {spark_submit.py:571} INFO - at java.base/java.io.FileInputStream.<init>(FileInputStream.java:111)
[2024-01-29T15:50:01.397+0000] {spark_submit.py:571} INFO - at com.google.cloud.hadoop.repackaged.gcs.com.google.cloud.hadoop.util.CredentialFactory.getCredentialFromJsonKeyFile(CredentialFactory.java:297)
[2024-01-29T15:50:01.397+0000] {spark_submit.py:571} INFO - at com.google.cloud.hadoop.repackaged.gcs.com.google.cloud.hadoop.util.CredentialFactory.getCredential(CredentialFactory.java:414)
[2024-01-29T15:50:01.397+0000] {spark_submit.py:571} INFO - at com.google.cloud.hadoop.fs.gcs.GoogleHadoopFileSystemBase.getCredential(GoogleHadoopFileSystemBase.java:1434)
[2024-01-29T15:50:01.398+0000] {spark_submit.py:571} INFO - at com.google.cloud.hadoop.fs.gcs.GoogleHadoopFileSystemBase.createGcsFs(GoogleHadoopFileSystemBase.java:1591)
[2024-01-29T15:50:01.398+0000] {spark_submit.py:571} INFO - at com.google.cloud.hadoop.fs.gcs.GoogleHadoopFileSystemBase.configure(GoogleHadoopFileSystemBase.java:1573)
[2024-01-29T15:50:01.399+0000] {spark_submit.py:571} INFO - at com.google.cloud.hadoop.fs.gcs.GoogleHadoopFileSystemBase.initialize(GoogleHadoopFileSystemBase.java:490)
[2024-01-29T15:50:01.399+0000] {spark_submit.py:571} INFO - at org.apache.hadoop.fs.FileSystem.createFileSystem(FileSystem.java:3469)
[2024-01-29T15:50:01.399+0000] {spark_submit.py:571} INFO - at org.apache.hadoop.fs.FileSystem.access$300(FileSystem.java:174)
[2024-01-29T15:50:01.400+0000] {spark_submit.py:571} INFO - at org.apache.hadoop.fs.FileSystem$Cache.getInternal(FileSystem.java:3574)
[2024-01-29T15:50:01.400+0000] {spark_submit.py:571} INFO - at org.apache.hadoop.fs.FileSystem$Cache.get(FileSystem.java:3521)
[2024-01-29T15:50:01.400+0000] {spark_submit.py:571} INFO - at org.apache.hadoop.fs.FileSystem.get(FileSystem.java:540)
[2024-01-29T15:50:01.400+0000] {spark_submit.py:571} INFO - at org.apache.hadoop.fs.Path.getFileSystem(Path.java:365)
[2024-01-29T15:50:01.400+0000] {spark_submit.py:571} INFO - at org.apache.spark.sql.execution.datasources.DataSource$.$anonfun$checkAndGlobPathIfNecessary$1(DataSource.scala:724)
[2024-01-29T15:50:01.401+0000] {spark_submit.py:571} INFO - at scala.collection.immutable.List.map(List.scala:293)
[2024-01-29T15:50:01.401+0000] {spark_submit.py:571} INFO - at org.apache.spark.sql.execution.datasources.DataSource$.checkAndGlobPathIfNecessary(DataSource.scala:722)
[2024-01-29T15:50:01.401+0000] {spark_submit.py:571} INFO - at org.apache.spark.sql.execution.datasources.DataSource.checkAndGlobPathIfNecessary(DataSource.scala:551)
[2024-01-29T15:50:01.401+0000] {spark_submit.py:571} INFO - at org.apache.spark.sql.execution.datasources.DataSource.resolveRelation(DataSource.scala:404)
[2024-01-29T15:50:01.402+0000] {spark_submit.py:571} INFO - at org.apache.spark.sql.DataFrameReader.loadV1Source(DataFrameReader.scala:229)
[2024-01-29T15:50:01.403+0000] {spark_submit.py:571} INFO - at org.apache.spark.sql.DataFrameReader.$anonfun$load$2(DataFrameReader.scala:211)
[2024-01-29T15:50:01.403+0000] {spark_submit.py:571} INFO - at scala.Option.getOrElse(Option.scala:189)
[2024-01-29T15:50:01.403+0000] {spark_submit.py:571} INFO - at org.apache.spark.sql.DataFrameReader.load(DataFrameReader.scala:211)
[2024-01-29T15:50:01.403+0000] {spark_submit.py:571} INFO - at org.apache.spark.sql.DataFrameReader.parquet(DataFrameReader.scala:563)
[2024-01-29T15:50:01.403+0000] {spark_submit.py:571} INFO - at org.apache.spark.sql.DataFrameReader.parquet(DataFrameReader.scala:548)
[2024-01-29T15:50:01.404+0000] {spark_submit.py:571} INFO - at FormattedToUsage$.combineCompetitions(FormattedToUsage.scala:27)
[2024-01-29T15:50:01.404+0000] {spark_submit.py:571} INFO - at FormattedToUsage$.main(FormattedToUsage.scala:20)
[2024-01-29T15:50:01.405+0000] {spark_submit.py:571} INFO - at FormattedToUsage.main(FormattedToUsage.scala)
[2024-01-29T15:50:01.405+0000] {spark_submit.py:571} INFO - at java.base/jdk.internal.reflect.NativeMethodAccessorImpl.invoke0(Native Method)
[2024-01-29T15:50:01.405+0000] {spark_submit.py:571} INFO - at java.base/jdk.internal.reflect.NativeMethodAccessorImpl.invoke(NativeMethodAccessorImpl.java:77)
[2024-01-29T15:50:01.405+0000] {spark_submit.py:571} INFO - at java.base/jdk.internal.reflect.DelegatingMethodAccessorImpl.invoke(DelegatingMethodAccessorImpl.java:43)
[2024-01-29T15:50:01.405+0000] {spark_submit.py:571} INFO - at java.base/java.lang.reflect.Method.invoke(Method.java:568)
[2024-01-29T15:50:01.405+0000] {spark_submit.py:571} INFO - at org.apache.spark.deploy.JavaMainApplication.start(SparkApplication.scala:52)
[2024-01-29T15:50:01.405+0000] {spark_submit.py:571} INFO - at org.apache.spark.deploy.SparkSubmit.org$apache$spark$deploy$SparkSubmit$$runMain(SparkSubmit.scala:1029)
[2024-01-29T15:50:01.406+0000] {spark_submit.py:571} INFO - at org.apache.spark.deploy.SparkSubmit.doRunMain$1(SparkSubmit.scala:194)
[2024-01-29T15:50:01.406+0000] {spark_submit.py:571} INFO - at org.apache.spark.deploy.SparkSubmit.submit(SparkSubmit.scala:217)
[2024-01-29T15:50:01.406+0000] {spark_submit.py:571} INFO - at org.apache.spark.deploy.SparkSubmit.doSubmit(SparkSubmit.scala:91)
[2024-01-29T15:50:01.406+0000] {spark_submit.py:571} INFO - at org.apache.spark.deploy.SparkSubmit$$anon$2.doSubmit(SparkSubmit.scala:1120)
[2024-01-29T15:50:01.406+0000] {spark_submit.py:571} INFO - at org.apache.spark.deploy.SparkSubmit$.main(SparkSubmit.scala:1129)
[2024-01-29T15:50:01.406+0000] {spark_submit.py:571} INFO - at org.apache.spark.deploy.SparkSubmit.main(SparkSubmit.scala)
[2024-01-29T15:50:01.412+0000] {spark_submit.py:571} INFO - 24/01/29 15:50:01 INFO SparkContext: Invoking stop() from shutdown hook
[2024-01-29T15:50:01.413+0000] {spark_submit.py:571} INFO - 24/01/29 15:50:01 INFO SparkContext: SparkContext is stopping with exitCode 0.
[2024-01-29T15:50:01.429+0000] {spark_submit.py:571} INFO - 24/01/29 15:50:01 INFO SparkUI: Stopped Spark web UI at http://instance-1.europe-west9-a.c.data-lake-project-409321.internal:4040
[2024-01-29T15:50:01.450+0000] {spark_submit.py:571} INFO - 24/01/29 15:50:01 INFO MapOutputTrackerMasterEndpoint: MapOutputTrackerMasterEndpoint stopped!
[2024-01-29T15:50:01.477+0000] {spark_submit.py:571} INFO - 24/01/29 15:50:01 INFO MemoryStore: MemoryStore cleared
[2024-01-29T15:50:01.477+0000] {spark_submit.py:571} INFO - 24/01/29 15:50:01 INFO BlockManager: BlockManager stopped
[2024-01-29T15:50:01.489+0000] {spark_submit.py:571} INFO - 24/01/29 15:50:01 INFO BlockManagerMaster: BlockManagerMaster stopped
[2024-01-29T15:50:01.493+0000] {spark_submit.py:571} INFO - 24/01/29 15:50:01 INFO OutputCommitCoordinator$OutputCommitCoordinatorEndpoint: OutputCommitCoordinator stopped!
[2024-01-29T15:50:01.506+0000] {spark_submit.py:571} INFO - 24/01/29 15:50:01 INFO SparkContext: Successfully stopped SparkContext
[2024-01-29T15:50:01.506+0000] {spark_submit.py:571} INFO - 24/01/29 15:50:01 INFO ShutdownHookManager: Shutdown hook called
[2024-01-29T15:50:01.507+0000] {spark_submit.py:571} INFO - 24/01/29 15:50:01 INFO ShutdownHookManager: Deleting directory /tmp/spark-d3d20504-6834-4bed-aaba-7a0b82616887
[2024-01-29T15:50:01.510+0000] {spark_submit.py:571} INFO - 24/01/29 15:50:01 INFO ShutdownHookManager: Deleting directory /tmp/spark-b8b4dd15-9f68-4fa6-bc24-4c7e421da5ad
[2024-01-29T15:50:01.568+0000] {taskinstance.py:2698} ERROR - Task failed with exception
Traceback (most recent call last):
  File "/home/juniortemgoua0/DataLake/venv/lib/python3.8/site-packages/airflow/models/taskinstance.py", line 433, in _execute_task
    result = execute_callable(context=context, **execute_callable_kwargs)
  File "/home/juniortemgoua0/DataLake/venv/lib/python3.8/site-packages/airflow/providers/apache/spark/operators/spark_submit.py", line 174, in execute
    self._hook.submit(self._application)
  File "/home/juniortemgoua0/DataLake/venv/lib/python3.8/site-packages/airflow/providers/apache/spark/hooks/spark_submit.py", line 502, in submit
    raise AirflowException(
airflow.exceptions.AirflowException: Cannot execute: spark-submit --master local[*] --name arrow-spark --class FormattedToUsage --queue root.default --deploy-mode client /home/juniortemgoua0/DataLake/jobs/processes/scala/spark_process/target/scala-2.12/spark_job_2.12-0.1.0.jar gs://data-lake-buck. Error code is: 1.
[2024-01-29T15:50:01.571+0000] {taskinstance.py:1138} INFO - Marking task as UP_FOR_RETRY. dag_id=manage_data_lake_dag, task_id=job_formatted_to_usage, execution_date=20240110T000000, start_date=20240129T154954, end_date=20240129T155001
[2024-01-29T15:50:01.583+0000] {standard_task_runner.py:107} ERROR - Failed to execute job 207 for task job_formatted_to_usage (Cannot execute: spark-submit --master local[*] --name arrow-spark --class FormattedToUsage --queue root.default --deploy-mode client /home/juniortemgoua0/DataLake/jobs/processes/scala/spark_process/target/scala-2.12/spark_job_2.12-0.1.0.jar gs://data-lake-buck. Error code is: 1.; 56903)
[2024-01-29T15:50:01.605+0000] {local_task_job_runner.py:234} INFO - Task exited with return code 1
[2024-01-29T15:50:01.614+0000] {taskinstance.py:3280} INFO - 0 downstream tasks scheduled from follow-on schedule check
