[2024-01-29T11:26:49.833+0000] {taskinstance.py:1956} INFO - Dependencies all met for dep_context=non-requeueable deps ti=<TaskInstance: manage_data_lake_dag.spark_job_formatted manual__2024-01-29T11:06:10.951366+00:00 [queued]>
[2024-01-29T11:26:49.841+0000] {taskinstance.py:1956} INFO - Dependencies all met for dep_context=requeueable deps ti=<TaskInstance: manage_data_lake_dag.spark_job_formatted manual__2024-01-29T11:06:10.951366+00:00 [queued]>
[2024-01-29T11:26:49.841+0000] {taskinstance.py:2170} INFO - Starting attempt 5 of 6
[2024-01-29T11:26:49.930+0000] {taskinstance.py:2191} INFO - Executing <Task(SparkSubmitOperator): spark_job_formatted> on 2024-01-29 11:06:10.951366+00:00
[2024-01-29T11:26:49.934+0000] {standard_task_runner.py:60} INFO - Started process 97783 to run task
[2024-01-29T11:26:49.940+0000] {standard_task_runner.py:87} INFO - Running: ['airflow', 'tasks', 'run', 'manage_data_lake_dag', 'spark_job_formatted', 'manual__2024-01-29T11:06:10.951366+00:00', '--job-id', '103', '--raw', '--subdir', 'DAGS_FOLDER/data_lake_dag.py', '--cfg-path', '/tmp/tmpt8vb9myw']
[2024-01-29T11:26:49.942+0000] {standard_task_runner.py:88} INFO - Job 103: Subtask spark_job_formatted
[2024-01-29T11:26:49.977+0000] {task_command.py:423} INFO - Running <TaskInstance: manage_data_lake_dag.spark_job_formatted manual__2024-01-29T11:06:10.951366+00:00 [running]> on host instance-1.europe-west9-a.c.data-lake-project-409321.internal
[2024-01-29T11:26:50.033+0000] {taskinstance.py:2480} INFO - Exporting env vars: AIRFLOW_CTX_DAG_OWNER='juniortemgoua0' AIRFLOW_CTX_DAG_ID='manage_data_lake_dag' AIRFLOW_CTX_TASK_ID='spark_job_formatted' AIRFLOW_CTX_EXECUTION_DATE='2024-01-29T11:06:10.951366+00:00' AIRFLOW_CTX_TRY_NUMBER='5' AIRFLOW_CTX_DAG_RUN_ID='manual__2024-01-29T11:06:10.951366+00:00'
[2024-01-29T11:26:50.041+0000] {base.py:83} INFO - Using connection ID 'spark_default' for task execution.
[2024-01-29T11:26:50.043+0000] {spark_submit.py:401} INFO - Spark-Submit cmd: spark-submit --master local[*] --jars /home/juniortemgoua0/DataLake/utils/gcs-connector-hadoop3-latest.jar --name arrow-spark --class RawToFormatted --queue root.default --deploy-mode client /home/juniortemgoua0/DataLake/jobs/processes/scala/spark_process/target/scala-2.12/spark_job_2.12-0.1.0.jar gs://data-lake-buck
[2024-01-29T11:26:52.654+0000] {spark_submit.py:571} INFO - 24/01/29 11:26:52 WARN NativeCodeLoader: Unable to load native-hadoop library for your platform... using builtin-java classes where applicable
[2024-01-29T11:26:53.090+0000] {spark_submit.py:571} INFO - 24/01/29 11:26:53 INFO SparkContext: Running Spark version 3.5.0
[2024-01-29T11:26:53.092+0000] {spark_submit.py:571} INFO - 24/01/29 11:26:53 INFO SparkContext: OS info Linux, 5.15.0-1049-gcp, amd64
[2024-01-29T11:26:53.093+0000] {spark_submit.py:571} INFO - 24/01/29 11:26:53 INFO SparkContext: Java version 17.0.9
[2024-01-29T11:26:53.179+0000] {spark_submit.py:571} INFO - 24/01/29 11:26:53 INFO ResourceUtils: ==============================================================
[2024-01-29T11:26:53.180+0000] {spark_submit.py:571} INFO - 24/01/29 11:26:53 INFO ResourceUtils: No custom resources configured for spark.driver.
[2024-01-29T11:26:53.180+0000] {spark_submit.py:571} INFO - 24/01/29 11:26:53 INFO ResourceUtils: ==============================================================
[2024-01-29T11:26:53.180+0000] {spark_submit.py:571} INFO - 24/01/29 11:26:53 INFO SparkContext: Submitted application: RawToFormatted
[2024-01-29T11:26:53.231+0000] {spark_submit.py:571} INFO - 24/01/29 11:26:53 INFO ResourceProfile: Default ResourceProfile created, executor resources: Map(cores -> name: cores, amount: 1, script: , vendor: , memory -> name: memory, amount: 1024, script: , vendor: , offHeap -> name: offHeap, amount: 0, script: , vendor: ), task resources: Map(cpus -> name: cpus, amount: 1.0)
[2024-01-29T11:26:53.243+0000] {spark_submit.py:571} INFO - 24/01/29 11:26:53 INFO ResourceProfile: Limiting resource is cpu
[2024-01-29T11:26:53.244+0000] {spark_submit.py:571} INFO - 24/01/29 11:26:53 INFO ResourceProfileManager: Added ResourceProfile id: 0
[2024-01-29T11:26:53.405+0000] {spark_submit.py:571} INFO - 24/01/29 11:26:53 INFO SecurityManager: Changing view acls to: juniortemgoua0
[2024-01-29T11:26:53.408+0000] {spark_submit.py:571} INFO - 24/01/29 11:26:53 INFO SecurityManager: Changing modify acls to: juniortemgoua0
[2024-01-29T11:26:53.409+0000] {spark_submit.py:571} INFO - 24/01/29 11:26:53 INFO SecurityManager: Changing view acls groups to:
[2024-01-29T11:26:53.410+0000] {spark_submit.py:571} INFO - 24/01/29 11:26:53 INFO SecurityManager: Changing modify acls groups to:
[2024-01-29T11:26:53.411+0000] {spark_submit.py:571} INFO - 24/01/29 11:26:53 INFO SecurityManager: SecurityManager: authentication disabled; ui acls disabled; users with view permissions: juniortemgoua0; groups with view permissions: EMPTY; users with modify permissions: juniortemgoua0; groups with modify permissions: EMPTY
[2024-01-29T11:26:53.827+0000] {spark_submit.py:571} INFO - 24/01/29 11:26:53 INFO Utils: Successfully started service 'sparkDriver' on port 33073.
[2024-01-29T11:26:53.855+0000] {spark_submit.py:571} INFO - 24/01/29 11:26:53 INFO SparkEnv: Registering MapOutputTracker
[2024-01-29T11:26:53.916+0000] {spark_submit.py:571} INFO - 24/01/29 11:26:53 INFO SparkEnv: Registering BlockManagerMaster
[2024-01-29T11:26:53.948+0000] {spark_submit.py:571} INFO - 24/01/29 11:26:53 INFO BlockManagerMasterEndpoint: Using org.apache.spark.storage.DefaultTopologyMapper for getting topology information
[2024-01-29T11:26:53.952+0000] {spark_submit.py:571} INFO - 24/01/29 11:26:53 INFO BlockManagerMasterEndpoint: BlockManagerMasterEndpoint up
[2024-01-29T11:26:53.958+0000] {spark_submit.py:571} INFO - 24/01/29 11:26:53 INFO SparkEnv: Registering BlockManagerMasterHeartbeat
[2024-01-29T11:26:53.988+0000] {spark_submit.py:571} INFO - 24/01/29 11:26:53 INFO DiskBlockManager: Created local directory at /tmp/blockmgr-b5f29710-b998-44b4-8679-39d8f41e60e2
[2024-01-29T11:26:54.017+0000] {spark_submit.py:571} INFO - 24/01/29 11:26:54 INFO MemoryStore: MemoryStore started with capacity 434.4 MiB
[2024-01-29T11:26:54.040+0000] {spark_submit.py:571} INFO - 24/01/29 11:26:54 INFO SparkEnv: Registering OutputCommitCoordinator
[2024-01-29T11:26:54.221+0000] {spark_submit.py:571} INFO - 24/01/29 11:26:54 INFO JettyUtils: Start Jetty 0.0.0.0:4040 for SparkUI
[2024-01-29T11:26:54.343+0000] {spark_submit.py:571} INFO - 24/01/29 11:26:54 INFO Utils: Successfully started service 'SparkUI' on port 4040.
[2024-01-29T11:26:54.406+0000] {spark_submit.py:571} INFO - 24/01/29 11:26:54 INFO SparkContext: Added JAR file:///home/juniortemgoua0/DataLake/utils/gcs-connector-hadoop3-latest.jar at spark://instance-1.europe-west9-a.c.data-lake-project-409321.internal:33073/jars/gcs-connector-hadoop3-latest.jar with timestamp 1706527613077
[2024-01-29T11:26:54.407+0000] {spark_submit.py:571} INFO - 24/01/29 11:26:54 INFO SparkContext: Added JAR file:/home/juniortemgoua0/DataLake/jobs/processes/scala/spark_process/target/scala-2.12/spark_job_2.12-0.1.0.jar at spark://instance-1.europe-west9-a.c.data-lake-project-409321.internal:33073/jars/spark_job_2.12-0.1.0.jar with timestamp 1706527613077
[2024-01-29T11:26:54.567+0000] {spark_submit.py:571} INFO - 24/01/29 11:26:54 INFO Executor: Starting executor ID driver on host instance-1.europe-west9-a.c.data-lake-project-409321.internal
[2024-01-29T11:26:54.570+0000] {spark_submit.py:571} INFO - 24/01/29 11:26:54 INFO Executor: OS info Linux, 5.15.0-1049-gcp, amd64
[2024-01-29T11:26:54.572+0000] {spark_submit.py:571} INFO - 24/01/29 11:26:54 INFO Executor: Java version 17.0.9
[2024-01-29T11:26:54.586+0000] {spark_submit.py:571} INFO - 24/01/29 11:26:54 INFO Executor: Starting executor with user classpath (userClassPathFirst = false): ''
[2024-01-29T11:26:54.587+0000] {spark_submit.py:571} INFO - 24/01/29 11:26:54 INFO Executor: Created or updated repl class loader org.apache.spark.util.MutableURLClassLoader@6f6c6077 for default.
[2024-01-29T11:26:54.608+0000] {spark_submit.py:571} INFO - 24/01/29 11:26:54 INFO Executor: Fetching spark://instance-1.europe-west9-a.c.data-lake-project-409321.internal:33073/jars/gcs-connector-hadoop3-latest.jar with timestamp 1706527613077
[2024-01-29T11:26:54.703+0000] {spark_submit.py:571} INFO - 24/01/29 11:26:54 INFO TransportClientFactory: Successfully created connection to instance-1.europe-west9-a.c.data-lake-project-409321.internal/10.200.0.5:33073 after 62 ms (0 ms spent in bootstraps)
[2024-01-29T11:26:54.711+0000] {spark_submit.py:571} INFO - 24/01/29 11:26:54 INFO Utils: Fetching spark://instance-1.europe-west9-a.c.data-lake-project-409321.internal:33073/jars/gcs-connector-hadoop3-latest.jar to /tmp/spark-d441bd67-6932-4c51-8823-3dff7a6a400d/userFiles-3f315fa1-1048-4e8c-812d-254c7b0efb09/fetchFileTemp13370886918079573918.tmp
[2024-01-29T11:26:55.129+0000] {spark_submit.py:571} INFO - 24/01/29 11:26:55 INFO Executor: Adding file:/tmp/spark-d441bd67-6932-4c51-8823-3dff7a6a400d/userFiles-3f315fa1-1048-4e8c-812d-254c7b0efb09/gcs-connector-hadoop3-latest.jar to class loader default
[2024-01-29T11:26:55.130+0000] {spark_submit.py:571} INFO - 24/01/29 11:26:55 INFO Executor: Fetching spark://instance-1.europe-west9-a.c.data-lake-project-409321.internal:33073/jars/spark_job_2.12-0.1.0.jar with timestamp 1706527613077
[2024-01-29T11:26:55.131+0000] {spark_submit.py:571} INFO - 24/01/29 11:26:55 INFO Utils: Fetching spark://instance-1.europe-west9-a.c.data-lake-project-409321.internal:33073/jars/spark_job_2.12-0.1.0.jar to /tmp/spark-d441bd67-6932-4c51-8823-3dff7a6a400d/userFiles-3f315fa1-1048-4e8c-812d-254c7b0efb09/fetchFileTemp836229495926831805.tmp
[2024-01-29T11:26:55.138+0000] {spark_submit.py:571} INFO - 24/01/29 11:26:55 INFO Executor: Adding file:/tmp/spark-d441bd67-6932-4c51-8823-3dff7a6a400d/userFiles-3f315fa1-1048-4e8c-812d-254c7b0efb09/spark_job_2.12-0.1.0.jar to class loader default
[2024-01-29T11:26:55.146+0000] {spark_submit.py:571} INFO - 24/01/29 11:26:55 INFO Utils: Successfully started service 'org.apache.spark.network.netty.NettyBlockTransferService' on port 38323.
[2024-01-29T11:26:55.146+0000] {spark_submit.py:571} INFO - 24/01/29 11:26:55 INFO NettyBlockTransferService: Server created on instance-1.europe-west9-a.c.data-lake-project-409321.internal:38323
[2024-01-29T11:26:55.148+0000] {spark_submit.py:571} INFO - 24/01/29 11:26:55 INFO BlockManager: Using org.apache.spark.storage.RandomBlockReplicationPolicy for block replication policy
[2024-01-29T11:26:55.156+0000] {spark_submit.py:571} INFO - 24/01/29 11:26:55 INFO BlockManagerMaster: Registering BlockManager BlockManagerId(driver, instance-1.europe-west9-a.c.data-lake-project-409321.internal, 38323, None)
[2024-01-29T11:26:55.160+0000] {spark_submit.py:571} INFO - 24/01/29 11:26:55 INFO BlockManagerMasterEndpoint: Registering block manager instance-1.europe-west9-a.c.data-lake-project-409321.internal:38323 with 434.4 MiB RAM, BlockManagerId(driver, instance-1.europe-west9-a.c.data-lake-project-409321.internal, 38323, None)
[2024-01-29T11:26:55.164+0000] {spark_submit.py:571} INFO - 24/01/29 11:26:55 INFO BlockManagerMaster: Registered BlockManager BlockManagerId(driver, instance-1.europe-west9-a.c.data-lake-project-409321.internal, 38323, None)
[2024-01-29T11:26:55.165+0000] {spark_submit.py:571} INFO - 24/01/29 11:26:55 INFO BlockManager: Initialized BlockManager: BlockManagerId(driver, instance-1.europe-west9-a.c.data-lake-project-409321.internal, 38323, None)
[2024-01-29T11:26:55.636+0000] {spark_submit.py:571} INFO - 24/01/29 11:26:55 INFO SharedState: Setting hive.metastore.warehouse.dir ('null') to the value of spark.sql.warehouse.dir.
[2024-01-29T11:26:55.639+0000] {spark_submit.py:571} INFO - 24/01/29 11:26:55 INFO SharedState: Warehouse path is 'file:/home/juniortemgoua0/DataLake/spark-warehouse'.
[2024-01-29T11:26:56.608+0000] {spark_submit.py:571} INFO - 24/01/29 11:26:56 WARN FileStreamSink: Assume no metadata directory. Error while looking for metadata directory in the path: gs://data-lake-buck/raw/football_data/competitions/2024-01-29/*.json.
[2024-01-29T11:26:56.608+0000] {spark_submit.py:571} INFO - org.apache.hadoop.fs.UnsupportedFileSystemException: No FileSystem for scheme "gs"
[2024-01-29T11:26:56.609+0000] {spark_submit.py:571} INFO - at org.apache.hadoop.fs.FileSystem.getFileSystemClass(FileSystem.java:3443)
[2024-01-29T11:26:56.609+0000] {spark_submit.py:571} INFO - at org.apache.hadoop.fs.FileSystem.createFileSystem(FileSystem.java:3466)
[2024-01-29T11:26:56.609+0000] {spark_submit.py:571} INFO - at org.apache.hadoop.fs.FileSystem.access$300(FileSystem.java:174)
[2024-01-29T11:26:56.609+0000] {spark_submit.py:571} INFO - at org.apache.hadoop.fs.FileSystem$Cache.getInternal(FileSystem.java:3574)
[2024-01-29T11:26:56.609+0000] {spark_submit.py:571} INFO - at org.apache.hadoop.fs.FileSystem$Cache.get(FileSystem.java:3521)
[2024-01-29T11:26:56.609+0000] {spark_submit.py:571} INFO - at org.apache.hadoop.fs.FileSystem.get(FileSystem.java:540)
[2024-01-29T11:26:56.610+0000] {spark_submit.py:571} INFO - at org.apache.hadoop.fs.Path.getFileSystem(Path.java:365)
[2024-01-29T11:26:56.610+0000] {spark_submit.py:571} INFO - at org.apache.spark.sql.execution.streaming.FileStreamSink$.hasMetadata(FileStreamSink.scala:53)
[2024-01-29T11:26:56.610+0000] {spark_submit.py:571} INFO - at org.apache.spark.sql.execution.datasources.DataSource.resolveRelation(DataSource.scala:366)
[2024-01-29T11:26:56.610+0000] {spark_submit.py:571} INFO - at org.apache.spark.sql.DataFrameReader.loadV1Source(DataFrameReader.scala:229)
[2024-01-29T11:26:56.610+0000] {spark_submit.py:571} INFO - at org.apache.spark.sql.DataFrameReader.$anonfun$load$2(DataFrameReader.scala:211)
[2024-01-29T11:26:56.610+0000] {spark_submit.py:571} INFO - at scala.Option.getOrElse(Option.scala:189)
[2024-01-29T11:26:56.610+0000] {spark_submit.py:571} INFO - at org.apache.spark.sql.DataFrameReader.load(DataFrameReader.scala:211)
[2024-01-29T11:26:56.611+0000] {spark_submit.py:571} INFO - at org.apache.spark.sql.DataFrameReader.json(DataFrameReader.scala:362)
[2024-01-29T11:26:56.611+0000] {spark_submit.py:571} INFO - at org.apache.spark.sql.DataFrameReader.json(DataFrameReader.scala:341)
[2024-01-29T11:26:56.611+0000] {spark_submit.py:571} INFO - at RawToFormatted$.formattedCompetition(RawToFormatted.scala:34)
[2024-01-29T11:26:56.611+0000] {spark_submit.py:571} INFO - at RawToFormatted$.main(RawToFormatted.scala:21)
[2024-01-29T11:26:56.611+0000] {spark_submit.py:571} INFO - at RawToFormatted.main(RawToFormatted.scala)
[2024-01-29T11:26:56.611+0000] {spark_submit.py:571} INFO - at java.base/jdk.internal.reflect.NativeMethodAccessorImpl.invoke0(Native Method)
[2024-01-29T11:26:56.611+0000] {spark_submit.py:571} INFO - at java.base/jdk.internal.reflect.NativeMethodAccessorImpl.invoke(NativeMethodAccessorImpl.java:77)
[2024-01-29T11:26:56.611+0000] {spark_submit.py:571} INFO - at java.base/jdk.internal.reflect.DelegatingMethodAccessorImpl.invoke(DelegatingMethodAccessorImpl.java:43)
[2024-01-29T11:26:56.612+0000] {spark_submit.py:571} INFO - at java.base/java.lang.reflect.Method.invoke(Method.java:568)
[2024-01-29T11:26:56.612+0000] {spark_submit.py:571} INFO - at org.apache.spark.deploy.JavaMainApplication.start(SparkApplication.scala:52)
[2024-01-29T11:26:56.612+0000] {spark_submit.py:571} INFO - at org.apache.spark.deploy.SparkSubmit.org$apache$spark$deploy$SparkSubmit$$runMain(SparkSubmit.scala:1029)
[2024-01-29T11:26:56.612+0000] {spark_submit.py:571} INFO - at org.apache.spark.deploy.SparkSubmit.doRunMain$1(SparkSubmit.scala:194)
[2024-01-29T11:26:56.612+0000] {spark_submit.py:571} INFO - at org.apache.spark.deploy.SparkSubmit.submit(SparkSubmit.scala:217)
[2024-01-29T11:26:56.615+0000] {spark_submit.py:571} INFO - at org.apache.spark.deploy.SparkSubmit.doSubmit(SparkSubmit.scala:91)
[2024-01-29T11:26:56.615+0000] {spark_submit.py:571} INFO - at org.apache.spark.deploy.SparkSubmit$$anon$2.doSubmit(SparkSubmit.scala:1120)
[2024-01-29T11:26:56.615+0000] {spark_submit.py:571} INFO - at org.apache.spark.deploy.SparkSubmit$.main(SparkSubmit.scala:1129)
[2024-01-29T11:26:56.616+0000] {spark_submit.py:571} INFO - at org.apache.spark.deploy.SparkSubmit.main(SparkSubmit.scala)
[2024-01-29T11:26:56.616+0000] {spark_submit.py:571} INFO - Exception in thread "main" org.apache.hadoop.fs.UnsupportedFileSystemException: No FileSystem for scheme "gs"
[2024-01-29T11:26:56.616+0000] {spark_submit.py:571} INFO - at org.apache.hadoop.fs.FileSystem.getFileSystemClass(FileSystem.java:3443)
[2024-01-29T11:26:56.616+0000] {spark_submit.py:571} INFO - at org.apache.hadoop.fs.FileSystem.createFileSystem(FileSystem.java:3466)
[2024-01-29T11:26:56.616+0000] {spark_submit.py:571} INFO - at org.apache.hadoop.fs.FileSystem.access$300(FileSystem.java:174)
[2024-01-29T11:26:56.616+0000] {spark_submit.py:571} INFO - at org.apache.hadoop.fs.FileSystem$Cache.getInternal(FileSystem.java:3574)
[2024-01-29T11:26:56.617+0000] {spark_submit.py:571} INFO - at org.apache.hadoop.fs.FileSystem$Cache.get(FileSystem.java:3521)
[2024-01-29T11:26:56.617+0000] {spark_submit.py:571} INFO - at org.apache.hadoop.fs.FileSystem.get(FileSystem.java:540)
[2024-01-29T11:26:56.617+0000] {spark_submit.py:571} INFO - at org.apache.hadoop.fs.Path.getFileSystem(Path.java:365)
[2024-01-29T11:26:56.617+0000] {spark_submit.py:571} INFO - at org.apache.spark.sql.execution.datasources.DataSource$.$anonfun$checkAndGlobPathIfNecessary$1(DataSource.scala:724)
[2024-01-29T11:26:56.617+0000] {spark_submit.py:571} INFO - at scala.collection.immutable.List.map(List.scala:293)
[2024-01-29T11:26:56.617+0000] {spark_submit.py:571} INFO - at org.apache.spark.sql.execution.datasources.DataSource$.checkAndGlobPathIfNecessary(DataSource.scala:722)
[2024-01-29T11:26:56.617+0000] {spark_submit.py:571} INFO - at org.apache.spark.sql.execution.datasources.DataSource.checkAndGlobPathIfNecessary(DataSource.scala:551)
[2024-01-29T11:26:56.617+0000] {spark_submit.py:571} INFO - at org.apache.spark.sql.execution.datasources.DataSource.resolveRelation(DataSource.scala:404)
[2024-01-29T11:26:56.618+0000] {spark_submit.py:571} INFO - at org.apache.spark.sql.DataFrameReader.loadV1Source(DataFrameReader.scala:229)
[2024-01-29T11:26:56.618+0000] {spark_submit.py:571} INFO - at org.apache.spark.sql.DataFrameReader.$anonfun$load$2(DataFrameReader.scala:211)
[2024-01-29T11:26:56.618+0000] {spark_submit.py:571} INFO - at scala.Option.getOrElse(Option.scala:189)
[2024-01-29T11:26:56.618+0000] {spark_submit.py:571} INFO - at org.apache.spark.sql.DataFrameReader.load(DataFrameReader.scala:211)
[2024-01-29T11:26:56.618+0000] {spark_submit.py:571} INFO - at org.apache.spark.sql.DataFrameReader.json(DataFrameReader.scala:362)
[2024-01-29T11:26:56.618+0000] {spark_submit.py:571} INFO - at org.apache.spark.sql.DataFrameReader.json(DataFrameReader.scala:341)
[2024-01-29T11:26:56.618+0000] {spark_submit.py:571} INFO - at RawToFormatted$.formattedCompetition(RawToFormatted.scala:34)
[2024-01-29T11:26:56.618+0000] {spark_submit.py:571} INFO - at RawToFormatted$.main(RawToFormatted.scala:21)
[2024-01-29T11:26:56.619+0000] {spark_submit.py:571} INFO - at RawToFormatted.main(RawToFormatted.scala)
[2024-01-29T11:26:56.619+0000] {spark_submit.py:571} INFO - at java.base/jdk.internal.reflect.NativeMethodAccessorImpl.invoke0(Native Method)
[2024-01-29T11:26:56.619+0000] {spark_submit.py:571} INFO - at java.base/jdk.internal.reflect.NativeMethodAccessorImpl.invoke(NativeMethodAccessorImpl.java:77)
[2024-01-29T11:26:56.619+0000] {spark_submit.py:571} INFO - at java.base/jdk.internal.reflect.DelegatingMethodAccessorImpl.invoke(DelegatingMethodAccessorImpl.java:43)
[2024-01-29T11:26:56.619+0000] {spark_submit.py:571} INFO - at java.base/java.lang.reflect.Method.invoke(Method.java:568)
[2024-01-29T11:26:56.619+0000] {spark_submit.py:571} INFO - at org.apache.spark.deploy.JavaMainApplication.start(SparkApplication.scala:52)
[2024-01-29T11:26:56.619+0000] {spark_submit.py:571} INFO - at org.apache.spark.deploy.SparkSubmit.org$apache$spark$deploy$SparkSubmit$$runMain(SparkSubmit.scala:1029)
[2024-01-29T11:26:56.619+0000] {spark_submit.py:571} INFO - at org.apache.spark.deploy.SparkSubmit.doRunMain$1(SparkSubmit.scala:194)
[2024-01-29T11:26:56.620+0000] {spark_submit.py:571} INFO - at org.apache.spark.deploy.SparkSubmit.submit(SparkSubmit.scala:217)
[2024-01-29T11:26:56.620+0000] {spark_submit.py:571} INFO - at org.apache.spark.deploy.SparkSubmit.doSubmit(SparkSubmit.scala:91)
[2024-01-29T11:26:56.620+0000] {spark_submit.py:571} INFO - at org.apache.spark.deploy.SparkSubmit$$anon$2.doSubmit(SparkSubmit.scala:1120)
[2024-01-29T11:26:56.620+0000] {spark_submit.py:571} INFO - at org.apache.spark.deploy.SparkSubmit$.main(SparkSubmit.scala:1129)
[2024-01-29T11:26:56.620+0000] {spark_submit.py:571} INFO - at org.apache.spark.deploy.SparkSubmit.main(SparkSubmit.scala)
[2024-01-29T11:26:56.625+0000] {spark_submit.py:571} INFO - 24/01/29 11:26:56 INFO SparkContext: Invoking stop() from shutdown hook
[2024-01-29T11:26:56.626+0000] {spark_submit.py:571} INFO - 24/01/29 11:26:56 INFO SparkContext: SparkContext is stopping with exitCode 0.
[2024-01-29T11:26:56.642+0000] {spark_submit.py:571} INFO - 24/01/29 11:26:56 INFO SparkUI: Stopped Spark web UI at http://instance-1.europe-west9-a.c.data-lake-project-409321.internal:4040
[2024-01-29T11:26:56.661+0000] {spark_submit.py:571} INFO - 24/01/29 11:26:56 INFO MapOutputTrackerMasterEndpoint: MapOutputTrackerMasterEndpoint stopped!
[2024-01-29T11:26:56.678+0000] {spark_submit.py:571} INFO - 24/01/29 11:26:56 INFO MemoryStore: MemoryStore cleared
[2024-01-29T11:26:56.679+0000] {spark_submit.py:571} INFO - 24/01/29 11:26:56 INFO BlockManager: BlockManager stopped
[2024-01-29T11:26:56.687+0000] {spark_submit.py:571} INFO - 24/01/29 11:26:56 INFO BlockManagerMaster: BlockManagerMaster stopped
[2024-01-29T11:26:56.691+0000] {spark_submit.py:571} INFO - 24/01/29 11:26:56 INFO OutputCommitCoordinator$OutputCommitCoordinatorEndpoint: OutputCommitCoordinator stopped!
[2024-01-29T11:26:56.709+0000] {spark_submit.py:571} INFO - 24/01/29 11:26:56 INFO SparkContext: Successfully stopped SparkContext
[2024-01-29T11:26:56.709+0000] {spark_submit.py:571} INFO - 24/01/29 11:26:56 INFO ShutdownHookManager: Shutdown hook called
[2024-01-29T11:26:56.710+0000] {spark_submit.py:571} INFO - 24/01/29 11:26:56 INFO ShutdownHookManager: Deleting directory /tmp/spark-d441bd67-6932-4c51-8823-3dff7a6a400d
[2024-01-29T11:26:56.714+0000] {spark_submit.py:571} INFO - 24/01/29 11:26:56 INFO ShutdownHookManager: Deleting directory /tmp/spark-b5251a2b-d554-4f68-903b-1d0b21c06a7c
[2024-01-29T11:26:56.782+0000] {taskinstance.py:2698} ERROR - Task failed with exception
Traceback (most recent call last):
  File "/home/juniortemgoua0/DataLake/venv/lib/python3.8/site-packages/airflow/models/taskinstance.py", line 433, in _execute_task
    result = execute_callable(context=context, **execute_callable_kwargs)
  File "/home/juniortemgoua0/DataLake/venv/lib/python3.8/site-packages/airflow/providers/apache/spark/operators/spark_submit.py", line 174, in execute
    self._hook.submit(self._application)
  File "/home/juniortemgoua0/DataLake/venv/lib/python3.8/site-packages/airflow/providers/apache/spark/hooks/spark_submit.py", line 502, in submit
    raise AirflowException(
airflow.exceptions.AirflowException: Cannot execute: spark-submit --master local[*] --jars /home/juniortemgoua0/DataLake/utils/gcs-connector-hadoop3-latest.jar --name arrow-spark --class RawToFormatted --queue root.default --deploy-mode client /home/juniortemgoua0/DataLake/jobs/processes/scala/spark_process/target/scala-2.12/spark_job_2.12-0.1.0.jar gs://data-lake-buck. Error code is: 1.
[2024-01-29T11:26:56.785+0000] {taskinstance.py:1138} INFO - Marking task as UP_FOR_RETRY. dag_id=manage_data_lake_dag, task_id=spark_job_formatted, execution_date=20240129T110610, start_date=20240129T112649, end_date=20240129T112656
[2024-01-29T11:26:56.797+0000] {standard_task_runner.py:107} ERROR - Failed to execute job 103 for task spark_job_formatted (Cannot execute: spark-submit --master local[*] --jars /home/juniortemgoua0/DataLake/utils/gcs-connector-hadoop3-latest.jar --name arrow-spark --class RawToFormatted --queue root.default --deploy-mode client /home/juniortemgoua0/DataLake/jobs/processes/scala/spark_process/target/scala-2.12/spark_job_2.12-0.1.0.jar gs://data-lake-buck. Error code is: 1.; 97783)
[2024-01-29T11:26:56.821+0000] {local_task_job_runner.py:234} INFO - Task exited with return code 1
[2024-01-29T11:26:56.830+0000] {taskinstance.py:3280} INFO - 0 downstream tasks scheduled from follow-on schedule check
