[2024-01-29T11:32:00.040+0000] {taskinstance.py:1956} INFO - Dependencies all met for dep_context=non-requeueable deps ti=<TaskInstance: manage_data_lake_dag.spark_job_formatted manual__2024-01-29T11:06:10.951366+00:00 [queued]>
[2024-01-29T11:32:00.048+0000] {taskinstance.py:1956} INFO - Dependencies all met for dep_context=requeueable deps ti=<TaskInstance: manage_data_lake_dag.spark_job_formatted manual__2024-01-29T11:06:10.951366+00:00 [queued]>
[2024-01-29T11:32:00.048+0000] {taskinstance.py:2170} INFO - Starting attempt 6 of 6
[2024-01-29T11:32:00.136+0000] {taskinstance.py:2191} INFO - Executing <Task(SparkSubmitOperator): spark_job_formatted> on 2024-01-29 11:06:10.951366+00:00
[2024-01-29T11:32:00.140+0000] {standard_task_runner.py:60} INFO - Started process 100060 to run task
[2024-01-29T11:32:00.148+0000] {standard_task_runner.py:87} INFO - Running: ['airflow', 'tasks', 'run', 'manage_data_lake_dag', 'spark_job_formatted', 'manual__2024-01-29T11:06:10.951366+00:00', '--job-id', '104', '--raw', '--subdir', 'DAGS_FOLDER/data_lake_dag.py', '--cfg-path', '/tmp/tmpezxwgava']
[2024-01-29T11:32:00.151+0000] {standard_task_runner.py:88} INFO - Job 104: Subtask spark_job_formatted
[2024-01-29T11:32:00.193+0000] {task_command.py:423} INFO - Running <TaskInstance: manage_data_lake_dag.spark_job_formatted manual__2024-01-29T11:06:10.951366+00:00 [running]> on host instance-1.europe-west9-a.c.data-lake-project-409321.internal
[2024-01-29T11:32:00.244+0000] {taskinstance.py:2480} INFO - Exporting env vars: AIRFLOW_CTX_DAG_OWNER='juniortemgoua0' AIRFLOW_CTX_DAG_ID='manage_data_lake_dag' AIRFLOW_CTX_TASK_ID='spark_job_formatted' AIRFLOW_CTX_EXECUTION_DATE='2024-01-29T11:06:10.951366+00:00' AIRFLOW_CTX_TRY_NUMBER='6' AIRFLOW_CTX_DAG_RUN_ID='manual__2024-01-29T11:06:10.951366+00:00'
[2024-01-29T11:32:00.253+0000] {base.py:83} INFO - Using connection ID 'spark_default' for task execution.
[2024-01-29T11:32:00.254+0000] {spark_submit.py:401} INFO - Spark-Submit cmd: spark-submit --master local[*] --jars /home/juniortemgoua0/DataLake/utils/gcs-connector-hadoop3-latest.jar --name arrow-spark --class RawToFormatted --queue root.default --deploy-mode client /home/juniortemgoua0/DataLake/jobs/processes/scala/spark_process/target/scala-2.12/spark_job_2.12-0.1.0.jar gs://data-lake-buck
[2024-01-29T11:32:03.717+0000] {spark_submit.py:571} INFO - 24/01/29 11:32:03 WARN NativeCodeLoader: Unable to load native-hadoop library for your platform... using builtin-java classes where applicable
[2024-01-29T11:32:04.155+0000] {spark_submit.py:571} INFO - 24/01/29 11:32:04 INFO SparkContext: Running Spark version 3.5.0
[2024-01-29T11:32:04.156+0000] {spark_submit.py:571} INFO - 24/01/29 11:32:04 INFO SparkContext: OS info Linux, 5.15.0-1049-gcp, amd64
[2024-01-29T11:32:04.156+0000] {spark_submit.py:571} INFO - 24/01/29 11:32:04 INFO SparkContext: Java version 17.0.9
[2024-01-29T11:32:04.208+0000] {spark_submit.py:571} INFO - 24/01/29 11:32:04 INFO ResourceUtils: ==============================================================
[2024-01-29T11:32:04.209+0000] {spark_submit.py:571} INFO - 24/01/29 11:32:04 INFO ResourceUtils: No custom resources configured for spark.driver.
[2024-01-29T11:32:04.209+0000] {spark_submit.py:571} INFO - 24/01/29 11:32:04 INFO ResourceUtils: ==============================================================
[2024-01-29T11:32:04.211+0000] {spark_submit.py:571} INFO - 24/01/29 11:32:04 INFO SparkContext: Submitted application: RawToFormatted
[2024-01-29T11:32:04.252+0000] {spark_submit.py:571} INFO - 24/01/29 11:32:04 INFO ResourceProfile: Default ResourceProfile created, executor resources: Map(cores -> name: cores, amount: 1, script: , vendor: , memory -> name: memory, amount: 1024, script: , vendor: , offHeap -> name: offHeap, amount: 0, script: , vendor: ), task resources: Map(cpus -> name: cpus, amount: 1.0)
[2024-01-29T11:32:04.266+0000] {spark_submit.py:571} INFO - 24/01/29 11:32:04 INFO ResourceProfile: Limiting resource is cpu
[2024-01-29T11:32:04.267+0000] {spark_submit.py:571} INFO - 24/01/29 11:32:04 INFO ResourceProfileManager: Added ResourceProfile id: 0
[2024-01-29T11:32:04.380+0000] {spark_submit.py:571} INFO - 24/01/29 11:32:04 INFO SecurityManager: Changing view acls to: juniortemgoua0
[2024-01-29T11:32:04.381+0000] {spark_submit.py:571} INFO - 24/01/29 11:32:04 INFO SecurityManager: Changing modify acls to: juniortemgoua0
[2024-01-29T11:32:04.382+0000] {spark_submit.py:571} INFO - 24/01/29 11:32:04 INFO SecurityManager: Changing view acls groups to:
[2024-01-29T11:32:04.383+0000] {spark_submit.py:571} INFO - 24/01/29 11:32:04 INFO SecurityManager: Changing modify acls groups to:
[2024-01-29T11:32:04.383+0000] {spark_submit.py:571} INFO - 24/01/29 11:32:04 INFO SecurityManager: SecurityManager: authentication disabled; ui acls disabled; users with view permissions: juniortemgoua0; groups with view permissions: EMPTY; users with modify permissions: juniortemgoua0; groups with modify permissions: EMPTY
[2024-01-29T11:32:04.819+0000] {spark_submit.py:571} INFO - 24/01/29 11:32:04 INFO Utils: Successfully started service 'sparkDriver' on port 45791.
[2024-01-29T11:32:04.907+0000] {spark_submit.py:571} INFO - 24/01/29 11:32:04 INFO SparkEnv: Registering MapOutputTracker
[2024-01-29T11:32:04.971+0000] {spark_submit.py:571} INFO - 24/01/29 11:32:04 INFO SparkEnv: Registering BlockManagerMaster
[2024-01-29T11:32:05.011+0000] {spark_submit.py:571} INFO - 24/01/29 11:32:05 INFO BlockManagerMasterEndpoint: Using org.apache.spark.storage.DefaultTopologyMapper for getting topology information
[2024-01-29T11:32:05.013+0000] {spark_submit.py:571} INFO - 24/01/29 11:32:05 INFO BlockManagerMasterEndpoint: BlockManagerMasterEndpoint up
[2024-01-29T11:32:05.020+0000] {spark_submit.py:571} INFO - 24/01/29 11:32:05 INFO SparkEnv: Registering BlockManagerMasterHeartbeat
[2024-01-29T11:32:05.068+0000] {spark_submit.py:571} INFO - 24/01/29 11:32:05 INFO DiskBlockManager: Created local directory at /tmp/blockmgr-14be3538-0ff8-4077-a381-d0c3a70c069c
[2024-01-29T11:32:05.093+0000] {spark_submit.py:571} INFO - 24/01/29 11:32:05 INFO MemoryStore: MemoryStore started with capacity 434.4 MiB
[2024-01-29T11:32:05.118+0000] {spark_submit.py:571} INFO - 24/01/29 11:32:05 INFO SparkEnv: Registering OutputCommitCoordinator
[2024-01-29T11:32:05.343+0000] {spark_submit.py:571} INFO - 24/01/29 11:32:05 INFO JettyUtils: Start Jetty 0.0.0.0:4040 for SparkUI
[2024-01-29T11:32:05.479+0000] {spark_submit.py:571} INFO - 24/01/29 11:32:05 INFO Utils: Successfully started service 'SparkUI' on port 4040.
[2024-01-29T11:32:05.546+0000] {spark_submit.py:571} INFO - 24/01/29 11:32:05 INFO SparkContext: Added JAR file:///home/juniortemgoua0/DataLake/utils/gcs-connector-hadoop3-latest.jar at spark://instance-1.europe-west9-a.c.data-lake-project-409321.internal:45791/jars/gcs-connector-hadoop3-latest.jar with timestamp 1706527924139
[2024-01-29T11:32:05.547+0000] {spark_submit.py:571} INFO - 24/01/29 11:32:05 INFO SparkContext: Added JAR file:/home/juniortemgoua0/DataLake/jobs/processes/scala/spark_process/target/scala-2.12/spark_job_2.12-0.1.0.jar at spark://instance-1.europe-west9-a.c.data-lake-project-409321.internal:45791/jars/spark_job_2.12-0.1.0.jar with timestamp 1706527924139
[2024-01-29T11:32:05.707+0000] {spark_submit.py:571} INFO - 24/01/29 11:32:05 INFO Executor: Starting executor ID driver on host instance-1.europe-west9-a.c.data-lake-project-409321.internal
[2024-01-29T11:32:05.708+0000] {spark_submit.py:571} INFO - 24/01/29 11:32:05 INFO Executor: OS info Linux, 5.15.0-1049-gcp, amd64
[2024-01-29T11:32:05.709+0000] {spark_submit.py:571} INFO - 24/01/29 11:32:05 INFO Executor: Java version 17.0.9
[2024-01-29T11:32:05.722+0000] {spark_submit.py:571} INFO - 24/01/29 11:32:05 INFO Executor: Starting executor with user classpath (userClassPathFirst = false): ''
[2024-01-29T11:32:05.724+0000] {spark_submit.py:571} INFO - 24/01/29 11:32:05 INFO Executor: Created or updated repl class loader org.apache.spark.util.MutableURLClassLoader@4fc5563d for default.
[2024-01-29T11:32:05.793+0000] {spark_submit.py:571} INFO - 24/01/29 11:32:05 INFO Executor: Fetching spark://instance-1.europe-west9-a.c.data-lake-project-409321.internal:45791/jars/spark_job_2.12-0.1.0.jar with timestamp 1706527924139
[2024-01-29T11:32:05.902+0000] {spark_submit.py:571} INFO - 24/01/29 11:32:05 INFO TransportClientFactory: Successfully created connection to instance-1.europe-west9-a.c.data-lake-project-409321.internal/10.200.0.5:45791 after 54 ms (0 ms spent in bootstraps)
[2024-01-29T11:32:05.915+0000] {spark_submit.py:571} INFO - 24/01/29 11:32:05 INFO Utils: Fetching spark://instance-1.europe-west9-a.c.data-lake-project-409321.internal:45791/jars/spark_job_2.12-0.1.0.jar to /tmp/spark-d2715f1c-af4b-4173-8faa-6bbf7f369aa9/userFiles-cb388fe1-80d9-4d26-bf4f-be336c945f4d/fetchFileTemp13627638277190146578.tmp
[2024-01-29T11:32:05.995+0000] {spark_submit.py:571} INFO - 24/01/29 11:32:05 INFO Executor: Adding file:/tmp/spark-d2715f1c-af4b-4173-8faa-6bbf7f369aa9/userFiles-cb388fe1-80d9-4d26-bf4f-be336c945f4d/spark_job_2.12-0.1.0.jar to class loader default
[2024-01-29T11:32:05.995+0000] {spark_submit.py:571} INFO - 24/01/29 11:32:05 INFO Executor: Fetching spark://instance-1.europe-west9-a.c.data-lake-project-409321.internal:45791/jars/gcs-connector-hadoop3-latest.jar with timestamp 1706527924139
[2024-01-29T11:32:05.995+0000] {spark_submit.py:571} INFO - 24/01/29 11:32:05 INFO Utils: Fetching spark://instance-1.europe-west9-a.c.data-lake-project-409321.internal:45791/jars/gcs-connector-hadoop3-latest.jar to /tmp/spark-d2715f1c-af4b-4173-8faa-6bbf7f369aa9/userFiles-cb388fe1-80d9-4d26-bf4f-be336c945f4d/fetchFileTemp98411953954992779.tmp
[2024-01-29T11:32:06.368+0000] {spark_submit.py:571} INFO - 24/01/29 11:32:06 INFO Executor: Adding file:/tmp/spark-d2715f1c-af4b-4173-8faa-6bbf7f369aa9/userFiles-cb388fe1-80d9-4d26-bf4f-be336c945f4d/gcs-connector-hadoop3-latest.jar to class loader default
[2024-01-29T11:32:06.377+0000] {spark_submit.py:571} INFO - 24/01/29 11:32:06 INFO Utils: Successfully started service 'org.apache.spark.network.netty.NettyBlockTransferService' on port 37711.
[2024-01-29T11:32:06.378+0000] {spark_submit.py:571} INFO - 24/01/29 11:32:06 INFO NettyBlockTransferService: Server created on instance-1.europe-west9-a.c.data-lake-project-409321.internal:37711
[2024-01-29T11:32:06.385+0000] {spark_submit.py:571} INFO - 24/01/29 11:32:06 INFO BlockManager: Using org.apache.spark.storage.RandomBlockReplicationPolicy for block replication policy
[2024-01-29T11:32:06.403+0000] {spark_submit.py:571} INFO - 24/01/29 11:32:06 INFO BlockManagerMaster: Registering BlockManager BlockManagerId(driver, instance-1.europe-west9-a.c.data-lake-project-409321.internal, 37711, None)
[2024-01-29T11:32:06.407+0000] {spark_submit.py:571} INFO - 24/01/29 11:32:06 INFO BlockManagerMasterEndpoint: Registering block manager instance-1.europe-west9-a.c.data-lake-project-409321.internal:37711 with 434.4 MiB RAM, BlockManagerId(driver, instance-1.europe-west9-a.c.data-lake-project-409321.internal, 37711, None)
[2024-01-29T11:32:06.410+0000] {spark_submit.py:571} INFO - 24/01/29 11:32:06 INFO BlockManagerMaster: Registered BlockManager BlockManagerId(driver, instance-1.europe-west9-a.c.data-lake-project-409321.internal, 37711, None)
[2024-01-29T11:32:06.412+0000] {spark_submit.py:571} INFO - 24/01/29 11:32:06 INFO BlockManager: Initialized BlockManager: BlockManagerId(driver, instance-1.europe-west9-a.c.data-lake-project-409321.internal, 37711, None)
[2024-01-29T11:32:07.011+0000] {spark_submit.py:571} INFO - 24/01/29 11:32:07 INFO SharedState: Setting hive.metastore.warehouse.dir ('null') to the value of spark.sql.warehouse.dir.
[2024-01-29T11:32:07.019+0000] {spark_submit.py:571} INFO - 24/01/29 11:32:07 INFO SharedState: Warehouse path is 'file:/home/juniortemgoua0/DataLake/spark-warehouse'.
[2024-01-29T11:32:08.221+0000] {spark_submit.py:571} INFO - 24/01/29 11:32:08 WARN FileStreamSink: Assume no metadata directory. Error while looking for metadata directory in the path: gs://data-lake-buck/raw/football_data/competitions/2024-01-29/*.json.
[2024-01-29T11:32:08.221+0000] {spark_submit.py:571} INFO - org.apache.hadoop.fs.UnsupportedFileSystemException: No FileSystem for scheme "gs"
[2024-01-29T11:32:08.221+0000] {spark_submit.py:571} INFO - at org.apache.hadoop.fs.FileSystem.getFileSystemClass(FileSystem.java:3443)
[2024-01-29T11:32:08.222+0000] {spark_submit.py:571} INFO - at org.apache.hadoop.fs.FileSystem.createFileSystem(FileSystem.java:3466)
[2024-01-29T11:32:08.222+0000] {spark_submit.py:571} INFO - at org.apache.hadoop.fs.FileSystem.access$300(FileSystem.java:174)
[2024-01-29T11:32:08.222+0000] {spark_submit.py:571} INFO - at org.apache.hadoop.fs.FileSystem$Cache.getInternal(FileSystem.java:3574)
[2024-01-29T11:32:08.222+0000] {spark_submit.py:571} INFO - at org.apache.hadoop.fs.FileSystem$Cache.get(FileSystem.java:3521)
[2024-01-29T11:32:08.222+0000] {spark_submit.py:571} INFO - at org.apache.hadoop.fs.FileSystem.get(FileSystem.java:540)
[2024-01-29T11:32:08.222+0000] {spark_submit.py:571} INFO - at org.apache.hadoop.fs.Path.getFileSystem(Path.java:365)
[2024-01-29T11:32:08.222+0000] {spark_submit.py:571} INFO - at org.apache.spark.sql.execution.streaming.FileStreamSink$.hasMetadata(FileStreamSink.scala:53)
[2024-01-29T11:32:08.222+0000] {spark_submit.py:571} INFO - at org.apache.spark.sql.execution.datasources.DataSource.resolveRelation(DataSource.scala:366)
[2024-01-29T11:32:08.222+0000] {spark_submit.py:571} INFO - at org.apache.spark.sql.DataFrameReader.loadV1Source(DataFrameReader.scala:229)
[2024-01-29T11:32:08.223+0000] {spark_submit.py:571} INFO - at org.apache.spark.sql.DataFrameReader.$anonfun$load$2(DataFrameReader.scala:211)
[2024-01-29T11:32:08.223+0000] {spark_submit.py:571} INFO - at scala.Option.getOrElse(Option.scala:189)
[2024-01-29T11:32:08.223+0000] {spark_submit.py:571} INFO - at org.apache.spark.sql.DataFrameReader.load(DataFrameReader.scala:211)
[2024-01-29T11:32:08.223+0000] {spark_submit.py:571} INFO - at org.apache.spark.sql.DataFrameReader.json(DataFrameReader.scala:362)
[2024-01-29T11:32:08.223+0000] {spark_submit.py:571} INFO - at org.apache.spark.sql.DataFrameReader.json(DataFrameReader.scala:341)
[2024-01-29T11:32:08.223+0000] {spark_submit.py:571} INFO - at RawToFormatted$.formattedCompetition(RawToFormatted.scala:34)
[2024-01-29T11:32:08.223+0000] {spark_submit.py:571} INFO - at RawToFormatted$.main(RawToFormatted.scala:21)
[2024-01-29T11:32:08.223+0000] {spark_submit.py:571} INFO - at RawToFormatted.main(RawToFormatted.scala)
[2024-01-29T11:32:08.224+0000] {spark_submit.py:571} INFO - at java.base/jdk.internal.reflect.NativeMethodAccessorImpl.invoke0(Native Method)
[2024-01-29T11:32:08.224+0000] {spark_submit.py:571} INFO - at java.base/jdk.internal.reflect.NativeMethodAccessorImpl.invoke(NativeMethodAccessorImpl.java:77)
[2024-01-29T11:32:08.224+0000] {spark_submit.py:571} INFO - at java.base/jdk.internal.reflect.DelegatingMethodAccessorImpl.invoke(DelegatingMethodAccessorImpl.java:43)
[2024-01-29T11:32:08.224+0000] {spark_submit.py:571} INFO - at java.base/java.lang.reflect.Method.invoke(Method.java:568)
[2024-01-29T11:32:08.224+0000] {spark_submit.py:571} INFO - at org.apache.spark.deploy.JavaMainApplication.start(SparkApplication.scala:52)
[2024-01-29T11:32:08.224+0000] {spark_submit.py:571} INFO - at org.apache.spark.deploy.SparkSubmit.org$apache$spark$deploy$SparkSubmit$$runMain(SparkSubmit.scala:1029)
[2024-01-29T11:32:08.225+0000] {spark_submit.py:571} INFO - at org.apache.spark.deploy.SparkSubmit.doRunMain$1(SparkSubmit.scala:194)
[2024-01-29T11:32:08.225+0000] {spark_submit.py:571} INFO - at org.apache.spark.deploy.SparkSubmit.submit(SparkSubmit.scala:217)
[2024-01-29T11:32:08.225+0000] {spark_submit.py:571} INFO - at org.apache.spark.deploy.SparkSubmit.doSubmit(SparkSubmit.scala:91)
[2024-01-29T11:32:08.225+0000] {spark_submit.py:571} INFO - at org.apache.spark.deploy.SparkSubmit$$anon$2.doSubmit(SparkSubmit.scala:1120)
[2024-01-29T11:32:08.226+0000] {spark_submit.py:571} INFO - at org.apache.spark.deploy.SparkSubmit$.main(SparkSubmit.scala:1129)
[2024-01-29T11:32:08.226+0000] {spark_submit.py:571} INFO - at org.apache.spark.deploy.SparkSubmit.main(SparkSubmit.scala)
[2024-01-29T11:32:08.229+0000] {spark_submit.py:571} INFO - Exception in thread "main" org.apache.hadoop.fs.UnsupportedFileSystemException: No FileSystem for scheme "gs"
[2024-01-29T11:32:08.229+0000] {spark_submit.py:571} INFO - at org.apache.hadoop.fs.FileSystem.getFileSystemClass(FileSystem.java:3443)
[2024-01-29T11:32:08.229+0000] {spark_submit.py:571} INFO - at org.apache.hadoop.fs.FileSystem.createFileSystem(FileSystem.java:3466)
[2024-01-29T11:32:08.230+0000] {spark_submit.py:571} INFO - at org.apache.hadoop.fs.FileSystem.access$300(FileSystem.java:174)
[2024-01-29T11:32:08.230+0000] {spark_submit.py:571} INFO - at org.apache.hadoop.fs.FileSystem$Cache.getInternal(FileSystem.java:3574)
[2024-01-29T11:32:08.230+0000] {spark_submit.py:571} INFO - at org.apache.hadoop.fs.FileSystem$Cache.get(FileSystem.java:3521)
[2024-01-29T11:32:08.230+0000] {spark_submit.py:571} INFO - at org.apache.hadoop.fs.FileSystem.get(FileSystem.java:540)
[2024-01-29T11:32:08.231+0000] {spark_submit.py:571} INFO - at org.apache.hadoop.fs.Path.getFileSystem(Path.java:365)
[2024-01-29T11:32:08.231+0000] {spark_submit.py:571} INFO - at org.apache.spark.sql.execution.datasources.DataSource$.$anonfun$checkAndGlobPathIfNecessary$1(DataSource.scala:724)
[2024-01-29T11:32:08.231+0000] {spark_submit.py:571} INFO - at scala.collection.immutable.List.map(List.scala:293)
[2024-01-29T11:32:08.231+0000] {spark_submit.py:571} INFO - at org.apache.spark.sql.execution.datasources.DataSource$.checkAndGlobPathIfNecessary(DataSource.scala:722)
[2024-01-29T11:32:08.232+0000] {spark_submit.py:571} INFO - at org.apache.spark.sql.execution.datasources.DataSource.checkAndGlobPathIfNecessary(DataSource.scala:551)
[2024-01-29T11:32:08.232+0000] {spark_submit.py:571} INFO - at org.apache.spark.sql.execution.datasources.DataSource.resolveRelation(DataSource.scala:404)
[2024-01-29T11:32:08.233+0000] {spark_submit.py:571} INFO - at org.apache.spark.sql.DataFrameReader.loadV1Source(DataFrameReader.scala:229)
[2024-01-29T11:32:08.233+0000] {spark_submit.py:571} INFO - at org.apache.spark.sql.DataFrameReader.$anonfun$load$2(DataFrameReader.scala:211)
[2024-01-29T11:32:08.233+0000] {spark_submit.py:571} INFO - at scala.Option.getOrElse(Option.scala:189)
[2024-01-29T11:32:08.233+0000] {spark_submit.py:571} INFO - at org.apache.spark.sql.DataFrameReader.load(DataFrameReader.scala:211)
[2024-01-29T11:32:08.233+0000] {spark_submit.py:571} INFO - at org.apache.spark.sql.DataFrameReader.json(DataFrameReader.scala:362)
[2024-01-29T11:32:08.233+0000] {spark_submit.py:571} INFO - at org.apache.spark.sql.DataFrameReader.json(DataFrameReader.scala:341)
[2024-01-29T11:32:08.234+0000] {spark_submit.py:571} INFO - at RawToFormatted$.formattedCompetition(RawToFormatted.scala:34)
[2024-01-29T11:32:08.234+0000] {spark_submit.py:571} INFO - at RawToFormatted$.main(RawToFormatted.scala:21)
[2024-01-29T11:32:08.234+0000] {spark_submit.py:571} INFO - at RawToFormatted.main(RawToFormatted.scala)
[2024-01-29T11:32:08.234+0000] {spark_submit.py:571} INFO - at java.base/jdk.internal.reflect.NativeMethodAccessorImpl.invoke0(Native Method)
[2024-01-29T11:32:08.234+0000] {spark_submit.py:571} INFO - at java.base/jdk.internal.reflect.NativeMethodAccessorImpl.invoke(NativeMethodAccessorImpl.java:77)
[2024-01-29T11:32:08.234+0000] {spark_submit.py:571} INFO - at java.base/jdk.internal.reflect.DelegatingMethodAccessorImpl.invoke(DelegatingMethodAccessorImpl.java:43)
[2024-01-29T11:32:08.234+0000] {spark_submit.py:571} INFO - at java.base/java.lang.reflect.Method.invoke(Method.java:568)
[2024-01-29T11:32:08.234+0000] {spark_submit.py:571} INFO - at org.apache.spark.deploy.JavaMainApplication.start(SparkApplication.scala:52)
[2024-01-29T11:32:08.235+0000] {spark_submit.py:571} INFO - at org.apache.spark.deploy.SparkSubmit.org$apache$spark$deploy$SparkSubmit$$runMain(SparkSubmit.scala:1029)
[2024-01-29T11:32:08.235+0000] {spark_submit.py:571} INFO - at org.apache.spark.deploy.SparkSubmit.doRunMain$1(SparkSubmit.scala:194)
[2024-01-29T11:32:08.235+0000] {spark_submit.py:571} INFO - at org.apache.spark.deploy.SparkSubmit.submit(SparkSubmit.scala:217)
[2024-01-29T11:32:08.235+0000] {spark_submit.py:571} INFO - at org.apache.spark.deploy.SparkSubmit.doSubmit(SparkSubmit.scala:91)
[2024-01-29T11:32:08.235+0000] {spark_submit.py:571} INFO - at org.apache.spark.deploy.SparkSubmit$$anon$2.doSubmit(SparkSubmit.scala:1120)
[2024-01-29T11:32:08.236+0000] {spark_submit.py:571} INFO - at org.apache.spark.deploy.SparkSubmit$.main(SparkSubmit.scala:1129)
[2024-01-29T11:32:08.236+0000] {spark_submit.py:571} INFO - at org.apache.spark.deploy.SparkSubmit.main(SparkSubmit.scala)
[2024-01-29T11:32:08.246+0000] {spark_submit.py:571} INFO - 24/01/29 11:32:08 INFO SparkContext: Invoking stop() from shutdown hook
[2024-01-29T11:32:08.247+0000] {spark_submit.py:571} INFO - 24/01/29 11:32:08 INFO SparkContext: SparkContext is stopping with exitCode 0.
[2024-01-29T11:32:08.261+0000] {spark_submit.py:571} INFO - 24/01/29 11:32:08 INFO SparkUI: Stopped Spark web UI at http://instance-1.europe-west9-a.c.data-lake-project-409321.internal:4040
[2024-01-29T11:32:08.283+0000] {spark_submit.py:571} INFO - 24/01/29 11:32:08 INFO MapOutputTrackerMasterEndpoint: MapOutputTrackerMasterEndpoint stopped!
[2024-01-29T11:32:08.303+0000] {spark_submit.py:571} INFO - 24/01/29 11:32:08 INFO MemoryStore: MemoryStore cleared
[2024-01-29T11:32:08.303+0000] {spark_submit.py:571} INFO - 24/01/29 11:32:08 INFO BlockManager: BlockManager stopped
[2024-01-29T11:32:08.311+0000] {spark_submit.py:571} INFO - 24/01/29 11:32:08 INFO BlockManagerMaster: BlockManagerMaster stopped
[2024-01-29T11:32:08.314+0000] {spark_submit.py:571} INFO - 24/01/29 11:32:08 INFO OutputCommitCoordinator$OutputCommitCoordinatorEndpoint: OutputCommitCoordinator stopped!
[2024-01-29T11:32:08.334+0000] {spark_submit.py:571} INFO - 24/01/29 11:32:08 INFO SparkContext: Successfully stopped SparkContext
[2024-01-29T11:32:08.334+0000] {spark_submit.py:571} INFO - 24/01/29 11:32:08 INFO ShutdownHookManager: Shutdown hook called
[2024-01-29T11:32:08.335+0000] {spark_submit.py:571} INFO - 24/01/29 11:32:08 INFO ShutdownHookManager: Deleting directory /tmp/spark-d2715f1c-af4b-4173-8faa-6bbf7f369aa9
[2024-01-29T11:32:08.344+0000] {spark_submit.py:571} INFO - 24/01/29 11:32:08 INFO ShutdownHookManager: Deleting directory /tmp/spark-234598b6-3fd8-4606-a83f-8216b37ae89b
[2024-01-29T11:32:08.421+0000] {taskinstance.py:2698} ERROR - Task failed with exception
Traceback (most recent call last):
  File "/home/juniortemgoua0/DataLake/venv/lib/python3.8/site-packages/airflow/models/taskinstance.py", line 433, in _execute_task
    result = execute_callable(context=context, **execute_callable_kwargs)
  File "/home/juniortemgoua0/DataLake/venv/lib/python3.8/site-packages/airflow/providers/apache/spark/operators/spark_submit.py", line 174, in execute
    self._hook.submit(self._application)
  File "/home/juniortemgoua0/DataLake/venv/lib/python3.8/site-packages/airflow/providers/apache/spark/hooks/spark_submit.py", line 502, in submit
    raise AirflowException(
airflow.exceptions.AirflowException: Cannot execute: spark-submit --master local[*] --jars /home/juniortemgoua0/DataLake/utils/gcs-connector-hadoop3-latest.jar --name arrow-spark --class RawToFormatted --queue root.default --deploy-mode client /home/juniortemgoua0/DataLake/jobs/processes/scala/spark_process/target/scala-2.12/spark_job_2.12-0.1.0.jar gs://data-lake-buck. Error code is: 1.
[2024-01-29T11:32:08.426+0000] {taskinstance.py:1138} INFO - Marking task as FAILED. dag_id=manage_data_lake_dag, task_id=spark_job_formatted, execution_date=20240129T110610, start_date=20240129T113200, end_date=20240129T113208
[2024-01-29T11:32:08.439+0000] {standard_task_runner.py:107} ERROR - Failed to execute job 104 for task spark_job_formatted (Cannot execute: spark-submit --master local[*] --jars /home/juniortemgoua0/DataLake/utils/gcs-connector-hadoop3-latest.jar --name arrow-spark --class RawToFormatted --queue root.default --deploy-mode client /home/juniortemgoua0/DataLake/jobs/processes/scala/spark_process/target/scala-2.12/spark_job_2.12-0.1.0.jar gs://data-lake-buck. Error code is: 1.; 100060)
[2024-01-29T11:32:08.448+0000] {local_task_job_runner.py:234} INFO - Task exited with return code 1
[2024-01-29T11:32:08.458+0000] {taskinstance.py:3280} INFO - 0 downstream tasks scheduled from follow-on schedule check
