[2024-01-30T02:49:54.082+0000] {taskinstance.py:1956} INFO - Dependencies all met for dep_context=non-requeueable deps ti=<TaskInstance: manage_data_lake_dag.local_job_raw_to_formatted scheduled__2024-01-16T00:00:00+00:00 [queued]>
[2024-01-30T02:49:54.087+0000] {taskinstance.py:1956} INFO - Dependencies all met for dep_context=requeueable deps ti=<TaskInstance: manage_data_lake_dag.local_job_raw_to_formatted scheduled__2024-01-16T00:00:00+00:00 [queued]>
[2024-01-30T02:49:54.088+0000] {taskinstance.py:2170} INFO - Starting attempt 1 of 6
[2024-01-30T02:49:54.101+0000] {taskinstance.py:2191} INFO - Executing <Task(SparkSubmitOperator): local_job_raw_to_formatted> on 2024-01-16 00:00:00+00:00
[2024-01-30T02:49:54.107+0000] {standard_task_runner.py:60} INFO - Started process 16571 to run task
[2024-01-30T02:49:54.112+0000] {standard_task_runner.py:87} INFO - Running: ['airflow', 'tasks', 'run', 'manage_data_lake_dag', 'local_job_raw_to_formatted', 'scheduled__2024-01-16T00:00:00+00:00', '--job-id', '165', '--raw', '--subdir', 'DAGS_FOLDER/data_lake_dag.py', '--cfg-path', '/tmp/tmpolltmxje']
[2024-01-30T02:49:54.115+0000] {standard_task_runner.py:88} INFO - Job 165: Subtask local_job_raw_to_formatted
[2024-01-30T02:49:54.159+0000] {task_command.py:423} INFO - Running <TaskInstance: manage_data_lake_dag.local_job_raw_to_formatted scheduled__2024-01-16T00:00:00+00:00 [running]> on host instance-1.europe-west9-a.c.data-lake-project-409321.internal
[2024-01-30T02:49:54.213+0000] {taskinstance.py:2480} INFO - Exporting env vars: AIRFLOW_CTX_DAG_OWNER='juniortemgoua0' AIRFLOW_CTX_DAG_ID='manage_data_lake_dag' AIRFLOW_CTX_TASK_ID='local_job_raw_to_formatted' AIRFLOW_CTX_EXECUTION_DATE='2024-01-16T00:00:00+00:00' AIRFLOW_CTX_TRY_NUMBER='1' AIRFLOW_CTX_DAG_RUN_ID='scheduled__2024-01-16T00:00:00+00:00'
[2024-01-30T02:49:54.220+0000] {base.py:83} INFO - Using connection ID 'spark_default' for task execution.
[2024-01-30T02:49:54.221+0000] {spark_submit.py:401} INFO - Spark-Submit cmd: spark-submit --master local[*] --conf spark.airflow.execution_date=2024-01-16 --name arrow-spark --class RawToFormatted --queue root.default --deploy-mode client /home/juniortemgoua0/DataLake/jobs/processes/scala/spark_process/target/scala-2.12/spark_job_2.12-0.1.0.jar hdfs://localhost:9000/data-lake
[2024-01-30T02:49:56.894+0000] {spark_submit.py:571} INFO - 24/01/30 02:49:56 INFO SparkContext: Running Spark version 3.5.0
[2024-01-30T02:49:56.900+0000] {spark_submit.py:571} INFO - 24/01/30 02:49:56 INFO SparkContext: OS info Linux, 5.15.0-1049-gcp, amd64
[2024-01-30T02:49:56.901+0000] {spark_submit.py:571} INFO - 24/01/30 02:49:56 INFO SparkContext: Java version 17.0.9
[2024-01-30T02:49:57.037+0000] {spark_submit.py:571} INFO - 24/01/30 02:49:57 WARN NativeCodeLoader: Unable to load native-hadoop library for your platform... using builtin-java classes where applicable
[2024-01-30T02:49:57.241+0000] {spark_submit.py:571} INFO - 24/01/30 02:49:57 INFO ResourceUtils: ==============================================================
[2024-01-30T02:49:57.243+0000] {spark_submit.py:571} INFO - 24/01/30 02:49:57 INFO ResourceUtils: No custom resources configured for spark.driver.
[2024-01-30T02:49:57.244+0000] {spark_submit.py:571} INFO - 24/01/30 02:49:57 INFO ResourceUtils: ==============================================================
[2024-01-30T02:49:57.245+0000] {spark_submit.py:571} INFO - 24/01/30 02:49:57 INFO SparkContext: Submitted application: RawToFormatted
[2024-01-30T02:49:57.302+0000] {spark_submit.py:571} INFO - 24/01/30 02:49:57 INFO ResourceProfile: Default ResourceProfile created, executor resources: Map(cores -> name: cores, amount: 1, script: , vendor: , memory -> name: memory, amount: 1024, script: , vendor: , offHeap -> name: offHeap, amount: 0, script: , vendor: ), task resources: Map(cpus -> name: cpus, amount: 1.0)
[2024-01-30T02:49:57.314+0000] {spark_submit.py:571} INFO - 24/01/30 02:49:57 INFO ResourceProfile: Limiting resource is cpu
[2024-01-30T02:49:57.316+0000] {spark_submit.py:571} INFO - 24/01/30 02:49:57 INFO ResourceProfileManager: Added ResourceProfile id: 0
[2024-01-30T02:49:57.399+0000] {spark_submit.py:571} INFO - 24/01/30 02:49:57 INFO SecurityManager: Changing view acls to: juniortemgoua0
[2024-01-30T02:49:57.400+0000] {spark_submit.py:571} INFO - 24/01/30 02:49:57 INFO SecurityManager: Changing modify acls to: juniortemgoua0
[2024-01-30T02:49:57.401+0000] {spark_submit.py:571} INFO - 24/01/30 02:49:57 INFO SecurityManager: Changing view acls groups to:
[2024-01-30T02:49:57.402+0000] {spark_submit.py:571} INFO - 24/01/30 02:49:57 INFO SecurityManager: Changing modify acls groups to:
[2024-01-30T02:49:57.403+0000] {spark_submit.py:571} INFO - 24/01/30 02:49:57 INFO SecurityManager: SecurityManager: authentication disabled; ui acls disabled; users with view permissions: juniortemgoua0; groups with view permissions: EMPTY; users with modify permissions: juniortemgoua0; groups with modify permissions: EMPTY
[2024-01-30T02:49:57.801+0000] {spark_submit.py:571} INFO - 24/01/30 02:49:57 INFO Utils: Successfully started service 'sparkDriver' on port 33919.
[2024-01-30T02:49:57.844+0000] {spark_submit.py:571} INFO - 24/01/30 02:49:57 INFO SparkEnv: Registering MapOutputTracker
[2024-01-30T02:49:57.899+0000] {spark_submit.py:571} INFO - 24/01/30 02:49:57 INFO SparkEnv: Registering BlockManagerMaster
[2024-01-30T02:49:57.926+0000] {spark_submit.py:571} INFO - 24/01/30 02:49:57 INFO BlockManagerMasterEndpoint: Using org.apache.spark.storage.DefaultTopologyMapper for getting topology information
[2024-01-30T02:49:57.927+0000] {spark_submit.py:571} INFO - 24/01/30 02:49:57 INFO BlockManagerMasterEndpoint: BlockManagerMasterEndpoint up
[2024-01-30T02:49:57.933+0000] {spark_submit.py:571} INFO - 24/01/30 02:49:57 INFO SparkEnv: Registering BlockManagerMasterHeartbeat
[2024-01-30T02:49:57.972+0000] {spark_submit.py:571} INFO - 24/01/30 02:49:57 INFO DiskBlockManager: Created local directory at /tmp/blockmgr-56c70f44-647e-475d-9a8f-3ae8095a2143
[2024-01-30T02:49:57.999+0000] {spark_submit.py:571} INFO - 24/01/30 02:49:57 INFO MemoryStore: MemoryStore started with capacity 434.4 MiB
[2024-01-30T02:49:58.023+0000] {spark_submit.py:571} INFO - 24/01/30 02:49:58 INFO SparkEnv: Registering OutputCommitCoordinator
[2024-01-30T02:49:58.233+0000] {spark_submit.py:571} INFO - 24/01/30 02:49:58 INFO JettyUtils: Start Jetty 0.0.0.0:4040 for SparkUI
[2024-01-30T02:49:58.328+0000] {spark_submit.py:571} INFO - 24/01/30 02:49:58 INFO Utils: Successfully started service 'SparkUI' on port 4040.
[2024-01-30T02:49:58.405+0000] {spark_submit.py:571} INFO - 24/01/30 02:49:58 INFO SparkContext: Added JAR file:/home/juniortemgoua0/DataLake/jobs/processes/scala/spark_process/target/scala-2.12/spark_job_2.12-0.1.0.jar at spark://instance-1.europe-west9-a.c.data-lake-project-409321.internal:33919/jars/spark_job_2.12-0.1.0.jar with timestamp 1706582996871
[2024-01-30T02:49:58.543+0000] {spark_submit.py:571} INFO - 24/01/30 02:49:58 INFO Executor: Starting executor ID driver on host instance-1.europe-west9-a.c.data-lake-project-409321.internal
[2024-01-30T02:49:58.543+0000] {spark_submit.py:571} INFO - 24/01/30 02:49:58 INFO Executor: OS info Linux, 5.15.0-1049-gcp, amd64
[2024-01-30T02:49:58.544+0000] {spark_submit.py:571} INFO - 24/01/30 02:49:58 INFO Executor: Java version 17.0.9
[2024-01-30T02:49:58.557+0000] {spark_submit.py:571} INFO - 24/01/30 02:49:58 INFO Executor: Starting executor with user classpath (userClassPathFirst = false): ''
[2024-01-30T02:49:58.558+0000] {spark_submit.py:571} INFO - 24/01/30 02:49:58 INFO Executor: Created or updated repl class loader org.apache.spark.util.MutableURLClassLoader@135a8c6f for default.
[2024-01-30T02:49:58.609+0000] {spark_submit.py:571} INFO - 24/01/30 02:49:58 INFO Executor: Fetching spark://instance-1.europe-west9-a.c.data-lake-project-409321.internal:33919/jars/spark_job_2.12-0.1.0.jar with timestamp 1706582996871
[2024-01-30T02:49:58.705+0000] {spark_submit.py:571} INFO - 24/01/30 02:49:58 INFO TransportClientFactory: Successfully created connection to instance-1.europe-west9-a.c.data-lake-project-409321.internal/10.200.0.5:33919 after 42 ms (0 ms spent in bootstraps)
[2024-01-30T02:49:58.722+0000] {spark_submit.py:571} INFO - 24/01/30 02:49:58 INFO Utils: Fetching spark://instance-1.europe-west9-a.c.data-lake-project-409321.internal:33919/jars/spark_job_2.12-0.1.0.jar to /tmp/spark-529af823-d69b-4021-b065-9d1c0aee7f5d/userFiles-9239f61c-a5cf-46ca-a0c4-29de3e1c1355/fetchFileTemp12473547430561816590.tmp
[2024-01-30T02:49:58.765+0000] {spark_submit.py:571} INFO - 24/01/30 02:49:58 INFO Executor: Adding file:/tmp/spark-529af823-d69b-4021-b065-9d1c0aee7f5d/userFiles-9239f61c-a5cf-46ca-a0c4-29de3e1c1355/spark_job_2.12-0.1.0.jar to class loader default
[2024-01-30T02:49:58.777+0000] {spark_submit.py:571} INFO - 24/01/30 02:49:58 INFO Utils: Successfully started service 'org.apache.spark.network.netty.NettyBlockTransferService' on port 40329.
[2024-01-30T02:49:58.778+0000] {spark_submit.py:571} INFO - 24/01/30 02:49:58 INFO NettyBlockTransferService: Server created on instance-1.europe-west9-a.c.data-lake-project-409321.internal:40329
[2024-01-30T02:49:58.778+0000] {spark_submit.py:571} INFO - 24/01/30 02:49:58 INFO BlockManager: Using org.apache.spark.storage.RandomBlockReplicationPolicy for block replication policy
[2024-01-30T02:49:58.798+0000] {spark_submit.py:571} INFO - 24/01/30 02:49:58 INFO BlockManagerMaster: Registering BlockManager BlockManagerId(driver, instance-1.europe-west9-a.c.data-lake-project-409321.internal, 40329, None)
[2024-01-30T02:49:58.810+0000] {spark_submit.py:571} INFO - 24/01/30 02:49:58 INFO BlockManagerMasterEndpoint: Registering block manager instance-1.europe-west9-a.c.data-lake-project-409321.internal:40329 with 434.4 MiB RAM, BlockManagerId(driver, instance-1.europe-west9-a.c.data-lake-project-409321.internal, 40329, None)
[2024-01-30T02:49:58.813+0000] {spark_submit.py:571} INFO - 24/01/30 02:49:58 INFO BlockManagerMaster: Registered BlockManager BlockManagerId(driver, instance-1.europe-west9-a.c.data-lake-project-409321.internal, 40329, None)
[2024-01-30T02:49:58.815+0000] {spark_submit.py:571} INFO - 24/01/30 02:49:58 INFO BlockManager: Initialized BlockManager: BlockManagerId(driver, instance-1.europe-west9-a.c.data-lake-project-409321.internal, 40329, None)
[2024-01-30T02:49:59.837+0000] {spark_submit.py:571} INFO - 24/01/30 02:49:59 INFO SharedState: Setting hive.metastore.warehouse.dir ('null') to the value of spark.sql.warehouse.dir.
[2024-01-30T02:49:59.849+0000] {spark_submit.py:571} INFO - 24/01/30 02:49:59 INFO SharedState: Warehouse path is 'file:/home/juniortemgoua0/DataLake/spark-warehouse'.
[2024-01-30T02:50:00.853+0000] {spark_submit.py:571} INFO - ************************************************
[2024-01-30T02:50:00.854+0000] {spark_submit.py:571} INFO - Date d'exécution  : 2024-01-16
[2024-01-30T02:50:00.854+0000] {spark_submit.py:571} INFO - ************************************************
[2024-01-30T02:50:02.002+0000] {spark_submit.py:571} INFO - Exception in thread "main" org.apache.spark.sql.AnalysisException: [PATH_NOT_FOUND] Path does not exist: hdfs://localhost:9000/data-lake/raw/football_data/competitions/2024-01-16/*.json.
[2024-01-30T02:50:02.003+0000] {spark_submit.py:571} INFO - at org.apache.spark.sql.errors.QueryCompilationErrors$.dataPathNotExistError(QueryCompilationErrors.scala:1500)
[2024-01-30T02:50:02.003+0000] {spark_submit.py:571} INFO - at org.apache.spark.sql.execution.datasources.DataSource$.$anonfun$checkAndGlobPathIfNecessary$3(DataSource.scala:743)
[2024-01-30T02:50:02.003+0000] {spark_submit.py:571} INFO - at org.apache.spark.util.ThreadUtils$.$anonfun$parmap$2(ThreadUtils.scala:380)
[2024-01-30T02:50:02.004+0000] {spark_submit.py:571} INFO - at scala.concurrent.Future$.$anonfun$apply$1(Future.scala:659)
[2024-01-30T02:50:02.004+0000] {spark_submit.py:571} INFO - at scala.util.Success.$anonfun$map$1(Try.scala:255)
[2024-01-30T02:50:02.004+0000] {spark_submit.py:571} INFO - at scala.util.Success.map(Try.scala:213)
[2024-01-30T02:50:02.004+0000] {spark_submit.py:571} INFO - at scala.concurrent.Future.$anonfun$map$1(Future.scala:292)
[2024-01-30T02:50:02.004+0000] {spark_submit.py:571} INFO - at scala.concurrent.impl.Promise.liftedTree1$1(Promise.scala:33)
[2024-01-30T02:50:02.004+0000] {spark_submit.py:571} INFO - at scala.concurrent.impl.Promise.$anonfun$transform$1(Promise.scala:33)
[2024-01-30T02:50:02.005+0000] {spark_submit.py:571} INFO - at scala.concurrent.impl.CallbackRunnable.run(Promise.scala:64)
[2024-01-30T02:50:02.005+0000] {spark_submit.py:571} INFO - at java.base/java.util.concurrent.ForkJoinTask$RunnableExecuteAction.exec(ForkJoinTask.java:1395)
[2024-01-30T02:50:02.005+0000] {spark_submit.py:571} INFO - at java.base/java.util.concurrent.ForkJoinTask.doExec(ForkJoinTask.java:373)
[2024-01-30T02:50:02.005+0000] {spark_submit.py:571} INFO - at java.base/java.util.concurrent.ForkJoinPool$WorkQueue.topLevelExec(ForkJoinPool.java:1182)
[2024-01-30T02:50:02.005+0000] {spark_submit.py:571} INFO - at java.base/java.util.concurrent.ForkJoinPool.scan(ForkJoinPool.java:1655)
[2024-01-30T02:50:02.006+0000] {spark_submit.py:571} INFO - at java.base/java.util.concurrent.ForkJoinPool.runWorker(ForkJoinPool.java:1622)
[2024-01-30T02:50:02.006+0000] {spark_submit.py:571} INFO - at java.base/java.util.concurrent.ForkJoinWorkerThread.run(ForkJoinWorkerThread.java:165)
[2024-01-30T02:50:02.020+0000] {spark_submit.py:571} INFO - 24/01/30 02:50:02 INFO SparkContext: Invoking stop() from shutdown hook
[2024-01-30T02:50:02.021+0000] {spark_submit.py:571} INFO - 24/01/30 02:50:02 INFO SparkContext: SparkContext is stopping with exitCode 0.
[2024-01-30T02:50:02.044+0000] {spark_submit.py:571} INFO - 24/01/30 02:50:02 INFO SparkUI: Stopped Spark web UI at http://instance-1.europe-west9-a.c.data-lake-project-409321.internal:4040
[2024-01-30T02:50:02.066+0000] {spark_submit.py:571} INFO - 24/01/30 02:50:02 INFO MapOutputTrackerMasterEndpoint: MapOutputTrackerMasterEndpoint stopped!
[2024-01-30T02:50:02.087+0000] {spark_submit.py:571} INFO - 24/01/30 02:50:02 INFO MemoryStore: MemoryStore cleared
[2024-01-30T02:50:02.088+0000] {spark_submit.py:571} INFO - 24/01/30 02:50:02 INFO BlockManager: BlockManager stopped
[2024-01-30T02:50:02.097+0000] {spark_submit.py:571} INFO - 24/01/30 02:50:02 INFO BlockManagerMaster: BlockManagerMaster stopped
[2024-01-30T02:50:02.101+0000] {spark_submit.py:571} INFO - 24/01/30 02:50:02 INFO OutputCommitCoordinator$OutputCommitCoordinatorEndpoint: OutputCommitCoordinator stopped!
[2024-01-30T02:50:02.117+0000] {spark_submit.py:571} INFO - 24/01/30 02:50:02 INFO SparkContext: Successfully stopped SparkContext
[2024-01-30T02:50:02.117+0000] {spark_submit.py:571} INFO - 24/01/30 02:50:02 INFO ShutdownHookManager: Shutdown hook called
[2024-01-30T02:50:02.119+0000] {spark_submit.py:571} INFO - 24/01/30 02:50:02 INFO ShutdownHookManager: Deleting directory /tmp/spark-529af823-d69b-4021-b065-9d1c0aee7f5d
[2024-01-30T02:50:02.123+0000] {spark_submit.py:571} INFO - 24/01/30 02:50:02 INFO ShutdownHookManager: Deleting directory /tmp/spark-cd6af7e2-fc91-4ddc-a018-a3c3b619ac4e
[2024-01-30T02:50:02.187+0000] {taskinstance.py:2698} ERROR - Task failed with exception
Traceback (most recent call last):
  File "/home/juniortemgoua0/DataLake/venv/lib/python3.8/site-packages/airflow/models/taskinstance.py", line 433, in _execute_task
    result = execute_callable(context=context, **execute_callable_kwargs)
  File "/home/juniortemgoua0/DataLake/venv/lib/python3.8/site-packages/airflow/providers/apache/spark/operators/spark_submit.py", line 174, in execute
    self._hook.submit(self._application)
  File "/home/juniortemgoua0/DataLake/venv/lib/python3.8/site-packages/airflow/providers/apache/spark/hooks/spark_submit.py", line 502, in submit
    raise AirflowException(
airflow.exceptions.AirflowException: Cannot execute: spark-submit --master local[*] --conf spark.airflow.execution_date=2024-01-16 --name arrow-spark --class RawToFormatted --queue root.default --deploy-mode client /home/juniortemgoua0/DataLake/jobs/processes/scala/spark_process/target/scala-2.12/spark_job_2.12-0.1.0.jar hdfs://localhost:9000/data-lake. Error code is: 1.
[2024-01-30T02:50:02.190+0000] {taskinstance.py:1138} INFO - Marking task as UP_FOR_RETRY. dag_id=manage_data_lake_dag, task_id=local_job_raw_to_formatted, execution_date=20240116T000000, start_date=20240130T024954, end_date=20240130T025002
[2024-01-30T02:50:02.203+0000] {standard_task_runner.py:107} ERROR - Failed to execute job 165 for task local_job_raw_to_formatted (Cannot execute: spark-submit --master local[*] --conf spark.airflow.execution_date=2024-01-16 --name arrow-spark --class RawToFormatted --queue root.default --deploy-mode client /home/juniortemgoua0/DataLake/jobs/processes/scala/spark_process/target/scala-2.12/spark_job_2.12-0.1.0.jar hdfs://localhost:9000/data-lake. Error code is: 1.; 16571)
[2024-01-30T02:50:02.240+0000] {local_task_job_runner.py:234} INFO - Task exited with return code 1
[2024-01-30T02:50:02.261+0000] {taskinstance.py:3280} INFO - 0 downstream tasks scheduled from follow-on schedule check
