[2024-01-30T02:55:22.862+0000] {taskinstance.py:1956} INFO - Dependencies all met for dep_context=non-requeueable deps ti=<TaskInstance: manage_data_lake_dag.local_job_raw_to_formatted scheduled__2024-01-16T00:00:00+00:00 [queued]>
[2024-01-30T02:55:22.882+0000] {taskinstance.py:1956} INFO - Dependencies all met for dep_context=requeueable deps ti=<TaskInstance: manage_data_lake_dag.local_job_raw_to_formatted scheduled__2024-01-16T00:00:00+00:00 [queued]>
[2024-01-30T02:55:22.882+0000] {taskinstance.py:2170} INFO - Starting attempt 2 of 6
[2024-01-30T02:55:22.920+0000] {taskinstance.py:2191} INFO - Executing <Task(SparkSubmitOperator): local_job_raw_to_formatted> on 2024-01-16 00:00:00+00:00
[2024-01-30T02:55:22.929+0000] {standard_task_runner.py:60} INFO - Started process 19526 to run task
[2024-01-30T02:55:22.946+0000] {standard_task_runner.py:87} INFO - Running: ['airflow', 'tasks', 'run', 'manage_data_lake_dag', 'local_job_raw_to_formatted', 'scheduled__2024-01-16T00:00:00+00:00', '--job-id', '186', '--raw', '--subdir', 'DAGS_FOLDER/data_lake_dag.py', '--cfg-path', '/tmp/tmpsyz8j965']
[2024-01-30T02:55:22.952+0000] {standard_task_runner.py:88} INFO - Job 186: Subtask local_job_raw_to_formatted
[2024-01-30T02:55:23.026+0000] {task_command.py:423} INFO - Running <TaskInstance: manage_data_lake_dag.local_job_raw_to_formatted scheduled__2024-01-16T00:00:00+00:00 [running]> on host instance-1.europe-west9-a.c.data-lake-project-409321.internal
[2024-01-30T02:55:23.118+0000] {taskinstance.py:2480} INFO - Exporting env vars: AIRFLOW_CTX_DAG_OWNER='juniortemgoua0' AIRFLOW_CTX_DAG_ID='manage_data_lake_dag' AIRFLOW_CTX_TASK_ID='local_job_raw_to_formatted' AIRFLOW_CTX_EXECUTION_DATE='2024-01-16T00:00:00+00:00' AIRFLOW_CTX_TRY_NUMBER='2' AIRFLOW_CTX_DAG_RUN_ID='scheduled__2024-01-16T00:00:00+00:00'
[2024-01-30T02:55:23.126+0000] {base.py:83} INFO - Using connection ID 'spark_default' for task execution.
[2024-01-30T02:55:23.128+0000] {spark_submit.py:401} INFO - Spark-Submit cmd: spark-submit --master local[*] --conf spark.airflow.execution_date=2024-01-16 --name arrow-spark --class RawToFormatted --queue root.default --deploy-mode client /home/juniortemgoua0/DataLake/jobs/processes/scala/spark_process/target/scala-2.12/spark_job_2.12-0.1.0.jar hdfs://localhost:9000/data-lake
[2024-01-30T02:55:29.826+0000] {spark_submit.py:571} INFO - 24/01/30 02:55:29 INFO SparkContext: Running Spark version 3.5.0
[2024-01-30T02:55:29.833+0000] {spark_submit.py:571} INFO - 24/01/30 02:55:29 INFO SparkContext: OS info Linux, 5.15.0-1049-gcp, amd64
[2024-01-30T02:55:29.834+0000] {spark_submit.py:571} INFO - 24/01/30 02:55:29 INFO SparkContext: Java version 17.0.9
[2024-01-30T02:55:30.001+0000] {spark_submit.py:571} INFO - 24/01/30 02:55:30 WARN NativeCodeLoader: Unable to load native-hadoop library for your platform... using builtin-java classes where applicable
[2024-01-30T02:55:30.206+0000] {spark_submit.py:571} INFO - 24/01/30 02:55:30 INFO ResourceUtils: ==============================================================
[2024-01-30T02:55:30.209+0000] {spark_submit.py:571} INFO - 24/01/30 02:55:30 INFO ResourceUtils: No custom resources configured for spark.driver.
[2024-01-30T02:55:30.211+0000] {spark_submit.py:571} INFO - 24/01/30 02:55:30 INFO ResourceUtils: ==============================================================
[2024-01-30T02:55:30.212+0000] {spark_submit.py:571} INFO - 24/01/30 02:55:30 INFO SparkContext: Submitted application: RawToFormatted
[2024-01-30T02:55:30.254+0000] {spark_submit.py:571} INFO - 24/01/30 02:55:30 INFO ResourceProfile: Default ResourceProfile created, executor resources: Map(cores -> name: cores, amount: 1, script: , vendor: , memory -> name: memory, amount: 1024, script: , vendor: , offHeap -> name: offHeap, amount: 0, script: , vendor: ), task resources: Map(cpus -> name: cpus, amount: 1.0)
[2024-01-30T02:55:30.268+0000] {spark_submit.py:571} INFO - 24/01/30 02:55:30 INFO ResourceProfile: Limiting resource is cpu
[2024-01-30T02:55:30.269+0000] {spark_submit.py:571} INFO - 24/01/30 02:55:30 INFO ResourceProfileManager: Added ResourceProfile id: 0
[2024-01-30T02:55:30.365+0000] {spark_submit.py:571} INFO - 24/01/30 02:55:30 INFO SecurityManager: Changing view acls to: juniortemgoua0
[2024-01-30T02:55:30.369+0000] {spark_submit.py:571} INFO - 24/01/30 02:55:30 INFO SecurityManager: Changing modify acls to: juniortemgoua0
[2024-01-30T02:55:30.370+0000] {spark_submit.py:571} INFO - 24/01/30 02:55:30 INFO SecurityManager: Changing view acls groups to:
[2024-01-30T02:55:30.371+0000] {spark_submit.py:571} INFO - 24/01/30 02:55:30 INFO SecurityManager: Changing modify acls groups to:
[2024-01-30T02:55:30.371+0000] {spark_submit.py:571} INFO - 24/01/30 02:55:30 INFO SecurityManager: SecurityManager: authentication disabled; ui acls disabled; users with view permissions: juniortemgoua0; groups with view permissions: EMPTY; users with modify permissions: juniortemgoua0; groups with modify permissions: EMPTY
[2024-01-30T02:55:30.821+0000] {spark_submit.py:571} INFO - 24/01/30 02:55:30 INFO Utils: Successfully started service 'sparkDriver' on port 34589.
[2024-01-30T02:55:30.869+0000] {spark_submit.py:571} INFO - 24/01/30 02:55:30 INFO SparkEnv: Registering MapOutputTracker
[2024-01-30T02:55:30.944+0000] {spark_submit.py:571} INFO - 24/01/30 02:55:30 INFO SparkEnv: Registering BlockManagerMaster
[2024-01-30T02:55:30.981+0000] {spark_submit.py:571} INFO - 24/01/30 02:55:30 INFO BlockManagerMasterEndpoint: Using org.apache.spark.storage.DefaultTopologyMapper for getting topology information
[2024-01-30T02:55:30.982+0000] {spark_submit.py:571} INFO - 24/01/30 02:55:30 INFO BlockManagerMasterEndpoint: BlockManagerMasterEndpoint up
[2024-01-30T02:55:30.988+0000] {spark_submit.py:571} INFO - 24/01/30 02:55:30 INFO SparkEnv: Registering BlockManagerMasterHeartbeat
[2024-01-30T02:55:31.020+0000] {spark_submit.py:571} INFO - 24/01/30 02:55:31 INFO DiskBlockManager: Created local directory at /tmp/blockmgr-f24bbd89-8aa3-4673-9a2f-6e5762839aae
[2024-01-30T02:55:31.046+0000] {spark_submit.py:571} INFO - 24/01/30 02:55:31 INFO MemoryStore: MemoryStore started with capacity 434.4 MiB
[2024-01-30T02:55:31.067+0000] {spark_submit.py:571} INFO - 24/01/30 02:55:31 INFO SparkEnv: Registering OutputCommitCoordinator
[2024-01-30T02:55:31.330+0000] {spark_submit.py:571} INFO - 24/01/30 02:55:31 INFO JettyUtils: Start Jetty 0.0.0.0:4040 for SparkUI
[2024-01-30T02:55:31.426+0000] {spark_submit.py:571} INFO - 24/01/30 02:55:31 INFO Utils: Successfully started service 'SparkUI' on port 4040.
[2024-01-30T02:55:31.512+0000] {spark_submit.py:571} INFO - 24/01/30 02:55:31 INFO SparkContext: Added JAR file:/home/juniortemgoua0/DataLake/jobs/processes/scala/spark_process/target/scala-2.12/spark_job_2.12-0.1.0.jar at spark://instance-1.europe-west9-a.c.data-lake-project-409321.internal:34589/jars/spark_job_2.12-0.1.0.jar with timestamp 1706583329803
[2024-01-30T02:55:31.650+0000] {spark_submit.py:571} INFO - 24/01/30 02:55:31 INFO Executor: Starting executor ID driver on host instance-1.europe-west9-a.c.data-lake-project-409321.internal
[2024-01-30T02:55:31.651+0000] {spark_submit.py:571} INFO - 24/01/30 02:55:31 INFO Executor: OS info Linux, 5.15.0-1049-gcp, amd64
[2024-01-30T02:55:31.652+0000] {spark_submit.py:571} INFO - 24/01/30 02:55:31 INFO Executor: Java version 17.0.9
[2024-01-30T02:55:31.666+0000] {spark_submit.py:571} INFO - 24/01/30 02:55:31 INFO Executor: Starting executor with user classpath (userClassPathFirst = false): ''
[2024-01-30T02:55:31.668+0000] {spark_submit.py:571} INFO - 24/01/30 02:55:31 INFO Executor: Created or updated repl class loader org.apache.spark.util.MutableURLClassLoader@6ed043d3 for default.
[2024-01-30T02:55:31.691+0000] {spark_submit.py:571} INFO - 24/01/30 02:55:31 INFO Executor: Fetching spark://instance-1.europe-west9-a.c.data-lake-project-409321.internal:34589/jars/spark_job_2.12-0.1.0.jar with timestamp 1706583329803
[2024-01-30T02:55:31.844+0000] {spark_submit.py:571} INFO - 24/01/30 02:55:31 INFO TransportClientFactory: Successfully created connection to instance-1.europe-west9-a.c.data-lake-project-409321.internal/10.200.0.5:34589 after 95 ms (0 ms spent in bootstraps)
[2024-01-30T02:55:31.876+0000] {spark_submit.py:571} INFO - 24/01/30 02:55:31 INFO Utils: Fetching spark://instance-1.europe-west9-a.c.data-lake-project-409321.internal:34589/jars/spark_job_2.12-0.1.0.jar to /tmp/spark-fad00960-3101-4a5d-8c0b-6936d32d4679/userFiles-13a3ade6-7129-419a-a667-9c6bf23d4046/fetchFileTemp2336937919797479689.tmp
[2024-01-30T02:55:31.994+0000] {spark_submit.py:571} INFO - 24/01/30 02:55:31 INFO Executor: Adding file:/tmp/spark-fad00960-3101-4a5d-8c0b-6936d32d4679/userFiles-13a3ade6-7129-419a-a667-9c6bf23d4046/spark_job_2.12-0.1.0.jar to class loader default
[2024-01-30T02:55:32.021+0000] {spark_submit.py:571} INFO - 24/01/30 02:55:32 INFO Utils: Successfully started service 'org.apache.spark.network.netty.NettyBlockTransferService' on port 44857.
[2024-01-30T02:55:32.022+0000] {spark_submit.py:571} INFO - 24/01/30 02:55:32 INFO NettyBlockTransferService: Server created on instance-1.europe-west9-a.c.data-lake-project-409321.internal:44857
[2024-01-30T02:55:32.025+0000] {spark_submit.py:571} INFO - 24/01/30 02:55:32 INFO BlockManager: Using org.apache.spark.storage.RandomBlockReplicationPolicy for block replication policy
[2024-01-30T02:55:32.036+0000] {spark_submit.py:571} INFO - 24/01/30 02:55:32 INFO BlockManagerMaster: Registering BlockManager BlockManagerId(driver, instance-1.europe-west9-a.c.data-lake-project-409321.internal, 44857, None)
[2024-01-30T02:55:32.045+0000] {spark_submit.py:571} INFO - 24/01/30 02:55:32 INFO BlockManagerMasterEndpoint: Registering block manager instance-1.europe-west9-a.c.data-lake-project-409321.internal:44857 with 434.4 MiB RAM, BlockManagerId(driver, instance-1.europe-west9-a.c.data-lake-project-409321.internal, 44857, None)
[2024-01-30T02:55:32.054+0000] {spark_submit.py:571} INFO - 24/01/30 02:55:32 INFO BlockManagerMaster: Registered BlockManager BlockManagerId(driver, instance-1.europe-west9-a.c.data-lake-project-409321.internal, 44857, None)
[2024-01-30T02:55:32.056+0000] {spark_submit.py:571} INFO - 24/01/30 02:55:32 INFO BlockManager: Initialized BlockManager: BlockManagerId(driver, instance-1.europe-west9-a.c.data-lake-project-409321.internal, 44857, None)
[2024-01-30T02:55:34.814+0000] {spark_submit.py:571} INFO - 24/01/30 02:55:34 INFO SharedState: Setting hive.metastore.warehouse.dir ('null') to the value of spark.sql.warehouse.dir.
[2024-01-30T02:55:34.837+0000] {spark_submit.py:571} INFO - 24/01/30 02:55:34 INFO SharedState: Warehouse path is 'file:/home/juniortemgoua0/DataLake/spark-warehouse'.
[2024-01-30T02:55:36.884+0000] {spark_submit.py:571} INFO - ************************************************
[2024-01-30T02:55:36.888+0000] {spark_submit.py:571} INFO - Date d'exécution  : 2024-01-16
[2024-01-30T02:55:36.888+0000] {spark_submit.py:571} INFO - ************************************************
[2024-01-30T02:55:38.917+0000] {spark_submit.py:571} INFO - Exception in thread "main" org.apache.spark.sql.AnalysisException: [PATH_NOT_FOUND] Path does not exist: hdfs://localhost:9000/data-lake/raw/football_data/competitions/2024-01-16/*.json.
[2024-01-30T02:55:38.918+0000] {spark_submit.py:571} INFO - at org.apache.spark.sql.errors.QueryCompilationErrors$.dataPathNotExistError(QueryCompilationErrors.scala:1500)
[2024-01-30T02:55:38.918+0000] {spark_submit.py:571} INFO - at org.apache.spark.sql.execution.datasources.DataSource$.$anonfun$checkAndGlobPathIfNecessary$3(DataSource.scala:743)
[2024-01-30T02:55:38.918+0000] {spark_submit.py:571} INFO - at org.apache.spark.util.ThreadUtils$.$anonfun$parmap$2(ThreadUtils.scala:380)
[2024-01-30T02:55:38.919+0000] {spark_submit.py:571} INFO - at scala.concurrent.Future$.$anonfun$apply$1(Future.scala:659)
[2024-01-30T02:55:38.919+0000] {spark_submit.py:571} INFO - at scala.util.Success.$anonfun$map$1(Try.scala:255)
[2024-01-30T02:55:38.919+0000] {spark_submit.py:571} INFO - at scala.util.Success.map(Try.scala:213)
[2024-01-30T02:55:38.919+0000] {spark_submit.py:571} INFO - at scala.concurrent.Future.$anonfun$map$1(Future.scala:292)
[2024-01-30T02:55:38.919+0000] {spark_submit.py:571} INFO - at scala.concurrent.impl.Promise.liftedTree1$1(Promise.scala:33)
[2024-01-30T02:55:38.919+0000] {spark_submit.py:571} INFO - at scala.concurrent.impl.Promise.$anonfun$transform$1(Promise.scala:33)
[2024-01-30T02:55:38.920+0000] {spark_submit.py:571} INFO - at scala.concurrent.impl.CallbackRunnable.run(Promise.scala:64)
[2024-01-30T02:55:38.920+0000] {spark_submit.py:571} INFO - at java.base/java.util.concurrent.ForkJoinTask$RunnableExecuteAction.exec(ForkJoinTask.java:1395)
[2024-01-30T02:55:38.920+0000] {spark_submit.py:571} INFO - at java.base/java.util.concurrent.ForkJoinTask.doExec(ForkJoinTask.java:373)
[2024-01-30T02:55:38.920+0000] {spark_submit.py:571} INFO - at java.base/java.util.concurrent.ForkJoinPool$WorkQueue.topLevelExec(ForkJoinPool.java:1182)
[2024-01-30T02:55:38.920+0000] {spark_submit.py:571} INFO - at java.base/java.util.concurrent.ForkJoinPool.scan(ForkJoinPool.java:1655)
[2024-01-30T02:55:38.920+0000] {spark_submit.py:571} INFO - at java.base/java.util.concurrent.ForkJoinPool.runWorker(ForkJoinPool.java:1622)
[2024-01-30T02:55:38.920+0000] {spark_submit.py:571} INFO - at java.base/java.util.concurrent.ForkJoinWorkerThread.run(ForkJoinWorkerThread.java:165)
[2024-01-30T02:55:38.932+0000] {spark_submit.py:571} INFO - 24/01/30 02:55:38 INFO SparkContext: Invoking stop() from shutdown hook
[2024-01-30T02:55:38.933+0000] {spark_submit.py:571} INFO - 24/01/30 02:55:38 INFO SparkContext: SparkContext is stopping with exitCode 0.
[2024-01-30T02:55:38.951+0000] {spark_submit.py:571} INFO - 24/01/30 02:55:38 INFO SparkUI: Stopped Spark web UI at http://instance-1.europe-west9-a.c.data-lake-project-409321.internal:4040
[2024-01-30T02:55:38.968+0000] {spark_submit.py:571} INFO - 24/01/30 02:55:38 INFO MapOutputTrackerMasterEndpoint: MapOutputTrackerMasterEndpoint stopped!
[2024-01-30T02:55:38.982+0000] {spark_submit.py:571} INFO - 24/01/30 02:55:38 INFO MemoryStore: MemoryStore cleared
[2024-01-30T02:55:38.984+0000] {spark_submit.py:571} INFO - 24/01/30 02:55:38 INFO BlockManager: BlockManager stopped
[2024-01-30T02:55:38.990+0000] {spark_submit.py:571} INFO - 24/01/30 02:55:38 INFO BlockManagerMaster: BlockManagerMaster stopped
[2024-01-30T02:55:38.993+0000] {spark_submit.py:571} INFO - 24/01/30 02:55:38 INFO OutputCommitCoordinator$OutputCommitCoordinatorEndpoint: OutputCommitCoordinator stopped!
[2024-01-30T02:55:39.004+0000] {spark_submit.py:571} INFO - 24/01/30 02:55:39 INFO SparkContext: Successfully stopped SparkContext
[2024-01-30T02:55:39.004+0000] {spark_submit.py:571} INFO - 24/01/30 02:55:39 INFO ShutdownHookManager: Shutdown hook called
[2024-01-30T02:55:39.006+0000] {spark_submit.py:571} INFO - 24/01/30 02:55:39 INFO ShutdownHookManager: Deleting directory /tmp/spark-cc6e0faa-f54e-4cd7-bea0-1872a2bc5db6
[2024-01-30T02:55:39.009+0000] {spark_submit.py:571} INFO - 24/01/30 02:55:39 INFO ShutdownHookManager: Deleting directory /tmp/spark-fad00960-3101-4a5d-8c0b-6936d32d4679
[2024-01-30T02:55:39.089+0000] {taskinstance.py:2698} ERROR - Task failed with exception
Traceback (most recent call last):
  File "/home/juniortemgoua0/DataLake/venv/lib/python3.8/site-packages/airflow/models/taskinstance.py", line 433, in _execute_task
    result = execute_callable(context=context, **execute_callable_kwargs)
  File "/home/juniortemgoua0/DataLake/venv/lib/python3.8/site-packages/airflow/providers/apache/spark/operators/spark_submit.py", line 174, in execute
    self._hook.submit(self._application)
  File "/home/juniortemgoua0/DataLake/venv/lib/python3.8/site-packages/airflow/providers/apache/spark/hooks/spark_submit.py", line 502, in submit
    raise AirflowException(
airflow.exceptions.AirflowException: Cannot execute: spark-submit --master local[*] --conf spark.airflow.execution_date=2024-01-16 --name arrow-spark --class RawToFormatted --queue root.default --deploy-mode client /home/juniortemgoua0/DataLake/jobs/processes/scala/spark_process/target/scala-2.12/spark_job_2.12-0.1.0.jar hdfs://localhost:9000/data-lake. Error code is: 1.
[2024-01-30T02:55:39.093+0000] {taskinstance.py:1138} INFO - Marking task as UP_FOR_RETRY. dag_id=manage_data_lake_dag, task_id=local_job_raw_to_formatted, execution_date=20240116T000000, start_date=20240130T025522, end_date=20240130T025539
[2024-01-30T02:55:39.110+0000] {standard_task_runner.py:107} ERROR - Failed to execute job 186 for task local_job_raw_to_formatted (Cannot execute: spark-submit --master local[*] --conf spark.airflow.execution_date=2024-01-16 --name arrow-spark --class RawToFormatted --queue root.default --deploy-mode client /home/juniortemgoua0/DataLake/jobs/processes/scala/spark_process/target/scala-2.12/spark_job_2.12-0.1.0.jar hdfs://localhost:9000/data-lake. Error code is: 1.; 19526)
[2024-01-30T02:55:39.139+0000] {local_task_job_runner.py:234} INFO - Task exited with return code 1
[2024-01-30T02:55:39.160+0000] {taskinstance.py:3280} INFO - 0 downstream tasks scheduled from follow-on schedule check
