[2024-01-30T03:01:24.484+0000] {taskinstance.py:1956} INFO - Dependencies all met for dep_context=non-requeueable deps ti=<TaskInstance: manage_data_lake_dag.local_job_raw_to_formatted scheduled__2024-01-16T00:00:00+00:00 [queued]>
[2024-01-30T03:01:24.498+0000] {taskinstance.py:1956} INFO - Dependencies all met for dep_context=requeueable deps ti=<TaskInstance: manage_data_lake_dag.local_job_raw_to_formatted scheduled__2024-01-16T00:00:00+00:00 [queued]>
[2024-01-30T03:01:24.499+0000] {taskinstance.py:2170} INFO - Starting attempt 3 of 6
[2024-01-30T03:01:24.518+0000] {taskinstance.py:2191} INFO - Executing <Task(SparkSubmitOperator): local_job_raw_to_formatted> on 2024-01-16 00:00:00+00:00
[2024-01-30T03:01:24.527+0000] {standard_task_runner.py:60} INFO - Started process 22164 to run task
[2024-01-30T03:01:24.543+0000] {standard_task_runner.py:87} INFO - Running: ['airflow', 'tasks', 'run', 'manage_data_lake_dag', 'local_job_raw_to_formatted', 'scheduled__2024-01-16T00:00:00+00:00', '--job-id', '202', '--raw', '--subdir', 'DAGS_FOLDER/data_lake_dag.py', '--cfg-path', '/tmp/tmp24b49xri']
[2024-01-30T03:01:24.545+0000] {standard_task_runner.py:88} INFO - Job 202: Subtask local_job_raw_to_formatted
[2024-01-30T03:01:24.592+0000] {task_command.py:423} INFO - Running <TaskInstance: manage_data_lake_dag.local_job_raw_to_formatted scheduled__2024-01-16T00:00:00+00:00 [running]> on host instance-1.europe-west9-a.c.data-lake-project-409321.internal
[2024-01-30T03:01:24.646+0000] {taskinstance.py:2480} INFO - Exporting env vars: AIRFLOW_CTX_DAG_OWNER='juniortemgoua0' AIRFLOW_CTX_DAG_ID='manage_data_lake_dag' AIRFLOW_CTX_TASK_ID='local_job_raw_to_formatted' AIRFLOW_CTX_EXECUTION_DATE='2024-01-16T00:00:00+00:00' AIRFLOW_CTX_TRY_NUMBER='3' AIRFLOW_CTX_DAG_RUN_ID='scheduled__2024-01-16T00:00:00+00:00'
[2024-01-30T03:01:24.655+0000] {base.py:83} INFO - Using connection ID 'spark_default' for task execution.
[2024-01-30T03:01:24.658+0000] {spark_submit.py:401} INFO - Spark-Submit cmd: spark-submit --master local[*] --conf spark.airflow.execution_date=2024-01-16 --name arrow-spark --class RawToFormatted --queue root.default --deploy-mode client /home/juniortemgoua0/DataLake/jobs/processes/scala/spark_process/target/scala-2.12/spark_job_2.12-0.1.0.jar hdfs://localhost:9000/data-lake
[2024-01-30T03:01:27.647+0000] {spark_submit.py:571} INFO - 24/01/30 03:01:27 INFO SparkContext: Running Spark version 3.5.0
[2024-01-30T03:01:27.651+0000] {spark_submit.py:571} INFO - 24/01/30 03:01:27 INFO SparkContext: OS info Linux, 5.15.0-1049-gcp, amd64
[2024-01-30T03:01:27.651+0000] {spark_submit.py:571} INFO - 24/01/30 03:01:27 INFO SparkContext: Java version 17.0.9
[2024-01-30T03:01:27.786+0000] {spark_submit.py:571} INFO - 24/01/30 03:01:27 WARN NativeCodeLoader: Unable to load native-hadoop library for your platform... using builtin-java classes where applicable
[2024-01-30T03:01:27.941+0000] {spark_submit.py:571} INFO - 24/01/30 03:01:27 INFO ResourceUtils: ==============================================================
[2024-01-30T03:01:27.941+0000] {spark_submit.py:571} INFO - 24/01/30 03:01:27 INFO ResourceUtils: No custom resources configured for spark.driver.
[2024-01-30T03:01:27.942+0000] {spark_submit.py:571} INFO - 24/01/30 03:01:27 INFO ResourceUtils: ==============================================================
[2024-01-30T03:01:27.943+0000] {spark_submit.py:571} INFO - 24/01/30 03:01:27 INFO SparkContext: Submitted application: RawToFormatted
[2024-01-30T03:01:27.970+0000] {spark_submit.py:571} INFO - 24/01/30 03:01:27 INFO ResourceProfile: Default ResourceProfile created, executor resources: Map(cores -> name: cores, amount: 1, script: , vendor: , memory -> name: memory, amount: 1024, script: , vendor: , offHeap -> name: offHeap, amount: 0, script: , vendor: ), task resources: Map(cpus -> name: cpus, amount: 1.0)
[2024-01-30T03:01:27.982+0000] {spark_submit.py:571} INFO - 24/01/30 03:01:27 INFO ResourceProfile: Limiting resource is cpu
[2024-01-30T03:01:27.984+0000] {spark_submit.py:571} INFO - 24/01/30 03:01:27 INFO ResourceProfileManager: Added ResourceProfile id: 0
[2024-01-30T03:01:28.106+0000] {spark_submit.py:571} INFO - 24/01/30 03:01:28 INFO SecurityManager: Changing view acls to: juniortemgoua0
[2024-01-30T03:01:28.107+0000] {spark_submit.py:571} INFO - 24/01/30 03:01:28 INFO SecurityManager: Changing modify acls to: juniortemgoua0
[2024-01-30T03:01:28.109+0000] {spark_submit.py:571} INFO - 24/01/30 03:01:28 INFO SecurityManager: Changing view acls groups to:
[2024-01-30T03:01:28.109+0000] {spark_submit.py:571} INFO - 24/01/30 03:01:28 INFO SecurityManager: Changing modify acls groups to:
[2024-01-30T03:01:28.111+0000] {spark_submit.py:571} INFO - 24/01/30 03:01:28 INFO SecurityManager: SecurityManager: authentication disabled; ui acls disabled; users with view permissions: juniortemgoua0; groups with view permissions: EMPTY; users with modify permissions: juniortemgoua0; groups with modify permissions: EMPTY
[2024-01-30T03:01:28.642+0000] {spark_submit.py:571} INFO - 24/01/30 03:01:28 INFO Utils: Successfully started service 'sparkDriver' on port 41217.
[2024-01-30T03:01:28.687+0000] {spark_submit.py:571} INFO - 24/01/30 03:01:28 INFO SparkEnv: Registering MapOutputTracker
[2024-01-30T03:01:28.744+0000] {spark_submit.py:571} INFO - 24/01/30 03:01:28 INFO SparkEnv: Registering BlockManagerMaster
[2024-01-30T03:01:28.775+0000] {spark_submit.py:571} INFO - 24/01/30 03:01:28 INFO BlockManagerMasterEndpoint: Using org.apache.spark.storage.DefaultTopologyMapper for getting topology information
[2024-01-30T03:01:28.777+0000] {spark_submit.py:571} INFO - 24/01/30 03:01:28 INFO BlockManagerMasterEndpoint: BlockManagerMasterEndpoint up
[2024-01-30T03:01:28.781+0000] {spark_submit.py:571} INFO - 24/01/30 03:01:28 INFO SparkEnv: Registering BlockManagerMasterHeartbeat
[2024-01-30T03:01:28.810+0000] {spark_submit.py:571} INFO - 24/01/30 03:01:28 INFO DiskBlockManager: Created local directory at /tmp/blockmgr-7cb24b8a-515e-4ff0-98f5-3a0813ffcffe
[2024-01-30T03:01:28.836+0000] {spark_submit.py:571} INFO - 24/01/30 03:01:28 INFO MemoryStore: MemoryStore started with capacity 434.4 MiB
[2024-01-30T03:01:28.859+0000] {spark_submit.py:571} INFO - 24/01/30 03:01:28 INFO SparkEnv: Registering OutputCommitCoordinator
[2024-01-30T03:01:29.073+0000] {spark_submit.py:571} INFO - 24/01/30 03:01:29 INFO JettyUtils: Start Jetty 0.0.0.0:4040 for SparkUI
[2024-01-30T03:01:29.232+0000] {spark_submit.py:571} INFO - 24/01/30 03:01:29 INFO Utils: Successfully started service 'SparkUI' on port 4040.
[2024-01-30T03:01:29.357+0000] {spark_submit.py:571} INFO - 24/01/30 03:01:29 INFO SparkContext: Added JAR file:/home/juniortemgoua0/DataLake/jobs/processes/scala/spark_process/target/scala-2.12/spark_job_2.12-0.1.0.jar at spark://instance-1.europe-west9-a.c.data-lake-project-409321.internal:41217/jars/spark_job_2.12-0.1.0.jar with timestamp 1706583687627
[2024-01-30T03:01:29.690+0000] {spark_submit.py:571} INFO - 24/01/30 03:01:29 INFO Executor: Starting executor ID driver on host instance-1.europe-west9-a.c.data-lake-project-409321.internal
[2024-01-30T03:01:29.692+0000] {spark_submit.py:571} INFO - 24/01/30 03:01:29 INFO Executor: OS info Linux, 5.15.0-1049-gcp, amd64
[2024-01-30T03:01:29.692+0000] {spark_submit.py:571} INFO - 24/01/30 03:01:29 INFO Executor: Java version 17.0.9
[2024-01-30T03:01:29.730+0000] {spark_submit.py:571} INFO - 24/01/30 03:01:29 INFO Executor: Starting executor with user classpath (userClassPathFirst = false): ''
[2024-01-30T03:01:29.738+0000] {spark_submit.py:571} INFO - 24/01/30 03:01:29 INFO Executor: Created or updated repl class loader org.apache.spark.util.MutableURLClassLoader@135a8c6f for default.
[2024-01-30T03:01:29.845+0000] {spark_submit.py:571} INFO - 24/01/30 03:01:29 INFO Executor: Fetching spark://instance-1.europe-west9-a.c.data-lake-project-409321.internal:41217/jars/spark_job_2.12-0.1.0.jar with timestamp 1706583687627
[2024-01-30T03:01:29.997+0000] {spark_submit.py:571} INFO - 24/01/30 03:01:29 INFO TransportClientFactory: Successfully created connection to instance-1.europe-west9-a.c.data-lake-project-409321.internal/10.200.0.5:41217 after 82 ms (0 ms spent in bootstraps)
[2024-01-30T03:01:30.042+0000] {spark_submit.py:571} INFO - 24/01/30 03:01:30 INFO Utils: Fetching spark://instance-1.europe-west9-a.c.data-lake-project-409321.internal:41217/jars/spark_job_2.12-0.1.0.jar to /tmp/spark-901d3944-439c-46ea-8f7c-c1e2b2cd2b2b/userFiles-21329a07-6e2a-4dd9-aa49-8dfe3c304c87/fetchFileTemp3815619889925764139.tmp
[2024-01-30T03:01:30.142+0000] {spark_submit.py:571} INFO - 24/01/30 03:01:30 INFO Executor: Adding file:/tmp/spark-901d3944-439c-46ea-8f7c-c1e2b2cd2b2b/userFiles-21329a07-6e2a-4dd9-aa49-8dfe3c304c87/spark_job_2.12-0.1.0.jar to class loader default
[2024-01-30T03:01:30.170+0000] {spark_submit.py:571} INFO - 24/01/30 03:01:30 INFO Utils: Successfully started service 'org.apache.spark.network.netty.NettyBlockTransferService' on port 40297.
[2024-01-30T03:01:30.171+0000] {spark_submit.py:571} INFO - 24/01/30 03:01:30 INFO NettyBlockTransferService: Server created on instance-1.europe-west9-a.c.data-lake-project-409321.internal:40297
[2024-01-30T03:01:30.173+0000] {spark_submit.py:571} INFO - 24/01/30 03:01:30 INFO BlockManager: Using org.apache.spark.storage.RandomBlockReplicationPolicy for block replication policy
[2024-01-30T03:01:30.192+0000] {spark_submit.py:571} INFO - 24/01/30 03:01:30 INFO BlockManagerMaster: Registering BlockManager BlockManagerId(driver, instance-1.europe-west9-a.c.data-lake-project-409321.internal, 40297, None)
[2024-01-30T03:01:30.196+0000] {spark_submit.py:571} INFO - 24/01/30 03:01:30 INFO BlockManagerMasterEndpoint: Registering block manager instance-1.europe-west9-a.c.data-lake-project-409321.internal:40297 with 434.4 MiB RAM, BlockManagerId(driver, instance-1.europe-west9-a.c.data-lake-project-409321.internal, 40297, None)
[2024-01-30T03:01:30.201+0000] {spark_submit.py:571} INFO - 24/01/30 03:01:30 INFO BlockManagerMaster: Registered BlockManager BlockManagerId(driver, instance-1.europe-west9-a.c.data-lake-project-409321.internal, 40297, None)
[2024-01-30T03:01:30.203+0000] {spark_submit.py:571} INFO - 24/01/30 03:01:30 INFO BlockManager: Initialized BlockManager: BlockManagerId(driver, instance-1.europe-west9-a.c.data-lake-project-409321.internal, 40297, None)
[2024-01-30T03:01:33.434+0000] {spark_submit.py:571} INFO - 24/01/30 03:01:33 INFO SharedState: Setting hive.metastore.warehouse.dir ('null') to the value of spark.sql.warehouse.dir.
[2024-01-30T03:01:33.512+0000] {spark_submit.py:571} INFO - 24/01/30 03:01:33 INFO SharedState: Warehouse path is 'file:/home/juniortemgoua0/DataLake/spark-warehouse'.
[2024-01-30T03:01:35.966+0000] {spark_submit.py:571} INFO - ************************************************
[2024-01-30T03:01:35.967+0000] {spark_submit.py:571} INFO - Date d'exécution  : 2024-01-16
[2024-01-30T03:01:35.967+0000] {spark_submit.py:571} INFO - ************************************************
[2024-01-30T03:01:38.213+0000] {spark_submit.py:571} INFO - Exception in thread "main" org.apache.spark.sql.AnalysisException: [PATH_NOT_FOUND] Path does not exist: hdfs://localhost:9000/data-lake/raw/football_data/competitions/2024-01-16/*.json.
[2024-01-30T03:01:38.214+0000] {spark_submit.py:571} INFO - at org.apache.spark.sql.errors.QueryCompilationErrors$.dataPathNotExistError(QueryCompilationErrors.scala:1500)
[2024-01-30T03:01:38.214+0000] {spark_submit.py:571} INFO - at org.apache.spark.sql.execution.datasources.DataSource$.$anonfun$checkAndGlobPathIfNecessary$3(DataSource.scala:743)
[2024-01-30T03:01:38.214+0000] {spark_submit.py:571} INFO - at org.apache.spark.util.ThreadUtils$.$anonfun$parmap$2(ThreadUtils.scala:380)
[2024-01-30T03:01:38.214+0000] {spark_submit.py:571} INFO - at scala.concurrent.Future$.$anonfun$apply$1(Future.scala:659)
[2024-01-30T03:01:38.214+0000] {spark_submit.py:571} INFO - at scala.util.Success.$anonfun$map$1(Try.scala:255)
[2024-01-30T03:01:38.215+0000] {spark_submit.py:571} INFO - at scala.util.Success.map(Try.scala:213)
[2024-01-30T03:01:38.215+0000] {spark_submit.py:571} INFO - at scala.concurrent.Future.$anonfun$map$1(Future.scala:292)
[2024-01-30T03:01:38.215+0000] {spark_submit.py:571} INFO - at scala.concurrent.impl.Promise.liftedTree1$1(Promise.scala:33)
[2024-01-30T03:01:38.215+0000] {spark_submit.py:571} INFO - at scala.concurrent.impl.Promise.$anonfun$transform$1(Promise.scala:33)
[2024-01-30T03:01:38.215+0000] {spark_submit.py:571} INFO - at scala.concurrent.impl.CallbackRunnable.run(Promise.scala:64)
[2024-01-30T03:01:38.216+0000] {spark_submit.py:571} INFO - at java.base/java.util.concurrent.ForkJoinTask$RunnableExecuteAction.exec(ForkJoinTask.java:1395)
[2024-01-30T03:01:38.216+0000] {spark_submit.py:571} INFO - at java.base/java.util.concurrent.ForkJoinTask.doExec(ForkJoinTask.java:373)
[2024-01-30T03:01:38.216+0000] {spark_submit.py:571} INFO - at java.base/java.util.concurrent.ForkJoinPool$WorkQueue.topLevelExec(ForkJoinPool.java:1182)
[2024-01-30T03:01:38.216+0000] {spark_submit.py:571} INFO - at java.base/java.util.concurrent.ForkJoinPool.scan(ForkJoinPool.java:1655)
[2024-01-30T03:01:38.217+0000] {spark_submit.py:571} INFO - at java.base/java.util.concurrent.ForkJoinPool.runWorker(ForkJoinPool.java:1622)
[2024-01-30T03:01:38.217+0000] {spark_submit.py:571} INFO - at java.base/java.util.concurrent.ForkJoinWorkerThread.run(ForkJoinWorkerThread.java:165)
[2024-01-30T03:01:38.220+0000] {spark_submit.py:571} INFO - 24/01/30 03:01:38 INFO SparkContext: Invoking stop() from shutdown hook
[2024-01-30T03:01:38.221+0000] {spark_submit.py:571} INFO - 24/01/30 03:01:38 INFO SparkContext: SparkContext is stopping with exitCode 0.
[2024-01-30T03:01:38.249+0000] {spark_submit.py:571} INFO - 24/01/30 03:01:38 INFO SparkUI: Stopped Spark web UI at http://instance-1.europe-west9-a.c.data-lake-project-409321.internal:4040
[2024-01-30T03:01:38.273+0000] {spark_submit.py:571} INFO - 24/01/30 03:01:38 INFO MapOutputTrackerMasterEndpoint: MapOutputTrackerMasterEndpoint stopped!
[2024-01-30T03:01:38.290+0000] {spark_submit.py:571} INFO - 24/01/30 03:01:38 INFO MemoryStore: MemoryStore cleared
[2024-01-30T03:01:38.291+0000] {spark_submit.py:571} INFO - 24/01/30 03:01:38 INFO BlockManager: BlockManager stopped
[2024-01-30T03:01:38.301+0000] {spark_submit.py:571} INFO - 24/01/30 03:01:38 INFO BlockManagerMaster: BlockManagerMaster stopped
[2024-01-30T03:01:38.306+0000] {spark_submit.py:571} INFO - 24/01/30 03:01:38 INFO OutputCommitCoordinator$OutputCommitCoordinatorEndpoint: OutputCommitCoordinator stopped!
[2024-01-30T03:01:38.340+0000] {spark_submit.py:571} INFO - 24/01/30 03:01:38 INFO SparkContext: Successfully stopped SparkContext
[2024-01-30T03:01:38.340+0000] {spark_submit.py:571} INFO - 24/01/30 03:01:38 INFO ShutdownHookManager: Shutdown hook called
[2024-01-30T03:01:38.341+0000] {spark_submit.py:571} INFO - 24/01/30 03:01:38 INFO ShutdownHookManager: Deleting directory /tmp/spark-901d3944-439c-46ea-8f7c-c1e2b2cd2b2b
[2024-01-30T03:01:38.345+0000] {spark_submit.py:571} INFO - 24/01/30 03:01:38 INFO ShutdownHookManager: Deleting directory /tmp/spark-a3d3730c-13b6-49bd-92f5-328a1a9aaa2a
[2024-01-30T03:01:38.431+0000] {taskinstance.py:2698} ERROR - Task failed with exception
Traceback (most recent call last):
  File "/home/juniortemgoua0/DataLake/venv/lib/python3.8/site-packages/airflow/models/taskinstance.py", line 433, in _execute_task
    result = execute_callable(context=context, **execute_callable_kwargs)
  File "/home/juniortemgoua0/DataLake/venv/lib/python3.8/site-packages/airflow/providers/apache/spark/operators/spark_submit.py", line 174, in execute
    self._hook.submit(self._application)
  File "/home/juniortemgoua0/DataLake/venv/lib/python3.8/site-packages/airflow/providers/apache/spark/hooks/spark_submit.py", line 502, in submit
    raise AirflowException(
airflow.exceptions.AirflowException: Cannot execute: spark-submit --master local[*] --conf spark.airflow.execution_date=2024-01-16 --name arrow-spark --class RawToFormatted --queue root.default --deploy-mode client /home/juniortemgoua0/DataLake/jobs/processes/scala/spark_process/target/scala-2.12/spark_job_2.12-0.1.0.jar hdfs://localhost:9000/data-lake. Error code is: 1.
[2024-01-30T03:01:38.434+0000] {taskinstance.py:1138} INFO - Marking task as UP_FOR_RETRY. dag_id=manage_data_lake_dag, task_id=local_job_raw_to_formatted, execution_date=20240116T000000, start_date=20240130T030124, end_date=20240130T030138
[2024-01-30T03:01:38.446+0000] {standard_task_runner.py:107} ERROR - Failed to execute job 202 for task local_job_raw_to_formatted (Cannot execute: spark-submit --master local[*] --conf spark.airflow.execution_date=2024-01-16 --name arrow-spark --class RawToFormatted --queue root.default --deploy-mode client /home/juniortemgoua0/DataLake/jobs/processes/scala/spark_process/target/scala-2.12/spark_job_2.12-0.1.0.jar hdfs://localhost:9000/data-lake. Error code is: 1.; 22164)
[2024-01-30T03:01:38.490+0000] {local_task_job_runner.py:234} INFO - Task exited with return code 1
[2024-01-30T03:01:38.507+0000] {taskinstance.py:3280} INFO - 0 downstream tasks scheduled from follow-on schedule check
