[2024-01-30T02:47:11.759+0000] {taskinstance.py:1956} INFO - Dependencies all met for dep_context=non-requeueable deps ti=<TaskInstance: manage_data_lake_dag.local_job_raw_to_formatted manual__2024-01-30T01:29:06.996231+00:00 [queued]>
[2024-01-30T02:47:11.764+0000] {taskinstance.py:1956} INFO - Dependencies all met for dep_context=requeueable deps ti=<TaskInstance: manage_data_lake_dag.local_job_raw_to_formatted manual__2024-01-30T01:29:06.996231+00:00 [queued]>
[2024-01-30T02:47:11.765+0000] {taskinstance.py:2170} INFO - Starting attempt 2 of 6
[2024-01-30T02:47:11.778+0000] {taskinstance.py:2191} INFO - Executing <Task(SparkSubmitOperator): local_job_raw_to_formatted> on 2024-01-30 01:29:06.996231+00:00
[2024-01-30T02:47:11.784+0000] {standard_task_runner.py:60} INFO - Started process 15199 to run task
[2024-01-30T02:47:11.789+0000] {standard_task_runner.py:87} INFO - Running: ['airflow', 'tasks', 'run', 'manage_data_lake_dag', 'local_job_raw_to_formatted', 'manual__2024-01-30T01:29:06.996231+00:00', '--job-id', '144', '--raw', '--subdir', 'DAGS_FOLDER/data_lake_dag.py', '--cfg-path', '/tmp/tmpyx9z13bd']
[2024-01-30T02:47:11.792+0000] {standard_task_runner.py:88} INFO - Job 144: Subtask local_job_raw_to_formatted
[2024-01-30T02:47:11.831+0000] {task_command.py:423} INFO - Running <TaskInstance: manage_data_lake_dag.local_job_raw_to_formatted manual__2024-01-30T01:29:06.996231+00:00 [running]> on host instance-1.europe-west9-a.c.data-lake-project-409321.internal
[2024-01-30T02:47:11.886+0000] {taskinstance.py:2480} INFO - Exporting env vars: AIRFLOW_CTX_DAG_OWNER='juniortemgoua0' AIRFLOW_CTX_DAG_ID='manage_data_lake_dag' AIRFLOW_CTX_TASK_ID='local_job_raw_to_formatted' AIRFLOW_CTX_EXECUTION_DATE='2024-01-30T01:29:06.996231+00:00' AIRFLOW_CTX_TRY_NUMBER='2' AIRFLOW_CTX_DAG_RUN_ID='manual__2024-01-30T01:29:06.996231+00:00'
[2024-01-30T02:47:11.892+0000] {base.py:83} INFO - Using connection ID 'spark_default' for task execution.
[2024-01-30T02:47:11.893+0000] {spark_submit.py:401} INFO - Spark-Submit cmd: spark-submit --master local[*] --conf spark.airflow.execution_date=2024-01-30 --name arrow-spark --class RawToFormatted --queue root.default --deploy-mode client /home/juniortemgoua0/DataLake/jobs/processes/scala/spark_process/target/scala-2.12/spark_job_2.12-0.1.0.jar hdfs://localhost:9000/data-lake
[2024-01-30T02:47:14.677+0000] {spark_submit.py:571} INFO - 24/01/30 02:47:14 INFO SparkContext: Running Spark version 3.5.0
[2024-01-30T02:47:14.681+0000] {spark_submit.py:571} INFO - 24/01/30 02:47:14 INFO SparkContext: OS info Linux, 5.15.0-1049-gcp, amd64
[2024-01-30T02:47:14.681+0000] {spark_submit.py:571} INFO - 24/01/30 02:47:14 INFO SparkContext: Java version 17.0.9
[2024-01-30T02:47:14.784+0000] {spark_submit.py:571} INFO - 24/01/30 02:47:14 WARN NativeCodeLoader: Unable to load native-hadoop library for your platform... using builtin-java classes where applicable
[2024-01-30T02:47:14.968+0000] {spark_submit.py:571} INFO - 24/01/30 02:47:14 INFO ResourceUtils: ==============================================================
[2024-01-30T02:47:14.970+0000] {spark_submit.py:571} INFO - 24/01/30 02:47:14 INFO ResourceUtils: No custom resources configured for spark.driver.
[2024-01-30T02:47:14.971+0000] {spark_submit.py:571} INFO - 24/01/30 02:47:14 INFO ResourceUtils: ==============================================================
[2024-01-30T02:47:14.972+0000] {spark_submit.py:571} INFO - 24/01/30 02:47:14 INFO SparkContext: Submitted application: RawToFormatted
[2024-01-30T02:47:15.014+0000] {spark_submit.py:571} INFO - 24/01/30 02:47:15 INFO ResourceProfile: Default ResourceProfile created, executor resources: Map(cores -> name: cores, amount: 1, script: , vendor: , memory -> name: memory, amount: 1024, script: , vendor: , offHeap -> name: offHeap, amount: 0, script: , vendor: ), task resources: Map(cpus -> name: cpus, amount: 1.0)
[2024-01-30T02:47:15.027+0000] {spark_submit.py:571} INFO - 24/01/30 02:47:15 INFO ResourceProfile: Limiting resource is cpu
[2024-01-30T02:47:15.028+0000] {spark_submit.py:571} INFO - 24/01/30 02:47:15 INFO ResourceProfileManager: Added ResourceProfile id: 0
[2024-01-30T02:47:15.106+0000] {spark_submit.py:571} INFO - 24/01/30 02:47:15 INFO SecurityManager: Changing view acls to: juniortemgoua0
[2024-01-30T02:47:15.107+0000] {spark_submit.py:571} INFO - 24/01/30 02:47:15 INFO SecurityManager: Changing modify acls to: juniortemgoua0
[2024-01-30T02:47:15.109+0000] {spark_submit.py:571} INFO - 24/01/30 02:47:15 INFO SecurityManager: Changing view acls groups to:
[2024-01-30T02:47:15.109+0000] {spark_submit.py:571} INFO - 24/01/30 02:47:15 INFO SecurityManager: Changing modify acls groups to:
[2024-01-30T02:47:15.110+0000] {spark_submit.py:571} INFO - 24/01/30 02:47:15 INFO SecurityManager: SecurityManager: authentication disabled; ui acls disabled; users with view permissions: juniortemgoua0; groups with view permissions: EMPTY; users with modify permissions: juniortemgoua0; groups with modify permissions: EMPTY
[2024-01-30T02:47:15.484+0000] {spark_submit.py:571} INFO - 24/01/30 02:47:15 INFO Utils: Successfully started service 'sparkDriver' on port 39361.
[2024-01-30T02:47:15.516+0000] {spark_submit.py:571} INFO - 24/01/30 02:47:15 INFO SparkEnv: Registering MapOutputTracker
[2024-01-30T02:47:15.570+0000] {spark_submit.py:571} INFO - 24/01/30 02:47:15 INFO SparkEnv: Registering BlockManagerMaster
[2024-01-30T02:47:15.600+0000] {spark_submit.py:571} INFO - 24/01/30 02:47:15 INFO BlockManagerMasterEndpoint: Using org.apache.spark.storage.DefaultTopologyMapper for getting topology information
[2024-01-30T02:47:15.601+0000] {spark_submit.py:571} INFO - 24/01/30 02:47:15 INFO BlockManagerMasterEndpoint: BlockManagerMasterEndpoint up
[2024-01-30T02:47:15.607+0000] {spark_submit.py:571} INFO - 24/01/30 02:47:15 INFO SparkEnv: Registering BlockManagerMasterHeartbeat
[2024-01-30T02:47:15.635+0000] {spark_submit.py:571} INFO - 24/01/30 02:47:15 INFO DiskBlockManager: Created local directory at /tmp/blockmgr-038ae234-c080-47cd-a03d-f98992a3e02e
[2024-01-30T02:47:15.667+0000] {spark_submit.py:571} INFO - 24/01/30 02:47:15 INFO MemoryStore: MemoryStore started with capacity 434.4 MiB
[2024-01-30T02:47:15.694+0000] {spark_submit.py:571} INFO - 24/01/30 02:47:15 INFO SparkEnv: Registering OutputCommitCoordinator
[2024-01-30T02:47:15.908+0000] {spark_submit.py:571} INFO - 24/01/30 02:47:15 INFO JettyUtils: Start Jetty 0.0.0.0:4040 for SparkUI
[2024-01-30T02:47:16.005+0000] {spark_submit.py:571} INFO - 24/01/30 02:47:16 INFO Utils: Successfully started service 'SparkUI' on port 4040.
[2024-01-30T02:47:16.076+0000] {spark_submit.py:571} INFO - 24/01/30 02:47:16 INFO SparkContext: Added JAR file:/home/juniortemgoua0/DataLake/jobs/processes/scala/spark_process/target/scala-2.12/spark_job_2.12-0.1.0.jar at spark://instance-1.europe-west9-a.c.data-lake-project-409321.internal:39361/jars/spark_job_2.12-0.1.0.jar with timestamp 1706582834659
[2024-01-30T02:47:16.195+0000] {spark_submit.py:571} INFO - 24/01/30 02:47:16 INFO Executor: Starting executor ID driver on host instance-1.europe-west9-a.c.data-lake-project-409321.internal
[2024-01-30T02:47:16.196+0000] {spark_submit.py:571} INFO - 24/01/30 02:47:16 INFO Executor: OS info Linux, 5.15.0-1049-gcp, amd64
[2024-01-30T02:47:16.197+0000] {spark_submit.py:571} INFO - 24/01/30 02:47:16 INFO Executor: Java version 17.0.9
[2024-01-30T02:47:16.210+0000] {spark_submit.py:571} INFO - 24/01/30 02:47:16 INFO Executor: Starting executor with user classpath (userClassPathFirst = false): ''
[2024-01-30T02:47:16.211+0000] {spark_submit.py:571} INFO - 24/01/30 02:47:16 INFO Executor: Created or updated repl class loader org.apache.spark.util.MutableURLClassLoader@6ed043d3 for default.
[2024-01-30T02:47:16.260+0000] {spark_submit.py:571} INFO - 24/01/30 02:47:16 INFO Executor: Fetching spark://instance-1.europe-west9-a.c.data-lake-project-409321.internal:39361/jars/spark_job_2.12-0.1.0.jar with timestamp 1706582834659
[2024-01-30T02:47:16.364+0000] {spark_submit.py:571} INFO - 24/01/30 02:47:16 INFO TransportClientFactory: Successfully created connection to instance-1.europe-west9-a.c.data-lake-project-409321.internal/10.200.0.5:39361 after 41 ms (0 ms spent in bootstraps)
[2024-01-30T02:47:16.380+0000] {spark_submit.py:571} INFO - 24/01/30 02:47:16 INFO Utils: Fetching spark://instance-1.europe-west9-a.c.data-lake-project-409321.internal:39361/jars/spark_job_2.12-0.1.0.jar to /tmp/spark-23ee0334-99ee-4460-a9cc-592f5df030c0/userFiles-418e77f3-25f4-4aaf-ba2d-cede2e1dbfa2/fetchFileTemp6400697739158810294.tmp
[2024-01-30T02:47:16.422+0000] {spark_submit.py:571} INFO - 24/01/30 02:47:16 INFO Executor: Adding file:/tmp/spark-23ee0334-99ee-4460-a9cc-592f5df030c0/userFiles-418e77f3-25f4-4aaf-ba2d-cede2e1dbfa2/spark_job_2.12-0.1.0.jar to class loader default
[2024-01-30T02:47:16.429+0000] {spark_submit.py:571} INFO - 24/01/30 02:47:16 INFO Utils: Successfully started service 'org.apache.spark.network.netty.NettyBlockTransferService' on port 43429.
[2024-01-30T02:47:16.429+0000] {spark_submit.py:571} INFO - 24/01/30 02:47:16 INFO NettyBlockTransferService: Server created on instance-1.europe-west9-a.c.data-lake-project-409321.internal:43429
[2024-01-30T02:47:16.431+0000] {spark_submit.py:571} INFO - 24/01/30 02:47:16 INFO BlockManager: Using org.apache.spark.storage.RandomBlockReplicationPolicy for block replication policy
[2024-01-30T02:47:16.441+0000] {spark_submit.py:571} INFO - 24/01/30 02:47:16 INFO BlockManagerMaster: Registering BlockManager BlockManagerId(driver, instance-1.europe-west9-a.c.data-lake-project-409321.internal, 43429, None)
[2024-01-30T02:47:16.445+0000] {spark_submit.py:571} INFO - 24/01/30 02:47:16 INFO BlockManagerMasterEndpoint: Registering block manager instance-1.europe-west9-a.c.data-lake-project-409321.internal:43429 with 434.4 MiB RAM, BlockManagerId(driver, instance-1.europe-west9-a.c.data-lake-project-409321.internal, 43429, None)
[2024-01-30T02:47:16.447+0000] {spark_submit.py:571} INFO - 24/01/30 02:47:16 INFO BlockManagerMaster: Registered BlockManager BlockManagerId(driver, instance-1.europe-west9-a.c.data-lake-project-409321.internal, 43429, None)
[2024-01-30T02:47:16.449+0000] {spark_submit.py:571} INFO - 24/01/30 02:47:16 INFO BlockManager: Initialized BlockManager: BlockManagerId(driver, instance-1.europe-west9-a.c.data-lake-project-409321.internal, 43429, None)
[2024-01-30T02:47:17.498+0000] {spark_submit.py:571} INFO - 24/01/30 02:47:17 INFO SharedState: Setting hive.metastore.warehouse.dir ('null') to the value of spark.sql.warehouse.dir.
[2024-01-30T02:47:17.510+0000] {spark_submit.py:571} INFO - 24/01/30 02:47:17 INFO SharedState: Warehouse path is 'file:/home/juniortemgoua0/DataLake/spark-warehouse'.
[2024-01-30T02:47:18.573+0000] {spark_submit.py:571} INFO - ************************************************
[2024-01-30T02:47:18.574+0000] {spark_submit.py:571} INFO - Date d'exécution  : 2024-01-30
[2024-01-30T02:47:18.574+0000] {spark_submit.py:571} INFO - ************************************************
[2024-01-30T02:47:19.644+0000] {spark_submit.py:571} INFO - Exception in thread "main" org.apache.spark.sql.AnalysisException: [PATH_NOT_FOUND] Path does not exist: hdfs://localhost:9000/data-lake/raw/football_data/competitions/2024-01-30/*.json.
[2024-01-30T02:47:19.645+0000] {spark_submit.py:571} INFO - at org.apache.spark.sql.errors.QueryCompilationErrors$.dataPathNotExistError(QueryCompilationErrors.scala:1500)
[2024-01-30T02:47:19.645+0000] {spark_submit.py:571} INFO - at org.apache.spark.sql.execution.datasources.DataSource$.$anonfun$checkAndGlobPathIfNecessary$3(DataSource.scala:743)
[2024-01-30T02:47:19.645+0000] {spark_submit.py:571} INFO - at org.apache.spark.util.ThreadUtils$.$anonfun$parmap$2(ThreadUtils.scala:380)
[2024-01-30T02:47:19.645+0000] {spark_submit.py:571} INFO - at scala.concurrent.Future$.$anonfun$apply$1(Future.scala:659)
[2024-01-30T02:47:19.645+0000] {spark_submit.py:571} INFO - at scala.util.Success.$anonfun$map$1(Try.scala:255)
[2024-01-30T02:47:19.646+0000] {spark_submit.py:571} INFO - at scala.util.Success.map(Try.scala:213)
[2024-01-30T02:47:19.646+0000] {spark_submit.py:571} INFO - at scala.concurrent.Future.$anonfun$map$1(Future.scala:292)
[2024-01-30T02:47:19.646+0000] {spark_submit.py:571} INFO - at scala.concurrent.impl.Promise.liftedTree1$1(Promise.scala:33)
[2024-01-30T02:47:19.646+0000] {spark_submit.py:571} INFO - at scala.concurrent.impl.Promise.$anonfun$transform$1(Promise.scala:33)
[2024-01-30T02:47:19.647+0000] {spark_submit.py:571} INFO - at scala.concurrent.impl.CallbackRunnable.run(Promise.scala:64)
[2024-01-30T02:47:19.647+0000] {spark_submit.py:571} INFO - at java.base/java.util.concurrent.ForkJoinTask$RunnableExecuteAction.exec(ForkJoinTask.java:1395)
[2024-01-30T02:47:19.647+0000] {spark_submit.py:571} INFO - at java.base/java.util.concurrent.ForkJoinTask.doExec(ForkJoinTask.java:373)
[2024-01-30T02:47:19.648+0000] {spark_submit.py:571} INFO - at java.base/java.util.concurrent.ForkJoinPool$WorkQueue.topLevelExec(ForkJoinPool.java:1182)
[2024-01-30T02:47:19.648+0000] {spark_submit.py:571} INFO - at java.base/java.util.concurrent.ForkJoinPool.scan(ForkJoinPool.java:1655)
[2024-01-30T02:47:19.648+0000] {spark_submit.py:571} INFO - at java.base/java.util.concurrent.ForkJoinPool.runWorker(ForkJoinPool.java:1622)
[2024-01-30T02:47:19.648+0000] {spark_submit.py:571} INFO - at java.base/java.util.concurrent.ForkJoinWorkerThread.run(ForkJoinWorkerThread.java:165)
[2024-01-30T02:47:19.655+0000] {spark_submit.py:571} INFO - 24/01/30 02:47:19 INFO SparkContext: Invoking stop() from shutdown hook
[2024-01-30T02:47:19.656+0000] {spark_submit.py:571} INFO - 24/01/30 02:47:19 INFO SparkContext: SparkContext is stopping with exitCode 0.
[2024-01-30T02:47:19.669+0000] {spark_submit.py:571} INFO - 24/01/30 02:47:19 INFO SparkUI: Stopped Spark web UI at http://instance-1.europe-west9-a.c.data-lake-project-409321.internal:4040
[2024-01-30T02:47:19.709+0000] {spark_submit.py:571} INFO - 24/01/30 02:47:19 INFO MapOutputTrackerMasterEndpoint: MapOutputTrackerMasterEndpoint stopped!
[2024-01-30T02:47:19.740+0000] {spark_submit.py:571} INFO - 24/01/30 02:47:19 INFO MemoryStore: MemoryStore cleared
[2024-01-30T02:47:19.741+0000] {spark_submit.py:571} INFO - 24/01/30 02:47:19 INFO BlockManager: BlockManager stopped
[2024-01-30T02:47:19.749+0000] {spark_submit.py:571} INFO - 24/01/30 02:47:19 INFO BlockManagerMaster: BlockManagerMaster stopped
[2024-01-30T02:47:19.755+0000] {spark_submit.py:571} INFO - 24/01/30 02:47:19 INFO OutputCommitCoordinator$OutputCommitCoordinatorEndpoint: OutputCommitCoordinator stopped!
[2024-01-30T02:47:19.781+0000] {spark_submit.py:571} INFO - 24/01/30 02:47:19 INFO SparkContext: Successfully stopped SparkContext
[2024-01-30T02:47:19.781+0000] {spark_submit.py:571} INFO - 24/01/30 02:47:19 INFO ShutdownHookManager: Shutdown hook called
[2024-01-30T02:47:19.782+0000] {spark_submit.py:571} INFO - 24/01/30 02:47:19 INFO ShutdownHookManager: Deleting directory /tmp/spark-b109fd4c-1f7d-4fcd-ba2a-3c361681f84f
[2024-01-30T02:47:19.786+0000] {spark_submit.py:571} INFO - 24/01/30 02:47:19 INFO ShutdownHookManager: Deleting directory /tmp/spark-23ee0334-99ee-4460-a9cc-592f5df030c0
[2024-01-30T02:47:19.867+0000] {local_task_job_runner.py:234} INFO - Task exited with return code 0
[2024-01-30T02:47:19.882+0000] {taskinstance.py:3280} INFO - 0 downstream tasks scheduled from follow-on schedule check
