[2024-01-30T12:38:26.004+0000] {taskinstance.py:1956} INFO - Dependencies all met for dep_context=non-requeueable deps ti=<TaskInstance: manage_data_lake_dag.local_job_raw_to_formatted scheduled__2024-01-04T00:00:00+00:00 [queued]>
[2024-01-30T12:38:26.011+0000] {taskinstance.py:1956} INFO - Dependencies all met for dep_context=requeueable deps ti=<TaskInstance: manage_data_lake_dag.local_job_raw_to_formatted scheduled__2024-01-04T00:00:00+00:00 [queued]>
[2024-01-30T12:38:26.011+0000] {taskinstance.py:2170} INFO - Starting attempt 5 of 6
[2024-01-30T12:38:26.029+0000] {taskinstance.py:2191} INFO - Executing <Task(SparkSubmitOperator): local_job_raw_to_formatted> on 2024-01-04 00:00:00+00:00
[2024-01-30T12:38:26.035+0000] {standard_task_runner.py:60} INFO - Started process 27561 to run task
[2024-01-30T12:38:26.041+0000] {standard_task_runner.py:87} INFO - Running: ['airflow', 'tasks', 'run', 'manage_data_lake_dag', 'local_job_raw_to_formatted', 'scheduled__2024-01-04T00:00:00+00:00', '--job-id', '202', '--raw', '--subdir', 'DAGS_FOLDER/data_lake_dag.py', '--cfg-path', '/tmp/tmplwatx0li']
[2024-01-30T12:38:26.044+0000] {standard_task_runner.py:88} INFO - Job 202: Subtask local_job_raw_to_formatted
[2024-01-30T12:38:26.095+0000] {task_command.py:423} INFO - Running <TaskInstance: manage_data_lake_dag.local_job_raw_to_formatted scheduled__2024-01-04T00:00:00+00:00 [running]> on host instance-1.europe-west9-a.c.data-lake-project-409321.internal
[2024-01-30T12:38:26.167+0000] {taskinstance.py:2480} INFO - Exporting env vars: AIRFLOW_CTX_DAG_OWNER='juniortemgoua0' AIRFLOW_CTX_DAG_ID='manage_data_lake_dag' AIRFLOW_CTX_TASK_ID='local_job_raw_to_formatted' AIRFLOW_CTX_EXECUTION_DATE='2024-01-04T00:00:00+00:00' AIRFLOW_CTX_TRY_NUMBER='5' AIRFLOW_CTX_DAG_RUN_ID='scheduled__2024-01-04T00:00:00+00:00'
[2024-01-30T12:38:26.176+0000] {base.py:83} INFO - Using connection ID 'spark_default' for task execution.
[2024-01-30T12:38:26.178+0000] {spark_submit.py:401} INFO - Spark-Submit cmd: spark-submit --master local[*] --conf spark.airflow.execution_date=2024-01-04 --name arrow-spark --class RawToFormatted --queue root.default --deploy-mode client /home/juniortemgoua0/DataLake/jobs/processes/scala/spark_process/target/scala-2.12/spark_job_2.12-0.1.0.jar hdfs://localhost:9000/data-lake
[2024-01-30T12:38:29.254+0000] {spark_submit.py:571} INFO - 24/01/30 12:38:29 INFO SparkContext: Running Spark version 3.5.0
[2024-01-30T12:38:29.260+0000] {spark_submit.py:571} INFO - 24/01/30 12:38:29 INFO SparkContext: OS info Linux, 5.15.0-1049-gcp, amd64
[2024-01-30T12:38:29.261+0000] {spark_submit.py:571} INFO - 24/01/30 12:38:29 INFO SparkContext: Java version 17.0.9
[2024-01-30T12:38:29.393+0000] {spark_submit.py:571} INFO - 24/01/30 12:38:29 WARN NativeCodeLoader: Unable to load native-hadoop library for your platform... using builtin-java classes where applicable
[2024-01-30T12:38:29.594+0000] {spark_submit.py:571} INFO - 24/01/30 12:38:29 INFO ResourceUtils: ==============================================================
[2024-01-30T12:38:29.595+0000] {spark_submit.py:571} INFO - 24/01/30 12:38:29 INFO ResourceUtils: No custom resources configured for spark.driver.
[2024-01-30T12:38:29.595+0000] {spark_submit.py:571} INFO - 24/01/30 12:38:29 INFO ResourceUtils: ==============================================================
[2024-01-30T12:38:29.596+0000] {spark_submit.py:571} INFO - 24/01/30 12:38:29 INFO SparkContext: Submitted application: RawToFormatted
[2024-01-30T12:38:29.648+0000] {spark_submit.py:571} INFO - 24/01/30 12:38:29 INFO ResourceProfile: Default ResourceProfile created, executor resources: Map(cores -> name: cores, amount: 1, script: , vendor: , memory -> name: memory, amount: 1024, script: , vendor: , offHeap -> name: offHeap, amount: 0, script: , vendor: ), task resources: Map(cpus -> name: cpus, amount: 1.0)
[2024-01-30T12:38:29.661+0000] {spark_submit.py:571} INFO - 24/01/30 12:38:29 INFO ResourceProfile: Limiting resource is cpu
[2024-01-30T12:38:29.662+0000] {spark_submit.py:571} INFO - 24/01/30 12:38:29 INFO ResourceProfileManager: Added ResourceProfile id: 0
[2024-01-30T12:38:29.754+0000] {spark_submit.py:571} INFO - 24/01/30 12:38:29 INFO SecurityManager: Changing view acls to: juniortemgoua0
[2024-01-30T12:38:29.755+0000] {spark_submit.py:571} INFO - 24/01/30 12:38:29 INFO SecurityManager: Changing modify acls to: juniortemgoua0
[2024-01-30T12:38:29.756+0000] {spark_submit.py:571} INFO - 24/01/30 12:38:29 INFO SecurityManager: Changing view acls groups to:
[2024-01-30T12:38:29.757+0000] {spark_submit.py:571} INFO - 24/01/30 12:38:29 INFO SecurityManager: Changing modify acls groups to:
[2024-01-30T12:38:29.758+0000] {spark_submit.py:571} INFO - 24/01/30 12:38:29 INFO SecurityManager: SecurityManager: authentication disabled; ui acls disabled; users with view permissions: juniortemgoua0; groups with view permissions: EMPTY; users with modify permissions: juniortemgoua0; groups with modify permissions: EMPTY
[2024-01-30T12:38:30.224+0000] {spark_submit.py:571} INFO - 24/01/30 12:38:30 INFO Utils: Successfully started service 'sparkDriver' on port 35165.
[2024-01-30T12:38:30.271+0000] {spark_submit.py:571} INFO - 24/01/30 12:38:30 INFO SparkEnv: Registering MapOutputTracker
[2024-01-30T12:38:30.338+0000] {spark_submit.py:571} INFO - 24/01/30 12:38:30 INFO SparkEnv: Registering BlockManagerMaster
[2024-01-30T12:38:30.375+0000] {spark_submit.py:571} INFO - 24/01/30 12:38:30 INFO BlockManagerMasterEndpoint: Using org.apache.spark.storage.DefaultTopologyMapper for getting topology information
[2024-01-30T12:38:30.376+0000] {spark_submit.py:571} INFO - 24/01/30 12:38:30 INFO BlockManagerMasterEndpoint: BlockManagerMasterEndpoint up
[2024-01-30T12:38:30.383+0000] {spark_submit.py:571} INFO - 24/01/30 12:38:30 INFO SparkEnv: Registering BlockManagerMasterHeartbeat
[2024-01-30T12:38:30.414+0000] {spark_submit.py:571} INFO - 24/01/30 12:38:30 INFO DiskBlockManager: Created local directory at /tmp/blockmgr-0623a554-3486-470d-acd3-3a065b07cbce
[2024-01-30T12:38:30.447+0000] {spark_submit.py:571} INFO - 24/01/30 12:38:30 INFO MemoryStore: MemoryStore started with capacity 434.4 MiB
[2024-01-30T12:38:30.476+0000] {spark_submit.py:571} INFO - 24/01/30 12:38:30 INFO SparkEnv: Registering OutputCommitCoordinator
[2024-01-30T12:38:30.707+0000] {spark_submit.py:571} INFO - 24/01/30 12:38:30 INFO JettyUtils: Start Jetty 0.0.0.0:4040 for SparkUI
[2024-01-30T12:38:30.798+0000] {spark_submit.py:571} INFO - 24/01/30 12:38:30 INFO Utils: Successfully started service 'SparkUI' on port 4040.
[2024-01-30T12:38:30.873+0000] {spark_submit.py:571} INFO - 24/01/30 12:38:30 INFO SparkContext: Added JAR file:/home/juniortemgoua0/DataLake/jobs/processes/scala/spark_process/target/scala-2.12/spark_job_2.12-0.1.0.jar at spark://instance-1.europe-west9-a.c.data-lake-project-409321.internal:35165/jars/spark_job_2.12-0.1.0.jar with timestamp 1706618309236
[2024-01-30T12:38:31.012+0000] {spark_submit.py:571} INFO - 24/01/30 12:38:31 INFO Executor: Starting executor ID driver on host instance-1.europe-west9-a.c.data-lake-project-409321.internal
[2024-01-30T12:38:31.013+0000] {spark_submit.py:571} INFO - 24/01/30 12:38:31 INFO Executor: OS info Linux, 5.15.0-1049-gcp, amd64
[2024-01-30T12:38:31.014+0000] {spark_submit.py:571} INFO - 24/01/30 12:38:31 INFO Executor: Java version 17.0.9
[2024-01-30T12:38:31.028+0000] {spark_submit.py:571} INFO - 24/01/30 12:38:31 INFO Executor: Starting executor with user classpath (userClassPathFirst = false): ''
[2024-01-30T12:38:31.029+0000] {spark_submit.py:571} INFO - 24/01/30 12:38:31 INFO Executor: Created or updated repl class loader org.apache.spark.util.MutableURLClassLoader@6ed043d3 for default.
[2024-01-30T12:38:31.103+0000] {spark_submit.py:571} INFO - 24/01/30 12:38:31 INFO Executor: Fetching spark://instance-1.europe-west9-a.c.data-lake-project-409321.internal:35165/jars/spark_job_2.12-0.1.0.jar with timestamp 1706618309236
[2024-01-30T12:38:31.211+0000] {spark_submit.py:571} INFO - 24/01/30 12:38:31 INFO TransportClientFactory: Successfully created connection to instance-1.europe-west9-a.c.data-lake-project-409321.internal/10.200.0.5:35165 after 48 ms (0 ms spent in bootstraps)
[2024-01-30T12:38:31.229+0000] {spark_submit.py:571} INFO - 24/01/30 12:38:31 INFO Utils: Fetching spark://instance-1.europe-west9-a.c.data-lake-project-409321.internal:35165/jars/spark_job_2.12-0.1.0.jar to /tmp/spark-295ab9d4-9007-4288-b151-df00c06abdc1/userFiles-1491ecbb-512f-4612-b345-566b3cd4e833/fetchFileTemp9563162402989112216.tmp
[2024-01-30T12:38:31.268+0000] {spark_submit.py:571} INFO - 24/01/30 12:38:31 INFO Executor: Adding file:/tmp/spark-295ab9d4-9007-4288-b151-df00c06abdc1/userFiles-1491ecbb-512f-4612-b345-566b3cd4e833/spark_job_2.12-0.1.0.jar to class loader default
[2024-01-30T12:38:31.281+0000] {spark_submit.py:571} INFO - 24/01/30 12:38:31 INFO Utils: Successfully started service 'org.apache.spark.network.netty.NettyBlockTransferService' on port 41383.
[2024-01-30T12:38:31.281+0000] {spark_submit.py:571} INFO - 24/01/30 12:38:31 INFO NettyBlockTransferService: Server created on instance-1.europe-west9-a.c.data-lake-project-409321.internal:41383
[2024-01-30T12:38:31.283+0000] {spark_submit.py:571} INFO - 24/01/30 12:38:31 INFO BlockManager: Using org.apache.spark.storage.RandomBlockReplicationPolicy for block replication policy
[2024-01-30T12:38:31.295+0000] {spark_submit.py:571} INFO - 24/01/30 12:38:31 INFO BlockManagerMaster: Registering BlockManager BlockManagerId(driver, instance-1.europe-west9-a.c.data-lake-project-409321.internal, 41383, None)
[2024-01-30T12:38:31.299+0000] {spark_submit.py:571} INFO - 24/01/30 12:38:31 INFO BlockManagerMasterEndpoint: Registering block manager instance-1.europe-west9-a.c.data-lake-project-409321.internal:41383 with 434.4 MiB RAM, BlockManagerId(driver, instance-1.europe-west9-a.c.data-lake-project-409321.internal, 41383, None)
[2024-01-30T12:38:31.302+0000] {spark_submit.py:571} INFO - 24/01/30 12:38:31 INFO BlockManagerMaster: Registered BlockManager BlockManagerId(driver, instance-1.europe-west9-a.c.data-lake-project-409321.internal, 41383, None)
[2024-01-30T12:38:31.304+0000] {spark_submit.py:571} INFO - 24/01/30 12:38:31 INFO BlockManager: Initialized BlockManager: BlockManagerId(driver, instance-1.europe-west9-a.c.data-lake-project-409321.internal, 41383, None)
[2024-01-30T12:38:32.399+0000] {spark_submit.py:571} INFO - 24/01/30 12:38:32 INFO SharedState: Setting hive.metastore.warehouse.dir ('null') to the value of spark.sql.warehouse.dir.
[2024-01-30T12:38:32.413+0000] {spark_submit.py:571} INFO - 24/01/30 12:38:32 INFO SharedState: Warehouse path is 'file:/home/juniortemgoua0/DataLake/spark-warehouse'.
[2024-01-30T12:38:33.630+0000] {spark_submit.py:571} INFO - ************************************************
[2024-01-30T12:38:33.631+0000] {spark_submit.py:571} INFO - Date d'exécution  : 2024-01-04
[2024-01-30T12:38:33.631+0000] {spark_submit.py:571} INFO - ************************************************
[2024-01-30T12:38:35.447+0000] {spark_submit.py:571} INFO - Exception in thread "main" org.apache.spark.sql.AnalysisException: [PATH_NOT_FOUND] Path does not exist: hdfs://localhost:9000/data-lake/raw/football_data/competitions/2024-01-04/*.json.
[2024-01-30T12:38:35.447+0000] {spark_submit.py:571} INFO - at org.apache.spark.sql.errors.QueryCompilationErrors$.dataPathNotExistError(QueryCompilationErrors.scala:1500)
[2024-01-30T12:38:35.448+0000] {spark_submit.py:571} INFO - at org.apache.spark.sql.execution.datasources.DataSource$.$anonfun$checkAndGlobPathIfNecessary$3(DataSource.scala:743)
[2024-01-30T12:38:35.448+0000] {spark_submit.py:571} INFO - at org.apache.spark.util.ThreadUtils$.$anonfun$parmap$2(ThreadUtils.scala:380)
[2024-01-30T12:38:35.448+0000] {spark_submit.py:571} INFO - at scala.concurrent.Future$.$anonfun$apply$1(Future.scala:659)
[2024-01-30T12:38:35.448+0000] {spark_submit.py:571} INFO - at scala.util.Success.$anonfun$map$1(Try.scala:255)
[2024-01-30T12:38:35.448+0000] {spark_submit.py:571} INFO - at scala.util.Success.map(Try.scala:213)
[2024-01-30T12:38:35.448+0000] {spark_submit.py:571} INFO - at scala.concurrent.Future.$anonfun$map$1(Future.scala:292)
[2024-01-30T12:38:35.449+0000] {spark_submit.py:571} INFO - at scala.concurrent.impl.Promise.liftedTree1$1(Promise.scala:33)
[2024-01-30T12:38:35.449+0000] {spark_submit.py:571} INFO - at scala.concurrent.impl.Promise.$anonfun$transform$1(Promise.scala:33)
[2024-01-30T12:38:35.449+0000] {spark_submit.py:571} INFO - at scala.concurrent.impl.CallbackRunnable.run(Promise.scala:64)
[2024-01-30T12:38:35.449+0000] {spark_submit.py:571} INFO - at java.base/java.util.concurrent.ForkJoinTask$RunnableExecuteAction.exec(ForkJoinTask.java:1395)
[2024-01-30T12:38:35.449+0000] {spark_submit.py:571} INFO - at java.base/java.util.concurrent.ForkJoinTask.doExec(ForkJoinTask.java:373)
[2024-01-30T12:38:35.449+0000] {spark_submit.py:571} INFO - at java.base/java.util.concurrent.ForkJoinPool$WorkQueue.topLevelExec(ForkJoinPool.java:1182)
[2024-01-30T12:38:35.449+0000] {spark_submit.py:571} INFO - at java.base/java.util.concurrent.ForkJoinPool.scan(ForkJoinPool.java:1655)
[2024-01-30T12:38:35.449+0000] {spark_submit.py:571} INFO - at java.base/java.util.concurrent.ForkJoinPool.runWorker(ForkJoinPool.java:1622)
[2024-01-30T12:38:35.450+0000] {spark_submit.py:571} INFO - at java.base/java.util.concurrent.ForkJoinWorkerThread.run(ForkJoinWorkerThread.java:165)
[2024-01-30T12:38:35.457+0000] {spark_submit.py:571} INFO - 24/01/30 12:38:35 INFO SparkContext: Invoking stop() from shutdown hook
[2024-01-30T12:38:35.458+0000] {spark_submit.py:571} INFO - 24/01/30 12:38:35 INFO SparkContext: SparkContext is stopping with exitCode 0.
[2024-01-30T12:38:35.471+0000] {spark_submit.py:571} INFO - 24/01/30 12:38:35 INFO SparkUI: Stopped Spark web UI at http://instance-1.europe-west9-a.c.data-lake-project-409321.internal:4040
[2024-01-30T12:38:35.491+0000] {spark_submit.py:571} INFO - 24/01/30 12:38:35 INFO MapOutputTrackerMasterEndpoint: MapOutputTrackerMasterEndpoint stopped!
[2024-01-30T12:38:35.512+0000] {spark_submit.py:571} INFO - 24/01/30 12:38:35 INFO MemoryStore: MemoryStore cleared
[2024-01-30T12:38:35.513+0000] {spark_submit.py:571} INFO - 24/01/30 12:38:35 INFO BlockManager: BlockManager stopped
[2024-01-30T12:38:35.528+0000] {spark_submit.py:571} INFO - 24/01/30 12:38:35 INFO BlockManagerMaster: BlockManagerMaster stopped
[2024-01-30T12:38:35.534+0000] {spark_submit.py:571} INFO - 24/01/30 12:38:35 INFO OutputCommitCoordinator$OutputCommitCoordinatorEndpoint: OutputCommitCoordinator stopped!
[2024-01-30T12:38:35.546+0000] {spark_submit.py:571} INFO - 24/01/30 12:38:35 INFO SparkContext: Successfully stopped SparkContext
[2024-01-30T12:38:35.546+0000] {spark_submit.py:571} INFO - 24/01/30 12:38:35 INFO ShutdownHookManager: Shutdown hook called
[2024-01-30T12:38:35.557+0000] {spark_submit.py:571} INFO - 24/01/30 12:38:35 INFO ShutdownHookManager: Deleting directory /tmp/spark-5b1eae6d-0d82-4190-84d4-edf3ccd081c3
[2024-01-30T12:38:35.568+0000] {spark_submit.py:571} INFO - 24/01/30 12:38:35 INFO ShutdownHookManager: Deleting directory /tmp/spark-295ab9d4-9007-4288-b151-df00c06abdc1
[2024-01-30T12:38:35.657+0000] {taskinstance.py:2698} ERROR - Task failed with exception
Traceback (most recent call last):
  File "/home/juniortemgoua0/DataLake/venv/lib/python3.8/site-packages/airflow/models/taskinstance.py", line 433, in _execute_task
    result = execute_callable(context=context, **execute_callable_kwargs)
  File "/home/juniortemgoua0/DataLake/venv/lib/python3.8/site-packages/airflow/providers/apache/spark/operators/spark_submit.py", line 174, in execute
    self._hook.submit(self._application)
  File "/home/juniortemgoua0/DataLake/venv/lib/python3.8/site-packages/airflow/providers/apache/spark/hooks/spark_submit.py", line 502, in submit
    raise AirflowException(
airflow.exceptions.AirflowException: Cannot execute: spark-submit --master local[*] --conf spark.airflow.execution_date=2024-01-04 --name arrow-spark --class RawToFormatted --queue root.default --deploy-mode client /home/juniortemgoua0/DataLake/jobs/processes/scala/spark_process/target/scala-2.12/spark_job_2.12-0.1.0.jar hdfs://localhost:9000/data-lake. Error code is: 1.
[2024-01-30T12:38:35.661+0000] {taskinstance.py:1138} INFO - Marking task as UP_FOR_RETRY. dag_id=manage_data_lake_dag, task_id=local_job_raw_to_formatted, execution_date=20240104T000000, start_date=20240130T123826, end_date=20240130T123835
[2024-01-30T12:38:35.676+0000] {standard_task_runner.py:107} ERROR - Failed to execute job 202 for task local_job_raw_to_formatted (Cannot execute: spark-submit --master local[*] --conf spark.airflow.execution_date=2024-01-04 --name arrow-spark --class RawToFormatted --queue root.default --deploy-mode client /home/juniortemgoua0/DataLake/jobs/processes/scala/spark_process/target/scala-2.12/spark_job_2.12-0.1.0.jar hdfs://localhost:9000/data-lake. Error code is: 1.; 27561)
[2024-01-30T12:38:35.700+0000] {local_task_job_runner.py:234} INFO - Task exited with return code 1
[2024-01-30T12:38:35.717+0000] {taskinstance.py:3280} INFO - 0 downstream tasks scheduled from follow-on schedule check
