[2024-01-30T02:55:43.288+0000] {taskinstance.py:1956} INFO - Dependencies all met for dep_context=non-requeueable deps ti=<TaskInstance: manage_data_lake_dag.local_job_raw_to_formatted scheduled__2024-01-17T00:00:00+00:00 [queued]>
[2024-01-30T02:55:43.294+0000] {taskinstance.py:1956} INFO - Dependencies all met for dep_context=requeueable deps ti=<TaskInstance: manage_data_lake_dag.local_job_raw_to_formatted scheduled__2024-01-17T00:00:00+00:00 [queued]>
[2024-01-30T02:55:43.294+0000] {taskinstance.py:2170} INFO - Starting attempt 2 of 6
[2024-01-30T02:55:43.308+0000] {taskinstance.py:2191} INFO - Executing <Task(SparkSubmitOperator): local_job_raw_to_formatted> on 2024-01-17 00:00:00+00:00
[2024-01-30T02:55:43.313+0000] {standard_task_runner.py:60} INFO - Started process 19683 to run task
[2024-01-30T02:55:43.320+0000] {standard_task_runner.py:87} INFO - Running: ['airflow', 'tasks', 'run', 'manage_data_lake_dag', 'local_job_raw_to_formatted', 'scheduled__2024-01-17T00:00:00+00:00', '--job-id', '187', '--raw', '--subdir', 'DAGS_FOLDER/data_lake_dag.py', '--cfg-path', '/tmp/tmp23f7fzjb']
[2024-01-30T02:55:43.322+0000] {standard_task_runner.py:88} INFO - Job 187: Subtask local_job_raw_to_formatted
[2024-01-30T02:55:43.365+0000] {task_command.py:423} INFO - Running <TaskInstance: manage_data_lake_dag.local_job_raw_to_formatted scheduled__2024-01-17T00:00:00+00:00 [running]> on host instance-1.europe-west9-a.c.data-lake-project-409321.internal
[2024-01-30T02:55:43.420+0000] {taskinstance.py:2480} INFO - Exporting env vars: AIRFLOW_CTX_DAG_OWNER='juniortemgoua0' AIRFLOW_CTX_DAG_ID='manage_data_lake_dag' AIRFLOW_CTX_TASK_ID='local_job_raw_to_formatted' AIRFLOW_CTX_EXECUTION_DATE='2024-01-17T00:00:00+00:00' AIRFLOW_CTX_TRY_NUMBER='2' AIRFLOW_CTX_DAG_RUN_ID='scheduled__2024-01-17T00:00:00+00:00'
[2024-01-30T02:55:43.426+0000] {base.py:83} INFO - Using connection ID 'spark_default' for task execution.
[2024-01-30T02:55:43.428+0000] {spark_submit.py:401} INFO - Spark-Submit cmd: spark-submit --master local[*] --conf spark.airflow.execution_date=2024-01-17 --name arrow-spark --class RawToFormatted --queue root.default --deploy-mode client /home/juniortemgoua0/DataLake/jobs/processes/scala/spark_process/target/scala-2.12/spark_job_2.12-0.1.0.jar hdfs://localhost:9000/data-lake
[2024-01-30T02:55:46.731+0000] {spark_submit.py:571} INFO - 24/01/30 02:55:46 INFO SparkContext: Running Spark version 3.5.0
[2024-01-30T02:55:46.735+0000] {spark_submit.py:571} INFO - 24/01/30 02:55:46 INFO SparkContext: OS info Linux, 5.15.0-1049-gcp, amd64
[2024-01-30T02:55:46.736+0000] {spark_submit.py:571} INFO - 24/01/30 02:55:46 INFO SparkContext: Java version 17.0.9
[2024-01-30T02:55:46.903+0000] {spark_submit.py:571} INFO - 24/01/30 02:55:46 WARN NativeCodeLoader: Unable to load native-hadoop library for your platform... using builtin-java classes where applicable
[2024-01-30T02:55:47.181+0000] {spark_submit.py:571} INFO - 24/01/30 02:55:47 INFO ResourceUtils: ==============================================================
[2024-01-30T02:55:47.182+0000] {spark_submit.py:571} INFO - 24/01/30 02:55:47 INFO ResourceUtils: No custom resources configured for spark.driver.
[2024-01-30T02:55:47.184+0000] {spark_submit.py:571} INFO - 24/01/30 02:55:47 INFO ResourceUtils: ==============================================================
[2024-01-30T02:55:47.185+0000] {spark_submit.py:571} INFO - 24/01/30 02:55:47 INFO SparkContext: Submitted application: RawToFormatted
[2024-01-30T02:55:47.242+0000] {spark_submit.py:571} INFO - 24/01/30 02:55:47 INFO ResourceProfile: Default ResourceProfile created, executor resources: Map(cores -> name: cores, amount: 1, script: , vendor: , memory -> name: memory, amount: 1024, script: , vendor: , offHeap -> name: offHeap, amount: 0, script: , vendor: ), task resources: Map(cpus -> name: cpus, amount: 1.0)
[2024-01-30T02:55:47.292+0000] {spark_submit.py:571} INFO - 24/01/30 02:55:47 INFO ResourceProfile: Limiting resource is cpu
[2024-01-30T02:55:47.296+0000] {spark_submit.py:571} INFO - 24/01/30 02:55:47 INFO ResourceProfileManager: Added ResourceProfile id: 0
[2024-01-30T02:55:47.456+0000] {spark_submit.py:571} INFO - 24/01/30 02:55:47 INFO SecurityManager: Changing view acls to: juniortemgoua0
[2024-01-30T02:55:47.458+0000] {spark_submit.py:571} INFO - 24/01/30 02:55:47 INFO SecurityManager: Changing modify acls to: juniortemgoua0
[2024-01-30T02:55:47.461+0000] {spark_submit.py:571} INFO - 24/01/30 02:55:47 INFO SecurityManager: Changing view acls groups to:
[2024-01-30T02:55:47.462+0000] {spark_submit.py:571} INFO - 24/01/30 02:55:47 INFO SecurityManager: Changing modify acls groups to:
[2024-01-30T02:55:47.464+0000] {spark_submit.py:571} INFO - 24/01/30 02:55:47 INFO SecurityManager: SecurityManager: authentication disabled; ui acls disabled; users with view permissions: juniortemgoua0; groups with view permissions: EMPTY; users with modify permissions: juniortemgoua0; groups with modify permissions: EMPTY
[2024-01-30T02:55:48.036+0000] {spark_submit.py:571} INFO - 24/01/30 02:55:48 INFO Utils: Successfully started service 'sparkDriver' on port 39975.
[2024-01-30T02:55:48.101+0000] {spark_submit.py:571} INFO - 24/01/30 02:55:48 INFO SparkEnv: Registering MapOutputTracker
[2024-01-30T02:55:48.216+0000] {spark_submit.py:571} INFO - 24/01/30 02:55:48 INFO SparkEnv: Registering BlockManagerMaster
[2024-01-30T02:55:48.255+0000] {spark_submit.py:571} INFO - 24/01/30 02:55:48 INFO BlockManagerMasterEndpoint: Using org.apache.spark.storage.DefaultTopologyMapper for getting topology information
[2024-01-30T02:55:48.257+0000] {spark_submit.py:571} INFO - 24/01/30 02:55:48 INFO BlockManagerMasterEndpoint: BlockManagerMasterEndpoint up
[2024-01-30T02:55:48.266+0000] {spark_submit.py:571} INFO - 24/01/30 02:55:48 INFO SparkEnv: Registering BlockManagerMasterHeartbeat
[2024-01-30T02:55:48.297+0000] {spark_submit.py:571} INFO - 24/01/30 02:55:48 INFO DiskBlockManager: Created local directory at /tmp/blockmgr-23a08a73-f1e6-473e-972b-159681dfee3c
[2024-01-30T02:55:48.325+0000] {spark_submit.py:571} INFO - 24/01/30 02:55:48 INFO MemoryStore: MemoryStore started with capacity 434.4 MiB
[2024-01-30T02:55:48.371+0000] {spark_submit.py:571} INFO - 24/01/30 02:55:48 INFO SparkEnv: Registering OutputCommitCoordinator
[2024-01-30T02:55:48.621+0000] {spark_submit.py:571} INFO - 24/01/30 02:55:48 INFO JettyUtils: Start Jetty 0.0.0.0:4040 for SparkUI
[2024-01-30T02:55:48.721+0000] {spark_submit.py:571} INFO - 24/01/30 02:55:48 INFO Utils: Successfully started service 'SparkUI' on port 4040.
[2024-01-30T02:55:48.775+0000] {spark_submit.py:571} INFO - 24/01/30 02:55:48 INFO SparkContext: Added JAR file:/home/juniortemgoua0/DataLake/jobs/processes/scala/spark_process/target/scala-2.12/spark_job_2.12-0.1.0.jar at spark://instance-1.europe-west9-a.c.data-lake-project-409321.internal:39975/jars/spark_job_2.12-0.1.0.jar with timestamp 1706583346714
[2024-01-30T02:55:48.885+0000] {spark_submit.py:571} INFO - 24/01/30 02:55:48 INFO Executor: Starting executor ID driver on host instance-1.europe-west9-a.c.data-lake-project-409321.internal
[2024-01-30T02:55:48.886+0000] {spark_submit.py:571} INFO - 24/01/30 02:55:48 INFO Executor: OS info Linux, 5.15.0-1049-gcp, amd64
[2024-01-30T02:55:48.887+0000] {spark_submit.py:571} INFO - 24/01/30 02:55:48 INFO Executor: Java version 17.0.9
[2024-01-30T02:55:48.924+0000] {spark_submit.py:571} INFO - 24/01/30 02:55:48 INFO Executor: Starting executor with user classpath (userClassPathFirst = false): ''
[2024-01-30T02:55:48.925+0000] {spark_submit.py:571} INFO - 24/01/30 02:55:48 INFO Executor: Created or updated repl class loader org.apache.spark.util.MutableURLClassLoader@6ed043d3 for default.
[2024-01-30T02:55:48.949+0000] {spark_submit.py:571} INFO - 24/01/30 02:55:48 INFO Executor: Fetching spark://instance-1.europe-west9-a.c.data-lake-project-409321.internal:39975/jars/spark_job_2.12-0.1.0.jar with timestamp 1706583346714
[2024-01-30T02:55:49.116+0000] {spark_submit.py:571} INFO - 24/01/30 02:55:49 INFO TransportClientFactory: Successfully created connection to instance-1.europe-west9-a.c.data-lake-project-409321.internal/10.200.0.5:39975 after 88 ms (0 ms spent in bootstraps)
[2024-01-30T02:55:49.134+0000] {spark_submit.py:571} INFO - 24/01/30 02:55:49 INFO Utils: Fetching spark://instance-1.europe-west9-a.c.data-lake-project-409321.internal:39975/jars/spark_job_2.12-0.1.0.jar to /tmp/spark-712eaf42-c326-4ca5-a31b-a5a1f4aa139b/userFiles-40e028fa-1eb4-4a6b-b0ba-702aad207481/fetchFileTemp10621533756558703160.tmp
[2024-01-30T02:55:49.251+0000] {spark_submit.py:571} INFO - 24/01/30 02:55:49 INFO Executor: Adding file:/tmp/spark-712eaf42-c326-4ca5-a31b-a5a1f4aa139b/userFiles-40e028fa-1eb4-4a6b-b0ba-702aad207481/spark_job_2.12-0.1.0.jar to class loader default
[2024-01-30T02:55:49.268+0000] {spark_submit.py:571} INFO - 24/01/30 02:55:49 INFO Utils: Successfully started service 'org.apache.spark.network.netty.NettyBlockTransferService' on port 35855.
[2024-01-30T02:55:49.269+0000] {spark_submit.py:571} INFO - 24/01/30 02:55:49 INFO NettyBlockTransferService: Server created on instance-1.europe-west9-a.c.data-lake-project-409321.internal:35855
[2024-01-30T02:55:49.272+0000] {spark_submit.py:571} INFO - 24/01/30 02:55:49 INFO BlockManager: Using org.apache.spark.storage.RandomBlockReplicationPolicy for block replication policy
[2024-01-30T02:55:49.296+0000] {spark_submit.py:571} INFO - 24/01/30 02:55:49 INFO BlockManagerMaster: Registering BlockManager BlockManagerId(driver, instance-1.europe-west9-a.c.data-lake-project-409321.internal, 35855, None)
[2024-01-30T02:55:49.302+0000] {spark_submit.py:571} INFO - 24/01/30 02:55:49 INFO BlockManagerMasterEndpoint: Registering block manager instance-1.europe-west9-a.c.data-lake-project-409321.internal:35855 with 434.4 MiB RAM, BlockManagerId(driver, instance-1.europe-west9-a.c.data-lake-project-409321.internal, 35855, None)
[2024-01-30T02:55:49.315+0000] {spark_submit.py:571} INFO - 24/01/30 02:55:49 INFO BlockManagerMaster: Registered BlockManager BlockManagerId(driver, instance-1.europe-west9-a.c.data-lake-project-409321.internal, 35855, None)
[2024-01-30T02:55:49.322+0000] {spark_submit.py:571} INFO - 24/01/30 02:55:49 INFO BlockManager: Initialized BlockManager: BlockManagerId(driver, instance-1.europe-west9-a.c.data-lake-project-409321.internal, 35855, None)
[2024-01-30T02:55:51.241+0000] {spark_submit.py:571} INFO - 24/01/30 02:55:51 INFO SharedState: Setting hive.metastore.warehouse.dir ('null') to the value of spark.sql.warehouse.dir.
[2024-01-30T02:55:51.251+0000] {spark_submit.py:571} INFO - 24/01/30 02:55:51 INFO SharedState: Warehouse path is 'file:/home/juniortemgoua0/DataLake/spark-warehouse'.
[2024-01-30T02:55:52.181+0000] {spark_submit.py:571} INFO - ************************************************
[2024-01-30T02:55:52.181+0000] {spark_submit.py:571} INFO - Date d'exécution  : 2024-01-17
[2024-01-30T02:55:52.182+0000] {spark_submit.py:571} INFO - ************************************************
[2024-01-30T02:55:53.359+0000] {spark_submit.py:571} INFO - Exception in thread "main" org.apache.spark.sql.AnalysisException: [PATH_NOT_FOUND] Path does not exist: hdfs://localhost:9000/data-lake/raw/football_data/competitions/2024-01-17/*.json.
[2024-01-30T02:55:53.359+0000] {spark_submit.py:571} INFO - at org.apache.spark.sql.errors.QueryCompilationErrors$.dataPathNotExistError(QueryCompilationErrors.scala:1500)
[2024-01-30T02:55:53.360+0000] {spark_submit.py:571} INFO - at org.apache.spark.sql.execution.datasources.DataSource$.$anonfun$checkAndGlobPathIfNecessary$3(DataSource.scala:743)
[2024-01-30T02:55:53.360+0000] {spark_submit.py:571} INFO - at org.apache.spark.util.ThreadUtils$.$anonfun$parmap$2(ThreadUtils.scala:380)
[2024-01-30T02:55:53.360+0000] {spark_submit.py:571} INFO - at scala.concurrent.Future$.$anonfun$apply$1(Future.scala:659)
[2024-01-30T02:55:53.360+0000] {spark_submit.py:571} INFO - at scala.util.Success.$anonfun$map$1(Try.scala:255)
[2024-01-30T02:55:53.360+0000] {spark_submit.py:571} INFO - at scala.util.Success.map(Try.scala:213)
[2024-01-30T02:55:53.360+0000] {spark_submit.py:571} INFO - at scala.concurrent.Future.$anonfun$map$1(Future.scala:292)
[2024-01-30T02:55:53.361+0000] {spark_submit.py:571} INFO - at scala.concurrent.impl.Promise.liftedTree1$1(Promise.scala:33)
[2024-01-30T02:55:53.361+0000] {spark_submit.py:571} INFO - at scala.concurrent.impl.Promise.$anonfun$transform$1(Promise.scala:33)
[2024-01-30T02:55:53.361+0000] {spark_submit.py:571} INFO - at scala.concurrent.impl.CallbackRunnable.run(Promise.scala:64)
[2024-01-30T02:55:53.361+0000] {spark_submit.py:571} INFO - at java.base/java.util.concurrent.ForkJoinTask$RunnableExecuteAction.exec(ForkJoinTask.java:1395)
[2024-01-30T02:55:53.361+0000] {spark_submit.py:571} INFO - at java.base/java.util.concurrent.ForkJoinTask.doExec(ForkJoinTask.java:373)
[2024-01-30T02:55:53.361+0000] {spark_submit.py:571} INFO - at java.base/java.util.concurrent.ForkJoinPool$WorkQueue.topLevelExec(ForkJoinPool.java:1182)
[2024-01-30T02:55:53.362+0000] {spark_submit.py:571} INFO - at java.base/java.util.concurrent.ForkJoinPool.scan(ForkJoinPool.java:1655)
[2024-01-30T02:55:53.362+0000] {spark_submit.py:571} INFO - at java.base/java.util.concurrent.ForkJoinPool.runWorker(ForkJoinPool.java:1622)
[2024-01-30T02:55:53.362+0000] {spark_submit.py:571} INFO - at java.base/java.util.concurrent.ForkJoinWorkerThread.run(ForkJoinWorkerThread.java:165)
[2024-01-30T02:55:53.365+0000] {spark_submit.py:571} INFO - 24/01/30 02:55:53 INFO SparkContext: Invoking stop() from shutdown hook
[2024-01-30T02:55:53.366+0000] {spark_submit.py:571} INFO - 24/01/30 02:55:53 INFO SparkContext: SparkContext is stopping with exitCode 0.
[2024-01-30T02:55:53.384+0000] {spark_submit.py:571} INFO - 24/01/30 02:55:53 INFO SparkUI: Stopped Spark web UI at http://instance-1.europe-west9-a.c.data-lake-project-409321.internal:4040
[2024-01-30T02:55:53.404+0000] {spark_submit.py:571} INFO - 24/01/30 02:55:53 INFO MapOutputTrackerMasterEndpoint: MapOutputTrackerMasterEndpoint stopped!
[2024-01-30T02:55:53.416+0000] {spark_submit.py:571} INFO - 24/01/30 02:55:53 INFO MemoryStore: MemoryStore cleared
[2024-01-30T02:55:53.417+0000] {spark_submit.py:571} INFO - 24/01/30 02:55:53 INFO BlockManager: BlockManager stopped
[2024-01-30T02:55:53.428+0000] {spark_submit.py:571} INFO - 24/01/30 02:55:53 INFO BlockManagerMaster: BlockManagerMaster stopped
[2024-01-30T02:55:53.428+0000] {spark_submit.py:571} INFO - 24/01/30 02:55:53 INFO OutputCommitCoordinator$OutputCommitCoordinatorEndpoint: OutputCommitCoordinator stopped!
[2024-01-30T02:55:53.445+0000] {spark_submit.py:571} INFO - 24/01/30 02:55:53 INFO SparkContext: Successfully stopped SparkContext
[2024-01-30T02:55:53.445+0000] {spark_submit.py:571} INFO - 24/01/30 02:55:53 INFO ShutdownHookManager: Shutdown hook called
[2024-01-30T02:55:53.446+0000] {spark_submit.py:571} INFO - 24/01/30 02:55:53 INFO ShutdownHookManager: Deleting directory /tmp/spark-dd00574e-ba1e-4ba0-a84a-6b3338519371
[2024-01-30T02:55:53.450+0000] {spark_submit.py:571} INFO - 24/01/30 02:55:53 INFO ShutdownHookManager: Deleting directory /tmp/spark-712eaf42-c326-4ca5-a31b-a5a1f4aa139b
[2024-01-30T02:55:53.509+0000] {taskinstance.py:2698} ERROR - Task failed with exception
Traceback (most recent call last):
  File "/home/juniortemgoua0/DataLake/venv/lib/python3.8/site-packages/airflow/models/taskinstance.py", line 433, in _execute_task
    result = execute_callable(context=context, **execute_callable_kwargs)
  File "/home/juniortemgoua0/DataLake/venv/lib/python3.8/site-packages/airflow/providers/apache/spark/operators/spark_submit.py", line 174, in execute
    self._hook.submit(self._application)
  File "/home/juniortemgoua0/DataLake/venv/lib/python3.8/site-packages/airflow/providers/apache/spark/hooks/spark_submit.py", line 502, in submit
    raise AirflowException(
airflow.exceptions.AirflowException: Cannot execute: spark-submit --master local[*] --conf spark.airflow.execution_date=2024-01-17 --name arrow-spark --class RawToFormatted --queue root.default --deploy-mode client /home/juniortemgoua0/DataLake/jobs/processes/scala/spark_process/target/scala-2.12/spark_job_2.12-0.1.0.jar hdfs://localhost:9000/data-lake. Error code is: 1.
[2024-01-30T02:55:53.512+0000] {taskinstance.py:1138} INFO - Marking task as UP_FOR_RETRY. dag_id=manage_data_lake_dag, task_id=local_job_raw_to_formatted, execution_date=20240117T000000, start_date=20240130T025543, end_date=20240130T025553
[2024-01-30T02:55:53.525+0000] {standard_task_runner.py:107} ERROR - Failed to execute job 187 for task local_job_raw_to_formatted (Cannot execute: spark-submit --master local[*] --conf spark.airflow.execution_date=2024-01-17 --name arrow-spark --class RawToFormatted --queue root.default --deploy-mode client /home/juniortemgoua0/DataLake/jobs/processes/scala/spark_process/target/scala-2.12/spark_job_2.12-0.1.0.jar hdfs://localhost:9000/data-lake. Error code is: 1.; 19683)
[2024-01-30T02:55:53.554+0000] {local_task_job_runner.py:234} INFO - Task exited with return code 1
[2024-01-30T02:55:53.570+0000] {taskinstance.py:3280} INFO - 0 downstream tasks scheduled from follow-on schedule check
