[2024-01-30T02:50:09.879+0000] {taskinstance.py:1956} INFO - Dependencies all met for dep_context=non-requeueable deps ti=<TaskInstance: manage_data_lake_dag.local_job_raw_to_formatted scheduled__2024-01-17T00:00:00+00:00 [queued]>
[2024-01-30T02:50:09.886+0000] {taskinstance.py:1956} INFO - Dependencies all met for dep_context=requeueable deps ti=<TaskInstance: manage_data_lake_dag.local_job_raw_to_formatted scheduled__2024-01-17T00:00:00+00:00 [queued]>
[2024-01-30T02:50:09.886+0000] {taskinstance.py:2170} INFO - Starting attempt 1 of 6
[2024-01-30T02:50:09.901+0000] {taskinstance.py:2191} INFO - Executing <Task(SparkSubmitOperator): local_job_raw_to_formatted> on 2024-01-17 00:00:00+00:00
[2024-01-30T02:50:09.906+0000] {standard_task_runner.py:60} INFO - Started process 16744 to run task
[2024-01-30T02:50:09.911+0000] {standard_task_runner.py:87} INFO - Running: ['airflow', 'tasks', 'run', 'manage_data_lake_dag', 'local_job_raw_to_formatted', 'scheduled__2024-01-17T00:00:00+00:00', '--job-id', '167', '--raw', '--subdir', 'DAGS_FOLDER/data_lake_dag.py', '--cfg-path', '/tmp/tmpphze_mlv']
[2024-01-30T02:50:09.913+0000] {standard_task_runner.py:88} INFO - Job 167: Subtask local_job_raw_to_formatted
[2024-01-30T02:50:09.960+0000] {task_command.py:423} INFO - Running <TaskInstance: manage_data_lake_dag.local_job_raw_to_formatted scheduled__2024-01-17T00:00:00+00:00 [running]> on host instance-1.europe-west9-a.c.data-lake-project-409321.internal
[2024-01-30T02:50:10.014+0000] {taskinstance.py:2480} INFO - Exporting env vars: AIRFLOW_CTX_DAG_OWNER='juniortemgoua0' AIRFLOW_CTX_DAG_ID='manage_data_lake_dag' AIRFLOW_CTX_TASK_ID='local_job_raw_to_formatted' AIRFLOW_CTX_EXECUTION_DATE='2024-01-17T00:00:00+00:00' AIRFLOW_CTX_TRY_NUMBER='1' AIRFLOW_CTX_DAG_RUN_ID='scheduled__2024-01-17T00:00:00+00:00'
[2024-01-30T02:50:10.021+0000] {base.py:83} INFO - Using connection ID 'spark_default' for task execution.
[2024-01-30T02:50:10.022+0000] {spark_submit.py:401} INFO - Spark-Submit cmd: spark-submit --master local[*] --conf spark.airflow.execution_date=2024-01-17 --name arrow-spark --class RawToFormatted --queue root.default --deploy-mode client /home/juniortemgoua0/DataLake/jobs/processes/scala/spark_process/target/scala-2.12/spark_job_2.12-0.1.0.jar hdfs://localhost:9000/data-lake
[2024-01-30T02:50:12.723+0000] {spark_submit.py:571} INFO - 24/01/30 02:50:12 INFO SparkContext: Running Spark version 3.5.0
[2024-01-30T02:50:12.726+0000] {spark_submit.py:571} INFO - 24/01/30 02:50:12 INFO SparkContext: OS info Linux, 5.15.0-1049-gcp, amd64
[2024-01-30T02:50:12.727+0000] {spark_submit.py:571} INFO - 24/01/30 02:50:12 INFO SparkContext: Java version 17.0.9
[2024-01-30T02:50:12.859+0000] {spark_submit.py:571} INFO - 24/01/30 02:50:12 WARN NativeCodeLoader: Unable to load native-hadoop library for your platform... using builtin-java classes where applicable
[2024-01-30T02:50:13.008+0000] {spark_submit.py:571} INFO - 24/01/30 02:50:13 INFO ResourceUtils: ==============================================================
[2024-01-30T02:50:13.010+0000] {spark_submit.py:571} INFO - 24/01/30 02:50:13 INFO ResourceUtils: No custom resources configured for spark.driver.
[2024-01-30T02:50:13.011+0000] {spark_submit.py:571} INFO - 24/01/30 02:50:13 INFO ResourceUtils: ==============================================================
[2024-01-30T02:50:13.012+0000] {spark_submit.py:571} INFO - 24/01/30 02:50:13 INFO SparkContext: Submitted application: RawToFormatted
[2024-01-30T02:50:13.041+0000] {spark_submit.py:571} INFO - 24/01/30 02:50:13 INFO ResourceProfile: Default ResourceProfile created, executor resources: Map(cores -> name: cores, amount: 1, script: , vendor: , memory -> name: memory, amount: 1024, script: , vendor: , offHeap -> name: offHeap, amount: 0, script: , vendor: ), task resources: Map(cpus -> name: cpus, amount: 1.0)
[2024-01-30T02:50:13.060+0000] {spark_submit.py:571} INFO - 24/01/30 02:50:13 INFO ResourceProfile: Limiting resource is cpu
[2024-01-30T02:50:13.061+0000] {spark_submit.py:571} INFO - 24/01/30 02:50:13 INFO ResourceProfileManager: Added ResourceProfile id: 0
[2024-01-30T02:50:13.131+0000] {spark_submit.py:571} INFO - 24/01/30 02:50:13 INFO SecurityManager: Changing view acls to: juniortemgoua0
[2024-01-30T02:50:13.132+0000] {spark_submit.py:571} INFO - 24/01/30 02:50:13 INFO SecurityManager: Changing modify acls to: juniortemgoua0
[2024-01-30T02:50:13.133+0000] {spark_submit.py:571} INFO - 24/01/30 02:50:13 INFO SecurityManager: Changing view acls groups to:
[2024-01-30T02:50:13.134+0000] {spark_submit.py:571} INFO - 24/01/30 02:50:13 INFO SecurityManager: Changing modify acls groups to:
[2024-01-30T02:50:13.135+0000] {spark_submit.py:571} INFO - 24/01/30 02:50:13 INFO SecurityManager: SecurityManager: authentication disabled; ui acls disabled; users with view permissions: juniortemgoua0; groups with view permissions: EMPTY; users with modify permissions: juniortemgoua0; groups with modify permissions: EMPTY
[2024-01-30T02:50:13.506+0000] {spark_submit.py:571} INFO - 24/01/30 02:50:13 INFO Utils: Successfully started service 'sparkDriver' on port 45621.
[2024-01-30T02:50:13.547+0000] {spark_submit.py:571} INFO - 24/01/30 02:50:13 INFO SparkEnv: Registering MapOutputTracker
[2024-01-30T02:50:13.604+0000] {spark_submit.py:571} INFO - 24/01/30 02:50:13 INFO SparkEnv: Registering BlockManagerMaster
[2024-01-30T02:50:13.637+0000] {spark_submit.py:571} INFO - 24/01/30 02:50:13 INFO BlockManagerMasterEndpoint: Using org.apache.spark.storage.DefaultTopologyMapper for getting topology information
[2024-01-30T02:50:13.638+0000] {spark_submit.py:571} INFO - 24/01/30 02:50:13 INFO BlockManagerMasterEndpoint: BlockManagerMasterEndpoint up
[2024-01-30T02:50:13.648+0000] {spark_submit.py:571} INFO - 24/01/30 02:50:13 INFO SparkEnv: Registering BlockManagerMasterHeartbeat
[2024-01-30T02:50:13.684+0000] {spark_submit.py:571} INFO - 24/01/30 02:50:13 INFO DiskBlockManager: Created local directory at /tmp/blockmgr-016ea103-8efa-45a1-af03-c380e273c798
[2024-01-30T02:50:13.711+0000] {spark_submit.py:571} INFO - 24/01/30 02:50:13 INFO MemoryStore: MemoryStore started with capacity 434.4 MiB
[2024-01-30T02:50:13.744+0000] {spark_submit.py:571} INFO - 24/01/30 02:50:13 INFO SparkEnv: Registering OutputCommitCoordinator
[2024-01-30T02:50:13.954+0000] {spark_submit.py:571} INFO - 24/01/30 02:50:13 INFO JettyUtils: Start Jetty 0.0.0.0:4040 for SparkUI
[2024-01-30T02:50:14.042+0000] {spark_submit.py:571} INFO - 24/01/30 02:50:14 INFO Utils: Successfully started service 'SparkUI' on port 4040.
[2024-01-30T02:50:14.117+0000] {spark_submit.py:571} INFO - 24/01/30 02:50:14 INFO SparkContext: Added JAR file:/home/juniortemgoua0/DataLake/jobs/processes/scala/spark_process/target/scala-2.12/spark_job_2.12-0.1.0.jar at spark://instance-1.europe-west9-a.c.data-lake-project-409321.internal:45621/jars/spark_job_2.12-0.1.0.jar with timestamp 1706583012699
[2024-01-30T02:50:14.224+0000] {spark_submit.py:571} INFO - 24/01/30 02:50:14 INFO Executor: Starting executor ID driver on host instance-1.europe-west9-a.c.data-lake-project-409321.internal
[2024-01-30T02:50:14.225+0000] {spark_submit.py:571} INFO - 24/01/30 02:50:14 INFO Executor: OS info Linux, 5.15.0-1049-gcp, amd64
[2024-01-30T02:50:14.226+0000] {spark_submit.py:571} INFO - 24/01/30 02:50:14 INFO Executor: Java version 17.0.9
[2024-01-30T02:50:14.236+0000] {spark_submit.py:571} INFO - 24/01/30 02:50:14 INFO Executor: Starting executor with user classpath (userClassPathFirst = false): ''
[2024-01-30T02:50:14.240+0000] {spark_submit.py:571} INFO - 24/01/30 02:50:14 INFO Executor: Created or updated repl class loader org.apache.spark.util.MutableURLClassLoader@135a8c6f for default.
[2024-01-30T02:50:14.274+0000] {spark_submit.py:571} INFO - 24/01/30 02:50:14 INFO Executor: Fetching spark://instance-1.europe-west9-a.c.data-lake-project-409321.internal:45621/jars/spark_job_2.12-0.1.0.jar with timestamp 1706583012699
[2024-01-30T02:50:14.415+0000] {spark_submit.py:571} INFO - 24/01/30 02:50:14 INFO TransportClientFactory: Successfully created connection to instance-1.europe-west9-a.c.data-lake-project-409321.internal/10.200.0.5:45621 after 61 ms (0 ms spent in bootstraps)
[2024-01-30T02:50:14.429+0000] {spark_submit.py:571} INFO - 24/01/30 02:50:14 INFO Utils: Fetching spark://instance-1.europe-west9-a.c.data-lake-project-409321.internal:45621/jars/spark_job_2.12-0.1.0.jar to /tmp/spark-0d45cd1b-4fb0-4f22-bc5f-54e0e1f4895d/userFiles-ed45d77e-d089-48f8-8b04-81a96c6d5f3e/fetchFileTemp5955352112725700574.tmp
[2024-01-30T02:50:14.484+0000] {spark_submit.py:571} INFO - 24/01/30 02:50:14 INFO Executor: Adding file:/tmp/spark-0d45cd1b-4fb0-4f22-bc5f-54e0e1f4895d/userFiles-ed45d77e-d089-48f8-8b04-81a96c6d5f3e/spark_job_2.12-0.1.0.jar to class loader default
[2024-01-30T02:50:14.495+0000] {spark_submit.py:571} INFO - 24/01/30 02:50:14 INFO Utils: Successfully started service 'org.apache.spark.network.netty.NettyBlockTransferService' on port 38279.
[2024-01-30T02:50:14.495+0000] {spark_submit.py:571} INFO - 24/01/30 02:50:14 INFO NettyBlockTransferService: Server created on instance-1.europe-west9-a.c.data-lake-project-409321.internal:38279
[2024-01-30T02:50:14.496+0000] {spark_submit.py:571} INFO - 24/01/30 02:50:14 INFO BlockManager: Using org.apache.spark.storage.RandomBlockReplicationPolicy for block replication policy
[2024-01-30T02:50:14.507+0000] {spark_submit.py:571} INFO - 24/01/30 02:50:14 INFO BlockManagerMaster: Registering BlockManager BlockManagerId(driver, instance-1.europe-west9-a.c.data-lake-project-409321.internal, 38279, None)
[2024-01-30T02:50:14.512+0000] {spark_submit.py:571} INFO - 24/01/30 02:50:14 INFO BlockManagerMasterEndpoint: Registering block manager instance-1.europe-west9-a.c.data-lake-project-409321.internal:38279 with 434.4 MiB RAM, BlockManagerId(driver, instance-1.europe-west9-a.c.data-lake-project-409321.internal, 38279, None)
[2024-01-30T02:50:14.515+0000] {spark_submit.py:571} INFO - 24/01/30 02:50:14 INFO BlockManagerMaster: Registered BlockManager BlockManagerId(driver, instance-1.europe-west9-a.c.data-lake-project-409321.internal, 38279, None)
[2024-01-30T02:50:14.517+0000] {spark_submit.py:571} INFO - 24/01/30 02:50:14 INFO BlockManager: Initialized BlockManager: BlockManagerId(driver, instance-1.europe-west9-a.c.data-lake-project-409321.internal, 38279, None)
[2024-01-30T02:50:15.555+0000] {spark_submit.py:571} INFO - 24/01/30 02:50:15 INFO SharedState: Setting hive.metastore.warehouse.dir ('null') to the value of spark.sql.warehouse.dir.
[2024-01-30T02:50:15.578+0000] {spark_submit.py:571} INFO - 24/01/30 02:50:15 INFO SharedState: Warehouse path is 'file:/home/juniortemgoua0/DataLake/spark-warehouse'.
[2024-01-30T02:50:16.601+0000] {spark_submit.py:571} INFO - ************************************************
[2024-01-30T02:50:16.602+0000] {spark_submit.py:571} INFO - Date d'exécution  : 2024-01-17
[2024-01-30T02:50:16.602+0000] {spark_submit.py:571} INFO - ************************************************
[2024-01-30T02:50:17.789+0000] {spark_submit.py:571} INFO - Exception in thread "main" org.apache.spark.sql.AnalysisException: [PATH_NOT_FOUND] Path does not exist: hdfs://localhost:9000/data-lake/raw/football_data/competitions/2024-01-17/*.json.
[2024-01-30T02:50:17.790+0000] {spark_submit.py:571} INFO - at org.apache.spark.sql.errors.QueryCompilationErrors$.dataPathNotExistError(QueryCompilationErrors.scala:1500)
[2024-01-30T02:50:17.790+0000] {spark_submit.py:571} INFO - at org.apache.spark.sql.execution.datasources.DataSource$.$anonfun$checkAndGlobPathIfNecessary$3(DataSource.scala:743)
[2024-01-30T02:50:17.790+0000] {spark_submit.py:571} INFO - at org.apache.spark.util.ThreadUtils$.$anonfun$parmap$2(ThreadUtils.scala:380)
[2024-01-30T02:50:17.791+0000] {spark_submit.py:571} INFO - at scala.concurrent.Future$.$anonfun$apply$1(Future.scala:659)
[2024-01-30T02:50:17.791+0000] {spark_submit.py:571} INFO - at scala.util.Success.$anonfun$map$1(Try.scala:255)
[2024-01-30T02:50:17.791+0000] {spark_submit.py:571} INFO - at scala.util.Success.map(Try.scala:213)
[2024-01-30T02:50:17.791+0000] {spark_submit.py:571} INFO - at scala.concurrent.Future.$anonfun$map$1(Future.scala:292)
[2024-01-30T02:50:17.791+0000] {spark_submit.py:571} INFO - at scala.concurrent.impl.Promise.liftedTree1$1(Promise.scala:33)
[2024-01-30T02:50:17.791+0000] {spark_submit.py:571} INFO - at scala.concurrent.impl.Promise.$anonfun$transform$1(Promise.scala:33)
[2024-01-30T02:50:17.792+0000] {spark_submit.py:571} INFO - at scala.concurrent.impl.CallbackRunnable.run(Promise.scala:64)
[2024-01-30T02:50:17.792+0000] {spark_submit.py:571} INFO - at java.base/java.util.concurrent.ForkJoinTask$RunnableExecuteAction.exec(ForkJoinTask.java:1395)
[2024-01-30T02:50:17.792+0000] {spark_submit.py:571} INFO - at java.base/java.util.concurrent.ForkJoinTask.doExec(ForkJoinTask.java:373)
[2024-01-30T02:50:17.792+0000] {spark_submit.py:571} INFO - at java.base/java.util.concurrent.ForkJoinPool$WorkQueue.topLevelExec(ForkJoinPool.java:1182)
[2024-01-30T02:50:17.792+0000] {spark_submit.py:571} INFO - at java.base/java.util.concurrent.ForkJoinPool.scan(ForkJoinPool.java:1655)
[2024-01-30T02:50:17.793+0000] {spark_submit.py:571} INFO - at java.base/java.util.concurrent.ForkJoinPool.runWorker(ForkJoinPool.java:1622)
[2024-01-30T02:50:17.793+0000] {spark_submit.py:571} INFO - at java.base/java.util.concurrent.ForkJoinWorkerThread.run(ForkJoinWorkerThread.java:165)
[2024-01-30T02:50:17.797+0000] {spark_submit.py:571} INFO - 24/01/30 02:50:17 INFO SparkContext: Invoking stop() from shutdown hook
[2024-01-30T02:50:17.798+0000] {spark_submit.py:571} INFO - 24/01/30 02:50:17 INFO SparkContext: SparkContext is stopping with exitCode 0.
[2024-01-30T02:50:17.812+0000] {spark_submit.py:571} INFO - 24/01/30 02:50:17 INFO SparkUI: Stopped Spark web UI at http://instance-1.europe-west9-a.c.data-lake-project-409321.internal:4040
[2024-01-30T02:50:17.830+0000] {spark_submit.py:571} INFO - 24/01/30 02:50:17 INFO MapOutputTrackerMasterEndpoint: MapOutputTrackerMasterEndpoint stopped!
[2024-01-30T02:50:17.845+0000] {spark_submit.py:571} INFO - 24/01/30 02:50:17 INFO MemoryStore: MemoryStore cleared
[2024-01-30T02:50:17.845+0000] {spark_submit.py:571} INFO - 24/01/30 02:50:17 INFO BlockManager: BlockManager stopped
[2024-01-30T02:50:17.863+0000] {spark_submit.py:571} INFO - 24/01/30 02:50:17 INFO BlockManagerMaster: BlockManagerMaster stopped
[2024-01-30T02:50:17.867+0000] {spark_submit.py:571} INFO - 24/01/30 02:50:17 INFO OutputCommitCoordinator$OutputCommitCoordinatorEndpoint: OutputCommitCoordinator stopped!
[2024-01-30T02:50:17.878+0000] {spark_submit.py:571} INFO - 24/01/30 02:50:17 INFO SparkContext: Successfully stopped SparkContext
[2024-01-30T02:50:17.878+0000] {spark_submit.py:571} INFO - 24/01/30 02:50:17 INFO ShutdownHookManager: Shutdown hook called
[2024-01-30T02:50:17.879+0000] {spark_submit.py:571} INFO - 24/01/30 02:50:17 INFO ShutdownHookManager: Deleting directory /tmp/spark-0d45cd1b-4fb0-4f22-bc5f-54e0e1f4895d
[2024-01-30T02:50:17.882+0000] {spark_submit.py:571} INFO - 24/01/30 02:50:17 INFO ShutdownHookManager: Deleting directory /tmp/spark-29e1a059-f7ec-4b02-bef3-55bbbe5075c1
[2024-01-30T02:50:17.942+0000] {taskinstance.py:2698} ERROR - Task failed with exception
Traceback (most recent call last):
  File "/home/juniortemgoua0/DataLake/venv/lib/python3.8/site-packages/airflow/models/taskinstance.py", line 433, in _execute_task
    result = execute_callable(context=context, **execute_callable_kwargs)
  File "/home/juniortemgoua0/DataLake/venv/lib/python3.8/site-packages/airflow/providers/apache/spark/operators/spark_submit.py", line 174, in execute
    self._hook.submit(self._application)
  File "/home/juniortemgoua0/DataLake/venv/lib/python3.8/site-packages/airflow/providers/apache/spark/hooks/spark_submit.py", line 502, in submit
    raise AirflowException(
airflow.exceptions.AirflowException: Cannot execute: spark-submit --master local[*] --conf spark.airflow.execution_date=2024-01-17 --name arrow-spark --class RawToFormatted --queue root.default --deploy-mode client /home/juniortemgoua0/DataLake/jobs/processes/scala/spark_process/target/scala-2.12/spark_job_2.12-0.1.0.jar hdfs://localhost:9000/data-lake. Error code is: 1.
[2024-01-30T02:50:17.946+0000] {taskinstance.py:1138} INFO - Marking task as UP_FOR_RETRY. dag_id=manage_data_lake_dag, task_id=local_job_raw_to_formatted, execution_date=20240117T000000, start_date=20240130T025009, end_date=20240130T025017
[2024-01-30T02:50:17.958+0000] {standard_task_runner.py:107} ERROR - Failed to execute job 167 for task local_job_raw_to_formatted (Cannot execute: spark-submit --master local[*] --conf spark.airflow.execution_date=2024-01-17 --name arrow-spark --class RawToFormatted --queue root.default --deploy-mode client /home/juniortemgoua0/DataLake/jobs/processes/scala/spark_process/target/scala-2.12/spark_job_2.12-0.1.0.jar hdfs://localhost:9000/data-lake. Error code is: 1.; 16744)
[2024-01-30T02:50:17.978+0000] {local_task_job_runner.py:234} INFO - Task exited with return code 1
[2024-01-30T02:50:17.993+0000] {taskinstance.py:3280} INFO - 0 downstream tasks scheduled from follow-on schedule check
