[2024-01-30T03:01:46.952+0000] {taskinstance.py:1956} INFO - Dependencies all met for dep_context=non-requeueable deps ti=<TaskInstance: manage_data_lake_dag.local_job_raw_to_formatted scheduled__2024-01-17T00:00:00+00:00 [queued]>
[2024-01-30T03:01:46.958+0000] {taskinstance.py:1956} INFO - Dependencies all met for dep_context=requeueable deps ti=<TaskInstance: manage_data_lake_dag.local_job_raw_to_formatted scheduled__2024-01-17T00:00:00+00:00 [queued]>
[2024-01-30T03:01:46.958+0000] {taskinstance.py:2170} INFO - Starting attempt 3 of 6
[2024-01-30T03:01:46.971+0000] {taskinstance.py:2191} INFO - Executing <Task(SparkSubmitOperator): local_job_raw_to_formatted> on 2024-01-17 00:00:00+00:00
[2024-01-30T03:01:46.976+0000] {standard_task_runner.py:60} INFO - Started process 22324 to run task
[2024-01-30T03:01:46.981+0000] {standard_task_runner.py:87} INFO - Running: ['airflow', 'tasks', 'run', 'manage_data_lake_dag', 'local_job_raw_to_formatted', 'scheduled__2024-01-17T00:00:00+00:00', '--job-id', '203', '--raw', '--subdir', 'DAGS_FOLDER/data_lake_dag.py', '--cfg-path', '/tmp/tmpekim0tqx']
[2024-01-30T03:01:46.984+0000] {standard_task_runner.py:88} INFO - Job 203: Subtask local_job_raw_to_formatted
[2024-01-30T03:01:47.026+0000] {task_command.py:423} INFO - Running <TaskInstance: manage_data_lake_dag.local_job_raw_to_formatted scheduled__2024-01-17T00:00:00+00:00 [running]> on host instance-1.europe-west9-a.c.data-lake-project-409321.internal
[2024-01-30T03:01:47.078+0000] {taskinstance.py:2480} INFO - Exporting env vars: AIRFLOW_CTX_DAG_OWNER='juniortemgoua0' AIRFLOW_CTX_DAG_ID='manage_data_lake_dag' AIRFLOW_CTX_TASK_ID='local_job_raw_to_formatted' AIRFLOW_CTX_EXECUTION_DATE='2024-01-17T00:00:00+00:00' AIRFLOW_CTX_TRY_NUMBER='3' AIRFLOW_CTX_DAG_RUN_ID='scheduled__2024-01-17T00:00:00+00:00'
[2024-01-30T03:01:47.085+0000] {base.py:83} INFO - Using connection ID 'spark_default' for task execution.
[2024-01-30T03:01:47.087+0000] {spark_submit.py:401} INFO - Spark-Submit cmd: spark-submit --master local[*] --conf spark.airflow.execution_date=2024-01-17 --name arrow-spark --class RawToFormatted --queue root.default --deploy-mode client /home/juniortemgoua0/DataLake/jobs/processes/scala/spark_process/target/scala-2.12/spark_job_2.12-0.1.0.jar hdfs://localhost:9000/data-lake
[2024-01-30T03:01:49.831+0000] {spark_submit.py:571} INFO - 24/01/30 03:01:49 INFO SparkContext: Running Spark version 3.5.0
[2024-01-30T03:01:49.836+0000] {spark_submit.py:571} INFO - 24/01/30 03:01:49 INFO SparkContext: OS info Linux, 5.15.0-1049-gcp, amd64
[2024-01-30T03:01:49.837+0000] {spark_submit.py:571} INFO - 24/01/30 03:01:49 INFO SparkContext: Java version 17.0.9
[2024-01-30T03:01:49.936+0000] {spark_submit.py:571} INFO - 24/01/30 03:01:49 WARN NativeCodeLoader: Unable to load native-hadoop library for your platform... using builtin-java classes where applicable
[2024-01-30T03:01:50.070+0000] {spark_submit.py:571} INFO - 24/01/30 03:01:50 INFO ResourceUtils: ==============================================================
[2024-01-30T03:01:50.071+0000] {spark_submit.py:571} INFO - 24/01/30 03:01:50 INFO ResourceUtils: No custom resources configured for spark.driver.
[2024-01-30T03:01:50.072+0000] {spark_submit.py:571} INFO - 24/01/30 03:01:50 INFO ResourceUtils: ==============================================================
[2024-01-30T03:01:50.074+0000] {spark_submit.py:571} INFO - 24/01/30 03:01:50 INFO SparkContext: Submitted application: RawToFormatted
[2024-01-30T03:01:50.112+0000] {spark_submit.py:571} INFO - 24/01/30 03:01:50 INFO ResourceProfile: Default ResourceProfile created, executor resources: Map(cores -> name: cores, amount: 1, script: , vendor: , memory -> name: memory, amount: 1024, script: , vendor: , offHeap -> name: offHeap, amount: 0, script: , vendor: ), task resources: Map(cpus -> name: cpus, amount: 1.0)
[2024-01-30T03:01:50.127+0000] {spark_submit.py:571} INFO - 24/01/30 03:01:50 INFO ResourceProfile: Limiting resource is cpu
[2024-01-30T03:01:50.129+0000] {spark_submit.py:571} INFO - 24/01/30 03:01:50 INFO ResourceProfileManager: Added ResourceProfile id: 0
[2024-01-30T03:01:50.216+0000] {spark_submit.py:571} INFO - 24/01/30 03:01:50 INFO SecurityManager: Changing view acls to: juniortemgoua0
[2024-01-30T03:01:50.217+0000] {spark_submit.py:571} INFO - 24/01/30 03:01:50 INFO SecurityManager: Changing modify acls to: juniortemgoua0
[2024-01-30T03:01:50.219+0000] {spark_submit.py:571} INFO - 24/01/30 03:01:50 INFO SecurityManager: Changing view acls groups to:
[2024-01-30T03:01:50.220+0000] {spark_submit.py:571} INFO - 24/01/30 03:01:50 INFO SecurityManager: Changing modify acls groups to:
[2024-01-30T03:01:50.222+0000] {spark_submit.py:571} INFO - 24/01/30 03:01:50 INFO SecurityManager: SecurityManager: authentication disabled; ui acls disabled; users with view permissions: juniortemgoua0; groups with view permissions: EMPTY; users with modify permissions: juniortemgoua0; groups with modify permissions: EMPTY
[2024-01-30T03:01:50.597+0000] {spark_submit.py:571} INFO - 24/01/30 03:01:50 INFO Utils: Successfully started service 'sparkDriver' on port 35735.
[2024-01-30T03:01:50.649+0000] {spark_submit.py:571} INFO - 24/01/30 03:01:50 INFO SparkEnv: Registering MapOutputTracker
[2024-01-30T03:01:50.712+0000] {spark_submit.py:571} INFO - 24/01/30 03:01:50 INFO SparkEnv: Registering BlockManagerMaster
[2024-01-30T03:01:50.740+0000] {spark_submit.py:571} INFO - 24/01/30 03:01:50 INFO BlockManagerMasterEndpoint: Using org.apache.spark.storage.DefaultTopologyMapper for getting topology information
[2024-01-30T03:01:50.742+0000] {spark_submit.py:571} INFO - 24/01/30 03:01:50 INFO BlockManagerMasterEndpoint: BlockManagerMasterEndpoint up
[2024-01-30T03:01:50.746+0000] {spark_submit.py:571} INFO - 24/01/30 03:01:50 INFO SparkEnv: Registering BlockManagerMasterHeartbeat
[2024-01-30T03:01:50.776+0000] {spark_submit.py:571} INFO - 24/01/30 03:01:50 INFO DiskBlockManager: Created local directory at /tmp/blockmgr-ad8cb23e-bb64-4c25-898f-d9a5bd3a60a3
[2024-01-30T03:01:50.803+0000] {spark_submit.py:571} INFO - 24/01/30 03:01:50 INFO MemoryStore: MemoryStore started with capacity 434.4 MiB
[2024-01-30T03:01:50.828+0000] {spark_submit.py:571} INFO - 24/01/30 03:01:50 INFO SparkEnv: Registering OutputCommitCoordinator
[2024-01-30T03:01:51.033+0000] {spark_submit.py:571} INFO - 24/01/30 03:01:51 INFO JettyUtils: Start Jetty 0.0.0.0:4040 for SparkUI
[2024-01-30T03:01:51.127+0000] {spark_submit.py:571} INFO - 24/01/30 03:01:51 INFO Utils: Successfully started service 'SparkUI' on port 4040.
[2024-01-30T03:01:51.193+0000] {spark_submit.py:571} INFO - 24/01/30 03:01:51 INFO SparkContext: Added JAR file:/home/juniortemgoua0/DataLake/jobs/processes/scala/spark_process/target/scala-2.12/spark_job_2.12-0.1.0.jar at spark://instance-1.europe-west9-a.c.data-lake-project-409321.internal:35735/jars/spark_job_2.12-0.1.0.jar with timestamp 1706583709816
[2024-01-30T03:01:51.315+0000] {spark_submit.py:571} INFO - 24/01/30 03:01:51 INFO Executor: Starting executor ID driver on host instance-1.europe-west9-a.c.data-lake-project-409321.internal
[2024-01-30T03:01:51.316+0000] {spark_submit.py:571} INFO - 24/01/30 03:01:51 INFO Executor: OS info Linux, 5.15.0-1049-gcp, amd64
[2024-01-30T03:01:51.318+0000] {spark_submit.py:571} INFO - 24/01/30 03:01:51 INFO Executor: Java version 17.0.9
[2024-01-30T03:01:51.335+0000] {spark_submit.py:571} INFO - 24/01/30 03:01:51 INFO Executor: Starting executor with user classpath (userClassPathFirst = false): ''
[2024-01-30T03:01:51.336+0000] {spark_submit.py:571} INFO - 24/01/30 03:01:51 INFO Executor: Created or updated repl class loader org.apache.spark.util.MutableURLClassLoader@6ed043d3 for default.
[2024-01-30T03:01:51.357+0000] {spark_submit.py:571} INFO - 24/01/30 03:01:51 INFO Executor: Fetching spark://instance-1.europe-west9-a.c.data-lake-project-409321.internal:35735/jars/spark_job_2.12-0.1.0.jar with timestamp 1706583709816
[2024-01-30T03:01:51.462+0000] {spark_submit.py:571} INFO - 24/01/30 03:01:51 INFO TransportClientFactory: Successfully created connection to instance-1.europe-west9-a.c.data-lake-project-409321.internal/10.200.0.5:35735 after 67 ms (0 ms spent in bootstraps)
[2024-01-30T03:01:51.513+0000] {spark_submit.py:571} INFO - 24/01/30 03:01:51 INFO Utils: Fetching spark://instance-1.europe-west9-a.c.data-lake-project-409321.internal:35735/jars/spark_job_2.12-0.1.0.jar to /tmp/spark-eda4fe83-2f08-4bea-b9c8-543bd7419229/userFiles-45033063-96de-45be-a91f-63156df47fef/fetchFileTemp6640096209119268126.tmp
[2024-01-30T03:01:51.596+0000] {spark_submit.py:571} INFO - 24/01/30 03:01:51 INFO Executor: Adding file:/tmp/spark-eda4fe83-2f08-4bea-b9c8-543bd7419229/userFiles-45033063-96de-45be-a91f-63156df47fef/spark_job_2.12-0.1.0.jar to class loader default
[2024-01-30T03:01:51.616+0000] {spark_submit.py:571} INFO - 24/01/30 03:01:51 INFO Utils: Successfully started service 'org.apache.spark.network.netty.NettyBlockTransferService' on port 37013.
[2024-01-30T03:01:51.616+0000] {spark_submit.py:571} INFO - 24/01/30 03:01:51 INFO NettyBlockTransferService: Server created on instance-1.europe-west9-a.c.data-lake-project-409321.internal:37013
[2024-01-30T03:01:51.618+0000] {spark_submit.py:571} INFO - 24/01/30 03:01:51 INFO BlockManager: Using org.apache.spark.storage.RandomBlockReplicationPolicy for block replication policy
[2024-01-30T03:01:51.630+0000] {spark_submit.py:571} INFO - 24/01/30 03:01:51 INFO BlockManagerMaster: Registering BlockManager BlockManagerId(driver, instance-1.europe-west9-a.c.data-lake-project-409321.internal, 37013, None)
[2024-01-30T03:01:51.635+0000] {spark_submit.py:571} INFO - 24/01/30 03:01:51 INFO BlockManagerMasterEndpoint: Registering block manager instance-1.europe-west9-a.c.data-lake-project-409321.internal:37013 with 434.4 MiB RAM, BlockManagerId(driver, instance-1.europe-west9-a.c.data-lake-project-409321.internal, 37013, None)
[2024-01-30T03:01:51.638+0000] {spark_submit.py:571} INFO - 24/01/30 03:01:51 INFO BlockManagerMaster: Registered BlockManager BlockManagerId(driver, instance-1.europe-west9-a.c.data-lake-project-409321.internal, 37013, None)
[2024-01-30T03:01:51.639+0000] {spark_submit.py:571} INFO - 24/01/30 03:01:51 INFO BlockManager: Initialized BlockManager: BlockManagerId(driver, instance-1.europe-west9-a.c.data-lake-project-409321.internal, 37013, None)
[2024-01-30T03:01:52.845+0000] {spark_submit.py:571} INFO - 24/01/30 03:01:52 INFO SharedState: Setting hive.metastore.warehouse.dir ('null') to the value of spark.sql.warehouse.dir.
[2024-01-30T03:01:52.857+0000] {spark_submit.py:571} INFO - 24/01/30 03:01:52 INFO SharedState: Warehouse path is 'file:/home/juniortemgoua0/DataLake/spark-warehouse'.
[2024-01-30T03:01:54.226+0000] {spark_submit.py:571} INFO - ************************************************
[2024-01-30T03:01:54.228+0000] {spark_submit.py:571} INFO - Date d'exécution  : 2024-01-17
[2024-01-30T03:01:54.229+0000] {spark_submit.py:571} INFO - ************************************************
[2024-01-30T03:01:55.785+0000] {spark_submit.py:571} INFO - Exception in thread "main" org.apache.spark.sql.AnalysisException: [PATH_NOT_FOUND] Path does not exist: hdfs://localhost:9000/data-lake/raw/football_data/competitions/2024-01-17/*.json.
[2024-01-30T03:01:55.786+0000] {spark_submit.py:571} INFO - at org.apache.spark.sql.errors.QueryCompilationErrors$.dataPathNotExistError(QueryCompilationErrors.scala:1500)
[2024-01-30T03:01:55.786+0000] {spark_submit.py:571} INFO - at org.apache.spark.sql.execution.datasources.DataSource$.$anonfun$checkAndGlobPathIfNecessary$3(DataSource.scala:743)
[2024-01-30T03:01:55.787+0000] {spark_submit.py:571} INFO - at org.apache.spark.util.ThreadUtils$.$anonfun$parmap$2(ThreadUtils.scala:380)
[2024-01-30T03:01:55.787+0000] {spark_submit.py:571} INFO - at scala.concurrent.Future$.$anonfun$apply$1(Future.scala:659)
[2024-01-30T03:01:55.787+0000] {spark_submit.py:571} INFO - at scala.util.Success.$anonfun$map$1(Try.scala:255)
[2024-01-30T03:01:55.787+0000] {spark_submit.py:571} INFO - at scala.util.Success.map(Try.scala:213)
[2024-01-30T03:01:55.787+0000] {spark_submit.py:571} INFO - at scala.concurrent.Future.$anonfun$map$1(Future.scala:292)
[2024-01-30T03:01:55.787+0000] {spark_submit.py:571} INFO - at scala.concurrent.impl.Promise.liftedTree1$1(Promise.scala:33)
[2024-01-30T03:01:55.788+0000] {spark_submit.py:571} INFO - at scala.concurrent.impl.Promise.$anonfun$transform$1(Promise.scala:33)
[2024-01-30T03:01:55.788+0000] {spark_submit.py:571} INFO - at scala.concurrent.impl.CallbackRunnable.run(Promise.scala:64)
[2024-01-30T03:01:55.788+0000] {spark_submit.py:571} INFO - at java.base/java.util.concurrent.ForkJoinTask$RunnableExecuteAction.exec(ForkJoinTask.java:1395)
[2024-01-30T03:01:55.788+0000] {spark_submit.py:571} INFO - at java.base/java.util.concurrent.ForkJoinTask.doExec(ForkJoinTask.java:373)
[2024-01-30T03:01:55.788+0000] {spark_submit.py:571} INFO - at java.base/java.util.concurrent.ForkJoinPool$WorkQueue.topLevelExec(ForkJoinPool.java:1182)
[2024-01-30T03:01:55.789+0000] {spark_submit.py:571} INFO - at java.base/java.util.concurrent.ForkJoinPool.scan(ForkJoinPool.java:1655)
[2024-01-30T03:01:55.789+0000] {spark_submit.py:571} INFO - at java.base/java.util.concurrent.ForkJoinPool.runWorker(ForkJoinPool.java:1622)
[2024-01-30T03:01:55.789+0000] {spark_submit.py:571} INFO - at java.base/java.util.concurrent.ForkJoinWorkerThread.run(ForkJoinWorkerThread.java:165)
[2024-01-30T03:01:55.794+0000] {spark_submit.py:571} INFO - 24/01/30 03:01:55 INFO SparkContext: Invoking stop() from shutdown hook
[2024-01-30T03:01:55.794+0000] {spark_submit.py:571} INFO - 24/01/30 03:01:55 INFO SparkContext: SparkContext is stopping with exitCode 0.
[2024-01-30T03:01:55.808+0000] {spark_submit.py:571} INFO - 24/01/30 03:01:55 INFO SparkUI: Stopped Spark web UI at http://instance-1.europe-west9-a.c.data-lake-project-409321.internal:4040
[2024-01-30T03:01:55.827+0000] {spark_submit.py:571} INFO - 24/01/30 03:01:55 INFO MapOutputTrackerMasterEndpoint: MapOutputTrackerMasterEndpoint stopped!
[2024-01-30T03:01:55.848+0000] {spark_submit.py:571} INFO - 24/01/30 03:01:55 INFO MemoryStore: MemoryStore cleared
[2024-01-30T03:01:55.849+0000] {spark_submit.py:571} INFO - 24/01/30 03:01:55 INFO BlockManager: BlockManager stopped
[2024-01-30T03:01:55.858+0000] {spark_submit.py:571} INFO - 24/01/30 03:01:55 INFO BlockManagerMaster: BlockManagerMaster stopped
[2024-01-30T03:01:55.862+0000] {spark_submit.py:571} INFO - 24/01/30 03:01:55 INFO OutputCommitCoordinator$OutputCommitCoordinatorEndpoint: OutputCommitCoordinator stopped!
[2024-01-30T03:01:55.872+0000] {spark_submit.py:571} INFO - 24/01/30 03:01:55 INFO SparkContext: Successfully stopped SparkContext
[2024-01-30T03:01:55.873+0000] {spark_submit.py:571} INFO - 24/01/30 03:01:55 INFO ShutdownHookManager: Shutdown hook called
[2024-01-30T03:01:55.873+0000] {spark_submit.py:571} INFO - 24/01/30 03:01:55 INFO ShutdownHookManager: Deleting directory /tmp/spark-bf3b0561-0bb0-4f6c-9102-10f8353af51d
[2024-01-30T03:01:55.879+0000] {spark_submit.py:571} INFO - 24/01/30 03:01:55 INFO ShutdownHookManager: Deleting directory /tmp/spark-eda4fe83-2f08-4bea-b9c8-543bd7419229
[2024-01-30T03:01:55.945+0000] {taskinstance.py:2698} ERROR - Task failed with exception
Traceback (most recent call last):
  File "/home/juniortemgoua0/DataLake/venv/lib/python3.8/site-packages/airflow/models/taskinstance.py", line 433, in _execute_task
    result = execute_callable(context=context, **execute_callable_kwargs)
  File "/home/juniortemgoua0/DataLake/venv/lib/python3.8/site-packages/airflow/providers/apache/spark/operators/spark_submit.py", line 174, in execute
    self._hook.submit(self._application)
  File "/home/juniortemgoua0/DataLake/venv/lib/python3.8/site-packages/airflow/providers/apache/spark/hooks/spark_submit.py", line 502, in submit
    raise AirflowException(
airflow.exceptions.AirflowException: Cannot execute: spark-submit --master local[*] --conf spark.airflow.execution_date=2024-01-17 --name arrow-spark --class RawToFormatted --queue root.default --deploy-mode client /home/juniortemgoua0/DataLake/jobs/processes/scala/spark_process/target/scala-2.12/spark_job_2.12-0.1.0.jar hdfs://localhost:9000/data-lake. Error code is: 1.
[2024-01-30T03:01:55.948+0000] {taskinstance.py:1138} INFO - Marking task as UP_FOR_RETRY. dag_id=manage_data_lake_dag, task_id=local_job_raw_to_formatted, execution_date=20240117T000000, start_date=20240130T030146, end_date=20240130T030155
[2024-01-30T03:01:55.962+0000] {standard_task_runner.py:107} ERROR - Failed to execute job 203 for task local_job_raw_to_formatted (Cannot execute: spark-submit --master local[*] --conf spark.airflow.execution_date=2024-01-17 --name arrow-spark --class RawToFormatted --queue root.default --deploy-mode client /home/juniortemgoua0/DataLake/jobs/processes/scala/spark_process/target/scala-2.12/spark_job_2.12-0.1.0.jar hdfs://localhost:9000/data-lake. Error code is: 1.; 22324)
[2024-01-30T03:01:55.982+0000] {local_task_job_runner.py:234} INFO - Task exited with return code 1
[2024-01-30T03:01:55.999+0000] {taskinstance.py:3280} INFO - 0 downstream tasks scheduled from follow-on schedule check
