[2024-01-30T02:56:09.285+0000] {taskinstance.py:1956} INFO - Dependencies all met for dep_context=non-requeueable deps ti=<TaskInstance: manage_data_lake_dag.local_job_raw_to_formatted scheduled__2024-01-19T00:00:00+00:00 [queued]>
[2024-01-30T02:56:09.291+0000] {taskinstance.py:1956} INFO - Dependencies all met for dep_context=requeueable deps ti=<TaskInstance: manage_data_lake_dag.local_job_raw_to_formatted scheduled__2024-01-19T00:00:00+00:00 [queued]>
[2024-01-30T02:56:09.292+0000] {taskinstance.py:2170} INFO - Starting attempt 2 of 6
[2024-01-30T02:56:09.305+0000] {taskinstance.py:2191} INFO - Executing <Task(SparkSubmitOperator): local_job_raw_to_formatted> on 2024-01-19 00:00:00+00:00
[2024-01-30T02:56:09.313+0000] {standard_task_runner.py:60} INFO - Started process 19952 to run task
[2024-01-30T02:56:09.318+0000] {standard_task_runner.py:87} INFO - Running: ['airflow', 'tasks', 'run', 'manage_data_lake_dag', 'local_job_raw_to_formatted', 'scheduled__2024-01-19T00:00:00+00:00', '--job-id', '189', '--raw', '--subdir', 'DAGS_FOLDER/data_lake_dag.py', '--cfg-path', '/tmp/tmpjl8c1mj3']
[2024-01-30T02:56:09.321+0000] {standard_task_runner.py:88} INFO - Job 189: Subtask local_job_raw_to_formatted
[2024-01-30T02:56:09.364+0000] {task_command.py:423} INFO - Running <TaskInstance: manage_data_lake_dag.local_job_raw_to_formatted scheduled__2024-01-19T00:00:00+00:00 [running]> on host instance-1.europe-west9-a.c.data-lake-project-409321.internal
[2024-01-30T02:56:09.420+0000] {taskinstance.py:2480} INFO - Exporting env vars: AIRFLOW_CTX_DAG_OWNER='juniortemgoua0' AIRFLOW_CTX_DAG_ID='manage_data_lake_dag' AIRFLOW_CTX_TASK_ID='local_job_raw_to_formatted' AIRFLOW_CTX_EXECUTION_DATE='2024-01-19T00:00:00+00:00' AIRFLOW_CTX_TRY_NUMBER='2' AIRFLOW_CTX_DAG_RUN_ID='scheduled__2024-01-19T00:00:00+00:00'
[2024-01-30T02:56:09.429+0000] {base.py:83} INFO - Using connection ID 'spark_default' for task execution.
[2024-01-30T02:56:09.431+0000] {spark_submit.py:401} INFO - Spark-Submit cmd: spark-submit --master local[*] --conf spark.airflow.execution_date=2024-01-19 --name arrow-spark --class RawToFormatted --queue root.default --deploy-mode client /home/juniortemgoua0/DataLake/jobs/processes/scala/spark_process/target/scala-2.12/spark_job_2.12-0.1.0.jar hdfs://localhost:9000/data-lake
[2024-01-30T02:56:12.046+0000] {spark_submit.py:571} INFO - 24/01/30 02:56:12 INFO SparkContext: Running Spark version 3.5.0
[2024-01-30T02:56:12.049+0000] {spark_submit.py:571} INFO - 24/01/30 02:56:12 INFO SparkContext: OS info Linux, 5.15.0-1049-gcp, amd64
[2024-01-30T02:56:12.052+0000] {spark_submit.py:571} INFO - 24/01/30 02:56:12 INFO SparkContext: Java version 17.0.9
[2024-01-30T02:56:12.195+0000] {spark_submit.py:571} INFO - 24/01/30 02:56:12 WARN NativeCodeLoader: Unable to load native-hadoop library for your platform... using builtin-java classes where applicable
[2024-01-30T02:56:12.356+0000] {spark_submit.py:571} INFO - 24/01/30 02:56:12 INFO ResourceUtils: ==============================================================
[2024-01-30T02:56:12.357+0000] {spark_submit.py:571} INFO - 24/01/30 02:56:12 INFO ResourceUtils: No custom resources configured for spark.driver.
[2024-01-30T02:56:12.359+0000] {spark_submit.py:571} INFO - 24/01/30 02:56:12 INFO ResourceUtils: ==============================================================
[2024-01-30T02:56:12.360+0000] {spark_submit.py:571} INFO - 24/01/30 02:56:12 INFO SparkContext: Submitted application: RawToFormatted
[2024-01-30T02:56:12.388+0000] {spark_submit.py:571} INFO - 24/01/30 02:56:12 INFO ResourceProfile: Default ResourceProfile created, executor resources: Map(cores -> name: cores, amount: 1, script: , vendor: , memory -> name: memory, amount: 1024, script: , vendor: , offHeap -> name: offHeap, amount: 0, script: , vendor: ), task resources: Map(cpus -> name: cpus, amount: 1.0)
[2024-01-30T02:56:12.401+0000] {spark_submit.py:571} INFO - 24/01/30 02:56:12 INFO ResourceProfile: Limiting resource is cpu
[2024-01-30T02:56:12.402+0000] {spark_submit.py:571} INFO - 24/01/30 02:56:12 INFO ResourceProfileManager: Added ResourceProfile id: 0
[2024-01-30T02:56:12.465+0000] {spark_submit.py:571} INFO - 24/01/30 02:56:12 INFO SecurityManager: Changing view acls to: juniortemgoua0
[2024-01-30T02:56:12.466+0000] {spark_submit.py:571} INFO - 24/01/30 02:56:12 INFO SecurityManager: Changing modify acls to: juniortemgoua0
[2024-01-30T02:56:12.467+0000] {spark_submit.py:571} INFO - 24/01/30 02:56:12 INFO SecurityManager: Changing view acls groups to:
[2024-01-30T02:56:12.468+0000] {spark_submit.py:571} INFO - 24/01/30 02:56:12 INFO SecurityManager: Changing modify acls groups to:
[2024-01-30T02:56:12.468+0000] {spark_submit.py:571} INFO - 24/01/30 02:56:12 INFO SecurityManager: SecurityManager: authentication disabled; ui acls disabled; users with view permissions: juniortemgoua0; groups with view permissions: EMPTY; users with modify permissions: juniortemgoua0; groups with modify permissions: EMPTY
[2024-01-30T02:56:12.853+0000] {spark_submit.py:571} INFO - 24/01/30 02:56:12 INFO Utils: Successfully started service 'sparkDriver' on port 43601.
[2024-01-30T02:56:12.895+0000] {spark_submit.py:571} INFO - 24/01/30 02:56:12 INFO SparkEnv: Registering MapOutputTracker
[2024-01-30T02:56:12.957+0000] {spark_submit.py:571} INFO - 24/01/30 02:56:12 INFO SparkEnv: Registering BlockManagerMaster
[2024-01-30T02:56:12.991+0000] {spark_submit.py:571} INFO - 24/01/30 02:56:12 INFO BlockManagerMasterEndpoint: Using org.apache.spark.storage.DefaultTopologyMapper for getting topology information
[2024-01-30T02:56:12.992+0000] {spark_submit.py:571} INFO - 24/01/30 02:56:12 INFO BlockManagerMasterEndpoint: BlockManagerMasterEndpoint up
[2024-01-30T02:56:13.000+0000] {spark_submit.py:571} INFO - 24/01/30 02:56:12 INFO SparkEnv: Registering BlockManagerMasterHeartbeat
[2024-01-30T02:56:13.028+0000] {spark_submit.py:571} INFO - 24/01/30 02:56:13 INFO DiskBlockManager: Created local directory at /tmp/blockmgr-e962aa30-a81d-4d97-b9b6-4318ea5400a0
[2024-01-30T02:56:13.051+0000] {spark_submit.py:571} INFO - 24/01/30 02:56:13 INFO MemoryStore: MemoryStore started with capacity 434.4 MiB
[2024-01-30T02:56:13.078+0000] {spark_submit.py:571} INFO - 24/01/30 02:56:13 INFO SparkEnv: Registering OutputCommitCoordinator
[2024-01-30T02:56:13.255+0000] {spark_submit.py:571} INFO - 24/01/30 02:56:13 INFO JettyUtils: Start Jetty 0.0.0.0:4040 for SparkUI
[2024-01-30T02:56:13.344+0000] {spark_submit.py:571} INFO - 24/01/30 02:56:13 INFO Utils: Successfully started service 'SparkUI' on port 4040.
[2024-01-30T02:56:13.410+0000] {spark_submit.py:571} INFO - 24/01/30 02:56:13 INFO SparkContext: Added JAR file:/home/juniortemgoua0/DataLake/jobs/processes/scala/spark_process/target/scala-2.12/spark_job_2.12-0.1.0.jar at spark://instance-1.europe-west9-a.c.data-lake-project-409321.internal:43601/jars/spark_job_2.12-0.1.0.jar with timestamp 1706583372032
[2024-01-30T02:56:13.554+0000] {spark_submit.py:571} INFO - 24/01/30 02:56:13 INFO Executor: Starting executor ID driver on host instance-1.europe-west9-a.c.data-lake-project-409321.internal
[2024-01-30T02:56:13.554+0000] {spark_submit.py:571} INFO - 24/01/30 02:56:13 INFO Executor: OS info Linux, 5.15.0-1049-gcp, amd64
[2024-01-30T02:56:13.555+0000] {spark_submit.py:571} INFO - 24/01/30 02:56:13 INFO Executor: Java version 17.0.9
[2024-01-30T02:56:13.587+0000] {spark_submit.py:571} INFO - 24/01/30 02:56:13 INFO Executor: Starting executor with user classpath (userClassPathFirst = false): ''
[2024-01-30T02:56:13.589+0000] {spark_submit.py:571} INFO - 24/01/30 02:56:13 INFO Executor: Created or updated repl class loader org.apache.spark.util.MutableURLClassLoader@6ed043d3 for default.
[2024-01-30T02:56:13.623+0000] {spark_submit.py:571} INFO - 24/01/30 02:56:13 INFO Executor: Fetching spark://instance-1.europe-west9-a.c.data-lake-project-409321.internal:43601/jars/spark_job_2.12-0.1.0.jar with timestamp 1706583372032
[2024-01-30T02:56:13.704+0000] {spark_submit.py:571} INFO - 24/01/30 02:56:13 INFO TransportClientFactory: Successfully created connection to instance-1.europe-west9-a.c.data-lake-project-409321.internal/10.200.0.5:43601 after 43 ms (0 ms spent in bootstraps)
[2024-01-30T02:56:13.721+0000] {spark_submit.py:571} INFO - 24/01/30 02:56:13 INFO Utils: Fetching spark://instance-1.europe-west9-a.c.data-lake-project-409321.internal:43601/jars/spark_job_2.12-0.1.0.jar to /tmp/spark-32c7f67f-00b4-4312-904c-71a88ab7a3e2/userFiles-52d0a88a-0915-4ee6-88c4-a237fcd5e52a/fetchFileTemp12631162339336105759.tmp
[2024-01-30T02:56:13.763+0000] {spark_submit.py:571} INFO - 24/01/30 02:56:13 INFO Executor: Adding file:/tmp/spark-32c7f67f-00b4-4312-904c-71a88ab7a3e2/userFiles-52d0a88a-0915-4ee6-88c4-a237fcd5e52a/spark_job_2.12-0.1.0.jar to class loader default
[2024-01-30T02:56:13.774+0000] {spark_submit.py:571} INFO - 24/01/30 02:56:13 INFO Utils: Successfully started service 'org.apache.spark.network.netty.NettyBlockTransferService' on port 38211.
[2024-01-30T02:56:13.774+0000] {spark_submit.py:571} INFO - 24/01/30 02:56:13 INFO NettyBlockTransferService: Server created on instance-1.europe-west9-a.c.data-lake-project-409321.internal:38211
[2024-01-30T02:56:13.776+0000] {spark_submit.py:571} INFO - 24/01/30 02:56:13 INFO BlockManager: Using org.apache.spark.storage.RandomBlockReplicationPolicy for block replication policy
[2024-01-30T02:56:13.787+0000] {spark_submit.py:571} INFO - 24/01/30 02:56:13 INFO BlockManagerMaster: Registering BlockManager BlockManagerId(driver, instance-1.europe-west9-a.c.data-lake-project-409321.internal, 38211, None)
[2024-01-30T02:56:13.792+0000] {spark_submit.py:571} INFO - 24/01/30 02:56:13 INFO BlockManagerMasterEndpoint: Registering block manager instance-1.europe-west9-a.c.data-lake-project-409321.internal:38211 with 434.4 MiB RAM, BlockManagerId(driver, instance-1.europe-west9-a.c.data-lake-project-409321.internal, 38211, None)
[2024-01-30T02:56:13.795+0000] {spark_submit.py:571} INFO - 24/01/30 02:56:13 INFO BlockManagerMaster: Registered BlockManager BlockManagerId(driver, instance-1.europe-west9-a.c.data-lake-project-409321.internal, 38211, None)
[2024-01-30T02:56:13.797+0000] {spark_submit.py:571} INFO - 24/01/30 02:56:13 INFO BlockManager: Initialized BlockManager: BlockManagerId(driver, instance-1.europe-west9-a.c.data-lake-project-409321.internal, 38211, None)
[2024-01-30T02:56:14.932+0000] {spark_submit.py:571} INFO - 24/01/30 02:56:14 INFO SharedState: Setting hive.metastore.warehouse.dir ('null') to the value of spark.sql.warehouse.dir.
[2024-01-30T02:56:14.942+0000] {spark_submit.py:571} INFO - 24/01/30 02:56:14 INFO SharedState: Warehouse path is 'file:/home/juniortemgoua0/DataLake/spark-warehouse'.
[2024-01-30T02:56:15.932+0000] {spark_submit.py:571} INFO - ************************************************
[2024-01-30T02:56:15.932+0000] {spark_submit.py:571} INFO - Date d'exécution  : 2024-01-19
[2024-01-30T02:56:15.932+0000] {spark_submit.py:571} INFO - ************************************************
[2024-01-30T02:56:17.122+0000] {spark_submit.py:571} INFO - Exception in thread "main" org.apache.spark.sql.AnalysisException: [PATH_NOT_FOUND] Path does not exist: hdfs://localhost:9000/data-lake/raw/football_data/competitions/2024-01-19/*.json.
[2024-01-30T02:56:17.123+0000] {spark_submit.py:571} INFO - at org.apache.spark.sql.errors.QueryCompilationErrors$.dataPathNotExistError(QueryCompilationErrors.scala:1500)
[2024-01-30T02:56:17.123+0000] {spark_submit.py:571} INFO - at org.apache.spark.sql.execution.datasources.DataSource$.$anonfun$checkAndGlobPathIfNecessary$3(DataSource.scala:743)
[2024-01-30T02:56:17.123+0000] {spark_submit.py:571} INFO - at org.apache.spark.util.ThreadUtils$.$anonfun$parmap$2(ThreadUtils.scala:380)
[2024-01-30T02:56:17.123+0000] {spark_submit.py:571} INFO - at scala.concurrent.Future$.$anonfun$apply$1(Future.scala:659)
[2024-01-30T02:56:17.124+0000] {spark_submit.py:571} INFO - at scala.util.Success.$anonfun$map$1(Try.scala:255)
[2024-01-30T02:56:17.124+0000] {spark_submit.py:571} INFO - at scala.util.Success.map(Try.scala:213)
[2024-01-30T02:56:17.124+0000] {spark_submit.py:571} INFO - at scala.concurrent.Future.$anonfun$map$1(Future.scala:292)
[2024-01-30T02:56:17.124+0000] {spark_submit.py:571} INFO - at scala.concurrent.impl.Promise.liftedTree1$1(Promise.scala:33)
[2024-01-30T02:56:17.124+0000] {spark_submit.py:571} INFO - at scala.concurrent.impl.Promise.$anonfun$transform$1(Promise.scala:33)
[2024-01-30T02:56:17.125+0000] {spark_submit.py:571} INFO - at scala.concurrent.impl.CallbackRunnable.run(Promise.scala:64)
[2024-01-30T02:56:17.125+0000] {spark_submit.py:571} INFO - at java.base/java.util.concurrent.ForkJoinTask$RunnableExecuteAction.exec(ForkJoinTask.java:1395)
[2024-01-30T02:56:17.125+0000] {spark_submit.py:571} INFO - at java.base/java.util.concurrent.ForkJoinTask.doExec(ForkJoinTask.java:373)
[2024-01-30T02:56:17.125+0000] {spark_submit.py:571} INFO - at java.base/java.util.concurrent.ForkJoinPool$WorkQueue.topLevelExec(ForkJoinPool.java:1182)
[2024-01-30T02:56:17.125+0000] {spark_submit.py:571} INFO - at java.base/java.util.concurrent.ForkJoinPool.scan(ForkJoinPool.java:1655)
[2024-01-30T02:56:17.125+0000] {spark_submit.py:571} INFO - at java.base/java.util.concurrent.ForkJoinPool.runWorker(ForkJoinPool.java:1622)
[2024-01-30T02:56:17.126+0000] {spark_submit.py:571} INFO - at java.base/java.util.concurrent.ForkJoinWorkerThread.run(ForkJoinWorkerThread.java:165)
[2024-01-30T02:56:17.129+0000] {spark_submit.py:571} INFO - 24/01/30 02:56:17 INFO SparkContext: Invoking stop() from shutdown hook
[2024-01-30T02:56:17.130+0000] {spark_submit.py:571} INFO - 24/01/30 02:56:17 INFO SparkContext: SparkContext is stopping with exitCode 0.
[2024-01-30T02:56:17.145+0000] {spark_submit.py:571} INFO - 24/01/30 02:56:17 INFO SparkUI: Stopped Spark web UI at http://instance-1.europe-west9-a.c.data-lake-project-409321.internal:4040
[2024-01-30T02:56:17.185+0000] {spark_submit.py:571} INFO - 24/01/30 02:56:17 INFO MapOutputTrackerMasterEndpoint: MapOutputTrackerMasterEndpoint stopped!
[2024-01-30T02:56:17.232+0000] {spark_submit.py:571} INFO - 24/01/30 02:56:17 INFO MemoryStore: MemoryStore cleared
[2024-01-30T02:56:17.234+0000] {spark_submit.py:571} INFO - 24/01/30 02:56:17 INFO BlockManager: BlockManager stopped
[2024-01-30T02:56:17.244+0000] {spark_submit.py:571} INFO - 24/01/30 02:56:17 INFO BlockManagerMaster: BlockManagerMaster stopped
[2024-01-30T02:56:17.251+0000] {spark_submit.py:571} INFO - 24/01/30 02:56:17 INFO OutputCommitCoordinator$OutputCommitCoordinatorEndpoint: OutputCommitCoordinator stopped!
[2024-01-30T02:56:17.272+0000] {spark_submit.py:571} INFO - 24/01/30 02:56:17 INFO SparkContext: Successfully stopped SparkContext
[2024-01-30T02:56:17.273+0000] {spark_submit.py:571} INFO - 24/01/30 02:56:17 INFO ShutdownHookManager: Shutdown hook called
[2024-01-30T02:56:17.274+0000] {spark_submit.py:571} INFO - 24/01/30 02:56:17 INFO ShutdownHookManager: Deleting directory /tmp/spark-32c7f67f-00b4-4312-904c-71a88ab7a3e2
[2024-01-30T02:56:17.278+0000] {spark_submit.py:571} INFO - 24/01/30 02:56:17 INFO ShutdownHookManager: Deleting directory /tmp/spark-1eaa49b2-cc75-4f36-96b4-161af4740765
[2024-01-30T02:56:17.336+0000] {taskinstance.py:2698} ERROR - Task failed with exception
Traceback (most recent call last):
  File "/home/juniortemgoua0/DataLake/venv/lib/python3.8/site-packages/airflow/models/taskinstance.py", line 433, in _execute_task
    result = execute_callable(context=context, **execute_callable_kwargs)
  File "/home/juniortemgoua0/DataLake/venv/lib/python3.8/site-packages/airflow/providers/apache/spark/operators/spark_submit.py", line 174, in execute
    self._hook.submit(self._application)
  File "/home/juniortemgoua0/DataLake/venv/lib/python3.8/site-packages/airflow/providers/apache/spark/hooks/spark_submit.py", line 502, in submit
    raise AirflowException(
airflow.exceptions.AirflowException: Cannot execute: spark-submit --master local[*] --conf spark.airflow.execution_date=2024-01-19 --name arrow-spark --class RawToFormatted --queue root.default --deploy-mode client /home/juniortemgoua0/DataLake/jobs/processes/scala/spark_process/target/scala-2.12/spark_job_2.12-0.1.0.jar hdfs://localhost:9000/data-lake. Error code is: 1.
[2024-01-30T02:56:17.338+0000] {taskinstance.py:1138} INFO - Marking task as UP_FOR_RETRY. dag_id=manage_data_lake_dag, task_id=local_job_raw_to_formatted, execution_date=20240119T000000, start_date=20240130T025609, end_date=20240130T025617
[2024-01-30T02:56:17.358+0000] {standard_task_runner.py:107} ERROR - Failed to execute job 189 for task local_job_raw_to_formatted (Cannot execute: spark-submit --master local[*] --conf spark.airflow.execution_date=2024-01-19 --name arrow-spark --class RawToFormatted --queue root.default --deploy-mode client /home/juniortemgoua0/DataLake/jobs/processes/scala/spark_process/target/scala-2.12/spark_job_2.12-0.1.0.jar hdfs://localhost:9000/data-lake. Error code is: 1.; 19952)
[2024-01-30T02:56:17.389+0000] {local_task_job_runner.py:234} INFO - Task exited with return code 1
[2024-01-30T02:56:17.411+0000] {taskinstance.py:3280} INFO - 0 downstream tasks scheduled from follow-on schedule check
