[2024-01-30T02:50:40.986+0000] {taskinstance.py:1956} INFO - Dependencies all met for dep_context=non-requeueable deps ti=<TaskInstance: manage_data_lake_dag.local_job_raw_to_formatted scheduled__2024-01-19T00:00:00+00:00 [queued]>
[2024-01-30T02:50:40.992+0000] {taskinstance.py:1956} INFO - Dependencies all met for dep_context=requeueable deps ti=<TaskInstance: manage_data_lake_dag.local_job_raw_to_formatted scheduled__2024-01-19T00:00:00+00:00 [queued]>
[2024-01-30T02:50:40.992+0000] {taskinstance.py:2170} INFO - Starting attempt 1 of 6
[2024-01-30T02:50:41.005+0000] {taskinstance.py:2191} INFO - Executing <Task(SparkSubmitOperator): local_job_raw_to_formatted> on 2024-01-19 00:00:00+00:00
[2024-01-30T02:50:41.010+0000] {standard_task_runner.py:60} INFO - Started process 17150 to run task
[2024-01-30T02:50:41.015+0000] {standard_task_runner.py:87} INFO - Running: ['airflow', 'tasks', 'run', 'manage_data_lake_dag', 'local_job_raw_to_formatted', 'scheduled__2024-01-19T00:00:00+00:00', '--job-id', '171', '--raw', '--subdir', 'DAGS_FOLDER/data_lake_dag.py', '--cfg-path', '/tmp/tmphvllvq_0']
[2024-01-30T02:50:41.018+0000] {standard_task_runner.py:88} INFO - Job 171: Subtask local_job_raw_to_formatted
[2024-01-30T02:50:41.059+0000] {task_command.py:423} INFO - Running <TaskInstance: manage_data_lake_dag.local_job_raw_to_formatted scheduled__2024-01-19T00:00:00+00:00 [running]> on host instance-1.europe-west9-a.c.data-lake-project-409321.internal
[2024-01-30T02:50:41.120+0000] {taskinstance.py:2480} INFO - Exporting env vars: AIRFLOW_CTX_DAG_OWNER='juniortemgoua0' AIRFLOW_CTX_DAG_ID='manage_data_lake_dag' AIRFLOW_CTX_TASK_ID='local_job_raw_to_formatted' AIRFLOW_CTX_EXECUTION_DATE='2024-01-19T00:00:00+00:00' AIRFLOW_CTX_TRY_NUMBER='1' AIRFLOW_CTX_DAG_RUN_ID='scheduled__2024-01-19T00:00:00+00:00'
[2024-01-30T02:50:41.128+0000] {base.py:83} INFO - Using connection ID 'spark_default' for task execution.
[2024-01-30T02:50:41.131+0000] {spark_submit.py:401} INFO - Spark-Submit cmd: spark-submit --master local[*] --conf spark.airflow.execution_date=2024-01-19 --name arrow-spark --class RawToFormatted --queue root.default --deploy-mode client /home/juniortemgoua0/DataLake/jobs/processes/scala/spark_process/target/scala-2.12/spark_job_2.12-0.1.0.jar hdfs://localhost:9000/data-lake
[2024-01-30T02:50:44.037+0000] {spark_submit.py:571} INFO - 24/01/30 02:50:44 INFO SparkContext: Running Spark version 3.5.0
[2024-01-30T02:50:44.049+0000] {spark_submit.py:571} INFO - 24/01/30 02:50:44 INFO SparkContext: OS info Linux, 5.15.0-1049-gcp, amd64
[2024-01-30T02:50:44.049+0000] {spark_submit.py:571} INFO - 24/01/30 02:50:44 INFO SparkContext: Java version 17.0.9
[2024-01-30T02:50:44.180+0000] {spark_submit.py:571} INFO - 24/01/30 02:50:44 WARN NativeCodeLoader: Unable to load native-hadoop library for your platform... using builtin-java classes where applicable
[2024-01-30T02:50:44.384+0000] {spark_submit.py:571} INFO - 24/01/30 02:50:44 INFO ResourceUtils: ==============================================================
[2024-01-30T02:50:44.387+0000] {spark_submit.py:571} INFO - 24/01/30 02:50:44 INFO ResourceUtils: No custom resources configured for spark.driver.
[2024-01-30T02:50:44.387+0000] {spark_submit.py:571} INFO - 24/01/30 02:50:44 INFO ResourceUtils: ==============================================================
[2024-01-30T02:50:44.388+0000] {spark_submit.py:571} INFO - 24/01/30 02:50:44 INFO SparkContext: Submitted application: RawToFormatted
[2024-01-30T02:50:44.432+0000] {spark_submit.py:571} INFO - 24/01/30 02:50:44 INFO ResourceProfile: Default ResourceProfile created, executor resources: Map(cores -> name: cores, amount: 1, script: , vendor: , memory -> name: memory, amount: 1024, script: , vendor: , offHeap -> name: offHeap, amount: 0, script: , vendor: ), task resources: Map(cpus -> name: cpus, amount: 1.0)
[2024-01-30T02:50:44.444+0000] {spark_submit.py:571} INFO - 24/01/30 02:50:44 INFO ResourceProfile: Limiting resource is cpu
[2024-01-30T02:50:44.445+0000] {spark_submit.py:571} INFO - 24/01/30 02:50:44 INFO ResourceProfileManager: Added ResourceProfile id: 0
[2024-01-30T02:50:44.525+0000] {spark_submit.py:571} INFO - 24/01/30 02:50:44 INFO SecurityManager: Changing view acls to: juniortemgoua0
[2024-01-30T02:50:44.526+0000] {spark_submit.py:571} INFO - 24/01/30 02:50:44 INFO SecurityManager: Changing modify acls to: juniortemgoua0
[2024-01-30T02:50:44.527+0000] {spark_submit.py:571} INFO - 24/01/30 02:50:44 INFO SecurityManager: Changing view acls groups to:
[2024-01-30T02:50:44.528+0000] {spark_submit.py:571} INFO - 24/01/30 02:50:44 INFO SecurityManager: Changing modify acls groups to:
[2024-01-30T02:50:44.529+0000] {spark_submit.py:571} INFO - 24/01/30 02:50:44 INFO SecurityManager: SecurityManager: authentication disabled; ui acls disabled; users with view permissions: juniortemgoua0; groups with view permissions: EMPTY; users with modify permissions: juniortemgoua0; groups with modify permissions: EMPTY
[2024-01-30T02:50:44.902+0000] {spark_submit.py:571} INFO - 24/01/30 02:50:44 INFO Utils: Successfully started service 'sparkDriver' on port 37611.
[2024-01-30T02:50:44.943+0000] {spark_submit.py:571} INFO - 24/01/30 02:50:44 INFO SparkEnv: Registering MapOutputTracker
[2024-01-30T02:50:45.001+0000] {spark_submit.py:571} INFO - 24/01/30 02:50:45 INFO SparkEnv: Registering BlockManagerMaster
[2024-01-30T02:50:45.028+0000] {spark_submit.py:571} INFO - 24/01/30 02:50:45 INFO BlockManagerMasterEndpoint: Using org.apache.spark.storage.DefaultTopologyMapper for getting topology information
[2024-01-30T02:50:45.029+0000] {spark_submit.py:571} INFO - 24/01/30 02:50:45 INFO BlockManagerMasterEndpoint: BlockManagerMasterEndpoint up
[2024-01-30T02:50:45.035+0000] {spark_submit.py:571} INFO - 24/01/30 02:50:45 INFO SparkEnv: Registering BlockManagerMasterHeartbeat
[2024-01-30T02:50:45.063+0000] {spark_submit.py:571} INFO - 24/01/30 02:50:45 INFO DiskBlockManager: Created local directory at /tmp/blockmgr-9b3f1303-7f0d-47c1-bb84-a7373990e616
[2024-01-30T02:50:45.090+0000] {spark_submit.py:571} INFO - 24/01/30 02:50:45 INFO MemoryStore: MemoryStore started with capacity 434.4 MiB
[2024-01-30T02:50:45.113+0000] {spark_submit.py:571} INFO - 24/01/30 02:50:45 INFO SparkEnv: Registering OutputCommitCoordinator
[2024-01-30T02:50:45.329+0000] {spark_submit.py:571} INFO - 24/01/30 02:50:45 INFO JettyUtils: Start Jetty 0.0.0.0:4040 for SparkUI
[2024-01-30T02:50:45.435+0000] {spark_submit.py:571} INFO - 24/01/30 02:50:45 INFO Utils: Successfully started service 'SparkUI' on port 4040.
[2024-01-30T02:50:45.494+0000] {spark_submit.py:571} INFO - 24/01/30 02:50:45 INFO SparkContext: Added JAR file:/home/juniortemgoua0/DataLake/jobs/processes/scala/spark_process/target/scala-2.12/spark_job_2.12-0.1.0.jar at spark://instance-1.europe-west9-a.c.data-lake-project-409321.internal:37611/jars/spark_job_2.12-0.1.0.jar with timestamp 1706583044016
[2024-01-30T02:50:45.607+0000] {spark_submit.py:571} INFO - 24/01/30 02:50:45 INFO Executor: Starting executor ID driver on host instance-1.europe-west9-a.c.data-lake-project-409321.internal
[2024-01-30T02:50:45.608+0000] {spark_submit.py:571} INFO - 24/01/30 02:50:45 INFO Executor: OS info Linux, 5.15.0-1049-gcp, amd64
[2024-01-30T02:50:45.608+0000] {spark_submit.py:571} INFO - 24/01/30 02:50:45 INFO Executor: Java version 17.0.9
[2024-01-30T02:50:45.616+0000] {spark_submit.py:571} INFO - 24/01/30 02:50:45 INFO Executor: Starting executor with user classpath (userClassPathFirst = false): ''
[2024-01-30T02:50:45.617+0000] {spark_submit.py:571} INFO - 24/01/30 02:50:45 INFO Executor: Created or updated repl class loader org.apache.spark.util.MutableURLClassLoader@6ed043d3 for default.
[2024-01-30T02:50:45.654+0000] {spark_submit.py:571} INFO - 24/01/30 02:50:45 INFO Executor: Fetching spark://instance-1.europe-west9-a.c.data-lake-project-409321.internal:37611/jars/spark_job_2.12-0.1.0.jar with timestamp 1706583044016
[2024-01-30T02:50:45.792+0000] {spark_submit.py:571} INFO - 24/01/30 02:50:45 INFO TransportClientFactory: Successfully created connection to instance-1.europe-west9-a.c.data-lake-project-409321.internal/10.200.0.5:37611 after 87 ms (0 ms spent in bootstraps)
[2024-01-30T02:50:45.810+0000] {spark_submit.py:571} INFO - 24/01/30 02:50:45 INFO Utils: Fetching spark://instance-1.europe-west9-a.c.data-lake-project-409321.internal:37611/jars/spark_job_2.12-0.1.0.jar to /tmp/spark-de36e933-1e09-4b14-9800-f1c2ec9d9795/userFiles-d9e5ad8b-948a-4cdb-878b-42d36451e8f9/fetchFileTemp17083835124741982034.tmp
[2024-01-30T02:50:45.857+0000] {spark_submit.py:571} INFO - 24/01/30 02:50:45 INFO Executor: Adding file:/tmp/spark-de36e933-1e09-4b14-9800-f1c2ec9d9795/userFiles-d9e5ad8b-948a-4cdb-878b-42d36451e8f9/spark_job_2.12-0.1.0.jar to class loader default
[2024-01-30T02:50:45.868+0000] {spark_submit.py:571} INFO - 24/01/30 02:50:45 INFO Utils: Successfully started service 'org.apache.spark.network.netty.NettyBlockTransferService' on port 32999.
[2024-01-30T02:50:45.868+0000] {spark_submit.py:571} INFO - 24/01/30 02:50:45 INFO NettyBlockTransferService: Server created on instance-1.europe-west9-a.c.data-lake-project-409321.internal:32999
[2024-01-30T02:50:45.871+0000] {spark_submit.py:571} INFO - 24/01/30 02:50:45 INFO BlockManager: Using org.apache.spark.storage.RandomBlockReplicationPolicy for block replication policy
[2024-01-30T02:50:45.881+0000] {spark_submit.py:571} INFO - 24/01/30 02:50:45 INFO BlockManagerMaster: Registering BlockManager BlockManagerId(driver, instance-1.europe-west9-a.c.data-lake-project-409321.internal, 32999, None)
[2024-01-30T02:50:45.884+0000] {spark_submit.py:571} INFO - 24/01/30 02:50:45 INFO BlockManagerMasterEndpoint: Registering block manager instance-1.europe-west9-a.c.data-lake-project-409321.internal:32999 with 434.4 MiB RAM, BlockManagerId(driver, instance-1.europe-west9-a.c.data-lake-project-409321.internal, 32999, None)
[2024-01-30T02:50:45.890+0000] {spark_submit.py:571} INFO - 24/01/30 02:50:45 INFO BlockManagerMaster: Registered BlockManager BlockManagerId(driver, instance-1.europe-west9-a.c.data-lake-project-409321.internal, 32999, None)
[2024-01-30T02:50:45.891+0000] {spark_submit.py:571} INFO - 24/01/30 02:50:45 INFO BlockManager: Initialized BlockManager: BlockManagerId(driver, instance-1.europe-west9-a.c.data-lake-project-409321.internal, 32999, None)
[2024-01-30T02:50:46.892+0000] {spark_submit.py:571} INFO - 24/01/30 02:50:46 INFO SharedState: Setting hive.metastore.warehouse.dir ('null') to the value of spark.sql.warehouse.dir.
[2024-01-30T02:50:46.906+0000] {spark_submit.py:571} INFO - 24/01/30 02:50:46 INFO SharedState: Warehouse path is 'file:/home/juniortemgoua0/DataLake/spark-warehouse'.
[2024-01-30T02:50:47.937+0000] {spark_submit.py:571} INFO - ************************************************
[2024-01-30T02:50:47.937+0000] {spark_submit.py:571} INFO - Date d'exécution  : 2024-01-19
[2024-01-30T02:50:47.938+0000] {spark_submit.py:571} INFO - ************************************************
[2024-01-30T02:50:49.048+0000] {spark_submit.py:571} INFO - Exception in thread "main" org.apache.spark.sql.AnalysisException: [PATH_NOT_FOUND] Path does not exist: hdfs://localhost:9000/data-lake/raw/football_data/competitions/2024-01-19/*.json.
[2024-01-30T02:50:49.049+0000] {spark_submit.py:571} INFO - at org.apache.spark.sql.errors.QueryCompilationErrors$.dataPathNotExistError(QueryCompilationErrors.scala:1500)
[2024-01-30T02:50:49.049+0000] {spark_submit.py:571} INFO - at org.apache.spark.sql.execution.datasources.DataSource$.$anonfun$checkAndGlobPathIfNecessary$3(DataSource.scala:743)
[2024-01-30T02:50:49.049+0000] {spark_submit.py:571} INFO - at org.apache.spark.util.ThreadUtils$.$anonfun$parmap$2(ThreadUtils.scala:380)
[2024-01-30T02:50:49.049+0000] {spark_submit.py:571} INFO - at scala.concurrent.Future$.$anonfun$apply$1(Future.scala:659)
[2024-01-30T02:50:49.049+0000] {spark_submit.py:571} INFO - at scala.util.Success.$anonfun$map$1(Try.scala:255)
[2024-01-30T02:50:49.050+0000] {spark_submit.py:571} INFO - at scala.util.Success.map(Try.scala:213)
[2024-01-30T02:50:49.050+0000] {spark_submit.py:571} INFO - at scala.concurrent.Future.$anonfun$map$1(Future.scala:292)
[2024-01-30T02:50:49.050+0000] {spark_submit.py:571} INFO - at scala.concurrent.impl.Promise.liftedTree1$1(Promise.scala:33)
[2024-01-30T02:50:49.050+0000] {spark_submit.py:571} INFO - at scala.concurrent.impl.Promise.$anonfun$transform$1(Promise.scala:33)
[2024-01-30T02:50:49.050+0000] {spark_submit.py:571} INFO - at scala.concurrent.impl.CallbackRunnable.run(Promise.scala:64)
[2024-01-30T02:50:49.051+0000] {spark_submit.py:571} INFO - at java.base/java.util.concurrent.ForkJoinTask$RunnableExecuteAction.exec(ForkJoinTask.java:1395)
[2024-01-30T02:50:49.051+0000] {spark_submit.py:571} INFO - at java.base/java.util.concurrent.ForkJoinTask.doExec(ForkJoinTask.java:373)
[2024-01-30T02:50:49.051+0000] {spark_submit.py:571} INFO - at java.base/java.util.concurrent.ForkJoinPool$WorkQueue.topLevelExec(ForkJoinPool.java:1182)
[2024-01-30T02:50:49.051+0000] {spark_submit.py:571} INFO - at java.base/java.util.concurrent.ForkJoinPool.scan(ForkJoinPool.java:1655)
[2024-01-30T02:50:49.051+0000] {spark_submit.py:571} INFO - at java.base/java.util.concurrent.ForkJoinPool.runWorker(ForkJoinPool.java:1622)
[2024-01-30T02:50:49.051+0000] {spark_submit.py:571} INFO - at java.base/java.util.concurrent.ForkJoinWorkerThread.run(ForkJoinWorkerThread.java:165)
[2024-01-30T02:50:49.060+0000] {spark_submit.py:571} INFO - 24/01/30 02:50:49 INFO SparkContext: Invoking stop() from shutdown hook
[2024-01-30T02:50:49.061+0000] {spark_submit.py:571} INFO - 24/01/30 02:50:49 INFO SparkContext: SparkContext is stopping with exitCode 0.
[2024-01-30T02:50:49.080+0000] {spark_submit.py:571} INFO - 24/01/30 02:50:49 INFO SparkUI: Stopped Spark web UI at http://instance-1.europe-west9-a.c.data-lake-project-409321.internal:4040
[2024-01-30T02:50:49.099+0000] {spark_submit.py:571} INFO - 24/01/30 02:50:49 INFO MapOutputTrackerMasterEndpoint: MapOutputTrackerMasterEndpoint stopped!
[2024-01-30T02:50:49.123+0000] {spark_submit.py:571} INFO - 24/01/30 02:50:49 INFO MemoryStore: MemoryStore cleared
[2024-01-30T02:50:49.123+0000] {spark_submit.py:571} INFO - 24/01/30 02:50:49 INFO BlockManager: BlockManager stopped
[2024-01-30T02:50:49.133+0000] {spark_submit.py:571} INFO - 24/01/30 02:50:49 INFO BlockManagerMaster: BlockManagerMaster stopped
[2024-01-30T02:50:49.136+0000] {spark_submit.py:571} INFO - 24/01/30 02:50:49 INFO OutputCommitCoordinator$OutputCommitCoordinatorEndpoint: OutputCommitCoordinator stopped!
[2024-01-30T02:50:49.152+0000] {spark_submit.py:571} INFO - 24/01/30 02:50:49 INFO SparkContext: Successfully stopped SparkContext
[2024-01-30T02:50:49.152+0000] {spark_submit.py:571} INFO - 24/01/30 02:50:49 INFO ShutdownHookManager: Shutdown hook called
[2024-01-30T02:50:49.152+0000] {spark_submit.py:571} INFO - 24/01/30 02:50:49 INFO ShutdownHookManager: Deleting directory /tmp/spark-de36e933-1e09-4b14-9800-f1c2ec9d9795
[2024-01-30T02:50:49.157+0000] {spark_submit.py:571} INFO - 24/01/30 02:50:49 INFO ShutdownHookManager: Deleting directory /tmp/spark-e36e6afc-869f-463a-814d-b6ff955eb1d3
[2024-01-30T02:50:49.207+0000] {taskinstance.py:2698} ERROR - Task failed with exception
Traceback (most recent call last):
  File "/home/juniortemgoua0/DataLake/venv/lib/python3.8/site-packages/airflow/models/taskinstance.py", line 433, in _execute_task
    result = execute_callable(context=context, **execute_callable_kwargs)
  File "/home/juniortemgoua0/DataLake/venv/lib/python3.8/site-packages/airflow/providers/apache/spark/operators/spark_submit.py", line 174, in execute
    self._hook.submit(self._application)
  File "/home/juniortemgoua0/DataLake/venv/lib/python3.8/site-packages/airflow/providers/apache/spark/hooks/spark_submit.py", line 502, in submit
    raise AirflowException(
airflow.exceptions.AirflowException: Cannot execute: spark-submit --master local[*] --conf spark.airflow.execution_date=2024-01-19 --name arrow-spark --class RawToFormatted --queue root.default --deploy-mode client /home/juniortemgoua0/DataLake/jobs/processes/scala/spark_process/target/scala-2.12/spark_job_2.12-0.1.0.jar hdfs://localhost:9000/data-lake. Error code is: 1.
[2024-01-30T02:50:49.209+0000] {taskinstance.py:1138} INFO - Marking task as UP_FOR_RETRY. dag_id=manage_data_lake_dag, task_id=local_job_raw_to_formatted, execution_date=20240119T000000, start_date=20240130T025040, end_date=20240130T025049
[2024-01-30T02:50:49.222+0000] {standard_task_runner.py:107} ERROR - Failed to execute job 171 for task local_job_raw_to_formatted (Cannot execute: spark-submit --master local[*] --conf spark.airflow.execution_date=2024-01-19 --name arrow-spark --class RawToFormatted --queue root.default --deploy-mode client /home/juniortemgoua0/DataLake/jobs/processes/scala/spark_process/target/scala-2.12/spark_job_2.12-0.1.0.jar hdfs://localhost:9000/data-lake. Error code is: 1.; 17150)
[2024-01-30T02:50:49.243+0000] {local_task_job_runner.py:234} INFO - Task exited with return code 1
[2024-01-30T02:50:49.265+0000] {taskinstance.py:3280} INFO - 0 downstream tasks scheduled from follow-on schedule check
