[2024-01-30T03:02:12.594+0000] {taskinstance.py:1956} INFO - Dependencies all met for dep_context=non-requeueable deps ti=<TaskInstance: manage_data_lake_dag.local_job_raw_to_formatted scheduled__2024-01-19T00:00:00+00:00 [queued]>
[2024-01-30T03:02:12.600+0000] {taskinstance.py:1956} INFO - Dependencies all met for dep_context=requeueable deps ti=<TaskInstance: manage_data_lake_dag.local_job_raw_to_formatted scheduled__2024-01-19T00:00:00+00:00 [queued]>
[2024-01-30T03:02:12.600+0000] {taskinstance.py:2170} INFO - Starting attempt 3 of 6
[2024-01-30T03:02:12.614+0000] {taskinstance.py:2191} INFO - Executing <Task(SparkSubmitOperator): local_job_raw_to_formatted> on 2024-01-19 00:00:00+00:00
[2024-01-30T03:02:12.619+0000] {standard_task_runner.py:60} INFO - Started process 22594 to run task
[2024-01-30T03:02:12.625+0000] {standard_task_runner.py:87} INFO - Running: ['airflow', 'tasks', 'run', 'manage_data_lake_dag', 'local_job_raw_to_formatted', 'scheduled__2024-01-19T00:00:00+00:00', '--job-id', '205', '--raw', '--subdir', 'DAGS_FOLDER/data_lake_dag.py', '--cfg-path', '/tmp/tmp5dss6_o4']
[2024-01-30T03:02:12.627+0000] {standard_task_runner.py:88} INFO - Job 205: Subtask local_job_raw_to_formatted
[2024-01-30T03:02:12.668+0000] {task_command.py:423} INFO - Running <TaskInstance: manage_data_lake_dag.local_job_raw_to_formatted scheduled__2024-01-19T00:00:00+00:00 [running]> on host instance-1.europe-west9-a.c.data-lake-project-409321.internal
[2024-01-30T03:02:12.719+0000] {taskinstance.py:2480} INFO - Exporting env vars: AIRFLOW_CTX_DAG_OWNER='juniortemgoua0' AIRFLOW_CTX_DAG_ID='manage_data_lake_dag' AIRFLOW_CTX_TASK_ID='local_job_raw_to_formatted' AIRFLOW_CTX_EXECUTION_DATE='2024-01-19T00:00:00+00:00' AIRFLOW_CTX_TRY_NUMBER='3' AIRFLOW_CTX_DAG_RUN_ID='scheduled__2024-01-19T00:00:00+00:00'
[2024-01-30T03:02:12.726+0000] {base.py:83} INFO - Using connection ID 'spark_default' for task execution.
[2024-01-30T03:02:12.728+0000] {spark_submit.py:401} INFO - Spark-Submit cmd: spark-submit --master local[*] --conf spark.airflow.execution_date=2024-01-19 --name arrow-spark --class RawToFormatted --queue root.default --deploy-mode client /home/juniortemgoua0/DataLake/jobs/processes/scala/spark_process/target/scala-2.12/spark_job_2.12-0.1.0.jar hdfs://localhost:9000/data-lake
[2024-01-30T03:02:15.365+0000] {spark_submit.py:571} INFO - 24/01/30 03:02:15 INFO SparkContext: Running Spark version 3.5.0
[2024-01-30T03:02:15.369+0000] {spark_submit.py:571} INFO - 24/01/30 03:02:15 INFO SparkContext: OS info Linux, 5.15.0-1049-gcp, amd64
[2024-01-30T03:02:15.370+0000] {spark_submit.py:571} INFO - 24/01/30 03:02:15 INFO SparkContext: Java version 17.0.9
[2024-01-30T03:02:15.504+0000] {spark_submit.py:571} INFO - 24/01/30 03:02:15 WARN NativeCodeLoader: Unable to load native-hadoop library for your platform... using builtin-java classes where applicable
[2024-01-30T03:02:15.684+0000] {spark_submit.py:571} INFO - 24/01/30 03:02:15 INFO ResourceUtils: ==============================================================
[2024-01-30T03:02:15.685+0000] {spark_submit.py:571} INFO - 24/01/30 03:02:15 INFO ResourceUtils: No custom resources configured for spark.driver.
[2024-01-30T03:02:15.685+0000] {spark_submit.py:571} INFO - 24/01/30 03:02:15 INFO ResourceUtils: ==============================================================
[2024-01-30T03:02:15.694+0000] {spark_submit.py:571} INFO - 24/01/30 03:02:15 INFO SparkContext: Submitted application: RawToFormatted
[2024-01-30T03:02:15.739+0000] {spark_submit.py:571} INFO - 24/01/30 03:02:15 INFO ResourceProfile: Default ResourceProfile created, executor resources: Map(cores -> name: cores, amount: 1, script: , vendor: , memory -> name: memory, amount: 1024, script: , vendor: , offHeap -> name: offHeap, amount: 0, script: , vendor: ), task resources: Map(cpus -> name: cpus, amount: 1.0)
[2024-01-30T03:02:15.750+0000] {spark_submit.py:571} INFO - 24/01/30 03:02:15 INFO ResourceProfile: Limiting resource is cpu
[2024-01-30T03:02:15.751+0000] {spark_submit.py:571} INFO - 24/01/30 03:02:15 INFO ResourceProfileManager: Added ResourceProfile id: 0
[2024-01-30T03:02:15.810+0000] {spark_submit.py:571} INFO - 24/01/30 03:02:15 INFO SecurityManager: Changing view acls to: juniortemgoua0
[2024-01-30T03:02:15.811+0000] {spark_submit.py:571} INFO - 24/01/30 03:02:15 INFO SecurityManager: Changing modify acls to: juniortemgoua0
[2024-01-30T03:02:15.811+0000] {spark_submit.py:571} INFO - 24/01/30 03:02:15 INFO SecurityManager: Changing view acls groups to:
[2024-01-30T03:02:15.811+0000] {spark_submit.py:571} INFO - 24/01/30 03:02:15 INFO SecurityManager: Changing modify acls groups to:
[2024-01-30T03:02:15.811+0000] {spark_submit.py:571} INFO - 24/01/30 03:02:15 INFO SecurityManager: SecurityManager: authentication disabled; ui acls disabled; users with view permissions: juniortemgoua0; groups with view permissions: EMPTY; users with modify permissions: juniortemgoua0; groups with modify permissions: EMPTY
[2024-01-30T03:02:16.210+0000] {spark_submit.py:571} INFO - 24/01/30 03:02:16 INFO Utils: Successfully started service 'sparkDriver' on port 34533.
[2024-01-30T03:02:16.251+0000] {spark_submit.py:571} INFO - 24/01/30 03:02:16 INFO SparkEnv: Registering MapOutputTracker
[2024-01-30T03:02:16.301+0000] {spark_submit.py:571} INFO - 24/01/30 03:02:16 INFO SparkEnv: Registering BlockManagerMaster
[2024-01-30T03:02:16.330+0000] {spark_submit.py:571} INFO - 24/01/30 03:02:16 INFO BlockManagerMasterEndpoint: Using org.apache.spark.storage.DefaultTopologyMapper for getting topology information
[2024-01-30T03:02:16.331+0000] {spark_submit.py:571} INFO - 24/01/30 03:02:16 INFO BlockManagerMasterEndpoint: BlockManagerMasterEndpoint up
[2024-01-30T03:02:16.336+0000] {spark_submit.py:571} INFO - 24/01/30 03:02:16 INFO SparkEnv: Registering BlockManagerMasterHeartbeat
[2024-01-30T03:02:16.364+0000] {spark_submit.py:571} INFO - 24/01/30 03:02:16 INFO DiskBlockManager: Created local directory at /tmp/blockmgr-913c88ff-1867-4915-8ed6-c895aa7e404d
[2024-01-30T03:02:16.389+0000] {spark_submit.py:571} INFO - 24/01/30 03:02:16 INFO MemoryStore: MemoryStore started with capacity 434.4 MiB
[2024-01-30T03:02:16.416+0000] {spark_submit.py:571} INFO - 24/01/30 03:02:16 INFO SparkEnv: Registering OutputCommitCoordinator
[2024-01-30T03:02:16.615+0000] {spark_submit.py:571} INFO - 24/01/30 03:02:16 INFO JettyUtils: Start Jetty 0.0.0.0:4040 for SparkUI
[2024-01-30T03:02:16.700+0000] {spark_submit.py:571} INFO - 24/01/30 03:02:16 INFO Utils: Successfully started service 'SparkUI' on port 4040.
[2024-01-30T03:02:16.769+0000] {spark_submit.py:571} INFO - 24/01/30 03:02:16 INFO SparkContext: Added JAR file:/home/juniortemgoua0/DataLake/jobs/processes/scala/spark_process/target/scala-2.12/spark_job_2.12-0.1.0.jar at spark://instance-1.europe-west9-a.c.data-lake-project-409321.internal:34533/jars/spark_job_2.12-0.1.0.jar with timestamp 1706583735351
[2024-01-30T03:02:16.893+0000] {spark_submit.py:571} INFO - 24/01/30 03:02:16 INFO Executor: Starting executor ID driver on host instance-1.europe-west9-a.c.data-lake-project-409321.internal
[2024-01-30T03:02:16.895+0000] {spark_submit.py:571} INFO - 24/01/30 03:02:16 INFO Executor: OS info Linux, 5.15.0-1049-gcp, amd64
[2024-01-30T03:02:16.895+0000] {spark_submit.py:571} INFO - 24/01/30 03:02:16 INFO Executor: Java version 17.0.9
[2024-01-30T03:02:16.906+0000] {spark_submit.py:571} INFO - 24/01/30 03:02:16 INFO Executor: Starting executor with user classpath (userClassPathFirst = false): ''
[2024-01-30T03:02:16.907+0000] {spark_submit.py:571} INFO - 24/01/30 03:02:16 INFO Executor: Created or updated repl class loader org.apache.spark.util.MutableURLClassLoader@6ed043d3 for default.
[2024-01-30T03:02:16.923+0000] {spark_submit.py:571} INFO - 24/01/30 03:02:16 INFO Executor: Fetching spark://instance-1.europe-west9-a.c.data-lake-project-409321.internal:34533/jars/spark_job_2.12-0.1.0.jar with timestamp 1706583735351
[2024-01-30T03:02:17.048+0000] {spark_submit.py:571} INFO - 24/01/30 03:02:17 INFO TransportClientFactory: Successfully created connection to instance-1.europe-west9-a.c.data-lake-project-409321.internal/10.200.0.5:34533 after 39 ms (0 ms spent in bootstraps)
[2024-01-30T03:02:17.072+0000] {spark_submit.py:571} INFO - 24/01/30 03:02:17 INFO Utils: Fetching spark://instance-1.europe-west9-a.c.data-lake-project-409321.internal:34533/jars/spark_job_2.12-0.1.0.jar to /tmp/spark-c4883807-59ab-4b19-8d2d-e1068cf13efa/userFiles-cf1a33e4-d0ee-48f1-81c4-4d21ad084e6a/fetchFileTemp71995503827069786.tmp
[2024-01-30T03:02:17.113+0000] {spark_submit.py:571} INFO - 24/01/30 03:02:17 INFO Executor: Adding file:/tmp/spark-c4883807-59ab-4b19-8d2d-e1068cf13efa/userFiles-cf1a33e4-d0ee-48f1-81c4-4d21ad084e6a/spark_job_2.12-0.1.0.jar to class loader default
[2024-01-30T03:02:17.127+0000] {spark_submit.py:571} INFO - 24/01/30 03:02:17 INFO Utils: Successfully started service 'org.apache.spark.network.netty.NettyBlockTransferService' on port 43099.
[2024-01-30T03:02:17.128+0000] {spark_submit.py:571} INFO - 24/01/30 03:02:17 INFO NettyBlockTransferService: Server created on instance-1.europe-west9-a.c.data-lake-project-409321.internal:43099
[2024-01-30T03:02:17.128+0000] {spark_submit.py:571} INFO - 24/01/30 03:02:17 INFO BlockManager: Using org.apache.spark.storage.RandomBlockReplicationPolicy for block replication policy
[2024-01-30T03:02:17.137+0000] {spark_submit.py:571} INFO - 24/01/30 03:02:17 INFO BlockManagerMaster: Registering BlockManager BlockManagerId(driver, instance-1.europe-west9-a.c.data-lake-project-409321.internal, 43099, None)
[2024-01-30T03:02:17.142+0000] {spark_submit.py:571} INFO - 24/01/30 03:02:17 INFO BlockManagerMasterEndpoint: Registering block manager instance-1.europe-west9-a.c.data-lake-project-409321.internal:43099 with 434.4 MiB RAM, BlockManagerId(driver, instance-1.europe-west9-a.c.data-lake-project-409321.internal, 43099, None)
[2024-01-30T03:02:17.145+0000] {spark_submit.py:571} INFO - 24/01/30 03:02:17 INFO BlockManagerMaster: Registered BlockManager BlockManagerId(driver, instance-1.europe-west9-a.c.data-lake-project-409321.internal, 43099, None)
[2024-01-30T03:02:17.154+0000] {spark_submit.py:571} INFO - 24/01/30 03:02:17 INFO BlockManager: Initialized BlockManager: BlockManagerId(driver, instance-1.europe-west9-a.c.data-lake-project-409321.internal, 43099, None)
[2024-01-30T03:02:18.395+0000] {spark_submit.py:571} INFO - 24/01/30 03:02:18 INFO SharedState: Setting hive.metastore.warehouse.dir ('null') to the value of spark.sql.warehouse.dir.
[2024-01-30T03:02:18.406+0000] {spark_submit.py:571} INFO - 24/01/30 03:02:18 INFO SharedState: Warehouse path is 'file:/home/juniortemgoua0/DataLake/spark-warehouse'.
[2024-01-30T03:02:19.976+0000] {spark_submit.py:571} INFO - ************************************************
[2024-01-30T03:02:19.976+0000] {spark_submit.py:571} INFO - Date d'exécution  : 2024-01-19
[2024-01-30T03:02:19.977+0000] {spark_submit.py:571} INFO - ************************************************
[2024-01-30T03:02:21.270+0000] {spark_submit.py:571} INFO - Exception in thread "main" org.apache.spark.sql.AnalysisException: [PATH_NOT_FOUND] Path does not exist: hdfs://localhost:9000/data-lake/raw/football_data/competitions/2024-01-19/*.json.
[2024-01-30T03:02:21.270+0000] {spark_submit.py:571} INFO - at org.apache.spark.sql.errors.QueryCompilationErrors$.dataPathNotExistError(QueryCompilationErrors.scala:1500)
[2024-01-30T03:02:21.271+0000] {spark_submit.py:571} INFO - at org.apache.spark.sql.execution.datasources.DataSource$.$anonfun$checkAndGlobPathIfNecessary$3(DataSource.scala:743)
[2024-01-30T03:02:21.271+0000] {spark_submit.py:571} INFO - at org.apache.spark.util.ThreadUtils$.$anonfun$parmap$2(ThreadUtils.scala:380)
[2024-01-30T03:02:21.271+0000] {spark_submit.py:571} INFO - at scala.concurrent.Future$.$anonfun$apply$1(Future.scala:659)
[2024-01-30T03:02:21.272+0000] {spark_submit.py:571} INFO - at scala.util.Success.$anonfun$map$1(Try.scala:255)
[2024-01-30T03:02:21.272+0000] {spark_submit.py:571} INFO - at scala.util.Success.map(Try.scala:213)
[2024-01-30T03:02:21.272+0000] {spark_submit.py:571} INFO - at scala.concurrent.Future.$anonfun$map$1(Future.scala:292)
[2024-01-30T03:02:21.272+0000] {spark_submit.py:571} INFO - at scala.concurrent.impl.Promise.liftedTree1$1(Promise.scala:33)
[2024-01-30T03:02:21.272+0000] {spark_submit.py:571} INFO - at scala.concurrent.impl.Promise.$anonfun$transform$1(Promise.scala:33)
[2024-01-30T03:02:21.272+0000] {spark_submit.py:571} INFO - at scala.concurrent.impl.CallbackRunnable.run(Promise.scala:64)
[2024-01-30T03:02:21.273+0000] {spark_submit.py:571} INFO - at java.base/java.util.concurrent.ForkJoinTask$RunnableExecuteAction.exec(ForkJoinTask.java:1395)
[2024-01-30T03:02:21.273+0000] {spark_submit.py:571} INFO - at java.base/java.util.concurrent.ForkJoinTask.doExec(ForkJoinTask.java:373)
[2024-01-30T03:02:21.273+0000] {spark_submit.py:571} INFO - at java.base/java.util.concurrent.ForkJoinPool$WorkQueue.topLevelExec(ForkJoinPool.java:1182)
[2024-01-30T03:02:21.273+0000] {spark_submit.py:571} INFO - at java.base/java.util.concurrent.ForkJoinPool.scan(ForkJoinPool.java:1655)
[2024-01-30T03:02:21.273+0000] {spark_submit.py:571} INFO - at java.base/java.util.concurrent.ForkJoinPool.runWorker(ForkJoinPool.java:1622)
[2024-01-30T03:02:21.273+0000] {spark_submit.py:571} INFO - at java.base/java.util.concurrent.ForkJoinWorkerThread.run(ForkJoinWorkerThread.java:165)
[2024-01-30T03:02:21.279+0000] {spark_submit.py:571} INFO - 24/01/30 03:02:21 INFO SparkContext: Invoking stop() from shutdown hook
[2024-01-30T03:02:21.280+0000] {spark_submit.py:571} INFO - 24/01/30 03:02:21 INFO SparkContext: SparkContext is stopping with exitCode 0.
[2024-01-30T03:02:21.296+0000] {spark_submit.py:571} INFO - 24/01/30 03:02:21 INFO SparkUI: Stopped Spark web UI at http://instance-1.europe-west9-a.c.data-lake-project-409321.internal:4040
[2024-01-30T03:02:21.334+0000] {spark_submit.py:571} INFO - 24/01/30 03:02:21 INFO MapOutputTrackerMasterEndpoint: MapOutputTrackerMasterEndpoint stopped!
[2024-01-30T03:02:21.349+0000] {spark_submit.py:571} INFO - 24/01/30 03:02:21 INFO MemoryStore: MemoryStore cleared
[2024-01-30T03:02:21.351+0000] {spark_submit.py:571} INFO - 24/01/30 03:02:21 INFO BlockManager: BlockManager stopped
[2024-01-30T03:02:21.363+0000] {spark_submit.py:571} INFO - 24/01/30 03:02:21 INFO BlockManagerMaster: BlockManagerMaster stopped
[2024-01-30T03:02:21.368+0000] {spark_submit.py:571} INFO - 24/01/30 03:02:21 INFO OutputCommitCoordinator$OutputCommitCoordinatorEndpoint: OutputCommitCoordinator stopped!
[2024-01-30T03:02:21.378+0000] {spark_submit.py:571} INFO - 24/01/30 03:02:21 INFO SparkContext: Successfully stopped SparkContext
[2024-01-30T03:02:21.379+0000] {spark_submit.py:571} INFO - 24/01/30 03:02:21 INFO ShutdownHookManager: Shutdown hook called
[2024-01-30T03:02:21.380+0000] {spark_submit.py:571} INFO - 24/01/30 03:02:21 INFO ShutdownHookManager: Deleting directory /tmp/spark-c4883807-59ab-4b19-8d2d-e1068cf13efa
[2024-01-30T03:02:21.384+0000] {spark_submit.py:571} INFO - 24/01/30 03:02:21 INFO ShutdownHookManager: Deleting directory /tmp/spark-b67a8c4e-63e2-4e14-a72d-0393378b1ef0
[2024-01-30T03:02:21.477+0000] {taskinstance.py:2698} ERROR - Task failed with exception
Traceback (most recent call last):
  File "/home/juniortemgoua0/DataLake/venv/lib/python3.8/site-packages/airflow/models/taskinstance.py", line 433, in _execute_task
    result = execute_callable(context=context, **execute_callable_kwargs)
  File "/home/juniortemgoua0/DataLake/venv/lib/python3.8/site-packages/airflow/providers/apache/spark/operators/spark_submit.py", line 174, in execute
    self._hook.submit(self._application)
  File "/home/juniortemgoua0/DataLake/venv/lib/python3.8/site-packages/airflow/providers/apache/spark/hooks/spark_submit.py", line 502, in submit
    raise AirflowException(
airflow.exceptions.AirflowException: Cannot execute: spark-submit --master local[*] --conf spark.airflow.execution_date=2024-01-19 --name arrow-spark --class RawToFormatted --queue root.default --deploy-mode client /home/juniortemgoua0/DataLake/jobs/processes/scala/spark_process/target/scala-2.12/spark_job_2.12-0.1.0.jar hdfs://localhost:9000/data-lake. Error code is: 1.
[2024-01-30T03:02:21.481+0000] {taskinstance.py:1138} INFO - Marking task as UP_FOR_RETRY. dag_id=manage_data_lake_dag, task_id=local_job_raw_to_formatted, execution_date=20240119T000000, start_date=20240130T030212, end_date=20240130T030221
[2024-01-30T03:02:21.493+0000] {standard_task_runner.py:107} ERROR - Failed to execute job 205 for task local_job_raw_to_formatted (Cannot execute: spark-submit --master local[*] --conf spark.airflow.execution_date=2024-01-19 --name arrow-spark --class RawToFormatted --queue root.default --deploy-mode client /home/juniortemgoua0/DataLake/jobs/processes/scala/spark_process/target/scala-2.12/spark_job_2.12-0.1.0.jar hdfs://localhost:9000/data-lake. Error code is: 1.; 22594)
[2024-01-30T03:02:21.523+0000] {local_task_job_runner.py:234} INFO - Task exited with return code 1
[2024-01-30T03:02:21.539+0000] {taskinstance.py:3280} INFO - 0 downstream tasks scheduled from follow-on schedule check
