[2024-01-30T13:49:19.702+0000] {taskinstance.py:1956} INFO - Dependencies all met for dep_context=non-requeueable deps ti=<TaskInstance: manage_data_lake_dag.dataproc_job_raw_to_formatted manual__2024-01-30T13:49:14.617694+00:00 [queued]>
[2024-01-30T13:49:19.708+0000] {taskinstance.py:1956} INFO - Dependencies all met for dep_context=requeueable deps ti=<TaskInstance: manage_data_lake_dag.dataproc_job_raw_to_formatted manual__2024-01-30T13:49:14.617694+00:00 [queued]>
[2024-01-30T13:49:19.708+0000] {taskinstance.py:2170} INFO - Starting attempt 1 of 6
[2024-01-30T13:49:19.724+0000] {taskinstance.py:2191} INFO - Executing <Task(DataprocSubmitJobOperator): dataproc_job_raw_to_formatted> on 2024-01-30 13:49:14.617694+00:00
[2024-01-30T13:49:19.730+0000] {standard_task_runner.py:60} INFO - Started process 40359 to run task
[2024-01-30T13:49:19.736+0000] {standard_task_runner.py:87} INFO - Running: ['airflow', 'tasks', 'run', 'manage_data_lake_dag', 'dataproc_job_raw_to_formatted', 'manual__2024-01-30T13:49:14.617694+00:00', '--job-id', '229', '--raw', '--subdir', 'DAGS_FOLDER/data_lake_dag.py', '--cfg-path', '/tmp/tmphbo7xxj4']
[2024-01-30T13:49:19.739+0000] {standard_task_runner.py:88} INFO - Job 229: Subtask dataproc_job_raw_to_formatted
[2024-01-30T13:49:19.785+0000] {task_command.py:423} INFO - Running <TaskInstance: manage_data_lake_dag.dataproc_job_raw_to_formatted manual__2024-01-30T13:49:14.617694+00:00 [running]> on host instance-1.europe-west9-a.c.data-lake-project-409321.internal
[2024-01-30T13:49:19.854+0000] {taskinstance.py:2480} INFO - Exporting env vars: AIRFLOW_CTX_DAG_OWNER='juniortemgoua0' AIRFLOW_CTX_DAG_ID='manage_data_lake_dag' AIRFLOW_CTX_TASK_ID='dataproc_job_raw_to_formatted' AIRFLOW_CTX_EXECUTION_DATE='2024-01-30T13:49:14.617694+00:00' AIRFLOW_CTX_TRY_NUMBER='1' AIRFLOW_CTX_DAG_RUN_ID='manual__2024-01-30T13:49:14.617694+00:00'
[2024-01-30T13:49:19.856+0000] {dataproc.py:2317} INFO - Submitting job
[2024-01-30T13:49:19.861+0000] {connection.py:234} WARNING - Connection schemes (type: google_cloud_platform) shall not contain '_' according to RFC3986.
[2024-01-30T13:49:19.866+0000] {base.py:83} INFO - Using connection ID 'google_cloud_default' for task execution.
[2024-01-30T13:49:20.040+0000] {dataproc.py:2329} INFO - Job 90f4975b-20ed-4331-8c80-b65165bd84c8 submitted successfully.
[2024-01-30T13:49:20.052+0000] {dataproc.py:2363} INFO - Waiting for job 90f4975b-20ed-4331-8c80-b65165bd84c8 to complete
[2024-01-30T13:50:00.370+0000] {taskinstance.py:2698} ERROR - Task failed with exception
Traceback (most recent call last):
  File "/home/juniortemgoua0/DataLake/venv/lib/python3.8/site-packages/airflow/models/taskinstance.py", line 433, in _execute_task
    result = execute_callable(context=context, **execute_callable_kwargs)
  File "/home/juniortemgoua0/DataLake/venv/lib/python3.8/site-packages/airflow/providers/google/cloud/operators/dataproc.py", line 2364, in execute
    self.hook.wait_for_job(
  File "/home/juniortemgoua0/DataLake/venv/lib/python3.8/site-packages/airflow/providers/google/common/hooks/base_google.py", line 482, in inner_wrapper
    return func(self, *args, **kwargs)
  File "/home/juniortemgoua0/DataLake/venv/lib/python3.8/site-packages/airflow/providers/google/cloud/hooks/dataproc.py", line 740, in wait_for_job
    raise AirflowException(f"Job failed:\n{job}")
airflow.exceptions.AirflowException: Job failed:
reference {
  project_id: "data-lake-project-409321"
  job_id: "90f4975b-20ed-4331-8c80-b65165bd84c8"
}
placement {
  cluster_name: "cluster-f499"
  cluster_uuid: "13fc8c1e-24fd-4462-8a44-4c3a49636ea2"
}
spark_job {
  main_class: "RawToFormatted"
  args: "gs://data-lake-buck"
  properties {
    key: "spark.airflow.execution_date"
    value: "2024-01-30"
  }
}
status {
  state: ERROR
  details: "Job failed with message [Error: Failed to load class RawToFormatted.]. Additional details can be found at:\nhttps://console.cloud.google.com/dataproc/jobs/90f4975b-20ed-4331-8c80-b65165bd84c8?project=data-lake-project-409321&region=europe-west9\ngcloud dataproc jobs wait \'90f4975b-20ed-4331-8c80-b65165bd84c8\' --region \'europe-west9\' --project \'data-lake-project-409321\'\nhttps://console.cloud.google.com/storage/browser/dataproc-staging-europe-west9-58760042001-uborul6i/google-cloud-dataproc-metainfo/13fc8c1e-24fd-4462-8a44-4c3a49636ea2/jobs/90f4975b-20ed-4331-8c80-b65165bd84c8/\ngs://dataproc-staging-europe-west9-58760042001-uborul6i/google-cloud-dataproc-metainfo/13fc8c1e-24fd-4462-8a44-4c3a49636ea2/jobs/90f4975b-20ed-4331-8c80-b65165bd84c8/driveroutput.*"
  state_start_time {
    seconds: 1706622591
    nanos: 391649000
  }
}
status_history {
  state: PENDING
  state_start_time {
    seconds: 1706622560
    nanos: 19228000
  }
}
status_history {
  state: SETUP_DONE
  state_start_time {
    seconds: 1706622560
    nanos: 74612000
  }
}
status_history {
  state: RUNNING
  state_start_time {
    seconds: 1706622560
    nanos: 463580000
  }
}
driver_output_resource_uri: "gs://dataproc-staging-europe-west9-58760042001-uborul6i/google-cloud-dataproc-metainfo/13fc8c1e-24fd-4462-8a44-4c3a49636ea2/jobs/90f4975b-20ed-4331-8c80-b65165bd84c8/driveroutput"
driver_control_files_uri: "gs://dataproc-staging-europe-west9-58760042001-uborul6i/google-cloud-dataproc-metainfo/13fc8c1e-24fd-4462-8a44-4c3a49636ea2/jobs/90f4975b-20ed-4331-8c80-b65165bd84c8/"
job_uuid: "90f4975b-20ed-4331-8c80-b65165bd84c8"
done: true

[2024-01-30T13:50:00.374+0000] {taskinstance.py:1138} INFO - Marking task as UP_FOR_RETRY. dag_id=manage_data_lake_dag, task_id=dataproc_job_raw_to_formatted, execution_date=20240130T134914, start_date=20240130T134919, end_date=20240130T135000
[2024-01-30T13:50:00.387+0000] {standard_task_runner.py:107} ERROR - Failed to execute job 229 for task dataproc_job_raw_to_formatted (Job failed:
reference {
  project_id: "data-lake-project-409321"
  job_id: "90f4975b-20ed-4331-8c80-b65165bd84c8"
}
placement {
  cluster_name: "cluster-f499"
  cluster_uuid: "13fc8c1e-24fd-4462-8a44-4c3a49636ea2"
}
spark_job {
  main_class: "RawToFormatted"
  args: "gs://data-lake-buck"
  properties {
    key: "spark.airflow.execution_date"
    value: "2024-01-30"
  }
}
status {
  state: ERROR
  details: "Job failed with message [Error: Failed to load class RawToFormatted.]. Additional details can be found at:\nhttps://console.cloud.google.com/dataproc/jobs/90f4975b-20ed-4331-8c80-b65165bd84c8?project=data-lake-project-409321&region=europe-west9\ngcloud dataproc jobs wait \'90f4975b-20ed-4331-8c80-b65165bd84c8\' --region \'europe-west9\' --project \'data-lake-project-409321\'\nhttps://console.cloud.google.com/storage/browser/dataproc-staging-europe-west9-58760042001-uborul6i/google-cloud-dataproc-metainfo/13fc8c1e-24fd-4462-8a44-4c3a49636ea2/jobs/90f4975b-20ed-4331-8c80-b65165bd84c8/\ngs://dataproc-staging-europe-west9-58760042001-uborul6i/google-cloud-dataproc-metainfo/13fc8c1e-24fd-4462-8a44-4c3a49636ea2/jobs/90f4975b-20ed-4331-8c80-b65165bd84c8/driveroutput.*"
  state_start_time {
    seconds: 1706622591
    nanos: 391649000
  }
}
status_history {
  state: PENDING
  state_start_time {
    seconds: 1706622560
    nanos: 19228000
  }
}
status_history {
  state: SETUP_DONE
  state_start_time {
    seconds: 1706622560
    nanos: 74612000
  }
}
status_history {
  state: RUNNING
  state_start_time {
    seconds: 1706622560
    nanos: 463580000
  }
}
driver_output_resource_uri: "gs://dataproc-staging-europe-west9-58760042001-uborul6i/google-cloud-dataproc-metainfo/13fc8c1e-24fd-4462-8a44-4c3a49636ea2/jobs/90f4975b-20ed-4331-8c80-b65165bd84c8/driveroutput"
driver_control_files_uri: "gs://dataproc-staging-europe-west9-58760042001-uborul6i/google-cloud-dataproc-metainfo/13fc8c1e-24fd-4462-8a44-4c3a49636ea2/jobs/90f4975b-20ed-4331-8c80-b65165bd84c8/"
job_uuid: "90f4975b-20ed-4331-8c80-b65165bd84c8"
done: true
; 40359)
[2024-01-30T13:50:00.414+0000] {local_task_job_runner.py:234} INFO - Task exited with return code 1
[2024-01-30T13:50:00.425+0000] {taskinstance.py:3280} INFO - 0 downstream tasks scheduled from follow-on schedule check
