[2024-01-31T08:00:08.063+0000] {taskinstance.py:1956} INFO - Dependencies all met for dep_context=non-requeueable deps ti=<TaskInstance: manage_data_lake_dag.local_job_raw_to_formatted manual__2024-01-31T07:45:16.513412+00:00 [queued]>
[2024-01-31T08:00:08.069+0000] {taskinstance.py:1956} INFO - Dependencies all met for dep_context=requeueable deps ti=<TaskInstance: manage_data_lake_dag.local_job_raw_to_formatted manual__2024-01-31T07:45:16.513412+00:00 [queued]>
[2024-01-31T08:00:08.070+0000] {taskinstance.py:2170} INFO - Starting attempt 3 of 6
[2024-01-31T08:00:08.086+0000] {taskinstance.py:2191} INFO - Executing <Task(SparkSubmitOperator): local_job_raw_to_formatted> on 2024-01-31 07:45:16.513412+00:00
[2024-01-31T08:00:08.092+0000] {standard_task_runner.py:60} INFO - Started process 138717 to run task
[2024-01-31T08:00:08.100+0000] {standard_task_runner.py:87} INFO - Running: ['airflow', 'tasks', 'run', 'manage_data_lake_dag', 'local_job_raw_to_formatted', 'manual__2024-01-31T07:45:16.513412+00:00', '--job-id', '455', '--raw', '--subdir', 'DAGS_FOLDER/data_lake_dag.py', '--cfg-path', '/tmp/tmpk8xo7xtp']
[2024-01-31T08:00:08.104+0000] {standard_task_runner.py:88} INFO - Job 455: Subtask local_job_raw_to_formatted
[2024-01-31T08:00:08.156+0000] {task_command.py:423} INFO - Running <TaskInstance: manage_data_lake_dag.local_job_raw_to_formatted manual__2024-01-31T07:45:16.513412+00:00 [running]> on host instance-1.europe-west9-a.c.data-lake-project-409321.internal
[2024-01-31T08:00:08.221+0000] {taskinstance.py:2480} INFO - Exporting env vars: AIRFLOW_CTX_DAG_OWNER='juniortemgoua0' AIRFLOW_CTX_DAG_ID='manage_data_lake_dag' AIRFLOW_CTX_TASK_ID='local_job_raw_to_formatted' AIRFLOW_CTX_EXECUTION_DATE='2024-01-31T07:45:16.513412+00:00' AIRFLOW_CTX_TRY_NUMBER='3' AIRFLOW_CTX_DAG_RUN_ID='manual__2024-01-31T07:45:16.513412+00:00'
[2024-01-31T08:00:08.229+0000] {base.py:83} INFO - Using connection ID 'spark_default' for task execution.
[2024-01-31T08:00:08.230+0000] {spark_submit.py:401} INFO - Spark-Submit cmd: spark-submit --master local[*] --conf spark.airflow.execution_date=2024-01-31 --name arrow-spark --class RawToFormatted --queue root.default --deploy-mode client /home/juniortemgoua0/DataLake/jobs/processes/scala/spark_process/target/scala-2.12/spark_job_2.12-0.1.0.jar hdfs://34.155.106.39:9000/datalake local-spark
[2024-01-31T08:00:11.290+0000] {spark_submit.py:571} INFO - 24/01/31 08:00:11 INFO SparkContext: Running Spark version 3.5.0
[2024-01-31T08:00:11.294+0000] {spark_submit.py:571} INFO - 24/01/31 08:00:11 INFO SparkContext: OS info Linux, 5.15.0-1049-gcp, amd64
[2024-01-31T08:00:11.295+0000] {spark_submit.py:571} INFO - 24/01/31 08:00:11 INFO SparkContext: Java version 17.0.9
[2024-01-31T08:00:11.421+0000] {spark_submit.py:571} INFO - 24/01/31 08:00:11 WARN NativeCodeLoader: Unable to load native-hadoop library for your platform... using builtin-java classes where applicable
[2024-01-31T08:00:11.559+0000] {spark_submit.py:571} INFO - 24/01/31 08:00:11 INFO ResourceUtils: ==============================================================
[2024-01-31T08:00:11.560+0000] {spark_submit.py:571} INFO - 24/01/31 08:00:11 INFO ResourceUtils: No custom resources configured for spark.driver.
[2024-01-31T08:00:11.560+0000] {spark_submit.py:571} INFO - 24/01/31 08:00:11 INFO ResourceUtils: ==============================================================
[2024-01-31T08:00:11.561+0000] {spark_submit.py:571} INFO - 24/01/31 08:00:11 INFO SparkContext: Submitted application: RawToFormatted
[2024-01-31T08:00:11.595+0000] {spark_submit.py:571} INFO - 24/01/31 08:00:11 INFO ResourceProfile: Default ResourceProfile created, executor resources: Map(cores -> name: cores, amount: 1, script: , vendor: , memory -> name: memory, amount: 1024, script: , vendor: , offHeap -> name: offHeap, amount: 0, script: , vendor: ), task resources: Map(cpus -> name: cpus, amount: 1.0)
[2024-01-31T08:00:11.610+0000] {spark_submit.py:571} INFO - 24/01/31 08:00:11 INFO ResourceProfile: Limiting resource is cpu
[2024-01-31T08:00:11.610+0000] {spark_submit.py:571} INFO - 24/01/31 08:00:11 INFO ResourceProfileManager: Added ResourceProfile id: 0
[2024-01-31T08:00:11.691+0000] {spark_submit.py:571} INFO - 24/01/31 08:00:11 INFO SecurityManager: Changing view acls to: juniortemgoua0
[2024-01-31T08:00:11.691+0000] {spark_submit.py:571} INFO - 24/01/31 08:00:11 INFO SecurityManager: Changing modify acls to: juniortemgoua0
[2024-01-31T08:00:11.692+0000] {spark_submit.py:571} INFO - 24/01/31 08:00:11 INFO SecurityManager: Changing view acls groups to:
[2024-01-31T08:00:11.693+0000] {spark_submit.py:571} INFO - 24/01/31 08:00:11 INFO SecurityManager: Changing modify acls groups to:
[2024-01-31T08:00:11.693+0000] {spark_submit.py:571} INFO - 24/01/31 08:00:11 INFO SecurityManager: SecurityManager: authentication disabled; ui acls disabled; users with view permissions: juniortemgoua0; groups with view permissions: EMPTY; users with modify permissions: juniortemgoua0; groups with modify permissions: EMPTY
[2024-01-31T08:00:12.080+0000] {spark_submit.py:571} INFO - 24/01/31 08:00:12 INFO Utils: Successfully started service 'sparkDriver' on port 43437.
[2024-01-31T08:00:12.131+0000] {spark_submit.py:571} INFO - 24/01/31 08:00:12 INFO SparkEnv: Registering MapOutputTracker
[2024-01-31T08:00:12.188+0000] {spark_submit.py:571} INFO - 24/01/31 08:00:12 INFO SparkEnv: Registering BlockManagerMaster
[2024-01-31T08:00:12.222+0000] {spark_submit.py:571} INFO - 24/01/31 08:00:12 INFO BlockManagerMasterEndpoint: Using org.apache.spark.storage.DefaultTopologyMapper for getting topology information
[2024-01-31T08:00:12.224+0000] {spark_submit.py:571} INFO - 24/01/31 08:00:12 INFO BlockManagerMasterEndpoint: BlockManagerMasterEndpoint up
[2024-01-31T08:00:12.234+0000] {spark_submit.py:571} INFO - 24/01/31 08:00:12 INFO SparkEnv: Registering BlockManagerMasterHeartbeat
[2024-01-31T08:00:12.266+0000] {spark_submit.py:571} INFO - 24/01/31 08:00:12 INFO DiskBlockManager: Created local directory at /tmp/blockmgr-c6751892-7b53-441b-8c8b-6b7765d34883
[2024-01-31T08:00:12.295+0000] {spark_submit.py:571} INFO - 24/01/31 08:00:12 INFO MemoryStore: MemoryStore started with capacity 434.4 MiB
[2024-01-31T08:00:12.321+0000] {spark_submit.py:571} INFO - 24/01/31 08:00:12 INFO SparkEnv: Registering OutputCommitCoordinator
[2024-01-31T08:00:12.516+0000] {spark_submit.py:571} INFO - 24/01/31 08:00:12 INFO JettyUtils: Start Jetty 0.0.0.0:4040 for SparkUI
[2024-01-31T08:00:12.621+0000] {spark_submit.py:571} INFO - 24/01/31 08:00:12 INFO Utils: Successfully started service 'SparkUI' on port 4040.
[2024-01-31T08:00:12.707+0000] {spark_submit.py:571} INFO - 24/01/31 08:00:12 INFO SparkContext: Added JAR file:/home/juniortemgoua0/DataLake/jobs/processes/scala/spark_process/target/scala-2.12/spark_job_2.12-0.1.0.jar at spark://instance-1.europe-west9-a.c.data-lake-project-409321.internal:43437/jars/spark_job_2.12-0.1.0.jar with timestamp 1706688011258
[2024-01-31T08:00:12.839+0000] {spark_submit.py:571} INFO - 24/01/31 08:00:12 INFO Executor: Starting executor ID driver on host instance-1.europe-west9-a.c.data-lake-project-409321.internal
[2024-01-31T08:00:12.839+0000] {spark_submit.py:571} INFO - 24/01/31 08:00:12 INFO Executor: OS info Linux, 5.15.0-1049-gcp, amd64
[2024-01-31T08:00:12.841+0000] {spark_submit.py:571} INFO - 24/01/31 08:00:12 INFO Executor: Java version 17.0.9
[2024-01-31T08:00:12.884+0000] {spark_submit.py:571} INFO - 24/01/31 08:00:12 INFO Executor: Starting executor with user classpath (userClassPathFirst = false): ''
[2024-01-31T08:00:12.886+0000] {spark_submit.py:571} INFO - 24/01/31 08:00:12 INFO Executor: Created or updated repl class loader org.apache.spark.util.MutableURLClassLoader@6ed043d3 for default.
[2024-01-31T08:00:12.931+0000] {spark_submit.py:571} INFO - 24/01/31 08:00:12 INFO Executor: Fetching spark://instance-1.europe-west9-a.c.data-lake-project-409321.internal:43437/jars/spark_job_2.12-0.1.0.jar with timestamp 1706688011258
[2024-01-31T08:00:13.018+0000] {spark_submit.py:571} INFO - 24/01/31 08:00:13 INFO TransportClientFactory: Successfully created connection to instance-1.europe-west9-a.c.data-lake-project-409321.internal/10.200.0.5:43437 after 46 ms (0 ms spent in bootstraps)
[2024-01-31T08:00:13.034+0000] {spark_submit.py:571} INFO - 24/01/31 08:00:13 INFO Utils: Fetching spark://instance-1.europe-west9-a.c.data-lake-project-409321.internal:43437/jars/spark_job_2.12-0.1.0.jar to /tmp/spark-1ac8652d-60ed-4969-a77d-5cc001a5ac9e/userFiles-619d6fe6-5072-4a05-bdfd-3084ee767df7/fetchFileTemp13059545349469892053.tmp
[2024-01-31T08:00:13.074+0000] {spark_submit.py:571} INFO - 24/01/31 08:00:13 INFO Executor: Adding file:/tmp/spark-1ac8652d-60ed-4969-a77d-5cc001a5ac9e/userFiles-619d6fe6-5072-4a05-bdfd-3084ee767df7/spark_job_2.12-0.1.0.jar to class loader default
[2024-01-31T08:00:13.088+0000] {spark_submit.py:571} INFO - 24/01/31 08:00:13 INFO Utils: Successfully started service 'org.apache.spark.network.netty.NettyBlockTransferService' on port 40393.
[2024-01-31T08:00:13.089+0000] {spark_submit.py:571} INFO - 24/01/31 08:00:13 INFO NettyBlockTransferService: Server created on instance-1.europe-west9-a.c.data-lake-project-409321.internal:40393
[2024-01-31T08:00:13.089+0000] {spark_submit.py:571} INFO - 24/01/31 08:00:13 INFO BlockManager: Using org.apache.spark.storage.RandomBlockReplicationPolicy for block replication policy
[2024-01-31T08:00:13.097+0000] {spark_submit.py:571} INFO - 24/01/31 08:00:13 INFO BlockManagerMaster: Registering BlockManager BlockManagerId(driver, instance-1.europe-west9-a.c.data-lake-project-409321.internal, 40393, None)
[2024-01-31T08:00:13.101+0000] {spark_submit.py:571} INFO - 24/01/31 08:00:13 INFO BlockManagerMasterEndpoint: Registering block manager instance-1.europe-west9-a.c.data-lake-project-409321.internal:40393 with 434.4 MiB RAM, BlockManagerId(driver, instance-1.europe-west9-a.c.data-lake-project-409321.internal, 40393, None)
[2024-01-31T08:00:13.105+0000] {spark_submit.py:571} INFO - 24/01/31 08:00:13 INFO BlockManagerMaster: Registered BlockManager BlockManagerId(driver, instance-1.europe-west9-a.c.data-lake-project-409321.internal, 40393, None)
[2024-01-31T08:00:13.106+0000] {spark_submit.py:571} INFO - 24/01/31 08:00:13 INFO BlockManager: Initialized BlockManager: BlockManagerId(driver, instance-1.europe-west9-a.c.data-lake-project-409321.internal, 40393, None)
[2024-01-31T08:00:14.274+0000] {spark_submit.py:571} INFO - 24/01/31 08:00:14 INFO SharedState: Setting hive.metastore.warehouse.dir ('null') to the value of spark.sql.warehouse.dir.
[2024-01-31T08:00:14.286+0000] {spark_submit.py:571} INFO - 24/01/31 08:00:14 INFO SharedState: Warehouse path is 'file:/home/juniortemgoua0/DataLake/spark-warehouse'.
[2024-01-31T08:00:15.379+0000] {spark_submit.py:571} INFO - ************************************************
[2024-01-31T08:00:15.379+0000] {spark_submit.py:571} INFO - Date d'exécution  : 2024-01-31
[2024-01-31T08:00:15.379+0000] {spark_submit.py:571} INFO - ************************************************
[2024-01-31T08:00:16.124+0000] {spark_submit.py:571} INFO - 24/01/31 08:00:16 WARN FileStreamSink: Assume no metadata directory. Error while looking for metadata directory in the path: hdfs://34.155.106.39:9000/datalake/raw/football_data/competitions/2024-01-31/*.json.
[2024-01-31T08:00:16.125+0000] {spark_submit.py:571} INFO - java.net.ConnectException: Call From instance-1/10.200.0.5 to 39.106.155.34.bc.googleusercontent.com:9000 failed on connection exception: java.net.ConnectException: Connection refused; For more details see:  http://wiki.apache.org/hadoop/ConnectionRefused
[2024-01-31T08:00:16.125+0000] {spark_submit.py:571} INFO - at java.base/jdk.internal.reflect.NativeConstructorAccessorImpl.newInstance0(Native Method)
[2024-01-31T08:00:16.125+0000] {spark_submit.py:571} INFO - at java.base/jdk.internal.reflect.NativeConstructorAccessorImpl.newInstance(NativeConstructorAccessorImpl.java:77)
[2024-01-31T08:00:16.126+0000] {spark_submit.py:571} INFO - at java.base/jdk.internal.reflect.DelegatingConstructorAccessorImpl.newInstance(DelegatingConstructorAccessorImpl.java:45)
[2024-01-31T08:00:16.126+0000] {spark_submit.py:571} INFO - at java.base/java.lang.reflect.Constructor.newInstanceWithCaller(Constructor.java:499)
[2024-01-31T08:00:16.126+0000] {spark_submit.py:571} INFO - at java.base/java.lang.reflect.Constructor.newInstance(Constructor.java:480)
[2024-01-31T08:00:16.126+0000] {spark_submit.py:571} INFO - at org.apache.hadoop.net.NetUtils.wrapWithMessage(NetUtils.java:913)
[2024-01-31T08:00:16.126+0000] {spark_submit.py:571} INFO - at org.apache.hadoop.net.NetUtils.wrapException(NetUtils.java:828)
[2024-01-31T08:00:16.126+0000] {spark_submit.py:571} INFO - at org.apache.hadoop.ipc.Client.getRpcResponse(Client.java:1616)
[2024-01-31T08:00:16.127+0000] {spark_submit.py:571} INFO - at org.apache.hadoop.ipc.Client.call(Client.java:1558)
[2024-01-31T08:00:16.127+0000] {spark_submit.py:571} INFO - at org.apache.hadoop.ipc.Client.call(Client.java:1455)
[2024-01-31T08:00:16.127+0000] {spark_submit.py:571} INFO - at org.apache.hadoop.ipc.ProtobufRpcEngine2$Invoker.invoke(ProtobufRpcEngine2.java:242)
[2024-01-31T08:00:16.127+0000] {spark_submit.py:571} INFO - at org.apache.hadoop.ipc.ProtobufRpcEngine2$Invoker.invoke(ProtobufRpcEngine2.java:129)
[2024-01-31T08:00:16.127+0000] {spark_submit.py:571} INFO - at jdk.proxy2/jdk.proxy2.$Proxy34.getFileInfo(Unknown Source)
[2024-01-31T08:00:16.127+0000] {spark_submit.py:571} INFO - at org.apache.hadoop.hdfs.protocolPB.ClientNamenodeProtocolTranslatorPB.getFileInfo(ClientNamenodeProtocolTranslatorPB.java:965)
[2024-01-31T08:00:16.128+0000] {spark_submit.py:571} INFO - at java.base/jdk.internal.reflect.NativeMethodAccessorImpl.invoke0(Native Method)
[2024-01-31T08:00:16.128+0000] {spark_submit.py:571} INFO - at java.base/jdk.internal.reflect.NativeMethodAccessorImpl.invoke(NativeMethodAccessorImpl.java:77)
[2024-01-31T08:00:16.128+0000] {spark_submit.py:571} INFO - at java.base/jdk.internal.reflect.DelegatingMethodAccessorImpl.invoke(DelegatingMethodAccessorImpl.java:43)
[2024-01-31T08:00:16.128+0000] {spark_submit.py:571} INFO - at java.base/java.lang.reflect.Method.invoke(Method.java:568)
[2024-01-31T08:00:16.128+0000] {spark_submit.py:571} INFO - at org.apache.hadoop.io.retry.RetryInvocationHandler.invokeMethod(RetryInvocationHandler.java:422)
[2024-01-31T08:00:16.129+0000] {spark_submit.py:571} INFO - at org.apache.hadoop.io.retry.RetryInvocationHandler$Call.invokeMethod(RetryInvocationHandler.java:165)
[2024-01-31T08:00:16.129+0000] {spark_submit.py:571} INFO - at org.apache.hadoop.io.retry.RetryInvocationHandler$Call.invoke(RetryInvocationHandler.java:157)
[2024-01-31T08:00:16.129+0000] {spark_submit.py:571} INFO - at org.apache.hadoop.io.retry.RetryInvocationHandler$Call.invokeOnce(RetryInvocationHandler.java:95)
[2024-01-31T08:00:16.129+0000] {spark_submit.py:571} INFO - at org.apache.hadoop.io.retry.RetryInvocationHandler.invoke(RetryInvocationHandler.java:359)
[2024-01-31T08:00:16.129+0000] {spark_submit.py:571} INFO - at jdk.proxy2/jdk.proxy2.$Proxy35.getFileInfo(Unknown Source)
[2024-01-31T08:00:16.130+0000] {spark_submit.py:571} INFO - at org.apache.hadoop.hdfs.DFSClient.getFileInfo(DFSClient.java:1739)
[2024-01-31T08:00:16.130+0000] {spark_submit.py:571} INFO - at org.apache.hadoop.hdfs.DistributedFileSystem$29.doCall(DistributedFileSystem.java:1753)
[2024-01-31T08:00:16.130+0000] {spark_submit.py:571} INFO - at org.apache.hadoop.hdfs.DistributedFileSystem$29.doCall(DistributedFileSystem.java:1750)
[2024-01-31T08:00:16.130+0000] {spark_submit.py:571} INFO - at org.apache.hadoop.fs.FileSystemLinkResolver.resolve(FileSystemLinkResolver.java:81)
[2024-01-31T08:00:16.130+0000] {spark_submit.py:571} INFO - at org.apache.hadoop.hdfs.DistributedFileSystem.getFileStatus(DistributedFileSystem.java:1765)
[2024-01-31T08:00:16.130+0000] {spark_submit.py:571} INFO - at org.apache.hadoop.fs.FileSystem.isDirectory(FileSystem.java:1777)
[2024-01-31T08:00:16.131+0000] {spark_submit.py:571} INFO - at org.apache.spark.sql.execution.streaming.FileStreamSink$.hasMetadata(FileStreamSink.scala:54)
[2024-01-31T08:00:16.131+0000] {spark_submit.py:571} INFO - at org.apache.spark.sql.execution.datasources.DataSource.resolveRelation(DataSource.scala:366)
[2024-01-31T08:00:16.131+0000] {spark_submit.py:571} INFO - at org.apache.spark.sql.DataFrameReader.loadV1Source(DataFrameReader.scala:229)
[2024-01-31T08:00:16.131+0000] {spark_submit.py:571} INFO - at org.apache.spark.sql.DataFrameReader.$anonfun$load$2(DataFrameReader.scala:211)
[2024-01-31T08:00:16.131+0000] {spark_submit.py:571} INFO - at scala.Option.getOrElse(Option.scala:189)
[2024-01-31T08:00:16.131+0000] {spark_submit.py:571} INFO - at org.apache.spark.sql.DataFrameReader.load(DataFrameReader.scala:211)
[2024-01-31T08:00:16.132+0000] {spark_submit.py:571} INFO - at org.apache.spark.sql.DataFrameReader.json(DataFrameReader.scala:362)
[2024-01-31T08:00:16.132+0000] {spark_submit.py:571} INFO - at org.apache.spark.sql.DataFrameReader.json(DataFrameReader.scala:341)
[2024-01-31T08:00:16.132+0000] {spark_submit.py:571} INFO - at RawToFormatted$.formattedCompetition(RawToFormatted.scala:44)
[2024-01-31T08:00:16.132+0000] {spark_submit.py:571} INFO - at RawToFormatted$.main(RawToFormatted.scala:31)
[2024-01-31T08:00:16.132+0000] {spark_submit.py:571} INFO - at RawToFormatted.main(RawToFormatted.scala)
[2024-01-31T08:00:16.133+0000] {spark_submit.py:571} INFO - at java.base/jdk.internal.reflect.NativeMethodAccessorImpl.invoke0(Native Method)
[2024-01-31T08:00:16.133+0000] {spark_submit.py:571} INFO - at java.base/jdk.internal.reflect.NativeMethodAccessorImpl.invoke(NativeMethodAccessorImpl.java:77)
[2024-01-31T08:00:16.133+0000] {spark_submit.py:571} INFO - at java.base/jdk.internal.reflect.DelegatingMethodAccessorImpl.invoke(DelegatingMethodAccessorImpl.java:43)
[2024-01-31T08:00:16.133+0000] {spark_submit.py:571} INFO - at java.base/java.lang.reflect.Method.invoke(Method.java:568)
[2024-01-31T08:00:16.133+0000] {spark_submit.py:571} INFO - at org.apache.spark.deploy.JavaMainApplication.start(SparkApplication.scala:52)
[2024-01-31T08:00:16.133+0000] {spark_submit.py:571} INFO - at org.apache.spark.deploy.SparkSubmit.org$apache$spark$deploy$SparkSubmit$$runMain(SparkSubmit.scala:1029)
[2024-01-31T08:00:16.134+0000] {spark_submit.py:571} INFO - at org.apache.spark.deploy.SparkSubmit.doRunMain$1(SparkSubmit.scala:194)
[2024-01-31T08:00:16.134+0000] {spark_submit.py:571} INFO - at org.apache.spark.deploy.SparkSubmit.submit(SparkSubmit.scala:217)
[2024-01-31T08:00:16.134+0000] {spark_submit.py:571} INFO - at org.apache.spark.deploy.SparkSubmit.doSubmit(SparkSubmit.scala:91)
[2024-01-31T08:00:16.134+0000] {spark_submit.py:571} INFO - at org.apache.spark.deploy.SparkSubmit$$anon$2.doSubmit(SparkSubmit.scala:1120)
[2024-01-31T08:00:16.134+0000] {spark_submit.py:571} INFO - at org.apache.spark.deploy.SparkSubmit$.main(SparkSubmit.scala:1129)
[2024-01-31T08:00:16.134+0000] {spark_submit.py:571} INFO - at org.apache.spark.deploy.SparkSubmit.main(SparkSubmit.scala)
[2024-01-31T08:00:16.135+0000] {spark_submit.py:571} INFO - Caused by: java.net.ConnectException: Connection refused
[2024-01-31T08:00:16.135+0000] {spark_submit.py:571} INFO - at java.base/sun.nio.ch.Net.pollConnect(Native Method)
[2024-01-31T08:00:16.135+0000] {spark_submit.py:571} INFO - at java.base/sun.nio.ch.Net.pollConnectNow(Net.java:672)
[2024-01-31T08:00:16.135+0000] {spark_submit.py:571} INFO - at java.base/sun.nio.ch.SocketChannelImpl.finishConnect(SocketChannelImpl.java:946)
[2024-01-31T08:00:16.135+0000] {spark_submit.py:571} INFO - at org.apache.hadoop.net.SocketIOWithTimeout.connect(SocketIOWithTimeout.java:205)
[2024-01-31T08:00:16.135+0000] {spark_submit.py:571} INFO - at org.apache.hadoop.net.NetUtils.connect(NetUtils.java:586)
[2024-01-31T08:00:16.136+0000] {spark_submit.py:571} INFO - at org.apache.hadoop.ipc.Client$Connection.setupConnection(Client.java:711)
[2024-01-31T08:00:16.136+0000] {spark_submit.py:571} INFO - at org.apache.hadoop.ipc.Client$Connection.setupIOstreams(Client.java:833)
[2024-01-31T08:00:16.136+0000] {spark_submit.py:571} INFO - at org.apache.hadoop.ipc.Client$Connection.access$3800(Client.java:414)
[2024-01-31T08:00:16.136+0000] {spark_submit.py:571} INFO - at org.apache.hadoop.ipc.Client.getConnection(Client.java:1677)
[2024-01-31T08:00:16.136+0000] {spark_submit.py:571} INFO - at org.apache.hadoop.ipc.Client.call(Client.java:1502)
[2024-01-31T08:00:16.137+0000] {spark_submit.py:571} INFO - ... 44 more
[2024-01-31T08:00:16.169+0000] {spark_submit.py:571} INFO - Exception in thread "main" java.net.ConnectException: Call From instance-1/10.200.0.5 to 39.106.155.34.bc.googleusercontent.com:9000 failed on connection exception: java.net.ConnectException: Connection refused; For more details see:  http://wiki.apache.org/hadoop/ConnectionRefused
[2024-01-31T08:00:16.170+0000] {spark_submit.py:571} INFO - at java.base/jdk.internal.reflect.NativeConstructorAccessorImpl.newInstance0(Native Method)
[2024-01-31T08:00:16.170+0000] {spark_submit.py:571} INFO - at java.base/jdk.internal.reflect.NativeConstructorAccessorImpl.newInstance(NativeConstructorAccessorImpl.java:77)
[2024-01-31T08:00:16.170+0000] {spark_submit.py:571} INFO - at java.base/jdk.internal.reflect.DelegatingConstructorAccessorImpl.newInstance(DelegatingConstructorAccessorImpl.java:45)
[2024-01-31T08:00:16.170+0000] {spark_submit.py:571} INFO - at java.base/java.lang.reflect.Constructor.newInstanceWithCaller(Constructor.java:499)
[2024-01-31T08:00:16.171+0000] {spark_submit.py:571} INFO - at java.base/java.lang.reflect.Constructor.newInstance(Constructor.java:480)
[2024-01-31T08:00:16.171+0000] {spark_submit.py:571} INFO - at org.apache.hadoop.net.NetUtils.wrapWithMessage(NetUtils.java:913)
[2024-01-31T08:00:16.171+0000] {spark_submit.py:571} INFO - at org.apache.hadoop.net.NetUtils.wrapException(NetUtils.java:828)
[2024-01-31T08:00:16.171+0000] {spark_submit.py:571} INFO - at org.apache.hadoop.ipc.Client.getRpcResponse(Client.java:1616)
[2024-01-31T08:00:16.175+0000] {spark_submit.py:571} INFO - at org.apache.hadoop.ipc.Client.call(Client.java:1558)
[2024-01-31T08:00:16.175+0000] {spark_submit.py:571} INFO - at org.apache.hadoop.ipc.Client.call(Client.java:1455)
[2024-01-31T08:00:16.175+0000] {spark_submit.py:571} INFO - at org.apache.hadoop.ipc.ProtobufRpcEngine2$Invoker.invoke(ProtobufRpcEngine2.java:242)
[2024-01-31T08:00:16.176+0000] {spark_submit.py:571} INFO - at org.apache.hadoop.ipc.ProtobufRpcEngine2$Invoker.invoke(ProtobufRpcEngine2.java:129)
[2024-01-31T08:00:16.176+0000] {spark_submit.py:571} INFO - at jdk.proxy2/jdk.proxy2.$Proxy34.getListing(Unknown Source)
[2024-01-31T08:00:16.176+0000] {spark_submit.py:571} INFO - at org.apache.hadoop.hdfs.protocolPB.ClientNamenodeProtocolTranslatorPB.getListing(ClientNamenodeProtocolTranslatorPB.java:688)
[2024-01-31T08:00:16.176+0000] {spark_submit.py:571} INFO - at java.base/jdk.internal.reflect.NativeMethodAccessorImpl.invoke0(Native Method)
[2024-01-31T08:00:16.176+0000] {spark_submit.py:571} INFO - at java.base/jdk.internal.reflect.NativeMethodAccessorImpl.invoke(NativeMethodAccessorImpl.java:77)
[2024-01-31T08:00:16.177+0000] {spark_submit.py:571} INFO - at java.base/jdk.internal.reflect.DelegatingMethodAccessorImpl.invoke(DelegatingMethodAccessorImpl.java:43)
[2024-01-31T08:00:16.177+0000] {spark_submit.py:571} INFO - at java.base/java.lang.reflect.Method.invoke(Method.java:568)
[2024-01-31T08:00:16.177+0000] {spark_submit.py:571} INFO - at org.apache.hadoop.io.retry.RetryInvocationHandler.invokeMethod(RetryInvocationHandler.java:422)
[2024-01-31T08:00:16.177+0000] {spark_submit.py:571} INFO - at org.apache.hadoop.io.retry.RetryInvocationHandler$Call.invokeMethod(RetryInvocationHandler.java:165)
[2024-01-31T08:00:16.177+0000] {spark_submit.py:571} INFO - at org.apache.hadoop.io.retry.RetryInvocationHandler$Call.invoke(RetryInvocationHandler.java:157)
[2024-01-31T08:00:16.178+0000] {spark_submit.py:571} INFO - at org.apache.hadoop.io.retry.RetryInvocationHandler$Call.invokeOnce(RetryInvocationHandler.java:95)
[2024-01-31T08:00:16.178+0000] {spark_submit.py:571} INFO - at org.apache.hadoop.io.retry.RetryInvocationHandler.invoke(RetryInvocationHandler.java:359)
[2024-01-31T08:00:16.178+0000] {spark_submit.py:571} INFO - at jdk.proxy2/jdk.proxy2.$Proxy35.getListing(Unknown Source)
[2024-01-31T08:00:16.178+0000] {spark_submit.py:571} INFO - at org.apache.hadoop.hdfs.DFSClient.listPaths(DFSClient.java:1702)
[2024-01-31T08:00:16.179+0000] {spark_submit.py:571} INFO - at org.apache.hadoop.hdfs.DFSClient.listPaths(DFSClient.java:1686)
[2024-01-31T08:00:16.179+0000] {spark_submit.py:571} INFO - at org.apache.hadoop.hdfs.DistributedFileSystem.listStatusInternal(DistributedFileSystem.java:1100)
[2024-01-31T08:00:16.179+0000] {spark_submit.py:571} INFO - at org.apache.hadoop.hdfs.DistributedFileSystem.access$600(DistributedFileSystem.java:147)
[2024-01-31T08:00:16.179+0000] {spark_submit.py:571} INFO - at org.apache.hadoop.hdfs.DistributedFileSystem$24.doCall(DistributedFileSystem.java:1175)
[2024-01-31T08:00:16.179+0000] {spark_submit.py:571} INFO - at org.apache.hadoop.hdfs.DistributedFileSystem$24.doCall(DistributedFileSystem.java:1172)
[2024-01-31T08:00:16.180+0000] {spark_submit.py:571} INFO - at org.apache.hadoop.fs.FileSystemLinkResolver.resolve(FileSystemLinkResolver.java:81)
[2024-01-31T08:00:16.180+0000] {spark_submit.py:571} INFO - at org.apache.hadoop.hdfs.DistributedFileSystem.listStatus(DistributedFileSystem.java:1182)
[2024-01-31T08:00:16.182+0000] {spark_submit.py:571} INFO - at org.apache.hadoop.fs.Globber.listStatus(Globber.java:128)
[2024-01-31T08:00:16.182+0000] {spark_submit.py:571} INFO - at org.apache.hadoop.fs.Globber.doGlob(Globber.java:291)
[2024-01-31T08:00:16.183+0000] {spark_submit.py:571} INFO - at org.apache.hadoop.fs.Globber.glob(Globber.java:202)
[2024-01-31T08:00:16.183+0000] {spark_submit.py:571} INFO - at org.apache.hadoop.fs.FileSystem.globStatus(FileSystem.java:2124)
[2024-01-31T08:00:16.183+0000] {spark_submit.py:571} INFO - at org.apache.spark.deploy.SparkHadoopUtil.globPath(SparkHadoopUtil.scala:238)
[2024-01-31T08:00:16.183+0000] {spark_submit.py:571} INFO - at org.apache.spark.sql.execution.datasources.DataSource$.$anonfun$checkAndGlobPathIfNecessary$3(DataSource.scala:737)
[2024-01-31T08:00:16.183+0000] {spark_submit.py:571} INFO - at org.apache.spark.util.ThreadUtils$.$anonfun$parmap$2(ThreadUtils.scala:380)
[2024-01-31T08:00:16.184+0000] {spark_submit.py:571} INFO - at scala.concurrent.Future$.$anonfun$apply$1(Future.scala:659)
[2024-01-31T08:00:16.184+0000] {spark_submit.py:571} INFO - at scala.util.Success.$anonfun$map$1(Try.scala:255)
[2024-01-31T08:00:16.184+0000] {spark_submit.py:571} INFO - at scala.util.Success.map(Try.scala:213)
[2024-01-31T08:00:16.184+0000] {spark_submit.py:571} INFO - at scala.concurrent.Future.$anonfun$map$1(Future.scala:292)
[2024-01-31T08:00:16.184+0000] {spark_submit.py:571} INFO - at scala.concurrent.impl.Promise.liftedTree1$1(Promise.scala:33)
[2024-01-31T08:00:16.185+0000] {spark_submit.py:571} INFO - at scala.concurrent.impl.Promise.$anonfun$transform$1(Promise.scala:33)
[2024-01-31T08:00:16.185+0000] {spark_submit.py:571} INFO - at scala.concurrent.impl.CallbackRunnable.run(Promise.scala:64)
[2024-01-31T08:00:16.185+0000] {spark_submit.py:571} INFO - at java.base/java.util.concurrent.ForkJoinTask$RunnableExecuteAction.exec(ForkJoinTask.java:1395)
[2024-01-31T08:00:16.185+0000] {spark_submit.py:571} INFO - at java.base/java.util.concurrent.ForkJoinTask.doExec(ForkJoinTask.java:373)
[2024-01-31T08:00:16.185+0000] {spark_submit.py:571} INFO - at java.base/java.util.concurrent.ForkJoinPool$WorkQueue.topLevelExec(ForkJoinPool.java:1182)
[2024-01-31T08:00:16.186+0000] {spark_submit.py:571} INFO - at java.base/java.util.concurrent.ForkJoinPool.scan(ForkJoinPool.java:1655)
[2024-01-31T08:00:16.186+0000] {spark_submit.py:571} INFO - at java.base/java.util.concurrent.ForkJoinPool.runWorker(ForkJoinPool.java:1622)
[2024-01-31T08:00:16.186+0000] {spark_submit.py:571} INFO - at java.base/java.util.concurrent.ForkJoinWorkerThread.run(ForkJoinWorkerThread.java:165)
[2024-01-31T08:00:16.186+0000] {spark_submit.py:571} INFO - Caused by: java.net.ConnectException: Connection refused
[2024-01-31T08:00:16.186+0000] {spark_submit.py:571} INFO - at java.base/sun.nio.ch.Net.pollConnect(Native Method)
[2024-01-31T08:00:16.187+0000] {spark_submit.py:571} INFO - at java.base/sun.nio.ch.Net.pollConnectNow(Net.java:672)
[2024-01-31T08:00:16.187+0000] {spark_submit.py:571} INFO - at java.base/sun.nio.ch.SocketChannelImpl.finishConnect(SocketChannelImpl.java:946)
[2024-01-31T08:00:16.187+0000] {spark_submit.py:571} INFO - at org.apache.hadoop.net.SocketIOWithTimeout.connect(SocketIOWithTimeout.java:205)
[2024-01-31T08:00:16.187+0000] {spark_submit.py:571} INFO - at org.apache.hadoop.net.NetUtils.connect(NetUtils.java:586)
[2024-01-31T08:00:16.187+0000] {spark_submit.py:571} INFO - at org.apache.hadoop.ipc.Client$Connection.setupConnection(Client.java:711)
[2024-01-31T08:00:16.188+0000] {spark_submit.py:571} INFO - at org.apache.hadoop.ipc.Client$Connection.setupIOstreams(Client.java:833)
[2024-01-31T08:00:16.188+0000] {spark_submit.py:571} INFO - at org.apache.hadoop.ipc.Client$Connection.access$3800(Client.java:414)
[2024-01-31T08:00:16.188+0000] {spark_submit.py:571} INFO - at org.apache.hadoop.ipc.Client.getConnection(Client.java:1677)
[2024-01-31T08:00:16.188+0000] {spark_submit.py:571} INFO - at org.apache.hadoop.ipc.Client.call(Client.java:1502)
[2024-01-31T08:00:16.188+0000] {spark_submit.py:571} INFO - ... 43 more
[2024-01-31T08:00:16.196+0000] {spark_submit.py:571} INFO - 24/01/31 08:00:16 INFO SparkContext: Invoking stop() from shutdown hook
[2024-01-31T08:00:16.197+0000] {spark_submit.py:571} INFO - 24/01/31 08:00:16 INFO SparkContext: SparkContext is stopping with exitCode 0.
[2024-01-31T08:00:16.209+0000] {spark_submit.py:571} INFO - 24/01/31 08:00:16 INFO SparkUI: Stopped Spark web UI at http://instance-1.europe-west9-a.c.data-lake-project-409321.internal:4040
[2024-01-31T08:00:16.234+0000] {spark_submit.py:571} INFO - 24/01/31 08:00:16 INFO MapOutputTrackerMasterEndpoint: MapOutputTrackerMasterEndpoint stopped!
[2024-01-31T08:00:16.265+0000] {spark_submit.py:571} INFO - 24/01/31 08:00:16 INFO MemoryStore: MemoryStore cleared
[2024-01-31T08:00:16.266+0000] {spark_submit.py:571} INFO - 24/01/31 08:00:16 INFO BlockManager: BlockManager stopped
[2024-01-31T08:00:16.274+0000] {spark_submit.py:571} INFO - 24/01/31 08:00:16 INFO BlockManagerMaster: BlockManagerMaster stopped
[2024-01-31T08:00:16.278+0000] {spark_submit.py:571} INFO - 24/01/31 08:00:16 INFO OutputCommitCoordinator$OutputCommitCoordinatorEndpoint: OutputCommitCoordinator stopped!
[2024-01-31T08:00:16.287+0000] {spark_submit.py:571} INFO - 24/01/31 08:00:16 INFO SparkContext: Successfully stopped SparkContext
[2024-01-31T08:00:16.288+0000] {spark_submit.py:571} INFO - 24/01/31 08:00:16 INFO ShutdownHookManager: Shutdown hook called
[2024-01-31T08:00:16.289+0000] {spark_submit.py:571} INFO - 24/01/31 08:00:16 INFO ShutdownHookManager: Deleting directory /tmp/spark-1ac8652d-60ed-4969-a77d-5cc001a5ac9e
[2024-01-31T08:00:16.294+0000] {spark_submit.py:571} INFO - 24/01/31 08:00:16 INFO ShutdownHookManager: Deleting directory /tmp/spark-7abd1fd2-dfd5-4fe4-8cbc-0f2e0543ae74
[2024-01-31T08:00:16.362+0000] {taskinstance.py:2698} ERROR - Task failed with exception
Traceback (most recent call last):
  File "/home/juniortemgoua0/DataLake/venv/lib/python3.8/site-packages/airflow/models/taskinstance.py", line 433, in _execute_task
    result = execute_callable(context=context, **execute_callable_kwargs)
  File "/home/juniortemgoua0/DataLake/venv/lib/python3.8/site-packages/airflow/providers/apache/spark/operators/spark_submit.py", line 174, in execute
    self._hook.submit(self._application)
  File "/home/juniortemgoua0/DataLake/venv/lib/python3.8/site-packages/airflow/providers/apache/spark/hooks/spark_submit.py", line 502, in submit
    raise AirflowException(
airflow.exceptions.AirflowException: Cannot execute: spark-submit --master local[*] --conf spark.airflow.execution_date=2024-01-31 --name arrow-spark --class RawToFormatted --queue root.default --deploy-mode client /home/juniortemgoua0/DataLake/jobs/processes/scala/spark_process/target/scala-2.12/spark_job_2.12-0.1.0.jar hdfs://34.155.106.39:9000/datalake local-spark. Error code is: 1.
[2024-01-31T08:00:16.366+0000] {taskinstance.py:1138} INFO - Marking task as UP_FOR_RETRY. dag_id=manage_data_lake_dag, task_id=local_job_raw_to_formatted, execution_date=20240131T074516, start_date=20240131T080008, end_date=20240131T080016
[2024-01-31T08:00:16.380+0000] {standard_task_runner.py:107} ERROR - Failed to execute job 455 for task local_job_raw_to_formatted (Cannot execute: spark-submit --master local[*] --conf spark.airflow.execution_date=2024-01-31 --name arrow-spark --class RawToFormatted --queue root.default --deploy-mode client /home/juniortemgoua0/DataLake/jobs/processes/scala/spark_process/target/scala-2.12/spark_job_2.12-0.1.0.jar hdfs://34.155.106.39:9000/datalake local-spark. Error code is: 1.; 138717)
[2024-01-31T08:00:16.424+0000] {local_task_job_runner.py:234} INFO - Task exited with return code 1
[2024-01-31T08:00:16.455+0000] {taskinstance.py:3280} INFO - 0 downstream tasks scheduled from follow-on schedule check
