[2024-01-11T22:26:27.443+0000] {processor.py:161} INFO - Started process (PID=216) to work on /opt/airflow/dags/data_lake_dag.py
[2024-01-11T22:26:27.462+0000] {processor.py:830} INFO - Processing file /opt/airflow/dags/data_lake_dag.py for tasks to queue
[2024-01-11T22:26:27.480+0000] {logging_mixin.py:188} INFO - [2024-01-11T22:26:27.476+0000] {dagbag.py:538} INFO - Filling up the DagBag from /opt/airflow/dags/data_lake_dag.py
[2024-01-11T22:26:27.723+0000] {processor.py:840} INFO - DAG(s) 'manage_data_lake_dag' retrieved from /opt/airflow/dags/data_lake_dag.py
[2024-01-11T22:26:28.855+0000] {logging_mixin.py:188} INFO - [2024-01-11T22:26:28.853+0000] {override.py:1769} INFO - Created Permission View: can edit on DAG:manage_data_lake_dag
[2024-01-11T22:26:28.883+0000] {logging_mixin.py:188} INFO - [2024-01-11T22:26:28.883+0000] {override.py:1769} INFO - Created Permission View: can read on DAG:manage_data_lake_dag
[2024-01-11T22:26:28.905+0000] {logging_mixin.py:188} INFO - [2024-01-11T22:26:28.904+0000] {override.py:1769} INFO - Created Permission View: can delete on DAG:manage_data_lake_dag
[2024-01-11T22:26:28.907+0000] {logging_mixin.py:188} INFO - [2024-01-11T22:26:28.907+0000] {dag.py:3033} INFO - Sync 1 DAGs
[2024-01-11T22:26:28.942+0000] {logging_mixin.py:188} INFO - [2024-01-11T22:26:28.942+0000] {dag.py:3055} INFO - Creating ORM DAG for manage_data_lake_dag
[2024-01-11T22:26:28.972+0000] {logging_mixin.py:188} INFO - [2024-01-11T22:26:28.972+0000] {dag.py:3820} INFO - Setting next_dagrun for manage_data_lake_dag to 2024-01-01T00:00:00+00:00, run_after=2024-01-02T00:00:00+00:00
[2024-01-11T22:26:29.063+0000] {processor.py:183} INFO - Processing /opt/airflow/dags/data_lake_dag.py took 1.758 seconds
[2024-01-11T22:27:00.555+0000] {processor.py:161} INFO - Started process (PID=227) to work on /opt/airflow/dags/data_lake_dag.py
[2024-01-11T22:27:00.597+0000] {processor.py:830} INFO - Processing file /opt/airflow/dags/data_lake_dag.py for tasks to queue
[2024-01-11T22:27:00.607+0000] {logging_mixin.py:188} INFO - [2024-01-11T22:27:00.601+0000] {dagbag.py:538} INFO - Filling up the DagBag from /opt/airflow/dags/data_lake_dag.py
[2024-01-11T22:27:01.000+0000] {processor.py:840} INFO - DAG(s) 'manage_data_lake_dag' retrieved from /opt/airflow/dags/data_lake_dag.py
[2024-01-11T22:27:01.199+0000] {logging_mixin.py:188} INFO - [2024-01-11T22:27:01.198+0000] {dag.py:3033} INFO - Sync 1 DAGs
[2024-01-11T22:27:01.388+0000] {logging_mixin.py:188} INFO - [2024-01-11T22:27:01.387+0000] {dag.py:3820} INFO - Setting next_dagrun for manage_data_lake_dag to 2024-01-01T00:00:00+00:00, run_after=2024-01-02T00:00:00+00:00
[2024-01-11T22:27:01.485+0000] {processor.py:183} INFO - Processing /opt/airflow/dags/data_lake_dag.py took 1.111 seconds
[2024-01-11T22:27:34.818+0000] {processor.py:161} INFO - Started process (PID=238) to work on /opt/airflow/dags/data_lake_dag.py
[2024-01-11T22:27:34.853+0000] {processor.py:830} INFO - Processing file /opt/airflow/dags/data_lake_dag.py for tasks to queue
[2024-01-11T22:27:34.862+0000] {logging_mixin.py:188} INFO - [2024-01-11T22:27:34.860+0000] {dagbag.py:538} INFO - Filling up the DagBag from /opt/airflow/dags/data_lake_dag.py
[2024-01-11T22:27:35.121+0000] {processor.py:840} INFO - DAG(s) 'manage_data_lake_dag' retrieved from /opt/airflow/dags/data_lake_dag.py
[2024-01-11T22:27:36.379+0000] {logging_mixin.py:188} INFO - [2024-01-11T22:27:36.378+0000] {dag.py:3033} INFO - Sync 1 DAGs
[2024-01-11T22:27:37.460+0000] {logging_mixin.py:188} INFO - [2024-01-11T22:27:37.457+0000] {dag.py:3820} INFO - Setting next_dagrun for manage_data_lake_dag to 2024-01-01T00:00:00+00:00, run_after=2024-01-02T00:00:00+00:00
[2024-01-11T22:27:41.907+0000] {processor.py:183} INFO - Processing /opt/airflow/dags/data_lake_dag.py took 7.144 seconds
[2024-01-11T22:28:12.972+0000] {processor.py:161} INFO - Started process (PID=248) to work on /opt/airflow/dags/data_lake_dag.py
[2024-01-11T22:28:13.021+0000] {processor.py:830} INFO - Processing file /opt/airflow/dags/data_lake_dag.py for tasks to queue
[2024-01-11T22:28:13.026+0000] {logging_mixin.py:188} INFO - [2024-01-11T22:28:13.025+0000] {dagbag.py:538} INFO - Filling up the DagBag from /opt/airflow/dags/data_lake_dag.py
[2024-01-11T22:28:13.126+0000] {processor.py:840} INFO - DAG(s) 'manage_data_lake_dag' retrieved from /opt/airflow/dags/data_lake_dag.py
[2024-01-11T22:28:13.286+0000] {logging_mixin.py:188} INFO - [2024-01-11T22:28:13.285+0000] {dag.py:3033} INFO - Sync 1 DAGs
[2024-01-11T22:28:13.396+0000] {logging_mixin.py:188} INFO - [2024-01-11T22:28:13.396+0000] {dag.py:3820} INFO - Setting next_dagrun for manage_data_lake_dag to 2024-01-01T00:00:00+00:00, run_after=2024-01-02T00:00:00+00:00
[2024-01-11T22:28:14.512+0000] {processor.py:183} INFO - Processing /opt/airflow/dags/data_lake_dag.py took 1.628 seconds
[2024-01-11T22:28:47.479+0000] {processor.py:161} INFO - Started process (PID=260) to work on /opt/airflow/dags/data_lake_dag.py
[2024-01-11T22:28:47.511+0000] {processor.py:830} INFO - Processing file /opt/airflow/dags/data_lake_dag.py for tasks to queue
[2024-01-11T22:28:47.581+0000] {logging_mixin.py:188} INFO - [2024-01-11T22:28:47.514+0000] {dagbag.py:538} INFO - Filling up the DagBag from /opt/airflow/dags/data_lake_dag.py
[2024-01-11T22:28:48.560+0000] {processor.py:840} INFO - DAG(s) 'manage_data_lake_dag' retrieved from /opt/airflow/dags/data_lake_dag.py
[2024-01-11T22:28:49.077+0000] {logging_mixin.py:188} INFO - [2024-01-11T22:28:49.076+0000] {dag.py:3033} INFO - Sync 1 DAGs
[2024-01-11T22:28:49.975+0000] {logging_mixin.py:188} INFO - [2024-01-11T22:28:49.975+0000] {dag.py:3820} INFO - Setting next_dagrun for manage_data_lake_dag to 2024-01-01T00:00:00+00:00, run_after=2024-01-02T00:00:00+00:00
[2024-01-11T22:28:50.259+0000] {processor.py:183} INFO - Processing /opt/airflow/dags/data_lake_dag.py took 3.201 seconds
[2024-01-11T22:29:20.914+0000] {processor.py:161} INFO - Started process (PID=271) to work on /opt/airflow/dags/data_lake_dag.py
[2024-01-11T22:29:20.925+0000] {processor.py:830} INFO - Processing file /opt/airflow/dags/data_lake_dag.py for tasks to queue
[2024-01-11T22:29:20.929+0000] {logging_mixin.py:188} INFO - [2024-01-11T22:29:20.928+0000] {dagbag.py:538} INFO - Filling up the DagBag from /opt/airflow/dags/data_lake_dag.py
[2024-01-11T22:29:21.017+0000] {processor.py:840} INFO - DAG(s) 'manage_data_lake_dag' retrieved from /opt/airflow/dags/data_lake_dag.py
[2024-01-11T22:29:21.189+0000] {logging_mixin.py:188} INFO - [2024-01-11T22:29:21.189+0000] {dag.py:3033} INFO - Sync 1 DAGs
[2024-01-11T22:29:21.463+0000] {logging_mixin.py:188} INFO - [2024-01-11T22:29:21.463+0000] {dag.py:3820} INFO - Setting next_dagrun for manage_data_lake_dag to 2024-01-01T00:00:00+00:00, run_after=2024-01-02T00:00:00+00:00
[2024-01-11T22:29:24.013+0000] {processor.py:183} INFO - Processing /opt/airflow/dags/data_lake_dag.py took 3.150 seconds
[2024-01-11T22:29:56.551+0000] {processor.py:161} INFO - Started process (PID=288) to work on /opt/airflow/dags/data_lake_dag.py
[2024-01-11T22:29:56.655+0000] {processor.py:830} INFO - Processing file /opt/airflow/dags/data_lake_dag.py for tasks to queue
[2024-01-11T22:29:56.680+0000] {logging_mixin.py:188} INFO - [2024-01-11T22:29:56.677+0000] {dagbag.py:538} INFO - Filling up the DagBag from /opt/airflow/dags/data_lake_dag.py
[2024-01-11T22:29:57.793+0000] {processor.py:840} INFO - DAG(s) 'manage_data_lake_dag' retrieved from /opt/airflow/dags/data_lake_dag.py
[2024-01-11T22:29:58.243+0000] {logging_mixin.py:188} INFO - [2024-01-11T22:29:58.242+0000] {dag.py:3033} INFO - Sync 1 DAGs
[2024-01-11T22:30:14.983+0000] {logging_mixin.py:188} INFO - [2024-01-11T22:30:14.980+0000] {dag.py:3820} INFO - Setting next_dagrun for manage_data_lake_dag to 2024-01-01T00:00:00+00:00, run_after=2024-01-02T00:00:00+00:00
[2024-01-11T22:30:15.119+0000] {processor.py:183} INFO - Processing /opt/airflow/dags/data_lake_dag.py took 19.158 seconds
[2024-01-11T22:30:46.007+0000] {processor.py:161} INFO - Started process (PID=299) to work on /opt/airflow/dags/data_lake_dag.py
[2024-01-11T22:30:46.014+0000] {processor.py:830} INFO - Processing file /opt/airflow/dags/data_lake_dag.py for tasks to queue
[2024-01-11T22:30:46.042+0000] {logging_mixin.py:188} INFO - [2024-01-11T22:30:46.035+0000] {dagbag.py:538} INFO - Filling up the DagBag from /opt/airflow/dags/data_lake_dag.py
[2024-01-11T22:30:46.304+0000] {processor.py:840} INFO - DAG(s) 'manage_data_lake_dag' retrieved from /opt/airflow/dags/data_lake_dag.py
[2024-01-11T22:30:46.652+0000] {logging_mixin.py:188} INFO - [2024-01-11T22:30:46.651+0000] {dag.py:3033} INFO - Sync 1 DAGs
[2024-01-11T22:30:47.406+0000] {logging_mixin.py:188} INFO - [2024-01-11T22:30:47.404+0000] {dag.py:3820} INFO - Setting next_dagrun for manage_data_lake_dag to 2024-01-01T00:00:00+00:00, run_after=2024-01-02T00:00:00+00:00
[2024-01-11T22:30:47.534+0000] {processor.py:183} INFO - Processing /opt/airflow/dags/data_lake_dag.py took 1.557 seconds
[2024-01-11T22:31:20.243+0000] {processor.py:161} INFO - Started process (PID=310) to work on /opt/airflow/dags/data_lake_dag.py
[2024-01-11T22:31:20.326+0000] {processor.py:830} INFO - Processing file /opt/airflow/dags/data_lake_dag.py for tasks to queue
[2024-01-11T22:31:20.362+0000] {logging_mixin.py:188} INFO - [2024-01-11T22:31:20.353+0000] {dagbag.py:538} INFO - Filling up the DagBag from /opt/airflow/dags/data_lake_dag.py
[2024-01-11T22:31:21.353+0000] {processor.py:840} INFO - DAG(s) 'manage_data_lake_dag' retrieved from /opt/airflow/dags/data_lake_dag.py
[2024-01-11T22:31:23.820+0000] {logging_mixin.py:188} INFO - [2024-01-11T22:31:23.819+0000] {dag.py:3033} INFO - Sync 1 DAGs
[2024-01-11T22:31:25.504+0000] {logging_mixin.py:188} INFO - [2024-01-11T22:31:25.503+0000] {dag.py:3820} INFO - Setting next_dagrun for manage_data_lake_dag to 2024-01-01T00:00:00+00:00, run_after=2024-01-02T00:00:00+00:00
[2024-01-11T22:31:28.020+0000] {processor.py:183} INFO - Processing /opt/airflow/dags/data_lake_dag.py took 8.047 seconds
[2024-01-11T22:31:59.795+0000] {processor.py:161} INFO - Started process (PID=321) to work on /opt/airflow/dags/data_lake_dag.py
[2024-01-11T22:31:59.825+0000] {processor.py:830} INFO - Processing file /opt/airflow/dags/data_lake_dag.py for tasks to queue
[2024-01-11T22:31:59.880+0000] {logging_mixin.py:188} INFO - [2024-01-11T22:31:59.838+0000] {dagbag.py:538} INFO - Filling up the DagBag from /opt/airflow/dags/data_lake_dag.py
[2024-01-11T22:32:00.633+0000] {processor.py:840} INFO - DAG(s) 'manage_data_lake_dag' retrieved from /opt/airflow/dags/data_lake_dag.py
[2024-01-11T22:32:01.517+0000] {logging_mixin.py:188} INFO - [2024-01-11T22:32:01.517+0000] {dag.py:3033} INFO - Sync 1 DAGs
[2024-01-11T22:32:02.944+0000] {logging_mixin.py:188} INFO - [2024-01-11T22:32:02.927+0000] {dag.py:3820} INFO - Setting next_dagrun for manage_data_lake_dag to 2024-01-01T00:00:00+00:00, run_after=2024-01-02T00:00:00+00:00
[2024-01-11T22:32:03.974+0000] {processor.py:183} INFO - Processing /opt/airflow/dags/data_lake_dag.py took 4.309 seconds
[2024-01-11T22:32:37.226+0000] {processor.py:161} INFO - Started process (PID=338) to work on /opt/airflow/dags/data_lake_dag.py
[2024-01-11T22:32:37.232+0000] {processor.py:830} INFO - Processing file /opt/airflow/dags/data_lake_dag.py for tasks to queue
[2024-01-11T22:32:37.275+0000] {logging_mixin.py:188} INFO - [2024-01-11T22:32:37.260+0000] {dagbag.py:538} INFO - Filling up the DagBag from /opt/airflow/dags/data_lake_dag.py
[2024-01-11T22:32:38.260+0000] {processor.py:840} INFO - DAG(s) 'manage_data_lake_dag' retrieved from /opt/airflow/dags/data_lake_dag.py
[2024-01-11T22:32:40.647+0000] {logging_mixin.py:188} INFO - [2024-01-11T22:32:40.646+0000] {dag.py:3033} INFO - Sync 1 DAGs
[2024-01-11T22:32:43.013+0000] {logging_mixin.py:188} INFO - [2024-01-11T22:32:42.997+0000] {dag.py:3820} INFO - Setting next_dagrun for manage_data_lake_dag to 2024-01-01T00:00:00+00:00, run_after=2024-01-02T00:00:00+00:00
[2024-01-11T22:32:44.559+0000] {processor.py:183} INFO - Processing /opt/airflow/dags/data_lake_dag.py took 7.614 seconds
[2024-01-11T22:33:18.492+0000] {processor.py:161} INFO - Started process (PID=349) to work on /opt/airflow/dags/data_lake_dag.py
[2024-01-11T22:33:18.887+0000] {processor.py:830} INFO - Processing file /opt/airflow/dags/data_lake_dag.py for tasks to queue
[2024-01-11T22:33:19.214+0000] {logging_mixin.py:188} INFO - [2024-01-11T22:33:19.062+0000] {dagbag.py:538} INFO - Filling up the DagBag from /opt/airflow/dags/data_lake_dag.py
[2024-01-11T22:33:25.833+0000] {processor.py:840} INFO - DAG(s) 'manage_data_lake_dag' retrieved from /opt/airflow/dags/data_lake_dag.py
[2024-01-11T22:33:28.230+0000] {logging_mixin.py:188} INFO - [2024-01-11T22:33:28.017+0000] {dag.py:3033} INFO - Sync 1 DAGs
[2024-01-11T22:33:32.830+0000] {logging_mixin.py:188} INFO - [2024-01-11T22:33:32.821+0000] {dag.py:3820} INFO - Setting next_dagrun for manage_data_lake_dag to 2024-01-01T00:00:00+00:00, run_after=2024-01-02T00:00:00+00:00
[2024-01-11T22:33:35.697+0000] {processor.py:183} INFO - Processing /opt/airflow/dags/data_lake_dag.py took 17.879 seconds
[2024-01-11T22:34:09.557+0000] {processor.py:161} INFO - Started process (PID=360) to work on /opt/airflow/dags/data_lake_dag.py
[2024-01-11T22:34:09.867+0000] {processor.py:830} INFO - Processing file /opt/airflow/dags/data_lake_dag.py for tasks to queue
[2024-01-11T22:34:10.189+0000] {logging_mixin.py:188} INFO - [2024-01-11T22:34:10.139+0000] {dagbag.py:538} INFO - Filling up the DagBag from /opt/airflow/dags/data_lake_dag.py
[2024-01-11T22:34:12.333+0000] {processor.py:840} INFO - DAG(s) 'manage_data_lake_dag' retrieved from /opt/airflow/dags/data_lake_dag.py
[2024-01-11T22:34:17.966+0000] {logging_mixin.py:188} INFO - [2024-01-11T22:34:17.964+0000] {dag.py:3033} INFO - Sync 1 DAGs
[2024-01-11T22:34:23.093+0000] {logging_mixin.py:188} INFO - [2024-01-11T22:34:23.092+0000] {dag.py:3820} INFO - Setting next_dagrun for manage_data_lake_dag to 2024-01-04T00:00:00+00:00, run_after=2024-01-05T00:00:00+00:00
[2024-01-11T22:34:24.811+0000] {processor.py:183} INFO - Processing /opt/airflow/dags/data_lake_dag.py took 15.591 seconds
[2024-01-11T22:34:59.255+0000] {processor.py:161} INFO - Started process (PID=384) to work on /opt/airflow/dags/data_lake_dag.py
[2024-01-11T22:34:59.361+0000] {processor.py:830} INFO - Processing file /opt/airflow/dags/data_lake_dag.py for tasks to queue
[2024-01-11T22:34:59.409+0000] {logging_mixin.py:188} INFO - [2024-01-11T22:34:59.408+0000] {dagbag.py:538} INFO - Filling up the DagBag from /opt/airflow/dags/data_lake_dag.py
[2024-01-11T22:35:00.555+0000] {processor.py:840} INFO - DAG(s) 'manage_data_lake_dag' retrieved from /opt/airflow/dags/data_lake_dag.py
[2024-01-11T22:35:06.046+0000] {logging_mixin.py:188} INFO - [2024-01-11T22:35:06.046+0000] {dag.py:3033} INFO - Sync 1 DAGs
[2024-01-11T22:35:17.827+0000] {logging_mixin.py:188} INFO - [2024-01-11T22:35:17.824+0000] {dag.py:3820} INFO - Setting next_dagrun for manage_data_lake_dag to 2024-01-09T00:00:00+00:00, run_after=2024-01-10T00:00:00+00:00
[2024-01-11T22:35:29.813+0000] {processor.py:183} INFO - Processing /opt/airflow/dags/data_lake_dag.py took 31.521 seconds
[2024-01-11T22:36:18.056+0000] {processor.py:161} INFO - Started process (PID=402) to work on /opt/airflow/dags/data_lake_dag.py
[2024-01-11T22:36:18.234+0000] {processor.py:830} INFO - Processing file /opt/airflow/dags/data_lake_dag.py for tasks to queue
[2024-01-11T22:36:18.350+0000] {logging_mixin.py:188} INFO - [2024-01-11T22:36:18.243+0000] {dagbag.py:538} INFO - Filling up the DagBag from /opt/airflow/dags/data_lake_dag.py
[2024-01-11T22:36:26.087+0000] {processor.py:840} INFO - DAG(s) 'manage_data_lake_dag' retrieved from /opt/airflow/dags/data_lake_dag.py
[2024-01-11T22:36:40.679+0000] {logging_mixin.py:188} INFO - [2024-01-11T22:36:40.677+0000] {dag.py:3033} INFO - Sync 1 DAGs
[2024-01-11T22:37:53.785+0000] {processor.py:161} INFO - Started process (PID=430) to work on /opt/airflow/dags/data_lake_dag.py
[2024-01-11T22:37:54.049+0000] {processor.py:830} INFO - Processing file /opt/airflow/dags/data_lake_dag.py for tasks to queue
[2024-01-11T22:37:54.151+0000] {logging_mixin.py:188} INFO - [2024-01-11T22:37:54.107+0000] {dagbag.py:538} INFO - Filling up the DagBag from /opt/airflow/dags/data_lake_dag.py
[2024-01-11T22:39:27.340+0000] {processor.py:161} INFO - Started process (PID=438) to work on /opt/airflow/dags/data_lake_dag.py
[2024-01-11T22:39:27.936+0000] {processor.py:830} INFO - Processing file /opt/airflow/dags/data_lake_dag.py for tasks to queue
[2024-01-11T22:39:31.988+0000] {logging_mixin.py:188} INFO - [2024-01-11T22:39:29.916+0000] {dagbag.py:538} INFO - Filling up the DagBag from /opt/airflow/dags/data_lake_dag.py
[2024-01-11T22:39:48.577+0000] {processor.py:840} INFO - DAG(s) 'manage_data_lake_dag' retrieved from /opt/airflow/dags/data_lake_dag.py
[2024-01-11T22:40:33.072+0000] {processor.py:161} INFO - Started process (PID=467) to work on /opt/airflow/dags/data_lake_dag.py
[2024-01-11T22:40:33.243+0000] {processor.py:830} INFO - Processing file /opt/airflow/dags/data_lake_dag.py for tasks to queue
[2024-01-11T22:40:33.361+0000] {logging_mixin.py:188} INFO - [2024-01-11T22:40:33.359+0000] {dagbag.py:538} INFO - Filling up the DagBag from /opt/airflow/dags/data_lake_dag.py
[2024-01-11T22:40:35.609+0000] {processor.py:840} INFO - DAG(s) 'manage_data_lake_dag' retrieved from /opt/airflow/dags/data_lake_dag.py
