[2024-01-29T15:11:24.903+0000] {taskinstance.py:1956} INFO - Dependencies all met for dep_context=non-requeueable deps ti=<TaskInstance: manage_data_lake_dag.job_formatted_to_usage scheduled__2024-01-04T00:00:00+00:00 [queued]>
[2024-01-29T15:11:24.909+0000] {taskinstance.py:1956} INFO - Dependencies all met for dep_context=requeueable deps ti=<TaskInstance: manage_data_lake_dag.job_formatted_to_usage scheduled__2024-01-04T00:00:00+00:00 [queued]>
[2024-01-29T15:11:24.909+0000] {taskinstance.py:2170} INFO - Starting attempt 3 of 6
[2024-01-29T15:11:24.921+0000] {taskinstance.py:2191} INFO - Executing <Task(SparkSubmitOperator): job_formatted_to_usage> on 2024-01-04 00:00:00+00:00
[2024-01-29T15:11:24.925+0000] {standard_task_runner.py:60} INFO - Started process 49492 to run task
[2024-01-29T15:11:24.930+0000] {standard_task_runner.py:87} INFO - Running: ['airflow', 'tasks', 'run', 'manage_data_lake_dag', 'job_formatted_to_usage', 'scheduled__2024-01-04T00:00:00+00:00', '--job-id', '157', '--raw', '--subdir', 'DAGS_FOLDER/data_lake_dag.py', '--cfg-path', '/tmp/tmp_6ejf_vu']
[2024-01-29T15:11:24.933+0000] {standard_task_runner.py:88} INFO - Job 157: Subtask job_formatted_to_usage
[2024-01-29T15:11:24.970+0000] {task_command.py:423} INFO - Running <TaskInstance: manage_data_lake_dag.job_formatted_to_usage scheduled__2024-01-04T00:00:00+00:00 [running]> on host instance-1.europe-west9-a.c.data-lake-project-409321.internal
[2024-01-29T15:11:25.015+0000] {taskinstance.py:2480} INFO - Exporting env vars: AIRFLOW_CTX_DAG_OWNER='juniortemgoua0' AIRFLOW_CTX_DAG_ID='manage_data_lake_dag' AIRFLOW_CTX_TASK_ID='job_formatted_to_usage' AIRFLOW_CTX_EXECUTION_DATE='2024-01-04T00:00:00+00:00' AIRFLOW_CTX_TRY_NUMBER='3' AIRFLOW_CTX_DAG_RUN_ID='scheduled__2024-01-04T00:00:00+00:00'
[2024-01-29T15:11:25.021+0000] {base.py:83} INFO - Using connection ID 'spark_default' for task execution.
[2024-01-29T15:11:25.022+0000] {spark_submit.py:401} INFO - Spark-Submit cmd: spark-submit --master local[*] --name arrow-spark --class FormattedToUsage --queue root.default --deploy-mode client /home/juniortemgoua0/DataLake/jobs/processes/scala/spark_process/target/scala-2.12/spark_job_2.12-0.1.0.jar gs://data-lake-buck
[2024-01-29T15:11:27.381+0000] {spark_submit.py:571} INFO - 24/01/29 15:11:27 INFO SparkContext: Running Spark version 3.5.0
[2024-01-29T15:11:27.385+0000] {spark_submit.py:571} INFO - 24/01/29 15:11:27 INFO SparkContext: OS info Linux, 5.15.0-1049-gcp, amd64
[2024-01-29T15:11:27.386+0000] {spark_submit.py:571} INFO - 24/01/29 15:11:27 INFO SparkContext: Java version 17.0.9
[2024-01-29T15:11:27.510+0000] {spark_submit.py:571} INFO - 24/01/29 15:11:27 WARN NativeCodeLoader: Unable to load native-hadoop library for your platform... using builtin-java classes where applicable
[2024-01-29T15:11:27.639+0000] {spark_submit.py:571} INFO - 24/01/29 15:11:27 INFO ResourceUtils: ==============================================================
[2024-01-29T15:11:27.639+0000] {spark_submit.py:571} INFO - 24/01/29 15:11:27 INFO ResourceUtils: No custom resources configured for spark.driver.
[2024-01-29T15:11:27.640+0000] {spark_submit.py:571} INFO - 24/01/29 15:11:27 INFO ResourceUtils: ==============================================================
[2024-01-29T15:11:27.641+0000] {spark_submit.py:571} INFO - 24/01/29 15:11:27 INFO SparkContext: Submitted application: RawToFormatted
[2024-01-29T15:11:27.690+0000] {spark_submit.py:571} INFO - 24/01/29 15:11:27 INFO ResourceProfile: Default ResourceProfile created, executor resources: Map(cores -> name: cores, amount: 1, script: , vendor: , memory -> name: memory, amount: 1024, script: , vendor: , offHeap -> name: offHeap, amount: 0, script: , vendor: ), task resources: Map(cpus -> name: cpus, amount: 1.0)
[2024-01-29T15:11:27.704+0000] {spark_submit.py:571} INFO - 24/01/29 15:11:27 INFO ResourceProfile: Limiting resource is cpu
[2024-01-29T15:11:27.705+0000] {spark_submit.py:571} INFO - 24/01/29 15:11:27 INFO ResourceProfileManager: Added ResourceProfile id: 0
[2024-01-29T15:11:27.804+0000] {spark_submit.py:571} INFO - 24/01/29 15:11:27 INFO SecurityManager: Changing view acls to: juniortemgoua0
[2024-01-29T15:11:27.805+0000] {spark_submit.py:571} INFO - 24/01/29 15:11:27 INFO SecurityManager: Changing modify acls to: juniortemgoua0
[2024-01-29T15:11:27.807+0000] {spark_submit.py:571} INFO - 24/01/29 15:11:27 INFO SecurityManager: Changing view acls groups to:
[2024-01-29T15:11:27.808+0000] {spark_submit.py:571} INFO - 24/01/29 15:11:27 INFO SecurityManager: Changing modify acls groups to:
[2024-01-29T15:11:27.809+0000] {spark_submit.py:571} INFO - 24/01/29 15:11:27 INFO SecurityManager: SecurityManager: authentication disabled; ui acls disabled; users with view permissions: juniortemgoua0; groups with view permissions: EMPTY; users with modify permissions: juniortemgoua0; groups with modify permissions: EMPTY
[2024-01-29T15:11:28.188+0000] {spark_submit.py:571} INFO - 24/01/29 15:11:28 INFO Utils: Successfully started service 'sparkDriver' on port 32993.
[2024-01-29T15:11:28.232+0000] {spark_submit.py:571} INFO - 24/01/29 15:11:28 INFO SparkEnv: Registering MapOutputTracker
[2024-01-29T15:11:28.286+0000] {spark_submit.py:571} INFO - 24/01/29 15:11:28 INFO SparkEnv: Registering BlockManagerMaster
[2024-01-29T15:11:28.316+0000] {spark_submit.py:571} INFO - 24/01/29 15:11:28 INFO BlockManagerMasterEndpoint: Using org.apache.spark.storage.DefaultTopologyMapper for getting topology information
[2024-01-29T15:11:28.317+0000] {spark_submit.py:571} INFO - 24/01/29 15:11:28 INFO BlockManagerMasterEndpoint: BlockManagerMasterEndpoint up
[2024-01-29T15:11:28.327+0000] {spark_submit.py:571} INFO - 24/01/29 15:11:28 INFO SparkEnv: Registering BlockManagerMasterHeartbeat
[2024-01-29T15:11:28.350+0000] {spark_submit.py:571} INFO - 24/01/29 15:11:28 INFO DiskBlockManager: Created local directory at /tmp/blockmgr-216fc322-4697-42c3-a985-a8dff2287f95
[2024-01-29T15:11:28.377+0000] {spark_submit.py:571} INFO - 24/01/29 15:11:28 INFO MemoryStore: MemoryStore started with capacity 434.4 MiB
[2024-01-29T15:11:28.402+0000] {spark_submit.py:571} INFO - 24/01/29 15:11:28 INFO SparkEnv: Registering OutputCommitCoordinator
[2024-01-29T15:11:28.593+0000] {spark_submit.py:571} INFO - 24/01/29 15:11:28 INFO JettyUtils: Start Jetty 0.0.0.0:4040 for SparkUI
[2024-01-29T15:11:28.687+0000] {spark_submit.py:571} INFO - 24/01/29 15:11:28 INFO Utils: Successfully started service 'SparkUI' on port 4040.
[2024-01-29T15:11:28.756+0000] {spark_submit.py:571} INFO - 24/01/29 15:11:28 INFO SparkContext: Added JAR file:/home/juniortemgoua0/DataLake/jobs/processes/scala/spark_process/target/scala-2.12/spark_job_2.12-0.1.0.jar at spark://instance-1.europe-west9-a.c.data-lake-project-409321.internal:32993/jars/spark_job_2.12-0.1.0.jar with timestamp 1706541087367
[2024-01-29T15:11:28.863+0000] {spark_submit.py:571} INFO - 24/01/29 15:11:28 INFO Executor: Starting executor ID driver on host instance-1.europe-west9-a.c.data-lake-project-409321.internal
[2024-01-29T15:11:28.864+0000] {spark_submit.py:571} INFO - 24/01/29 15:11:28 INFO Executor: OS info Linux, 5.15.0-1049-gcp, amd64
[2024-01-29T15:11:28.866+0000] {spark_submit.py:571} INFO - 24/01/29 15:11:28 INFO Executor: Java version 17.0.9
[2024-01-29T15:11:28.880+0000] {spark_submit.py:571} INFO - 24/01/29 15:11:28 INFO Executor: Starting executor with user classpath (userClassPathFirst = false): ''
[2024-01-29T15:11:28.882+0000] {spark_submit.py:571} INFO - 24/01/29 15:11:28 INFO Executor: Created or updated repl class loader org.apache.spark.util.MutableURLClassLoader@44af588b for default.
[2024-01-29T15:11:28.904+0000] {spark_submit.py:571} INFO - 24/01/29 15:11:28 INFO Executor: Fetching spark://instance-1.europe-west9-a.c.data-lake-project-409321.internal:32993/jars/spark_job_2.12-0.1.0.jar with timestamp 1706541087367
[2024-01-29T15:11:29.044+0000] {spark_submit.py:571} INFO - 24/01/29 15:11:29 INFO TransportClientFactory: Successfully created connection to instance-1.europe-west9-a.c.data-lake-project-409321.internal/10.200.0.5:32993 after 42 ms (0 ms spent in bootstraps)
[2024-01-29T15:11:29.058+0000] {spark_submit.py:571} INFO - 24/01/29 15:11:29 INFO Utils: Fetching spark://instance-1.europe-west9-a.c.data-lake-project-409321.internal:32993/jars/spark_job_2.12-0.1.0.jar to /tmp/spark-e9db84ff-7f3f-41c9-8551-52d7b688c77c/userFiles-0bf5f53e-9bc4-47a5-ba6e-56ae944e4bb2/fetchFileTemp10125773969090592883.tmp
[2024-01-29T15:11:29.099+0000] {spark_submit.py:571} INFO - 24/01/29 15:11:29 INFO Executor: Adding file:/tmp/spark-e9db84ff-7f3f-41c9-8551-52d7b688c77c/userFiles-0bf5f53e-9bc4-47a5-ba6e-56ae944e4bb2/spark_job_2.12-0.1.0.jar to class loader default
[2024-01-29T15:11:29.109+0000] {spark_submit.py:571} INFO - 24/01/29 15:11:29 INFO Utils: Successfully started service 'org.apache.spark.network.netty.NettyBlockTransferService' on port 44613.
[2024-01-29T15:11:29.109+0000] {spark_submit.py:571} INFO - 24/01/29 15:11:29 INFO NettyBlockTransferService: Server created on instance-1.europe-west9-a.c.data-lake-project-409321.internal:44613
[2024-01-29T15:11:29.112+0000] {spark_submit.py:571} INFO - 24/01/29 15:11:29 INFO BlockManager: Using org.apache.spark.storage.RandomBlockReplicationPolicy for block replication policy
[2024-01-29T15:11:29.121+0000] {spark_submit.py:571} INFO - 24/01/29 15:11:29 INFO BlockManagerMaster: Registering BlockManager BlockManagerId(driver, instance-1.europe-west9-a.c.data-lake-project-409321.internal, 44613, None)
[2024-01-29T15:11:29.125+0000] {spark_submit.py:571} INFO - 24/01/29 15:11:29 INFO BlockManagerMasterEndpoint: Registering block manager instance-1.europe-west9-a.c.data-lake-project-409321.internal:44613 with 434.4 MiB RAM, BlockManagerId(driver, instance-1.europe-west9-a.c.data-lake-project-409321.internal, 44613, None)
[2024-01-29T15:11:29.127+0000] {spark_submit.py:571} INFO - 24/01/29 15:11:29 INFO BlockManagerMaster: Registered BlockManager BlockManagerId(driver, instance-1.europe-west9-a.c.data-lake-project-409321.internal, 44613, None)
[2024-01-29T15:11:29.129+0000] {spark_submit.py:571} INFO - 24/01/29 15:11:29 INFO BlockManager: Initialized BlockManager: BlockManagerId(driver, instance-1.europe-west9-a.c.data-lake-project-409321.internal, 44613, None)
[2024-01-29T15:11:30.118+0000] {spark_submit.py:571} INFO - 24/01/29 15:11:30 INFO SharedState: Setting hive.metastore.warehouse.dir ('null') to the value of spark.sql.warehouse.dir.
[2024-01-29T15:11:30.131+0000] {spark_submit.py:571} INFO - 24/01/29 15:11:30 INFO SharedState: Warehouse path is 'file:/home/juniortemgoua0/DataLake/spark-warehouse'.
[2024-01-29T15:11:31.673+0000] {spark_submit.py:571} INFO - 24/01/29 15:11:31 WARN FileSystem: Failed to initialize fileystem gs://data-lake-buck/formatted/football_data/season/2024-01-29: java.io.FileNotFoundException: /Users/juniortemgoua/Documents/projects/BigData/DataLake/utils/credentials/google_storage_secret_key_credentials.json (No such file or directory)
[2024-01-29T15:11:31.678+0000] {spark_submit.py:571} INFO - 24/01/29 15:11:31 WARN FileStreamSink: Assume no metadata directory. Error while looking for metadata directory in the path: gs://data-lake-buck/formatted/football_data/season/2024-01-29.
[2024-01-29T15:11:31.679+0000] {spark_submit.py:571} INFO - java.io.FileNotFoundException: /Users/juniortemgoua/Documents/projects/BigData/DataLake/utils/credentials/google_storage_secret_key_credentials.json (No such file or directory)
[2024-01-29T15:11:31.679+0000] {spark_submit.py:571} INFO - at java.base/java.io.FileInputStream.open0(Native Method)
[2024-01-29T15:11:31.679+0000] {spark_submit.py:571} INFO - at java.base/java.io.FileInputStream.open(FileInputStream.java:216)
[2024-01-29T15:11:31.679+0000] {spark_submit.py:571} INFO - at java.base/java.io.FileInputStream.<init>(FileInputStream.java:157)
[2024-01-29T15:11:31.679+0000] {spark_submit.py:571} INFO - at java.base/java.io.FileInputStream.<init>(FileInputStream.java:111)
[2024-01-29T15:11:31.679+0000] {spark_submit.py:571} INFO - at com.google.cloud.hadoop.repackaged.gcs.com.google.cloud.hadoop.util.CredentialFactory.getCredentialFromJsonKeyFile(CredentialFactory.java:297)
[2024-01-29T15:11:31.679+0000] {spark_submit.py:571} INFO - at com.google.cloud.hadoop.repackaged.gcs.com.google.cloud.hadoop.util.CredentialFactory.getCredential(CredentialFactory.java:414)
[2024-01-29T15:11:31.679+0000] {spark_submit.py:571} INFO - at com.google.cloud.hadoop.fs.gcs.GoogleHadoopFileSystemBase.getCredential(GoogleHadoopFileSystemBase.java:1434)
[2024-01-29T15:11:31.680+0000] {spark_submit.py:571} INFO - at com.google.cloud.hadoop.fs.gcs.GoogleHadoopFileSystemBase.createGcsFs(GoogleHadoopFileSystemBase.java:1591)
[2024-01-29T15:11:31.680+0000] {spark_submit.py:571} INFO - at com.google.cloud.hadoop.fs.gcs.GoogleHadoopFileSystemBase.configure(GoogleHadoopFileSystemBase.java:1573)
[2024-01-29T15:11:31.680+0000] {spark_submit.py:571} INFO - at com.google.cloud.hadoop.fs.gcs.GoogleHadoopFileSystemBase.initialize(GoogleHadoopFileSystemBase.java:490)
[2024-01-29T15:11:31.680+0000] {spark_submit.py:571} INFO - at org.apache.hadoop.fs.FileSystem.createFileSystem(FileSystem.java:3469)
[2024-01-29T15:11:31.680+0000] {spark_submit.py:571} INFO - at org.apache.hadoop.fs.FileSystem.access$300(FileSystem.java:174)
[2024-01-29T15:11:31.680+0000] {spark_submit.py:571} INFO - at org.apache.hadoop.fs.FileSystem$Cache.getInternal(FileSystem.java:3574)
[2024-01-29T15:11:31.680+0000] {spark_submit.py:571} INFO - at org.apache.hadoop.fs.FileSystem$Cache.get(FileSystem.java:3521)
[2024-01-29T15:11:31.680+0000] {spark_submit.py:571} INFO - at org.apache.hadoop.fs.FileSystem.get(FileSystem.java:540)
[2024-01-29T15:11:31.680+0000] {spark_submit.py:571} INFO - at org.apache.hadoop.fs.Path.getFileSystem(Path.java:365)
[2024-01-29T15:11:31.680+0000] {spark_submit.py:571} INFO - at org.apache.spark.sql.execution.streaming.FileStreamSink$.hasMetadata(FileStreamSink.scala:53)
[2024-01-29T15:11:31.681+0000] {spark_submit.py:571} INFO - at org.apache.spark.sql.execution.datasources.DataSource.resolveRelation(DataSource.scala:366)
[2024-01-29T15:11:31.681+0000] {spark_submit.py:571} INFO - at org.apache.spark.sql.DataFrameReader.loadV1Source(DataFrameReader.scala:229)
[2024-01-29T15:11:31.681+0000] {spark_submit.py:571} INFO - at org.apache.spark.sql.DataFrameReader.$anonfun$load$2(DataFrameReader.scala:211)
[2024-01-29T15:11:31.681+0000] {spark_submit.py:571} INFO - at scala.Option.getOrElse(Option.scala:189)
[2024-01-29T15:11:31.681+0000] {spark_submit.py:571} INFO - at org.apache.spark.sql.DataFrameReader.load(DataFrameReader.scala:211)
[2024-01-29T15:11:31.681+0000] {spark_submit.py:571} INFO - at org.apache.spark.sql.DataFrameReader.parquet(DataFrameReader.scala:563)
[2024-01-29T15:11:31.681+0000] {spark_submit.py:571} INFO - at org.apache.spark.sql.DataFrameReader.parquet(DataFrameReader.scala:548)
[2024-01-29T15:11:31.681+0000] {spark_submit.py:571} INFO - at FormattedToUsage$.combineCompetitions(FormattedToUsage.scala:27)
[2024-01-29T15:11:31.681+0000] {spark_submit.py:571} INFO - at FormattedToUsage$.main(FormattedToUsage.scala:20)
[2024-01-29T15:11:31.682+0000] {spark_submit.py:571} INFO - at FormattedToUsage.main(FormattedToUsage.scala)
[2024-01-29T15:11:31.682+0000] {spark_submit.py:571} INFO - at java.base/jdk.internal.reflect.NativeMethodAccessorImpl.invoke0(Native Method)
[2024-01-29T15:11:31.682+0000] {spark_submit.py:571} INFO - at java.base/jdk.internal.reflect.NativeMethodAccessorImpl.invoke(NativeMethodAccessorImpl.java:77)
[2024-01-29T15:11:31.682+0000] {spark_submit.py:571} INFO - at java.base/jdk.internal.reflect.DelegatingMethodAccessorImpl.invoke(DelegatingMethodAccessorImpl.java:43)
[2024-01-29T15:11:31.682+0000] {spark_submit.py:571} INFO - at java.base/java.lang.reflect.Method.invoke(Method.java:568)
[2024-01-29T15:11:31.682+0000] {spark_submit.py:571} INFO - at org.apache.spark.deploy.JavaMainApplication.start(SparkApplication.scala:52)
[2024-01-29T15:11:31.682+0000] {spark_submit.py:571} INFO - at org.apache.spark.deploy.SparkSubmit.org$apache$spark$deploy$SparkSubmit$$runMain(SparkSubmit.scala:1029)
[2024-01-29T15:11:31.682+0000] {spark_submit.py:571} INFO - at org.apache.spark.deploy.SparkSubmit.doRunMain$1(SparkSubmit.scala:194)
[2024-01-29T15:11:31.682+0000] {spark_submit.py:571} INFO - at org.apache.spark.deploy.SparkSubmit.submit(SparkSubmit.scala:217)
[2024-01-29T15:11:31.682+0000] {spark_submit.py:571} INFO - at org.apache.spark.deploy.SparkSubmit.doSubmit(SparkSubmit.scala:91)
[2024-01-29T15:11:31.683+0000] {spark_submit.py:571} INFO - at org.apache.spark.deploy.SparkSubmit$$anon$2.doSubmit(SparkSubmit.scala:1120)
[2024-01-29T15:11:31.683+0000] {spark_submit.py:571} INFO - at org.apache.spark.deploy.SparkSubmit$.main(SparkSubmit.scala:1129)
[2024-01-29T15:11:31.683+0000] {spark_submit.py:571} INFO - at org.apache.spark.deploy.SparkSubmit.main(SparkSubmit.scala)
[2024-01-29T15:11:31.693+0000] {spark_submit.py:571} INFO - 24/01/29 15:11:31 WARN FileSystem: Failed to initialize fileystem gs://data-lake-buck/formatted/football_data/season/2024-01-29: java.io.FileNotFoundException: /Users/juniortemgoua/Documents/projects/BigData/DataLake/utils/credentials/google_storage_secret_key_credentials.json (No such file or directory)
[2024-01-29T15:11:31.694+0000] {spark_submit.py:571} INFO - Exception in thread "main" java.io.FileNotFoundException: /Users/juniortemgoua/Documents/projects/BigData/DataLake/utils/credentials/google_storage_secret_key_credentials.json (No such file or directory)
[2024-01-29T15:11:31.694+0000] {spark_submit.py:571} INFO - at java.base/java.io.FileInputStream.open0(Native Method)
[2024-01-29T15:11:31.695+0000] {spark_submit.py:571} INFO - at java.base/java.io.FileInputStream.open(FileInputStream.java:216)
[2024-01-29T15:11:31.695+0000] {spark_submit.py:571} INFO - at java.base/java.io.FileInputStream.<init>(FileInputStream.java:157)
[2024-01-29T15:11:31.695+0000] {spark_submit.py:571} INFO - at java.base/java.io.FileInputStream.<init>(FileInputStream.java:111)
[2024-01-29T15:11:31.695+0000] {spark_submit.py:571} INFO - at com.google.cloud.hadoop.repackaged.gcs.com.google.cloud.hadoop.util.CredentialFactory.getCredentialFromJsonKeyFile(CredentialFactory.java:297)
[2024-01-29T15:11:31.695+0000] {spark_submit.py:571} INFO - at com.google.cloud.hadoop.repackaged.gcs.com.google.cloud.hadoop.util.CredentialFactory.getCredential(CredentialFactory.java:414)
[2024-01-29T15:11:31.695+0000] {spark_submit.py:571} INFO - at com.google.cloud.hadoop.fs.gcs.GoogleHadoopFileSystemBase.getCredential(GoogleHadoopFileSystemBase.java:1434)
[2024-01-29T15:11:31.696+0000] {spark_submit.py:571} INFO - at com.google.cloud.hadoop.fs.gcs.GoogleHadoopFileSystemBase.createGcsFs(GoogleHadoopFileSystemBase.java:1591)
[2024-01-29T15:11:31.696+0000] {spark_submit.py:571} INFO - at com.google.cloud.hadoop.fs.gcs.GoogleHadoopFileSystemBase.configure(GoogleHadoopFileSystemBase.java:1573)
[2024-01-29T15:11:31.696+0000] {spark_submit.py:571} INFO - at com.google.cloud.hadoop.fs.gcs.GoogleHadoopFileSystemBase.initialize(GoogleHadoopFileSystemBase.java:490)
[2024-01-29T15:11:31.696+0000] {spark_submit.py:571} INFO - at org.apache.hadoop.fs.FileSystem.createFileSystem(FileSystem.java:3469)
[2024-01-29T15:11:31.696+0000] {spark_submit.py:571} INFO - at org.apache.hadoop.fs.FileSystem.access$300(FileSystem.java:174)
[2024-01-29T15:11:31.696+0000] {spark_submit.py:571} INFO - at org.apache.hadoop.fs.FileSystem$Cache.getInternal(FileSystem.java:3574)
[2024-01-29T15:11:31.696+0000] {spark_submit.py:571} INFO - at org.apache.hadoop.fs.FileSystem$Cache.get(FileSystem.java:3521)
[2024-01-29T15:11:31.696+0000] {spark_submit.py:571} INFO - at org.apache.hadoop.fs.FileSystem.get(FileSystem.java:540)
[2024-01-29T15:11:31.697+0000] {spark_submit.py:571} INFO - at org.apache.hadoop.fs.Path.getFileSystem(Path.java:365)
[2024-01-29T15:11:31.697+0000] {spark_submit.py:571} INFO - at org.apache.spark.sql.execution.datasources.DataSource$.$anonfun$checkAndGlobPathIfNecessary$1(DataSource.scala:724)
[2024-01-29T15:11:31.697+0000] {spark_submit.py:571} INFO - at scala.collection.immutable.List.map(List.scala:293)
[2024-01-29T15:11:31.697+0000] {spark_submit.py:571} INFO - at org.apache.spark.sql.execution.datasources.DataSource$.checkAndGlobPathIfNecessary(DataSource.scala:722)
[2024-01-29T15:11:31.697+0000] {spark_submit.py:571} INFO - at org.apache.spark.sql.execution.datasources.DataSource.checkAndGlobPathIfNecessary(DataSource.scala:551)
[2024-01-29T15:11:31.698+0000] {spark_submit.py:571} INFO - at org.apache.spark.sql.execution.datasources.DataSource.resolveRelation(DataSource.scala:404)
[2024-01-29T15:11:31.698+0000] {spark_submit.py:571} INFO - at org.apache.spark.sql.DataFrameReader.loadV1Source(DataFrameReader.scala:229)
[2024-01-29T15:11:31.698+0000] {spark_submit.py:571} INFO - at org.apache.spark.sql.DataFrameReader.$anonfun$load$2(DataFrameReader.scala:211)
[2024-01-29T15:11:31.698+0000] {spark_submit.py:571} INFO - at scala.Option.getOrElse(Option.scala:189)
[2024-01-29T15:11:31.698+0000] {spark_submit.py:571} INFO - at org.apache.spark.sql.DataFrameReader.load(DataFrameReader.scala:211)
[2024-01-29T15:11:31.698+0000] {spark_submit.py:571} INFO - at org.apache.spark.sql.DataFrameReader.parquet(DataFrameReader.scala:563)
[2024-01-29T15:11:31.698+0000] {spark_submit.py:571} INFO - at org.apache.spark.sql.DataFrameReader.parquet(DataFrameReader.scala:548)
[2024-01-29T15:11:31.699+0000] {spark_submit.py:571} INFO - at FormattedToUsage$.combineCompetitions(FormattedToUsage.scala:27)
[2024-01-29T15:11:31.699+0000] {spark_submit.py:571} INFO - at FormattedToUsage$.main(FormattedToUsage.scala:20)
[2024-01-29T15:11:31.699+0000] {spark_submit.py:571} INFO - at FormattedToUsage.main(FormattedToUsage.scala)
[2024-01-29T15:11:31.699+0000] {spark_submit.py:571} INFO - at java.base/jdk.internal.reflect.NativeMethodAccessorImpl.invoke0(Native Method)
[2024-01-29T15:11:31.699+0000] {spark_submit.py:571} INFO - at java.base/jdk.internal.reflect.NativeMethodAccessorImpl.invoke(NativeMethodAccessorImpl.java:77)
[2024-01-29T15:11:31.700+0000] {spark_submit.py:571} INFO - at java.base/jdk.internal.reflect.DelegatingMethodAccessorImpl.invoke(DelegatingMethodAccessorImpl.java:43)
[2024-01-29T15:11:31.700+0000] {spark_submit.py:571} INFO - at java.base/java.lang.reflect.Method.invoke(Method.java:568)
[2024-01-29T15:11:31.700+0000] {spark_submit.py:571} INFO - at org.apache.spark.deploy.JavaMainApplication.start(SparkApplication.scala:52)
[2024-01-29T15:11:31.700+0000] {spark_submit.py:571} INFO - at org.apache.spark.deploy.SparkSubmit.org$apache$spark$deploy$SparkSubmit$$runMain(SparkSubmit.scala:1029)
[2024-01-29T15:11:31.700+0000] {spark_submit.py:571} INFO - at org.apache.spark.deploy.SparkSubmit.doRunMain$1(SparkSubmit.scala:194)
[2024-01-29T15:11:31.700+0000] {spark_submit.py:571} INFO - at org.apache.spark.deploy.SparkSubmit.submit(SparkSubmit.scala:217)
[2024-01-29T15:11:31.701+0000] {spark_submit.py:571} INFO - at org.apache.spark.deploy.SparkSubmit.doSubmit(SparkSubmit.scala:91)
[2024-01-29T15:11:31.701+0000] {spark_submit.py:571} INFO - at org.apache.spark.deploy.SparkSubmit$$anon$2.doSubmit(SparkSubmit.scala:1120)
[2024-01-29T15:11:31.701+0000] {spark_submit.py:571} INFO - at org.apache.spark.deploy.SparkSubmit$.main(SparkSubmit.scala:1129)
[2024-01-29T15:11:31.701+0000] {spark_submit.py:571} INFO - at org.apache.spark.deploy.SparkSubmit.main(SparkSubmit.scala)
[2024-01-29T15:11:31.702+0000] {spark_submit.py:571} INFO - 24/01/29 15:11:31 INFO SparkContext: Invoking stop() from shutdown hook
[2024-01-29T15:11:31.704+0000] {spark_submit.py:571} INFO - 24/01/29 15:11:31 INFO SparkContext: SparkContext is stopping with exitCode 0.
[2024-01-29T15:11:31.721+0000] {spark_submit.py:571} INFO - 24/01/29 15:11:31 INFO SparkUI: Stopped Spark web UI at http://instance-1.europe-west9-a.c.data-lake-project-409321.internal:4040
[2024-01-29T15:11:31.754+0000] {spark_submit.py:571} INFO - 24/01/29 15:11:31 INFO MapOutputTrackerMasterEndpoint: MapOutputTrackerMasterEndpoint stopped!
[2024-01-29T15:11:31.778+0000] {spark_submit.py:571} INFO - 24/01/29 15:11:31 INFO MemoryStore: MemoryStore cleared
[2024-01-29T15:11:31.779+0000] {spark_submit.py:571} INFO - 24/01/29 15:11:31 INFO BlockManager: BlockManager stopped
[2024-01-29T15:11:31.796+0000] {spark_submit.py:571} INFO - 24/01/29 15:11:31 INFO BlockManagerMaster: BlockManagerMaster stopped
[2024-01-29T15:11:31.800+0000] {spark_submit.py:571} INFO - 24/01/29 15:11:31 INFO OutputCommitCoordinator$OutputCommitCoordinatorEndpoint: OutputCommitCoordinator stopped!
[2024-01-29T15:11:31.810+0000] {spark_submit.py:571} INFO - 24/01/29 15:11:31 INFO SparkContext: Successfully stopped SparkContext
[2024-01-29T15:11:31.811+0000] {spark_submit.py:571} INFO - 24/01/29 15:11:31 INFO ShutdownHookManager: Shutdown hook called
[2024-01-29T15:11:31.812+0000] {spark_submit.py:571} INFO - 24/01/29 15:11:31 INFO ShutdownHookManager: Deleting directory /tmp/spark-e9db84ff-7f3f-41c9-8551-52d7b688c77c
[2024-01-29T15:11:31.816+0000] {spark_submit.py:571} INFO - 24/01/29 15:11:31 INFO ShutdownHookManager: Deleting directory /tmp/spark-4b664fa1-b6d8-41f9-95a2-00010a15dc37
[2024-01-29T15:11:31.884+0000] {taskinstance.py:2698} ERROR - Task failed with exception
Traceback (most recent call last):
  File "/home/juniortemgoua0/DataLake/venv/lib/python3.8/site-packages/airflow/models/taskinstance.py", line 433, in _execute_task
    result = execute_callable(context=context, **execute_callable_kwargs)
  File "/home/juniortemgoua0/DataLake/venv/lib/python3.8/site-packages/airflow/providers/apache/spark/operators/spark_submit.py", line 174, in execute
    self._hook.submit(self._application)
  File "/home/juniortemgoua0/DataLake/venv/lib/python3.8/site-packages/airflow/providers/apache/spark/hooks/spark_submit.py", line 502, in submit
    raise AirflowException(
airflow.exceptions.AirflowException: Cannot execute: spark-submit --master local[*] --name arrow-spark --class FormattedToUsage --queue root.default --deploy-mode client /home/juniortemgoua0/DataLake/jobs/processes/scala/spark_process/target/scala-2.12/spark_job_2.12-0.1.0.jar gs://data-lake-buck. Error code is: 1.
[2024-01-29T15:11:31.887+0000] {taskinstance.py:1138} INFO - Marking task as UP_FOR_RETRY. dag_id=manage_data_lake_dag, task_id=job_formatted_to_usage, execution_date=20240104T000000, start_date=20240129T151124, end_date=20240129T151131
[2024-01-29T15:11:31.900+0000] {standard_task_runner.py:107} ERROR - Failed to execute job 157 for task job_formatted_to_usage (Cannot execute: spark-submit --master local[*] --name arrow-spark --class FormattedToUsage --queue root.default --deploy-mode client /home/juniortemgoua0/DataLake/jobs/processes/scala/spark_process/target/scala-2.12/spark_job_2.12-0.1.0.jar gs://data-lake-buck. Error code is: 1.; 49492)
[2024-01-29T15:11:31.938+0000] {local_task_job_runner.py:234} INFO - Task exited with return code 1
[2024-01-29T15:11:31.948+0000] {taskinstance.py:3280} INFO - 0 downstream tasks scheduled from follow-on schedule check
