[2024-01-30T02:47:49.287+0000] {taskinstance.py:1956} INFO - Dependencies all met for dep_context=non-requeueable deps ti=<TaskInstance: manage_data_lake_dag.local_job_raw_to_formatted manual__2024-01-30T02:46:16.071424+00:00 [queued]>
[2024-01-30T02:47:49.293+0000] {taskinstance.py:1956} INFO - Dependencies all met for dep_context=requeueable deps ti=<TaskInstance: manage_data_lake_dag.local_job_raw_to_formatted manual__2024-01-30T02:46:16.071424+00:00 [queued]>
[2024-01-30T02:47:49.293+0000] {taskinstance.py:2170} INFO - Starting attempt 1 of 6
[2024-01-30T02:47:49.306+0000] {taskinstance.py:2191} INFO - Executing <Task(SparkSubmitOperator): local_job_raw_to_formatted> on 2024-01-30 02:46:16.071424+00:00
[2024-01-30T02:47:49.311+0000] {standard_task_runner.py:60} INFO - Started process 15484 to run task
[2024-01-30T02:47:49.316+0000] {standard_task_runner.py:87} INFO - Running: ['airflow', 'tasks', 'run', 'manage_data_lake_dag', 'local_job_raw_to_formatted', 'manual__2024-01-30T02:46:16.071424+00:00', '--job-id', '149', '--raw', '--subdir', 'DAGS_FOLDER/data_lake_dag.py', '--cfg-path', '/tmp/tmpq8892pjt']
[2024-01-30T02:47:49.319+0000] {standard_task_runner.py:88} INFO - Job 149: Subtask local_job_raw_to_formatted
[2024-01-30T02:47:49.357+0000] {task_command.py:423} INFO - Running <TaskInstance: manage_data_lake_dag.local_job_raw_to_formatted manual__2024-01-30T02:46:16.071424+00:00 [running]> on host instance-1.europe-west9-a.c.data-lake-project-409321.internal
[2024-01-30T02:47:49.411+0000] {taskinstance.py:2480} INFO - Exporting env vars: AIRFLOW_CTX_DAG_OWNER='juniortemgoua0' AIRFLOW_CTX_DAG_ID='manage_data_lake_dag' AIRFLOW_CTX_TASK_ID='local_job_raw_to_formatted' AIRFLOW_CTX_EXECUTION_DATE='2024-01-30T02:46:16.071424+00:00' AIRFLOW_CTX_TRY_NUMBER='1' AIRFLOW_CTX_DAG_RUN_ID='manual__2024-01-30T02:46:16.071424+00:00'
[2024-01-30T02:47:49.418+0000] {base.py:83} INFO - Using connection ID 'spark_default' for task execution.
[2024-01-30T02:47:49.419+0000] {spark_submit.py:401} INFO - Spark-Submit cmd: spark-submit --master local[*] --conf spark.airflow.execution_date=2024-01-30 --name arrow-spark --class RawToFormatted --queue root.default --deploy-mode client /home/juniortemgoua0/DataLake/jobs/processes/scala/spark_process/target/scala-2.12/spark_job_2.12-0.1.0.jar hdfs://localhost:9000/data-lake
[2024-01-30T02:47:52.020+0000] {spark_submit.py:571} INFO - 24/01/30 02:47:52 INFO SparkContext: Running Spark version 3.5.0
[2024-01-30T02:47:52.026+0000] {spark_submit.py:571} INFO - 24/01/30 02:47:52 INFO SparkContext: OS info Linux, 5.15.0-1049-gcp, amd64
[2024-01-30T02:47:52.027+0000] {spark_submit.py:571} INFO - 24/01/30 02:47:52 INFO SparkContext: Java version 17.0.9
[2024-01-30T02:47:52.168+0000] {spark_submit.py:571} INFO - 24/01/30 02:47:52 WARN NativeCodeLoader: Unable to load native-hadoop library for your platform... using builtin-java classes where applicable
[2024-01-30T02:47:52.360+0000] {spark_submit.py:571} INFO - 24/01/30 02:47:52 INFO ResourceUtils: ==============================================================
[2024-01-30T02:47:52.363+0000] {spark_submit.py:571} INFO - 24/01/30 02:47:52 INFO ResourceUtils: No custom resources configured for spark.driver.
[2024-01-30T02:47:52.365+0000] {spark_submit.py:571} INFO - 24/01/30 02:47:52 INFO ResourceUtils: ==============================================================
[2024-01-30T02:47:52.366+0000] {spark_submit.py:571} INFO - 24/01/30 02:47:52 INFO SparkContext: Submitted application: RawToFormatted
[2024-01-30T02:47:52.410+0000] {spark_submit.py:571} INFO - 24/01/30 02:47:52 INFO ResourceProfile: Default ResourceProfile created, executor resources: Map(cores -> name: cores, amount: 1, script: , vendor: , memory -> name: memory, amount: 1024, script: , vendor: , offHeap -> name: offHeap, amount: 0, script: , vendor: ), task resources: Map(cpus -> name: cpus, amount: 1.0)
[2024-01-30T02:47:52.426+0000] {spark_submit.py:571} INFO - 24/01/30 02:47:52 INFO ResourceProfile: Limiting resource is cpu
[2024-01-30T02:47:52.428+0000] {spark_submit.py:571} INFO - 24/01/30 02:47:52 INFO ResourceProfileManager: Added ResourceProfile id: 0
[2024-01-30T02:47:52.508+0000] {spark_submit.py:571} INFO - 24/01/30 02:47:52 INFO SecurityManager: Changing view acls to: juniortemgoua0
[2024-01-30T02:47:52.509+0000] {spark_submit.py:571} INFO - 24/01/30 02:47:52 INFO SecurityManager: Changing modify acls to: juniortemgoua0
[2024-01-30T02:47:52.511+0000] {spark_submit.py:571} INFO - 24/01/30 02:47:52 INFO SecurityManager: Changing view acls groups to:
[2024-01-30T02:47:52.512+0000] {spark_submit.py:571} INFO - 24/01/30 02:47:52 INFO SecurityManager: Changing modify acls groups to:
[2024-01-30T02:47:52.513+0000] {spark_submit.py:571} INFO - 24/01/30 02:47:52 INFO SecurityManager: SecurityManager: authentication disabled; ui acls disabled; users with view permissions: juniortemgoua0; groups with view permissions: EMPTY; users with modify permissions: juniortemgoua0; groups with modify permissions: EMPTY
[2024-01-30T02:47:52.922+0000] {spark_submit.py:571} INFO - 24/01/30 02:47:52 INFO Utils: Successfully started service 'sparkDriver' on port 44987.
[2024-01-30T02:47:52.967+0000] {spark_submit.py:571} INFO - 24/01/30 02:47:52 INFO SparkEnv: Registering MapOutputTracker
[2024-01-30T02:47:53.024+0000] {spark_submit.py:571} INFO - 24/01/30 02:47:53 INFO SparkEnv: Registering BlockManagerMaster
[2024-01-30T02:47:53.053+0000] {spark_submit.py:571} INFO - 24/01/30 02:47:53 INFO BlockManagerMasterEndpoint: Using org.apache.spark.storage.DefaultTopologyMapper for getting topology information
[2024-01-30T02:47:53.054+0000] {spark_submit.py:571} INFO - 24/01/30 02:47:53 INFO BlockManagerMasterEndpoint: BlockManagerMasterEndpoint up
[2024-01-30T02:47:53.064+0000] {spark_submit.py:571} INFO - 24/01/30 02:47:53 INFO SparkEnv: Registering BlockManagerMasterHeartbeat
[2024-01-30T02:47:53.092+0000] {spark_submit.py:571} INFO - 24/01/30 02:47:53 INFO DiskBlockManager: Created local directory at /tmp/blockmgr-7b2cb9ae-8818-4b07-a6b6-e65706fce9c7
[2024-01-30T02:47:53.117+0000] {spark_submit.py:571} INFO - 24/01/30 02:47:53 INFO MemoryStore: MemoryStore started with capacity 434.4 MiB
[2024-01-30T02:47:53.142+0000] {spark_submit.py:571} INFO - 24/01/30 02:47:53 INFO SparkEnv: Registering OutputCommitCoordinator
[2024-01-30T02:47:53.351+0000] {spark_submit.py:571} INFO - 24/01/30 02:47:53 INFO JettyUtils: Start Jetty 0.0.0.0:4040 for SparkUI
[2024-01-30T02:47:53.434+0000] {spark_submit.py:571} INFO - 24/01/30 02:47:53 INFO Utils: Successfully started service 'SparkUI' on port 4040.
[2024-01-30T02:47:53.502+0000] {spark_submit.py:571} INFO - 24/01/30 02:47:53 INFO SparkContext: Added JAR file:/home/juniortemgoua0/DataLake/jobs/processes/scala/spark_process/target/scala-2.12/spark_job_2.12-0.1.0.jar at spark://instance-1.europe-west9-a.c.data-lake-project-409321.internal:44987/jars/spark_job_2.12-0.1.0.jar with timestamp 1706582872000
[2024-01-30T02:47:53.605+0000] {spark_submit.py:571} INFO - 24/01/30 02:47:53 INFO Executor: Starting executor ID driver on host instance-1.europe-west9-a.c.data-lake-project-409321.internal
[2024-01-30T02:47:53.606+0000] {spark_submit.py:571} INFO - 24/01/30 02:47:53 INFO Executor: OS info Linux, 5.15.0-1049-gcp, amd64
[2024-01-30T02:47:53.608+0000] {spark_submit.py:571} INFO - 24/01/30 02:47:53 INFO Executor: Java version 17.0.9
[2024-01-30T02:47:53.621+0000] {spark_submit.py:571} INFO - 24/01/30 02:47:53 INFO Executor: Starting executor with user classpath (userClassPathFirst = false): ''
[2024-01-30T02:47:53.622+0000] {spark_submit.py:571} INFO - 24/01/30 02:47:53 INFO Executor: Created or updated repl class loader org.apache.spark.util.MutableURLClassLoader@6ed043d3 for default.
[2024-01-30T02:47:53.645+0000] {spark_submit.py:571} INFO - 24/01/30 02:47:53 INFO Executor: Fetching spark://instance-1.europe-west9-a.c.data-lake-project-409321.internal:44987/jars/spark_job_2.12-0.1.0.jar with timestamp 1706582872000
[2024-01-30T02:47:53.828+0000] {spark_submit.py:571} INFO - 24/01/30 02:47:53 INFO TransportClientFactory: Successfully created connection to instance-1.europe-west9-a.c.data-lake-project-409321.internal/10.200.0.5:44987 after 119 ms (0 ms spent in bootstraps)
[2024-01-30T02:47:53.859+0000] {spark_submit.py:571} INFO - 24/01/30 02:47:53 INFO Utils: Fetching spark://instance-1.europe-west9-a.c.data-lake-project-409321.internal:44987/jars/spark_job_2.12-0.1.0.jar to /tmp/spark-f037a612-55c6-4b1d-8037-a16fcfddf43f/userFiles-1192110d-84d3-4e18-936f-bf0375253bad/fetchFileTemp192664568236237746.tmp
[2024-01-30T02:47:53.943+0000] {spark_submit.py:571} INFO - 24/01/30 02:47:53 INFO Executor: Adding file:/tmp/spark-f037a612-55c6-4b1d-8037-a16fcfddf43f/userFiles-1192110d-84d3-4e18-936f-bf0375253bad/spark_job_2.12-0.1.0.jar to class loader default
[2024-01-30T02:47:53.955+0000] {spark_submit.py:571} INFO - 24/01/30 02:47:53 INFO Utils: Successfully started service 'org.apache.spark.network.netty.NettyBlockTransferService' on port 46749.
[2024-01-30T02:47:53.955+0000] {spark_submit.py:571} INFO - 24/01/30 02:47:53 INFO NettyBlockTransferService: Server created on instance-1.europe-west9-a.c.data-lake-project-409321.internal:46749
[2024-01-30T02:47:53.958+0000] {spark_submit.py:571} INFO - 24/01/30 02:47:53 INFO BlockManager: Using org.apache.spark.storage.RandomBlockReplicationPolicy for block replication policy
[2024-01-30T02:47:53.969+0000] {spark_submit.py:571} INFO - 24/01/30 02:47:53 INFO BlockManagerMaster: Registering BlockManager BlockManagerId(driver, instance-1.europe-west9-a.c.data-lake-project-409321.internal, 46749, None)
[2024-01-30T02:47:53.974+0000] {spark_submit.py:571} INFO - 24/01/30 02:47:53 INFO BlockManagerMasterEndpoint: Registering block manager instance-1.europe-west9-a.c.data-lake-project-409321.internal:46749 with 434.4 MiB RAM, BlockManagerId(driver, instance-1.europe-west9-a.c.data-lake-project-409321.internal, 46749, None)
[2024-01-30T02:47:53.977+0000] {spark_submit.py:571} INFO - 24/01/30 02:47:53 INFO BlockManagerMaster: Registered BlockManager BlockManagerId(driver, instance-1.europe-west9-a.c.data-lake-project-409321.internal, 46749, None)
[2024-01-30T02:47:53.979+0000] {spark_submit.py:571} INFO - 24/01/30 02:47:53 INFO BlockManager: Initialized BlockManager: BlockManagerId(driver, instance-1.europe-west9-a.c.data-lake-project-409321.internal, 46749, None)
[2024-01-30T02:47:54.999+0000] {spark_submit.py:571} INFO - 24/01/30 02:47:54 INFO SharedState: Setting hive.metastore.warehouse.dir ('null') to the value of spark.sql.warehouse.dir.
[2024-01-30T02:47:55.009+0000] {spark_submit.py:571} INFO - 24/01/30 02:47:55 INFO SharedState: Warehouse path is 'file:/home/juniortemgoua0/DataLake/spark-warehouse'.
[2024-01-30T02:47:56.087+0000] {spark_submit.py:571} INFO - ************************************************
[2024-01-30T02:47:56.088+0000] {spark_submit.py:571} INFO - Date d'exécution  : 2024-01-30
[2024-01-30T02:47:56.088+0000] {spark_submit.py:571} INFO - ************************************************
[2024-01-30T02:47:57.252+0000] {spark_submit.py:571} INFO - Exception in thread "main" org.apache.spark.sql.AnalysisException: [PATH_NOT_FOUND] Path does not exist: hdfs://localhost:9000/data-lake/raw/football_data/competitions/2024-01-30/*.json.
[2024-01-30T02:47:57.252+0000] {spark_submit.py:571} INFO - at org.apache.spark.sql.errors.QueryCompilationErrors$.dataPathNotExistError(QueryCompilationErrors.scala:1500)
[2024-01-30T02:47:57.252+0000] {spark_submit.py:571} INFO - at org.apache.spark.sql.execution.datasources.DataSource$.$anonfun$checkAndGlobPathIfNecessary$3(DataSource.scala:743)
[2024-01-30T02:47:57.253+0000] {spark_submit.py:571} INFO - at org.apache.spark.util.ThreadUtils$.$anonfun$parmap$2(ThreadUtils.scala:380)
[2024-01-30T02:47:57.253+0000] {spark_submit.py:571} INFO - at scala.concurrent.Future$.$anonfun$apply$1(Future.scala:659)
[2024-01-30T02:47:57.253+0000] {spark_submit.py:571} INFO - at scala.util.Success.$anonfun$map$1(Try.scala:255)
[2024-01-30T02:47:57.253+0000] {spark_submit.py:571} INFO - at scala.util.Success.map(Try.scala:213)
[2024-01-30T02:47:57.253+0000] {spark_submit.py:571} INFO - at scala.concurrent.Future.$anonfun$map$1(Future.scala:292)
[2024-01-30T02:47:57.253+0000] {spark_submit.py:571} INFO - at scala.concurrent.impl.Promise.liftedTree1$1(Promise.scala:33)
[2024-01-30T02:47:57.254+0000] {spark_submit.py:571} INFO - at scala.concurrent.impl.Promise.$anonfun$transform$1(Promise.scala:33)
[2024-01-30T02:47:57.254+0000] {spark_submit.py:571} INFO - at scala.concurrent.impl.CallbackRunnable.run(Promise.scala:64)
[2024-01-30T02:47:57.254+0000] {spark_submit.py:571} INFO - at java.base/java.util.concurrent.ForkJoinTask$RunnableExecuteAction.exec(ForkJoinTask.java:1395)
[2024-01-30T02:47:57.254+0000] {spark_submit.py:571} INFO - at java.base/java.util.concurrent.ForkJoinTask.doExec(ForkJoinTask.java:373)
[2024-01-30T02:47:57.255+0000] {spark_submit.py:571} INFO - at java.base/java.util.concurrent.ForkJoinPool$WorkQueue.topLevelExec(ForkJoinPool.java:1182)
[2024-01-30T02:47:57.255+0000] {spark_submit.py:571} INFO - at java.base/java.util.concurrent.ForkJoinPool.scan(ForkJoinPool.java:1655)
[2024-01-30T02:47:57.255+0000] {spark_submit.py:571} INFO - at java.base/java.util.concurrent.ForkJoinPool.runWorker(ForkJoinPool.java:1622)
[2024-01-30T02:47:57.255+0000] {spark_submit.py:571} INFO - at java.base/java.util.concurrent.ForkJoinWorkerThread.run(ForkJoinWorkerThread.java:165)
[2024-01-30T02:47:57.274+0000] {spark_submit.py:571} INFO - 24/01/30 02:47:57 INFO SparkContext: Invoking stop() from shutdown hook
[2024-01-30T02:47:57.276+0000] {spark_submit.py:571} INFO - 24/01/30 02:47:57 INFO SparkContext: SparkContext is stopping with exitCode 0.
[2024-01-30T02:47:57.298+0000] {spark_submit.py:571} INFO - 24/01/30 02:47:57 INFO SparkUI: Stopped Spark web UI at http://instance-1.europe-west9-a.c.data-lake-project-409321.internal:4040
[2024-01-30T02:47:57.337+0000] {spark_submit.py:571} INFO - 24/01/30 02:47:57 INFO MapOutputTrackerMasterEndpoint: MapOutputTrackerMasterEndpoint stopped!
[2024-01-30T02:47:57.381+0000] {spark_submit.py:571} INFO - 24/01/30 02:47:57 INFO MemoryStore: MemoryStore cleared
[2024-01-30T02:47:57.382+0000] {spark_submit.py:571} INFO - 24/01/30 02:47:57 INFO BlockManager: BlockManager stopped
[2024-01-30T02:47:57.396+0000] {spark_submit.py:571} INFO - 24/01/30 02:47:57 INFO BlockManagerMaster: BlockManagerMaster stopped
[2024-01-30T02:47:57.404+0000] {spark_submit.py:571} INFO - 24/01/30 02:47:57 INFO OutputCommitCoordinator$OutputCommitCoordinatorEndpoint: OutputCommitCoordinator stopped!
[2024-01-30T02:47:57.416+0000] {spark_submit.py:571} INFO - 24/01/30 02:47:57 INFO SparkContext: Successfully stopped SparkContext
[2024-01-30T02:47:57.416+0000] {spark_submit.py:571} INFO - 24/01/30 02:47:57 INFO ShutdownHookManager: Shutdown hook called
[2024-01-30T02:47:57.417+0000] {spark_submit.py:571} INFO - 24/01/30 02:47:57 INFO ShutdownHookManager: Deleting directory /tmp/spark-814c0b0c-73ff-42bb-9ab0-28857329895d
[2024-01-30T02:47:57.420+0000] {spark_submit.py:571} INFO - 24/01/30 02:47:57 INFO ShutdownHookManager: Deleting directory /tmp/spark-f037a612-55c6-4b1d-8037-a16fcfddf43f
[2024-01-30T02:47:57.468+0000] {taskinstance.py:2698} ERROR - Task failed with exception
Traceback (most recent call last):
  File "/home/juniortemgoua0/DataLake/venv/lib/python3.8/site-packages/airflow/models/taskinstance.py", line 433, in _execute_task
    result = execute_callable(context=context, **execute_callable_kwargs)
  File "/home/juniortemgoua0/DataLake/venv/lib/python3.8/site-packages/airflow/providers/apache/spark/operators/spark_submit.py", line 174, in execute
    self._hook.submit(self._application)
  File "/home/juniortemgoua0/DataLake/venv/lib/python3.8/site-packages/airflow/providers/apache/spark/hooks/spark_submit.py", line 502, in submit
    raise AirflowException(
airflow.exceptions.AirflowException: Cannot execute: spark-submit --master local[*] --conf spark.airflow.execution_date=2024-01-30 --name arrow-spark --class RawToFormatted --queue root.default --deploy-mode client /home/juniortemgoua0/DataLake/jobs/processes/scala/spark_process/target/scala-2.12/spark_job_2.12-0.1.0.jar hdfs://localhost:9000/data-lake. Error code is: 1.
[2024-01-30T02:47:57.471+0000] {taskinstance.py:1138} INFO - Marking task as UP_FOR_RETRY. dag_id=manage_data_lake_dag, task_id=local_job_raw_to_formatted, execution_date=20240130T024616, start_date=20240130T024749, end_date=20240130T024757
[2024-01-30T02:47:57.484+0000] {standard_task_runner.py:107} ERROR - Failed to execute job 149 for task local_job_raw_to_formatted (Cannot execute: spark-submit --master local[*] --conf spark.airflow.execution_date=2024-01-30 --name arrow-spark --class RawToFormatted --queue root.default --deploy-mode client /home/juniortemgoua0/DataLake/jobs/processes/scala/spark_process/target/scala-2.12/spark_job_2.12-0.1.0.jar hdfs://localhost:9000/data-lake. Error code is: 1.; 15484)
[2024-01-30T02:47:57.511+0000] {local_task_job_runner.py:234} INFO - Task exited with return code 1
[2024-01-30T02:47:57.526+0000] {taskinstance.py:3280} INFO - 0 downstream tasks scheduled from follow-on schedule check
