[2024-01-30T02:53:09.188+0000] {taskinstance.py:1956} INFO - Dependencies all met for dep_context=non-requeueable deps ti=<TaskInstance: manage_data_lake_dag.local_job_raw_to_formatted manual__2024-01-30T02:46:16.071424+00:00 [queued]>
[2024-01-30T02:53:09.194+0000] {taskinstance.py:1956} INFO - Dependencies all met for dep_context=requeueable deps ti=<TaskInstance: manage_data_lake_dag.local_job_raw_to_formatted manual__2024-01-30T02:46:16.071424+00:00 [queued]>
[2024-01-30T02:53:09.194+0000] {taskinstance.py:2170} INFO - Starting attempt 2 of 6
[2024-01-30T02:53:09.207+0000] {taskinstance.py:2191} INFO - Executing <Task(SparkSubmitOperator): local_job_raw_to_formatted> on 2024-01-30 02:46:16.071424+00:00
[2024-01-30T02:53:09.212+0000] {standard_task_runner.py:60} INFO - Started process 18358 to run task
[2024-01-30T02:53:09.217+0000] {standard_task_runner.py:87} INFO - Running: ['airflow', 'tasks', 'run', 'manage_data_lake_dag', 'local_job_raw_to_formatted', 'manual__2024-01-30T02:46:16.071424+00:00', '--job-id', '178', '--raw', '--subdir', 'DAGS_FOLDER/data_lake_dag.py', '--cfg-path', '/tmp/tmpz7gynx85']
[2024-01-30T02:53:09.220+0000] {standard_task_runner.py:88} INFO - Job 178: Subtask local_job_raw_to_formatted
[2024-01-30T02:53:09.264+0000] {task_command.py:423} INFO - Running <TaskInstance: manage_data_lake_dag.local_job_raw_to_formatted manual__2024-01-30T02:46:16.071424+00:00 [running]> on host instance-1.europe-west9-a.c.data-lake-project-409321.internal
[2024-01-30T02:53:09.315+0000] {taskinstance.py:2480} INFO - Exporting env vars: AIRFLOW_CTX_DAG_OWNER='juniortemgoua0' AIRFLOW_CTX_DAG_ID='manage_data_lake_dag' AIRFLOW_CTX_TASK_ID='local_job_raw_to_formatted' AIRFLOW_CTX_EXECUTION_DATE='2024-01-30T02:46:16.071424+00:00' AIRFLOW_CTX_TRY_NUMBER='2' AIRFLOW_CTX_DAG_RUN_ID='manual__2024-01-30T02:46:16.071424+00:00'
[2024-01-30T02:53:09.321+0000] {base.py:83} INFO - Using connection ID 'spark_default' for task execution.
[2024-01-30T02:53:09.323+0000] {spark_submit.py:401} INFO - Spark-Submit cmd: spark-submit --master local[*] --conf spark.airflow.execution_date=2024-01-30 --name arrow-spark --class RawToFormatted --queue root.default --deploy-mode client /home/juniortemgoua0/DataLake/jobs/processes/scala/spark_process/target/scala-2.12/spark_job_2.12-0.1.0.jar hdfs://localhost:9000/data-lake
[2024-01-30T02:53:11.921+0000] {spark_submit.py:571} INFO - 24/01/30 02:53:11 INFO SparkContext: Running Spark version 3.5.0
[2024-01-30T02:53:11.925+0000] {spark_submit.py:571} INFO - 24/01/30 02:53:11 INFO SparkContext: OS info Linux, 5.15.0-1049-gcp, amd64
[2024-01-30T02:53:11.926+0000] {spark_submit.py:571} INFO - 24/01/30 02:53:11 INFO SparkContext: Java version 17.0.9
[2024-01-30T02:53:12.052+0000] {spark_submit.py:571} INFO - 24/01/30 02:53:12 WARN NativeCodeLoader: Unable to load native-hadoop library for your platform... using builtin-java classes where applicable
[2024-01-30T02:53:12.190+0000] {spark_submit.py:571} INFO - 24/01/30 02:53:12 INFO ResourceUtils: ==============================================================
[2024-01-30T02:53:12.191+0000] {spark_submit.py:571} INFO - 24/01/30 02:53:12 INFO ResourceUtils: No custom resources configured for spark.driver.
[2024-01-30T02:53:12.192+0000] {spark_submit.py:571} INFO - 24/01/30 02:53:12 INFO ResourceUtils: ==============================================================
[2024-01-30T02:53:12.194+0000] {spark_submit.py:571} INFO - 24/01/30 02:53:12 INFO SparkContext: Submitted application: RawToFormatted
[2024-01-30T02:53:12.225+0000] {spark_submit.py:571} INFO - 24/01/30 02:53:12 INFO ResourceProfile: Default ResourceProfile created, executor resources: Map(cores -> name: cores, amount: 1, script: , vendor: , memory -> name: memory, amount: 1024, script: , vendor: , offHeap -> name: offHeap, amount: 0, script: , vendor: ), task resources: Map(cpus -> name: cpus, amount: 1.0)
[2024-01-30T02:53:12.247+0000] {spark_submit.py:571} INFO - 24/01/30 02:53:12 INFO ResourceProfile: Limiting resource is cpu
[2024-01-30T02:53:12.250+0000] {spark_submit.py:571} INFO - 24/01/30 02:53:12 INFO ResourceProfileManager: Added ResourceProfile id: 0
[2024-01-30T02:53:12.330+0000] {spark_submit.py:571} INFO - 24/01/30 02:53:12 INFO SecurityManager: Changing view acls to: juniortemgoua0
[2024-01-30T02:53:12.331+0000] {spark_submit.py:571} INFO - 24/01/30 02:53:12 INFO SecurityManager: Changing modify acls to: juniortemgoua0
[2024-01-30T02:53:12.332+0000] {spark_submit.py:571} INFO - 24/01/30 02:53:12 INFO SecurityManager: Changing view acls groups to:
[2024-01-30T02:53:12.333+0000] {spark_submit.py:571} INFO - 24/01/30 02:53:12 INFO SecurityManager: Changing modify acls groups to:
[2024-01-30T02:53:12.334+0000] {spark_submit.py:571} INFO - 24/01/30 02:53:12 INFO SecurityManager: SecurityManager: authentication disabled; ui acls disabled; users with view permissions: juniortemgoua0; groups with view permissions: EMPTY; users with modify permissions: juniortemgoua0; groups with modify permissions: EMPTY
[2024-01-30T02:53:12.951+0000] {spark_submit.py:571} INFO - 24/01/30 02:53:12 INFO Utils: Successfully started service 'sparkDriver' on port 35627.
[2024-01-30T02:53:13.075+0000] {spark_submit.py:571} INFO - 24/01/30 02:53:13 INFO SparkEnv: Registering MapOutputTracker
[2024-01-30T02:53:13.166+0000] {spark_submit.py:571} INFO - 24/01/30 02:53:13 INFO SparkEnv: Registering BlockManagerMaster
[2024-01-30T02:53:13.200+0000] {spark_submit.py:571} INFO - 24/01/30 02:53:13 INFO BlockManagerMasterEndpoint: Using org.apache.spark.storage.DefaultTopologyMapper for getting topology information
[2024-01-30T02:53:13.202+0000] {spark_submit.py:571} INFO - 24/01/30 02:53:13 INFO BlockManagerMasterEndpoint: BlockManagerMasterEndpoint up
[2024-01-30T02:53:13.210+0000] {spark_submit.py:571} INFO - 24/01/30 02:53:13 INFO SparkEnv: Registering BlockManagerMasterHeartbeat
[2024-01-30T02:53:13.236+0000] {spark_submit.py:571} INFO - 24/01/30 02:53:13 INFO DiskBlockManager: Created local directory at /tmp/blockmgr-5485a7e2-3839-4d0d-9317-ddb4a39ab094
[2024-01-30T02:53:13.257+0000] {spark_submit.py:571} INFO - 24/01/30 02:53:13 INFO MemoryStore: MemoryStore started with capacity 434.4 MiB
[2024-01-30T02:53:13.283+0000] {spark_submit.py:571} INFO - 24/01/30 02:53:13 INFO SparkEnv: Registering OutputCommitCoordinator
[2024-01-30T02:53:13.622+0000] {spark_submit.py:571} INFO - 24/01/30 02:53:13 INFO JettyUtils: Start Jetty 0.0.0.0:4040 for SparkUI
[2024-01-30T02:53:13.805+0000] {spark_submit.py:571} INFO - 24/01/30 02:53:13 INFO Utils: Successfully started service 'SparkUI' on port 4040.
[2024-01-30T02:53:13.907+0000] {spark_submit.py:571} INFO - 24/01/30 02:53:13 INFO SparkContext: Added JAR file:/home/juniortemgoua0/DataLake/jobs/processes/scala/spark_process/target/scala-2.12/spark_job_2.12-0.1.0.jar at spark://instance-1.europe-west9-a.c.data-lake-project-409321.internal:35627/jars/spark_job_2.12-0.1.0.jar with timestamp 1706583191903
[2024-01-30T02:53:14.080+0000] {spark_submit.py:571} INFO - 24/01/30 02:53:14 INFO Executor: Starting executor ID driver on host instance-1.europe-west9-a.c.data-lake-project-409321.internal
[2024-01-30T02:53:14.081+0000] {spark_submit.py:571} INFO - 24/01/30 02:53:14 INFO Executor: OS info Linux, 5.15.0-1049-gcp, amd64
[2024-01-30T02:53:14.082+0000] {spark_submit.py:571} INFO - 24/01/30 02:53:14 INFO Executor: Java version 17.0.9
[2024-01-30T02:53:14.094+0000] {spark_submit.py:571} INFO - 24/01/30 02:53:14 INFO Executor: Starting executor with user classpath (userClassPathFirst = false): ''
[2024-01-30T02:53:14.095+0000] {spark_submit.py:571} INFO - 24/01/30 02:53:14 INFO Executor: Created or updated repl class loader org.apache.spark.util.MutableURLClassLoader@135a8c6f for default.
[2024-01-30T02:53:14.117+0000] {spark_submit.py:571} INFO - 24/01/30 02:53:14 INFO Executor: Fetching spark://instance-1.europe-west9-a.c.data-lake-project-409321.internal:35627/jars/spark_job_2.12-0.1.0.jar with timestamp 1706583191903
[2024-01-30T02:53:14.376+0000] {spark_submit.py:571} INFO - 24/01/30 02:53:14 INFO TransportClientFactory: Successfully created connection to instance-1.europe-west9-a.c.data-lake-project-409321.internal/10.200.0.5:35627 after 135 ms (0 ms spent in bootstraps)
[2024-01-30T02:53:14.406+0000] {spark_submit.py:571} INFO - 24/01/30 02:53:14 INFO Utils: Fetching spark://instance-1.europe-west9-a.c.data-lake-project-409321.internal:35627/jars/spark_job_2.12-0.1.0.jar to /tmp/spark-5632b6f1-763a-4169-9bfd-f6172035dc54/userFiles-d5ff3a11-ae73-47c3-b21f-26335872b801/fetchFileTemp2702899035354402917.tmp
[2024-01-30T02:53:14.473+0000] {spark_submit.py:571} INFO - 24/01/30 02:53:14 INFO Executor: Adding file:/tmp/spark-5632b6f1-763a-4169-9bfd-f6172035dc54/userFiles-d5ff3a11-ae73-47c3-b21f-26335872b801/spark_job_2.12-0.1.0.jar to class loader default
[2024-01-30T02:53:14.495+0000] {spark_submit.py:571} INFO - 24/01/30 02:53:14 INFO Utils: Successfully started service 'org.apache.spark.network.netty.NettyBlockTransferService' on port 38643.
[2024-01-30T02:53:14.496+0000] {spark_submit.py:571} INFO - 24/01/30 02:53:14 INFO NettyBlockTransferService: Server created on instance-1.europe-west9-a.c.data-lake-project-409321.internal:38643
[2024-01-30T02:53:14.498+0000] {spark_submit.py:571} INFO - 24/01/30 02:53:14 INFO BlockManager: Using org.apache.spark.storage.RandomBlockReplicationPolicy for block replication policy
[2024-01-30T02:53:14.508+0000] {spark_submit.py:571} INFO - 24/01/30 02:53:14 INFO BlockManagerMaster: Registering BlockManager BlockManagerId(driver, instance-1.europe-west9-a.c.data-lake-project-409321.internal, 38643, None)
[2024-01-30T02:53:14.512+0000] {spark_submit.py:571} INFO - 24/01/30 02:53:14 INFO BlockManagerMasterEndpoint: Registering block manager instance-1.europe-west9-a.c.data-lake-project-409321.internal:38643 with 434.4 MiB RAM, BlockManagerId(driver, instance-1.europe-west9-a.c.data-lake-project-409321.internal, 38643, None)
[2024-01-30T02:53:14.538+0000] {spark_submit.py:571} INFO - 24/01/30 02:53:14 INFO BlockManagerMaster: Registered BlockManager BlockManagerId(driver, instance-1.europe-west9-a.c.data-lake-project-409321.internal, 38643, None)
[2024-01-30T02:53:14.544+0000] {spark_submit.py:571} INFO - 24/01/30 02:53:14 INFO BlockManager: Initialized BlockManager: BlockManagerId(driver, instance-1.europe-west9-a.c.data-lake-project-409321.internal, 38643, None)
[2024-01-30T02:53:16.468+0000] {spark_submit.py:571} INFO - 24/01/30 02:53:16 INFO SharedState: Setting hive.metastore.warehouse.dir ('null') to the value of spark.sql.warehouse.dir.
[2024-01-30T02:53:16.487+0000] {spark_submit.py:571} INFO - 24/01/30 02:53:16 INFO SharedState: Warehouse path is 'file:/home/juniortemgoua0/DataLake/spark-warehouse'.
[2024-01-30T02:53:18.510+0000] {spark_submit.py:571} INFO - ************************************************
[2024-01-30T02:53:18.511+0000] {spark_submit.py:571} INFO - Date d'exécution  : 2024-01-30
[2024-01-30T02:53:18.522+0000] {spark_submit.py:571} INFO - ************************************************
[2024-01-30T02:53:21.728+0000] {spark_submit.py:571} INFO - Exception in thread "main" org.apache.spark.sql.AnalysisException: [PATH_NOT_FOUND] Path does not exist: hdfs://localhost:9000/data-lake/raw/football_data/competitions/2024-01-30/*.json.
[2024-01-30T02:53:21.728+0000] {spark_submit.py:571} INFO - at org.apache.spark.sql.errors.QueryCompilationErrors$.dataPathNotExistError(QueryCompilationErrors.scala:1500)
[2024-01-30T02:53:21.729+0000] {spark_submit.py:571} INFO - at org.apache.spark.sql.execution.datasources.DataSource$.$anonfun$checkAndGlobPathIfNecessary$3(DataSource.scala:743)
[2024-01-30T02:53:21.729+0000] {spark_submit.py:571} INFO - at org.apache.spark.util.ThreadUtils$.$anonfun$parmap$2(ThreadUtils.scala:380)
[2024-01-30T02:53:21.729+0000] {spark_submit.py:571} INFO - at scala.concurrent.Future$.$anonfun$apply$1(Future.scala:659)
[2024-01-30T02:53:21.729+0000] {spark_submit.py:571} INFO - at scala.util.Success.$anonfun$map$1(Try.scala:255)
[2024-01-30T02:53:21.729+0000] {spark_submit.py:571} INFO - at scala.util.Success.map(Try.scala:213)
[2024-01-30T02:53:21.730+0000] {spark_submit.py:571} INFO - at scala.concurrent.Future.$anonfun$map$1(Future.scala:292)
[2024-01-30T02:53:21.730+0000] {spark_submit.py:571} INFO - at scala.concurrent.impl.Promise.liftedTree1$1(Promise.scala:33)
[2024-01-30T02:53:21.730+0000] {spark_submit.py:571} INFO - at scala.concurrent.impl.Promise.$anonfun$transform$1(Promise.scala:33)
[2024-01-30T02:53:21.730+0000] {spark_submit.py:571} INFO - at scala.concurrent.impl.CallbackRunnable.run(Promise.scala:64)
[2024-01-30T02:53:21.731+0000] {spark_submit.py:571} INFO - at java.base/java.util.concurrent.ForkJoinTask$RunnableExecuteAction.exec(ForkJoinTask.java:1395)
[2024-01-30T02:53:21.731+0000] {spark_submit.py:571} INFO - at java.base/java.util.concurrent.ForkJoinTask.doExec(ForkJoinTask.java:373)
[2024-01-30T02:53:21.731+0000] {spark_submit.py:571} INFO - at java.base/java.util.concurrent.ForkJoinPool$WorkQueue.topLevelExec(ForkJoinPool.java:1182)
[2024-01-30T02:53:21.731+0000] {spark_submit.py:571} INFO - at java.base/java.util.concurrent.ForkJoinPool.scan(ForkJoinPool.java:1655)
[2024-01-30T02:53:21.731+0000] {spark_submit.py:571} INFO - at java.base/java.util.concurrent.ForkJoinPool.runWorker(ForkJoinPool.java:1622)
[2024-01-30T02:53:21.732+0000] {spark_submit.py:571} INFO - at java.base/java.util.concurrent.ForkJoinWorkerThread.run(ForkJoinWorkerThread.java:165)
[2024-01-30T02:53:21.756+0000] {spark_submit.py:571} INFO - 24/01/30 02:53:21 INFO SparkContext: Invoking stop() from shutdown hook
[2024-01-30T02:53:21.758+0000] {spark_submit.py:571} INFO - 24/01/30 02:53:21 INFO SparkContext: SparkContext is stopping with exitCode 0.
[2024-01-30T02:53:21.786+0000] {spark_submit.py:571} INFO - 24/01/30 02:53:21 INFO SparkUI: Stopped Spark web UI at http://instance-1.europe-west9-a.c.data-lake-project-409321.internal:4040
[2024-01-30T02:53:21.826+0000] {spark_submit.py:571} INFO - 24/01/30 02:53:21 INFO MapOutputTrackerMasterEndpoint: MapOutputTrackerMasterEndpoint stopped!
[2024-01-30T02:53:21.897+0000] {spark_submit.py:571} INFO - 24/01/30 02:53:21 INFO MemoryStore: MemoryStore cleared
[2024-01-30T02:53:21.898+0000] {spark_submit.py:571} INFO - 24/01/30 02:53:21 INFO BlockManager: BlockManager stopped
[2024-01-30T02:53:21.919+0000] {spark_submit.py:571} INFO - 24/01/30 02:53:21 INFO BlockManagerMaster: BlockManagerMaster stopped
[2024-01-30T02:53:21.923+0000] {spark_submit.py:571} INFO - 24/01/30 02:53:21 INFO OutputCommitCoordinator$OutputCommitCoordinatorEndpoint: OutputCommitCoordinator stopped!
[2024-01-30T02:53:21.965+0000] {spark_submit.py:571} INFO - 24/01/30 02:53:21 INFO SparkContext: Successfully stopped SparkContext
[2024-01-30T02:53:21.966+0000] {spark_submit.py:571} INFO - 24/01/30 02:53:21 INFO ShutdownHookManager: Shutdown hook called
[2024-01-30T02:53:21.967+0000] {spark_submit.py:571} INFO - 24/01/30 02:53:21 INFO ShutdownHookManager: Deleting directory /tmp/spark-5632b6f1-763a-4169-9bfd-f6172035dc54
[2024-01-30T02:53:21.976+0000] {spark_submit.py:571} INFO - 24/01/30 02:53:21 INFO ShutdownHookManager: Deleting directory /tmp/spark-38a37b3d-e623-4a4a-ac1e-9fd92b28ad9e
[2024-01-30T02:53:22.127+0000] {taskinstance.py:2698} ERROR - Task failed with exception
Traceback (most recent call last):
  File "/home/juniortemgoua0/DataLake/venv/lib/python3.8/site-packages/airflow/models/taskinstance.py", line 433, in _execute_task
    result = execute_callable(context=context, **execute_callable_kwargs)
  File "/home/juniortemgoua0/DataLake/venv/lib/python3.8/site-packages/airflow/providers/apache/spark/operators/spark_submit.py", line 174, in execute
    self._hook.submit(self._application)
  File "/home/juniortemgoua0/DataLake/venv/lib/python3.8/site-packages/airflow/providers/apache/spark/hooks/spark_submit.py", line 502, in submit
    raise AirflowException(
airflow.exceptions.AirflowException: Cannot execute: spark-submit --master local[*] --conf spark.airflow.execution_date=2024-01-30 --name arrow-spark --class RawToFormatted --queue root.default --deploy-mode client /home/juniortemgoua0/DataLake/jobs/processes/scala/spark_process/target/scala-2.12/spark_job_2.12-0.1.0.jar hdfs://localhost:9000/data-lake. Error code is: 1.
[2024-01-30T02:53:22.135+0000] {taskinstance.py:1138} INFO - Marking task as UP_FOR_RETRY. dag_id=manage_data_lake_dag, task_id=local_job_raw_to_formatted, execution_date=20240130T024616, start_date=20240130T025309, end_date=20240130T025322
[2024-01-30T02:53:22.163+0000] {standard_task_runner.py:107} ERROR - Failed to execute job 178 for task local_job_raw_to_formatted (Cannot execute: spark-submit --master local[*] --conf spark.airflow.execution_date=2024-01-30 --name arrow-spark --class RawToFormatted --queue root.default --deploy-mode client /home/juniortemgoua0/DataLake/jobs/processes/scala/spark_process/target/scala-2.12/spark_job_2.12-0.1.0.jar hdfs://localhost:9000/data-lake. Error code is: 1.; 18358)
[2024-01-30T02:53:22.212+0000] {local_task_job_runner.py:234} INFO - Task exited with return code 1
[2024-01-30T02:53:22.265+0000] {taskinstance.py:3280} INFO - 0 downstream tasks scheduled from follow-on schedule check
