[2024-01-30T15:55:34.495+0000] {taskinstance.py:1956} INFO - Dependencies all met for dep_context=non-requeueable deps ti=<TaskInstance: manage_data_lake_dag.dataproc_job_raw_to_formatted scheduled__2024-01-01T00:00:00+00:00 [queued]>
[2024-01-30T15:55:34.502+0000] {taskinstance.py:1956} INFO - Dependencies all met for dep_context=requeueable deps ti=<TaskInstance: manage_data_lake_dag.dataproc_job_raw_to_formatted scheduled__2024-01-01T00:00:00+00:00 [queued]>
[2024-01-30T15:55:34.502+0000] {taskinstance.py:2170} INFO - Starting attempt 1 of 6
[2024-01-30T15:55:34.518+0000] {taskinstance.py:2191} INFO - Executing <Task(DataprocSubmitJobOperator): dataproc_job_raw_to_formatted> on 2024-01-01 00:00:00+00:00
[2024-01-30T15:55:34.524+0000] {standard_task_runner.py:60} INFO - Started process 61037 to run task
[2024-01-30T15:55:34.531+0000] {standard_task_runner.py:87} INFO - Running: ['airflow', 'tasks', 'run', 'manage_data_lake_dag', 'dataproc_job_raw_to_formatted', 'scheduled__2024-01-01T00:00:00+00:00', '--job-id', '254', '--raw', '--subdir', 'DAGS_FOLDER/data_lake_dag.py', '--cfg-path', '/tmp/tmppuxfpyl9']
[2024-01-30T15:55:34.534+0000] {standard_task_runner.py:88} INFO - Job 254: Subtask dataproc_job_raw_to_formatted
[2024-01-30T15:55:34.583+0000] {task_command.py:423} INFO - Running <TaskInstance: manage_data_lake_dag.dataproc_job_raw_to_formatted scheduled__2024-01-01T00:00:00+00:00 [running]> on host instance-1.europe-west9-a.c.data-lake-project-409321.internal
[2024-01-30T15:55:34.655+0000] {taskinstance.py:2480} INFO - Exporting env vars: AIRFLOW_CTX_DAG_OWNER='juniortemgoua0' AIRFLOW_CTX_DAG_ID='manage_data_lake_dag' AIRFLOW_CTX_TASK_ID='dataproc_job_raw_to_formatted' AIRFLOW_CTX_EXECUTION_DATE='2024-01-01T00:00:00+00:00' AIRFLOW_CTX_TRY_NUMBER='1' AIRFLOW_CTX_DAG_RUN_ID='scheduled__2024-01-01T00:00:00+00:00'
[2024-01-30T15:55:34.657+0000] {dataproc.py:2317} INFO - Submitting job
[2024-01-30T15:55:34.663+0000] {connection.py:234} WARNING - Connection schemes (type: google_cloud_platform) shall not contain '_' according to RFC3986.
[2024-01-30T15:55:34.668+0000] {base.py:83} INFO - Using connection ID 'google_cloud_default' for task execution.
[2024-01-30T15:55:34.852+0000] {dataproc.py:2329} INFO - Job 14dff3a6-38a9-4b9c-bddd-535fc311fd47 submitted successfully.
[2024-01-30T15:55:34.864+0000] {dataproc.py:2363} INFO - Waiting for job 14dff3a6-38a9-4b9c-bddd-535fc311fd47 to complete
[2024-01-30T15:56:15.185+0000] {taskinstance.py:2698} ERROR - Task failed with exception
Traceback (most recent call last):
  File "/home/juniortemgoua0/DataLake/venv/lib/python3.8/site-packages/airflow/models/taskinstance.py", line 433, in _execute_task
    result = execute_callable(context=context, **execute_callable_kwargs)
  File "/home/juniortemgoua0/DataLake/venv/lib/python3.8/site-packages/airflow/providers/google/cloud/operators/dataproc.py", line 2364, in execute
    self.hook.wait_for_job(
  File "/home/juniortemgoua0/DataLake/venv/lib/python3.8/site-packages/airflow/providers/google/common/hooks/base_google.py", line 482, in inner_wrapper
    return func(self, *args, **kwargs)
  File "/home/juniortemgoua0/DataLake/venv/lib/python3.8/site-packages/airflow/providers/google/cloud/hooks/dataproc.py", line 740, in wait_for_job
    raise AirflowException(f"Job failed:\n{job}")
airflow.exceptions.AirflowException: Job failed:
reference {
  project_id: "data-lake-project-409321"
  job_id: "14dff3a6-38a9-4b9c-bddd-535fc311fd47"
}
placement {
  cluster_name: "cluster-f499"
  cluster_uuid: "13fc8c1e-24fd-4462-8a44-4c3a49636ea2"
}
spark_job {
  main_class: "RawToFormatted"
  args: "gs://data-lake-buck"
  args: "dataproc"
  jar_file_uris: "gs://data-lake-buck/spark_job_2.12-0.1.0.jar"
  properties {
    key: "spark.airflow.execution_date"
    value: "2024-01-01"
  }
}
status {
  state: ERROR
  details: "Job failed with message [Exception in thread \"main\" org.apache.spark.sql.AnalysisException: Path does not exist: gs://data-lake-buck/raw/football_data/competitions/2024-01-01/*.json]. Additional details can be found at:\nhttps://console.cloud.google.com/dataproc/jobs/14dff3a6-38a9-4b9c-bddd-535fc311fd47?project=data-lake-project-409321&region=europe-west9\ngcloud dataproc jobs wait \'14dff3a6-38a9-4b9c-bddd-535fc311fd47\' --region \'europe-west9\' --project \'data-lake-project-409321\'\nhttps://console.cloud.google.com/storage/browser/dataproc-staging-europe-west9-58760042001-uborul6i/google-cloud-dataproc-metainfo/13fc8c1e-24fd-4462-8a44-4c3a49636ea2/jobs/14dff3a6-38a9-4b9c-bddd-535fc311fd47/\ngs://dataproc-staging-europe-west9-58760042001-uborul6i/google-cloud-dataproc-metainfo/13fc8c1e-24fd-4462-8a44-4c3a49636ea2/jobs/14dff3a6-38a9-4b9c-bddd-535fc311fd47/driveroutput.*"
  state_start_time {
    seconds: 1706630169
    nanos: 43211000
  }
}
status_history {
  state: PENDING
  state_start_time {
    seconds: 1706630134
    nanos: 837640000
  }
}
status_history {
  state: SETUP_DONE
  state_start_time {
    seconds: 1706630134
    nanos: 883529000
  }
}
status_history {
  state: RUNNING
  state_start_time {
    seconds: 1706630135
    nanos: 216233000
  }
}
yarn_applications {
  name: "RawToFormatted"
  state: FINISHED
  progress: 1
  tracking_url: "http://cluster-f499-m.europe-west9-c.c.data-lake-project-409321.internal.:8088/proxy/application_1706622505355_0019/"
}
driver_output_resource_uri: "gs://dataproc-staging-europe-west9-58760042001-uborul6i/google-cloud-dataproc-metainfo/13fc8c1e-24fd-4462-8a44-4c3a49636ea2/jobs/14dff3a6-38a9-4b9c-bddd-535fc311fd47/driveroutput"
driver_control_files_uri: "gs://dataproc-staging-europe-west9-58760042001-uborul6i/google-cloud-dataproc-metainfo/13fc8c1e-24fd-4462-8a44-4c3a49636ea2/jobs/14dff3a6-38a9-4b9c-bddd-535fc311fd47/"
job_uuid: "14dff3a6-38a9-4b9c-bddd-535fc311fd47"
done: true

[2024-01-30T15:56:15.189+0000] {taskinstance.py:1138} INFO - Marking task as UP_FOR_RETRY. dag_id=manage_data_lake_dag, task_id=dataproc_job_raw_to_formatted, execution_date=20240101T000000, start_date=20240130T155534, end_date=20240130T155615
[2024-01-30T15:56:15.201+0000] {standard_task_runner.py:107} ERROR - Failed to execute job 254 for task dataproc_job_raw_to_formatted (Job failed:
reference {
  project_id: "data-lake-project-409321"
  job_id: "14dff3a6-38a9-4b9c-bddd-535fc311fd47"
}
placement {
  cluster_name: "cluster-f499"
  cluster_uuid: "13fc8c1e-24fd-4462-8a44-4c3a49636ea2"
}
spark_job {
  main_class: "RawToFormatted"
  args: "gs://data-lake-buck"
  args: "dataproc"
  jar_file_uris: "gs://data-lake-buck/spark_job_2.12-0.1.0.jar"
  properties {
    key: "spark.airflow.execution_date"
    value: "2024-01-01"
  }
}
status {
  state: ERROR
  details: "Job failed with message [Exception in thread \"main\" org.apache.spark.sql.AnalysisException: Path does not exist: gs://data-lake-buck/raw/football_data/competitions/2024-01-01/*.json]. Additional details can be found at:\nhttps://console.cloud.google.com/dataproc/jobs/14dff3a6-38a9-4b9c-bddd-535fc311fd47?project=data-lake-project-409321&region=europe-west9\ngcloud dataproc jobs wait \'14dff3a6-38a9-4b9c-bddd-535fc311fd47\' --region \'europe-west9\' --project \'data-lake-project-409321\'\nhttps://console.cloud.google.com/storage/browser/dataproc-staging-europe-west9-58760042001-uborul6i/google-cloud-dataproc-metainfo/13fc8c1e-24fd-4462-8a44-4c3a49636ea2/jobs/14dff3a6-38a9-4b9c-bddd-535fc311fd47/\ngs://dataproc-staging-europe-west9-58760042001-uborul6i/google-cloud-dataproc-metainfo/13fc8c1e-24fd-4462-8a44-4c3a49636ea2/jobs/14dff3a6-38a9-4b9c-bddd-535fc311fd47/driveroutput.*"
  state_start_time {
    seconds: 1706630169
    nanos: 43211000
  }
}
status_history {
  state: PENDING
  state_start_time {
    seconds: 1706630134
    nanos: 837640000
  }
}
status_history {
  state: SETUP_DONE
  state_start_time {
    seconds: 1706630134
    nanos: 883529000
  }
}
status_history {
  state: RUNNING
  state_start_time {
    seconds: 1706630135
    nanos: 216233000
  }
}
yarn_applications {
  name: "RawToFormatted"
  state: FINISHED
  progress: 1
  tracking_url: "http://cluster-f499-m.europe-west9-c.c.data-lake-project-409321.internal.:8088/proxy/application_1706622505355_0019/"
}
driver_output_resource_uri: "gs://dataproc-staging-europe-west9-58760042001-uborul6i/google-cloud-dataproc-metainfo/13fc8c1e-24fd-4462-8a44-4c3a49636ea2/jobs/14dff3a6-38a9-4b9c-bddd-535fc311fd47/driveroutput"
driver_control_files_uri: "gs://dataproc-staging-europe-west9-58760042001-uborul6i/google-cloud-dataproc-metainfo/13fc8c1e-24fd-4462-8a44-4c3a49636ea2/jobs/14dff3a6-38a9-4b9c-bddd-535fc311fd47/"
job_uuid: "14dff3a6-38a9-4b9c-bddd-535fc311fd47"
done: true
; 61037)
[2024-01-30T15:56:15.212+0000] {local_task_job_runner.py:234} INFO - Task exited with return code 1
[2024-01-30T15:56:15.230+0000] {taskinstance.py:3280} INFO - 0 downstream tasks scheduled from follow-on schedule check
[2024-01-31T08:57:27.458+0000] {taskinstance.py:1956} INFO - Dependencies all met for dep_context=non-requeueable deps ti=<TaskInstance: manage_data_lake_dag.dataproc_job_raw_to_formatted scheduled__2024-01-01T00:00:00+00:00 [queued]>
[2024-01-31T08:57:27.466+0000] {taskinstance.py:1956} INFO - Dependencies all met for dep_context=requeueable deps ti=<TaskInstance: manage_data_lake_dag.dataproc_job_raw_to_formatted scheduled__2024-01-01T00:00:00+00:00 [queued]>
[2024-01-31T08:57:27.467+0000] {taskinstance.py:2170} INFO - Starting attempt 1 of 6
[2024-01-31T08:57:27.483+0000] {taskinstance.py:2191} INFO - Executing <Task(DataprocSubmitJobOperator): dataproc_job_raw_to_formatted> on 2024-01-01 00:00:00+00:00
[2024-01-31T08:57:27.489+0000] {standard_task_runner.py:60} INFO - Started process 149306 to run task
[2024-01-31T08:57:27.496+0000] {standard_task_runner.py:87} INFO - Running: ['airflow', 'tasks', 'run', 'manage_data_lake_dag', 'dataproc_job_raw_to_formatted', 'scheduled__2024-01-01T00:00:00+00:00', '--job-id', '261', '--raw', '--subdir', 'DAGS_FOLDER/data_lake_dag.py', '--cfg-path', '/tmp/tmpmr86ey5j']
[2024-01-31T08:57:27.499+0000] {standard_task_runner.py:88} INFO - Job 261: Subtask dataproc_job_raw_to_formatted
[2024-01-31T08:57:27.555+0000] {task_command.py:423} INFO - Running <TaskInstance: manage_data_lake_dag.dataproc_job_raw_to_formatted scheduled__2024-01-01T00:00:00+00:00 [running]> on host instance-1.europe-west9-a.c.data-lake-project-409321.internal
[2024-01-31T08:57:27.626+0000] {taskinstance.py:2480} INFO - Exporting env vars: AIRFLOW_CTX_DAG_OWNER='juniortemgoua0' AIRFLOW_CTX_DAG_ID='manage_data_lake_dag' AIRFLOW_CTX_TASK_ID='dataproc_job_raw_to_formatted' AIRFLOW_CTX_EXECUTION_DATE='2024-01-01T00:00:00+00:00' AIRFLOW_CTX_TRY_NUMBER='1' AIRFLOW_CTX_DAG_RUN_ID='scheduled__2024-01-01T00:00:00+00:00'
[2024-01-31T08:57:27.628+0000] {dataproc.py:2317} INFO - Submitting job
[2024-01-31T08:57:27.633+0000] {connection.py:234} WARNING - Connection schemes (type: google_cloud_platform) shall not contain '_' according to RFC3986.
[2024-01-31T08:57:27.638+0000] {base.py:83} INFO - Using connection ID 'google_cloud_default' for task execution.
[2024-01-31T08:57:27.794+0000] {dataproc.py:2329} INFO - Job e6cdf0bc-bffa-4bec-ad31-816e4ebc7120 submitted successfully.
[2024-01-31T08:57:27.806+0000] {dataproc.py:2363} INFO - Waiting for job e6cdf0bc-bffa-4bec-ad31-816e4ebc7120 to complete
[2024-01-31T08:59:48.727+0000] {dataproc.py:2367} INFO - Job e6cdf0bc-bffa-4bec-ad31-816e4ebc7120 completed successfully.
[2024-01-31T08:59:48.741+0000] {taskinstance.py:1138} INFO - Marking task as SUCCESS. dag_id=manage_data_lake_dag, task_id=dataproc_job_raw_to_formatted, execution_date=20240101T000000, start_date=20240131T085727, end_date=20240131T085948
[2024-01-31T08:59:48.771+0000] {local_task_job_runner.py:234} INFO - Task exited with return code 0
[2024-01-31T08:59:48.797+0000] {taskinstance.py:3280} INFO - 1 downstream tasks scheduled from follow-on schedule check
