[2024-01-30T17:43:15.356+0000] {taskinstance.py:1956} INFO - Dependencies all met for dep_context=non-requeueable deps ti=<TaskInstance: manage_data_lake_dag.dataproc_job_raw_to_formatted scheduled__2024-01-13T00:00:00+00:00 [queued]>
[2024-01-30T17:43:15.364+0000] {taskinstance.py:1956} INFO - Dependencies all met for dep_context=requeueable deps ti=<TaskInstance: manage_data_lake_dag.dataproc_job_raw_to_formatted scheduled__2024-01-13T00:00:00+00:00 [queued]>
[2024-01-30T17:43:15.364+0000] {taskinstance.py:2170} INFO - Starting attempt 2 of 6
[2024-01-30T17:43:15.382+0000] {taskinstance.py:2191} INFO - Executing <Task(DataprocSubmitJobOperator): dataproc_job_raw_to_formatted> on 2024-01-13 00:00:00+00:00
[2024-01-30T17:43:15.391+0000] {standard_task_runner.py:60} INFO - Started process 70555 to run task
[2024-01-30T17:43:15.396+0000] {standard_task_runner.py:87} INFO - Running: ['airflow', 'tasks', 'run', 'manage_data_lake_dag', 'dataproc_job_raw_to_formatted', 'scheduled__2024-01-13T00:00:00+00:00', '--job-id', '329', '--raw', '--subdir', 'DAGS_FOLDER/data_lake_dag.py', '--cfg-path', '/tmp/tmppjdhv0sv']
[2024-01-30T17:43:15.400+0000] {standard_task_runner.py:88} INFO - Job 329: Subtask dataproc_job_raw_to_formatted
[2024-01-30T17:43:15.450+0000] {task_command.py:423} INFO - Running <TaskInstance: manage_data_lake_dag.dataproc_job_raw_to_formatted scheduled__2024-01-13T00:00:00+00:00 [running]> on host instance-1.europe-west9-a.c.data-lake-project-409321.internal
[2024-01-30T17:43:15.522+0000] {taskinstance.py:2480} INFO - Exporting env vars: AIRFLOW_CTX_DAG_OWNER='juniortemgoua0' AIRFLOW_CTX_DAG_ID='manage_data_lake_dag' AIRFLOW_CTX_TASK_ID='dataproc_job_raw_to_formatted' AIRFLOW_CTX_EXECUTION_DATE='2024-01-13T00:00:00+00:00' AIRFLOW_CTX_TRY_NUMBER='2' AIRFLOW_CTX_DAG_RUN_ID='scheduled__2024-01-13T00:00:00+00:00'
[2024-01-30T17:43:15.524+0000] {dataproc.py:2317} INFO - Submitting job
[2024-01-30T17:43:15.530+0000] {connection.py:234} WARNING - Connection schemes (type: google_cloud_platform) shall not contain '_' according to RFC3986.
[2024-01-30T17:43:15.535+0000] {base.py:83} INFO - Using connection ID 'google_cloud_default' for task execution.
[2024-01-30T17:43:15.675+0000] {dataproc.py:2329} INFO - Job fe611917-f6d9-4fa9-ac91-2c614fe7fee5 submitted successfully.
[2024-01-30T17:43:15.687+0000] {dataproc.py:2363} INFO - Waiting for job fe611917-f6d9-4fa9-ac91-2c614fe7fee5 to complete
[2024-01-30T17:44:16.159+0000] {taskinstance.py:2698} ERROR - Task failed with exception
Traceback (most recent call last):
  File "/home/juniortemgoua0/DataLake/venv/lib/python3.8/site-packages/airflow/models/taskinstance.py", line 433, in _execute_task
    result = execute_callable(context=context, **execute_callable_kwargs)
  File "/home/juniortemgoua0/DataLake/venv/lib/python3.8/site-packages/airflow/providers/google/cloud/operators/dataproc.py", line 2364, in execute
    self.hook.wait_for_job(
  File "/home/juniortemgoua0/DataLake/venv/lib/python3.8/site-packages/airflow/providers/google/common/hooks/base_google.py", line 482, in inner_wrapper
    return func(self, *args, **kwargs)
  File "/home/juniortemgoua0/DataLake/venv/lib/python3.8/site-packages/airflow/providers/google/cloud/hooks/dataproc.py", line 740, in wait_for_job
    raise AirflowException(f"Job failed:\n{job}")
airflow.exceptions.AirflowException: Job failed:
reference {
  project_id: "data-lake-project-409321"
  job_id: "fe611917-f6d9-4fa9-ac91-2c614fe7fee5"
}
placement {
  cluster_name: "cluster-f499"
  cluster_uuid: "13fc8c1e-24fd-4462-8a44-4c3a49636ea2"
}
spark_job {
  main_class: "RawToFormatted"
  args: "gs://data-lake-buck"
  args: "dataproc"
  jar_file_uris: "gs://data-lake-buck/spark_job_2.12-0.1.0.jar"
  properties {
    key: "spark.airflow.execution_date"
    value: "2024-01-13"
  }
}
status {
  state: ERROR
  details: "Google Cloud Dataproc Agent reports job failure. If logs are available, they can be found at:\nhttps://console.cloud.google.com/dataproc/jobs/fe611917-f6d9-4fa9-ac91-2c614fe7fee5?project=data-lake-project-409321&region=europe-west9\ngcloud dataproc jobs wait \'fe611917-f6d9-4fa9-ac91-2c614fe7fee5\' --region \'europe-west9\' --project \'data-lake-project-409321\'\nhttps://console.cloud.google.com/storage/browser/dataproc-staging-europe-west9-58760042001-uborul6i/google-cloud-dataproc-metainfo/13fc8c1e-24fd-4462-8a44-4c3a49636ea2/jobs/fe611917-f6d9-4fa9-ac91-2c614fe7fee5/\ngs://dataproc-staging-europe-west9-58760042001-uborul6i/google-cloud-dataproc-metainfo/13fc8c1e-24fd-4462-8a44-4c3a49636ea2/jobs/fe611917-f6d9-4fa9-ac91-2c614fe7fee5/driveroutput.*"
  state_start_time {
    seconds: 1706636647
    nanos: 308445000
  }
}
status_history {
  state: PENDING
  state_start_time {
    seconds: 1706636595
    nanos: 660609000
  }
}
status_history {
  state: SETUP_DONE
  state_start_time {
    seconds: 1706636595
    nanos: 705418000
  }
}
status_history {
  state: RUNNING
  state_start_time {
    seconds: 1706636595
    nanos: 943415000
  }
}
yarn_applications {
  name: "RawToFormatted"
  state: FINISHED
  progress: 1
  tracking_url: "http://cluster-f499-m.europe-west9-c.c.data-lake-project-409321.internal.:8088/proxy/application_1706622505355_0080/"
}
driver_output_resource_uri: "gs://dataproc-staging-europe-west9-58760042001-uborul6i/google-cloud-dataproc-metainfo/13fc8c1e-24fd-4462-8a44-4c3a49636ea2/jobs/fe611917-f6d9-4fa9-ac91-2c614fe7fee5/driveroutput"
driver_control_files_uri: "gs://dataproc-staging-europe-west9-58760042001-uborul6i/google-cloud-dataproc-metainfo/13fc8c1e-24fd-4462-8a44-4c3a49636ea2/jobs/fe611917-f6d9-4fa9-ac91-2c614fe7fee5/"
job_uuid: "fe611917-f6d9-4fa9-ac91-2c614fe7fee5"
done: true

[2024-01-30T17:44:16.163+0000] {taskinstance.py:1138} INFO - Marking task as UP_FOR_RETRY. dag_id=manage_data_lake_dag, task_id=dataproc_job_raw_to_formatted, execution_date=20240113T000000, start_date=20240130T174315, end_date=20240130T174416
[2024-01-30T17:44:16.176+0000] {standard_task_runner.py:107} ERROR - Failed to execute job 329 for task dataproc_job_raw_to_formatted (Job failed:
reference {
  project_id: "data-lake-project-409321"
  job_id: "fe611917-f6d9-4fa9-ac91-2c614fe7fee5"
}
placement {
  cluster_name: "cluster-f499"
  cluster_uuid: "13fc8c1e-24fd-4462-8a44-4c3a49636ea2"
}
spark_job {
  main_class: "RawToFormatted"
  args: "gs://data-lake-buck"
  args: "dataproc"
  jar_file_uris: "gs://data-lake-buck/spark_job_2.12-0.1.0.jar"
  properties {
    key: "spark.airflow.execution_date"
    value: "2024-01-13"
  }
}
status {
  state: ERROR
  details: "Google Cloud Dataproc Agent reports job failure. If logs are available, they can be found at:\nhttps://console.cloud.google.com/dataproc/jobs/fe611917-f6d9-4fa9-ac91-2c614fe7fee5?project=data-lake-project-409321&region=europe-west9\ngcloud dataproc jobs wait \'fe611917-f6d9-4fa9-ac91-2c614fe7fee5\' --region \'europe-west9\' --project \'data-lake-project-409321\'\nhttps://console.cloud.google.com/storage/browser/dataproc-staging-europe-west9-58760042001-uborul6i/google-cloud-dataproc-metainfo/13fc8c1e-24fd-4462-8a44-4c3a49636ea2/jobs/fe611917-f6d9-4fa9-ac91-2c614fe7fee5/\ngs://dataproc-staging-europe-west9-58760042001-uborul6i/google-cloud-dataproc-metainfo/13fc8c1e-24fd-4462-8a44-4c3a49636ea2/jobs/fe611917-f6d9-4fa9-ac91-2c614fe7fee5/driveroutput.*"
  state_start_time {
    seconds: 1706636647
    nanos: 308445000
  }
}
status_history {
  state: PENDING
  state_start_time {
    seconds: 1706636595
    nanos: 660609000
  }
}
status_history {
  state: SETUP_DONE
  state_start_time {
    seconds: 1706636595
    nanos: 705418000
  }
}
status_history {
  state: RUNNING
  state_start_time {
    seconds: 1706636595
    nanos: 943415000
  }
}
yarn_applications {
  name: "RawToFormatted"
  state: FINISHED
  progress: 1
  tracking_url: "http://cluster-f499-m.europe-west9-c.c.data-lake-project-409321.internal.:8088/proxy/application_1706622505355_0080/"
}
driver_output_resource_uri: "gs://dataproc-staging-europe-west9-58760042001-uborul6i/google-cloud-dataproc-metainfo/13fc8c1e-24fd-4462-8a44-4c3a49636ea2/jobs/fe611917-f6d9-4fa9-ac91-2c614fe7fee5/driveroutput"
driver_control_files_uri: "gs://dataproc-staging-europe-west9-58760042001-uborul6i/google-cloud-dataproc-metainfo/13fc8c1e-24fd-4462-8a44-4c3a49636ea2/jobs/fe611917-f6d9-4fa9-ac91-2c614fe7fee5/"
job_uuid: "fe611917-f6d9-4fa9-ac91-2c614fe7fee5"
done: true
; 70555)
[2024-01-30T17:44:16.212+0000] {local_task_job_runner.py:234} INFO - Task exited with return code 1
[2024-01-30T17:44:16.230+0000] {taskinstance.py:3280} INFO - 0 downstream tasks scheduled from follow-on schedule check
