[2024-01-29T07:25:25.135+0000] {taskinstance.py:1956} INFO - Dependencies all met for dep_context=non-requeueable deps ti=<TaskInstance: manage_data_lake_dag.extract_data_and_load_to_gs manual__2024-01-29T07:25:21.715747+00:00 [queued]>
[2024-01-29T07:25:25.140+0000] {taskinstance.py:1956} INFO - Dependencies all met for dep_context=requeueable deps ti=<TaskInstance: manage_data_lake_dag.extract_data_and_load_to_gs manual__2024-01-29T07:25:21.715747+00:00 [queued]>
[2024-01-29T07:25:25.140+0000] {taskinstance.py:2170} INFO - Starting attempt 1 of 6
[2024-01-29T07:25:25.154+0000] {taskinstance.py:2191} INFO - Executing <Task(PythonOperator): extract_data_and_load_to_gs> on 2024-01-29 07:25:21.715747+00:00
[2024-01-29T07:25:25.158+0000] {standard_task_runner.py:60} INFO - Started process 50547 to run task
[2024-01-29T07:25:25.164+0000] {standard_task_runner.py:87} INFO - Running: ['airflow', 'tasks', 'run', 'manage_data_lake_dag', 'extract_data_and_load_to_gs', 'manual__2024-01-29T07:25:21.715747+00:00', '--job-id', '33', '--raw', '--subdir', 'DAGS_FOLDER/data_lake_dag.py', '--cfg-path', '/tmp/tmpclt4ox2a']
[2024-01-29T07:25:25.170+0000] {standard_task_runner.py:88} INFO - Job 33: Subtask extract_data_and_load_to_gs
[2024-01-29T07:25:25.248+0000] {task_command.py:423} INFO - Running <TaskInstance: manage_data_lake_dag.extract_data_and_load_to_gs manual__2024-01-29T07:25:21.715747+00:00 [running]> on host instance-1.europe-west9-a.c.data-lake-project-409321.internal
[2024-01-29T07:25:25.309+0000] {taskinstance.py:2480} INFO - Exporting env vars: AIRFLOW_CTX_DAG_OWNER='juniortemgoua0' AIRFLOW_CTX_DAG_ID='manage_data_lake_dag' AIRFLOW_CTX_TASK_ID='extract_data_and_load_to_gs' AIRFLOW_CTX_EXECUTION_DATE='2024-01-29T07:25:21.715747+00:00' AIRFLOW_CTX_TRY_NUMBER='1' AIRFLOW_CTX_DAG_RUN_ID='manual__2024-01-29T07:25:21.715747+00:00'
[2024-01-29T07:25:25.312+0000] {taskinstance.py:2698} ERROR - Task failed with exception
Traceback (most recent call last):
  File "/home/juniortemgoua0/DataLake/venv/lib/python3.8/site-packages/airflow/models/taskinstance.py", line 433, in _execute_task
    result = execute_callable(context=context, **execute_callable_kwargs)
  File "/home/juniortemgoua0/DataLake/venv/lib/python3.8/site-packages/airflow/operators/python.py", line 199, in execute
    return_value = self.execute_callable()
  File "/home/juniortemgoua0/DataLake/venv/lib/python3.8/site-packages/airflow/operators/python.py", line 216, in execute_callable
    return self.python_callable(*self.op_args, **self.op_kwargs)
  File "/home/juniortemgoua0/DataLake/airflow/dags/data_lake_dag.py", line 9, in hello
    print(f"================{json.dumps(kwargs, indent=2)}")
  File "/usr/lib/python3.8/json/__init__.py", line 234, in dumps
    return cls(
  File "/usr/lib/python3.8/json/encoder.py", line 201, in encode
    chunks = list(chunks)
  File "/usr/lib/python3.8/json/encoder.py", line 431, in _iterencode
    yield from _iterencode_dict(o, _current_indent_level)
  File "/usr/lib/python3.8/json/encoder.py", line 405, in _iterencode_dict
    yield from chunks
  File "/usr/lib/python3.8/json/encoder.py", line 438, in _iterencode
    o = _default(o)
  File "/usr/lib/python3.8/json/encoder.py", line 179, in default
    raise TypeError(f'Object of type {o.__class__.__name__} '
TypeError: Object of type AirflowConfigParser is not JSON serializable
[2024-01-29T07:25:25.318+0000] {taskinstance.py:1138} INFO - Marking task as UP_FOR_RETRY. dag_id=manage_data_lake_dag, task_id=extract_data_and_load_to_gs, execution_date=20240129T072521, start_date=20240129T072525, end_date=20240129T072525
[2024-01-29T07:25:25.330+0000] {standard_task_runner.py:107} ERROR - Failed to execute job 33 for task extract_data_and_load_to_gs (Object of type AirflowConfigParser is not JSON serializable; 50547)
[2024-01-29T07:25:25.376+0000] {local_task_job_runner.py:234} INFO - Task exited with return code 1
[2024-01-29T07:25:25.389+0000] {taskinstance.py:3280} INFO - 0 downstream tasks scheduled from follow-on schedule check
