[2024-01-30T02:49:22.548+0000] {taskinstance.py:1956} INFO - Dependencies all met for dep_context=non-requeueable deps ti=<TaskInstance: manage_data_lake_dag.local_job_raw_to_formatted scheduled__2024-01-14T00:00:00+00:00 [queued]>
[2024-01-30T02:49:22.553+0000] {taskinstance.py:1956} INFO - Dependencies all met for dep_context=requeueable deps ti=<TaskInstance: manage_data_lake_dag.local_job_raw_to_formatted scheduled__2024-01-14T00:00:00+00:00 [queued]>
[2024-01-30T02:49:22.554+0000] {taskinstance.py:2170} INFO - Starting attempt 1 of 6
[2024-01-30T02:49:22.566+0000] {taskinstance.py:2191} INFO - Executing <Task(SparkSubmitOperator): local_job_raw_to_formatted> on 2024-01-14 00:00:00+00:00
[2024-01-30T02:49:22.571+0000] {standard_task_runner.py:60} INFO - Started process 16254 to run task
[2024-01-30T02:49:22.576+0000] {standard_task_runner.py:87} INFO - Running: ['airflow', 'tasks', 'run', 'manage_data_lake_dag', 'local_job_raw_to_formatted', 'scheduled__2024-01-14T00:00:00+00:00', '--job-id', '161', '--raw', '--subdir', 'DAGS_FOLDER/data_lake_dag.py', '--cfg-path', '/tmp/tmpf12dbqhd']
[2024-01-30T02:49:22.579+0000] {standard_task_runner.py:88} INFO - Job 161: Subtask local_job_raw_to_formatted
[2024-01-30T02:49:22.620+0000] {task_command.py:423} INFO - Running <TaskInstance: manage_data_lake_dag.local_job_raw_to_formatted scheduled__2024-01-14T00:00:00+00:00 [running]> on host instance-1.europe-west9-a.c.data-lake-project-409321.internal
[2024-01-30T02:49:22.674+0000] {taskinstance.py:2480} INFO - Exporting env vars: AIRFLOW_CTX_DAG_OWNER='juniortemgoua0' AIRFLOW_CTX_DAG_ID='manage_data_lake_dag' AIRFLOW_CTX_TASK_ID='local_job_raw_to_formatted' AIRFLOW_CTX_EXECUTION_DATE='2024-01-14T00:00:00+00:00' AIRFLOW_CTX_TRY_NUMBER='1' AIRFLOW_CTX_DAG_RUN_ID='scheduled__2024-01-14T00:00:00+00:00'
[2024-01-30T02:49:22.680+0000] {base.py:83} INFO - Using connection ID 'spark_default' for task execution.
[2024-01-30T02:49:22.682+0000] {spark_submit.py:401} INFO - Spark-Submit cmd: spark-submit --master local[*] --conf spark.airflow.execution_date=2024-01-14 --name arrow-spark --class RawToFormatted --queue root.default --deploy-mode client /home/juniortemgoua0/DataLake/jobs/processes/scala/spark_process/target/scala-2.12/spark_job_2.12-0.1.0.jar hdfs://localhost:9000/data-lake
[2024-01-30T02:49:25.229+0000] {spark_submit.py:571} INFO - 24/01/30 02:49:25 INFO SparkContext: Running Spark version 3.5.0
[2024-01-30T02:49:25.233+0000] {spark_submit.py:571} INFO - 24/01/30 02:49:25 INFO SparkContext: OS info Linux, 5.15.0-1049-gcp, amd64
[2024-01-30T02:49:25.234+0000] {spark_submit.py:571} INFO - 24/01/30 02:49:25 INFO SparkContext: Java version 17.0.9
[2024-01-30T02:49:25.369+0000] {spark_submit.py:571} INFO - 24/01/30 02:49:25 WARN NativeCodeLoader: Unable to load native-hadoop library for your platform... using builtin-java classes where applicable
[2024-01-30T02:49:25.536+0000] {spark_submit.py:571} INFO - 24/01/30 02:49:25 INFO ResourceUtils: ==============================================================
[2024-01-30T02:49:25.538+0000] {spark_submit.py:571} INFO - 24/01/30 02:49:25 INFO ResourceUtils: No custom resources configured for spark.driver.
[2024-01-30T02:49:25.538+0000] {spark_submit.py:571} INFO - 24/01/30 02:49:25 INFO ResourceUtils: ==============================================================
[2024-01-30T02:49:25.542+0000] {spark_submit.py:571} INFO - 24/01/30 02:49:25 INFO SparkContext: Submitted application: RawToFormatted
[2024-01-30T02:49:25.586+0000] {spark_submit.py:571} INFO - 24/01/30 02:49:25 INFO ResourceProfile: Default ResourceProfile created, executor resources: Map(cores -> name: cores, amount: 1, script: , vendor: , memory -> name: memory, amount: 1024, script: , vendor: , offHeap -> name: offHeap, amount: 0, script: , vendor: ), task resources: Map(cpus -> name: cpus, amount: 1.0)
[2024-01-30T02:49:25.598+0000] {spark_submit.py:571} INFO - 24/01/30 02:49:25 INFO ResourceProfile: Limiting resource is cpu
[2024-01-30T02:49:25.599+0000] {spark_submit.py:571} INFO - 24/01/30 02:49:25 INFO ResourceProfileManager: Added ResourceProfile id: 0
[2024-01-30T02:49:25.681+0000] {spark_submit.py:571} INFO - 24/01/30 02:49:25 INFO SecurityManager: Changing view acls to: juniortemgoua0
[2024-01-30T02:49:25.682+0000] {spark_submit.py:571} INFO - 24/01/30 02:49:25 INFO SecurityManager: Changing modify acls to: juniortemgoua0
[2024-01-30T02:49:25.683+0000] {spark_submit.py:571} INFO - 24/01/30 02:49:25 INFO SecurityManager: Changing view acls groups to:
[2024-01-30T02:49:25.684+0000] {spark_submit.py:571} INFO - 24/01/30 02:49:25 INFO SecurityManager: Changing modify acls groups to:
[2024-01-30T02:49:25.684+0000] {spark_submit.py:571} INFO - 24/01/30 02:49:25 INFO SecurityManager: SecurityManager: authentication disabled; ui acls disabled; users with view permissions: juniortemgoua0; groups with view permissions: EMPTY; users with modify permissions: juniortemgoua0; groups with modify permissions: EMPTY
[2024-01-30T02:49:26.088+0000] {spark_submit.py:571} INFO - 24/01/30 02:49:26 INFO Utils: Successfully started service 'sparkDriver' on port 41679.
[2024-01-30T02:49:26.129+0000] {spark_submit.py:571} INFO - 24/01/30 02:49:26 INFO SparkEnv: Registering MapOutputTracker
[2024-01-30T02:49:26.184+0000] {spark_submit.py:571} INFO - 24/01/30 02:49:26 INFO SparkEnv: Registering BlockManagerMaster
[2024-01-30T02:49:26.213+0000] {spark_submit.py:571} INFO - 24/01/30 02:49:26 INFO BlockManagerMasterEndpoint: Using org.apache.spark.storage.DefaultTopologyMapper for getting topology information
[2024-01-30T02:49:26.213+0000] {spark_submit.py:571} INFO - 24/01/30 02:49:26 INFO BlockManagerMasterEndpoint: BlockManagerMasterEndpoint up
[2024-01-30T02:49:26.218+0000] {spark_submit.py:571} INFO - 24/01/30 02:49:26 INFO SparkEnv: Registering BlockManagerMasterHeartbeat
[2024-01-30T02:49:26.248+0000] {spark_submit.py:571} INFO - 24/01/30 02:49:26 INFO DiskBlockManager: Created local directory at /tmp/blockmgr-81a88ce8-1b45-48f6-91ef-740b9d41c451
[2024-01-30T02:49:26.272+0000] {spark_submit.py:571} INFO - 24/01/30 02:49:26 INFO MemoryStore: MemoryStore started with capacity 434.4 MiB
[2024-01-30T02:49:26.295+0000] {spark_submit.py:571} INFO - 24/01/30 02:49:26 INFO SparkEnv: Registering OutputCommitCoordinator
[2024-01-30T02:49:26.508+0000] {spark_submit.py:571} INFO - 24/01/30 02:49:26 INFO JettyUtils: Start Jetty 0.0.0.0:4040 for SparkUI
[2024-01-30T02:49:26.604+0000] {spark_submit.py:571} INFO - 24/01/30 02:49:26 INFO Utils: Successfully started service 'SparkUI' on port 4040.
[2024-01-30T02:49:26.675+0000] {spark_submit.py:571} INFO - 24/01/30 02:49:26 INFO SparkContext: Added JAR file:/home/juniortemgoua0/DataLake/jobs/processes/scala/spark_process/target/scala-2.12/spark_job_2.12-0.1.0.jar at spark://instance-1.europe-west9-a.c.data-lake-project-409321.internal:41679/jars/spark_job_2.12-0.1.0.jar with timestamp 1706582965214
[2024-01-30T02:49:26.793+0000] {spark_submit.py:571} INFO - 24/01/30 02:49:26 INFO Executor: Starting executor ID driver on host instance-1.europe-west9-a.c.data-lake-project-409321.internal
[2024-01-30T02:49:26.794+0000] {spark_submit.py:571} INFO - 24/01/30 02:49:26 INFO Executor: OS info Linux, 5.15.0-1049-gcp, amd64
[2024-01-30T02:49:26.795+0000] {spark_submit.py:571} INFO - 24/01/30 02:49:26 INFO Executor: Java version 17.0.9
[2024-01-30T02:49:26.808+0000] {spark_submit.py:571} INFO - 24/01/30 02:49:26 INFO Executor: Starting executor with user classpath (userClassPathFirst = false): ''
[2024-01-30T02:49:26.809+0000] {spark_submit.py:571} INFO - 24/01/30 02:49:26 INFO Executor: Created or updated repl class loader org.apache.spark.util.MutableURLClassLoader@6ed043d3 for default.
[2024-01-30T02:49:26.826+0000] {spark_submit.py:571} INFO - 24/01/30 02:49:26 INFO Executor: Fetching spark://instance-1.europe-west9-a.c.data-lake-project-409321.internal:41679/jars/spark_job_2.12-0.1.0.jar with timestamp 1706582965214
[2024-01-30T02:49:26.961+0000] {spark_submit.py:571} INFO - 24/01/30 02:49:26 INFO TransportClientFactory: Successfully created connection to instance-1.europe-west9-a.c.data-lake-project-409321.internal/10.200.0.5:41679 after 68 ms (0 ms spent in bootstraps)
[2024-01-30T02:49:26.974+0000] {spark_submit.py:571} INFO - 24/01/30 02:49:26 INFO Utils: Fetching spark://instance-1.europe-west9-a.c.data-lake-project-409321.internal:41679/jars/spark_job_2.12-0.1.0.jar to /tmp/spark-7e8d35f2-f6b1-419c-890d-90f1798d5a8c/userFiles-9851c176-af67-4760-b80d-2f4a9c15f4cf/fetchFileTemp2841707042992586310.tmp
[2024-01-30T02:49:27.009+0000] {spark_submit.py:571} INFO - 24/01/30 02:49:27 INFO Executor: Adding file:/tmp/spark-7e8d35f2-f6b1-419c-890d-90f1798d5a8c/userFiles-9851c176-af67-4760-b80d-2f4a9c15f4cf/spark_job_2.12-0.1.0.jar to class loader default
[2024-01-30T02:49:27.019+0000] {spark_submit.py:571} INFO - 24/01/30 02:49:27 INFO Utils: Successfully started service 'org.apache.spark.network.netty.NettyBlockTransferService' on port 43997.
[2024-01-30T02:49:27.020+0000] {spark_submit.py:571} INFO - 24/01/30 02:49:27 INFO NettyBlockTransferService: Server created on instance-1.europe-west9-a.c.data-lake-project-409321.internal:43997
[2024-01-30T02:49:27.022+0000] {spark_submit.py:571} INFO - 24/01/30 02:49:27 INFO BlockManager: Using org.apache.spark.storage.RandomBlockReplicationPolicy for block replication policy
[2024-01-30T02:49:27.040+0000] {spark_submit.py:571} INFO - 24/01/30 02:49:27 INFO BlockManagerMaster: Registering BlockManager BlockManagerId(driver, instance-1.europe-west9-a.c.data-lake-project-409321.internal, 43997, None)
[2024-01-30T02:49:27.044+0000] {spark_submit.py:571} INFO - 24/01/30 02:49:27 INFO BlockManagerMasterEndpoint: Registering block manager instance-1.europe-west9-a.c.data-lake-project-409321.internal:43997 with 434.4 MiB RAM, BlockManagerId(driver, instance-1.europe-west9-a.c.data-lake-project-409321.internal, 43997, None)
[2024-01-30T02:49:27.048+0000] {spark_submit.py:571} INFO - 24/01/30 02:49:27 INFO BlockManagerMaster: Registered BlockManager BlockManagerId(driver, instance-1.europe-west9-a.c.data-lake-project-409321.internal, 43997, None)
[2024-01-30T02:49:27.050+0000] {spark_submit.py:571} INFO - 24/01/30 02:49:27 INFO BlockManager: Initialized BlockManager: BlockManagerId(driver, instance-1.europe-west9-a.c.data-lake-project-409321.internal, 43997, None)
[2024-01-30T02:49:28.141+0000] {spark_submit.py:571} INFO - 24/01/30 02:49:28 INFO SharedState: Setting hive.metastore.warehouse.dir ('null') to the value of spark.sql.warehouse.dir.
[2024-01-30T02:49:28.151+0000] {spark_submit.py:571} INFO - 24/01/30 02:49:28 INFO SharedState: Warehouse path is 'file:/home/juniortemgoua0/DataLake/spark-warehouse'.
[2024-01-30T02:49:29.052+0000] {spark_submit.py:571} INFO - ************************************************
[2024-01-30T02:49:29.053+0000] {spark_submit.py:571} INFO - Date d'exécution  : 2024-01-14
[2024-01-30T02:49:29.053+0000] {spark_submit.py:571} INFO - ************************************************
[2024-01-30T02:49:30.160+0000] {spark_submit.py:571} INFO - Exception in thread "main" org.apache.spark.sql.AnalysisException: [PATH_NOT_FOUND] Path does not exist: hdfs://localhost:9000/data-lake/raw/football_data/competitions/2024-01-14/*.json.
[2024-01-30T02:49:30.161+0000] {spark_submit.py:571} INFO - at org.apache.spark.sql.errors.QueryCompilationErrors$.dataPathNotExistError(QueryCompilationErrors.scala:1500)
[2024-01-30T02:49:30.161+0000] {spark_submit.py:571} INFO - at org.apache.spark.sql.execution.datasources.DataSource$.$anonfun$checkAndGlobPathIfNecessary$3(DataSource.scala:743)
[2024-01-30T02:49:30.161+0000] {spark_submit.py:571} INFO - at org.apache.spark.util.ThreadUtils$.$anonfun$parmap$2(ThreadUtils.scala:380)
[2024-01-30T02:49:30.161+0000] {spark_submit.py:571} INFO - at scala.concurrent.Future$.$anonfun$apply$1(Future.scala:659)
[2024-01-30T02:49:30.161+0000] {spark_submit.py:571} INFO - at scala.util.Success.$anonfun$map$1(Try.scala:255)
[2024-01-30T02:49:30.161+0000] {spark_submit.py:571} INFO - at scala.util.Success.map(Try.scala:213)
[2024-01-30T02:49:30.162+0000] {spark_submit.py:571} INFO - at scala.concurrent.Future.$anonfun$map$1(Future.scala:292)
[2024-01-30T02:49:30.162+0000] {spark_submit.py:571} INFO - at scala.concurrent.impl.Promise.liftedTree1$1(Promise.scala:33)
[2024-01-30T02:49:30.162+0000] {spark_submit.py:571} INFO - at scala.concurrent.impl.Promise.$anonfun$transform$1(Promise.scala:33)
[2024-01-30T02:49:30.162+0000] {spark_submit.py:571} INFO - at scala.concurrent.impl.CallbackRunnable.run(Promise.scala:64)
[2024-01-30T02:49:30.162+0000] {spark_submit.py:571} INFO - at java.base/java.util.concurrent.ForkJoinTask$RunnableExecuteAction.exec(ForkJoinTask.java:1395)
[2024-01-30T02:49:30.162+0000] {spark_submit.py:571} INFO - at java.base/java.util.concurrent.ForkJoinTask.doExec(ForkJoinTask.java:373)
[2024-01-30T02:49:30.163+0000] {spark_submit.py:571} INFO - at java.base/java.util.concurrent.ForkJoinPool$WorkQueue.topLevelExec(ForkJoinPool.java:1182)
[2024-01-30T02:49:30.163+0000] {spark_submit.py:571} INFO - at java.base/java.util.concurrent.ForkJoinPool.scan(ForkJoinPool.java:1655)
[2024-01-30T02:49:30.163+0000] {spark_submit.py:571} INFO - at java.base/java.util.concurrent.ForkJoinPool.runWorker(ForkJoinPool.java:1622)
[2024-01-30T02:49:30.163+0000] {spark_submit.py:571} INFO - at java.base/java.util.concurrent.ForkJoinWorkerThread.run(ForkJoinWorkerThread.java:165)
[2024-01-30T02:49:30.171+0000] {spark_submit.py:571} INFO - 24/01/30 02:49:30 INFO SparkContext: Invoking stop() from shutdown hook
[2024-01-30T02:49:30.172+0000] {spark_submit.py:571} INFO - 24/01/30 02:49:30 INFO SparkContext: SparkContext is stopping with exitCode 0.
[2024-01-30T02:49:30.187+0000] {spark_submit.py:571} INFO - 24/01/30 02:49:30 INFO SparkUI: Stopped Spark web UI at http://instance-1.europe-west9-a.c.data-lake-project-409321.internal:4040
[2024-01-30T02:49:30.205+0000] {spark_submit.py:571} INFO - 24/01/30 02:49:30 INFO MapOutputTrackerMasterEndpoint: MapOutputTrackerMasterEndpoint stopped!
[2024-01-30T02:49:30.216+0000] {spark_submit.py:571} INFO - 24/01/30 02:49:30 INFO MemoryStore: MemoryStore cleared
[2024-01-30T02:49:30.219+0000] {spark_submit.py:571} INFO - 24/01/30 02:49:30 INFO BlockManager: BlockManager stopped
[2024-01-30T02:49:30.226+0000] {spark_submit.py:571} INFO - 24/01/30 02:49:30 INFO BlockManagerMaster: BlockManagerMaster stopped
[2024-01-30T02:49:30.229+0000] {spark_submit.py:571} INFO - 24/01/30 02:49:30 INFO OutputCommitCoordinator$OutputCommitCoordinatorEndpoint: OutputCommitCoordinator stopped!
[2024-01-30T02:49:30.239+0000] {spark_submit.py:571} INFO - 24/01/30 02:49:30 INFO SparkContext: Successfully stopped SparkContext
[2024-01-30T02:49:30.239+0000] {spark_submit.py:571} INFO - 24/01/30 02:49:30 INFO ShutdownHookManager: Shutdown hook called
[2024-01-30T02:49:30.240+0000] {spark_submit.py:571} INFO - 24/01/30 02:49:30 INFO ShutdownHookManager: Deleting directory /tmp/spark-3d263464-e7b7-4df0-8d77-ff188a67e41c
[2024-01-30T02:49:30.243+0000] {spark_submit.py:571} INFO - 24/01/30 02:49:30 INFO ShutdownHookManager: Deleting directory /tmp/spark-7e8d35f2-f6b1-419c-890d-90f1798d5a8c
[2024-01-30T02:49:30.303+0000] {taskinstance.py:2698} ERROR - Task failed with exception
Traceback (most recent call last):
  File "/home/juniortemgoua0/DataLake/venv/lib/python3.8/site-packages/airflow/models/taskinstance.py", line 433, in _execute_task
    result = execute_callable(context=context, **execute_callable_kwargs)
  File "/home/juniortemgoua0/DataLake/venv/lib/python3.8/site-packages/airflow/providers/apache/spark/operators/spark_submit.py", line 174, in execute
    self._hook.submit(self._application)
  File "/home/juniortemgoua0/DataLake/venv/lib/python3.8/site-packages/airflow/providers/apache/spark/hooks/spark_submit.py", line 502, in submit
    raise AirflowException(
airflow.exceptions.AirflowException: Cannot execute: spark-submit --master local[*] --conf spark.airflow.execution_date=2024-01-14 --name arrow-spark --class RawToFormatted --queue root.default --deploy-mode client /home/juniortemgoua0/DataLake/jobs/processes/scala/spark_process/target/scala-2.12/spark_job_2.12-0.1.0.jar hdfs://localhost:9000/data-lake. Error code is: 1.
[2024-01-30T02:49:30.306+0000] {taskinstance.py:1138} INFO - Marking task as UP_FOR_RETRY. dag_id=manage_data_lake_dag, task_id=local_job_raw_to_formatted, execution_date=20240114T000000, start_date=20240130T024922, end_date=20240130T024930
[2024-01-30T02:49:30.319+0000] {standard_task_runner.py:107} ERROR - Failed to execute job 161 for task local_job_raw_to_formatted (Cannot execute: spark-submit --master local[*] --conf spark.airflow.execution_date=2024-01-14 --name arrow-spark --class RawToFormatted --queue root.default --deploy-mode client /home/juniortemgoua0/DataLake/jobs/processes/scala/spark_process/target/scala-2.12/spark_job_2.12-0.1.0.jar hdfs://localhost:9000/data-lake. Error code is: 1.; 16254)
[2024-01-30T02:49:30.327+0000] {local_task_job_runner.py:234} INFO - Task exited with return code 1
[2024-01-30T02:49:30.343+0000] {taskinstance.py:3280} INFO - 0 downstream tasks scheduled from follow-on schedule check
[2024-01-30T03:08:57.347+0000] {taskinstance.py:1956} INFO - Dependencies all met for dep_context=non-requeueable deps ti=<TaskInstance: manage_data_lake_dag.local_job_raw_to_formatted scheduled__2024-01-14T00:00:00+00:00 [queued]>
[2024-01-30T03:08:57.355+0000] {taskinstance.py:1956} INFO - Dependencies all met for dep_context=requeueable deps ti=<TaskInstance: manage_data_lake_dag.local_job_raw_to_formatted scheduled__2024-01-14T00:00:00+00:00 [queued]>
[2024-01-30T03:08:57.355+0000] {taskinstance.py:2170} INFO - Starting attempt 1 of 6
[2024-01-30T03:08:57.369+0000] {taskinstance.py:2191} INFO - Executing <Task(SparkSubmitOperator): local_job_raw_to_formatted> on 2024-01-14 00:00:00+00:00
[2024-01-30T03:08:57.376+0000] {standard_task_runner.py:60} INFO - Started process 24230 to run task
[2024-01-30T03:08:57.400+0000] {standard_task_runner.py:87} INFO - Running: ['airflow', 'tasks', 'run', 'manage_data_lake_dag', 'local_job_raw_to_formatted', 'scheduled__2024-01-14T00:00:00+00:00', '--job-id', '149', '--raw', '--subdir', 'DAGS_FOLDER/data_lake_dag.py', '--cfg-path', '/tmp/tmpzcqqoy0p']
[2024-01-30T03:08:57.401+0000] {standard_task_runner.py:88} INFO - Job 149: Subtask local_job_raw_to_formatted
[2024-01-30T03:08:57.463+0000] {task_command.py:423} INFO - Running <TaskInstance: manage_data_lake_dag.local_job_raw_to_formatted scheduled__2024-01-14T00:00:00+00:00 [running]> on host instance-1.europe-west9-a.c.data-lake-project-409321.internal
[2024-01-30T03:08:57.527+0000] {taskinstance.py:2480} INFO - Exporting env vars: AIRFLOW_CTX_DAG_OWNER='juniortemgoua0' AIRFLOW_CTX_DAG_ID='manage_data_lake_dag' AIRFLOW_CTX_TASK_ID='local_job_raw_to_formatted' AIRFLOW_CTX_EXECUTION_DATE='2024-01-14T00:00:00+00:00' AIRFLOW_CTX_TRY_NUMBER='1' AIRFLOW_CTX_DAG_RUN_ID='scheduled__2024-01-14T00:00:00+00:00'
[2024-01-30T03:08:57.532+0000] {base.py:83} INFO - Using connection ID 'spark_default' for task execution.
[2024-01-30T03:08:57.534+0000] {spark_submit.py:401} INFO - Spark-Submit cmd: spark-submit --master local[*] --conf spark.airflow.execution_date=2024-01-14 --name arrow-spark --class RawToFormatted --queue root.default --deploy-mode client /home/juniortemgoua0/DataLake/jobs/processes/scala/spark_process/target/scala-2.12/spark_job_2.12-0.1.0.jar hdfs://localhost:9000/data-lake
[2024-01-30T03:09:01.822+0000] {spark_submit.py:571} INFO - 24/01/30 03:09:01 INFO SparkContext: Running Spark version 3.5.0
[2024-01-30T03:09:01.832+0000] {spark_submit.py:571} INFO - 24/01/30 03:09:01 INFO SparkContext: OS info Linux, 5.15.0-1049-gcp, amd64
[2024-01-30T03:09:01.834+0000] {spark_submit.py:571} INFO - 24/01/30 03:09:01 INFO SparkContext: Java version 17.0.9
[2024-01-30T03:09:02.087+0000] {spark_submit.py:571} INFO - 24/01/30 03:09:02 WARN NativeCodeLoader: Unable to load native-hadoop library for your platform... using builtin-java classes where applicable
[2024-01-30T03:09:02.456+0000] {spark_submit.py:571} INFO - 24/01/30 03:09:02 INFO ResourceUtils: ==============================================================
[2024-01-30T03:09:02.457+0000] {spark_submit.py:571} INFO - 24/01/30 03:09:02 INFO ResourceUtils: No custom resources configured for spark.driver.
[2024-01-30T03:09:02.458+0000] {spark_submit.py:571} INFO - 24/01/30 03:09:02 INFO ResourceUtils: ==============================================================
[2024-01-30T03:09:02.460+0000] {spark_submit.py:571} INFO - 24/01/30 03:09:02 INFO SparkContext: Submitted application: RawToFormatted
[2024-01-30T03:09:02.559+0000] {spark_submit.py:571} INFO - 24/01/30 03:09:02 INFO ResourceProfile: Default ResourceProfile created, executor resources: Map(cores -> name: cores, amount: 1, script: , vendor: , memory -> name: memory, amount: 1024, script: , vendor: , offHeap -> name: offHeap, amount: 0, script: , vendor: ), task resources: Map(cpus -> name: cpus, amount: 1.0)
[2024-01-30T03:09:02.622+0000] {spark_submit.py:571} INFO - 24/01/30 03:09:02 INFO ResourceProfile: Limiting resource is cpu
[2024-01-30T03:09:02.625+0000] {spark_submit.py:571} INFO - 24/01/30 03:09:02 INFO ResourceProfileManager: Added ResourceProfile id: 0
[2024-01-30T03:09:02.877+0000] {spark_submit.py:571} INFO - 24/01/30 03:09:02 INFO SecurityManager: Changing view acls to: juniortemgoua0
[2024-01-30T03:09:02.880+0000] {spark_submit.py:571} INFO - 24/01/30 03:09:02 INFO SecurityManager: Changing modify acls to: juniortemgoua0
[2024-01-30T03:09:02.883+0000] {spark_submit.py:571} INFO - 24/01/30 03:09:02 INFO SecurityManager: Changing view acls groups to:
[2024-01-30T03:09:02.885+0000] {spark_submit.py:571} INFO - 24/01/30 03:09:02 INFO SecurityManager: Changing modify acls groups to:
[2024-01-30T03:09:02.888+0000] {spark_submit.py:571} INFO - 24/01/30 03:09:02 INFO SecurityManager: SecurityManager: authentication disabled; ui acls disabled; users with view permissions: juniortemgoua0; groups with view permissions: EMPTY; users with modify permissions: juniortemgoua0; groups with modify permissions: EMPTY
[2024-01-30T03:09:03.689+0000] {spark_submit.py:571} INFO - 24/01/30 03:09:03 INFO Utils: Successfully started service 'sparkDriver' on port 35725.
[2024-01-30T03:09:03.809+0000] {spark_submit.py:571} INFO - 24/01/30 03:09:03 INFO SparkEnv: Registering MapOutputTracker
[2024-01-30T03:09:03.977+0000] {spark_submit.py:571} INFO - 24/01/30 03:09:03 INFO SparkEnv: Registering BlockManagerMaster
[2024-01-30T03:09:04.045+0000] {spark_submit.py:571} INFO - 24/01/30 03:09:04 INFO BlockManagerMasterEndpoint: Using org.apache.spark.storage.DefaultTopologyMapper for getting topology information
[2024-01-30T03:09:04.046+0000] {spark_submit.py:571} INFO - 24/01/30 03:09:04 INFO BlockManagerMasterEndpoint: BlockManagerMasterEndpoint up
[2024-01-30T03:09:04.054+0000] {spark_submit.py:571} INFO - 24/01/30 03:09:04 INFO SparkEnv: Registering BlockManagerMasterHeartbeat
[2024-01-30T03:09:04.096+0000] {spark_submit.py:571} INFO - 24/01/30 03:09:04 INFO DiskBlockManager: Created local directory at /tmp/blockmgr-162ecb5c-9e85-4c9d-9e12-b9fbf6486152
[2024-01-30T03:09:04.119+0000] {spark_submit.py:571} INFO - 24/01/30 03:09:04 INFO MemoryStore: MemoryStore started with capacity 434.4 MiB
[2024-01-30T03:09:04.138+0000] {spark_submit.py:571} INFO - 24/01/30 03:09:04 INFO SparkEnv: Registering OutputCommitCoordinator
[2024-01-30T03:09:04.874+0000] {spark_submit.py:571} INFO - 24/01/30 03:09:04 INFO JettyUtils: Start Jetty 0.0.0.0:4040 for SparkUI
[2024-01-30T03:09:05.356+0000] {spark_submit.py:571} INFO - 24/01/30 03:09:05 INFO Utils: Successfully started service 'SparkUI' on port 4040.
[2024-01-30T03:09:05.473+0000] {spark_submit.py:571} INFO - 24/01/30 03:09:05 INFO SparkContext: Added JAR file:/home/juniortemgoua0/DataLake/jobs/processes/scala/spark_process/target/scala-2.12/spark_job_2.12-0.1.0.jar at spark://instance-1.europe-west9-a.c.data-lake-project-409321.internal:35725/jars/spark_job_2.12-0.1.0.jar with timestamp 1706584141795
[2024-01-30T03:09:05.739+0000] {spark_submit.py:571} INFO - 24/01/30 03:09:05 INFO Executor: Starting executor ID driver on host instance-1.europe-west9-a.c.data-lake-project-409321.internal
[2024-01-30T03:09:05.742+0000] {spark_submit.py:571} INFO - 24/01/30 03:09:05 INFO Executor: OS info Linux, 5.15.0-1049-gcp, amd64
[2024-01-30T03:09:05.743+0000] {spark_submit.py:571} INFO - 24/01/30 03:09:05 INFO Executor: Java version 17.0.9
[2024-01-30T03:09:05.771+0000] {spark_submit.py:571} INFO - 24/01/30 03:09:05 INFO Executor: Starting executor with user classpath (userClassPathFirst = false): ''
[2024-01-30T03:09:05.773+0000] {spark_submit.py:571} INFO - 24/01/30 03:09:05 INFO Executor: Created or updated repl class loader org.apache.spark.util.MutableURLClassLoader@6ed043d3 for default.
[2024-01-30T03:09:05.833+0000] {spark_submit.py:571} INFO - 24/01/30 03:09:05 INFO Executor: Fetching spark://instance-1.europe-west9-a.c.data-lake-project-409321.internal:35725/jars/spark_job_2.12-0.1.0.jar with timestamp 1706584141795
[2024-01-30T03:09:06.115+0000] {spark_submit.py:571} INFO - 24/01/30 03:09:06 INFO TransportClientFactory: Successfully created connection to instance-1.europe-west9-a.c.data-lake-project-409321.internal/10.200.0.5:35725 after 140 ms (0 ms spent in bootstraps)
[2024-01-30T03:09:06.165+0000] {spark_submit.py:571} INFO - 24/01/30 03:09:06 INFO Utils: Fetching spark://instance-1.europe-west9-a.c.data-lake-project-409321.internal:35725/jars/spark_job_2.12-0.1.0.jar to /tmp/spark-be92c718-f86b-40df-a565-566aa0b4389f/userFiles-7b36f866-cfaa-4068-a06e-ae35a9abf404/fetchFileTemp2590784087188101663.tmp
[2024-01-30T03:09:06.297+0000] {spark_submit.py:571} INFO - 24/01/30 03:09:06 INFO Executor: Adding file:/tmp/spark-be92c718-f86b-40df-a565-566aa0b4389f/userFiles-7b36f866-cfaa-4068-a06e-ae35a9abf404/spark_job_2.12-0.1.0.jar to class loader default
[2024-01-30T03:09:06.346+0000] {spark_submit.py:571} INFO - 24/01/30 03:09:06 INFO Utils: Successfully started service 'org.apache.spark.network.netty.NettyBlockTransferService' on port 40565.
[2024-01-30T03:09:06.347+0000] {spark_submit.py:571} INFO - 24/01/30 03:09:06 INFO NettyBlockTransferService: Server created on instance-1.europe-west9-a.c.data-lake-project-409321.internal:40565
[2024-01-30T03:09:06.356+0000] {spark_submit.py:571} INFO - 24/01/30 03:09:06 INFO BlockManager: Using org.apache.spark.storage.RandomBlockReplicationPolicy for block replication policy
[2024-01-30T03:09:06.395+0000] {spark_submit.py:571} INFO - 24/01/30 03:09:06 INFO BlockManagerMaster: Registering BlockManager BlockManagerId(driver, instance-1.europe-west9-a.c.data-lake-project-409321.internal, 40565, None)
[2024-01-30T03:09:06.401+0000] {spark_submit.py:571} INFO - 24/01/30 03:09:06 INFO BlockManagerMasterEndpoint: Registering block manager instance-1.europe-west9-a.c.data-lake-project-409321.internal:40565 with 434.4 MiB RAM, BlockManagerId(driver, instance-1.europe-west9-a.c.data-lake-project-409321.internal, 40565, None)
[2024-01-30T03:09:06.408+0000] {spark_submit.py:571} INFO - 24/01/30 03:09:06 INFO BlockManagerMaster: Registered BlockManager BlockManagerId(driver, instance-1.europe-west9-a.c.data-lake-project-409321.internal, 40565, None)
[2024-01-30T03:09:06.411+0000] {spark_submit.py:571} INFO - 24/01/30 03:09:06 INFO BlockManager: Initialized BlockManager: BlockManagerId(driver, instance-1.europe-west9-a.c.data-lake-project-409321.internal, 40565, None)
[2024-01-30T03:09:10.345+0000] {spark_submit.py:571} INFO - 24/01/30 03:09:10 INFO SharedState: Setting hive.metastore.warehouse.dir ('null') to the value of spark.sql.warehouse.dir.
[2024-01-30T03:09:10.395+0000] {spark_submit.py:571} INFO - 24/01/30 03:09:10 INFO SharedState: Warehouse path is 'file:/home/juniortemgoua0/DataLake/spark-warehouse'.
[2024-01-30T03:09:14.104+0000] {spark_submit.py:571} INFO - ************************************************
[2024-01-30T03:09:14.104+0000] {spark_submit.py:571} INFO - Date d'exécution  : 2024-01-14
[2024-01-30T03:09:14.104+0000] {spark_submit.py:571} INFO - ************************************************
[2024-01-30T03:09:17.832+0000] {spark_submit.py:571} INFO - Exception in thread "main" org.apache.spark.sql.AnalysisException: [PATH_NOT_FOUND] Path does not exist: hdfs://localhost:9000/data-lake/raw/football_data/competitions/2024-01-14/*.json.
[2024-01-30T03:09:17.832+0000] {spark_submit.py:571} INFO - at org.apache.spark.sql.errors.QueryCompilationErrors$.dataPathNotExistError(QueryCompilationErrors.scala:1500)
[2024-01-30T03:09:17.833+0000] {spark_submit.py:571} INFO - at org.apache.spark.sql.execution.datasources.DataSource$.$anonfun$checkAndGlobPathIfNecessary$3(DataSource.scala:743)
[2024-01-30T03:09:17.833+0000] {spark_submit.py:571} INFO - at org.apache.spark.util.ThreadUtils$.$anonfun$parmap$2(ThreadUtils.scala:380)
[2024-01-30T03:09:17.833+0000] {spark_submit.py:571} INFO - at scala.concurrent.Future$.$anonfun$apply$1(Future.scala:659)
[2024-01-30T03:09:17.833+0000] {spark_submit.py:571} INFO - at scala.util.Success.$anonfun$map$1(Try.scala:255)
[2024-01-30T03:09:17.833+0000] {spark_submit.py:571} INFO - at scala.util.Success.map(Try.scala:213)
[2024-01-30T03:09:17.834+0000] {spark_submit.py:571} INFO - at scala.concurrent.Future.$anonfun$map$1(Future.scala:292)
[2024-01-30T03:09:17.834+0000] {spark_submit.py:571} INFO - at scala.concurrent.impl.Promise.liftedTree1$1(Promise.scala:33)
[2024-01-30T03:09:17.834+0000] {spark_submit.py:571} INFO - at scala.concurrent.impl.Promise.$anonfun$transform$1(Promise.scala:33)
[2024-01-30T03:09:17.834+0000] {spark_submit.py:571} INFO - at scala.concurrent.impl.CallbackRunnable.run(Promise.scala:64)
[2024-01-30T03:09:17.834+0000] {spark_submit.py:571} INFO - at java.base/java.util.concurrent.ForkJoinTask$RunnableExecuteAction.exec(ForkJoinTask.java:1395)
[2024-01-30T03:09:17.835+0000] {spark_submit.py:571} INFO - at java.base/java.util.concurrent.ForkJoinTask.doExec(ForkJoinTask.java:373)
[2024-01-30T03:09:17.835+0000] {spark_submit.py:571} INFO - at java.base/java.util.concurrent.ForkJoinPool$WorkQueue.topLevelExec(ForkJoinPool.java:1182)
[2024-01-30T03:09:17.835+0000] {spark_submit.py:571} INFO - at java.base/java.util.concurrent.ForkJoinPool.scan(ForkJoinPool.java:1655)
[2024-01-30T03:09:17.836+0000] {spark_submit.py:571} INFO - at java.base/java.util.concurrent.ForkJoinPool.runWorker(ForkJoinPool.java:1622)
[2024-01-30T03:09:17.836+0000] {spark_submit.py:571} INFO - at java.base/java.util.concurrent.ForkJoinWorkerThread.run(ForkJoinWorkerThread.java:165)
[2024-01-30T03:09:17.841+0000] {spark_submit.py:571} INFO - 24/01/30 03:09:17 INFO SparkContext: Invoking stop() from shutdown hook
[2024-01-30T03:09:17.842+0000] {spark_submit.py:571} INFO - 24/01/30 03:09:17 INFO SparkContext: SparkContext is stopping with exitCode 0.
[2024-01-30T03:09:17.865+0000] {spark_submit.py:571} INFO - 24/01/30 03:09:17 INFO SparkUI: Stopped Spark web UI at http://instance-1.europe-west9-a.c.data-lake-project-409321.internal:4040
[2024-01-30T03:09:17.940+0000] {spark_submit.py:571} INFO - 24/01/30 03:09:17 INFO MapOutputTrackerMasterEndpoint: MapOutputTrackerMasterEndpoint stopped!
[2024-01-30T03:09:17.980+0000] {spark_submit.py:571} INFO - 24/01/30 03:09:17 INFO MemoryStore: MemoryStore cleared
[2024-01-30T03:09:17.982+0000] {spark_submit.py:571} INFO - 24/01/30 03:09:17 INFO BlockManager: BlockManager stopped
[2024-01-30T03:09:17.991+0000] {spark_submit.py:571} INFO - 24/01/30 03:09:17 INFO BlockManagerMaster: BlockManagerMaster stopped
[2024-01-30T03:09:17.997+0000] {spark_submit.py:571} INFO - 24/01/30 03:09:17 INFO OutputCommitCoordinator$OutputCommitCoordinatorEndpoint: OutputCommitCoordinator stopped!
[2024-01-30T03:09:18.046+0000] {spark_submit.py:571} INFO - 24/01/30 03:09:18 INFO SparkContext: Successfully stopped SparkContext
[2024-01-30T03:09:18.046+0000] {spark_submit.py:571} INFO - 24/01/30 03:09:18 INFO ShutdownHookManager: Shutdown hook called
[2024-01-30T03:09:18.048+0000] {spark_submit.py:571} INFO - 24/01/30 03:09:18 INFO ShutdownHookManager: Deleting directory /tmp/spark-be92c718-f86b-40df-a565-566aa0b4389f
[2024-01-30T03:09:18.065+0000] {spark_submit.py:571} INFO - 24/01/30 03:09:18 INFO ShutdownHookManager: Deleting directory /tmp/spark-ebedba84-d68e-4181-add6-8bcc289b9b2c
[2024-01-30T03:09:18.292+0000] {taskinstance.py:2698} ERROR - Task failed with exception
Traceback (most recent call last):
  File "/home/juniortemgoua0/DataLake/venv/lib/python3.8/site-packages/airflow/models/taskinstance.py", line 433, in _execute_task
    result = execute_callable(context=context, **execute_callable_kwargs)
  File "/home/juniortemgoua0/DataLake/venv/lib/python3.8/site-packages/airflow/providers/apache/spark/operators/spark_submit.py", line 174, in execute
    self._hook.submit(self._application)
  File "/home/juniortemgoua0/DataLake/venv/lib/python3.8/site-packages/airflow/providers/apache/spark/hooks/spark_submit.py", line 502, in submit
    raise AirflowException(
airflow.exceptions.AirflowException: Cannot execute: spark-submit --master local[*] --conf spark.airflow.execution_date=2024-01-14 --name arrow-spark --class RawToFormatted --queue root.default --deploy-mode client /home/juniortemgoua0/DataLake/jobs/processes/scala/spark_process/target/scala-2.12/spark_job_2.12-0.1.0.jar hdfs://localhost:9000/data-lake. Error code is: 1.
[2024-01-30T03:09:18.306+0000] {taskinstance.py:1138} INFO - Marking task as UP_FOR_RETRY. dag_id=manage_data_lake_dag, task_id=local_job_raw_to_formatted, execution_date=20240114T000000, start_date=20240130T030857, end_date=20240130T030918
[2024-01-30T03:09:18.323+0000] {standard_task_runner.py:107} ERROR - Failed to execute job 149 for task local_job_raw_to_formatted (Cannot execute: spark-submit --master local[*] --conf spark.airflow.execution_date=2024-01-14 --name arrow-spark --class RawToFormatted --queue root.default --deploy-mode client /home/juniortemgoua0/DataLake/jobs/processes/scala/spark_process/target/scala-2.12/spark_job_2.12-0.1.0.jar hdfs://localhost:9000/data-lake. Error code is: 1.; 24230)
[2024-01-30T03:09:18.337+0000] {local_task_job_runner.py:234} INFO - Task exited with return code 1
[2024-01-30T03:09:18.361+0000] {taskinstance.py:3280} INFO - 0 downstream tasks scheduled from follow-on schedule check
