[2024-01-30T02:54:54.524+0000] {taskinstance.py:1956} INFO - Dependencies all met for dep_context=non-requeueable deps ti=<TaskInstance: manage_data_lake_dag.local_job_raw_to_formatted scheduled__2024-01-14T00:00:00+00:00 [queued]>
[2024-01-30T02:54:54.530+0000] {taskinstance.py:1956} INFO - Dependencies all met for dep_context=requeueable deps ti=<TaskInstance: manage_data_lake_dag.local_job_raw_to_formatted scheduled__2024-01-14T00:00:00+00:00 [queued]>
[2024-01-30T02:54:54.530+0000] {taskinstance.py:2170} INFO - Starting attempt 2 of 6
[2024-01-30T02:54:54.544+0000] {taskinstance.py:2191} INFO - Executing <Task(SparkSubmitOperator): local_job_raw_to_formatted> on 2024-01-14 00:00:00+00:00
[2024-01-30T02:54:54.549+0000] {standard_task_runner.py:60} INFO - Started process 19246 to run task
[2024-01-30T02:54:54.555+0000] {standard_task_runner.py:87} INFO - Running: ['airflow', 'tasks', 'run', 'manage_data_lake_dag', 'local_job_raw_to_formatted', 'scheduled__2024-01-14T00:00:00+00:00', '--job-id', '184', '--raw', '--subdir', 'DAGS_FOLDER/data_lake_dag.py', '--cfg-path', '/tmp/tmp4jkkw77e']
[2024-01-30T02:54:54.557+0000] {standard_task_runner.py:88} INFO - Job 184: Subtask local_job_raw_to_formatted
[2024-01-30T02:54:54.602+0000] {task_command.py:423} INFO - Running <TaskInstance: manage_data_lake_dag.local_job_raw_to_formatted scheduled__2024-01-14T00:00:00+00:00 [running]> on host instance-1.europe-west9-a.c.data-lake-project-409321.internal
[2024-01-30T02:54:54.655+0000] {taskinstance.py:2480} INFO - Exporting env vars: AIRFLOW_CTX_DAG_OWNER='juniortemgoua0' AIRFLOW_CTX_DAG_ID='manage_data_lake_dag' AIRFLOW_CTX_TASK_ID='local_job_raw_to_formatted' AIRFLOW_CTX_EXECUTION_DATE='2024-01-14T00:00:00+00:00' AIRFLOW_CTX_TRY_NUMBER='2' AIRFLOW_CTX_DAG_RUN_ID='scheduled__2024-01-14T00:00:00+00:00'
[2024-01-30T02:54:54.662+0000] {base.py:83} INFO - Using connection ID 'spark_default' for task execution.
[2024-01-30T02:54:54.663+0000] {spark_submit.py:401} INFO - Spark-Submit cmd: spark-submit --master local[*] --conf spark.airflow.execution_date=2024-01-14 --name arrow-spark --class RawToFormatted --queue root.default --deploy-mode client /home/juniortemgoua0/DataLake/jobs/processes/scala/spark_process/target/scala-2.12/spark_job_2.12-0.1.0.jar hdfs://localhost:9000/data-lake
[2024-01-30T02:54:57.282+0000] {spark_submit.py:571} INFO - 24/01/30 02:54:57 INFO SparkContext: Running Spark version 3.5.0
[2024-01-30T02:54:57.292+0000] {spark_submit.py:571} INFO - 24/01/30 02:54:57 INFO SparkContext: OS info Linux, 5.15.0-1049-gcp, amd64
[2024-01-30T02:54:57.294+0000] {spark_submit.py:571} INFO - 24/01/30 02:54:57 INFO SparkContext: Java version 17.0.9
[2024-01-30T02:54:57.454+0000] {spark_submit.py:571} INFO - 24/01/30 02:54:57 WARN NativeCodeLoader: Unable to load native-hadoop library for your platform... using builtin-java classes where applicable
[2024-01-30T02:54:57.645+0000] {spark_submit.py:571} INFO - 24/01/30 02:54:57 INFO ResourceUtils: ==============================================================
[2024-01-30T02:54:57.647+0000] {spark_submit.py:571} INFO - 24/01/30 02:54:57 INFO ResourceUtils: No custom resources configured for spark.driver.
[2024-01-30T02:54:57.649+0000] {spark_submit.py:571} INFO - 24/01/30 02:54:57 INFO ResourceUtils: ==============================================================
[2024-01-30T02:54:57.651+0000] {spark_submit.py:571} INFO - 24/01/30 02:54:57 INFO SparkContext: Submitted application: RawToFormatted
[2024-01-30T02:54:57.695+0000] {spark_submit.py:571} INFO - 24/01/30 02:54:57 INFO ResourceProfile: Default ResourceProfile created, executor resources: Map(cores -> name: cores, amount: 1, script: , vendor: , memory -> name: memory, amount: 1024, script: , vendor: , offHeap -> name: offHeap, amount: 0, script: , vendor: ), task resources: Map(cpus -> name: cpus, amount: 1.0)
[2024-01-30T02:54:57.710+0000] {spark_submit.py:571} INFO - 24/01/30 02:54:57 INFO ResourceProfile: Limiting resource is cpu
[2024-01-30T02:54:57.711+0000] {spark_submit.py:571} INFO - 24/01/30 02:54:57 INFO ResourceProfileManager: Added ResourceProfile id: 0
[2024-01-30T02:54:57.789+0000] {spark_submit.py:571} INFO - 24/01/30 02:54:57 INFO SecurityManager: Changing view acls to: juniortemgoua0
[2024-01-30T02:54:57.790+0000] {spark_submit.py:571} INFO - 24/01/30 02:54:57 INFO SecurityManager: Changing modify acls to: juniortemgoua0
[2024-01-30T02:54:57.791+0000] {spark_submit.py:571} INFO - 24/01/30 02:54:57 INFO SecurityManager: Changing view acls groups to:
[2024-01-30T02:54:57.792+0000] {spark_submit.py:571} INFO - 24/01/30 02:54:57 INFO SecurityManager: Changing modify acls groups to:
[2024-01-30T02:54:57.793+0000] {spark_submit.py:571} INFO - 24/01/30 02:54:57 INFO SecurityManager: SecurityManager: authentication disabled; ui acls disabled; users with view permissions: juniortemgoua0; groups with view permissions: EMPTY; users with modify permissions: juniortemgoua0; groups with modify permissions: EMPTY
[2024-01-30T02:54:58.223+0000] {spark_submit.py:571} INFO - 24/01/30 02:54:58 INFO Utils: Successfully started service 'sparkDriver' on port 38237.
[2024-01-30T02:54:58.369+0000] {spark_submit.py:571} INFO - 24/01/30 02:54:58 INFO SparkEnv: Registering MapOutputTracker
[2024-01-30T02:54:58.478+0000] {spark_submit.py:571} INFO - 24/01/30 02:54:58 INFO SparkEnv: Registering BlockManagerMaster
[2024-01-30T02:54:58.542+0000] {spark_submit.py:571} INFO - 24/01/30 02:54:58 INFO BlockManagerMasterEndpoint: Using org.apache.spark.storage.DefaultTopologyMapper for getting topology information
[2024-01-30T02:54:58.544+0000] {spark_submit.py:571} INFO - 24/01/30 02:54:58 INFO BlockManagerMasterEndpoint: BlockManagerMasterEndpoint up
[2024-01-30T02:54:58.562+0000] {spark_submit.py:571} INFO - 24/01/30 02:54:58 INFO SparkEnv: Registering BlockManagerMasterHeartbeat
[2024-01-30T02:54:58.616+0000] {spark_submit.py:571} INFO - 24/01/30 02:54:58 INFO DiskBlockManager: Created local directory at /tmp/blockmgr-f7af3963-51b8-4d4b-9810-319fdd46f5a2
[2024-01-30T02:54:58.688+0000] {spark_submit.py:571} INFO - 24/01/30 02:54:58 INFO MemoryStore: MemoryStore started with capacity 434.4 MiB
[2024-01-30T02:54:58.735+0000] {spark_submit.py:571} INFO - 24/01/30 02:54:58 INFO SparkEnv: Registering OutputCommitCoordinator
[2024-01-30T02:54:59.148+0000] {spark_submit.py:571} INFO - 24/01/30 02:54:59 INFO JettyUtils: Start Jetty 0.0.0.0:4040 for SparkUI
[2024-01-30T02:54:59.355+0000] {spark_submit.py:571} INFO - 24/01/30 02:54:59 INFO Utils: Successfully started service 'SparkUI' on port 4040.
[2024-01-30T02:54:59.441+0000] {spark_submit.py:571} INFO - 24/01/30 02:54:59 INFO SparkContext: Added JAR file:/home/juniortemgoua0/DataLake/jobs/processes/scala/spark_process/target/scala-2.12/spark_job_2.12-0.1.0.jar at spark://instance-1.europe-west9-a.c.data-lake-project-409321.internal:38237/jars/spark_job_2.12-0.1.0.jar with timestamp 1706583297259
[2024-01-30T02:54:59.558+0000] {spark_submit.py:571} INFO - 24/01/30 02:54:59 INFO Executor: Starting executor ID driver on host instance-1.europe-west9-a.c.data-lake-project-409321.internal
[2024-01-30T02:54:59.561+0000] {spark_submit.py:571} INFO - 24/01/30 02:54:59 INFO Executor: OS info Linux, 5.15.0-1049-gcp, amd64
[2024-01-30T02:54:59.563+0000] {spark_submit.py:571} INFO - 24/01/30 02:54:59 INFO Executor: Java version 17.0.9
[2024-01-30T02:54:59.577+0000] {spark_submit.py:571} INFO - 24/01/30 02:54:59 INFO Executor: Starting executor with user classpath (userClassPathFirst = false): ''
[2024-01-30T02:54:59.578+0000] {spark_submit.py:571} INFO - 24/01/30 02:54:59 INFO Executor: Created or updated repl class loader org.apache.spark.util.MutableURLClassLoader@135a8c6f for default.
[2024-01-30T02:54:59.616+0000] {spark_submit.py:571} INFO - 24/01/30 02:54:59 INFO Executor: Fetching spark://instance-1.europe-west9-a.c.data-lake-project-409321.internal:38237/jars/spark_job_2.12-0.1.0.jar with timestamp 1706583297259
[2024-01-30T02:54:59.739+0000] {spark_submit.py:571} INFO - 24/01/30 02:54:59 INFO TransportClientFactory: Successfully created connection to instance-1.europe-west9-a.c.data-lake-project-409321.internal/10.200.0.5:38237 after 58 ms (0 ms spent in bootstraps)
[2024-01-30T02:54:59.760+0000] {spark_submit.py:571} INFO - 24/01/30 02:54:59 INFO Utils: Fetching spark://instance-1.europe-west9-a.c.data-lake-project-409321.internal:38237/jars/spark_job_2.12-0.1.0.jar to /tmp/spark-2bd5554c-e9cf-4eae-bc12-e169d7b778bb/userFiles-09f81783-680e-4f33-9e64-7a89f1a37b0e/fetchFileTemp12354746154635181281.tmp
[2024-01-30T02:54:59.807+0000] {spark_submit.py:571} INFO - 24/01/30 02:54:59 INFO Executor: Adding file:/tmp/spark-2bd5554c-e9cf-4eae-bc12-e169d7b778bb/userFiles-09f81783-680e-4f33-9e64-7a89f1a37b0e/spark_job_2.12-0.1.0.jar to class loader default
[2024-01-30T02:54:59.822+0000] {spark_submit.py:571} INFO - 24/01/30 02:54:59 INFO Utils: Successfully started service 'org.apache.spark.network.netty.NettyBlockTransferService' on port 45373.
[2024-01-30T02:54:59.823+0000] {spark_submit.py:571} INFO - 24/01/30 02:54:59 INFO NettyBlockTransferService: Server created on instance-1.europe-west9-a.c.data-lake-project-409321.internal:45373
[2024-01-30T02:54:59.823+0000] {spark_submit.py:571} INFO - 24/01/30 02:54:59 INFO BlockManager: Using org.apache.spark.storage.RandomBlockReplicationPolicy for block replication policy
[2024-01-30T02:54:59.836+0000] {spark_submit.py:571} INFO - 24/01/30 02:54:59 INFO BlockManagerMaster: Registering BlockManager BlockManagerId(driver, instance-1.europe-west9-a.c.data-lake-project-409321.internal, 45373, None)
[2024-01-30T02:54:59.842+0000] {spark_submit.py:571} INFO - 24/01/30 02:54:59 INFO BlockManagerMasterEndpoint: Registering block manager instance-1.europe-west9-a.c.data-lake-project-409321.internal:45373 with 434.4 MiB RAM, BlockManagerId(driver, instance-1.europe-west9-a.c.data-lake-project-409321.internal, 45373, None)
[2024-01-30T02:54:59.845+0000] {spark_submit.py:571} INFO - 24/01/30 02:54:59 INFO BlockManagerMaster: Registered BlockManager BlockManagerId(driver, instance-1.europe-west9-a.c.data-lake-project-409321.internal, 45373, None)
[2024-01-30T02:54:59.847+0000] {spark_submit.py:571} INFO - 24/01/30 02:54:59 INFO BlockManager: Initialized BlockManager: BlockManagerId(driver, instance-1.europe-west9-a.c.data-lake-project-409321.internal, 45373, None)
[2024-01-30T02:55:01.002+0000] {spark_submit.py:571} INFO - 24/01/30 02:55:01 INFO SharedState: Setting hive.metastore.warehouse.dir ('null') to the value of spark.sql.warehouse.dir.
[2024-01-30T02:55:01.010+0000] {spark_submit.py:571} INFO - 24/01/30 02:55:01 INFO SharedState: Warehouse path is 'file:/home/juniortemgoua0/DataLake/spark-warehouse'.
[2024-01-30T02:55:01.986+0000] {spark_submit.py:571} INFO - ************************************************
[2024-01-30T02:55:01.986+0000] {spark_submit.py:571} INFO - Date d'exécution  : 2024-01-14
[2024-01-30T02:55:01.987+0000] {spark_submit.py:571} INFO - ************************************************
[2024-01-30T02:55:03.195+0000] {spark_submit.py:571} INFO - Exception in thread "main" org.apache.spark.sql.AnalysisException: [PATH_NOT_FOUND] Path does not exist: hdfs://localhost:9000/data-lake/raw/football_data/competitions/2024-01-14/*.json.
[2024-01-30T02:55:03.196+0000] {spark_submit.py:571} INFO - at org.apache.spark.sql.errors.QueryCompilationErrors$.dataPathNotExistError(QueryCompilationErrors.scala:1500)
[2024-01-30T02:55:03.196+0000] {spark_submit.py:571} INFO - at org.apache.spark.sql.execution.datasources.DataSource$.$anonfun$checkAndGlobPathIfNecessary$3(DataSource.scala:743)
[2024-01-30T02:55:03.196+0000] {spark_submit.py:571} INFO - at org.apache.spark.util.ThreadUtils$.$anonfun$parmap$2(ThreadUtils.scala:380)
[2024-01-30T02:55:03.196+0000] {spark_submit.py:571} INFO - at scala.concurrent.Future$.$anonfun$apply$1(Future.scala:659)
[2024-01-30T02:55:03.196+0000] {spark_submit.py:571} INFO - at scala.util.Success.$anonfun$map$1(Try.scala:255)
[2024-01-30T02:55:03.197+0000] {spark_submit.py:571} INFO - at scala.util.Success.map(Try.scala:213)
[2024-01-30T02:55:03.197+0000] {spark_submit.py:571} INFO - at scala.concurrent.Future.$anonfun$map$1(Future.scala:292)
[2024-01-30T02:55:03.197+0000] {spark_submit.py:571} INFO - at scala.concurrent.impl.Promise.liftedTree1$1(Promise.scala:33)
[2024-01-30T02:55:03.197+0000] {spark_submit.py:571} INFO - at scala.concurrent.impl.Promise.$anonfun$transform$1(Promise.scala:33)
[2024-01-30T02:55:03.199+0000] {spark_submit.py:571} INFO - at scala.concurrent.impl.CallbackRunnable.run(Promise.scala:64)
[2024-01-30T02:55:03.199+0000] {spark_submit.py:571} INFO - at java.base/java.util.concurrent.ForkJoinTask$RunnableExecuteAction.exec(ForkJoinTask.java:1395)
[2024-01-30T02:55:03.200+0000] {spark_submit.py:571} INFO - at java.base/java.util.concurrent.ForkJoinTask.doExec(ForkJoinTask.java:373)
[2024-01-30T02:55:03.200+0000] {spark_submit.py:571} INFO - at java.base/java.util.concurrent.ForkJoinPool$WorkQueue.topLevelExec(ForkJoinPool.java:1182)
[2024-01-30T02:55:03.200+0000] {spark_submit.py:571} INFO - at java.base/java.util.concurrent.ForkJoinPool.scan(ForkJoinPool.java:1655)
[2024-01-30T02:55:03.200+0000] {spark_submit.py:571} INFO - at java.base/java.util.concurrent.ForkJoinPool.runWorker(ForkJoinPool.java:1622)
[2024-01-30T02:55:03.201+0000] {spark_submit.py:571} INFO - at java.base/java.util.concurrent.ForkJoinWorkerThread.run(ForkJoinWorkerThread.java:165)
[2024-01-30T02:55:03.207+0000] {spark_submit.py:571} INFO - 24/01/30 02:55:03 INFO SparkContext: Invoking stop() from shutdown hook
[2024-01-30T02:55:03.207+0000] {spark_submit.py:571} INFO - 24/01/30 02:55:03 INFO SparkContext: SparkContext is stopping with exitCode 0.
[2024-01-30T02:55:03.223+0000] {spark_submit.py:571} INFO - 24/01/30 02:55:03 INFO SparkUI: Stopped Spark web UI at http://instance-1.europe-west9-a.c.data-lake-project-409321.internal:4040
[2024-01-30T02:55:03.244+0000] {spark_submit.py:571} INFO - 24/01/30 02:55:03 INFO MapOutputTrackerMasterEndpoint: MapOutputTrackerMasterEndpoint stopped!
[2024-01-30T02:55:03.259+0000] {spark_submit.py:571} INFO - 24/01/30 02:55:03 INFO MemoryStore: MemoryStore cleared
[2024-01-30T02:55:03.260+0000] {spark_submit.py:571} INFO - 24/01/30 02:55:03 INFO BlockManager: BlockManager stopped
[2024-01-30T02:55:03.274+0000] {spark_submit.py:571} INFO - 24/01/30 02:55:03 INFO BlockManagerMaster: BlockManagerMaster stopped
[2024-01-30T02:55:03.278+0000] {spark_submit.py:571} INFO - 24/01/30 02:55:03 INFO OutputCommitCoordinator$OutputCommitCoordinatorEndpoint: OutputCommitCoordinator stopped!
[2024-01-30T02:55:03.289+0000] {spark_submit.py:571} INFO - 24/01/30 02:55:03 INFO SparkContext: Successfully stopped SparkContext
[2024-01-30T02:55:03.290+0000] {spark_submit.py:571} INFO - 24/01/30 02:55:03 INFO ShutdownHookManager: Shutdown hook called
[2024-01-30T02:55:03.291+0000] {spark_submit.py:571} INFO - 24/01/30 02:55:03 INFO ShutdownHookManager: Deleting directory /tmp/spark-a5308b33-1ffe-4764-a800-12e358d31327
[2024-01-30T02:55:03.295+0000] {spark_submit.py:571} INFO - 24/01/30 02:55:03 INFO ShutdownHookManager: Deleting directory /tmp/spark-2bd5554c-e9cf-4eae-bc12-e169d7b778bb
[2024-01-30T02:55:03.354+0000] {taskinstance.py:2698} ERROR - Task failed with exception
Traceback (most recent call last):
  File "/home/juniortemgoua0/DataLake/venv/lib/python3.8/site-packages/airflow/models/taskinstance.py", line 433, in _execute_task
    result = execute_callable(context=context, **execute_callable_kwargs)
  File "/home/juniortemgoua0/DataLake/venv/lib/python3.8/site-packages/airflow/providers/apache/spark/operators/spark_submit.py", line 174, in execute
    self._hook.submit(self._application)
  File "/home/juniortemgoua0/DataLake/venv/lib/python3.8/site-packages/airflow/providers/apache/spark/hooks/spark_submit.py", line 502, in submit
    raise AirflowException(
airflow.exceptions.AirflowException: Cannot execute: spark-submit --master local[*] --conf spark.airflow.execution_date=2024-01-14 --name arrow-spark --class RawToFormatted --queue root.default --deploy-mode client /home/juniortemgoua0/DataLake/jobs/processes/scala/spark_process/target/scala-2.12/spark_job_2.12-0.1.0.jar hdfs://localhost:9000/data-lake. Error code is: 1.
[2024-01-30T02:55:03.358+0000] {taskinstance.py:1138} INFO - Marking task as UP_FOR_RETRY. dag_id=manage_data_lake_dag, task_id=local_job_raw_to_formatted, execution_date=20240114T000000, start_date=20240130T025454, end_date=20240130T025503
[2024-01-30T02:55:03.372+0000] {standard_task_runner.py:107} ERROR - Failed to execute job 184 for task local_job_raw_to_formatted (Cannot execute: spark-submit --master local[*] --conf spark.airflow.execution_date=2024-01-14 --name arrow-spark --class RawToFormatted --queue root.default --deploy-mode client /home/juniortemgoua0/DataLake/jobs/processes/scala/spark_process/target/scala-2.12/spark_job_2.12-0.1.0.jar hdfs://localhost:9000/data-lake. Error code is: 1.; 19246)
[2024-01-30T02:55:03.404+0000] {local_task_job_runner.py:234} INFO - Task exited with return code 1
[2024-01-30T02:55:03.420+0000] {taskinstance.py:3280} INFO - 0 downstream tasks scheduled from follow-on schedule check
[2024-01-30T03:19:57.011+0000] {taskinstance.py:1956} INFO - Dependencies all met for dep_context=non-requeueable deps ti=<TaskInstance: manage_data_lake_dag.local_job_raw_to_formatted scheduled__2024-01-14T00:00:00+00:00 [queued]>
[2024-01-30T03:19:57.021+0000] {taskinstance.py:1956} INFO - Dependencies all met for dep_context=requeueable deps ti=<TaskInstance: manage_data_lake_dag.local_job_raw_to_formatted scheduled__2024-01-14T00:00:00+00:00 [queued]>
[2024-01-30T03:19:57.021+0000] {taskinstance.py:2170} INFO - Starting attempt 2 of 6
[2024-01-30T03:19:57.034+0000] {taskinstance.py:2191} INFO - Executing <Task(SparkSubmitOperator): local_job_raw_to_formatted> on 2024-01-14 00:00:00+00:00
[2024-01-30T03:19:57.039+0000] {standard_task_runner.py:60} INFO - Started process 26860 to run task
[2024-01-30T03:19:57.045+0000] {standard_task_runner.py:87} INFO - Running: ['airflow', 'tasks', 'run', 'manage_data_lake_dag', 'local_job_raw_to_formatted', 'scheduled__2024-01-14T00:00:00+00:00', '--job-id', '170', '--raw', '--subdir', 'DAGS_FOLDER/data_lake_dag.py', '--cfg-path', '/tmp/tmp1e6ekfak']
[2024-01-30T03:19:57.045+0000] {standard_task_runner.py:88} INFO - Job 170: Subtask local_job_raw_to_formatted
[2024-01-30T03:19:57.089+0000] {task_command.py:423} INFO - Running <TaskInstance: manage_data_lake_dag.local_job_raw_to_formatted scheduled__2024-01-14T00:00:00+00:00 [running]> on host instance-1.europe-west9-a.c.data-lake-project-409321.internal
[2024-01-30T03:19:57.141+0000] {taskinstance.py:2480} INFO - Exporting env vars: AIRFLOW_CTX_DAG_OWNER='juniortemgoua0' AIRFLOW_CTX_DAG_ID='manage_data_lake_dag' AIRFLOW_CTX_TASK_ID='local_job_raw_to_formatted' AIRFLOW_CTX_EXECUTION_DATE='2024-01-14T00:00:00+00:00' AIRFLOW_CTX_TRY_NUMBER='2' AIRFLOW_CTX_DAG_RUN_ID='scheduled__2024-01-14T00:00:00+00:00'
[2024-01-30T03:19:57.147+0000] {base.py:83} INFO - Using connection ID 'spark_default' for task execution.
[2024-01-30T03:19:57.149+0000] {spark_submit.py:401} INFO - Spark-Submit cmd: spark-submit --master local[*] --conf spark.airflow.execution_date=2024-01-14 --name arrow-spark --class RawToFormatted --queue root.default --deploy-mode client /home/juniortemgoua0/DataLake/jobs/processes/scala/spark_process/target/scala-2.12/spark_job_2.12-0.1.0.jar hdfs://localhost:9000/data-lake
[2024-01-30T03:19:59.887+0000] {spark_submit.py:571} INFO - 24/01/30 03:19:59 INFO SparkContext: Running Spark version 3.5.0
[2024-01-30T03:19:59.890+0000] {spark_submit.py:571} INFO - 24/01/30 03:19:59 INFO SparkContext: OS info Linux, 5.15.0-1049-gcp, amd64
[2024-01-30T03:19:59.891+0000] {spark_submit.py:571} INFO - 24/01/30 03:19:59 INFO SparkContext: Java version 17.0.9
[2024-01-30T03:20:00.042+0000] {spark_submit.py:571} INFO - 24/01/30 03:20:00 WARN NativeCodeLoader: Unable to load native-hadoop library for your platform... using builtin-java classes where applicable
[2024-01-30T03:20:00.239+0000] {spark_submit.py:571} INFO - 24/01/30 03:20:00 INFO ResourceUtils: ==============================================================
[2024-01-30T03:20:00.240+0000] {spark_submit.py:571} INFO - 24/01/30 03:20:00 INFO ResourceUtils: No custom resources configured for spark.driver.
[2024-01-30T03:20:00.243+0000] {spark_submit.py:571} INFO - 24/01/30 03:20:00 INFO ResourceUtils: ==============================================================
[2024-01-30T03:20:00.244+0000] {spark_submit.py:571} INFO - 24/01/30 03:20:00 INFO SparkContext: Submitted application: RawToFormatted
[2024-01-30T03:20:00.277+0000] {spark_submit.py:571} INFO - 24/01/30 03:20:00 INFO ResourceProfile: Default ResourceProfile created, executor resources: Map(cores -> name: cores, amount: 1, script: , vendor: , memory -> name: memory, amount: 1024, script: , vendor: , offHeap -> name: offHeap, amount: 0, script: , vendor: ), task resources: Map(cpus -> name: cpus, amount: 1.0)
[2024-01-30T03:20:00.287+0000] {spark_submit.py:571} INFO - 24/01/30 03:20:00 INFO ResourceProfile: Limiting resource is cpu
[2024-01-30T03:20:00.288+0000] {spark_submit.py:571} INFO - 24/01/30 03:20:00 INFO ResourceProfileManager: Added ResourceProfile id: 0
[2024-01-30T03:20:00.371+0000] {spark_submit.py:571} INFO - 24/01/30 03:20:00 INFO SecurityManager: Changing view acls to: juniortemgoua0
[2024-01-30T03:20:00.372+0000] {spark_submit.py:571} INFO - 24/01/30 03:20:00 INFO SecurityManager: Changing modify acls to: juniortemgoua0
[2024-01-30T03:20:00.373+0000] {spark_submit.py:571} INFO - 24/01/30 03:20:00 INFO SecurityManager: Changing view acls groups to:
[2024-01-30T03:20:00.374+0000] {spark_submit.py:571} INFO - 24/01/30 03:20:00 INFO SecurityManager: Changing modify acls groups to:
[2024-01-30T03:20:00.376+0000] {spark_submit.py:571} INFO - 24/01/30 03:20:00 INFO SecurityManager: SecurityManager: authentication disabled; ui acls disabled; users with view permissions: juniortemgoua0; groups with view permissions: EMPTY; users with modify permissions: juniortemgoua0; groups with modify permissions: EMPTY
[2024-01-30T03:20:00.781+0000] {spark_submit.py:571} INFO - 24/01/30 03:20:00 INFO Utils: Successfully started service 'sparkDriver' on port 45621.
[2024-01-30T03:20:00.830+0000] {spark_submit.py:571} INFO - 24/01/30 03:20:00 INFO SparkEnv: Registering MapOutputTracker
[2024-01-30T03:20:00.899+0000] {spark_submit.py:571} INFO - 24/01/30 03:20:00 INFO SparkEnv: Registering BlockManagerMaster
[2024-01-30T03:20:00.929+0000] {spark_submit.py:571} INFO - 24/01/30 03:20:00 INFO BlockManagerMasterEndpoint: Using org.apache.spark.storage.DefaultTopologyMapper for getting topology information
[2024-01-30T03:20:00.931+0000] {spark_submit.py:571} INFO - 24/01/30 03:20:00 INFO BlockManagerMasterEndpoint: BlockManagerMasterEndpoint up
[2024-01-30T03:20:00.938+0000] {spark_submit.py:571} INFO - 24/01/30 03:20:00 INFO SparkEnv: Registering BlockManagerMasterHeartbeat
[2024-01-30T03:20:00.965+0000] {spark_submit.py:571} INFO - 24/01/30 03:20:00 INFO DiskBlockManager: Created local directory at /tmp/blockmgr-a4a9eb6c-4187-4354-b1d9-85a379b309c1
[2024-01-30T03:20:00.985+0000] {spark_submit.py:571} INFO - 24/01/30 03:20:00 INFO MemoryStore: MemoryStore started with capacity 434.4 MiB
[2024-01-30T03:20:01.008+0000] {spark_submit.py:571} INFO - 24/01/30 03:20:01 INFO SparkEnv: Registering OutputCommitCoordinator
[2024-01-30T03:20:01.228+0000] {spark_submit.py:571} INFO - 24/01/30 03:20:01 INFO JettyUtils: Start Jetty 0.0.0.0:4040 for SparkUI
[2024-01-30T03:20:01.326+0000] {spark_submit.py:571} INFO - 24/01/30 03:20:01 INFO Utils: Successfully started service 'SparkUI' on port 4040.
[2024-01-30T03:20:01.417+0000] {spark_submit.py:571} INFO - 24/01/30 03:20:01 INFO SparkContext: Added JAR file:/home/juniortemgoua0/DataLake/jobs/processes/scala/spark_process/target/scala-2.12/spark_job_2.12-0.1.0.jar at spark://instance-1.europe-west9-a.c.data-lake-project-409321.internal:45621/jars/spark_job_2.12-0.1.0.jar with timestamp 1706584799871
[2024-01-30T03:20:01.535+0000] {spark_submit.py:571} INFO - 24/01/30 03:20:01 INFO Executor: Starting executor ID driver on host instance-1.europe-west9-a.c.data-lake-project-409321.internal
[2024-01-30T03:20:01.537+0000] {spark_submit.py:571} INFO - 24/01/30 03:20:01 INFO Executor: OS info Linux, 5.15.0-1049-gcp, amd64
[2024-01-30T03:20:01.538+0000] {spark_submit.py:571} INFO - 24/01/30 03:20:01 INFO Executor: Java version 17.0.9
[2024-01-30T03:20:01.571+0000] {spark_submit.py:571} INFO - 24/01/30 03:20:01 INFO Executor: Starting executor with user classpath (userClassPathFirst = false): ''
[2024-01-30T03:20:01.571+0000] {spark_submit.py:571} INFO - 24/01/30 03:20:01 INFO Executor: Created or updated repl class loader org.apache.spark.util.MutableURLClassLoader@6ed043d3 for default.
[2024-01-30T03:20:01.602+0000] {spark_submit.py:571} INFO - 24/01/30 03:20:01 INFO Executor: Fetching spark://instance-1.europe-west9-a.c.data-lake-project-409321.internal:45621/jars/spark_job_2.12-0.1.0.jar with timestamp 1706584799871
[2024-01-30T03:20:01.689+0000] {spark_submit.py:571} INFO - 24/01/30 03:20:01 INFO TransportClientFactory: Successfully created connection to instance-1.europe-west9-a.c.data-lake-project-409321.internal/10.200.0.5:45621 after 48 ms (0 ms spent in bootstraps)
[2024-01-30T03:20:01.704+0000] {spark_submit.py:571} INFO - 24/01/30 03:20:01 INFO Utils: Fetching spark://instance-1.europe-west9-a.c.data-lake-project-409321.internal:45621/jars/spark_job_2.12-0.1.0.jar to /tmp/spark-b4aabaee-5ce1-4948-9205-84b5ba652f00/userFiles-88fead18-6ebe-4658-81a9-f41f7b828e46/fetchFileTemp14041539701543453805.tmp
[2024-01-30T03:20:01.741+0000] {spark_submit.py:571} INFO - 24/01/30 03:20:01 INFO Executor: Adding file:/tmp/spark-b4aabaee-5ce1-4948-9205-84b5ba652f00/userFiles-88fead18-6ebe-4658-81a9-f41f7b828e46/spark_job_2.12-0.1.0.jar to class loader default
[2024-01-30T03:20:01.752+0000] {spark_submit.py:571} INFO - 24/01/30 03:20:01 INFO Utils: Successfully started service 'org.apache.spark.network.netty.NettyBlockTransferService' on port 40987.
[2024-01-30T03:20:01.753+0000] {spark_submit.py:571} INFO - 24/01/30 03:20:01 INFO NettyBlockTransferService: Server created on instance-1.europe-west9-a.c.data-lake-project-409321.internal:40987
[2024-01-30T03:20:01.755+0000] {spark_submit.py:571} INFO - 24/01/30 03:20:01 INFO BlockManager: Using org.apache.spark.storage.RandomBlockReplicationPolicy for block replication policy
[2024-01-30T03:20:01.765+0000] {spark_submit.py:571} INFO - 24/01/30 03:20:01 INFO BlockManagerMaster: Registering BlockManager BlockManagerId(driver, instance-1.europe-west9-a.c.data-lake-project-409321.internal, 40987, None)
[2024-01-30T03:20:01.768+0000] {spark_submit.py:571} INFO - 24/01/30 03:20:01 INFO BlockManagerMasterEndpoint: Registering block manager instance-1.europe-west9-a.c.data-lake-project-409321.internal:40987 with 434.4 MiB RAM, BlockManagerId(driver, instance-1.europe-west9-a.c.data-lake-project-409321.internal, 40987, None)
[2024-01-30T03:20:01.771+0000] {spark_submit.py:571} INFO - 24/01/30 03:20:01 INFO BlockManagerMaster: Registered BlockManager BlockManagerId(driver, instance-1.europe-west9-a.c.data-lake-project-409321.internal, 40987, None)
[2024-01-30T03:20:01.772+0000] {spark_submit.py:571} INFO - 24/01/30 03:20:01 INFO BlockManager: Initialized BlockManager: BlockManagerId(driver, instance-1.europe-west9-a.c.data-lake-project-409321.internal, 40987, None)
[2024-01-30T03:20:02.754+0000] {spark_submit.py:571} INFO - 24/01/30 03:20:02 INFO SharedState: Setting hive.metastore.warehouse.dir ('null') to the value of spark.sql.warehouse.dir.
[2024-01-30T03:20:02.763+0000] {spark_submit.py:571} INFO - 24/01/30 03:20:02 INFO SharedState: Warehouse path is 'file:/home/juniortemgoua0/DataLake/spark-warehouse'.
[2024-01-30T03:20:03.599+0000] {spark_submit.py:571} INFO - ************************************************
[2024-01-30T03:20:03.599+0000] {spark_submit.py:571} INFO - Date d'exécution  : 2024-01-14
[2024-01-30T03:20:03.599+0000] {spark_submit.py:571} INFO - ************************************************
[2024-01-30T03:20:04.661+0000] {spark_submit.py:571} INFO - Exception in thread "main" org.apache.spark.sql.AnalysisException: [PATH_NOT_FOUND] Path does not exist: hdfs://localhost:9000/data-lake/raw/football_data/competitions/2024-01-14/*.json.
[2024-01-30T03:20:04.662+0000] {spark_submit.py:571} INFO - at org.apache.spark.sql.errors.QueryCompilationErrors$.dataPathNotExistError(QueryCompilationErrors.scala:1500)
[2024-01-30T03:20:04.662+0000] {spark_submit.py:571} INFO - at org.apache.spark.sql.execution.datasources.DataSource$.$anonfun$checkAndGlobPathIfNecessary$3(DataSource.scala:743)
[2024-01-30T03:20:04.662+0000] {spark_submit.py:571} INFO - at org.apache.spark.util.ThreadUtils$.$anonfun$parmap$2(ThreadUtils.scala:380)
[2024-01-30T03:20:04.663+0000] {spark_submit.py:571} INFO - at scala.concurrent.Future$.$anonfun$apply$1(Future.scala:659)
[2024-01-30T03:20:04.663+0000] {spark_submit.py:571} INFO - at scala.util.Success.$anonfun$map$1(Try.scala:255)
[2024-01-30T03:20:04.663+0000] {spark_submit.py:571} INFO - at scala.util.Success.map(Try.scala:213)
[2024-01-30T03:20:04.663+0000] {spark_submit.py:571} INFO - at scala.concurrent.Future.$anonfun$map$1(Future.scala:292)
[2024-01-30T03:20:04.663+0000] {spark_submit.py:571} INFO - at scala.concurrent.impl.Promise.liftedTree1$1(Promise.scala:33)
[2024-01-30T03:20:04.663+0000] {spark_submit.py:571} INFO - at scala.concurrent.impl.Promise.$anonfun$transform$1(Promise.scala:33)
[2024-01-30T03:20:04.663+0000] {spark_submit.py:571} INFO - at scala.concurrent.impl.CallbackRunnable.run(Promise.scala:64)
[2024-01-30T03:20:04.663+0000] {spark_submit.py:571} INFO - at java.base/java.util.concurrent.ForkJoinTask$RunnableExecuteAction.exec(ForkJoinTask.java:1395)
[2024-01-30T03:20:04.663+0000] {spark_submit.py:571} INFO - at java.base/java.util.concurrent.ForkJoinTask.doExec(ForkJoinTask.java:373)
[2024-01-30T03:20:04.663+0000] {spark_submit.py:571} INFO - at java.base/java.util.concurrent.ForkJoinPool$WorkQueue.topLevelExec(ForkJoinPool.java:1182)
[2024-01-30T03:20:04.664+0000] {spark_submit.py:571} INFO - at java.base/java.util.concurrent.ForkJoinPool.scan(ForkJoinPool.java:1655)
[2024-01-30T03:20:04.664+0000] {spark_submit.py:571} INFO - at java.base/java.util.concurrent.ForkJoinPool.runWorker(ForkJoinPool.java:1622)
[2024-01-30T03:20:04.664+0000] {spark_submit.py:571} INFO - at java.base/java.util.concurrent.ForkJoinWorkerThread.run(ForkJoinWorkerThread.java:165)
[2024-01-30T03:20:04.669+0000] {spark_submit.py:571} INFO - 24/01/30 03:20:04 INFO SparkContext: Invoking stop() from shutdown hook
[2024-01-30T03:20:04.669+0000] {spark_submit.py:571} INFO - 24/01/30 03:20:04 INFO SparkContext: SparkContext is stopping with exitCode 0.
[2024-01-30T03:20:04.683+0000] {spark_submit.py:571} INFO - 24/01/30 03:20:04 INFO SparkUI: Stopped Spark web UI at http://instance-1.europe-west9-a.c.data-lake-project-409321.internal:4040
[2024-01-30T03:20:04.728+0000] {spark_submit.py:571} INFO - 24/01/30 03:20:04 INFO MapOutputTrackerMasterEndpoint: MapOutputTrackerMasterEndpoint stopped!
[2024-01-30T03:20:04.746+0000] {spark_submit.py:571} INFO - 24/01/30 03:20:04 INFO MemoryStore: MemoryStore cleared
[2024-01-30T03:20:04.747+0000] {spark_submit.py:571} INFO - 24/01/30 03:20:04 INFO BlockManager: BlockManager stopped
[2024-01-30T03:20:04.755+0000] {spark_submit.py:571} INFO - 24/01/30 03:20:04 INFO BlockManagerMaster: BlockManagerMaster stopped
[2024-01-30T03:20:04.758+0000] {spark_submit.py:571} INFO - 24/01/30 03:20:04 INFO OutputCommitCoordinator$OutputCommitCoordinatorEndpoint: OutputCommitCoordinator stopped!
[2024-01-30T03:20:04.787+0000] {spark_submit.py:571} INFO - 24/01/30 03:20:04 INFO SparkContext: Successfully stopped SparkContext
[2024-01-30T03:20:04.788+0000] {spark_submit.py:571} INFO - 24/01/30 03:20:04 INFO ShutdownHookManager: Shutdown hook called
[2024-01-30T03:20:04.795+0000] {spark_submit.py:571} INFO - 24/01/30 03:20:04 INFO ShutdownHookManager: Deleting directory /tmp/spark-0ee063ee-ff88-40fa-8ddf-d3771096401b
[2024-01-30T03:20:04.803+0000] {spark_submit.py:571} INFO - 24/01/30 03:20:04 INFO ShutdownHookManager: Deleting directory /tmp/spark-b4aabaee-5ce1-4948-9205-84b5ba652f00
[2024-01-30T03:20:04.852+0000] {taskinstance.py:2698} ERROR - Task failed with exception
Traceback (most recent call last):
  File "/home/juniortemgoua0/DataLake/venv/lib/python3.8/site-packages/airflow/models/taskinstance.py", line 433, in _execute_task
    result = execute_callable(context=context, **execute_callable_kwargs)
  File "/home/juniortemgoua0/DataLake/venv/lib/python3.8/site-packages/airflow/providers/apache/spark/operators/spark_submit.py", line 174, in execute
    self._hook.submit(self._application)
  File "/home/juniortemgoua0/DataLake/venv/lib/python3.8/site-packages/airflow/providers/apache/spark/hooks/spark_submit.py", line 502, in submit
    raise AirflowException(
airflow.exceptions.AirflowException: Cannot execute: spark-submit --master local[*] --conf spark.airflow.execution_date=2024-01-14 --name arrow-spark --class RawToFormatted --queue root.default --deploy-mode client /home/juniortemgoua0/DataLake/jobs/processes/scala/spark_process/target/scala-2.12/spark_job_2.12-0.1.0.jar hdfs://localhost:9000/data-lake. Error code is: 1.
[2024-01-30T03:20:04.855+0000] {taskinstance.py:1138} INFO - Marking task as UP_FOR_RETRY. dag_id=manage_data_lake_dag, task_id=local_job_raw_to_formatted, execution_date=20240114T000000, start_date=20240130T031957, end_date=20240130T032004
[2024-01-30T03:20:04.868+0000] {standard_task_runner.py:107} ERROR - Failed to execute job 170 for task local_job_raw_to_formatted (Cannot execute: spark-submit --master local[*] --conf spark.airflow.execution_date=2024-01-14 --name arrow-spark --class RawToFormatted --queue root.default --deploy-mode client /home/juniortemgoua0/DataLake/jobs/processes/scala/spark_process/target/scala-2.12/spark_job_2.12-0.1.0.jar hdfs://localhost:9000/data-lake. Error code is: 1.; 26860)
[2024-01-30T03:20:04.903+0000] {local_task_job_runner.py:234} INFO - Task exited with return code 1
[2024-01-30T03:20:04.918+0000] {taskinstance.py:3280} INFO - 0 downstream tasks scheduled from follow-on schedule check
