[2024-01-30T02:59:10.245+0000] {taskinstance.py:1956} INFO - Dependencies all met for dep_context=non-requeueable deps ti=<TaskInstance: manage_data_lake_dag.local_job_raw_to_formatted scheduled__2024-01-10T00:00:00+00:00 [queued]>
[2024-01-30T02:59:10.251+0000] {taskinstance.py:1956} INFO - Dependencies all met for dep_context=requeueable deps ti=<TaskInstance: manage_data_lake_dag.local_job_raw_to_formatted scheduled__2024-01-10T00:00:00+00:00 [queued]>
[2024-01-30T02:59:10.251+0000] {taskinstance.py:2170} INFO - Starting attempt 3 of 6
[2024-01-30T02:59:10.263+0000] {taskinstance.py:2191} INFO - Executing <Task(SparkSubmitOperator): local_job_raw_to_formatted> on 2024-01-10 00:00:00+00:00
[2024-01-30T02:59:10.268+0000] {standard_task_runner.py:60} INFO - Started process 21163 to run task
[2024-01-30T02:59:10.274+0000] {standard_task_runner.py:87} INFO - Running: ['airflow', 'tasks', 'run', 'manage_data_lake_dag', 'local_job_raw_to_formatted', 'scheduled__2024-01-10T00:00:00+00:00', '--job-id', '196', '--raw', '--subdir', 'DAGS_FOLDER/data_lake_dag.py', '--cfg-path', '/tmp/tmp_m9iat6k']
[2024-01-30T02:59:10.277+0000] {standard_task_runner.py:88} INFO - Job 196: Subtask local_job_raw_to_formatted
[2024-01-30T02:59:10.319+0000] {task_command.py:423} INFO - Running <TaskInstance: manage_data_lake_dag.local_job_raw_to_formatted scheduled__2024-01-10T00:00:00+00:00 [running]> on host instance-1.europe-west9-a.c.data-lake-project-409321.internal
[2024-01-30T02:59:10.370+0000] {taskinstance.py:2480} INFO - Exporting env vars: AIRFLOW_CTX_DAG_OWNER='juniortemgoua0' AIRFLOW_CTX_DAG_ID='manage_data_lake_dag' AIRFLOW_CTX_TASK_ID='local_job_raw_to_formatted' AIRFLOW_CTX_EXECUTION_DATE='2024-01-10T00:00:00+00:00' AIRFLOW_CTX_TRY_NUMBER='3' AIRFLOW_CTX_DAG_RUN_ID='scheduled__2024-01-10T00:00:00+00:00'
[2024-01-30T02:59:10.376+0000] {base.py:83} INFO - Using connection ID 'spark_default' for task execution.
[2024-01-30T02:59:10.377+0000] {spark_submit.py:401} INFO - Spark-Submit cmd: spark-submit --master local[*] --conf spark.airflow.execution_date=2024-01-10 --name arrow-spark --class RawToFormatted --queue root.default --deploy-mode client /home/juniortemgoua0/DataLake/jobs/processes/scala/spark_process/target/scala-2.12/spark_job_2.12-0.1.0.jar hdfs://localhost:9000/data-lake
[2024-01-30T02:59:13.189+0000] {spark_submit.py:571} INFO - 24/01/30 02:59:13 INFO SparkContext: Running Spark version 3.5.0
[2024-01-30T02:59:13.194+0000] {spark_submit.py:571} INFO - 24/01/30 02:59:13 INFO SparkContext: OS info Linux, 5.15.0-1049-gcp, amd64
[2024-01-30T02:59:13.195+0000] {spark_submit.py:571} INFO - 24/01/30 02:59:13 INFO SparkContext: Java version 17.0.9
[2024-01-30T02:59:13.318+0000] {spark_submit.py:571} INFO - 24/01/30 02:59:13 WARN NativeCodeLoader: Unable to load native-hadoop library for your platform... using builtin-java classes where applicable
[2024-01-30T02:59:13.456+0000] {spark_submit.py:571} INFO - 24/01/30 02:59:13 INFO ResourceUtils: ==============================================================
[2024-01-30T02:59:13.457+0000] {spark_submit.py:571} INFO - 24/01/30 02:59:13 INFO ResourceUtils: No custom resources configured for spark.driver.
[2024-01-30T02:59:13.458+0000] {spark_submit.py:571} INFO - 24/01/30 02:59:13 INFO ResourceUtils: ==============================================================
[2024-01-30T02:59:13.460+0000] {spark_submit.py:571} INFO - 24/01/30 02:59:13 INFO SparkContext: Submitted application: RawToFormatted
[2024-01-30T02:59:13.489+0000] {spark_submit.py:571} INFO - 24/01/30 02:59:13 INFO ResourceProfile: Default ResourceProfile created, executor resources: Map(cores -> name: cores, amount: 1, script: , vendor: , memory -> name: memory, amount: 1024, script: , vendor: , offHeap -> name: offHeap, amount: 0, script: , vendor: ), task resources: Map(cpus -> name: cpus, amount: 1.0)
[2024-01-30T02:59:13.504+0000] {spark_submit.py:571} INFO - 24/01/30 02:59:13 INFO ResourceProfile: Limiting resource is cpu
[2024-01-30T02:59:13.506+0000] {spark_submit.py:571} INFO - 24/01/30 02:59:13 INFO ResourceProfileManager: Added ResourceProfile id: 0
[2024-01-30T02:59:13.596+0000] {spark_submit.py:571} INFO - 24/01/30 02:59:13 INFO SecurityManager: Changing view acls to: juniortemgoua0
[2024-01-30T02:59:13.597+0000] {spark_submit.py:571} INFO - 24/01/30 02:59:13 INFO SecurityManager: Changing modify acls to: juniortemgoua0
[2024-01-30T02:59:13.598+0000] {spark_submit.py:571} INFO - 24/01/30 02:59:13 INFO SecurityManager: Changing view acls groups to:
[2024-01-30T02:59:13.599+0000] {spark_submit.py:571} INFO - 24/01/30 02:59:13 INFO SecurityManager: Changing modify acls groups to:
[2024-01-30T02:59:13.600+0000] {spark_submit.py:571} INFO - 24/01/30 02:59:13 INFO SecurityManager: SecurityManager: authentication disabled; ui acls disabled; users with view permissions: juniortemgoua0; groups with view permissions: EMPTY; users with modify permissions: juniortemgoua0; groups with modify permissions: EMPTY
[2024-01-30T02:59:14.017+0000] {spark_submit.py:571} INFO - 24/01/30 02:59:14 INFO Utils: Successfully started service 'sparkDriver' on port 46573.
[2024-01-30T02:59:14.067+0000] {spark_submit.py:571} INFO - 24/01/30 02:59:14 INFO SparkEnv: Registering MapOutputTracker
[2024-01-30T02:59:14.119+0000] {spark_submit.py:571} INFO - 24/01/30 02:59:14 INFO SparkEnv: Registering BlockManagerMaster
[2024-01-30T02:59:14.151+0000] {spark_submit.py:571} INFO - 24/01/30 02:59:14 INFO BlockManagerMasterEndpoint: Using org.apache.spark.storage.DefaultTopologyMapper for getting topology information
[2024-01-30T02:59:14.152+0000] {spark_submit.py:571} INFO - 24/01/30 02:59:14 INFO BlockManagerMasterEndpoint: BlockManagerMasterEndpoint up
[2024-01-30T02:59:14.157+0000] {spark_submit.py:571} INFO - 24/01/30 02:59:14 INFO SparkEnv: Registering BlockManagerMasterHeartbeat
[2024-01-30T02:59:14.220+0000] {spark_submit.py:571} INFO - 24/01/30 02:59:14 INFO DiskBlockManager: Created local directory at /tmp/blockmgr-e95d3ca3-7d03-4c2a-a62f-07319caa03a0
[2024-01-30T02:59:14.370+0000] {spark_submit.py:571} INFO - 24/01/30 02:59:14 INFO MemoryStore: MemoryStore started with capacity 434.4 MiB
[2024-01-30T02:59:14.488+0000] {spark_submit.py:571} INFO - 24/01/30 02:59:14 INFO SparkEnv: Registering OutputCommitCoordinator
[2024-01-30T02:59:14.906+0000] {spark_submit.py:571} INFO - 24/01/30 02:59:14 INFO JettyUtils: Start Jetty 0.0.0.0:4040 for SparkUI
[2024-01-30T02:59:15.086+0000] {spark_submit.py:571} INFO - 24/01/30 02:59:15 INFO Utils: Successfully started service 'SparkUI' on port 4040.
[2024-01-30T02:59:15.299+0000] {spark_submit.py:571} INFO - 24/01/30 02:59:15 INFO SparkContext: Added JAR file:/home/juniortemgoua0/DataLake/jobs/processes/scala/spark_process/target/scala-2.12/spark_job_2.12-0.1.0.jar at spark://instance-1.europe-west9-a.c.data-lake-project-409321.internal:46573/jars/spark_job_2.12-0.1.0.jar with timestamp 1706583553172
[2024-01-30T02:59:15.755+0000] {spark_submit.py:571} INFO - 24/01/30 02:59:15 INFO Executor: Starting executor ID driver on host instance-1.europe-west9-a.c.data-lake-project-409321.internal
[2024-01-30T02:59:15.761+0000] {spark_submit.py:571} INFO - 24/01/30 02:59:15 INFO Executor: OS info Linux, 5.15.0-1049-gcp, amd64
[2024-01-30T02:59:15.761+0000] {spark_submit.py:571} INFO - 24/01/30 02:59:15 INFO Executor: Java version 17.0.9
[2024-01-30T02:59:15.835+0000] {spark_submit.py:571} INFO - 24/01/30 02:59:15 INFO Executor: Starting executor with user classpath (userClassPathFirst = false): ''
[2024-01-30T02:59:15.841+0000] {spark_submit.py:571} INFO - 24/01/30 02:59:15 INFO Executor: Created or updated repl class loader org.apache.spark.util.MutableURLClassLoader@6ed043d3 for default.
[2024-01-30T02:59:15.954+0000] {spark_submit.py:571} INFO - 24/01/30 02:59:15 INFO Executor: Fetching spark://instance-1.europe-west9-a.c.data-lake-project-409321.internal:46573/jars/spark_job_2.12-0.1.0.jar with timestamp 1706583553172
[2024-01-30T02:59:16.316+0000] {spark_submit.py:571} INFO - 24/01/30 02:59:16 INFO TransportClientFactory: Successfully created connection to instance-1.europe-west9-a.c.data-lake-project-409321.internal/10.200.0.5:46573 after 188 ms (0 ms spent in bootstraps)
[2024-01-30T02:59:16.338+0000] {spark_submit.py:571} INFO - 24/01/30 02:59:16 INFO Utils: Fetching spark://instance-1.europe-west9-a.c.data-lake-project-409321.internal:46573/jars/spark_job_2.12-0.1.0.jar to /tmp/spark-b79b3d57-5d79-406a-aa23-8301d332b944/userFiles-f4c73182-3da8-4563-ab2e-440022bc9463/fetchFileTemp8952885930750152648.tmp
[2024-01-30T02:59:16.443+0000] {spark_submit.py:571} INFO - 24/01/30 02:59:16 INFO Executor: Adding file:/tmp/spark-b79b3d57-5d79-406a-aa23-8301d332b944/userFiles-f4c73182-3da8-4563-ab2e-440022bc9463/spark_job_2.12-0.1.0.jar to class loader default
[2024-01-30T02:59:16.470+0000] {spark_submit.py:571} INFO - 24/01/30 02:59:16 INFO Utils: Successfully started service 'org.apache.spark.network.netty.NettyBlockTransferService' on port 40915.
[2024-01-30T02:59:16.472+0000] {spark_submit.py:571} INFO - 24/01/30 02:59:16 INFO NettyBlockTransferService: Server created on instance-1.europe-west9-a.c.data-lake-project-409321.internal:40915
[2024-01-30T02:59:16.481+0000] {spark_submit.py:571} INFO - 24/01/30 02:59:16 INFO BlockManager: Using org.apache.spark.storage.RandomBlockReplicationPolicy for block replication policy
[2024-01-30T02:59:16.518+0000] {spark_submit.py:571} INFO - 24/01/30 02:59:16 INFO BlockManagerMaster: Registering BlockManager BlockManagerId(driver, instance-1.europe-west9-a.c.data-lake-project-409321.internal, 40915, None)
[2024-01-30T02:59:16.524+0000] {spark_submit.py:571} INFO - 24/01/30 02:59:16 INFO BlockManagerMasterEndpoint: Registering block manager instance-1.europe-west9-a.c.data-lake-project-409321.internal:40915 with 434.4 MiB RAM, BlockManagerId(driver, instance-1.europe-west9-a.c.data-lake-project-409321.internal, 40915, None)
[2024-01-30T02:59:16.527+0000] {spark_submit.py:571} INFO - 24/01/30 02:59:16 INFO BlockManagerMaster: Registered BlockManager BlockManagerId(driver, instance-1.europe-west9-a.c.data-lake-project-409321.internal, 40915, None)
[2024-01-30T02:59:16.539+0000] {spark_submit.py:571} INFO - 24/01/30 02:59:16 INFO BlockManager: Initialized BlockManager: BlockManagerId(driver, instance-1.europe-west9-a.c.data-lake-project-409321.internal, 40915, None)
[2024-01-30T02:59:20.074+0000] {spark_submit.py:571} INFO - 24/01/30 02:59:20 INFO SharedState: Setting hive.metastore.warehouse.dir ('null') to the value of spark.sql.warehouse.dir.
[2024-01-30T02:59:20.121+0000] {spark_submit.py:571} INFO - 24/01/30 02:59:20 INFO SharedState: Warehouse path is 'file:/home/juniortemgoua0/DataLake/spark-warehouse'.
[2024-01-30T02:59:22.916+0000] {spark_submit.py:571} INFO - ************************************************
[2024-01-30T02:59:22.918+0000] {spark_submit.py:571} INFO - Date d'exécution  : 2024-01-10
[2024-01-30T02:59:22.918+0000] {spark_submit.py:571} INFO - ************************************************
[2024-01-30T02:59:24.389+0000] {spark_submit.py:571} INFO - Exception in thread "main" org.apache.spark.sql.AnalysisException: [PATH_NOT_FOUND] Path does not exist: hdfs://localhost:9000/data-lake/raw/football_data/competitions/2024-01-10/*.json.
[2024-01-30T02:59:24.389+0000] {spark_submit.py:571} INFO - at org.apache.spark.sql.errors.QueryCompilationErrors$.dataPathNotExistError(QueryCompilationErrors.scala:1500)
[2024-01-30T02:59:24.389+0000] {spark_submit.py:571} INFO - at org.apache.spark.sql.execution.datasources.DataSource$.$anonfun$checkAndGlobPathIfNecessary$3(DataSource.scala:743)
[2024-01-30T02:59:24.390+0000] {spark_submit.py:571} INFO - at org.apache.spark.util.ThreadUtils$.$anonfun$parmap$2(ThreadUtils.scala:380)
[2024-01-30T02:59:24.390+0000] {spark_submit.py:571} INFO - at scala.concurrent.Future$.$anonfun$apply$1(Future.scala:659)
[2024-01-30T02:59:24.390+0000] {spark_submit.py:571} INFO - at scala.util.Success.$anonfun$map$1(Try.scala:255)
[2024-01-30T02:59:24.390+0000] {spark_submit.py:571} INFO - at scala.util.Success.map(Try.scala:213)
[2024-01-30T02:59:24.390+0000] {spark_submit.py:571} INFO - at scala.concurrent.Future.$anonfun$map$1(Future.scala:292)
[2024-01-30T02:59:24.391+0000] {spark_submit.py:571} INFO - at scala.concurrent.impl.Promise.liftedTree1$1(Promise.scala:33)
[2024-01-30T02:59:24.391+0000] {spark_submit.py:571} INFO - at scala.concurrent.impl.Promise.$anonfun$transform$1(Promise.scala:33)
[2024-01-30T02:59:24.391+0000] {spark_submit.py:571} INFO - at scala.concurrent.impl.CallbackRunnable.run(Promise.scala:64)
[2024-01-30T02:59:24.391+0000] {spark_submit.py:571} INFO - at java.base/java.util.concurrent.ForkJoinTask$RunnableExecuteAction.exec(ForkJoinTask.java:1395)
[2024-01-30T02:59:24.391+0000] {spark_submit.py:571} INFO - at java.base/java.util.concurrent.ForkJoinTask.doExec(ForkJoinTask.java:373)
[2024-01-30T02:59:24.391+0000] {spark_submit.py:571} INFO - at java.base/java.util.concurrent.ForkJoinPool$WorkQueue.topLevelExec(ForkJoinPool.java:1182)
[2024-01-30T02:59:24.392+0000] {spark_submit.py:571} INFO - at java.base/java.util.concurrent.ForkJoinPool.scan(ForkJoinPool.java:1655)
[2024-01-30T02:59:24.392+0000] {spark_submit.py:571} INFO - at java.base/java.util.concurrent.ForkJoinPool.runWorker(ForkJoinPool.java:1622)
[2024-01-30T02:59:24.392+0000] {spark_submit.py:571} INFO - at java.base/java.util.concurrent.ForkJoinWorkerThread.run(ForkJoinWorkerThread.java:165)
[2024-01-30T02:59:24.398+0000] {spark_submit.py:571} INFO - 24/01/30 02:59:24 INFO SparkContext: Invoking stop() from shutdown hook
[2024-01-30T02:59:24.399+0000] {spark_submit.py:571} INFO - 24/01/30 02:59:24 INFO SparkContext: SparkContext is stopping with exitCode 0.
[2024-01-30T02:59:24.413+0000] {spark_submit.py:571} INFO - 24/01/30 02:59:24 INFO SparkUI: Stopped Spark web UI at http://instance-1.europe-west9-a.c.data-lake-project-409321.internal:4040
[2024-01-30T02:59:24.432+0000] {spark_submit.py:571} INFO - 24/01/30 02:59:24 INFO MapOutputTrackerMasterEndpoint: MapOutputTrackerMasterEndpoint stopped!
[2024-01-30T02:59:24.444+0000] {spark_submit.py:571} INFO - 24/01/30 02:59:24 INFO MemoryStore: MemoryStore cleared
[2024-01-30T02:59:24.445+0000] {spark_submit.py:571} INFO - 24/01/30 02:59:24 INFO BlockManager: BlockManager stopped
[2024-01-30T02:59:24.451+0000] {spark_submit.py:571} INFO - 24/01/30 02:59:24 INFO BlockManagerMaster: BlockManagerMaster stopped
[2024-01-30T02:59:24.457+0000] {spark_submit.py:571} INFO - 24/01/30 02:59:24 INFO OutputCommitCoordinator$OutputCommitCoordinatorEndpoint: OutputCommitCoordinator stopped!
[2024-01-30T02:59:24.464+0000] {spark_submit.py:571} INFO - 24/01/30 02:59:24 INFO SparkContext: Successfully stopped SparkContext
[2024-01-30T02:59:24.465+0000] {spark_submit.py:571} INFO - 24/01/30 02:59:24 INFO ShutdownHookManager: Shutdown hook called
[2024-01-30T02:59:24.465+0000] {spark_submit.py:571} INFO - 24/01/30 02:59:24 INFO ShutdownHookManager: Deleting directory /tmp/spark-6ac3ceeb-34ed-404a-a857-c0340f7b9233
[2024-01-30T02:59:24.470+0000] {spark_submit.py:571} INFO - 24/01/30 02:59:24 INFO ShutdownHookManager: Deleting directory /tmp/spark-b79b3d57-5d79-406a-aa23-8301d332b944
[2024-01-30T02:59:24.532+0000] {taskinstance.py:2698} ERROR - Task failed with exception
Traceback (most recent call last):
  File "/home/juniortemgoua0/DataLake/venv/lib/python3.8/site-packages/airflow/models/taskinstance.py", line 433, in _execute_task
    result = execute_callable(context=context, **execute_callable_kwargs)
  File "/home/juniortemgoua0/DataLake/venv/lib/python3.8/site-packages/airflow/providers/apache/spark/operators/spark_submit.py", line 174, in execute
    self._hook.submit(self._application)
  File "/home/juniortemgoua0/DataLake/venv/lib/python3.8/site-packages/airflow/providers/apache/spark/hooks/spark_submit.py", line 502, in submit
    raise AirflowException(
airflow.exceptions.AirflowException: Cannot execute: spark-submit --master local[*] --conf spark.airflow.execution_date=2024-01-10 --name arrow-spark --class RawToFormatted --queue root.default --deploy-mode client /home/juniortemgoua0/DataLake/jobs/processes/scala/spark_process/target/scala-2.12/spark_job_2.12-0.1.0.jar hdfs://localhost:9000/data-lake. Error code is: 1.
[2024-01-30T02:59:24.535+0000] {taskinstance.py:1138} INFO - Marking task as UP_FOR_RETRY. dag_id=manage_data_lake_dag, task_id=local_job_raw_to_formatted, execution_date=20240110T000000, start_date=20240130T025910, end_date=20240130T025924
[2024-01-30T02:59:24.549+0000] {standard_task_runner.py:107} ERROR - Failed to execute job 196 for task local_job_raw_to_formatted (Cannot execute: spark-submit --master local[*] --conf spark.airflow.execution_date=2024-01-10 --name arrow-spark --class RawToFormatted --queue root.default --deploy-mode client /home/juniortemgoua0/DataLake/jobs/processes/scala/spark_process/target/scala-2.12/spark_job_2.12-0.1.0.jar hdfs://localhost:9000/data-lake. Error code is: 1.; 21163)
[2024-01-30T02:59:24.590+0000] {local_task_job_runner.py:234} INFO - Task exited with return code 1
[2024-01-30T02:59:24.606+0000] {taskinstance.py:3280} INFO - 0 downstream tasks scheduled from follow-on schedule check
