[2024-01-30T02:48:20.447+0000] {taskinstance.py:1956} INFO - Dependencies all met for dep_context=non-requeueable deps ti=<TaskInstance: manage_data_lake_dag.local_job_raw_to_formatted scheduled__2024-01-10T00:00:00+00:00 [queued]>
[2024-01-30T02:48:20.453+0000] {taskinstance.py:1956} INFO - Dependencies all met for dep_context=requeueable deps ti=<TaskInstance: manage_data_lake_dag.local_job_raw_to_formatted scheduled__2024-01-10T00:00:00+00:00 [queued]>
[2024-01-30T02:48:20.454+0000] {taskinstance.py:2170} INFO - Starting attempt 1 of 6
[2024-01-30T02:48:20.467+0000] {taskinstance.py:2191} INFO - Executing <Task(SparkSubmitOperator): local_job_raw_to_formatted> on 2024-01-10 00:00:00+00:00
[2024-01-30T02:48:20.471+0000] {standard_task_runner.py:60} INFO - Started process 15738 to run task
[2024-01-30T02:48:20.477+0000] {standard_task_runner.py:87} INFO - Running: ['airflow', 'tasks', 'run', 'manage_data_lake_dag', 'local_job_raw_to_formatted', 'scheduled__2024-01-10T00:00:00+00:00', '--job-id', '153', '--raw', '--subdir', 'DAGS_FOLDER/data_lake_dag.py', '--cfg-path', '/tmp/tmpw8ocy7eb']
[2024-01-30T02:48:20.479+0000] {standard_task_runner.py:88} INFO - Job 153: Subtask local_job_raw_to_formatted
[2024-01-30T02:48:20.522+0000] {task_command.py:423} INFO - Running <TaskInstance: manage_data_lake_dag.local_job_raw_to_formatted scheduled__2024-01-10T00:00:00+00:00 [running]> on host instance-1.europe-west9-a.c.data-lake-project-409321.internal
[2024-01-30T02:48:20.579+0000] {taskinstance.py:2480} INFO - Exporting env vars: AIRFLOW_CTX_DAG_OWNER='juniortemgoua0' AIRFLOW_CTX_DAG_ID='manage_data_lake_dag' AIRFLOW_CTX_TASK_ID='local_job_raw_to_formatted' AIRFLOW_CTX_EXECUTION_DATE='2024-01-10T00:00:00+00:00' AIRFLOW_CTX_TRY_NUMBER='1' AIRFLOW_CTX_DAG_RUN_ID='scheduled__2024-01-10T00:00:00+00:00'
[2024-01-30T02:48:20.585+0000] {base.py:83} INFO - Using connection ID 'spark_default' for task execution.
[2024-01-30T02:48:20.587+0000] {spark_submit.py:401} INFO - Spark-Submit cmd: spark-submit --master local[*] --conf spark.airflow.execution_date=2024-01-10 --name arrow-spark --class RawToFormatted --queue root.default --deploy-mode client /home/juniortemgoua0/DataLake/jobs/processes/scala/spark_process/target/scala-2.12/spark_job_2.12-0.1.0.jar hdfs://localhost:9000/data-lake
[2024-01-30T02:48:23.275+0000] {spark_submit.py:571} INFO - 24/01/30 02:48:23 INFO SparkContext: Running Spark version 3.5.0
[2024-01-30T02:48:23.280+0000] {spark_submit.py:571} INFO - 24/01/30 02:48:23 INFO SparkContext: OS info Linux, 5.15.0-1049-gcp, amd64
[2024-01-30T02:48:23.281+0000] {spark_submit.py:571} INFO - 24/01/30 02:48:23 INFO SparkContext: Java version 17.0.9
[2024-01-30T02:48:23.422+0000] {spark_submit.py:571} INFO - 24/01/30 02:48:23 WARN NativeCodeLoader: Unable to load native-hadoop library for your platform... using builtin-java classes where applicable
[2024-01-30T02:48:23.612+0000] {spark_submit.py:571} INFO - 24/01/30 02:48:23 INFO ResourceUtils: ==============================================================
[2024-01-30T02:48:23.612+0000] {spark_submit.py:571} INFO - 24/01/30 02:48:23 INFO ResourceUtils: No custom resources configured for spark.driver.
[2024-01-30T02:48:23.613+0000] {spark_submit.py:571} INFO - 24/01/30 02:48:23 INFO ResourceUtils: ==============================================================
[2024-01-30T02:48:23.613+0000] {spark_submit.py:571} INFO - 24/01/30 02:48:23 INFO SparkContext: Submitted application: RawToFormatted
[2024-01-30T02:48:23.658+0000] {spark_submit.py:571} INFO - 24/01/30 02:48:23 INFO ResourceProfile: Default ResourceProfile created, executor resources: Map(cores -> name: cores, amount: 1, script: , vendor: , memory -> name: memory, amount: 1024, script: , vendor: , offHeap -> name: offHeap, amount: 0, script: , vendor: ), task resources: Map(cpus -> name: cpus, amount: 1.0)
[2024-01-30T02:48:23.671+0000] {spark_submit.py:571} INFO - 24/01/30 02:48:23 INFO ResourceProfile: Limiting resource is cpu
[2024-01-30T02:48:23.672+0000] {spark_submit.py:571} INFO - 24/01/30 02:48:23 INFO ResourceProfileManager: Added ResourceProfile id: 0
[2024-01-30T02:48:23.750+0000] {spark_submit.py:571} INFO - 24/01/30 02:48:23 INFO SecurityManager: Changing view acls to: juniortemgoua0
[2024-01-30T02:48:23.751+0000] {spark_submit.py:571} INFO - 24/01/30 02:48:23 INFO SecurityManager: Changing modify acls to: juniortemgoua0
[2024-01-30T02:48:23.752+0000] {spark_submit.py:571} INFO - 24/01/30 02:48:23 INFO SecurityManager: Changing view acls groups to:
[2024-01-30T02:48:23.752+0000] {spark_submit.py:571} INFO - 24/01/30 02:48:23 INFO SecurityManager: Changing modify acls groups to:
[2024-01-30T02:48:23.753+0000] {spark_submit.py:571} INFO - 24/01/30 02:48:23 INFO SecurityManager: SecurityManager: authentication disabled; ui acls disabled; users with view permissions: juniortemgoua0; groups with view permissions: EMPTY; users with modify permissions: juniortemgoua0; groups with modify permissions: EMPTY
[2024-01-30T02:48:24.164+0000] {spark_submit.py:571} INFO - 24/01/30 02:48:24 INFO Utils: Successfully started service 'sparkDriver' on port 43405.
[2024-01-30T02:48:24.212+0000] {spark_submit.py:571} INFO - 24/01/30 02:48:24 INFO SparkEnv: Registering MapOutputTracker
[2024-01-30T02:48:24.272+0000] {spark_submit.py:571} INFO - 24/01/30 02:48:24 INFO SparkEnv: Registering BlockManagerMaster
[2024-01-30T02:48:24.302+0000] {spark_submit.py:571} INFO - 24/01/30 02:48:24 INFO BlockManagerMasterEndpoint: Using org.apache.spark.storage.DefaultTopologyMapper for getting topology information
[2024-01-30T02:48:24.303+0000] {spark_submit.py:571} INFO - 24/01/30 02:48:24 INFO BlockManagerMasterEndpoint: BlockManagerMasterEndpoint up
[2024-01-30T02:48:24.313+0000] {spark_submit.py:571} INFO - 24/01/30 02:48:24 INFO SparkEnv: Registering BlockManagerMasterHeartbeat
[2024-01-30T02:48:24.335+0000] {spark_submit.py:571} INFO - 24/01/30 02:48:24 INFO DiskBlockManager: Created local directory at /tmp/blockmgr-8b3dd97f-2017-4e95-aa4d-965052096777
[2024-01-30T02:48:24.352+0000] {spark_submit.py:571} INFO - 24/01/30 02:48:24 INFO MemoryStore: MemoryStore started with capacity 434.4 MiB
[2024-01-30T02:48:24.370+0000] {spark_submit.py:571} INFO - 24/01/30 02:48:24 INFO SparkEnv: Registering OutputCommitCoordinator
[2024-01-30T02:48:24.558+0000] {spark_submit.py:571} INFO - 24/01/30 02:48:24 INFO JettyUtils: Start Jetty 0.0.0.0:4040 for SparkUI
[2024-01-30T02:48:24.637+0000] {spark_submit.py:571} INFO - 24/01/30 02:48:24 INFO Utils: Successfully started service 'SparkUI' on port 4040.
[2024-01-30T02:48:24.730+0000] {spark_submit.py:571} INFO - 24/01/30 02:48:24 INFO SparkContext: Added JAR file:/home/juniortemgoua0/DataLake/jobs/processes/scala/spark_process/target/scala-2.12/spark_job_2.12-0.1.0.jar at spark://instance-1.europe-west9-a.c.data-lake-project-409321.internal:43405/jars/spark_job_2.12-0.1.0.jar with timestamp 1706582903259
[2024-01-30T02:48:24.837+0000] {spark_submit.py:571} INFO - 24/01/30 02:48:24 INFO Executor: Starting executor ID driver on host instance-1.europe-west9-a.c.data-lake-project-409321.internal
[2024-01-30T02:48:24.838+0000] {spark_submit.py:571} INFO - 24/01/30 02:48:24 INFO Executor: OS info Linux, 5.15.0-1049-gcp, amd64
[2024-01-30T02:48:24.839+0000] {spark_submit.py:571} INFO - 24/01/30 02:48:24 INFO Executor: Java version 17.0.9
[2024-01-30T02:48:24.853+0000] {spark_submit.py:571} INFO - 24/01/30 02:48:24 INFO Executor: Starting executor with user classpath (userClassPathFirst = false): ''
[2024-01-30T02:48:24.854+0000] {spark_submit.py:571} INFO - 24/01/30 02:48:24 INFO Executor: Created or updated repl class loader org.apache.spark.util.MutableURLClassLoader@6ed043d3 for default.
[2024-01-30T02:48:24.912+0000] {spark_submit.py:571} INFO - 24/01/30 02:48:24 INFO Executor: Fetching spark://instance-1.europe-west9-a.c.data-lake-project-409321.internal:43405/jars/spark_job_2.12-0.1.0.jar with timestamp 1706582903259
[2024-01-30T02:48:25.042+0000] {spark_submit.py:571} INFO - 24/01/30 02:48:25 INFO TransportClientFactory: Successfully created connection to instance-1.europe-west9-a.c.data-lake-project-409321.internal/10.200.0.5:43405 after 50 ms (0 ms spent in bootstraps)
[2024-01-30T02:48:25.059+0000] {spark_submit.py:571} INFO - 24/01/30 02:48:25 INFO Utils: Fetching spark://instance-1.europe-west9-a.c.data-lake-project-409321.internal:43405/jars/spark_job_2.12-0.1.0.jar to /tmp/spark-ca177574-005e-4160-a47a-e91d19707395/userFiles-49e5d19d-42f4-44db-9d87-372b848434d9/fetchFileTemp13076610148472616015.tmp
[2024-01-30T02:48:25.093+0000] {spark_submit.py:571} INFO - 24/01/30 02:48:25 INFO Executor: Adding file:/tmp/spark-ca177574-005e-4160-a47a-e91d19707395/userFiles-49e5d19d-42f4-44db-9d87-372b848434d9/spark_job_2.12-0.1.0.jar to class loader default
[2024-01-30T02:48:25.104+0000] {spark_submit.py:571} INFO - 24/01/30 02:48:25 INFO Utils: Successfully started service 'org.apache.spark.network.netty.NettyBlockTransferService' on port 36931.
[2024-01-30T02:48:25.105+0000] {spark_submit.py:571} INFO - 24/01/30 02:48:25 INFO NettyBlockTransferService: Server created on instance-1.europe-west9-a.c.data-lake-project-409321.internal:36931
[2024-01-30T02:48:25.107+0000] {spark_submit.py:571} INFO - 24/01/30 02:48:25 INFO BlockManager: Using org.apache.spark.storage.RandomBlockReplicationPolicy for block replication policy
[2024-01-30T02:48:25.117+0000] {spark_submit.py:571} INFO - 24/01/30 02:48:25 INFO BlockManagerMaster: Registering BlockManager BlockManagerId(driver, instance-1.europe-west9-a.c.data-lake-project-409321.internal, 36931, None)
[2024-01-30T02:48:25.120+0000] {spark_submit.py:571} INFO - 24/01/30 02:48:25 INFO BlockManagerMasterEndpoint: Registering block manager instance-1.europe-west9-a.c.data-lake-project-409321.internal:36931 with 434.4 MiB RAM, BlockManagerId(driver, instance-1.europe-west9-a.c.data-lake-project-409321.internal, 36931, None)
[2024-01-30T02:48:25.123+0000] {spark_submit.py:571} INFO - 24/01/30 02:48:25 INFO BlockManagerMaster: Registered BlockManager BlockManagerId(driver, instance-1.europe-west9-a.c.data-lake-project-409321.internal, 36931, None)
[2024-01-30T02:48:25.124+0000] {spark_submit.py:571} INFO - 24/01/30 02:48:25 INFO BlockManager: Initialized BlockManager: BlockManagerId(driver, instance-1.europe-west9-a.c.data-lake-project-409321.internal, 36931, None)
[2024-01-30T02:48:26.113+0000] {spark_submit.py:571} INFO - 24/01/30 02:48:26 INFO SharedState: Setting hive.metastore.warehouse.dir ('null') to the value of spark.sql.warehouse.dir.
[2024-01-30T02:48:26.123+0000] {spark_submit.py:571} INFO - 24/01/30 02:48:26 INFO SharedState: Warehouse path is 'file:/home/juniortemgoua0/DataLake/spark-warehouse'.
[2024-01-30T02:48:27.096+0000] {spark_submit.py:571} INFO - ************************************************
[2024-01-30T02:48:27.097+0000] {spark_submit.py:571} INFO - Date d'exécution  : 2024-01-10
[2024-01-30T02:48:27.097+0000] {spark_submit.py:571} INFO - ************************************************
[2024-01-30T02:48:28.269+0000] {spark_submit.py:571} INFO - Exception in thread "main" org.apache.spark.sql.AnalysisException: [PATH_NOT_FOUND] Path does not exist: hdfs://localhost:9000/data-lake/raw/football_data/competitions/2024-01-10/*.json.
[2024-01-30T02:48:28.269+0000] {spark_submit.py:571} INFO - at org.apache.spark.sql.errors.QueryCompilationErrors$.dataPathNotExistError(QueryCompilationErrors.scala:1500)
[2024-01-30T02:48:28.269+0000] {spark_submit.py:571} INFO - at org.apache.spark.sql.execution.datasources.DataSource$.$anonfun$checkAndGlobPathIfNecessary$3(DataSource.scala:743)
[2024-01-30T02:48:28.270+0000] {spark_submit.py:571} INFO - at org.apache.spark.util.ThreadUtils$.$anonfun$parmap$2(ThreadUtils.scala:380)
[2024-01-30T02:48:28.270+0000] {spark_submit.py:571} INFO - at scala.concurrent.Future$.$anonfun$apply$1(Future.scala:659)
[2024-01-30T02:48:28.270+0000] {spark_submit.py:571} INFO - at scala.util.Success.$anonfun$map$1(Try.scala:255)
[2024-01-30T02:48:28.270+0000] {spark_submit.py:571} INFO - at scala.util.Success.map(Try.scala:213)
[2024-01-30T02:48:28.270+0000] {spark_submit.py:571} INFO - at scala.concurrent.Future.$anonfun$map$1(Future.scala:292)
[2024-01-30T02:48:28.271+0000] {spark_submit.py:571} INFO - at scala.concurrent.impl.Promise.liftedTree1$1(Promise.scala:33)
[2024-01-30T02:48:28.271+0000] {spark_submit.py:571} INFO - at scala.concurrent.impl.Promise.$anonfun$transform$1(Promise.scala:33)
[2024-01-30T02:48:28.271+0000] {spark_submit.py:571} INFO - at scala.concurrent.impl.CallbackRunnable.run(Promise.scala:64)
[2024-01-30T02:48:28.271+0000] {spark_submit.py:571} INFO - at java.base/java.util.concurrent.ForkJoinTask$RunnableExecuteAction.exec(ForkJoinTask.java:1395)
[2024-01-30T02:48:28.271+0000] {spark_submit.py:571} INFO - at java.base/java.util.concurrent.ForkJoinTask.doExec(ForkJoinTask.java:373)
[2024-01-30T02:48:28.271+0000] {spark_submit.py:571} INFO - at java.base/java.util.concurrent.ForkJoinPool$WorkQueue.topLevelExec(ForkJoinPool.java:1182)
[2024-01-30T02:48:28.272+0000] {spark_submit.py:571} INFO - at java.base/java.util.concurrent.ForkJoinPool.scan(ForkJoinPool.java:1655)
[2024-01-30T02:48:28.272+0000] {spark_submit.py:571} INFO - at java.base/java.util.concurrent.ForkJoinPool.runWorker(ForkJoinPool.java:1622)
[2024-01-30T02:48:28.272+0000] {spark_submit.py:571} INFO - at java.base/java.util.concurrent.ForkJoinWorkerThread.run(ForkJoinWorkerThread.java:165)
[2024-01-30T02:48:28.280+0000] {spark_submit.py:571} INFO - 24/01/30 02:48:28 INFO SparkContext: Invoking stop() from shutdown hook
[2024-01-30T02:48:28.281+0000] {spark_submit.py:571} INFO - 24/01/30 02:48:28 INFO SparkContext: SparkContext is stopping with exitCode 0.
[2024-01-30T02:48:28.298+0000] {spark_submit.py:571} INFO - 24/01/30 02:48:28 INFO SparkUI: Stopped Spark web UI at http://instance-1.europe-west9-a.c.data-lake-project-409321.internal:4040
[2024-01-30T02:48:28.323+0000] {spark_submit.py:571} INFO - 24/01/30 02:48:28 INFO MapOutputTrackerMasterEndpoint: MapOutputTrackerMasterEndpoint stopped!
[2024-01-30T02:48:28.358+0000] {spark_submit.py:571} INFO - 24/01/30 02:48:28 INFO MemoryStore: MemoryStore cleared
[2024-01-30T02:48:28.359+0000] {spark_submit.py:571} INFO - 24/01/30 02:48:28 INFO BlockManager: BlockManager stopped
[2024-01-30T02:48:28.371+0000] {spark_submit.py:571} INFO - 24/01/30 02:48:28 INFO BlockManagerMaster: BlockManagerMaster stopped
[2024-01-30T02:48:28.377+0000] {spark_submit.py:571} INFO - 24/01/30 02:48:28 INFO OutputCommitCoordinator$OutputCommitCoordinatorEndpoint: OutputCommitCoordinator stopped!
[2024-01-30T02:48:28.388+0000] {spark_submit.py:571} INFO - 24/01/30 02:48:28 INFO SparkContext: Successfully stopped SparkContext
[2024-01-30T02:48:28.388+0000] {spark_submit.py:571} INFO - 24/01/30 02:48:28 INFO ShutdownHookManager: Shutdown hook called
[2024-01-30T02:48:28.389+0000] {spark_submit.py:571} INFO - 24/01/30 02:48:28 INFO ShutdownHookManager: Deleting directory /tmp/spark-7a8b6c5d-ac06-4318-8a18-66240edbb09a
[2024-01-30T02:48:28.393+0000] {spark_submit.py:571} INFO - 24/01/30 02:48:28 INFO ShutdownHookManager: Deleting directory /tmp/spark-ca177574-005e-4160-a47a-e91d19707395
[2024-01-30T02:48:28.445+0000] {taskinstance.py:2698} ERROR - Task failed with exception
Traceback (most recent call last):
  File "/home/juniortemgoua0/DataLake/venv/lib/python3.8/site-packages/airflow/models/taskinstance.py", line 433, in _execute_task
    result = execute_callable(context=context, **execute_callable_kwargs)
  File "/home/juniortemgoua0/DataLake/venv/lib/python3.8/site-packages/airflow/providers/apache/spark/operators/spark_submit.py", line 174, in execute
    self._hook.submit(self._application)
  File "/home/juniortemgoua0/DataLake/venv/lib/python3.8/site-packages/airflow/providers/apache/spark/hooks/spark_submit.py", line 502, in submit
    raise AirflowException(
airflow.exceptions.AirflowException: Cannot execute: spark-submit --master local[*] --conf spark.airflow.execution_date=2024-01-10 --name arrow-spark --class RawToFormatted --queue root.default --deploy-mode client /home/juniortemgoua0/DataLake/jobs/processes/scala/spark_process/target/scala-2.12/spark_job_2.12-0.1.0.jar hdfs://localhost:9000/data-lake. Error code is: 1.
[2024-01-30T02:48:28.448+0000] {taskinstance.py:1138} INFO - Marking task as UP_FOR_RETRY. dag_id=manage_data_lake_dag, task_id=local_job_raw_to_formatted, execution_date=20240110T000000, start_date=20240130T024820, end_date=20240130T024828
[2024-01-30T02:48:28.461+0000] {standard_task_runner.py:107} ERROR - Failed to execute job 153 for task local_job_raw_to_formatted (Cannot execute: spark-submit --master local[*] --conf spark.airflow.execution_date=2024-01-10 --name arrow-spark --class RawToFormatted --queue root.default --deploy-mode client /home/juniortemgoua0/DataLake/jobs/processes/scala/spark_process/target/scala-2.12/spark_job_2.12-0.1.0.jar hdfs://localhost:9000/data-lake. Error code is: 1.; 15738)
[2024-01-30T02:48:28.493+0000] {local_task_job_runner.py:234} INFO - Task exited with return code 1
[2024-01-30T02:48:28.508+0000] {taskinstance.py:3280} INFO - 0 downstream tasks scheduled from follow-on schedule check
[2024-01-30T03:18:51.358+0000] {taskinstance.py:1956} INFO - Dependencies all met for dep_context=non-requeueable deps ti=<TaskInstance: manage_data_lake_dag.local_job_raw_to_formatted scheduled__2024-01-10T00:00:00+00:00 [queued]>
[2024-01-30T03:18:51.366+0000] {taskinstance.py:1956} INFO - Dependencies all met for dep_context=requeueable deps ti=<TaskInstance: manage_data_lake_dag.local_job_raw_to_formatted scheduled__2024-01-10T00:00:00+00:00 [queued]>
[2024-01-30T03:18:51.367+0000] {taskinstance.py:2170} INFO - Starting attempt 1 of 6
[2024-01-30T03:18:51.380+0000] {taskinstance.py:2191} INFO - Executing <Task(SparkSubmitOperator): local_job_raw_to_formatted> on 2024-01-10 00:00:00+00:00
[2024-01-30T03:18:51.385+0000] {standard_task_runner.py:60} INFO - Started process 26518 to run task
[2024-01-30T03:18:51.391+0000] {standard_task_runner.py:87} INFO - Running: ['airflow', 'tasks', 'run', 'manage_data_lake_dag', 'local_job_raw_to_formatted', 'scheduled__2024-01-10T00:00:00+00:00', '--job-id', '168', '--raw', '--subdir', 'DAGS_FOLDER/data_lake_dag.py', '--cfg-path', '/tmp/tmp4vpovixi']
[2024-01-30T03:18:51.392+0000] {standard_task_runner.py:88} INFO - Job 168: Subtask local_job_raw_to_formatted
[2024-01-30T03:18:51.437+0000] {task_command.py:423} INFO - Running <TaskInstance: manage_data_lake_dag.local_job_raw_to_formatted scheduled__2024-01-10T00:00:00+00:00 [running]> on host instance-1.europe-west9-a.c.data-lake-project-409321.internal
[2024-01-30T03:18:51.492+0000] {taskinstance.py:2480} INFO - Exporting env vars: AIRFLOW_CTX_DAG_OWNER='juniortemgoua0' AIRFLOW_CTX_DAG_ID='manage_data_lake_dag' AIRFLOW_CTX_TASK_ID='local_job_raw_to_formatted' AIRFLOW_CTX_EXECUTION_DATE='2024-01-10T00:00:00+00:00' AIRFLOW_CTX_TRY_NUMBER='1' AIRFLOW_CTX_DAG_RUN_ID='scheduled__2024-01-10T00:00:00+00:00'
[2024-01-30T03:18:51.499+0000] {base.py:83} INFO - Using connection ID 'spark_default' for task execution.
[2024-01-30T03:18:51.501+0000] {spark_submit.py:401} INFO - Spark-Submit cmd: spark-submit --master local[*] --conf spark.airflow.execution_date=2024-01-10 --name arrow-spark --class RawToFormatted --queue root.default --deploy-mode client /home/juniortemgoua0/DataLake/jobs/processes/scala/spark_process/target/scala-2.12/spark_job_2.12-0.1.0.jar hdfs://localhost:9000/data-lake
[2024-01-30T03:18:54.209+0000] {spark_submit.py:571} INFO - 24/01/30 03:18:54 INFO SparkContext: Running Spark version 3.5.0
[2024-01-30T03:18:54.215+0000] {spark_submit.py:571} INFO - 24/01/30 03:18:54 INFO SparkContext: OS info Linux, 5.15.0-1049-gcp, amd64
[2024-01-30T03:18:54.216+0000] {spark_submit.py:571} INFO - 24/01/30 03:18:54 INFO SparkContext: Java version 17.0.9
[2024-01-30T03:18:54.336+0000] {spark_submit.py:571} INFO - 24/01/30 03:18:54 WARN NativeCodeLoader: Unable to load native-hadoop library for your platform... using builtin-java classes where applicable
[2024-01-30T03:18:54.480+0000] {spark_submit.py:571} INFO - 24/01/30 03:18:54 INFO ResourceUtils: ==============================================================
[2024-01-30T03:18:54.481+0000] {spark_submit.py:571} INFO - 24/01/30 03:18:54 INFO ResourceUtils: No custom resources configured for spark.driver.
[2024-01-30T03:18:54.482+0000] {spark_submit.py:571} INFO - 24/01/30 03:18:54 INFO ResourceUtils: ==============================================================
[2024-01-30T03:18:54.483+0000] {spark_submit.py:571} INFO - 24/01/30 03:18:54 INFO SparkContext: Submitted application: RawToFormatted
[2024-01-30T03:18:54.516+0000] {spark_submit.py:571} INFO - 24/01/30 03:18:54 INFO ResourceProfile: Default ResourceProfile created, executor resources: Map(cores -> name: cores, amount: 1, script: , vendor: , memory -> name: memory, amount: 1024, script: , vendor: , offHeap -> name: offHeap, amount: 0, script: , vendor: ), task resources: Map(cpus -> name: cpus, amount: 1.0)
[2024-01-30T03:18:54.532+0000] {spark_submit.py:571} INFO - 24/01/30 03:18:54 INFO ResourceProfile: Limiting resource is cpu
[2024-01-30T03:18:54.540+0000] {spark_submit.py:571} INFO - 24/01/30 03:18:54 INFO ResourceProfileManager: Added ResourceProfile id: 0
[2024-01-30T03:18:54.621+0000] {spark_submit.py:571} INFO - 24/01/30 03:18:54 INFO SecurityManager: Changing view acls to: juniortemgoua0
[2024-01-30T03:18:54.622+0000] {spark_submit.py:571} INFO - 24/01/30 03:18:54 INFO SecurityManager: Changing modify acls to: juniortemgoua0
[2024-01-30T03:18:54.623+0000] {spark_submit.py:571} INFO - 24/01/30 03:18:54 INFO SecurityManager: Changing view acls groups to:
[2024-01-30T03:18:54.624+0000] {spark_submit.py:571} INFO - 24/01/30 03:18:54 INFO SecurityManager: Changing modify acls groups to:
[2024-01-30T03:18:54.625+0000] {spark_submit.py:571} INFO - 24/01/30 03:18:54 INFO SecurityManager: SecurityManager: authentication disabled; ui acls disabled; users with view permissions: juniortemgoua0; groups with view permissions: EMPTY; users with modify permissions: juniortemgoua0; groups with modify permissions: EMPTY
[2024-01-30T03:18:55.012+0000] {spark_submit.py:571} INFO - 24/01/30 03:18:55 INFO Utils: Successfully started service 'sparkDriver' on port 33005.
[2024-01-30T03:18:55.061+0000] {spark_submit.py:571} INFO - 24/01/30 03:18:55 INFO SparkEnv: Registering MapOutputTracker
[2024-01-30T03:18:55.122+0000] {spark_submit.py:571} INFO - 24/01/30 03:18:55 INFO SparkEnv: Registering BlockManagerMaster
[2024-01-30T03:18:55.152+0000] {spark_submit.py:571} INFO - 24/01/30 03:18:55 INFO BlockManagerMasterEndpoint: Using org.apache.spark.storage.DefaultTopologyMapper for getting topology information
[2024-01-30T03:18:55.153+0000] {spark_submit.py:571} INFO - 24/01/30 03:18:55 INFO BlockManagerMasterEndpoint: BlockManagerMasterEndpoint up
[2024-01-30T03:18:55.159+0000] {spark_submit.py:571} INFO - 24/01/30 03:18:55 INFO SparkEnv: Registering BlockManagerMasterHeartbeat
[2024-01-30T03:18:55.190+0000] {spark_submit.py:571} INFO - 24/01/30 03:18:55 INFO DiskBlockManager: Created local directory at /tmp/blockmgr-4e327d7d-b8fa-4704-8521-82a47ed727c0
[2024-01-30T03:18:55.216+0000] {spark_submit.py:571} INFO - 24/01/30 03:18:55 INFO MemoryStore: MemoryStore started with capacity 434.4 MiB
[2024-01-30T03:18:55.238+0000] {spark_submit.py:571} INFO - 24/01/30 03:18:55 INFO SparkEnv: Registering OutputCommitCoordinator
[2024-01-30T03:18:55.445+0000] {spark_submit.py:571} INFO - 24/01/30 03:18:55 INFO JettyUtils: Start Jetty 0.0.0.0:4040 for SparkUI
[2024-01-30T03:18:55.533+0000] {spark_submit.py:571} INFO - 24/01/30 03:18:55 INFO Utils: Successfully started service 'SparkUI' on port 4040.
[2024-01-30T03:18:55.597+0000] {spark_submit.py:571} INFO - 24/01/30 03:18:55 INFO SparkContext: Added JAR file:/home/juniortemgoua0/DataLake/jobs/processes/scala/spark_process/target/scala-2.12/spark_job_2.12-0.1.0.jar at spark://instance-1.europe-west9-a.c.data-lake-project-409321.internal:33005/jars/spark_job_2.12-0.1.0.jar with timestamp 1706584734190
[2024-01-30T03:18:55.705+0000] {spark_submit.py:571} INFO - 24/01/30 03:18:55 INFO Executor: Starting executor ID driver on host instance-1.europe-west9-a.c.data-lake-project-409321.internal
[2024-01-30T03:18:55.706+0000] {spark_submit.py:571} INFO - 24/01/30 03:18:55 INFO Executor: OS info Linux, 5.15.0-1049-gcp, amd64
[2024-01-30T03:18:55.707+0000] {spark_submit.py:571} INFO - 24/01/30 03:18:55 INFO Executor: Java version 17.0.9
[2024-01-30T03:18:55.721+0000] {spark_submit.py:571} INFO - 24/01/30 03:18:55 INFO Executor: Starting executor with user classpath (userClassPathFirst = false): ''
[2024-01-30T03:18:55.722+0000] {spark_submit.py:571} INFO - 24/01/30 03:18:55 INFO Executor: Created or updated repl class loader org.apache.spark.util.MutableURLClassLoader@3679d92e for default.
[2024-01-30T03:18:55.765+0000] {spark_submit.py:571} INFO - 24/01/30 03:18:55 INFO Executor: Fetching spark://instance-1.europe-west9-a.c.data-lake-project-409321.internal:33005/jars/spark_job_2.12-0.1.0.jar with timestamp 1706584734190
[2024-01-30T03:18:55.870+0000] {spark_submit.py:571} INFO - 24/01/30 03:18:55 INFO TransportClientFactory: Successfully created connection to instance-1.europe-west9-a.c.data-lake-project-409321.internal/10.200.0.5:33005 after 44 ms (0 ms spent in bootstraps)
[2024-01-30T03:18:55.892+0000] {spark_submit.py:571} INFO - 24/01/30 03:18:55 INFO Utils: Fetching spark://instance-1.europe-west9-a.c.data-lake-project-409321.internal:33005/jars/spark_job_2.12-0.1.0.jar to /tmp/spark-d62b5d74-6097-49de-90d7-f4242ef8e6e2/userFiles-530c70e2-2406-4a4e-a47e-7ed4a74705da/fetchFileTemp9333102891180558974.tmp
[2024-01-30T03:18:55.948+0000] {spark_submit.py:571} INFO - 24/01/30 03:18:55 INFO Executor: Adding file:/tmp/spark-d62b5d74-6097-49de-90d7-f4242ef8e6e2/userFiles-530c70e2-2406-4a4e-a47e-7ed4a74705da/spark_job_2.12-0.1.0.jar to class loader default
[2024-01-30T03:18:55.960+0000] {spark_submit.py:571} INFO - 24/01/30 03:18:55 INFO Utils: Successfully started service 'org.apache.spark.network.netty.NettyBlockTransferService' on port 37603.
[2024-01-30T03:18:55.960+0000] {spark_submit.py:571} INFO - 24/01/30 03:18:55 INFO NettyBlockTransferService: Server created on instance-1.europe-west9-a.c.data-lake-project-409321.internal:37603
[2024-01-30T03:18:55.963+0000] {spark_submit.py:571} INFO - 24/01/30 03:18:55 INFO BlockManager: Using org.apache.spark.storage.RandomBlockReplicationPolicy for block replication policy
[2024-01-30T03:18:55.973+0000] {spark_submit.py:571} INFO - 24/01/30 03:18:55 INFO BlockManagerMaster: Registering BlockManager BlockManagerId(driver, instance-1.europe-west9-a.c.data-lake-project-409321.internal, 37603, None)
[2024-01-30T03:18:55.976+0000] {spark_submit.py:571} INFO - 24/01/30 03:18:55 INFO BlockManagerMasterEndpoint: Registering block manager instance-1.europe-west9-a.c.data-lake-project-409321.internal:37603 with 434.4 MiB RAM, BlockManagerId(driver, instance-1.europe-west9-a.c.data-lake-project-409321.internal, 37603, None)
[2024-01-30T03:18:55.979+0000] {spark_submit.py:571} INFO - 24/01/30 03:18:55 INFO BlockManagerMaster: Registered BlockManager BlockManagerId(driver, instance-1.europe-west9-a.c.data-lake-project-409321.internal, 37603, None)
[2024-01-30T03:18:55.981+0000] {spark_submit.py:571} INFO - 24/01/30 03:18:55 INFO BlockManager: Initialized BlockManager: BlockManagerId(driver, instance-1.europe-west9-a.c.data-lake-project-409321.internal, 37603, None)
[2024-01-30T03:18:56.950+0000] {spark_submit.py:571} INFO - 24/01/30 03:18:56 INFO SharedState: Setting hive.metastore.warehouse.dir ('null') to the value of spark.sql.warehouse.dir.
[2024-01-30T03:18:56.959+0000] {spark_submit.py:571} INFO - 24/01/30 03:18:56 INFO SharedState: Warehouse path is 'file:/home/juniortemgoua0/DataLake/spark-warehouse'.
[2024-01-30T03:18:57.883+0000] {spark_submit.py:571} INFO - ************************************************
[2024-01-30T03:18:57.884+0000] {spark_submit.py:571} INFO - Date d'exécution  : 2024-01-10
[2024-01-30T03:18:57.884+0000] {spark_submit.py:571} INFO - ************************************************
[2024-01-30T03:18:59.049+0000] {spark_submit.py:571} INFO - Exception in thread "main" org.apache.spark.sql.AnalysisException: [PATH_NOT_FOUND] Path does not exist: hdfs://localhost:9000/data-lake/raw/football_data/competitions/2024-01-10/*.json.
[2024-01-30T03:18:59.050+0000] {spark_submit.py:571} INFO - at org.apache.spark.sql.errors.QueryCompilationErrors$.dataPathNotExistError(QueryCompilationErrors.scala:1500)
[2024-01-30T03:18:59.050+0000] {spark_submit.py:571} INFO - at org.apache.spark.sql.execution.datasources.DataSource$.$anonfun$checkAndGlobPathIfNecessary$3(DataSource.scala:743)
[2024-01-30T03:18:59.050+0000] {spark_submit.py:571} INFO - at org.apache.spark.util.ThreadUtils$.$anonfun$parmap$2(ThreadUtils.scala:380)
[2024-01-30T03:18:59.050+0000] {spark_submit.py:571} INFO - at scala.concurrent.Future$.$anonfun$apply$1(Future.scala:659)
[2024-01-30T03:18:59.050+0000] {spark_submit.py:571} INFO - at scala.util.Success.$anonfun$map$1(Try.scala:255)
[2024-01-30T03:18:59.051+0000] {spark_submit.py:571} INFO - at scala.util.Success.map(Try.scala:213)
[2024-01-30T03:18:59.051+0000] {spark_submit.py:571} INFO - at scala.concurrent.Future.$anonfun$map$1(Future.scala:292)
[2024-01-30T03:18:59.051+0000] {spark_submit.py:571} INFO - at scala.concurrent.impl.Promise.liftedTree1$1(Promise.scala:33)
[2024-01-30T03:18:59.051+0000] {spark_submit.py:571} INFO - at scala.concurrent.impl.Promise.$anonfun$transform$1(Promise.scala:33)
[2024-01-30T03:18:59.051+0000] {spark_submit.py:571} INFO - at scala.concurrent.impl.CallbackRunnable.run(Promise.scala:64)
[2024-01-30T03:18:59.051+0000] {spark_submit.py:571} INFO - at java.base/java.util.concurrent.ForkJoinTask$RunnableExecuteAction.exec(ForkJoinTask.java:1395)
[2024-01-30T03:18:59.052+0000] {spark_submit.py:571} INFO - at java.base/java.util.concurrent.ForkJoinTask.doExec(ForkJoinTask.java:373)
[2024-01-30T03:18:59.052+0000] {spark_submit.py:571} INFO - at java.base/java.util.concurrent.ForkJoinPool$WorkQueue.topLevelExec(ForkJoinPool.java:1182)
[2024-01-30T03:18:59.052+0000] {spark_submit.py:571} INFO - at java.base/java.util.concurrent.ForkJoinPool.scan(ForkJoinPool.java:1655)
[2024-01-30T03:18:59.052+0000] {spark_submit.py:571} INFO - at java.base/java.util.concurrent.ForkJoinPool.runWorker(ForkJoinPool.java:1622)
[2024-01-30T03:18:59.052+0000] {spark_submit.py:571} INFO - at java.base/java.util.concurrent.ForkJoinWorkerThread.run(ForkJoinWorkerThread.java:165)
[2024-01-30T03:18:59.057+0000] {spark_submit.py:571} INFO - 24/01/30 03:18:59 INFO SparkContext: Invoking stop() from shutdown hook
[2024-01-30T03:18:59.057+0000] {spark_submit.py:571} INFO - 24/01/30 03:18:59 INFO SparkContext: SparkContext is stopping with exitCode 0.
[2024-01-30T03:18:59.073+0000] {spark_submit.py:571} INFO - 24/01/30 03:18:59 INFO SparkUI: Stopped Spark web UI at http://instance-1.europe-west9-a.c.data-lake-project-409321.internal:4040
[2024-01-30T03:18:59.089+0000] {spark_submit.py:571} INFO - 24/01/30 03:18:59 INFO MapOutputTrackerMasterEndpoint: MapOutputTrackerMasterEndpoint stopped!
[2024-01-30T03:18:59.107+0000] {spark_submit.py:571} INFO - 24/01/30 03:18:59 INFO MemoryStore: MemoryStore cleared
[2024-01-30T03:18:59.107+0000] {spark_submit.py:571} INFO - 24/01/30 03:18:59 INFO BlockManager: BlockManager stopped
[2024-01-30T03:18:59.118+0000] {spark_submit.py:571} INFO - 24/01/30 03:18:59 INFO BlockManagerMaster: BlockManagerMaster stopped
[2024-01-30T03:18:59.123+0000] {spark_submit.py:571} INFO - 24/01/30 03:18:59 INFO OutputCommitCoordinator$OutputCommitCoordinatorEndpoint: OutputCommitCoordinator stopped!
[2024-01-30T03:18:59.134+0000] {spark_submit.py:571} INFO - 24/01/30 03:18:59 INFO SparkContext: Successfully stopped SparkContext
[2024-01-30T03:18:59.135+0000] {spark_submit.py:571} INFO - 24/01/30 03:18:59 INFO ShutdownHookManager: Shutdown hook called
[2024-01-30T03:18:59.136+0000] {spark_submit.py:571} INFO - 24/01/30 03:18:59 INFO ShutdownHookManager: Deleting directory /tmp/spark-d62b5d74-6097-49de-90d7-f4242ef8e6e2
[2024-01-30T03:18:59.141+0000] {spark_submit.py:571} INFO - 24/01/30 03:18:59 INFO ShutdownHookManager: Deleting directory /tmp/spark-ee3885cc-0a67-4e2f-b6e1-1b8d7b8c8f60
[2024-01-30T03:18:59.196+0000] {taskinstance.py:2698} ERROR - Task failed with exception
Traceback (most recent call last):
  File "/home/juniortemgoua0/DataLake/venv/lib/python3.8/site-packages/airflow/models/taskinstance.py", line 433, in _execute_task
    result = execute_callable(context=context, **execute_callable_kwargs)
  File "/home/juniortemgoua0/DataLake/venv/lib/python3.8/site-packages/airflow/providers/apache/spark/operators/spark_submit.py", line 174, in execute
    self._hook.submit(self._application)
  File "/home/juniortemgoua0/DataLake/venv/lib/python3.8/site-packages/airflow/providers/apache/spark/hooks/spark_submit.py", line 502, in submit
    raise AirflowException(
airflow.exceptions.AirflowException: Cannot execute: spark-submit --master local[*] --conf spark.airflow.execution_date=2024-01-10 --name arrow-spark --class RawToFormatted --queue root.default --deploy-mode client /home/juniortemgoua0/DataLake/jobs/processes/scala/spark_process/target/scala-2.12/spark_job_2.12-0.1.0.jar hdfs://localhost:9000/data-lake. Error code is: 1.
[2024-01-30T03:18:59.200+0000] {taskinstance.py:1138} INFO - Marking task as UP_FOR_RETRY. dag_id=manage_data_lake_dag, task_id=local_job_raw_to_formatted, execution_date=20240110T000000, start_date=20240130T031851, end_date=20240130T031859
[2024-01-30T03:18:59.214+0000] {standard_task_runner.py:107} ERROR - Failed to execute job 168 for task local_job_raw_to_formatted (Cannot execute: spark-submit --master local[*] --conf spark.airflow.execution_date=2024-01-10 --name arrow-spark --class RawToFormatted --queue root.default --deploy-mode client /home/juniortemgoua0/DataLake/jobs/processes/scala/spark_process/target/scala-2.12/spark_job_2.12-0.1.0.jar hdfs://localhost:9000/data-lake. Error code is: 1.; 26518)
[2024-01-30T03:18:59.239+0000] {local_task_job_runner.py:234} INFO - Task exited with return code 1
[2024-01-30T03:18:59.256+0000] {taskinstance.py:3280} INFO - 0 downstream tasks scheduled from follow-on schedule check
