[2024-01-30T12:39:47.721+0000] {taskinstance.py:1956} INFO - Dependencies all met for dep_context=non-requeueable deps ti=<TaskInstance: manage_data_lake_dag.local_job_raw_to_formatted scheduled__2024-01-10T00:00:00+00:00 [queued]>
[2024-01-30T12:39:47.728+0000] {taskinstance.py:1956} INFO - Dependencies all met for dep_context=requeueable deps ti=<TaskInstance: manage_data_lake_dag.local_job_raw_to_formatted scheduled__2024-01-10T00:00:00+00:00 [queued]>
[2024-01-30T12:39:47.728+0000] {taskinstance.py:2170} INFO - Starting attempt 4 of 6
[2024-01-30T12:39:47.744+0000] {taskinstance.py:2191} INFO - Executing <Task(SparkSubmitOperator): local_job_raw_to_formatted> on 2024-01-10 00:00:00+00:00
[2024-01-30T12:39:47.750+0000] {standard_task_runner.py:60} INFO - Started process 28369 to run task
[2024-01-30T12:39:47.756+0000] {standard_task_runner.py:87} INFO - Running: ['airflow', 'tasks', 'run', 'manage_data_lake_dag', 'local_job_raw_to_formatted', 'scheduled__2024-01-10T00:00:00+00:00', '--job-id', '208', '--raw', '--subdir', 'DAGS_FOLDER/data_lake_dag.py', '--cfg-path', '/tmp/tmpga3w_y8x']
[2024-01-30T12:39:47.759+0000] {standard_task_runner.py:88} INFO - Job 208: Subtask local_job_raw_to_formatted
[2024-01-30T12:39:47.807+0000] {task_command.py:423} INFO - Running <TaskInstance: manage_data_lake_dag.local_job_raw_to_formatted scheduled__2024-01-10T00:00:00+00:00 [running]> on host instance-1.europe-west9-a.c.data-lake-project-409321.internal
[2024-01-30T12:39:47.871+0000] {taskinstance.py:2480} INFO - Exporting env vars: AIRFLOW_CTX_DAG_OWNER='juniortemgoua0' AIRFLOW_CTX_DAG_ID='manage_data_lake_dag' AIRFLOW_CTX_TASK_ID='local_job_raw_to_formatted' AIRFLOW_CTX_EXECUTION_DATE='2024-01-10T00:00:00+00:00' AIRFLOW_CTX_TRY_NUMBER='4' AIRFLOW_CTX_DAG_RUN_ID='scheduled__2024-01-10T00:00:00+00:00'
[2024-01-30T12:39:47.880+0000] {base.py:83} INFO - Using connection ID 'spark_default' for task execution.
[2024-01-30T12:39:47.881+0000] {spark_submit.py:401} INFO - Spark-Submit cmd: spark-submit --master local[*] --conf spark.airflow.execution_date=2024-01-10 --name arrow-spark --class RawToFormatted --queue root.default --deploy-mode client /home/juniortemgoua0/DataLake/jobs/processes/scala/spark_process/target/scala-2.12/spark_job_2.12-0.1.0.jar hdfs://localhost:9000/data-lake
[2024-01-30T12:39:51.235+0000] {spark_submit.py:571} INFO - 24/01/30 12:39:51 INFO SparkContext: Running Spark version 3.5.0
[2024-01-30T12:39:51.240+0000] {spark_submit.py:571} INFO - 24/01/30 12:39:51 INFO SparkContext: OS info Linux, 5.15.0-1049-gcp, amd64
[2024-01-30T12:39:51.242+0000] {spark_submit.py:571} INFO - 24/01/30 12:39:51 INFO SparkContext: Java version 17.0.9
[2024-01-30T12:39:51.374+0000] {spark_submit.py:571} INFO - 24/01/30 12:39:51 WARN NativeCodeLoader: Unable to load native-hadoop library for your platform... using builtin-java classes where applicable
[2024-01-30T12:39:51.550+0000] {spark_submit.py:571} INFO - 24/01/30 12:39:51 INFO ResourceUtils: ==============================================================
[2024-01-30T12:39:51.552+0000] {spark_submit.py:571} INFO - 24/01/30 12:39:51 INFO ResourceUtils: No custom resources configured for spark.driver.
[2024-01-30T12:39:51.553+0000] {spark_submit.py:571} INFO - 24/01/30 12:39:51 INFO ResourceUtils: ==============================================================
[2024-01-30T12:39:51.554+0000] {spark_submit.py:571} INFO - 24/01/30 12:39:51 INFO SparkContext: Submitted application: RawToFormatted
[2024-01-30T12:39:51.592+0000] {spark_submit.py:571} INFO - 24/01/30 12:39:51 INFO ResourceProfile: Default ResourceProfile created, executor resources: Map(cores -> name: cores, amount: 1, script: , vendor: , memory -> name: memory, amount: 1024, script: , vendor: , offHeap -> name: offHeap, amount: 0, script: , vendor: ), task resources: Map(cpus -> name: cpus, amount: 1.0)
[2024-01-30T12:39:51.636+0000] {spark_submit.py:571} INFO - 24/01/30 12:39:51 INFO ResourceProfile: Limiting resource is cpu
[2024-01-30T12:39:51.639+0000] {spark_submit.py:571} INFO - 24/01/30 12:39:51 INFO ResourceProfileManager: Added ResourceProfile id: 0
[2024-01-30T12:39:51.733+0000] {spark_submit.py:571} INFO - 24/01/30 12:39:51 INFO SecurityManager: Changing view acls to: juniortemgoua0
[2024-01-30T12:39:51.735+0000] {spark_submit.py:571} INFO - 24/01/30 12:39:51 INFO SecurityManager: Changing modify acls to: juniortemgoua0
[2024-01-30T12:39:51.736+0000] {spark_submit.py:571} INFO - 24/01/30 12:39:51 INFO SecurityManager: Changing view acls groups to:
[2024-01-30T12:39:51.737+0000] {spark_submit.py:571} INFO - 24/01/30 12:39:51 INFO SecurityManager: Changing modify acls groups to:
[2024-01-30T12:39:51.738+0000] {spark_submit.py:571} INFO - 24/01/30 12:39:51 INFO SecurityManager: SecurityManager: authentication disabled; ui acls disabled; users with view permissions: juniortemgoua0; groups with view permissions: EMPTY; users with modify permissions: juniortemgoua0; groups with modify permissions: EMPTY
[2024-01-30T12:39:52.148+0000] {spark_submit.py:571} INFO - 24/01/30 12:39:52 INFO Utils: Successfully started service 'sparkDriver' on port 42335.
[2024-01-30T12:39:52.217+0000] {spark_submit.py:571} INFO - 24/01/30 12:39:52 INFO SparkEnv: Registering MapOutputTracker
[2024-01-30T12:39:52.280+0000] {spark_submit.py:571} INFO - 24/01/30 12:39:52 INFO SparkEnv: Registering BlockManagerMaster
[2024-01-30T12:39:52.311+0000] {spark_submit.py:571} INFO - 24/01/30 12:39:52 INFO BlockManagerMasterEndpoint: Using org.apache.spark.storage.DefaultTopologyMapper for getting topology information
[2024-01-30T12:39:52.313+0000] {spark_submit.py:571} INFO - 24/01/30 12:39:52 INFO BlockManagerMasterEndpoint: BlockManagerMasterEndpoint up
[2024-01-30T12:39:52.320+0000] {spark_submit.py:571} INFO - 24/01/30 12:39:52 INFO SparkEnv: Registering BlockManagerMasterHeartbeat
[2024-01-30T12:39:52.351+0000] {spark_submit.py:571} INFO - 24/01/30 12:39:52 INFO DiskBlockManager: Created local directory at /tmp/blockmgr-04111e76-a836-4c5b-ba62-b136b100d0e5
[2024-01-30T12:39:52.384+0000] {spark_submit.py:571} INFO - 24/01/30 12:39:52 INFO MemoryStore: MemoryStore started with capacity 434.4 MiB
[2024-01-30T12:39:52.419+0000] {spark_submit.py:571} INFO - 24/01/30 12:39:52 INFO SparkEnv: Registering OutputCommitCoordinator
[2024-01-30T12:39:52.681+0000] {spark_submit.py:571} INFO - 24/01/30 12:39:52 INFO JettyUtils: Start Jetty 0.0.0.0:4040 for SparkUI
[2024-01-30T12:39:52.789+0000] {spark_submit.py:571} INFO - 24/01/30 12:39:52 INFO Utils: Successfully started service 'SparkUI' on port 4040.
[2024-01-30T12:39:52.890+0000] {spark_submit.py:571} INFO - 24/01/30 12:39:52 INFO SparkContext: Added JAR file:/home/juniortemgoua0/DataLake/jobs/processes/scala/spark_process/target/scala-2.12/spark_job_2.12-0.1.0.jar at spark://instance-1.europe-west9-a.c.data-lake-project-409321.internal:42335/jars/spark_job_2.12-0.1.0.jar with timestamp 1706618391216
[2024-01-30T12:39:53.015+0000] {spark_submit.py:571} INFO - 24/01/30 12:39:53 INFO Executor: Starting executor ID driver on host instance-1.europe-west9-a.c.data-lake-project-409321.internal
[2024-01-30T12:39:53.017+0000] {spark_submit.py:571} INFO - 24/01/30 12:39:53 INFO Executor: OS info Linux, 5.15.0-1049-gcp, amd64
[2024-01-30T12:39:53.018+0000] {spark_submit.py:571} INFO - 24/01/30 12:39:53 INFO Executor: Java version 17.0.9
[2024-01-30T12:39:53.034+0000] {spark_submit.py:571} INFO - 24/01/30 12:39:53 INFO Executor: Starting executor with user classpath (userClassPathFirst = false): ''
[2024-01-30T12:39:53.035+0000] {spark_submit.py:571} INFO - 24/01/30 12:39:53 INFO Executor: Created or updated repl class loader org.apache.spark.util.MutableURLClassLoader@6ed043d3 for default.
[2024-01-30T12:39:53.105+0000] {spark_submit.py:571} INFO - 24/01/30 12:39:53 INFO Executor: Fetching spark://instance-1.europe-west9-a.c.data-lake-project-409321.internal:42335/jars/spark_job_2.12-0.1.0.jar with timestamp 1706618391216
[2024-01-30T12:39:53.239+0000] {spark_submit.py:571} INFO - 24/01/30 12:39:53 INFO TransportClientFactory: Successfully created connection to instance-1.europe-west9-a.c.data-lake-project-409321.internal/10.200.0.5:42335 after 56 ms (0 ms spent in bootstraps)
[2024-01-30T12:39:53.268+0000] {spark_submit.py:571} INFO - 24/01/30 12:39:53 INFO Utils: Fetching spark://instance-1.europe-west9-a.c.data-lake-project-409321.internal:42335/jars/spark_job_2.12-0.1.0.jar to /tmp/spark-a79675e5-c19f-4566-a8dc-8d262ad33eec/userFiles-5a634c54-9660-4b00-8e92-3b6034531fb2/fetchFileTemp9240750839660218491.tmp
[2024-01-30T12:39:53.318+0000] {spark_submit.py:571} INFO - 24/01/30 12:39:53 INFO Executor: Adding file:/tmp/spark-a79675e5-c19f-4566-a8dc-8d262ad33eec/userFiles-5a634c54-9660-4b00-8e92-3b6034531fb2/spark_job_2.12-0.1.0.jar to class loader default
[2024-01-30T12:39:53.332+0000] {spark_submit.py:571} INFO - 24/01/30 12:39:53 INFO Utils: Successfully started service 'org.apache.spark.network.netty.NettyBlockTransferService' on port 44195.
[2024-01-30T12:39:53.332+0000] {spark_submit.py:571} INFO - 24/01/30 12:39:53 INFO NettyBlockTransferService: Server created on instance-1.europe-west9-a.c.data-lake-project-409321.internal:44195
[2024-01-30T12:39:53.335+0000] {spark_submit.py:571} INFO - 24/01/30 12:39:53 INFO BlockManager: Using org.apache.spark.storage.RandomBlockReplicationPolicy for block replication policy
[2024-01-30T12:39:53.347+0000] {spark_submit.py:571} INFO - 24/01/30 12:39:53 INFO BlockManagerMaster: Registering BlockManager BlockManagerId(driver, instance-1.europe-west9-a.c.data-lake-project-409321.internal, 44195, None)
[2024-01-30T12:39:53.352+0000] {spark_submit.py:571} INFO - 24/01/30 12:39:53 INFO BlockManagerMasterEndpoint: Registering block manager instance-1.europe-west9-a.c.data-lake-project-409321.internal:44195 with 434.4 MiB RAM, BlockManagerId(driver, instance-1.europe-west9-a.c.data-lake-project-409321.internal, 44195, None)
[2024-01-30T12:39:53.355+0000] {spark_submit.py:571} INFO - 24/01/30 12:39:53 INFO BlockManagerMaster: Registered BlockManager BlockManagerId(driver, instance-1.europe-west9-a.c.data-lake-project-409321.internal, 44195, None)
[2024-01-30T12:39:53.357+0000] {spark_submit.py:571} INFO - 24/01/30 12:39:53 INFO BlockManager: Initialized BlockManager: BlockManagerId(driver, instance-1.europe-west9-a.c.data-lake-project-409321.internal, 44195, None)
[2024-01-30T12:39:54.576+0000] {spark_submit.py:571} INFO - 24/01/30 12:39:54 INFO SharedState: Setting hive.metastore.warehouse.dir ('null') to the value of spark.sql.warehouse.dir.
[2024-01-30T12:39:54.587+0000] {spark_submit.py:571} INFO - 24/01/30 12:39:54 INFO SharedState: Warehouse path is 'file:/home/juniortemgoua0/DataLake/spark-warehouse'.
[2024-01-30T12:39:55.708+0000] {spark_submit.py:571} INFO - ************************************************
[2024-01-30T12:39:55.708+0000] {spark_submit.py:571} INFO - Date d'exécution  : 2024-01-10
[2024-01-30T12:39:55.708+0000] {spark_submit.py:571} INFO - ************************************************
[2024-01-30T12:39:57.066+0000] {spark_submit.py:571} INFO - Exception in thread "main" org.apache.spark.sql.AnalysisException: [PATH_NOT_FOUND] Path does not exist: hdfs://localhost:9000/data-lake/raw/football_data/competitions/2024-01-10/*.json.
[2024-01-30T12:39:57.066+0000] {spark_submit.py:571} INFO - at org.apache.spark.sql.errors.QueryCompilationErrors$.dataPathNotExistError(QueryCompilationErrors.scala:1500)
[2024-01-30T12:39:57.067+0000] {spark_submit.py:571} INFO - at org.apache.spark.sql.execution.datasources.DataSource$.$anonfun$checkAndGlobPathIfNecessary$3(DataSource.scala:743)
[2024-01-30T12:39:57.067+0000] {spark_submit.py:571} INFO - at org.apache.spark.util.ThreadUtils$.$anonfun$parmap$2(ThreadUtils.scala:380)
[2024-01-30T12:39:57.067+0000] {spark_submit.py:571} INFO - at scala.concurrent.Future$.$anonfun$apply$1(Future.scala:659)
[2024-01-30T12:39:57.067+0000] {spark_submit.py:571} INFO - at scala.util.Success.$anonfun$map$1(Try.scala:255)
[2024-01-30T12:39:57.068+0000] {spark_submit.py:571} INFO - at scala.util.Success.map(Try.scala:213)
[2024-01-30T12:39:57.068+0000] {spark_submit.py:571} INFO - at scala.concurrent.Future.$anonfun$map$1(Future.scala:292)
[2024-01-30T12:39:57.068+0000] {spark_submit.py:571} INFO - at scala.concurrent.impl.Promise.liftedTree1$1(Promise.scala:33)
[2024-01-30T12:39:57.068+0000] {spark_submit.py:571} INFO - at scala.concurrent.impl.Promise.$anonfun$transform$1(Promise.scala:33)
[2024-01-30T12:39:57.068+0000] {spark_submit.py:571} INFO - at scala.concurrent.impl.CallbackRunnable.run(Promise.scala:64)
[2024-01-30T12:39:57.068+0000] {spark_submit.py:571} INFO - at java.base/java.util.concurrent.ForkJoinTask$RunnableExecuteAction.exec(ForkJoinTask.java:1395)
[2024-01-30T12:39:57.068+0000] {spark_submit.py:571} INFO - at java.base/java.util.concurrent.ForkJoinTask.doExec(ForkJoinTask.java:373)
[2024-01-30T12:39:57.068+0000] {spark_submit.py:571} INFO - at java.base/java.util.concurrent.ForkJoinPool$WorkQueue.topLevelExec(ForkJoinPool.java:1182)
[2024-01-30T12:39:57.068+0000] {spark_submit.py:571} INFO - at java.base/java.util.concurrent.ForkJoinPool.scan(ForkJoinPool.java:1655)
[2024-01-30T12:39:57.068+0000] {spark_submit.py:571} INFO - at java.base/java.util.concurrent.ForkJoinPool.runWorker(ForkJoinPool.java:1622)
[2024-01-30T12:39:57.069+0000] {spark_submit.py:571} INFO - at java.base/java.util.concurrent.ForkJoinWorkerThread.run(ForkJoinWorkerThread.java:165)
[2024-01-30T12:39:57.078+0000] {spark_submit.py:571} INFO - 24/01/30 12:39:57 INFO SparkContext: Invoking stop() from shutdown hook
[2024-01-30T12:39:57.079+0000] {spark_submit.py:571} INFO - 24/01/30 12:39:57 INFO SparkContext: SparkContext is stopping with exitCode 0.
[2024-01-30T12:39:57.105+0000] {spark_submit.py:571} INFO - 24/01/30 12:39:57 INFO SparkUI: Stopped Spark web UI at http://instance-1.europe-west9-a.c.data-lake-project-409321.internal:4040
[2024-01-30T12:39:57.156+0000] {spark_submit.py:571} INFO - 24/01/30 12:39:57 INFO MapOutputTrackerMasterEndpoint: MapOutputTrackerMasterEndpoint stopped!
[2024-01-30T12:39:57.190+0000] {spark_submit.py:571} INFO - 24/01/30 12:39:57 INFO MemoryStore: MemoryStore cleared
[2024-01-30T12:39:57.190+0000] {spark_submit.py:571} INFO - 24/01/30 12:39:57 INFO BlockManager: BlockManager stopped
[2024-01-30T12:39:57.205+0000] {spark_submit.py:571} INFO - 24/01/30 12:39:57 INFO BlockManagerMaster: BlockManagerMaster stopped
[2024-01-30T12:39:57.211+0000] {spark_submit.py:571} INFO - 24/01/30 12:39:57 INFO OutputCommitCoordinator$OutputCommitCoordinatorEndpoint: OutputCommitCoordinator stopped!
[2024-01-30T12:39:57.225+0000] {spark_submit.py:571} INFO - 24/01/30 12:39:57 INFO SparkContext: Successfully stopped SparkContext
[2024-01-30T12:39:57.225+0000] {spark_submit.py:571} INFO - 24/01/30 12:39:57 INFO ShutdownHookManager: Shutdown hook called
[2024-01-30T12:39:57.227+0000] {spark_submit.py:571} INFO - 24/01/30 12:39:57 INFO ShutdownHookManager: Deleting directory /tmp/spark-0c109de7-3ae6-42f0-ab2a-dd2a848ea865
[2024-01-30T12:39:57.231+0000] {spark_submit.py:571} INFO - 24/01/30 12:39:57 INFO ShutdownHookManager: Deleting directory /tmp/spark-a79675e5-c19f-4566-a8dc-8d262ad33eec
[2024-01-30T12:39:57.313+0000] {taskinstance.py:2698} ERROR - Task failed with exception
Traceback (most recent call last):
  File "/home/juniortemgoua0/DataLake/venv/lib/python3.8/site-packages/airflow/models/taskinstance.py", line 433, in _execute_task
    result = execute_callable(context=context, **execute_callable_kwargs)
  File "/home/juniortemgoua0/DataLake/venv/lib/python3.8/site-packages/airflow/providers/apache/spark/operators/spark_submit.py", line 174, in execute
    self._hook.submit(self._application)
  File "/home/juniortemgoua0/DataLake/venv/lib/python3.8/site-packages/airflow/providers/apache/spark/hooks/spark_submit.py", line 502, in submit
    raise AirflowException(
airflow.exceptions.AirflowException: Cannot execute: spark-submit --master local[*] --conf spark.airflow.execution_date=2024-01-10 --name arrow-spark --class RawToFormatted --queue root.default --deploy-mode client /home/juniortemgoua0/DataLake/jobs/processes/scala/spark_process/target/scala-2.12/spark_job_2.12-0.1.0.jar hdfs://localhost:9000/data-lake. Error code is: 1.
[2024-01-30T12:39:57.319+0000] {taskinstance.py:1138} INFO - Marking task as UP_FOR_RETRY. dag_id=manage_data_lake_dag, task_id=local_job_raw_to_formatted, execution_date=20240110T000000, start_date=20240130T123947, end_date=20240130T123957
[2024-01-30T12:39:57.338+0000] {standard_task_runner.py:107} ERROR - Failed to execute job 208 for task local_job_raw_to_formatted (Cannot execute: spark-submit --master local[*] --conf spark.airflow.execution_date=2024-01-10 --name arrow-spark --class RawToFormatted --queue root.default --deploy-mode client /home/juniortemgoua0/DataLake/jobs/processes/scala/spark_process/target/scala-2.12/spark_job_2.12-0.1.0.jar hdfs://localhost:9000/data-lake. Error code is: 1.; 28369)
[2024-01-30T12:39:57.346+0000] {local_task_job_runner.py:234} INFO - Task exited with return code 1
[2024-01-30T12:39:57.371+0000] {taskinstance.py:3280} INFO - 0 downstream tasks scheduled from follow-on schedule check
