[2024-01-29T12:12:49.282+0000] {taskinstance.py:1956} INFO - Dependencies all met for dep_context=non-requeueable deps ti=<TaskInstance: manage_data_lake_dag.spark_job_formatted manual__2024-01-29T12:07:30.788998+00:00 [queued]>
[2024-01-29T12:12:49.289+0000] {taskinstance.py:1956} INFO - Dependencies all met for dep_context=requeueable deps ti=<TaskInstance: manage_data_lake_dag.spark_job_formatted manual__2024-01-29T12:07:30.788998+00:00 [queued]>
[2024-01-29T12:12:49.289+0000] {taskinstance.py:2170} INFO - Starting attempt 2 of 6
[2024-01-29T12:12:49.387+0000] {taskinstance.py:2191} INFO - Executing <Task(SparkSubmitOperator): spark_job_formatted> on 2024-01-29 12:07:30.788998+00:00
[2024-01-29T12:12:49.391+0000] {standard_task_runner.py:60} INFO - Started process 9315 to run task
[2024-01-29T12:12:49.395+0000] {standard_task_runner.py:87} INFO - Running: ['airflow', 'tasks', 'run', 'manage_data_lake_dag', 'spark_job_formatted', 'manual__2024-01-29T12:07:30.788998+00:00', '--job-id', '109', '--raw', '--subdir', 'DAGS_FOLDER/data_lake_dag.py', '--cfg-path', '/tmp/tmp48g0l7xg']
[2024-01-29T12:12:49.397+0000] {standard_task_runner.py:88} INFO - Job 109: Subtask spark_job_formatted
[2024-01-29T12:12:49.431+0000] {task_command.py:423} INFO - Running <TaskInstance: manage_data_lake_dag.spark_job_formatted manual__2024-01-29T12:07:30.788998+00:00 [running]> on host instance-1.europe-west9-a.c.data-lake-project-409321.internal
[2024-01-29T12:12:49.479+0000] {taskinstance.py:2480} INFO - Exporting env vars: AIRFLOW_CTX_DAG_OWNER='juniortemgoua0' AIRFLOW_CTX_DAG_ID='manage_data_lake_dag' AIRFLOW_CTX_TASK_ID='spark_job_formatted' AIRFLOW_CTX_EXECUTION_DATE='2024-01-29T12:07:30.788998+00:00' AIRFLOW_CTX_TRY_NUMBER='2' AIRFLOW_CTX_DAG_RUN_ID='manual__2024-01-29T12:07:30.788998+00:00'
[2024-01-29T12:12:49.486+0000] {base.py:83} INFO - Using connection ID 'spark_default' for task execution.
[2024-01-29T12:12:49.488+0000] {spark_submit.py:401} INFO - Spark-Submit cmd: spark-submit --master local[*] --jars /home/juniortemgoua0/DataLake/utils/gcs-connector-hadoop3-latest.jar --name arrow-spark --class RawToFormatted --queue root.default --deploy-mode client /home/juniortemgoua0/DataLake/jobs/processes/scala/spark_process/target/scala-2.12/spark_job_2.12-0.1.0.jar gs://data-lake-buck
[2024-01-29T12:12:52.034+0000] {spark_submit.py:571} INFO - 24/01/29 12:12:52 WARN NativeCodeLoader: Unable to load native-hadoop library for your platform... using builtin-java classes where applicable
[2024-01-29T12:12:52.363+0000] {spark_submit.py:571} INFO - 24/01/29 12:12:52 INFO SparkContext: Running Spark version 3.5.0
[2024-01-29T12:12:52.363+0000] {spark_submit.py:571} INFO - 24/01/29 12:12:52 INFO SparkContext: OS info Linux, 5.15.0-1049-gcp, amd64
[2024-01-29T12:12:52.364+0000] {spark_submit.py:571} INFO - 24/01/29 12:12:52 INFO SparkContext: Java version 17.0.9
[2024-01-29T12:12:52.417+0000] {spark_submit.py:571} INFO - 24/01/29 12:12:52 INFO ResourceUtils: ==============================================================
[2024-01-29T12:12:52.418+0000] {spark_submit.py:571} INFO - 24/01/29 12:12:52 INFO ResourceUtils: No custom resources configured for spark.driver.
[2024-01-29T12:12:52.419+0000] {spark_submit.py:571} INFO - 24/01/29 12:12:52 INFO ResourceUtils: ==============================================================
[2024-01-29T12:12:52.420+0000] {spark_submit.py:571} INFO - 24/01/29 12:12:52 INFO SparkContext: Submitted application: RawToFormatted
[2024-01-29T12:12:52.450+0000] {spark_submit.py:571} INFO - 24/01/29 12:12:52 INFO ResourceProfile: Default ResourceProfile created, executor resources: Map(cores -> name: cores, amount: 1, script: , vendor: , memory -> name: memory, amount: 1024, script: , vendor: , offHeap -> name: offHeap, amount: 0, script: , vendor: ), task resources: Map(cpus -> name: cpus, amount: 1.0)
[2024-01-29T12:12:52.462+0000] {spark_submit.py:571} INFO - 24/01/29 12:12:52 INFO ResourceProfile: Limiting resource is cpu
[2024-01-29T12:12:52.463+0000] {spark_submit.py:571} INFO - 24/01/29 12:12:52 INFO ResourceProfileManager: Added ResourceProfile id: 0
[2024-01-29T12:12:52.537+0000] {spark_submit.py:571} INFO - 24/01/29 12:12:52 INFO SecurityManager: Changing view acls to: juniortemgoua0
[2024-01-29T12:12:52.538+0000] {spark_submit.py:571} INFO - 24/01/29 12:12:52 INFO SecurityManager: Changing modify acls to: juniortemgoua0
[2024-01-29T12:12:52.538+0000] {spark_submit.py:571} INFO - 24/01/29 12:12:52 INFO SecurityManager: Changing view acls groups to:
[2024-01-29T12:12:52.539+0000] {spark_submit.py:571} INFO - 24/01/29 12:12:52 INFO SecurityManager: Changing modify acls groups to:
[2024-01-29T12:12:52.540+0000] {spark_submit.py:571} INFO - 24/01/29 12:12:52 INFO SecurityManager: SecurityManager: authentication disabled; ui acls disabled; users with view permissions: juniortemgoua0; groups with view permissions: EMPTY; users with modify permissions: juniortemgoua0; groups with modify permissions: EMPTY
[2024-01-29T12:12:52.896+0000] {spark_submit.py:571} INFO - 24/01/29 12:12:52 INFO Utils: Successfully started service 'sparkDriver' on port 38071.
[2024-01-29T12:12:52.934+0000] {spark_submit.py:571} INFO - 24/01/29 12:12:52 INFO SparkEnv: Registering MapOutputTracker
[2024-01-29T12:12:52.981+0000] {spark_submit.py:571} INFO - 24/01/29 12:12:52 INFO SparkEnv: Registering BlockManagerMaster
[2024-01-29T12:12:53.010+0000] {spark_submit.py:571} INFO - 24/01/29 12:12:53 INFO BlockManagerMasterEndpoint: Using org.apache.spark.storage.DefaultTopologyMapper for getting topology information
[2024-01-29T12:12:53.012+0000] {spark_submit.py:571} INFO - 24/01/29 12:12:53 INFO BlockManagerMasterEndpoint: BlockManagerMasterEndpoint up
[2024-01-29T12:12:53.017+0000] {spark_submit.py:571} INFO - 24/01/29 12:12:53 INFO SparkEnv: Registering BlockManagerMasterHeartbeat
[2024-01-29T12:12:53.043+0000] {spark_submit.py:571} INFO - 24/01/29 12:12:53 INFO DiskBlockManager: Created local directory at /tmp/blockmgr-1d16bcd1-8e44-466d-993c-d503ae7cb3ef
[2024-01-29T12:12:53.062+0000] {spark_submit.py:571} INFO - 24/01/29 12:12:53 INFO MemoryStore: MemoryStore started with capacity 434.4 MiB
[2024-01-29T12:12:53.088+0000] {spark_submit.py:571} INFO - 24/01/29 12:12:53 INFO SparkEnv: Registering OutputCommitCoordinator
[2024-01-29T12:12:53.259+0000] {spark_submit.py:571} INFO - 24/01/29 12:12:53 INFO JettyUtils: Start Jetty 0.0.0.0:4040 for SparkUI
[2024-01-29T12:12:53.362+0000] {spark_submit.py:571} INFO - 24/01/29 12:12:53 INFO Utils: Successfully started service 'SparkUI' on port 4040.
[2024-01-29T12:12:53.469+0000] {spark_submit.py:571} INFO - 24/01/29 12:12:53 INFO SparkContext: Added JAR file:///home/juniortemgoua0/DataLake/utils/gcs-connector-hadoop3-latest.jar at spark://instance-1.europe-west9-a.c.data-lake-project-409321.internal:38071/jars/gcs-connector-hadoop3-latest.jar with timestamp 1706530372353
[2024-01-29T12:12:53.470+0000] {spark_submit.py:571} INFO - 24/01/29 12:12:53 INFO SparkContext: Added JAR file:/home/juniortemgoua0/DataLake/jobs/processes/scala/spark_process/target/scala-2.12/spark_job_2.12-0.1.0.jar at spark://instance-1.europe-west9-a.c.data-lake-project-409321.internal:38071/jars/spark_job_2.12-0.1.0.jar with timestamp 1706530372353
[2024-01-29T12:12:53.636+0000] {spark_submit.py:571} INFO - 24/01/29 12:12:53 INFO Executor: Starting executor ID driver on host instance-1.europe-west9-a.c.data-lake-project-409321.internal
[2024-01-29T12:12:53.641+0000] {spark_submit.py:571} INFO - 24/01/29 12:12:53 INFO Executor: OS info Linux, 5.15.0-1049-gcp, amd64
[2024-01-29T12:12:53.641+0000] {spark_submit.py:571} INFO - 24/01/29 12:12:53 INFO Executor: Java version 17.0.9
[2024-01-29T12:12:53.650+0000] {spark_submit.py:571} INFO - 24/01/29 12:12:53 INFO Executor: Starting executor with user classpath (userClassPathFirst = false): ''
[2024-01-29T12:12:53.651+0000] {spark_submit.py:571} INFO - 24/01/29 12:12:53 INFO Executor: Created or updated repl class loader org.apache.spark.util.MutableURLClassLoader@6f6c6077 for default.
[2024-01-29T12:12:53.672+0000] {spark_submit.py:571} INFO - 24/01/29 12:12:53 INFO Executor: Fetching spark://instance-1.europe-west9-a.c.data-lake-project-409321.internal:38071/jars/gcs-connector-hadoop3-latest.jar with timestamp 1706530372353
[2024-01-29T12:12:53.768+0000] {spark_submit.py:571} INFO - 24/01/29 12:12:53 INFO TransportClientFactory: Successfully created connection to instance-1.europe-west9-a.c.data-lake-project-409321.internal/10.200.0.5:38071 after 51 ms (0 ms spent in bootstraps)
[2024-01-29T12:12:53.783+0000] {spark_submit.py:571} INFO - 24/01/29 12:12:53 INFO Utils: Fetching spark://instance-1.europe-west9-a.c.data-lake-project-409321.internal:38071/jars/gcs-connector-hadoop3-latest.jar to /tmp/spark-462bfd29-6c3e-4c31-8005-22da82b698f8/userFiles-e24d7f66-6756-408f-bd59-2722cf65e39d/fetchFileTemp12612794266782855423.tmp
[2024-01-29T12:12:54.138+0000] {spark_submit.py:571} INFO - 24/01/29 12:12:54 INFO Executor: Adding file:/tmp/spark-462bfd29-6c3e-4c31-8005-22da82b698f8/userFiles-e24d7f66-6756-408f-bd59-2722cf65e39d/gcs-connector-hadoop3-latest.jar to class loader default
[2024-01-29T12:12:54.138+0000] {spark_submit.py:571} INFO - 24/01/29 12:12:54 INFO Executor: Fetching spark://instance-1.europe-west9-a.c.data-lake-project-409321.internal:38071/jars/spark_job_2.12-0.1.0.jar with timestamp 1706530372353
[2024-01-29T12:12:54.138+0000] {spark_submit.py:571} INFO - 24/01/29 12:12:54 INFO Utils: Fetching spark://instance-1.europe-west9-a.c.data-lake-project-409321.internal:38071/jars/spark_job_2.12-0.1.0.jar to /tmp/spark-462bfd29-6c3e-4c31-8005-22da82b698f8/userFiles-e24d7f66-6756-408f-bd59-2722cf65e39d/fetchFileTemp5944926148323320461.tmp
[2024-01-29T12:12:54.144+0000] {spark_submit.py:571} INFO - 24/01/29 12:12:54 INFO Executor: Adding file:/tmp/spark-462bfd29-6c3e-4c31-8005-22da82b698f8/userFiles-e24d7f66-6756-408f-bd59-2722cf65e39d/spark_job_2.12-0.1.0.jar to class loader default
[2024-01-29T12:12:54.155+0000] {spark_submit.py:571} INFO - 24/01/29 12:12:54 INFO Utils: Successfully started service 'org.apache.spark.network.netty.NettyBlockTransferService' on port 41951.
[2024-01-29T12:12:54.155+0000] {spark_submit.py:571} INFO - 24/01/29 12:12:54 INFO NettyBlockTransferService: Server created on instance-1.europe-west9-a.c.data-lake-project-409321.internal:41951
[2024-01-29T12:12:54.156+0000] {spark_submit.py:571} INFO - 24/01/29 12:12:54 INFO BlockManager: Using org.apache.spark.storage.RandomBlockReplicationPolicy for block replication policy
[2024-01-29T12:12:54.164+0000] {spark_submit.py:571} INFO - 24/01/29 12:12:54 INFO BlockManagerMaster: Registering BlockManager BlockManagerId(driver, instance-1.europe-west9-a.c.data-lake-project-409321.internal, 41951, None)
[2024-01-29T12:12:54.168+0000] {spark_submit.py:571} INFO - 24/01/29 12:12:54 INFO BlockManagerMasterEndpoint: Registering block manager instance-1.europe-west9-a.c.data-lake-project-409321.internal:41951 with 434.4 MiB RAM, BlockManagerId(driver, instance-1.europe-west9-a.c.data-lake-project-409321.internal, 41951, None)
[2024-01-29T12:12:54.175+0000] {spark_submit.py:571} INFO - 24/01/29 12:12:54 INFO BlockManagerMaster: Registered BlockManager BlockManagerId(driver, instance-1.europe-west9-a.c.data-lake-project-409321.internal, 41951, None)
[2024-01-29T12:12:54.177+0000] {spark_submit.py:571} INFO - 24/01/29 12:12:54 INFO BlockManager: Initialized BlockManager: BlockManagerId(driver, instance-1.europe-west9-a.c.data-lake-project-409321.internal, 41951, None)
[2024-01-29T12:12:54.746+0000] {spark_submit.py:571} INFO - 24/01/29 12:12:54 INFO SharedState: Setting hive.metastore.warehouse.dir ('null') to the value of spark.sql.warehouse.dir.
[2024-01-29T12:12:54.751+0000] {spark_submit.py:571} INFO - 24/01/29 12:12:54 INFO SharedState: Warehouse path is 'file:/home/juniortemgoua0/DataLake/spark-warehouse'.
[2024-01-29T12:12:55.819+0000] {spark_submit.py:571} INFO - 24/01/29 12:12:55 WARN FileStreamSink: Assume no metadata directory. Error while looking for metadata directory in the path: gs://data-lake-buck/raw/football_data/competitions/2024-01-29/*.json.
[2024-01-29T12:12:55.819+0000] {spark_submit.py:571} INFO - org.apache.hadoop.fs.UnsupportedFileSystemException: No FileSystem for scheme "gs"
[2024-01-29T12:12:55.819+0000] {spark_submit.py:571} INFO - at org.apache.hadoop.fs.FileSystem.getFileSystemClass(FileSystem.java:3443)
[2024-01-29T12:12:55.819+0000] {spark_submit.py:571} INFO - at org.apache.hadoop.fs.FileSystem.createFileSystem(FileSystem.java:3466)
[2024-01-29T12:12:55.820+0000] {spark_submit.py:571} INFO - at org.apache.hadoop.fs.FileSystem.access$300(FileSystem.java:174)
[2024-01-29T12:12:55.820+0000] {spark_submit.py:571} INFO - at org.apache.hadoop.fs.FileSystem$Cache.getInternal(FileSystem.java:3574)
[2024-01-29T12:12:55.820+0000] {spark_submit.py:571} INFO - at org.apache.hadoop.fs.FileSystem$Cache.get(FileSystem.java:3521)
[2024-01-29T12:12:55.820+0000] {spark_submit.py:571} INFO - at org.apache.hadoop.fs.FileSystem.get(FileSystem.java:540)
[2024-01-29T12:12:55.820+0000] {spark_submit.py:571} INFO - at org.apache.hadoop.fs.Path.getFileSystem(Path.java:365)
[2024-01-29T12:12:55.820+0000] {spark_submit.py:571} INFO - at org.apache.spark.sql.execution.streaming.FileStreamSink$.hasMetadata(FileStreamSink.scala:53)
[2024-01-29T12:12:55.820+0000] {spark_submit.py:571} INFO - at org.apache.spark.sql.execution.datasources.DataSource.resolveRelation(DataSource.scala:366)
[2024-01-29T12:12:55.820+0000] {spark_submit.py:571} INFO - at org.apache.spark.sql.DataFrameReader.loadV1Source(DataFrameReader.scala:229)
[2024-01-29T12:12:55.821+0000] {spark_submit.py:571} INFO - at org.apache.spark.sql.DataFrameReader.$anonfun$load$2(DataFrameReader.scala:211)
[2024-01-29T12:12:55.821+0000] {spark_submit.py:571} INFO - at scala.Option.getOrElse(Option.scala:189)
[2024-01-29T12:12:55.821+0000] {spark_submit.py:571} INFO - at org.apache.spark.sql.DataFrameReader.load(DataFrameReader.scala:211)
[2024-01-29T12:12:55.821+0000] {spark_submit.py:571} INFO - at org.apache.spark.sql.DataFrameReader.json(DataFrameReader.scala:362)
[2024-01-29T12:12:55.821+0000] {spark_submit.py:571} INFO - at org.apache.spark.sql.DataFrameReader.json(DataFrameReader.scala:341)
[2024-01-29T12:12:55.821+0000] {spark_submit.py:571} INFO - at RawToFormatted$.formattedCompetition(RawToFormatted.scala:34)
[2024-01-29T12:12:55.821+0000] {spark_submit.py:571} INFO - at RawToFormatted$.main(RawToFormatted.scala:21)
[2024-01-29T12:12:55.821+0000] {spark_submit.py:571} INFO - at RawToFormatted.main(RawToFormatted.scala)
[2024-01-29T12:12:55.821+0000] {spark_submit.py:571} INFO - at java.base/jdk.internal.reflect.NativeMethodAccessorImpl.invoke0(Native Method)
[2024-01-29T12:12:55.822+0000] {spark_submit.py:571} INFO - at java.base/jdk.internal.reflect.NativeMethodAccessorImpl.invoke(NativeMethodAccessorImpl.java:77)
[2024-01-29T12:12:55.822+0000] {spark_submit.py:571} INFO - at java.base/jdk.internal.reflect.DelegatingMethodAccessorImpl.invoke(DelegatingMethodAccessorImpl.java:43)
[2024-01-29T12:12:55.822+0000] {spark_submit.py:571} INFO - at java.base/java.lang.reflect.Method.invoke(Method.java:568)
[2024-01-29T12:12:55.822+0000] {spark_submit.py:571} INFO - at org.apache.spark.deploy.JavaMainApplication.start(SparkApplication.scala:52)
[2024-01-29T12:12:55.822+0000] {spark_submit.py:571} INFO - at org.apache.spark.deploy.SparkSubmit.org$apache$spark$deploy$SparkSubmit$$runMain(SparkSubmit.scala:1029)
[2024-01-29T12:12:55.822+0000] {spark_submit.py:571} INFO - at org.apache.spark.deploy.SparkSubmit.doRunMain$1(SparkSubmit.scala:194)
[2024-01-29T12:12:55.822+0000] {spark_submit.py:571} INFO - at org.apache.spark.deploy.SparkSubmit.submit(SparkSubmit.scala:217)
[2024-01-29T12:12:55.822+0000] {spark_submit.py:571} INFO - at org.apache.spark.deploy.SparkSubmit.doSubmit(SparkSubmit.scala:91)
[2024-01-29T12:12:55.822+0000] {spark_submit.py:571} INFO - at org.apache.spark.deploy.SparkSubmit$$anon$2.doSubmit(SparkSubmit.scala:1120)
[2024-01-29T12:12:55.823+0000] {spark_submit.py:571} INFO - at org.apache.spark.deploy.SparkSubmit$.main(SparkSubmit.scala:1129)
[2024-01-29T12:12:55.823+0000] {spark_submit.py:571} INFO - at org.apache.spark.deploy.SparkSubmit.main(SparkSubmit.scala)
[2024-01-29T12:12:55.827+0000] {spark_submit.py:571} INFO - Exception in thread "main" org.apache.hadoop.fs.UnsupportedFileSystemException: No FileSystem for scheme "gs"
[2024-01-29T12:12:55.828+0000] {spark_submit.py:571} INFO - at org.apache.hadoop.fs.FileSystem.getFileSystemClass(FileSystem.java:3443)
[2024-01-29T12:12:55.828+0000] {spark_submit.py:571} INFO - at org.apache.hadoop.fs.FileSystem.createFileSystem(FileSystem.java:3466)
[2024-01-29T12:12:55.828+0000] {spark_submit.py:571} INFO - at org.apache.hadoop.fs.FileSystem.access$300(FileSystem.java:174)
[2024-01-29T12:12:55.829+0000] {spark_submit.py:571} INFO - at org.apache.hadoop.fs.FileSystem$Cache.getInternal(FileSystem.java:3574)
[2024-01-29T12:12:55.829+0000] {spark_submit.py:571} INFO - at org.apache.hadoop.fs.FileSystem$Cache.get(FileSystem.java:3521)
[2024-01-29T12:12:55.829+0000] {spark_submit.py:571} INFO - at org.apache.hadoop.fs.FileSystem.get(FileSystem.java:540)
[2024-01-29T12:12:55.829+0000] {spark_submit.py:571} INFO - at org.apache.hadoop.fs.Path.getFileSystem(Path.java:365)
[2024-01-29T12:12:55.829+0000] {spark_submit.py:571} INFO - at org.apache.spark.sql.execution.datasources.DataSource$.$anonfun$checkAndGlobPathIfNecessary$1(DataSource.scala:724)
[2024-01-29T12:12:55.830+0000] {spark_submit.py:571} INFO - at scala.collection.immutable.List.map(List.scala:293)
[2024-01-29T12:12:55.830+0000] {spark_submit.py:571} INFO - at org.apache.spark.sql.execution.datasources.DataSource$.checkAndGlobPathIfNecessary(DataSource.scala:722)
[2024-01-29T12:12:55.830+0000] {spark_submit.py:571} INFO - at org.apache.spark.sql.execution.datasources.DataSource.checkAndGlobPathIfNecessary(DataSource.scala:551)
[2024-01-29T12:12:55.830+0000] {spark_submit.py:571} INFO - at org.apache.spark.sql.execution.datasources.DataSource.resolveRelation(DataSource.scala:404)
[2024-01-29T12:12:55.831+0000] {spark_submit.py:571} INFO - at org.apache.spark.sql.DataFrameReader.loadV1Source(DataFrameReader.scala:229)
[2024-01-29T12:12:55.831+0000] {spark_submit.py:571} INFO - at org.apache.spark.sql.DataFrameReader.$anonfun$load$2(DataFrameReader.scala:211)
[2024-01-29T12:12:55.831+0000] {spark_submit.py:571} INFO - at scala.Option.getOrElse(Option.scala:189)
[2024-01-29T12:12:55.831+0000] {spark_submit.py:571} INFO - at org.apache.spark.sql.DataFrameReader.load(DataFrameReader.scala:211)
[2024-01-29T12:12:55.831+0000] {spark_submit.py:571} INFO - at org.apache.spark.sql.DataFrameReader.json(DataFrameReader.scala:362)
[2024-01-29T12:12:55.832+0000] {spark_submit.py:571} INFO - at org.apache.spark.sql.DataFrameReader.json(DataFrameReader.scala:341)
[2024-01-29T12:12:55.832+0000] {spark_submit.py:571} INFO - at RawToFormatted$.formattedCompetition(RawToFormatted.scala:34)
[2024-01-29T12:12:55.832+0000] {spark_submit.py:571} INFO - at RawToFormatted$.main(RawToFormatted.scala:21)
[2024-01-29T12:12:55.833+0000] {spark_submit.py:571} INFO - at RawToFormatted.main(RawToFormatted.scala)
[2024-01-29T12:12:55.833+0000] {spark_submit.py:571} INFO - at java.base/jdk.internal.reflect.NativeMethodAccessorImpl.invoke0(Native Method)
[2024-01-29T12:12:55.833+0000] {spark_submit.py:571} INFO - at java.base/jdk.internal.reflect.NativeMethodAccessorImpl.invoke(NativeMethodAccessorImpl.java:77)
[2024-01-29T12:12:55.833+0000] {spark_submit.py:571} INFO - at java.base/jdk.internal.reflect.DelegatingMethodAccessorImpl.invoke(DelegatingMethodAccessorImpl.java:43)
[2024-01-29T12:12:55.833+0000] {spark_submit.py:571} INFO - at java.base/java.lang.reflect.Method.invoke(Method.java:568)
[2024-01-29T12:12:55.833+0000] {spark_submit.py:571} INFO - at org.apache.spark.deploy.JavaMainApplication.start(SparkApplication.scala:52)
[2024-01-29T12:12:55.833+0000] {spark_submit.py:571} INFO - at org.apache.spark.deploy.SparkSubmit.org$apache$spark$deploy$SparkSubmit$$runMain(SparkSubmit.scala:1029)
[2024-01-29T12:12:55.834+0000] {spark_submit.py:571} INFO - at org.apache.spark.deploy.SparkSubmit.doRunMain$1(SparkSubmit.scala:194)
[2024-01-29T12:12:55.835+0000] {spark_submit.py:571} INFO - at org.apache.spark.deploy.SparkSubmit.submit(SparkSubmit.scala:217)
[2024-01-29T12:12:55.835+0000] {spark_submit.py:571} INFO - at org.apache.spark.deploy.SparkSubmit.doSubmit(SparkSubmit.scala:91)
[2024-01-29T12:12:55.836+0000] {spark_submit.py:571} INFO - at org.apache.spark.deploy.SparkSubmit$$anon$2.doSubmit(SparkSubmit.scala:1120)
[2024-01-29T12:12:55.836+0000] {spark_submit.py:571} INFO - at org.apache.spark.deploy.SparkSubmit$.main(SparkSubmit.scala:1129)
[2024-01-29T12:12:55.836+0000] {spark_submit.py:571} INFO - at org.apache.spark.deploy.SparkSubmit.main(SparkSubmit.scala)
[2024-01-29T12:12:55.843+0000] {spark_submit.py:571} INFO - 24/01/29 12:12:55 INFO SparkContext: Invoking stop() from shutdown hook
[2024-01-29T12:12:55.844+0000] {spark_submit.py:571} INFO - 24/01/29 12:12:55 INFO SparkContext: SparkContext is stopping with exitCode 0.
[2024-01-29T12:12:55.858+0000] {spark_submit.py:571} INFO - 24/01/29 12:12:55 INFO SparkUI: Stopped Spark web UI at http://instance-1.europe-west9-a.c.data-lake-project-409321.internal:4040
[2024-01-29T12:12:55.877+0000] {spark_submit.py:571} INFO - 24/01/29 12:12:55 INFO MapOutputTrackerMasterEndpoint: MapOutputTrackerMasterEndpoint stopped!
[2024-01-29T12:12:55.893+0000] {spark_submit.py:571} INFO - 24/01/29 12:12:55 INFO MemoryStore: MemoryStore cleared
[2024-01-29T12:12:55.894+0000] {spark_submit.py:571} INFO - 24/01/29 12:12:55 INFO BlockManager: BlockManager stopped
[2024-01-29T12:12:55.904+0000] {spark_submit.py:571} INFO - 24/01/29 12:12:55 INFO BlockManagerMaster: BlockManagerMaster stopped
[2024-01-29T12:12:55.906+0000] {spark_submit.py:571} INFO - 24/01/29 12:12:55 INFO OutputCommitCoordinator$OutputCommitCoordinatorEndpoint: OutputCommitCoordinator stopped!
[2024-01-29T12:12:55.929+0000] {spark_submit.py:571} INFO - 24/01/29 12:12:55 INFO SparkContext: Successfully stopped SparkContext
[2024-01-29T12:12:55.929+0000] {spark_submit.py:571} INFO - 24/01/29 12:12:55 INFO ShutdownHookManager: Shutdown hook called
[2024-01-29T12:12:55.931+0000] {spark_submit.py:571} INFO - 24/01/29 12:12:55 INFO ShutdownHookManager: Deleting directory /tmp/spark-1c78c0c3-c047-496a-bdf0-362632402c78
[2024-01-29T12:12:55.934+0000] {spark_submit.py:571} INFO - 24/01/29 12:12:55 INFO ShutdownHookManager: Deleting directory /tmp/spark-462bfd29-6c3e-4c31-8005-22da82b698f8
[2024-01-29T12:12:55.999+0000] {taskinstance.py:2698} ERROR - Task failed with exception
Traceback (most recent call last):
  File "/home/juniortemgoua0/DataLake/venv/lib/python3.8/site-packages/airflow/models/taskinstance.py", line 433, in _execute_task
    result = execute_callable(context=context, **execute_callable_kwargs)
  File "/home/juniortemgoua0/DataLake/venv/lib/python3.8/site-packages/airflow/providers/apache/spark/operators/spark_submit.py", line 174, in execute
    self._hook.submit(self._application)
  File "/home/juniortemgoua0/DataLake/venv/lib/python3.8/site-packages/airflow/providers/apache/spark/hooks/spark_submit.py", line 502, in submit
    raise AirflowException(
airflow.exceptions.AirflowException: Cannot execute: spark-submit --master local[*] --jars /home/juniortemgoua0/DataLake/utils/gcs-connector-hadoop3-latest.jar --name arrow-spark --class RawToFormatted --queue root.default --deploy-mode client /home/juniortemgoua0/DataLake/jobs/processes/scala/spark_process/target/scala-2.12/spark_job_2.12-0.1.0.jar gs://data-lake-buck. Error code is: 1.
[2024-01-29T12:12:56.002+0000] {taskinstance.py:1138} INFO - Marking task as UP_FOR_RETRY. dag_id=manage_data_lake_dag, task_id=spark_job_formatted, execution_date=20240129T120730, start_date=20240129T121249, end_date=20240129T121256
[2024-01-29T12:12:56.016+0000] {standard_task_runner.py:107} ERROR - Failed to execute job 109 for task spark_job_formatted (Cannot execute: spark-submit --master local[*] --jars /home/juniortemgoua0/DataLake/utils/gcs-connector-hadoop3-latest.jar --name arrow-spark --class RawToFormatted --queue root.default --deploy-mode client /home/juniortemgoua0/DataLake/jobs/processes/scala/spark_process/target/scala-2.12/spark_job_2.12-0.1.0.jar gs://data-lake-buck. Error code is: 1.; 9315)
[2024-01-29T12:12:56.061+0000] {local_task_job_runner.py:234} INFO - Task exited with return code 1
[2024-01-29T12:12:56.071+0000] {taskinstance.py:3280} INFO - 0 downstream tasks scheduled from follow-on schedule check
