[2024-01-29T12:07:37.808+0000] {taskinstance.py:1956} INFO - Dependencies all met for dep_context=non-requeueable deps ti=<TaskInstance: manage_data_lake_dag.spark_job_formatted manual__2024-01-29T12:07:30.788998+00:00 [queued]>
[2024-01-29T12:07:37.817+0000] {taskinstance.py:1956} INFO - Dependencies all met for dep_context=requeueable deps ti=<TaskInstance: manage_data_lake_dag.spark_job_formatted manual__2024-01-29T12:07:30.788998+00:00 [queued]>
[2024-01-29T12:07:37.817+0000] {taskinstance.py:2170} INFO - Starting attempt 1 of 6
[2024-01-29T12:07:37.835+0000] {taskinstance.py:2191} INFO - Executing <Task(SparkSubmitOperator): spark_job_formatted> on 2024-01-29 12:07:30.788998+00:00
[2024-01-29T12:07:37.840+0000] {standard_task_runner.py:60} INFO - Started process 7668 to run task
[2024-01-29T12:07:37.850+0000] {standard_task_runner.py:87} INFO - Running: ['airflow', 'tasks', 'run', 'manage_data_lake_dag', 'spark_job_formatted', 'manual__2024-01-29T12:07:30.788998+00:00', '--job-id', '108', '--raw', '--subdir', 'DAGS_FOLDER/data_lake_dag.py', '--cfg-path', '/tmp/tmptd1bvzub']
[2024-01-29T12:07:37.852+0000] {standard_task_runner.py:88} INFO - Job 108: Subtask spark_job_formatted
[2024-01-29T12:07:37.885+0000] {task_command.py:423} INFO - Running <TaskInstance: manage_data_lake_dag.spark_job_formatted manual__2024-01-29T12:07:30.788998+00:00 [running]> on host instance-1.europe-west9-a.c.data-lake-project-409321.internal
[2024-01-29T12:07:37.939+0000] {taskinstance.py:2480} INFO - Exporting env vars: AIRFLOW_CTX_DAG_OWNER='juniortemgoua0' AIRFLOW_CTX_DAG_ID='manage_data_lake_dag' AIRFLOW_CTX_TASK_ID='spark_job_formatted' AIRFLOW_CTX_EXECUTION_DATE='2024-01-29T12:07:30.788998+00:00' AIRFLOW_CTX_TRY_NUMBER='1' AIRFLOW_CTX_DAG_RUN_ID='manual__2024-01-29T12:07:30.788998+00:00'
[2024-01-29T12:07:37.945+0000] {base.py:83} INFO - Using connection ID 'spark_default' for task execution.
[2024-01-29T12:07:37.946+0000] {spark_submit.py:401} INFO - Spark-Submit cmd: spark-submit --master local[*] --jars /home/juniortemgoua0/DataLake/utils/gcs-connector-hadoop3-latest.jar --name arrow-spark --class RawToFormatted --queue root.default --deploy-mode client /home/juniortemgoua0/DataLake/jobs/processes/scala/spark_process/target/scala-2.12/spark_job_2.12-0.1.0.jar gs://data-lake-buck
[2024-01-29T12:07:41.397+0000] {spark_submit.py:571} INFO - 24/01/29 12:07:41 WARN NativeCodeLoader: Unable to load native-hadoop library for your platform... using builtin-java classes where applicable
[2024-01-29T12:07:41.816+0000] {spark_submit.py:571} INFO - 24/01/29 12:07:41 INFO SparkContext: Running Spark version 3.5.0
[2024-01-29T12:07:41.817+0000] {spark_submit.py:571} INFO - 24/01/29 12:07:41 INFO SparkContext: OS info Linux, 5.15.0-1049-gcp, amd64
[2024-01-29T12:07:41.818+0000] {spark_submit.py:571} INFO - 24/01/29 12:07:41 INFO SparkContext: Java version 17.0.9
[2024-01-29T12:07:41.873+0000] {spark_submit.py:571} INFO - 24/01/29 12:07:41 INFO ResourceUtils: ==============================================================
[2024-01-29T12:07:41.874+0000] {spark_submit.py:571} INFO - 24/01/29 12:07:41 INFO ResourceUtils: No custom resources configured for spark.driver.
[2024-01-29T12:07:41.874+0000] {spark_submit.py:571} INFO - 24/01/29 12:07:41 INFO ResourceUtils: ==============================================================
[2024-01-29T12:07:41.878+0000] {spark_submit.py:571} INFO - 24/01/29 12:07:41 INFO SparkContext: Submitted application: RawToFormatted
[2024-01-29T12:07:41.925+0000] {spark_submit.py:571} INFO - 24/01/29 12:07:41 INFO ResourceProfile: Default ResourceProfile created, executor resources: Map(cores -> name: cores, amount: 1, script: , vendor: , memory -> name: memory, amount: 1024, script: , vendor: , offHeap -> name: offHeap, amount: 0, script: , vendor: ), task resources: Map(cpus -> name: cpus, amount: 1.0)
[2024-01-29T12:07:41.937+0000] {spark_submit.py:571} INFO - 24/01/29 12:07:41 INFO ResourceProfile: Limiting resource is cpu
[2024-01-29T12:07:41.939+0000] {spark_submit.py:571} INFO - 24/01/29 12:07:41 INFO ResourceProfileManager: Added ResourceProfile id: 0
[2024-01-29T12:07:42.034+0000] {spark_submit.py:571} INFO - 24/01/29 12:07:42 INFO SecurityManager: Changing view acls to: juniortemgoua0
[2024-01-29T12:07:42.035+0000] {spark_submit.py:571} INFO - 24/01/29 12:07:42 INFO SecurityManager: Changing modify acls to: juniortemgoua0
[2024-01-29T12:07:42.036+0000] {spark_submit.py:571} INFO - 24/01/29 12:07:42 INFO SecurityManager: Changing view acls groups to:
[2024-01-29T12:07:42.037+0000] {spark_submit.py:571} INFO - 24/01/29 12:07:42 INFO SecurityManager: Changing modify acls groups to:
[2024-01-29T12:07:42.038+0000] {spark_submit.py:571} INFO - 24/01/29 12:07:42 INFO SecurityManager: SecurityManager: authentication disabled; ui acls disabled; users with view permissions: juniortemgoua0; groups with view permissions: EMPTY; users with modify permissions: juniortemgoua0; groups with modify permissions: EMPTY
[2024-01-29T12:07:42.519+0000] {spark_submit.py:571} INFO - 24/01/29 12:07:42 INFO Utils: Successfully started service 'sparkDriver' on port 41549.
[2024-01-29T12:07:42.638+0000] {spark_submit.py:571} INFO - 24/01/29 12:07:42 INFO SparkEnv: Registering MapOutputTracker
[2024-01-29T12:07:42.725+0000] {spark_submit.py:571} INFO - 24/01/29 12:07:42 INFO SparkEnv: Registering BlockManagerMaster
[2024-01-29T12:07:42.768+0000] {spark_submit.py:571} INFO - 24/01/29 12:07:42 INFO BlockManagerMasterEndpoint: Using org.apache.spark.storage.DefaultTopologyMapper for getting topology information
[2024-01-29T12:07:42.771+0000] {spark_submit.py:571} INFO - 24/01/29 12:07:42 INFO BlockManagerMasterEndpoint: BlockManagerMasterEndpoint up
[2024-01-29T12:07:42.779+0000] {spark_submit.py:571} INFO - 24/01/29 12:07:42 INFO SparkEnv: Registering BlockManagerMasterHeartbeat
[2024-01-29T12:07:42.825+0000] {spark_submit.py:571} INFO - 24/01/29 12:07:42 INFO DiskBlockManager: Created local directory at /tmp/blockmgr-471d7add-1c27-4f0a-b915-86b086520fd5
[2024-01-29T12:07:42.849+0000] {spark_submit.py:571} INFO - 24/01/29 12:07:42 INFO MemoryStore: MemoryStore started with capacity 434.4 MiB
[2024-01-29T12:07:42.900+0000] {spark_submit.py:571} INFO - 24/01/29 12:07:42 INFO SparkEnv: Registering OutputCommitCoordinator
[2024-01-29T12:07:43.176+0000] {spark_submit.py:571} INFO - 24/01/29 12:07:43 INFO JettyUtils: Start Jetty 0.0.0.0:4040 for SparkUI
[2024-01-29T12:07:43.322+0000] {spark_submit.py:571} INFO - 24/01/29 12:07:43 INFO Utils: Successfully started service 'SparkUI' on port 4040.
[2024-01-29T12:07:43.390+0000] {spark_submit.py:571} INFO - 24/01/29 12:07:43 INFO SparkContext: Added JAR file:///home/juniortemgoua0/DataLake/utils/gcs-connector-hadoop3-latest.jar at spark://instance-1.europe-west9-a.c.data-lake-project-409321.internal:41549/jars/gcs-connector-hadoop3-latest.jar with timestamp 1706530061800
[2024-01-29T12:07:43.390+0000] {spark_submit.py:571} INFO - 24/01/29 12:07:43 INFO SparkContext: Added JAR file:/home/juniortemgoua0/DataLake/jobs/processes/scala/spark_process/target/scala-2.12/spark_job_2.12-0.1.0.jar at spark://instance-1.europe-west9-a.c.data-lake-project-409321.internal:41549/jars/spark_job_2.12-0.1.0.jar with timestamp 1706530061800
[2024-01-29T12:07:43.566+0000] {spark_submit.py:571} INFO - 24/01/29 12:07:43 INFO Executor: Starting executor ID driver on host instance-1.europe-west9-a.c.data-lake-project-409321.internal
[2024-01-29T12:07:43.566+0000] {spark_submit.py:571} INFO - 24/01/29 12:07:43 INFO Executor: OS info Linux, 5.15.0-1049-gcp, amd64
[2024-01-29T12:07:43.566+0000] {spark_submit.py:571} INFO - 24/01/29 12:07:43 INFO Executor: Java version 17.0.9
[2024-01-29T12:07:43.575+0000] {spark_submit.py:571} INFO - 24/01/29 12:07:43 INFO Executor: Starting executor with user classpath (userClassPathFirst = false): ''
[2024-01-29T12:07:43.576+0000] {spark_submit.py:571} INFO - 24/01/29 12:07:43 INFO Executor: Created or updated repl class loader org.apache.spark.util.MutableURLClassLoader@6f6c6077 for default.
[2024-01-29T12:07:43.603+0000] {spark_submit.py:571} INFO - 24/01/29 12:07:43 INFO Executor: Fetching spark://instance-1.europe-west9-a.c.data-lake-project-409321.internal:41549/jars/gcs-connector-hadoop3-latest.jar with timestamp 1706530061800
[2024-01-29T12:07:43.722+0000] {spark_submit.py:571} INFO - 24/01/29 12:07:43 INFO TransportClientFactory: Successfully created connection to instance-1.europe-west9-a.c.data-lake-project-409321.internal/10.200.0.5:41549 after 62 ms (0 ms spent in bootstraps)
[2024-01-29T12:07:43.735+0000] {spark_submit.py:571} INFO - 24/01/29 12:07:43 INFO Utils: Fetching spark://instance-1.europe-west9-a.c.data-lake-project-409321.internal:41549/jars/gcs-connector-hadoop3-latest.jar to /tmp/spark-8a99cd27-bc06-4033-8e94-e9f51bc1facf/userFiles-e12305c5-234c-467d-90c0-970515720773/fetchFileTemp12579655574480450867.tmp
[2024-01-29T12:07:44.174+0000] {spark_submit.py:571} INFO - 24/01/29 12:07:44 INFO Executor: Adding file:/tmp/spark-8a99cd27-bc06-4033-8e94-e9f51bc1facf/userFiles-e12305c5-234c-467d-90c0-970515720773/gcs-connector-hadoop3-latest.jar to class loader default
[2024-01-29T12:07:44.177+0000] {spark_submit.py:571} INFO - 24/01/29 12:07:44 INFO Executor: Fetching spark://instance-1.europe-west9-a.c.data-lake-project-409321.internal:41549/jars/spark_job_2.12-0.1.0.jar with timestamp 1706530061800
[2024-01-29T12:07:44.178+0000] {spark_submit.py:571} INFO - 24/01/29 12:07:44 INFO Utils: Fetching spark://instance-1.europe-west9-a.c.data-lake-project-409321.internal:41549/jars/spark_job_2.12-0.1.0.jar to /tmp/spark-8a99cd27-bc06-4033-8e94-e9f51bc1facf/userFiles-e12305c5-234c-467d-90c0-970515720773/fetchFileTemp13464795723191063780.tmp
[2024-01-29T12:07:44.183+0000] {spark_submit.py:571} INFO - 24/01/29 12:07:44 INFO Executor: Adding file:/tmp/spark-8a99cd27-bc06-4033-8e94-e9f51bc1facf/userFiles-e12305c5-234c-467d-90c0-970515720773/spark_job_2.12-0.1.0.jar to class loader default
[2024-01-29T12:07:44.192+0000] {spark_submit.py:571} INFO - 24/01/29 12:07:44 INFO Utils: Successfully started service 'org.apache.spark.network.netty.NettyBlockTransferService' on port 34029.
[2024-01-29T12:07:44.192+0000] {spark_submit.py:571} INFO - 24/01/29 12:07:44 INFO NettyBlockTransferService: Server created on instance-1.europe-west9-a.c.data-lake-project-409321.internal:34029
[2024-01-29T12:07:44.195+0000] {spark_submit.py:571} INFO - 24/01/29 12:07:44 INFO BlockManager: Using org.apache.spark.storage.RandomBlockReplicationPolicy for block replication policy
[2024-01-29T12:07:44.204+0000] {spark_submit.py:571} INFO - 24/01/29 12:07:44 INFO BlockManagerMaster: Registering BlockManager BlockManagerId(driver, instance-1.europe-west9-a.c.data-lake-project-409321.internal, 34029, None)
[2024-01-29T12:07:44.208+0000] {spark_submit.py:571} INFO - 24/01/29 12:07:44 INFO BlockManagerMasterEndpoint: Registering block manager instance-1.europe-west9-a.c.data-lake-project-409321.internal:34029 with 434.4 MiB RAM, BlockManagerId(driver, instance-1.europe-west9-a.c.data-lake-project-409321.internal, 34029, None)
[2024-01-29T12:07:44.212+0000] {spark_submit.py:571} INFO - 24/01/29 12:07:44 INFO BlockManagerMaster: Registered BlockManager BlockManagerId(driver, instance-1.europe-west9-a.c.data-lake-project-409321.internal, 34029, None)
[2024-01-29T12:07:44.214+0000] {spark_submit.py:571} INFO - 24/01/29 12:07:44 INFO BlockManager: Initialized BlockManager: BlockManagerId(driver, instance-1.europe-west9-a.c.data-lake-project-409321.internal, 34029, None)
[2024-01-29T12:07:44.826+0000] {spark_submit.py:571} INFO - 24/01/29 12:07:44 INFO SharedState: Setting hive.metastore.warehouse.dir ('null') to the value of spark.sql.warehouse.dir.
[2024-01-29T12:07:44.830+0000] {spark_submit.py:571} INFO - 24/01/29 12:07:44 INFO SharedState: Warehouse path is 'file:/home/juniortemgoua0/DataLake/spark-warehouse'.
[2024-01-29T12:07:46.295+0000] {spark_submit.py:571} INFO - 24/01/29 12:07:46 WARN FileStreamSink: Assume no metadata directory. Error while looking for metadata directory in the path: gs://data-lake-buck/raw/football_data/competitions/2024-01-29/*.json.
[2024-01-29T12:07:46.296+0000] {spark_submit.py:571} INFO - org.apache.hadoop.fs.UnsupportedFileSystemException: No FileSystem for scheme "gs"
[2024-01-29T12:07:46.296+0000] {spark_submit.py:571} INFO - at org.apache.hadoop.fs.FileSystem.getFileSystemClass(FileSystem.java:3443)
[2024-01-29T12:07:46.296+0000] {spark_submit.py:571} INFO - at org.apache.hadoop.fs.FileSystem.createFileSystem(FileSystem.java:3466)
[2024-01-29T12:07:46.296+0000] {spark_submit.py:571} INFO - at org.apache.hadoop.fs.FileSystem.access$300(FileSystem.java:174)
[2024-01-29T12:07:46.297+0000] {spark_submit.py:571} INFO - at org.apache.hadoop.fs.FileSystem$Cache.getInternal(FileSystem.java:3574)
[2024-01-29T12:07:46.297+0000] {spark_submit.py:571} INFO - at org.apache.hadoop.fs.FileSystem$Cache.get(FileSystem.java:3521)
[2024-01-29T12:07:46.297+0000] {spark_submit.py:571} INFO - at org.apache.hadoop.fs.FileSystem.get(FileSystem.java:540)
[2024-01-29T12:07:46.297+0000] {spark_submit.py:571} INFO - at org.apache.hadoop.fs.Path.getFileSystem(Path.java:365)
[2024-01-29T12:07:46.297+0000] {spark_submit.py:571} INFO - at org.apache.spark.sql.execution.streaming.FileStreamSink$.hasMetadata(FileStreamSink.scala:53)
[2024-01-29T12:07:46.297+0000] {spark_submit.py:571} INFO - at org.apache.spark.sql.execution.datasources.DataSource.resolveRelation(DataSource.scala:366)
[2024-01-29T12:07:46.297+0000] {spark_submit.py:571} INFO - at org.apache.spark.sql.DataFrameReader.loadV1Source(DataFrameReader.scala:229)
[2024-01-29T12:07:46.297+0000] {spark_submit.py:571} INFO - at org.apache.spark.sql.DataFrameReader.$anonfun$load$2(DataFrameReader.scala:211)
[2024-01-29T12:07:46.298+0000] {spark_submit.py:571} INFO - at scala.Option.getOrElse(Option.scala:189)
[2024-01-29T12:07:46.298+0000] {spark_submit.py:571} INFO - at org.apache.spark.sql.DataFrameReader.load(DataFrameReader.scala:211)
[2024-01-29T12:07:46.298+0000] {spark_submit.py:571} INFO - at org.apache.spark.sql.DataFrameReader.json(DataFrameReader.scala:362)
[2024-01-29T12:07:46.298+0000] {spark_submit.py:571} INFO - at org.apache.spark.sql.DataFrameReader.json(DataFrameReader.scala:341)
[2024-01-29T12:07:46.298+0000] {spark_submit.py:571} INFO - at RawToFormatted$.formattedCompetition(RawToFormatted.scala:34)
[2024-01-29T12:07:46.298+0000] {spark_submit.py:571} INFO - at RawToFormatted$.main(RawToFormatted.scala:21)
[2024-01-29T12:07:46.298+0000] {spark_submit.py:571} INFO - at RawToFormatted.main(RawToFormatted.scala)
[2024-01-29T12:07:46.298+0000] {spark_submit.py:571} INFO - at java.base/jdk.internal.reflect.NativeMethodAccessorImpl.invoke0(Native Method)
[2024-01-29T12:07:46.298+0000] {spark_submit.py:571} INFO - at java.base/jdk.internal.reflect.NativeMethodAccessorImpl.invoke(NativeMethodAccessorImpl.java:77)
[2024-01-29T12:07:46.299+0000] {spark_submit.py:571} INFO - at java.base/jdk.internal.reflect.DelegatingMethodAccessorImpl.invoke(DelegatingMethodAccessorImpl.java:43)
[2024-01-29T12:07:46.299+0000] {spark_submit.py:571} INFO - at java.base/java.lang.reflect.Method.invoke(Method.java:568)
[2024-01-29T12:07:46.299+0000] {spark_submit.py:571} INFO - at org.apache.spark.deploy.JavaMainApplication.start(SparkApplication.scala:52)
[2024-01-29T12:07:46.299+0000] {spark_submit.py:571} INFO - at org.apache.spark.deploy.SparkSubmit.org$apache$spark$deploy$SparkSubmit$$runMain(SparkSubmit.scala:1029)
[2024-01-29T12:07:46.300+0000] {spark_submit.py:571} INFO - at org.apache.spark.deploy.SparkSubmit.doRunMain$1(SparkSubmit.scala:194)
[2024-01-29T12:07:46.300+0000] {spark_submit.py:571} INFO - at org.apache.spark.deploy.SparkSubmit.submit(SparkSubmit.scala:217)
[2024-01-29T12:07:46.300+0000] {spark_submit.py:571} INFO - at org.apache.spark.deploy.SparkSubmit.doSubmit(SparkSubmit.scala:91)
[2024-01-29T12:07:46.300+0000] {spark_submit.py:571} INFO - at org.apache.spark.deploy.SparkSubmit$$anon$2.doSubmit(SparkSubmit.scala:1120)
[2024-01-29T12:07:46.300+0000] {spark_submit.py:571} INFO - at org.apache.spark.deploy.SparkSubmit$.main(SparkSubmit.scala:1129)
[2024-01-29T12:07:46.300+0000] {spark_submit.py:571} INFO - at org.apache.spark.deploy.SparkSubmit.main(SparkSubmit.scala)
[2024-01-29T12:07:46.303+0000] {spark_submit.py:571} INFO - Exception in thread "main" org.apache.hadoop.fs.UnsupportedFileSystemException: No FileSystem for scheme "gs"
[2024-01-29T12:07:46.304+0000] {spark_submit.py:571} INFO - at org.apache.hadoop.fs.FileSystem.getFileSystemClass(FileSystem.java:3443)
[2024-01-29T12:07:46.304+0000] {spark_submit.py:571} INFO - at org.apache.hadoop.fs.FileSystem.createFileSystem(FileSystem.java:3466)
[2024-01-29T12:07:46.304+0000] {spark_submit.py:571} INFO - at org.apache.hadoop.fs.FileSystem.access$300(FileSystem.java:174)
[2024-01-29T12:07:46.304+0000] {spark_submit.py:571} INFO - at org.apache.hadoop.fs.FileSystem$Cache.getInternal(FileSystem.java:3574)
[2024-01-29T12:07:46.305+0000] {spark_submit.py:571} INFO - at org.apache.hadoop.fs.FileSystem$Cache.get(FileSystem.java:3521)
[2024-01-29T12:07:46.305+0000] {spark_submit.py:571} INFO - at org.apache.hadoop.fs.FileSystem.get(FileSystem.java:540)
[2024-01-29T12:07:46.305+0000] {spark_submit.py:571} INFO - at org.apache.hadoop.fs.Path.getFileSystem(Path.java:365)
[2024-01-29T12:07:46.305+0000] {spark_submit.py:571} INFO - at org.apache.spark.sql.execution.datasources.DataSource$.$anonfun$checkAndGlobPathIfNecessary$1(DataSource.scala:724)
[2024-01-29T12:07:46.305+0000] {spark_submit.py:571} INFO - at scala.collection.immutable.List.map(List.scala:293)
[2024-01-29T12:07:46.306+0000] {spark_submit.py:571} INFO - at org.apache.spark.sql.execution.datasources.DataSource$.checkAndGlobPathIfNecessary(DataSource.scala:722)
[2024-01-29T12:07:46.306+0000] {spark_submit.py:571} INFO - at org.apache.spark.sql.execution.datasources.DataSource.checkAndGlobPathIfNecessary(DataSource.scala:551)
[2024-01-29T12:07:46.306+0000] {spark_submit.py:571} INFO - at org.apache.spark.sql.execution.datasources.DataSource.resolveRelation(DataSource.scala:404)
[2024-01-29T12:07:46.306+0000] {spark_submit.py:571} INFO - at org.apache.spark.sql.DataFrameReader.loadV1Source(DataFrameReader.scala:229)
[2024-01-29T12:07:46.306+0000] {spark_submit.py:571} INFO - at org.apache.spark.sql.DataFrameReader.$anonfun$load$2(DataFrameReader.scala:211)
[2024-01-29T12:07:46.307+0000] {spark_submit.py:571} INFO - at scala.Option.getOrElse(Option.scala:189)
[2024-01-29T12:07:46.307+0000] {spark_submit.py:571} INFO - at org.apache.spark.sql.DataFrameReader.load(DataFrameReader.scala:211)
[2024-01-29T12:07:46.307+0000] {spark_submit.py:571} INFO - at org.apache.spark.sql.DataFrameReader.json(DataFrameReader.scala:362)
[2024-01-29T12:07:46.309+0000] {spark_submit.py:571} INFO - at org.apache.spark.sql.DataFrameReader.json(DataFrameReader.scala:341)
[2024-01-29T12:07:46.310+0000] {spark_submit.py:571} INFO - at RawToFormatted$.formattedCompetition(RawToFormatted.scala:34)
[2024-01-29T12:07:46.310+0000] {spark_submit.py:571} INFO - at RawToFormatted$.main(RawToFormatted.scala:21)
[2024-01-29T12:07:46.310+0000] {spark_submit.py:571} INFO - at RawToFormatted.main(RawToFormatted.scala)
[2024-01-29T12:07:46.310+0000] {spark_submit.py:571} INFO - at java.base/jdk.internal.reflect.NativeMethodAccessorImpl.invoke0(Native Method)
[2024-01-29T12:07:46.310+0000] {spark_submit.py:571} INFO - at java.base/jdk.internal.reflect.NativeMethodAccessorImpl.invoke(NativeMethodAccessorImpl.java:77)
[2024-01-29T12:07:46.310+0000] {spark_submit.py:571} INFO - at java.base/jdk.internal.reflect.DelegatingMethodAccessorImpl.invoke(DelegatingMethodAccessorImpl.java:43)
[2024-01-29T12:07:46.310+0000] {spark_submit.py:571} INFO - at java.base/java.lang.reflect.Method.invoke(Method.java:568)
[2024-01-29T12:07:46.311+0000] {spark_submit.py:571} INFO - at org.apache.spark.deploy.JavaMainApplication.start(SparkApplication.scala:52)
[2024-01-29T12:07:46.311+0000] {spark_submit.py:571} INFO - at org.apache.spark.deploy.SparkSubmit.org$apache$spark$deploy$SparkSubmit$$runMain(SparkSubmit.scala:1029)
[2024-01-29T12:07:46.311+0000] {spark_submit.py:571} INFO - at org.apache.spark.deploy.SparkSubmit.doRunMain$1(SparkSubmit.scala:194)
[2024-01-29T12:07:46.312+0000] {spark_submit.py:571} INFO - at org.apache.spark.deploy.SparkSubmit.submit(SparkSubmit.scala:217)
[2024-01-29T12:07:46.312+0000] {spark_submit.py:571} INFO - at org.apache.spark.deploy.SparkSubmit.doSubmit(SparkSubmit.scala:91)
[2024-01-29T12:07:46.312+0000] {spark_submit.py:571} INFO - at org.apache.spark.deploy.SparkSubmit$$anon$2.doSubmit(SparkSubmit.scala:1120)
[2024-01-29T12:07:46.312+0000] {spark_submit.py:571} INFO - at org.apache.spark.deploy.SparkSubmit$.main(SparkSubmit.scala:1129)
[2024-01-29T12:07:46.312+0000] {spark_submit.py:571} INFO - at org.apache.spark.deploy.SparkSubmit.main(SparkSubmit.scala)
[2024-01-29T12:07:46.319+0000] {spark_submit.py:571} INFO - 24/01/29 12:07:46 INFO SparkContext: Invoking stop() from shutdown hook
[2024-01-29T12:07:46.319+0000] {spark_submit.py:571} INFO - 24/01/29 12:07:46 INFO SparkContext: SparkContext is stopping with exitCode 0.
[2024-01-29T12:07:46.335+0000] {spark_submit.py:571} INFO - 24/01/29 12:07:46 INFO SparkUI: Stopped Spark web UI at http://instance-1.europe-west9-a.c.data-lake-project-409321.internal:4040
[2024-01-29T12:07:46.358+0000] {spark_submit.py:571} INFO - 24/01/29 12:07:46 INFO MapOutputTrackerMasterEndpoint: MapOutputTrackerMasterEndpoint stopped!
[2024-01-29T12:07:46.372+0000] {spark_submit.py:571} INFO - 24/01/29 12:07:46 INFO MemoryStore: MemoryStore cleared
[2024-01-29T12:07:46.372+0000] {spark_submit.py:571} INFO - 24/01/29 12:07:46 INFO BlockManager: BlockManager stopped
[2024-01-29T12:07:46.381+0000] {spark_submit.py:571} INFO - 24/01/29 12:07:46 INFO BlockManagerMaster: BlockManagerMaster stopped
[2024-01-29T12:07:46.384+0000] {spark_submit.py:571} INFO - 24/01/29 12:07:46 INFO OutputCommitCoordinator$OutputCommitCoordinatorEndpoint: OutputCommitCoordinator stopped!
[2024-01-29T12:07:46.396+0000] {spark_submit.py:571} INFO - 24/01/29 12:07:46 INFO SparkContext: Successfully stopped SparkContext
[2024-01-29T12:07:46.396+0000] {spark_submit.py:571} INFO - 24/01/29 12:07:46 INFO ShutdownHookManager: Shutdown hook called
[2024-01-29T12:07:46.397+0000] {spark_submit.py:571} INFO - 24/01/29 12:07:46 INFO ShutdownHookManager: Deleting directory /tmp/spark-9aae46cc-e816-48be-9f3b-142c9097852c
[2024-01-29T12:07:46.403+0000] {spark_submit.py:571} INFO - 24/01/29 12:07:46 INFO ShutdownHookManager: Deleting directory /tmp/spark-8a99cd27-bc06-4033-8e94-e9f51bc1facf
[2024-01-29T12:07:46.585+0000] {taskinstance.py:2698} ERROR - Task failed with exception
Traceback (most recent call last):
  File "/home/juniortemgoua0/DataLake/venv/lib/python3.8/site-packages/airflow/models/taskinstance.py", line 433, in _execute_task
    result = execute_callable(context=context, **execute_callable_kwargs)
  File "/home/juniortemgoua0/DataLake/venv/lib/python3.8/site-packages/airflow/providers/apache/spark/operators/spark_submit.py", line 174, in execute
    self._hook.submit(self._application)
  File "/home/juniortemgoua0/DataLake/venv/lib/python3.8/site-packages/airflow/providers/apache/spark/hooks/spark_submit.py", line 502, in submit
    raise AirflowException(
airflow.exceptions.AirflowException: Cannot execute: spark-submit --master local[*] --jars /home/juniortemgoua0/DataLake/utils/gcs-connector-hadoop3-latest.jar --name arrow-spark --class RawToFormatted --queue root.default --deploy-mode client /home/juniortemgoua0/DataLake/jobs/processes/scala/spark_process/target/scala-2.12/spark_job_2.12-0.1.0.jar gs://data-lake-buck. Error code is: 1.
[2024-01-29T12:07:46.589+0000] {taskinstance.py:1138} INFO - Marking task as UP_FOR_RETRY. dag_id=manage_data_lake_dag, task_id=spark_job_formatted, execution_date=20240129T120730, start_date=20240129T120737, end_date=20240129T120746
[2024-01-29T12:07:46.599+0000] {standard_task_runner.py:107} ERROR - Failed to execute job 108 for task spark_job_formatted (Cannot execute: spark-submit --master local[*] --jars /home/juniortemgoua0/DataLake/utils/gcs-connector-hadoop3-latest.jar --name arrow-spark --class RawToFormatted --queue root.default --deploy-mode client /home/juniortemgoua0/DataLake/jobs/processes/scala/spark_process/target/scala-2.12/spark_job_2.12-0.1.0.jar gs://data-lake-buck. Error code is: 1.; 7668)
[2024-01-29T12:07:46.627+0000] {local_task_job_runner.py:234} INFO - Task exited with return code 1
[2024-01-29T12:07:46.636+0000] {taskinstance.py:3280} INFO - 0 downstream tasks scheduled from follow-on schedule check
