[2024-01-30T02:46:49.792+0000] {taskinstance.py:1956} INFO - Dependencies all met for dep_context=non-requeueable deps ti=<TaskInstance: manage_data_lake_dag.local_job_raw_to_formatted scheduled__2024-01-03T00:00:00+00:00 [queued]>
[2024-01-30T02:46:49.798+0000] {taskinstance.py:1956} INFO - Dependencies all met for dep_context=requeueable deps ti=<TaskInstance: manage_data_lake_dag.local_job_raw_to_formatted scheduled__2024-01-03T00:00:00+00:00 [queued]>
[2024-01-30T02:46:49.798+0000] {taskinstance.py:2170} INFO - Starting attempt 2 of 6
[2024-01-30T02:46:49.812+0000] {taskinstance.py:2191} INFO - Executing <Task(SparkSubmitOperator): local_job_raw_to_formatted> on 2024-01-03 00:00:00+00:00
[2024-01-30T02:46:49.818+0000] {standard_task_runner.py:60} INFO - Started process 15038 to run task
[2024-01-30T02:46:49.826+0000] {standard_task_runner.py:87} INFO - Running: ['airflow', 'tasks', 'run', 'manage_data_lake_dag', 'local_job_raw_to_formatted', 'scheduled__2024-01-03T00:00:00+00:00', '--job-id', '140', '--raw', '--subdir', 'DAGS_FOLDER/data_lake_dag.py', '--cfg-path', '/tmp/tmp6yg1pm6m']
[2024-01-30T02:46:49.828+0000] {standard_task_runner.py:88} INFO - Job 140: Subtask local_job_raw_to_formatted
[2024-01-30T02:46:49.868+0000] {task_command.py:423} INFO - Running <TaskInstance: manage_data_lake_dag.local_job_raw_to_formatted scheduled__2024-01-03T00:00:00+00:00 [running]> on host instance-1.europe-west9-a.c.data-lake-project-409321.internal
[2024-01-30T02:46:49.923+0000] {taskinstance.py:2480} INFO - Exporting env vars: AIRFLOW_CTX_DAG_OWNER='juniortemgoua0' AIRFLOW_CTX_DAG_ID='manage_data_lake_dag' AIRFLOW_CTX_TASK_ID='local_job_raw_to_formatted' AIRFLOW_CTX_EXECUTION_DATE='2024-01-03T00:00:00+00:00' AIRFLOW_CTX_TRY_NUMBER='2' AIRFLOW_CTX_DAG_RUN_ID='scheduled__2024-01-03T00:00:00+00:00'
[2024-01-30T02:46:49.930+0000] {base.py:83} INFO - Using connection ID 'spark_default' for task execution.
[2024-01-30T02:46:49.931+0000] {spark_submit.py:401} INFO - Spark-Submit cmd: spark-submit --master local[*] --conf spark.airflow.execution_date=2024-01-03 --name arrow-spark --class RawToFormatted --queue root.default --deploy-mode client /home/juniortemgoua0/DataLake/jobs/processes/scala/spark_process/target/scala-2.12/spark_job_2.12-0.1.0.jar hdfs://localhost:9000/data-lake
[2024-01-30T02:46:52.575+0000] {spark_submit.py:571} INFO - 24/01/30 02:46:52 INFO SparkContext: Running Spark version 3.5.0
[2024-01-30T02:46:52.579+0000] {spark_submit.py:571} INFO - 24/01/30 02:46:52 INFO SparkContext: OS info Linux, 5.15.0-1049-gcp, amd64
[2024-01-30T02:46:52.580+0000] {spark_submit.py:571} INFO - 24/01/30 02:46:52 INFO SparkContext: Java version 17.0.9
[2024-01-30T02:46:52.691+0000] {spark_submit.py:571} INFO - 24/01/30 02:46:52 WARN NativeCodeLoader: Unable to load native-hadoop library for your platform... using builtin-java classes where applicable
[2024-01-30T02:46:52.842+0000] {spark_submit.py:571} INFO - 24/01/30 02:46:52 INFO ResourceUtils: ==============================================================
[2024-01-30T02:46:52.843+0000] {spark_submit.py:571} INFO - 24/01/30 02:46:52 INFO ResourceUtils: No custom resources configured for spark.driver.
[2024-01-30T02:46:52.843+0000] {spark_submit.py:571} INFO - 24/01/30 02:46:52 INFO ResourceUtils: ==============================================================
[2024-01-30T02:46:52.847+0000] {spark_submit.py:571} INFO - 24/01/30 02:46:52 INFO SparkContext: Submitted application: RawToFormatted
[2024-01-30T02:46:52.904+0000] {spark_submit.py:571} INFO - 24/01/30 02:46:52 INFO ResourceProfile: Default ResourceProfile created, executor resources: Map(cores -> name: cores, amount: 1, script: , vendor: , memory -> name: memory, amount: 1024, script: , vendor: , offHeap -> name: offHeap, amount: 0, script: , vendor: ), task resources: Map(cpus -> name: cpus, amount: 1.0)
[2024-01-30T02:46:52.920+0000] {spark_submit.py:571} INFO - 24/01/30 02:46:52 INFO ResourceProfile: Limiting resource is cpu
[2024-01-30T02:46:52.921+0000] {spark_submit.py:571} INFO - 24/01/30 02:46:52 INFO ResourceProfileManager: Added ResourceProfile id: 0
[2024-01-30T02:46:53.003+0000] {spark_submit.py:571} INFO - 24/01/30 02:46:53 INFO SecurityManager: Changing view acls to: juniortemgoua0
[2024-01-30T02:46:53.004+0000] {spark_submit.py:571} INFO - 24/01/30 02:46:53 INFO SecurityManager: Changing modify acls to: juniortemgoua0
[2024-01-30T02:46:53.005+0000] {spark_submit.py:571} INFO - 24/01/30 02:46:53 INFO SecurityManager: Changing view acls groups to:
[2024-01-30T02:46:53.006+0000] {spark_submit.py:571} INFO - 24/01/30 02:46:53 INFO SecurityManager: Changing modify acls groups to:
[2024-01-30T02:46:53.007+0000] {spark_submit.py:571} INFO - 24/01/30 02:46:53 INFO SecurityManager: SecurityManager: authentication disabled; ui acls disabled; users with view permissions: juniortemgoua0; groups with view permissions: EMPTY; users with modify permissions: juniortemgoua0; groups with modify permissions: EMPTY
[2024-01-30T02:46:53.373+0000] {spark_submit.py:571} INFO - 24/01/30 02:46:53 INFO Utils: Successfully started service 'sparkDriver' on port 35701.
[2024-01-30T02:46:53.415+0000] {spark_submit.py:571} INFO - 24/01/30 02:46:53 INFO SparkEnv: Registering MapOutputTracker
[2024-01-30T02:46:53.465+0000] {spark_submit.py:571} INFO - 24/01/30 02:46:53 INFO SparkEnv: Registering BlockManagerMaster
[2024-01-30T02:46:53.494+0000] {spark_submit.py:571} INFO - 24/01/30 02:46:53 INFO BlockManagerMasterEndpoint: Using org.apache.spark.storage.DefaultTopologyMapper for getting topology information
[2024-01-30T02:46:53.496+0000] {spark_submit.py:571} INFO - 24/01/30 02:46:53 INFO BlockManagerMasterEndpoint: BlockManagerMasterEndpoint up
[2024-01-30T02:46:53.502+0000] {spark_submit.py:571} INFO - 24/01/30 02:46:53 INFO SparkEnv: Registering BlockManagerMasterHeartbeat
[2024-01-30T02:46:53.530+0000] {spark_submit.py:571} INFO - 24/01/30 02:46:53 INFO DiskBlockManager: Created local directory at /tmp/blockmgr-f9225705-fff4-4399-97af-87556fdf60e3
[2024-01-30T02:46:53.558+0000] {spark_submit.py:571} INFO - 24/01/30 02:46:53 INFO MemoryStore: MemoryStore started with capacity 434.4 MiB
[2024-01-30T02:46:53.580+0000] {spark_submit.py:571} INFO - 24/01/30 02:46:53 INFO SparkEnv: Registering OutputCommitCoordinator
[2024-01-30T02:46:53.812+0000] {spark_submit.py:571} INFO - 24/01/30 02:46:53 INFO JettyUtils: Start Jetty 0.0.0.0:4040 for SparkUI
[2024-01-30T02:46:53.904+0000] {spark_submit.py:571} INFO - 24/01/30 02:46:53 INFO Utils: Successfully started service 'SparkUI' on port 4040.
[2024-01-30T02:46:53.979+0000] {spark_submit.py:571} INFO - 24/01/30 02:46:53 INFO SparkContext: Added JAR file:/home/juniortemgoua0/DataLake/jobs/processes/scala/spark_process/target/scala-2.12/spark_job_2.12-0.1.0.jar at spark://instance-1.europe-west9-a.c.data-lake-project-409321.internal:35701/jars/spark_job_2.12-0.1.0.jar with timestamp 1706582812559
[2024-01-30T02:46:54.158+0000] {spark_submit.py:571} INFO - 24/01/30 02:46:54 INFO Executor: Starting executor ID driver on host instance-1.europe-west9-a.c.data-lake-project-409321.internal
[2024-01-30T02:46:54.159+0000] {spark_submit.py:571} INFO - 24/01/30 02:46:54 INFO Executor: OS info Linux, 5.15.0-1049-gcp, amd64
[2024-01-30T02:46:54.160+0000] {spark_submit.py:571} INFO - 24/01/30 02:46:54 INFO Executor: Java version 17.0.9
[2024-01-30T02:46:54.171+0000] {spark_submit.py:571} INFO - 24/01/30 02:46:54 INFO Executor: Starting executor with user classpath (userClassPathFirst = false): ''
[2024-01-30T02:46:54.172+0000] {spark_submit.py:571} INFO - 24/01/30 02:46:54 INFO Executor: Created or updated repl class loader org.apache.spark.util.MutableURLClassLoader@6ed043d3 for default.
[2024-01-30T02:46:54.190+0000] {spark_submit.py:571} INFO - 24/01/30 02:46:54 INFO Executor: Fetching spark://instance-1.europe-west9-a.c.data-lake-project-409321.internal:35701/jars/spark_job_2.12-0.1.0.jar with timestamp 1706582812559
[2024-01-30T02:46:54.273+0000] {spark_submit.py:571} INFO - 24/01/30 02:46:54 INFO TransportClientFactory: Successfully created connection to instance-1.europe-west9-a.c.data-lake-project-409321.internal/10.200.0.5:35701 after 47 ms (0 ms spent in bootstraps)
[2024-01-30T02:46:54.292+0000] {spark_submit.py:571} INFO - 24/01/30 02:46:54 INFO Utils: Fetching spark://instance-1.europe-west9-a.c.data-lake-project-409321.internal:35701/jars/spark_job_2.12-0.1.0.jar to /tmp/spark-9c1f47c7-bdec-49bc-b611-06cd67cb6791/userFiles-9836a0db-c8d4-4655-9bb9-ea749159997b/fetchFileTemp3658887526520510291.tmp
[2024-01-30T02:46:54.336+0000] {spark_submit.py:571} INFO - 24/01/30 02:46:54 INFO Executor: Adding file:/tmp/spark-9c1f47c7-bdec-49bc-b611-06cd67cb6791/userFiles-9836a0db-c8d4-4655-9bb9-ea749159997b/spark_job_2.12-0.1.0.jar to class loader default
[2024-01-30T02:46:54.351+0000] {spark_submit.py:571} INFO - 24/01/30 02:46:54 INFO Utils: Successfully started service 'org.apache.spark.network.netty.NettyBlockTransferService' on port 45407.
[2024-01-30T02:46:54.351+0000] {spark_submit.py:571} INFO - 24/01/30 02:46:54 INFO NettyBlockTransferService: Server created on instance-1.europe-west9-a.c.data-lake-project-409321.internal:45407
[2024-01-30T02:46:54.354+0000] {spark_submit.py:571} INFO - 24/01/30 02:46:54 INFO BlockManager: Using org.apache.spark.storage.RandomBlockReplicationPolicy for block replication policy
[2024-01-30T02:46:54.364+0000] {spark_submit.py:571} INFO - 24/01/30 02:46:54 INFO BlockManagerMaster: Registering BlockManager BlockManagerId(driver, instance-1.europe-west9-a.c.data-lake-project-409321.internal, 45407, None)
[2024-01-30T02:46:54.368+0000] {spark_submit.py:571} INFO - 24/01/30 02:46:54 INFO BlockManagerMasterEndpoint: Registering block manager instance-1.europe-west9-a.c.data-lake-project-409321.internal:45407 with 434.4 MiB RAM, BlockManagerId(driver, instance-1.europe-west9-a.c.data-lake-project-409321.internal, 45407, None)
[2024-01-30T02:46:54.372+0000] {spark_submit.py:571} INFO - 24/01/30 02:46:54 INFO BlockManagerMaster: Registered BlockManager BlockManagerId(driver, instance-1.europe-west9-a.c.data-lake-project-409321.internal, 45407, None)
[2024-01-30T02:46:54.374+0000] {spark_submit.py:571} INFO - 24/01/30 02:46:54 INFO BlockManager: Initialized BlockManager: BlockManagerId(driver, instance-1.europe-west9-a.c.data-lake-project-409321.internal, 45407, None)
[2024-01-30T02:46:55.397+0000] {spark_submit.py:571} INFO - 24/01/30 02:46:55 INFO SharedState: Setting hive.metastore.warehouse.dir ('null') to the value of spark.sql.warehouse.dir.
[2024-01-30T02:46:55.411+0000] {spark_submit.py:571} INFO - 24/01/30 02:46:55 INFO SharedState: Warehouse path is 'file:/home/juniortemgoua0/DataLake/spark-warehouse'.
[2024-01-30T02:46:56.563+0000] {spark_submit.py:571} INFO - ************************************************
[2024-01-30T02:46:56.564+0000] {spark_submit.py:571} INFO - Date d'exécution  : 2024-01-03
[2024-01-30T02:46:56.564+0000] {spark_submit.py:571} INFO - ************************************************
[2024-01-30T02:46:57.719+0000] {spark_submit.py:571} INFO - Exception in thread "main" org.apache.spark.sql.AnalysisException: [PATH_NOT_FOUND] Path does not exist: hdfs://localhost:9000/data-lake/raw/football_data/competitions/2024-01-03/*.json.
[2024-01-30T02:46:57.719+0000] {spark_submit.py:571} INFO - at org.apache.spark.sql.errors.QueryCompilationErrors$.dataPathNotExistError(QueryCompilationErrors.scala:1500)
[2024-01-30T02:46:57.719+0000] {spark_submit.py:571} INFO - at org.apache.spark.sql.execution.datasources.DataSource$.$anonfun$checkAndGlobPathIfNecessary$3(DataSource.scala:743)
[2024-01-30T02:46:57.720+0000] {spark_submit.py:571} INFO - at org.apache.spark.util.ThreadUtils$.$anonfun$parmap$2(ThreadUtils.scala:380)
[2024-01-30T02:46:57.720+0000] {spark_submit.py:571} INFO - at scala.concurrent.Future$.$anonfun$apply$1(Future.scala:659)
[2024-01-30T02:46:57.720+0000] {spark_submit.py:571} INFO - at scala.util.Success.$anonfun$map$1(Try.scala:255)
[2024-01-30T02:46:57.720+0000] {spark_submit.py:571} INFO - at scala.util.Success.map(Try.scala:213)
[2024-01-30T02:46:57.720+0000] {spark_submit.py:571} INFO - at scala.concurrent.Future.$anonfun$map$1(Future.scala:292)
[2024-01-30T02:46:57.720+0000] {spark_submit.py:571} INFO - at scala.concurrent.impl.Promise.liftedTree1$1(Promise.scala:33)
[2024-01-30T02:46:57.721+0000] {spark_submit.py:571} INFO - at scala.concurrent.impl.Promise.$anonfun$transform$1(Promise.scala:33)
[2024-01-30T02:46:57.721+0000] {spark_submit.py:571} INFO - at scala.concurrent.impl.CallbackRunnable.run(Promise.scala:64)
[2024-01-30T02:46:57.721+0000] {spark_submit.py:571} INFO - at java.base/java.util.concurrent.ForkJoinTask$RunnableExecuteAction.exec(ForkJoinTask.java:1395)
[2024-01-30T02:46:57.721+0000] {spark_submit.py:571} INFO - at java.base/java.util.concurrent.ForkJoinTask.doExec(ForkJoinTask.java:373)
[2024-01-30T02:46:57.721+0000] {spark_submit.py:571} INFO - at java.base/java.util.concurrent.ForkJoinPool$WorkQueue.topLevelExec(ForkJoinPool.java:1182)
[2024-01-30T02:46:57.721+0000] {spark_submit.py:571} INFO - at java.base/java.util.concurrent.ForkJoinPool.scan(ForkJoinPool.java:1655)
[2024-01-30T02:46:57.722+0000] {spark_submit.py:571} INFO - at java.base/java.util.concurrent.ForkJoinPool.runWorker(ForkJoinPool.java:1622)
[2024-01-30T02:46:57.722+0000] {spark_submit.py:571} INFO - at java.base/java.util.concurrent.ForkJoinWorkerThread.run(ForkJoinWorkerThread.java:165)
[2024-01-30T02:46:57.728+0000] {spark_submit.py:571} INFO - 24/01/30 02:46:57 INFO SparkContext: Invoking stop() from shutdown hook
[2024-01-30T02:46:57.728+0000] {spark_submit.py:571} INFO - 24/01/30 02:46:57 INFO SparkContext: SparkContext is stopping with exitCode 0.
[2024-01-30T02:46:57.747+0000] {spark_submit.py:571} INFO - 24/01/30 02:46:57 INFO SparkUI: Stopped Spark web UI at http://instance-1.europe-west9-a.c.data-lake-project-409321.internal:4040
[2024-01-30T02:46:57.771+0000] {spark_submit.py:571} INFO - 24/01/30 02:46:57 INFO MapOutputTrackerMasterEndpoint: MapOutputTrackerMasterEndpoint stopped!
[2024-01-30T02:46:57.785+0000] {spark_submit.py:571} INFO - 24/01/30 02:46:57 INFO MemoryStore: MemoryStore cleared
[2024-01-30T02:46:57.785+0000] {spark_submit.py:571} INFO - 24/01/30 02:46:57 INFO BlockManager: BlockManager stopped
[2024-01-30T02:46:57.791+0000] {spark_submit.py:571} INFO - 24/01/30 02:46:57 INFO BlockManagerMaster: BlockManagerMaster stopped
[2024-01-30T02:46:57.797+0000] {spark_submit.py:571} INFO - 24/01/30 02:46:57 INFO OutputCommitCoordinator$OutputCommitCoordinatorEndpoint: OutputCommitCoordinator stopped!
[2024-01-30T02:46:57.809+0000] {spark_submit.py:571} INFO - 24/01/30 02:46:57 INFO SparkContext: Successfully stopped SparkContext
[2024-01-30T02:46:57.809+0000] {spark_submit.py:571} INFO - 24/01/30 02:46:57 INFO ShutdownHookManager: Shutdown hook called
[2024-01-30T02:46:57.809+0000] {spark_submit.py:571} INFO - 24/01/30 02:46:57 INFO ShutdownHookManager: Deleting directory /tmp/spark-9c1f47c7-bdec-49bc-b611-06cd67cb6791
[2024-01-30T02:46:57.813+0000] {spark_submit.py:571} INFO - 24/01/30 02:46:57 INFO ShutdownHookManager: Deleting directory /tmp/spark-6489fad2-636c-4488-8540-5458f05eb400
[2024-01-30T02:46:57.923+0000] {local_task_job_runner.py:234} INFO - Task exited with return code 0
[2024-01-30T02:46:57.938+0000] {taskinstance.py:3280} INFO - 0 downstream tasks scheduled from follow-on schedule check
[2024-01-30T03:25:28.328+0000] {taskinstance.py:1956} INFO - Dependencies all met for dep_context=non-requeueable deps ti=<TaskInstance: manage_data_lake_dag.local_job_raw_to_formatted scheduled__2024-01-03T00:00:00+00:00 [queued]>
[2024-01-30T03:25:28.334+0000] {taskinstance.py:1956} INFO - Dependencies all met for dep_context=requeueable deps ti=<TaskInstance: manage_data_lake_dag.local_job_raw_to_formatted scheduled__2024-01-03T00:00:00+00:00 [queued]>
[2024-01-30T03:25:28.334+0000] {taskinstance.py:2170} INFO - Starting attempt 2 of 6
[2024-01-30T03:25:28.347+0000] {taskinstance.py:2191} INFO - Executing <Task(SparkSubmitOperator): local_job_raw_to_formatted> on 2024-01-03 00:00:00+00:00
[2024-01-30T03:25:28.352+0000] {standard_task_runner.py:60} INFO - Started process 31146 to run task
[2024-01-30T03:25:28.358+0000] {standard_task_runner.py:87} INFO - Running: ['airflow', 'tasks', 'run', 'manage_data_lake_dag', 'local_job_raw_to_formatted', 'scheduled__2024-01-03T00:00:00+00:00', '--job-id', '181', '--raw', '--subdir', 'DAGS_FOLDER/data_lake_dag.py', '--cfg-path', '/tmp/tmp3iyk2jek']
[2024-01-30T03:25:28.361+0000] {standard_task_runner.py:88} INFO - Job 181: Subtask local_job_raw_to_formatted
[2024-01-30T03:25:28.405+0000] {task_command.py:423} INFO - Running <TaskInstance: manage_data_lake_dag.local_job_raw_to_formatted scheduled__2024-01-03T00:00:00+00:00 [running]> on host instance-1.europe-west9-a.c.data-lake-project-409321.internal
[2024-01-30T03:25:28.456+0000] {taskinstance.py:2480} INFO - Exporting env vars: AIRFLOW_CTX_DAG_OWNER='juniortemgoua0' AIRFLOW_CTX_DAG_ID='manage_data_lake_dag' AIRFLOW_CTX_TASK_ID='local_job_raw_to_formatted' AIRFLOW_CTX_EXECUTION_DATE='2024-01-03T00:00:00+00:00' AIRFLOW_CTX_TRY_NUMBER='2' AIRFLOW_CTX_DAG_RUN_ID='scheduled__2024-01-03T00:00:00+00:00'
[2024-01-30T03:25:28.463+0000] {base.py:83} INFO - Using connection ID 'spark_default' for task execution.
[2024-01-30T03:25:28.464+0000] {spark_submit.py:401} INFO - Spark-Submit cmd: spark-submit --master local[*] --conf spark.airflow.execution_date=2024-01-03 --name arrow-spark --class RawToFormatted --queue root.default --deploy-mode client /home/juniortemgoua0/DataLake/jobs/processes/scala/spark_process/target/scala-2.12/spark_job_2.12-0.1.0.jar hdfs://localhost:9000/data-lake
[2024-01-30T03:25:31.260+0000] {spark_submit.py:571} INFO - 24/01/30 03:25:31 INFO SparkContext: Running Spark version 3.5.0
[2024-01-30T03:25:31.265+0000] {spark_submit.py:571} INFO - 24/01/30 03:25:31 INFO SparkContext: OS info Linux, 5.15.0-1049-gcp, amd64
[2024-01-30T03:25:31.266+0000] {spark_submit.py:571} INFO - 24/01/30 03:25:31 INFO SparkContext: Java version 17.0.9
[2024-01-30T03:25:31.410+0000] {spark_submit.py:571} INFO - 24/01/30 03:25:31 WARN NativeCodeLoader: Unable to load native-hadoop library for your platform... using builtin-java classes where applicable
[2024-01-30T03:25:31.592+0000] {spark_submit.py:571} INFO - 24/01/30 03:25:31 INFO ResourceUtils: ==============================================================
[2024-01-30T03:25:31.595+0000] {spark_submit.py:571} INFO - 24/01/30 03:25:31 INFO ResourceUtils: No custom resources configured for spark.driver.
[2024-01-30T03:25:31.596+0000] {spark_submit.py:571} INFO - 24/01/30 03:25:31 INFO ResourceUtils: ==============================================================
[2024-01-30T03:25:31.597+0000] {spark_submit.py:571} INFO - 24/01/30 03:25:31 INFO SparkContext: Submitted application: RawToFormatted
[2024-01-30T03:25:31.647+0000] {spark_submit.py:571} INFO - 24/01/30 03:25:31 INFO ResourceProfile: Default ResourceProfile created, executor resources: Map(cores -> name: cores, amount: 1, script: , vendor: , memory -> name: memory, amount: 1024, script: , vendor: , offHeap -> name: offHeap, amount: 0, script: , vendor: ), task resources: Map(cpus -> name: cpus, amount: 1.0)
[2024-01-30T03:25:31.674+0000] {spark_submit.py:571} INFO - 24/01/30 03:25:31 INFO ResourceProfile: Limiting resource is cpu
[2024-01-30T03:25:31.675+0000] {spark_submit.py:571} INFO - 24/01/30 03:25:31 INFO ResourceProfileManager: Added ResourceProfile id: 0
[2024-01-30T03:25:31.818+0000] {spark_submit.py:571} INFO - 24/01/30 03:25:31 INFO SecurityManager: Changing view acls to: juniortemgoua0
[2024-01-30T03:25:31.831+0000] {spark_submit.py:571} INFO - 24/01/30 03:25:31 INFO SecurityManager: Changing modify acls to: juniortemgoua0
[2024-01-30T03:25:31.832+0000] {spark_submit.py:571} INFO - 24/01/30 03:25:31 INFO SecurityManager: Changing view acls groups to:
[2024-01-30T03:25:31.833+0000] {spark_submit.py:571} INFO - 24/01/30 03:25:31 INFO SecurityManager: Changing modify acls groups to:
[2024-01-30T03:25:31.834+0000] {spark_submit.py:571} INFO - 24/01/30 03:25:31 INFO SecurityManager: SecurityManager: authentication disabled; ui acls disabled; users with view permissions: juniortemgoua0; groups with view permissions: EMPTY; users with modify permissions: juniortemgoua0; groups with modify permissions: EMPTY
[2024-01-30T03:25:32.503+0000] {spark_submit.py:571} INFO - 24/01/30 03:25:32 INFO Utils: Successfully started service 'sparkDriver' on port 41463.
[2024-01-30T03:25:32.628+0000] {spark_submit.py:571} INFO - 24/01/30 03:25:32 INFO SparkEnv: Registering MapOutputTracker
[2024-01-30T03:25:32.732+0000] {spark_submit.py:571} INFO - 24/01/30 03:25:32 INFO SparkEnv: Registering BlockManagerMaster
[2024-01-30T03:25:32.794+0000] {spark_submit.py:571} INFO - 24/01/30 03:25:32 INFO BlockManagerMasterEndpoint: Using org.apache.spark.storage.DefaultTopologyMapper for getting topology information
[2024-01-30T03:25:32.796+0000] {spark_submit.py:571} INFO - 24/01/30 03:25:32 INFO BlockManagerMasterEndpoint: BlockManagerMasterEndpoint up
[2024-01-30T03:25:32.824+0000] {spark_submit.py:571} INFO - 24/01/30 03:25:32 INFO SparkEnv: Registering BlockManagerMasterHeartbeat
[2024-01-30T03:25:32.883+0000] {spark_submit.py:571} INFO - 24/01/30 03:25:32 INFO DiskBlockManager: Created local directory at /tmp/blockmgr-164e272c-4982-4e0e-a5cb-892cc70a2440
[2024-01-30T03:25:32.926+0000] {spark_submit.py:571} INFO - 24/01/30 03:25:32 INFO MemoryStore: MemoryStore started with capacity 434.4 MiB
[2024-01-30T03:25:32.969+0000] {spark_submit.py:571} INFO - 24/01/30 03:25:32 INFO SparkEnv: Registering OutputCommitCoordinator
[2024-01-30T03:25:33.373+0000] {spark_submit.py:571} INFO - 24/01/30 03:25:33 INFO JettyUtils: Start Jetty 0.0.0.0:4040 for SparkUI
[2024-01-30T03:25:33.616+0000] {spark_submit.py:571} INFO - 24/01/30 03:25:33 INFO Utils: Successfully started service 'SparkUI' on port 4040.
[2024-01-30T03:25:33.740+0000] {spark_submit.py:571} INFO - 24/01/30 03:25:33 INFO SparkContext: Added JAR file:/home/juniortemgoua0/DataLake/jobs/processes/scala/spark_process/target/scala-2.12/spark_job_2.12-0.1.0.jar at spark://instance-1.europe-west9-a.c.data-lake-project-409321.internal:41463/jars/spark_job_2.12-0.1.0.jar with timestamp 1706585131241
[2024-01-30T03:25:33.953+0000] {spark_submit.py:571} INFO - 24/01/30 03:25:33 INFO Executor: Starting executor ID driver on host instance-1.europe-west9-a.c.data-lake-project-409321.internal
[2024-01-30T03:25:33.955+0000] {spark_submit.py:571} INFO - 24/01/30 03:25:33 INFO Executor: OS info Linux, 5.15.0-1049-gcp, amd64
[2024-01-30T03:25:33.956+0000] {spark_submit.py:571} INFO - 24/01/30 03:25:33 INFO Executor: Java version 17.0.9
[2024-01-30T03:25:34.040+0000] {spark_submit.py:571} INFO - 24/01/30 03:25:34 INFO Executor: Starting executor with user classpath (userClassPathFirst = false): ''
[2024-01-30T03:25:34.044+0000] {spark_submit.py:571} INFO - 24/01/30 03:25:34 INFO Executor: Created or updated repl class loader org.apache.spark.util.MutableURLClassLoader@135a8c6f for default.
[2024-01-30T03:25:34.094+0000] {spark_submit.py:571} INFO - 24/01/30 03:25:34 INFO Executor: Fetching spark://instance-1.europe-west9-a.c.data-lake-project-409321.internal:41463/jars/spark_job_2.12-0.1.0.jar with timestamp 1706585131241
[2024-01-30T03:25:34.343+0000] {spark_submit.py:571} INFO - 24/01/30 03:25:34 INFO TransportClientFactory: Successfully created connection to instance-1.europe-west9-a.c.data-lake-project-409321.internal/10.200.0.5:41463 after 162 ms (0 ms spent in bootstraps)
[2024-01-30T03:25:34.385+0000] {spark_submit.py:571} INFO - 24/01/30 03:25:34 INFO Utils: Fetching spark://instance-1.europe-west9-a.c.data-lake-project-409321.internal:41463/jars/spark_job_2.12-0.1.0.jar to /tmp/spark-f151be07-9ddf-465f-a57c-9ae3791a686d/userFiles-f07cff8d-2d49-4f23-beb9-ec1001ae1b37/fetchFileTemp12555729635393903865.tmp
[2024-01-30T03:25:34.468+0000] {spark_submit.py:571} INFO - 24/01/30 03:25:34 INFO Executor: Adding file:/tmp/spark-f151be07-9ddf-465f-a57c-9ae3791a686d/userFiles-f07cff8d-2d49-4f23-beb9-ec1001ae1b37/spark_job_2.12-0.1.0.jar to class loader default
[2024-01-30T03:25:34.481+0000] {spark_submit.py:571} INFO - 24/01/30 03:25:34 INFO Utils: Successfully started service 'org.apache.spark.network.netty.NettyBlockTransferService' on port 45907.
[2024-01-30T03:25:34.482+0000] {spark_submit.py:571} INFO - 24/01/30 03:25:34 INFO NettyBlockTransferService: Server created on instance-1.europe-west9-a.c.data-lake-project-409321.internal:45907
[2024-01-30T03:25:34.485+0000] {spark_submit.py:571} INFO - 24/01/30 03:25:34 INFO BlockManager: Using org.apache.spark.storage.RandomBlockReplicationPolicy for block replication policy
[2024-01-30T03:25:34.495+0000] {spark_submit.py:571} INFO - 24/01/30 03:25:34 INFO BlockManagerMaster: Registering BlockManager BlockManagerId(driver, instance-1.europe-west9-a.c.data-lake-project-409321.internal, 45907, None)
[2024-01-30T03:25:34.500+0000] {spark_submit.py:571} INFO - 24/01/30 03:25:34 INFO BlockManagerMasterEndpoint: Registering block manager instance-1.europe-west9-a.c.data-lake-project-409321.internal:45907 with 434.4 MiB RAM, BlockManagerId(driver, instance-1.europe-west9-a.c.data-lake-project-409321.internal, 45907, None)
[2024-01-30T03:25:34.502+0000] {spark_submit.py:571} INFO - 24/01/30 03:25:34 INFO BlockManagerMaster: Registered BlockManager BlockManagerId(driver, instance-1.europe-west9-a.c.data-lake-project-409321.internal, 45907, None)
[2024-01-30T03:25:34.504+0000] {spark_submit.py:571} INFO - 24/01/30 03:25:34 INFO BlockManager: Initialized BlockManager: BlockManagerId(driver, instance-1.europe-west9-a.c.data-lake-project-409321.internal, 45907, None)
[2024-01-30T03:25:35.951+0000] {spark_submit.py:571} INFO - 24/01/30 03:25:35 INFO SharedState: Setting hive.metastore.warehouse.dir ('null') to the value of spark.sql.warehouse.dir.
[2024-01-30T03:25:35.961+0000] {spark_submit.py:571} INFO - 24/01/30 03:25:35 INFO SharedState: Warehouse path is 'file:/home/juniortemgoua0/DataLake/spark-warehouse'.
[2024-01-30T03:25:37.635+0000] {spark_submit.py:571} INFO - ************************************************
[2024-01-30T03:25:37.637+0000] {spark_submit.py:571} INFO - Date d'exécution  : 2024-01-03
[2024-01-30T03:25:37.638+0000] {spark_submit.py:571} INFO - ************************************************
[2024-01-30T03:25:38.971+0000] {spark_submit.py:571} INFO - 24/01/30 03:25:38 WARN FileStreamSink: Assume no metadata directory. Error while looking for metadata directory in the path: hdfs://localhost:9000/data-lake/raw/football_data/competitions/2024-01-03/*.json.
[2024-01-30T03:25:38.971+0000] {spark_submit.py:571} INFO - java.net.ConnectException: Call From instance-1/10.200.0.5 to localhost:9000 failed on connection exception: java.net.ConnectException: Connection refused; For more details see:  http://wiki.apache.org/hadoop/ConnectionRefused
[2024-01-30T03:25:38.972+0000] {spark_submit.py:571} INFO - at java.base/jdk.internal.reflect.NativeConstructorAccessorImpl.newInstance0(Native Method)
[2024-01-30T03:25:38.972+0000] {spark_submit.py:571} INFO - at java.base/jdk.internal.reflect.NativeConstructorAccessorImpl.newInstance(NativeConstructorAccessorImpl.java:77)
[2024-01-30T03:25:38.972+0000] {spark_submit.py:571} INFO - at java.base/jdk.internal.reflect.DelegatingConstructorAccessorImpl.newInstance(DelegatingConstructorAccessorImpl.java:45)
[2024-01-30T03:25:38.972+0000] {spark_submit.py:571} INFO - at java.base/java.lang.reflect.Constructor.newInstanceWithCaller(Constructor.java:499)
[2024-01-30T03:25:38.972+0000] {spark_submit.py:571} INFO - at java.base/java.lang.reflect.Constructor.newInstance(Constructor.java:480)
[2024-01-30T03:25:38.972+0000] {spark_submit.py:571} INFO - at org.apache.hadoop.net.NetUtils.wrapWithMessage(NetUtils.java:913)
[2024-01-30T03:25:38.973+0000] {spark_submit.py:571} INFO - at org.apache.hadoop.net.NetUtils.wrapException(NetUtils.java:828)
[2024-01-30T03:25:38.973+0000] {spark_submit.py:571} INFO - at org.apache.hadoop.ipc.Client.getRpcResponse(Client.java:1616)
[2024-01-30T03:25:38.973+0000] {spark_submit.py:571} INFO - at org.apache.hadoop.ipc.Client.call(Client.java:1558)
[2024-01-30T03:25:38.973+0000] {spark_submit.py:571} INFO - at org.apache.hadoop.ipc.Client.call(Client.java:1455)
[2024-01-30T03:25:38.973+0000] {spark_submit.py:571} INFO - at org.apache.hadoop.ipc.ProtobufRpcEngine2$Invoker.invoke(ProtobufRpcEngine2.java:242)
[2024-01-30T03:25:38.973+0000] {spark_submit.py:571} INFO - at org.apache.hadoop.ipc.ProtobufRpcEngine2$Invoker.invoke(ProtobufRpcEngine2.java:129)
[2024-01-30T03:25:38.974+0000] {spark_submit.py:571} INFO - at jdk.proxy2/jdk.proxy2.$Proxy34.getFileInfo(Unknown Source)
[2024-01-30T03:25:38.974+0000] {spark_submit.py:571} INFO - at org.apache.hadoop.hdfs.protocolPB.ClientNamenodeProtocolTranslatorPB.getFileInfo(ClientNamenodeProtocolTranslatorPB.java:965)
[2024-01-30T03:25:38.974+0000] {spark_submit.py:571} INFO - at java.base/jdk.internal.reflect.NativeMethodAccessorImpl.invoke0(Native Method)
[2024-01-30T03:25:38.975+0000] {spark_submit.py:571} INFO - at java.base/jdk.internal.reflect.NativeMethodAccessorImpl.invoke(NativeMethodAccessorImpl.java:77)
[2024-01-30T03:25:38.975+0000] {spark_submit.py:571} INFO - at java.base/jdk.internal.reflect.DelegatingMethodAccessorImpl.invoke(DelegatingMethodAccessorImpl.java:43)
[2024-01-30T03:25:38.975+0000] {spark_submit.py:571} INFO - at java.base/java.lang.reflect.Method.invoke(Method.java:568)
[2024-01-30T03:25:38.975+0000] {spark_submit.py:571} INFO - at org.apache.hadoop.io.retry.RetryInvocationHandler.invokeMethod(RetryInvocationHandler.java:422)
[2024-01-30T03:25:38.976+0000] {spark_submit.py:571} INFO - at org.apache.hadoop.io.retry.RetryInvocationHandler$Call.invokeMethod(RetryInvocationHandler.java:165)
[2024-01-30T03:25:38.976+0000] {spark_submit.py:571} INFO - at org.apache.hadoop.io.retry.RetryInvocationHandler$Call.invoke(RetryInvocationHandler.java:157)
[2024-01-30T03:25:38.976+0000] {spark_submit.py:571} INFO - at org.apache.hadoop.io.retry.RetryInvocationHandler$Call.invokeOnce(RetryInvocationHandler.java:95)
[2024-01-30T03:25:38.976+0000] {spark_submit.py:571} INFO - at org.apache.hadoop.io.retry.RetryInvocationHandler.invoke(RetryInvocationHandler.java:359)
[2024-01-30T03:25:38.976+0000] {spark_submit.py:571} INFO - at jdk.proxy2/jdk.proxy2.$Proxy35.getFileInfo(Unknown Source)
[2024-01-30T03:25:38.976+0000] {spark_submit.py:571} INFO - at org.apache.hadoop.hdfs.DFSClient.getFileInfo(DFSClient.java:1739)
[2024-01-30T03:25:38.977+0000] {spark_submit.py:571} INFO - at org.apache.hadoop.hdfs.DistributedFileSystem$29.doCall(DistributedFileSystem.java:1753)
[2024-01-30T03:25:38.977+0000] {spark_submit.py:571} INFO - at org.apache.hadoop.hdfs.DistributedFileSystem$29.doCall(DistributedFileSystem.java:1750)
[2024-01-30T03:25:38.978+0000] {spark_submit.py:571} INFO - at org.apache.hadoop.fs.FileSystemLinkResolver.resolve(FileSystemLinkResolver.java:81)
[2024-01-30T03:25:38.978+0000] {spark_submit.py:571} INFO - at org.apache.hadoop.hdfs.DistributedFileSystem.getFileStatus(DistributedFileSystem.java:1765)
[2024-01-30T03:25:38.978+0000] {spark_submit.py:571} INFO - at org.apache.hadoop.fs.FileSystem.isDirectory(FileSystem.java:1777)
[2024-01-30T03:25:38.984+0000] {spark_submit.py:571} INFO - at org.apache.spark.sql.execution.streaming.FileStreamSink$.hasMetadata(FileStreamSink.scala:54)
[2024-01-30T03:25:38.984+0000] {spark_submit.py:571} INFO - at org.apache.spark.sql.execution.datasources.DataSource.resolveRelation(DataSource.scala:366)
[2024-01-30T03:25:38.985+0000] {spark_submit.py:571} INFO - at org.apache.spark.sql.DataFrameReader.loadV1Source(DataFrameReader.scala:229)
[2024-01-30T03:25:38.985+0000] {spark_submit.py:571} INFO - at org.apache.spark.sql.DataFrameReader.$anonfun$load$2(DataFrameReader.scala:211)
[2024-01-30T03:25:38.985+0000] {spark_submit.py:571} INFO - at scala.Option.getOrElse(Option.scala:189)
[2024-01-30T03:25:38.985+0000] {spark_submit.py:571} INFO - at org.apache.spark.sql.DataFrameReader.load(DataFrameReader.scala:211)
[2024-01-30T03:25:38.985+0000] {spark_submit.py:571} INFO - at org.apache.spark.sql.DataFrameReader.json(DataFrameReader.scala:362)
[2024-01-30T03:25:38.986+0000] {spark_submit.py:571} INFO - at org.apache.spark.sql.DataFrameReader.json(DataFrameReader.scala:341)
[2024-01-30T03:25:38.986+0000] {spark_submit.py:571} INFO - at RawToFormatted$.formattedCompetition(RawToFormatted.scala:39)
[2024-01-30T03:25:38.986+0000] {spark_submit.py:571} INFO - at RawToFormatted$.main(RawToFormatted.scala:26)
[2024-01-30T03:25:38.986+0000] {spark_submit.py:571} INFO - at RawToFormatted.main(RawToFormatted.scala)
[2024-01-30T03:25:38.986+0000] {spark_submit.py:571} INFO - at java.base/jdk.internal.reflect.NativeMethodAccessorImpl.invoke0(Native Method)
[2024-01-30T03:25:38.986+0000] {spark_submit.py:571} INFO - at java.base/jdk.internal.reflect.NativeMethodAccessorImpl.invoke(NativeMethodAccessorImpl.java:77)
[2024-01-30T03:25:38.987+0000] {spark_submit.py:571} INFO - at java.base/jdk.internal.reflect.DelegatingMethodAccessorImpl.invoke(DelegatingMethodAccessorImpl.java:43)
[2024-01-30T03:25:38.987+0000] {spark_submit.py:571} INFO - at java.base/java.lang.reflect.Method.invoke(Method.java:568)
[2024-01-30T03:25:38.987+0000] {spark_submit.py:571} INFO - at org.apache.spark.deploy.JavaMainApplication.start(SparkApplication.scala:52)
[2024-01-30T03:25:38.987+0000] {spark_submit.py:571} INFO - at org.apache.spark.deploy.SparkSubmit.org$apache$spark$deploy$SparkSubmit$$runMain(SparkSubmit.scala:1029)
[2024-01-30T03:25:38.987+0000] {spark_submit.py:571} INFO - at org.apache.spark.deploy.SparkSubmit.doRunMain$1(SparkSubmit.scala:194)
[2024-01-30T03:25:38.987+0000] {spark_submit.py:571} INFO - at org.apache.spark.deploy.SparkSubmit.submit(SparkSubmit.scala:217)
[2024-01-30T03:25:38.988+0000] {spark_submit.py:571} INFO - at org.apache.spark.deploy.SparkSubmit.doSubmit(SparkSubmit.scala:91)
[2024-01-30T03:25:38.988+0000] {spark_submit.py:571} INFO - at org.apache.spark.deploy.SparkSubmit$$anon$2.doSubmit(SparkSubmit.scala:1120)
[2024-01-30T03:25:38.988+0000] {spark_submit.py:571} INFO - at org.apache.spark.deploy.SparkSubmit$.main(SparkSubmit.scala:1129)
[2024-01-30T03:25:38.988+0000] {spark_submit.py:571} INFO - at org.apache.spark.deploy.SparkSubmit.main(SparkSubmit.scala)
[2024-01-30T03:25:38.988+0000] {spark_submit.py:571} INFO - Caused by: java.net.ConnectException: Connection refused
[2024-01-30T03:25:38.988+0000] {spark_submit.py:571} INFO - at java.base/sun.nio.ch.Net.pollConnect(Native Method)
[2024-01-30T03:25:38.989+0000] {spark_submit.py:571} INFO - at java.base/sun.nio.ch.Net.pollConnectNow(Net.java:672)
[2024-01-30T03:25:38.989+0000] {spark_submit.py:571} INFO - at java.base/sun.nio.ch.SocketChannelImpl.finishConnect(SocketChannelImpl.java:946)
[2024-01-30T03:25:38.989+0000] {spark_submit.py:571} INFO - at org.apache.hadoop.net.SocketIOWithTimeout.connect(SocketIOWithTimeout.java:205)
[2024-01-30T03:25:38.989+0000] {spark_submit.py:571} INFO - at org.apache.hadoop.net.NetUtils.connect(NetUtils.java:586)
[2024-01-30T03:25:38.989+0000] {spark_submit.py:571} INFO - at org.apache.hadoop.ipc.Client$Connection.setupConnection(Client.java:711)
[2024-01-30T03:25:38.989+0000] {spark_submit.py:571} INFO - at org.apache.hadoop.ipc.Client$Connection.setupIOstreams(Client.java:833)
[2024-01-30T03:25:38.990+0000] {spark_submit.py:571} INFO - at org.apache.hadoop.ipc.Client$Connection.access$3800(Client.java:414)
[2024-01-30T03:25:38.990+0000] {spark_submit.py:571} INFO - at org.apache.hadoop.ipc.Client.getConnection(Client.java:1677)
[2024-01-30T03:25:38.990+0000] {spark_submit.py:571} INFO - at org.apache.hadoop.ipc.Client.call(Client.java:1502)
[2024-01-30T03:25:38.990+0000] {spark_submit.py:571} INFO - ... 44 more
[2024-01-30T03:25:39.079+0000] {spark_submit.py:571} INFO - Exception in thread "main" java.net.ConnectException: Call From instance-1/10.200.0.5 to localhost:9000 failed on connection exception: java.net.ConnectException: Connection refused; For more details see:  http://wiki.apache.org/hadoop/ConnectionRefused
[2024-01-30T03:25:39.080+0000] {spark_submit.py:571} INFO - at java.base/jdk.internal.reflect.NativeConstructorAccessorImpl.newInstance0(Native Method)
[2024-01-30T03:25:39.080+0000] {spark_submit.py:571} INFO - at java.base/jdk.internal.reflect.NativeConstructorAccessorImpl.newInstance(NativeConstructorAccessorImpl.java:77)
[2024-01-30T03:25:39.080+0000] {spark_submit.py:571} INFO - at java.base/jdk.internal.reflect.DelegatingConstructorAccessorImpl.newInstance(DelegatingConstructorAccessorImpl.java:45)
[2024-01-30T03:25:39.080+0000] {spark_submit.py:571} INFO - at java.base/java.lang.reflect.Constructor.newInstanceWithCaller(Constructor.java:499)
[2024-01-30T03:25:39.081+0000] {spark_submit.py:571} INFO - at java.base/java.lang.reflect.Constructor.newInstance(Constructor.java:480)
[2024-01-30T03:25:39.081+0000] {spark_submit.py:571} INFO - at org.apache.hadoop.net.NetUtils.wrapWithMessage(NetUtils.java:913)
[2024-01-30T03:25:39.081+0000] {spark_submit.py:571} INFO - at org.apache.hadoop.net.NetUtils.wrapException(NetUtils.java:828)
[2024-01-30T03:25:39.081+0000] {spark_submit.py:571} INFO - at org.apache.hadoop.ipc.Client.getRpcResponse(Client.java:1616)
[2024-01-30T03:25:39.081+0000] {spark_submit.py:571} INFO - at org.apache.hadoop.ipc.Client.call(Client.java:1558)
[2024-01-30T03:25:39.081+0000] {spark_submit.py:571} INFO - at org.apache.hadoop.ipc.Client.call(Client.java:1455)
[2024-01-30T03:25:39.082+0000] {spark_submit.py:571} INFO - at org.apache.hadoop.ipc.ProtobufRpcEngine2$Invoker.invoke(ProtobufRpcEngine2.java:242)
[2024-01-30T03:25:39.082+0000] {spark_submit.py:571} INFO - at org.apache.hadoop.ipc.ProtobufRpcEngine2$Invoker.invoke(ProtobufRpcEngine2.java:129)
[2024-01-30T03:25:39.082+0000] {spark_submit.py:571} INFO - at jdk.proxy2/jdk.proxy2.$Proxy34.getListing(Unknown Source)
[2024-01-30T03:25:39.082+0000] {spark_submit.py:571} INFO - at org.apache.hadoop.hdfs.protocolPB.ClientNamenodeProtocolTranslatorPB.getListing(ClientNamenodeProtocolTranslatorPB.java:688)
[2024-01-30T03:25:39.083+0000] {spark_submit.py:571} INFO - at java.base/jdk.internal.reflect.NativeMethodAccessorImpl.invoke0(Native Method)
[2024-01-30T03:25:39.083+0000] {spark_submit.py:571} INFO - at java.base/jdk.internal.reflect.NativeMethodAccessorImpl.invoke(NativeMethodAccessorImpl.java:77)
[2024-01-30T03:25:39.083+0000] {spark_submit.py:571} INFO - at java.base/jdk.internal.reflect.DelegatingMethodAccessorImpl.invoke(DelegatingMethodAccessorImpl.java:43)
[2024-01-30T03:25:39.083+0000] {spark_submit.py:571} INFO - at java.base/java.lang.reflect.Method.invoke(Method.java:568)
[2024-01-30T03:25:39.083+0000] {spark_submit.py:571} INFO - at org.apache.hadoop.io.retry.RetryInvocationHandler.invokeMethod(RetryInvocationHandler.java:422)
[2024-01-30T03:25:39.084+0000] {spark_submit.py:571} INFO - at org.apache.hadoop.io.retry.RetryInvocationHandler$Call.invokeMethod(RetryInvocationHandler.java:165)
[2024-01-30T03:25:39.084+0000] {spark_submit.py:571} INFO - at org.apache.hadoop.io.retry.RetryInvocationHandler$Call.invoke(RetryInvocationHandler.java:157)
[2024-01-30T03:25:39.084+0000] {spark_submit.py:571} INFO - at org.apache.hadoop.io.retry.RetryInvocationHandler$Call.invokeOnce(RetryInvocationHandler.java:95)
[2024-01-30T03:25:39.084+0000] {spark_submit.py:571} INFO - at org.apache.hadoop.io.retry.RetryInvocationHandler.invoke(RetryInvocationHandler.java:359)
[2024-01-30T03:25:39.084+0000] {spark_submit.py:571} INFO - at jdk.proxy2/jdk.proxy2.$Proxy35.getListing(Unknown Source)
[2024-01-30T03:25:39.084+0000] {spark_submit.py:571} INFO - at org.apache.hadoop.hdfs.DFSClient.listPaths(DFSClient.java:1702)
[2024-01-30T03:25:39.085+0000] {spark_submit.py:571} INFO - at org.apache.hadoop.hdfs.DFSClient.listPaths(DFSClient.java:1686)
[2024-01-30T03:25:39.085+0000] {spark_submit.py:571} INFO - at org.apache.hadoop.hdfs.DistributedFileSystem.listStatusInternal(DistributedFileSystem.java:1100)
[2024-01-30T03:25:39.085+0000] {spark_submit.py:571} INFO - at org.apache.hadoop.hdfs.DistributedFileSystem.access$600(DistributedFileSystem.java:147)
[2024-01-30T03:25:39.085+0000] {spark_submit.py:571} INFO - at org.apache.hadoop.hdfs.DistributedFileSystem$24.doCall(DistributedFileSystem.java:1175)
[2024-01-30T03:25:39.085+0000] {spark_submit.py:571} INFO - at org.apache.hadoop.hdfs.DistributedFileSystem$24.doCall(DistributedFileSystem.java:1172)
[2024-01-30T03:25:39.085+0000] {spark_submit.py:571} INFO - at org.apache.hadoop.fs.FileSystemLinkResolver.resolve(FileSystemLinkResolver.java:81)
[2024-01-30T03:25:39.085+0000] {spark_submit.py:571} INFO - at org.apache.hadoop.hdfs.DistributedFileSystem.listStatus(DistributedFileSystem.java:1182)
[2024-01-30T03:25:39.085+0000] {spark_submit.py:571} INFO - at org.apache.hadoop.fs.Globber.listStatus(Globber.java:128)
[2024-01-30T03:25:39.086+0000] {spark_submit.py:571} INFO - at org.apache.hadoop.fs.Globber.doGlob(Globber.java:291)
[2024-01-30T03:25:39.086+0000] {spark_submit.py:571} INFO - at org.apache.hadoop.fs.Globber.glob(Globber.java:202)
[2024-01-30T03:25:39.086+0000] {spark_submit.py:571} INFO - at org.apache.hadoop.fs.FileSystem.globStatus(FileSystem.java:2124)
[2024-01-30T03:25:39.086+0000] {spark_submit.py:571} INFO - at org.apache.spark.deploy.SparkHadoopUtil.globPath(SparkHadoopUtil.scala:238)
[2024-01-30T03:25:39.086+0000] {spark_submit.py:571} INFO - at org.apache.spark.sql.execution.datasources.DataSource$.$anonfun$checkAndGlobPathIfNecessary$3(DataSource.scala:737)
[2024-01-30T03:25:39.086+0000] {spark_submit.py:571} INFO - at org.apache.spark.util.ThreadUtils$.$anonfun$parmap$2(ThreadUtils.scala:380)
[2024-01-30T03:25:39.090+0000] {spark_submit.py:571} INFO - at scala.concurrent.Future$.$anonfun$apply$1(Future.scala:659)
[2024-01-30T03:25:39.090+0000] {spark_submit.py:571} INFO - at scala.util.Success.$anonfun$map$1(Try.scala:255)
[2024-01-30T03:25:39.090+0000] {spark_submit.py:571} INFO - at scala.util.Success.map(Try.scala:213)
[2024-01-30T03:25:39.090+0000] {spark_submit.py:571} INFO - at scala.concurrent.Future.$anonfun$map$1(Future.scala:292)
[2024-01-30T03:25:39.092+0000] {spark_submit.py:571} INFO - at scala.concurrent.impl.Promise.liftedTree1$1(Promise.scala:33)
[2024-01-30T03:25:39.092+0000] {spark_submit.py:571} INFO - at scala.concurrent.impl.Promise.$anonfun$transform$1(Promise.scala:33)
[2024-01-30T03:25:39.092+0000] {spark_submit.py:571} INFO - at scala.concurrent.impl.CallbackRunnable.run(Promise.scala:64)
[2024-01-30T03:25:39.092+0000] {spark_submit.py:571} INFO - at java.base/java.util.concurrent.ForkJoinTask$RunnableExecuteAction.exec(ForkJoinTask.java:1395)
[2024-01-30T03:25:39.093+0000] {spark_submit.py:571} INFO - at java.base/java.util.concurrent.ForkJoinTask.doExec(ForkJoinTask.java:373)
[2024-01-30T03:25:39.093+0000] {spark_submit.py:571} INFO - at java.base/java.util.concurrent.ForkJoinPool$WorkQueue.topLevelExec(ForkJoinPool.java:1182)
[2024-01-30T03:25:39.093+0000] {spark_submit.py:571} INFO - at java.base/java.util.concurrent.ForkJoinPool.scan(ForkJoinPool.java:1655)
[2024-01-30T03:25:39.096+0000] {spark_submit.py:571} INFO - at java.base/java.util.concurrent.ForkJoinPool.runWorker(ForkJoinPool.java:1622)
[2024-01-30T03:25:39.097+0000] {spark_submit.py:571} INFO - at java.base/java.util.concurrent.ForkJoinWorkerThread.run(ForkJoinWorkerThread.java:165)
[2024-01-30T03:25:39.097+0000] {spark_submit.py:571} INFO - Caused by: java.net.ConnectException: Connection refused
[2024-01-30T03:25:39.097+0000] {spark_submit.py:571} INFO - at java.base/sun.nio.ch.Net.pollConnect(Native Method)
[2024-01-30T03:25:39.097+0000] {spark_submit.py:571} INFO - at java.base/sun.nio.ch.Net.pollConnectNow(Net.java:672)
[2024-01-30T03:25:39.097+0000] {spark_submit.py:571} INFO - at java.base/sun.nio.ch.SocketChannelImpl.finishConnect(SocketChannelImpl.java:946)
[2024-01-30T03:25:39.101+0000] {spark_submit.py:571} INFO - at org.apache.hadoop.net.SocketIOWithTimeout.connect(SocketIOWithTimeout.java:205)
[2024-01-30T03:25:39.101+0000] {spark_submit.py:571} INFO - at org.apache.hadoop.net.NetUtils.connect(NetUtils.java:586)
[2024-01-30T03:25:39.101+0000] {spark_submit.py:571} INFO - at org.apache.hadoop.ipc.Client$Connection.setupConnection(Client.java:711)
[2024-01-30T03:25:39.101+0000] {spark_submit.py:571} INFO - at org.apache.hadoop.ipc.Client$Connection.setupIOstreams(Client.java:833)
[2024-01-30T03:25:39.101+0000] {spark_submit.py:571} INFO - at org.apache.hadoop.ipc.Client$Connection.access$3800(Client.java:414)
[2024-01-30T03:25:39.102+0000] {spark_submit.py:571} INFO - at org.apache.hadoop.ipc.Client.getConnection(Client.java:1677)
[2024-01-30T03:25:39.103+0000] {spark_submit.py:571} INFO - at org.apache.hadoop.ipc.Client.call(Client.java:1502)
[2024-01-30T03:25:39.103+0000] {spark_submit.py:571} INFO - ... 43 more
[2024-01-30T03:25:39.106+0000] {spark_submit.py:571} INFO - 24/01/30 03:25:39 INFO SparkContext: Invoking stop() from shutdown hook
[2024-01-30T03:25:39.107+0000] {spark_submit.py:571} INFO - 24/01/30 03:25:39 INFO SparkContext: SparkContext is stopping with exitCode 0.
[2024-01-30T03:25:39.144+0000] {spark_submit.py:571} INFO - 24/01/30 03:25:39 INFO SparkUI: Stopped Spark web UI at http://instance-1.europe-west9-a.c.data-lake-project-409321.internal:4040
[2024-01-30T03:25:39.171+0000] {spark_submit.py:571} INFO - 24/01/30 03:25:39 INFO MapOutputTrackerMasterEndpoint: MapOutputTrackerMasterEndpoint stopped!
[2024-01-30T03:25:39.225+0000] {spark_submit.py:571} INFO - 24/01/30 03:25:39 INFO MemoryStore: MemoryStore cleared
[2024-01-30T03:25:39.226+0000] {spark_submit.py:571} INFO - 24/01/30 03:25:39 INFO BlockManager: BlockManager stopped
[2024-01-30T03:25:39.244+0000] {spark_submit.py:571} INFO - 24/01/30 03:25:39 INFO BlockManagerMaster: BlockManagerMaster stopped
[2024-01-30T03:25:39.248+0000] {spark_submit.py:571} INFO - 24/01/30 03:25:39 INFO OutputCommitCoordinator$OutputCommitCoordinatorEndpoint: OutputCommitCoordinator stopped!
[2024-01-30T03:25:39.284+0000] {spark_submit.py:571} INFO - 24/01/30 03:25:39 INFO SparkContext: Successfully stopped SparkContext
[2024-01-30T03:25:39.285+0000] {spark_submit.py:571} INFO - 24/01/30 03:25:39 INFO ShutdownHookManager: Shutdown hook called
[2024-01-30T03:25:39.286+0000] {spark_submit.py:571} INFO - 24/01/30 03:25:39 INFO ShutdownHookManager: Deleting directory /tmp/spark-df70ef43-ad5d-4888-a723-f1c0c9c2ff6c
[2024-01-30T03:25:39.299+0000] {spark_submit.py:571} INFO - 24/01/30 03:25:39 INFO ShutdownHookManager: Deleting directory /tmp/spark-f151be07-9ddf-465f-a57c-9ae3791a686d
[2024-01-30T03:25:39.424+0000] {taskinstance.py:2698} ERROR - Task failed with exception
Traceback (most recent call last):
  File "/home/juniortemgoua0/DataLake/venv/lib/python3.8/site-packages/airflow/models/taskinstance.py", line 433, in _execute_task
    result = execute_callable(context=context, **execute_callable_kwargs)
  File "/home/juniortemgoua0/DataLake/venv/lib/python3.8/site-packages/airflow/providers/apache/spark/operators/spark_submit.py", line 174, in execute
    self._hook.submit(self._application)
  File "/home/juniortemgoua0/DataLake/venv/lib/python3.8/site-packages/airflow/providers/apache/spark/hooks/spark_submit.py", line 502, in submit
    raise AirflowException(
airflow.exceptions.AirflowException: Cannot execute: spark-submit --master local[*] --conf spark.airflow.execution_date=2024-01-03 --name arrow-spark --class RawToFormatted --queue root.default --deploy-mode client /home/juniortemgoua0/DataLake/jobs/processes/scala/spark_process/target/scala-2.12/spark_job_2.12-0.1.0.jar hdfs://localhost:9000/data-lake. Error code is: 1.
[2024-01-30T03:25:39.432+0000] {taskinstance.py:1138} INFO - Marking task as UP_FOR_RETRY. dag_id=manage_data_lake_dag, task_id=local_job_raw_to_formatted, execution_date=20240103T000000, start_date=20240130T032528, end_date=20240130T032539
[2024-01-30T03:25:39.464+0000] {standard_task_runner.py:107} ERROR - Failed to execute job 181 for task local_job_raw_to_formatted (Cannot execute: spark-submit --master local[*] --conf spark.airflow.execution_date=2024-01-03 --name arrow-spark --class RawToFormatted --queue root.default --deploy-mode client /home/juniortemgoua0/DataLake/jobs/processes/scala/spark_process/target/scala-2.12/spark_job_2.12-0.1.0.jar hdfs://localhost:9000/data-lake. Error code is: 1.; 31146)
[2024-01-30T03:25:39.518+0000] {local_task_job_runner.py:234} INFO - Task exited with return code 1
[2024-01-30T03:25:39.574+0000] {taskinstance.py:3280} INFO - 0 downstream tasks scheduled from follow-on schedule check
