[2024-01-30T12:38:12.252+0000] {taskinstance.py:1956} INFO - Dependencies all met for dep_context=non-requeueable deps ti=<TaskInstance: manage_data_lake_dag.local_job_raw_to_formatted scheduled__2024-01-03T00:00:00+00:00 [queued]>
[2024-01-30T12:38:12.259+0000] {taskinstance.py:1956} INFO - Dependencies all met for dep_context=requeueable deps ti=<TaskInstance: manage_data_lake_dag.local_job_raw_to_formatted scheduled__2024-01-03T00:00:00+00:00 [queued]>
[2024-01-30T12:38:12.259+0000] {taskinstance.py:2170} INFO - Starting attempt 4 of 6
[2024-01-30T12:38:12.274+0000] {taskinstance.py:2191} INFO - Executing <Task(SparkSubmitOperator): local_job_raw_to_formatted> on 2024-01-03 00:00:00+00:00
[2024-01-30T12:38:12.279+0000] {standard_task_runner.py:60} INFO - Started process 27421 to run task
[2024-01-30T12:38:12.288+0000] {standard_task_runner.py:87} INFO - Running: ['airflow', 'tasks', 'run', 'manage_data_lake_dag', 'local_job_raw_to_formatted', 'scheduled__2024-01-03T00:00:00+00:00', '--job-id', '201', '--raw', '--subdir', 'DAGS_FOLDER/data_lake_dag.py', '--cfg-path', '/tmp/tmpz2ej95ph']
[2024-01-30T12:38:12.291+0000] {standard_task_runner.py:88} INFO - Job 201: Subtask local_job_raw_to_formatted
[2024-01-30T12:38:12.342+0000] {task_command.py:423} INFO - Running <TaskInstance: manage_data_lake_dag.local_job_raw_to_formatted scheduled__2024-01-03T00:00:00+00:00 [running]> on host instance-1.europe-west9-a.c.data-lake-project-409321.internal
[2024-01-30T12:38:12.411+0000] {taskinstance.py:2480} INFO - Exporting env vars: AIRFLOW_CTX_DAG_OWNER='juniortemgoua0' AIRFLOW_CTX_DAG_ID='manage_data_lake_dag' AIRFLOW_CTX_TASK_ID='local_job_raw_to_formatted' AIRFLOW_CTX_EXECUTION_DATE='2024-01-03T00:00:00+00:00' AIRFLOW_CTX_TRY_NUMBER='4' AIRFLOW_CTX_DAG_RUN_ID='scheduled__2024-01-03T00:00:00+00:00'
[2024-01-30T12:38:12.419+0000] {base.py:83} INFO - Using connection ID 'spark_default' for task execution.
[2024-01-30T12:38:12.421+0000] {spark_submit.py:401} INFO - Spark-Submit cmd: spark-submit --master local[*] --conf spark.airflow.execution_date=2024-01-03 --name arrow-spark --class RawToFormatted --queue root.default --deploy-mode client /home/juniortemgoua0/DataLake/jobs/processes/scala/spark_process/target/scala-2.12/spark_job_2.12-0.1.0.jar hdfs://localhost:9000/data-lake
[2024-01-30T12:38:15.567+0000] {spark_submit.py:571} INFO - 24/01/30 12:38:15 INFO SparkContext: Running Spark version 3.5.0
[2024-01-30T12:38:15.573+0000] {spark_submit.py:571} INFO - 24/01/30 12:38:15 INFO SparkContext: OS info Linux, 5.15.0-1049-gcp, amd64
[2024-01-30T12:38:15.574+0000] {spark_submit.py:571} INFO - 24/01/30 12:38:15 INFO SparkContext: Java version 17.0.9
[2024-01-30T12:38:15.720+0000] {spark_submit.py:571} INFO - 24/01/30 12:38:15 WARN NativeCodeLoader: Unable to load native-hadoop library for your platform... using builtin-java classes where applicable
[2024-01-30T12:38:15.905+0000] {spark_submit.py:571} INFO - 24/01/30 12:38:15 INFO ResourceUtils: ==============================================================
[2024-01-30T12:38:15.909+0000] {spark_submit.py:571} INFO - 24/01/30 12:38:15 INFO ResourceUtils: No custom resources configured for spark.driver.
[2024-01-30T12:38:15.910+0000] {spark_submit.py:571} INFO - 24/01/30 12:38:15 INFO ResourceUtils: ==============================================================
[2024-01-30T12:38:15.911+0000] {spark_submit.py:571} INFO - 24/01/30 12:38:15 INFO SparkContext: Submitted application: RawToFormatted
[2024-01-30T12:38:15.963+0000] {spark_submit.py:571} INFO - 24/01/30 12:38:15 INFO ResourceProfile: Default ResourceProfile created, executor resources: Map(cores -> name: cores, amount: 1, script: , vendor: , memory -> name: memory, amount: 1024, script: , vendor: , offHeap -> name: offHeap, amount: 0, script: , vendor: ), task resources: Map(cpus -> name: cpus, amount: 1.0)
[2024-01-30T12:38:15.978+0000] {spark_submit.py:571} INFO - 24/01/30 12:38:15 INFO ResourceProfile: Limiting resource is cpu
[2024-01-30T12:38:15.980+0000] {spark_submit.py:571} INFO - 24/01/30 12:38:15 INFO ResourceProfileManager: Added ResourceProfile id: 0
[2024-01-30T12:38:16.092+0000] {spark_submit.py:571} INFO - 24/01/30 12:38:16 INFO SecurityManager: Changing view acls to: juniortemgoua0
[2024-01-30T12:38:16.093+0000] {spark_submit.py:571} INFO - 24/01/30 12:38:16 INFO SecurityManager: Changing modify acls to: juniortemgoua0
[2024-01-30T12:38:16.095+0000] {spark_submit.py:571} INFO - 24/01/30 12:38:16 INFO SecurityManager: Changing view acls groups to:
[2024-01-30T12:38:16.096+0000] {spark_submit.py:571} INFO - 24/01/30 12:38:16 INFO SecurityManager: Changing modify acls groups to:
[2024-01-30T12:38:16.097+0000] {spark_submit.py:571} INFO - 24/01/30 12:38:16 INFO SecurityManager: SecurityManager: authentication disabled; ui acls disabled; users with view permissions: juniortemgoua0; groups with view permissions: EMPTY; users with modify permissions: juniortemgoua0; groups with modify permissions: EMPTY
[2024-01-30T12:38:16.550+0000] {spark_submit.py:571} INFO - 24/01/30 12:38:16 INFO Utils: Successfully started service 'sparkDriver' on port 36935.
[2024-01-30T12:38:16.604+0000] {spark_submit.py:571} INFO - 24/01/30 12:38:16 INFO SparkEnv: Registering MapOutputTracker
[2024-01-30T12:38:16.679+0000] {spark_submit.py:571} INFO - 24/01/30 12:38:16 INFO SparkEnv: Registering BlockManagerMaster
[2024-01-30T12:38:16.710+0000] {spark_submit.py:571} INFO - 24/01/30 12:38:16 INFO BlockManagerMasterEndpoint: Using org.apache.spark.storage.DefaultTopologyMapper for getting topology information
[2024-01-30T12:38:16.712+0000] {spark_submit.py:571} INFO - 24/01/30 12:38:16 INFO BlockManagerMasterEndpoint: BlockManagerMasterEndpoint up
[2024-01-30T12:38:16.717+0000] {spark_submit.py:571} INFO - 24/01/30 12:38:16 INFO SparkEnv: Registering BlockManagerMasterHeartbeat
[2024-01-30T12:38:16.741+0000] {spark_submit.py:571} INFO - 24/01/30 12:38:16 INFO DiskBlockManager: Created local directory at /tmp/blockmgr-6b271260-b5fd-4e8f-9dfe-641e88f6695e
[2024-01-30T12:38:16.760+0000] {spark_submit.py:571} INFO - 24/01/30 12:38:16 INFO MemoryStore: MemoryStore started with capacity 434.4 MiB
[2024-01-30T12:38:16.783+0000] {spark_submit.py:571} INFO - 24/01/30 12:38:16 INFO SparkEnv: Registering OutputCommitCoordinator
[2024-01-30T12:38:17.026+0000] {spark_submit.py:571} INFO - 24/01/30 12:38:17 INFO JettyUtils: Start Jetty 0.0.0.0:4040 for SparkUI
[2024-01-30T12:38:17.119+0000] {spark_submit.py:571} INFO - 24/01/30 12:38:17 INFO Utils: Successfully started service 'SparkUI' on port 4040.
[2024-01-30T12:38:17.197+0000] {spark_submit.py:571} INFO - 24/01/30 12:38:17 INFO SparkContext: Added JAR file:/home/juniortemgoua0/DataLake/jobs/processes/scala/spark_process/target/scala-2.12/spark_job_2.12-0.1.0.jar at spark://instance-1.europe-west9-a.c.data-lake-project-409321.internal:36935/jars/spark_job_2.12-0.1.0.jar with timestamp 1706618295547
[2024-01-30T12:38:17.306+0000] {spark_submit.py:571} INFO - 24/01/30 12:38:17 INFO Executor: Starting executor ID driver on host instance-1.europe-west9-a.c.data-lake-project-409321.internal
[2024-01-30T12:38:17.307+0000] {spark_submit.py:571} INFO - 24/01/30 12:38:17 INFO Executor: OS info Linux, 5.15.0-1049-gcp, amd64
[2024-01-30T12:38:17.308+0000] {spark_submit.py:571} INFO - 24/01/30 12:38:17 INFO Executor: Java version 17.0.9
[2024-01-30T12:38:17.321+0000] {spark_submit.py:571} INFO - 24/01/30 12:38:17 INFO Executor: Starting executor with user classpath (userClassPathFirst = false): ''
[2024-01-30T12:38:17.325+0000] {spark_submit.py:571} INFO - 24/01/30 12:38:17 INFO Executor: Created or updated repl class loader org.apache.spark.util.MutableURLClassLoader@135a8c6f for default.
[2024-01-30T12:38:17.423+0000] {spark_submit.py:571} INFO - 24/01/30 12:38:17 INFO Executor: Fetching spark://instance-1.europe-west9-a.c.data-lake-project-409321.internal:36935/jars/spark_job_2.12-0.1.0.jar with timestamp 1706618295547
[2024-01-30T12:38:17.523+0000] {spark_submit.py:571} INFO - 24/01/30 12:38:17 INFO TransportClientFactory: Successfully created connection to instance-1.europe-west9-a.c.data-lake-project-409321.internal/10.200.0.5:36935 after 48 ms (0 ms spent in bootstraps)
[2024-01-30T12:38:17.535+0000] {spark_submit.py:571} INFO - 24/01/30 12:38:17 INFO Utils: Fetching spark://instance-1.europe-west9-a.c.data-lake-project-409321.internal:36935/jars/spark_job_2.12-0.1.0.jar to /tmp/spark-ccf333a2-44a7-49ff-be7d-20970c7d044a/userFiles-fd017fd2-34f2-4c98-8403-978db5e1e493/fetchFileTemp14483142165591822245.tmp
[2024-01-30T12:38:17.602+0000] {spark_submit.py:571} INFO - 24/01/30 12:38:17 INFO Executor: Adding file:/tmp/spark-ccf333a2-44a7-49ff-be7d-20970c7d044a/userFiles-fd017fd2-34f2-4c98-8403-978db5e1e493/spark_job_2.12-0.1.0.jar to class loader default
[2024-01-30T12:38:17.615+0000] {spark_submit.py:571} INFO - 24/01/30 12:38:17 INFO Utils: Successfully started service 'org.apache.spark.network.netty.NettyBlockTransferService' on port 35611.
[2024-01-30T12:38:17.615+0000] {spark_submit.py:571} INFO - 24/01/30 12:38:17 INFO NettyBlockTransferService: Server created on instance-1.europe-west9-a.c.data-lake-project-409321.internal:35611
[2024-01-30T12:38:17.617+0000] {spark_submit.py:571} INFO - 24/01/30 12:38:17 INFO BlockManager: Using org.apache.spark.storage.RandomBlockReplicationPolicy for block replication policy
[2024-01-30T12:38:17.632+0000] {spark_submit.py:571} INFO - 24/01/30 12:38:17 INFO BlockManagerMaster: Registering BlockManager BlockManagerId(driver, instance-1.europe-west9-a.c.data-lake-project-409321.internal, 35611, None)
[2024-01-30T12:38:17.637+0000] {spark_submit.py:571} INFO - 24/01/30 12:38:17 INFO BlockManagerMasterEndpoint: Registering block manager instance-1.europe-west9-a.c.data-lake-project-409321.internal:35611 with 434.4 MiB RAM, BlockManagerId(driver, instance-1.europe-west9-a.c.data-lake-project-409321.internal, 35611, None)
[2024-01-30T12:38:17.643+0000] {spark_submit.py:571} INFO - 24/01/30 12:38:17 INFO BlockManagerMaster: Registered BlockManager BlockManagerId(driver, instance-1.europe-west9-a.c.data-lake-project-409321.internal, 35611, None)
[2024-01-30T12:38:17.646+0000] {spark_submit.py:571} INFO - 24/01/30 12:38:17 INFO BlockManager: Initialized BlockManager: BlockManagerId(driver, instance-1.europe-west9-a.c.data-lake-project-409321.internal, 35611, None)
[2024-01-30T12:38:18.843+0000] {spark_submit.py:571} INFO - 24/01/30 12:38:18 INFO SharedState: Setting hive.metastore.warehouse.dir ('null') to the value of spark.sql.warehouse.dir.
[2024-01-30T12:38:18.855+0000] {spark_submit.py:571} INFO - 24/01/30 12:38:18 INFO SharedState: Warehouse path is 'file:/home/juniortemgoua0/DataLake/spark-warehouse'.
[2024-01-30T12:38:20.147+0000] {spark_submit.py:571} INFO - ************************************************
[2024-01-30T12:38:20.147+0000] {spark_submit.py:571} INFO - Date d'exécution  : 2024-01-03
[2024-01-30T12:38:20.148+0000] {spark_submit.py:571} INFO - ************************************************
[2024-01-30T12:38:21.636+0000] {spark_submit.py:571} INFO - Exception in thread "main" org.apache.spark.sql.AnalysisException: [PATH_NOT_FOUND] Path does not exist: hdfs://localhost:9000/data-lake/raw/football_data/competitions/2024-01-03/*.json.
[2024-01-30T12:38:21.636+0000] {spark_submit.py:571} INFO - at org.apache.spark.sql.errors.QueryCompilationErrors$.dataPathNotExistError(QueryCompilationErrors.scala:1500)
[2024-01-30T12:38:21.637+0000] {spark_submit.py:571} INFO - at org.apache.spark.sql.execution.datasources.DataSource$.$anonfun$checkAndGlobPathIfNecessary$3(DataSource.scala:743)
[2024-01-30T12:38:21.637+0000] {spark_submit.py:571} INFO - at org.apache.spark.util.ThreadUtils$.$anonfun$parmap$2(ThreadUtils.scala:380)
[2024-01-30T12:38:21.637+0000] {spark_submit.py:571} INFO - at scala.concurrent.Future$.$anonfun$apply$1(Future.scala:659)
[2024-01-30T12:38:21.637+0000] {spark_submit.py:571} INFO - at scala.util.Success.$anonfun$map$1(Try.scala:255)
[2024-01-30T12:38:21.637+0000] {spark_submit.py:571} INFO - at scala.util.Success.map(Try.scala:213)
[2024-01-30T12:38:21.637+0000] {spark_submit.py:571} INFO - at scala.concurrent.Future.$anonfun$map$1(Future.scala:292)
[2024-01-30T12:38:21.637+0000] {spark_submit.py:571} INFO - at scala.concurrent.impl.Promise.liftedTree1$1(Promise.scala:33)
[2024-01-30T12:38:21.637+0000] {spark_submit.py:571} INFO - at scala.concurrent.impl.Promise.$anonfun$transform$1(Promise.scala:33)
[2024-01-30T12:38:21.637+0000] {spark_submit.py:571} INFO - at scala.concurrent.impl.CallbackRunnable.run(Promise.scala:64)
[2024-01-30T12:38:21.637+0000] {spark_submit.py:571} INFO - at java.base/java.util.concurrent.ForkJoinTask$RunnableExecuteAction.exec(ForkJoinTask.java:1395)
[2024-01-30T12:38:21.638+0000] {spark_submit.py:571} INFO - at java.base/java.util.concurrent.ForkJoinTask.doExec(ForkJoinTask.java:373)
[2024-01-30T12:38:21.638+0000] {spark_submit.py:571} INFO - at java.base/java.util.concurrent.ForkJoinPool$WorkQueue.topLevelExec(ForkJoinPool.java:1182)
[2024-01-30T12:38:21.638+0000] {spark_submit.py:571} INFO - at java.base/java.util.concurrent.ForkJoinPool.scan(ForkJoinPool.java:1655)
[2024-01-30T12:38:21.638+0000] {spark_submit.py:571} INFO - at java.base/java.util.concurrent.ForkJoinPool.runWorker(ForkJoinPool.java:1622)
[2024-01-30T12:38:21.638+0000] {spark_submit.py:571} INFO - at java.base/java.util.concurrent.ForkJoinWorkerThread.run(ForkJoinWorkerThread.java:165)
[2024-01-30T12:38:21.645+0000] {spark_submit.py:571} INFO - 24/01/30 12:38:21 INFO SparkContext: Invoking stop() from shutdown hook
[2024-01-30T12:38:21.645+0000] {spark_submit.py:571} INFO - 24/01/30 12:38:21 INFO SparkContext: SparkContext is stopping with exitCode 0.
[2024-01-30T12:38:21.662+0000] {spark_submit.py:571} INFO - 24/01/30 12:38:21 INFO SparkUI: Stopped Spark web UI at http://instance-1.europe-west9-a.c.data-lake-project-409321.internal:4040
[2024-01-30T12:38:21.685+0000] {spark_submit.py:571} INFO - 24/01/30 12:38:21 INFO MapOutputTrackerMasterEndpoint: MapOutputTrackerMasterEndpoint stopped!
[2024-01-30T12:38:21.738+0000] {spark_submit.py:571} INFO - 24/01/30 12:38:21 INFO MemoryStore: MemoryStore cleared
[2024-01-30T12:38:21.738+0000] {spark_submit.py:571} INFO - 24/01/30 12:38:21 INFO BlockManager: BlockManager stopped
[2024-01-30T12:38:21.747+0000] {spark_submit.py:571} INFO - 24/01/30 12:38:21 INFO BlockManagerMaster: BlockManagerMaster stopped
[2024-01-30T12:38:21.753+0000] {spark_submit.py:571} INFO - 24/01/30 12:38:21 INFO OutputCommitCoordinator$OutputCommitCoordinatorEndpoint: OutputCommitCoordinator stopped!
[2024-01-30T12:38:21.771+0000] {spark_submit.py:571} INFO - 24/01/30 12:38:21 INFO SparkContext: Successfully stopped SparkContext
[2024-01-30T12:38:21.771+0000] {spark_submit.py:571} INFO - 24/01/30 12:38:21 INFO ShutdownHookManager: Shutdown hook called
[2024-01-30T12:38:21.771+0000] {spark_submit.py:571} INFO - 24/01/30 12:38:21 INFO ShutdownHookManager: Deleting directory /tmp/spark-7a7b62c4-7a76-4210-a92e-0de9ea79cede
[2024-01-30T12:38:21.777+0000] {spark_submit.py:571} INFO - 24/01/30 12:38:21 INFO ShutdownHookManager: Deleting directory /tmp/spark-ccf333a2-44a7-49ff-be7d-20970c7d044a
[2024-01-30T12:38:21.848+0000] {taskinstance.py:2698} ERROR - Task failed with exception
Traceback (most recent call last):
  File "/home/juniortemgoua0/DataLake/venv/lib/python3.8/site-packages/airflow/models/taskinstance.py", line 433, in _execute_task
    result = execute_callable(context=context, **execute_callable_kwargs)
  File "/home/juniortemgoua0/DataLake/venv/lib/python3.8/site-packages/airflow/providers/apache/spark/operators/spark_submit.py", line 174, in execute
    self._hook.submit(self._application)
  File "/home/juniortemgoua0/DataLake/venv/lib/python3.8/site-packages/airflow/providers/apache/spark/hooks/spark_submit.py", line 502, in submit
    raise AirflowException(
airflow.exceptions.AirflowException: Cannot execute: spark-submit --master local[*] --conf spark.airflow.execution_date=2024-01-03 --name arrow-spark --class RawToFormatted --queue root.default --deploy-mode client /home/juniortemgoua0/DataLake/jobs/processes/scala/spark_process/target/scala-2.12/spark_job_2.12-0.1.0.jar hdfs://localhost:9000/data-lake. Error code is: 1.
[2024-01-30T12:38:21.852+0000] {taskinstance.py:1138} INFO - Marking task as UP_FOR_RETRY. dag_id=manage_data_lake_dag, task_id=local_job_raw_to_formatted, execution_date=20240103T000000, start_date=20240130T123812, end_date=20240130T123821
[2024-01-30T12:38:21.866+0000] {standard_task_runner.py:107} ERROR - Failed to execute job 201 for task local_job_raw_to_formatted (Cannot execute: spark-submit --master local[*] --conf spark.airflow.execution_date=2024-01-03 --name arrow-spark --class RawToFormatted --queue root.default --deploy-mode client /home/juniortemgoua0/DataLake/jobs/processes/scala/spark_process/target/scala-2.12/spark_job_2.12-0.1.0.jar hdfs://localhost:9000/data-lake. Error code is: 1.; 27421)
[2024-01-30T12:38:21.908+0000] {local_task_job_runner.py:234} INFO - Task exited with return code 1
[2024-01-30T12:38:21.926+0000] {taskinstance.py:3280} INFO - 0 downstream tasks scheduled from follow-on schedule check
