[2024-01-30T02:56:36.426+0000] {taskinstance.py:1956} INFO - Dependencies all met for dep_context=non-requeueable deps ti=<TaskInstance: manage_data_lake_dag.local_job_raw_to_formatted scheduled__2024-01-21T00:00:00+00:00 [queued]>
[2024-01-30T02:56:36.434+0000] {taskinstance.py:1956} INFO - Dependencies all met for dep_context=requeueable deps ti=<TaskInstance: manage_data_lake_dag.local_job_raw_to_formatted scheduled__2024-01-21T00:00:00+00:00 [queued]>
[2024-01-30T02:56:36.434+0000] {taskinstance.py:2170} INFO - Starting attempt 2 of 6
[2024-01-30T02:56:36.449+0000] {taskinstance.py:2191} INFO - Executing <Task(SparkSubmitOperator): local_job_raw_to_formatted> on 2024-01-21 00:00:00+00:00
[2024-01-30T02:56:36.454+0000] {standard_task_runner.py:60} INFO - Started process 20227 to run task
[2024-01-30T02:56:36.459+0000] {standard_task_runner.py:87} INFO - Running: ['airflow', 'tasks', 'run', 'manage_data_lake_dag', 'local_job_raw_to_formatted', 'scheduled__2024-01-21T00:00:00+00:00', '--job-id', '191', '--raw', '--subdir', 'DAGS_FOLDER/data_lake_dag.py', '--cfg-path', '/tmp/tmpkmwku419']
[2024-01-30T02:56:36.462+0000] {standard_task_runner.py:88} INFO - Job 191: Subtask local_job_raw_to_formatted
[2024-01-30T02:56:36.503+0000] {task_command.py:423} INFO - Running <TaskInstance: manage_data_lake_dag.local_job_raw_to_formatted scheduled__2024-01-21T00:00:00+00:00 [running]> on host instance-1.europe-west9-a.c.data-lake-project-409321.internal
[2024-01-30T02:56:36.554+0000] {taskinstance.py:2480} INFO - Exporting env vars: AIRFLOW_CTX_DAG_OWNER='juniortemgoua0' AIRFLOW_CTX_DAG_ID='manage_data_lake_dag' AIRFLOW_CTX_TASK_ID='local_job_raw_to_formatted' AIRFLOW_CTX_EXECUTION_DATE='2024-01-21T00:00:00+00:00' AIRFLOW_CTX_TRY_NUMBER='2' AIRFLOW_CTX_DAG_RUN_ID='scheduled__2024-01-21T00:00:00+00:00'
[2024-01-30T02:56:36.561+0000] {base.py:83} INFO - Using connection ID 'spark_default' for task execution.
[2024-01-30T02:56:36.563+0000] {spark_submit.py:401} INFO - Spark-Submit cmd: spark-submit --master local[*] --conf spark.airflow.execution_date=2024-01-21 --name arrow-spark --class RawToFormatted --queue root.default --deploy-mode client /home/juniortemgoua0/DataLake/jobs/processes/scala/spark_process/target/scala-2.12/spark_job_2.12-0.1.0.jar hdfs://localhost:9000/data-lake
[2024-01-30T02:56:39.498+0000] {spark_submit.py:571} INFO - 24/01/30 02:56:39 INFO SparkContext: Running Spark version 3.5.0
[2024-01-30T02:56:39.502+0000] {spark_submit.py:571} INFO - 24/01/30 02:56:39 INFO SparkContext: OS info Linux, 5.15.0-1049-gcp, amd64
[2024-01-30T02:56:39.503+0000] {spark_submit.py:571} INFO - 24/01/30 02:56:39 INFO SparkContext: Java version 17.0.9
[2024-01-30T02:56:39.618+0000] {spark_submit.py:571} INFO - 24/01/30 02:56:39 WARN NativeCodeLoader: Unable to load native-hadoop library for your platform... using builtin-java classes where applicable
[2024-01-30T02:56:39.762+0000] {spark_submit.py:571} INFO - 24/01/30 02:56:39 INFO ResourceUtils: ==============================================================
[2024-01-30T02:56:39.764+0000] {spark_submit.py:571} INFO - 24/01/30 02:56:39 INFO ResourceUtils: No custom resources configured for spark.driver.
[2024-01-30T02:56:39.764+0000] {spark_submit.py:571} INFO - 24/01/30 02:56:39 INFO ResourceUtils: ==============================================================
[2024-01-30T02:56:39.766+0000] {spark_submit.py:571} INFO - 24/01/30 02:56:39 INFO SparkContext: Submitted application: RawToFormatted
[2024-01-30T02:56:39.821+0000] {spark_submit.py:571} INFO - 24/01/30 02:56:39 INFO ResourceProfile: Default ResourceProfile created, executor resources: Map(cores -> name: cores, amount: 1, script: , vendor: , memory -> name: memory, amount: 1024, script: , vendor: , offHeap -> name: offHeap, amount: 0, script: , vendor: ), task resources: Map(cpus -> name: cpus, amount: 1.0)
[2024-01-30T02:56:39.835+0000] {spark_submit.py:571} INFO - 24/01/30 02:56:39 INFO ResourceProfile: Limiting resource is cpu
[2024-01-30T02:56:39.836+0000] {spark_submit.py:571} INFO - 24/01/30 02:56:39 INFO ResourceProfileManager: Added ResourceProfile id: 0
[2024-01-30T02:56:39.932+0000] {spark_submit.py:571} INFO - 24/01/30 02:56:39 INFO SecurityManager: Changing view acls to: juniortemgoua0
[2024-01-30T02:56:39.933+0000] {spark_submit.py:571} INFO - 24/01/30 02:56:39 INFO SecurityManager: Changing modify acls to: juniortemgoua0
[2024-01-30T02:56:39.934+0000] {spark_submit.py:571} INFO - 24/01/30 02:56:39 INFO SecurityManager: Changing view acls groups to:
[2024-01-30T02:56:39.934+0000] {spark_submit.py:571} INFO - 24/01/30 02:56:39 INFO SecurityManager: Changing modify acls groups to:
[2024-01-30T02:56:39.935+0000] {spark_submit.py:571} INFO - 24/01/30 02:56:39 INFO SecurityManager: SecurityManager: authentication disabled; ui acls disabled; users with view permissions: juniortemgoua0; groups with view permissions: EMPTY; users with modify permissions: juniortemgoua0; groups with modify permissions: EMPTY
[2024-01-30T02:56:40.337+0000] {spark_submit.py:571} INFO - 24/01/30 02:56:40 INFO Utils: Successfully started service 'sparkDriver' on port 33637.
[2024-01-30T02:56:40.383+0000] {spark_submit.py:571} INFO - 24/01/30 02:56:40 INFO SparkEnv: Registering MapOutputTracker
[2024-01-30T02:56:40.439+0000] {spark_submit.py:571} INFO - 24/01/30 02:56:40 INFO SparkEnv: Registering BlockManagerMaster
[2024-01-30T02:56:40.478+0000] {spark_submit.py:571} INFO - 24/01/30 02:56:40 INFO BlockManagerMasterEndpoint: Using org.apache.spark.storage.DefaultTopologyMapper for getting topology information
[2024-01-30T02:56:40.480+0000] {spark_submit.py:571} INFO - 24/01/30 02:56:40 INFO BlockManagerMasterEndpoint: BlockManagerMasterEndpoint up
[2024-01-30T02:56:40.492+0000] {spark_submit.py:571} INFO - 24/01/30 02:56:40 INFO SparkEnv: Registering BlockManagerMasterHeartbeat
[2024-01-30T02:56:40.530+0000] {spark_submit.py:571} INFO - 24/01/30 02:56:40 INFO DiskBlockManager: Created local directory at /tmp/blockmgr-50c488be-67f7-4029-b719-b5991e9d5a1d
[2024-01-30T02:56:40.560+0000] {spark_submit.py:571} INFO - 24/01/30 02:56:40 INFO MemoryStore: MemoryStore started with capacity 434.4 MiB
[2024-01-30T02:56:40.585+0000] {spark_submit.py:571} INFO - 24/01/30 02:56:40 INFO SparkEnv: Registering OutputCommitCoordinator
[2024-01-30T02:56:40.790+0000] {spark_submit.py:571} INFO - 24/01/30 02:56:40 INFO JettyUtils: Start Jetty 0.0.0.0:4040 for SparkUI
[2024-01-30T02:56:40.879+0000] {spark_submit.py:571} INFO - 24/01/30 02:56:40 INFO Utils: Successfully started service 'SparkUI' on port 4040.
[2024-01-30T02:56:40.963+0000] {spark_submit.py:571} INFO - 24/01/30 02:56:40 INFO SparkContext: Added JAR file:/home/juniortemgoua0/DataLake/jobs/processes/scala/spark_process/target/scala-2.12/spark_job_2.12-0.1.0.jar at spark://instance-1.europe-west9-a.c.data-lake-project-409321.internal:33637/jars/spark_job_2.12-0.1.0.jar with timestamp 1706583399478
[2024-01-30T02:56:41.111+0000] {spark_submit.py:571} INFO - 24/01/30 02:56:41 INFO Executor: Starting executor ID driver on host instance-1.europe-west9-a.c.data-lake-project-409321.internal
[2024-01-30T02:56:41.112+0000] {spark_submit.py:571} INFO - 24/01/30 02:56:41 INFO Executor: OS info Linux, 5.15.0-1049-gcp, amd64
[2024-01-30T02:56:41.113+0000] {spark_submit.py:571} INFO - 24/01/30 02:56:41 INFO Executor: Java version 17.0.9
[2024-01-30T02:56:41.127+0000] {spark_submit.py:571} INFO - 24/01/30 02:56:41 INFO Executor: Starting executor with user classpath (userClassPathFirst = false): ''
[2024-01-30T02:56:41.128+0000] {spark_submit.py:571} INFO - 24/01/30 02:56:41 INFO Executor: Created or updated repl class loader org.apache.spark.util.MutableURLClassLoader@6ed043d3 for default.
[2024-01-30T02:56:41.164+0000] {spark_submit.py:571} INFO - 24/01/30 02:56:41 INFO Executor: Fetching spark://instance-1.europe-west9-a.c.data-lake-project-409321.internal:33637/jars/spark_job_2.12-0.1.0.jar with timestamp 1706583399478
[2024-01-30T02:56:41.291+0000] {spark_submit.py:571} INFO - 24/01/30 02:56:41 INFO TransportClientFactory: Successfully created connection to instance-1.europe-west9-a.c.data-lake-project-409321.internal/10.200.0.5:33637 after 58 ms (0 ms spent in bootstraps)
[2024-01-30T02:56:41.309+0000] {spark_submit.py:571} INFO - 24/01/30 02:56:41 INFO Utils: Fetching spark://instance-1.europe-west9-a.c.data-lake-project-409321.internal:33637/jars/spark_job_2.12-0.1.0.jar to /tmp/spark-b3397396-7397-4db8-956f-bf3cf8a11944/userFiles-b891820d-6723-408a-b9a6-611ed6428502/fetchFileTemp8490517250305414452.tmp
[2024-01-30T02:56:41.350+0000] {spark_submit.py:571} INFO - 24/01/30 02:56:41 INFO Executor: Adding file:/tmp/spark-b3397396-7397-4db8-956f-bf3cf8a11944/userFiles-b891820d-6723-408a-b9a6-611ed6428502/spark_job_2.12-0.1.0.jar to class loader default
[2024-01-30T02:56:41.360+0000] {spark_submit.py:571} INFO - 24/01/30 02:56:41 INFO Utils: Successfully started service 'org.apache.spark.network.netty.NettyBlockTransferService' on port 42335.
[2024-01-30T02:56:41.360+0000] {spark_submit.py:571} INFO - 24/01/30 02:56:41 INFO NettyBlockTransferService: Server created on instance-1.europe-west9-a.c.data-lake-project-409321.internal:42335
[2024-01-30T02:56:41.362+0000] {spark_submit.py:571} INFO - 24/01/30 02:56:41 INFO BlockManager: Using org.apache.spark.storage.RandomBlockReplicationPolicy for block replication policy
[2024-01-30T02:56:41.371+0000] {spark_submit.py:571} INFO - 24/01/30 02:56:41 INFO BlockManagerMaster: Registering BlockManager BlockManagerId(driver, instance-1.europe-west9-a.c.data-lake-project-409321.internal, 42335, None)
[2024-01-30T02:56:41.374+0000] {spark_submit.py:571} INFO - 24/01/30 02:56:41 INFO BlockManagerMasterEndpoint: Registering block manager instance-1.europe-west9-a.c.data-lake-project-409321.internal:42335 with 434.4 MiB RAM, BlockManagerId(driver, instance-1.europe-west9-a.c.data-lake-project-409321.internal, 42335, None)
[2024-01-30T02:56:41.382+0000] {spark_submit.py:571} INFO - 24/01/30 02:56:41 INFO BlockManagerMaster: Registered BlockManager BlockManagerId(driver, instance-1.europe-west9-a.c.data-lake-project-409321.internal, 42335, None)
[2024-01-30T02:56:41.384+0000] {spark_submit.py:571} INFO - 24/01/30 02:56:41 INFO BlockManager: Initialized BlockManager: BlockManagerId(driver, instance-1.europe-west9-a.c.data-lake-project-409321.internal, 42335, None)
[2024-01-30T02:56:42.561+0000] {spark_submit.py:571} INFO - 24/01/30 02:56:42 INFO SharedState: Setting hive.metastore.warehouse.dir ('null') to the value of spark.sql.warehouse.dir.
[2024-01-30T02:56:42.570+0000] {spark_submit.py:571} INFO - 24/01/30 02:56:42 INFO SharedState: Warehouse path is 'file:/home/juniortemgoua0/DataLake/spark-warehouse'.
[2024-01-30T02:56:43.642+0000] {spark_submit.py:571} INFO - ************************************************
[2024-01-30T02:56:43.643+0000] {spark_submit.py:571} INFO - Date d'exécution  : 2024-01-21
[2024-01-30T02:56:43.643+0000] {spark_submit.py:571} INFO - ************************************************
[2024-01-30T02:56:44.744+0000] {spark_submit.py:571} INFO - Exception in thread "main" org.apache.spark.sql.AnalysisException: [PATH_NOT_FOUND] Path does not exist: hdfs://localhost:9000/data-lake/raw/football_data/competitions/2024-01-21/*.json.
[2024-01-30T02:56:44.744+0000] {spark_submit.py:571} INFO - at org.apache.spark.sql.errors.QueryCompilationErrors$.dataPathNotExistError(QueryCompilationErrors.scala:1500)
[2024-01-30T02:56:44.745+0000] {spark_submit.py:571} INFO - at org.apache.spark.sql.execution.datasources.DataSource$.$anonfun$checkAndGlobPathIfNecessary$3(DataSource.scala:743)
[2024-01-30T02:56:44.745+0000] {spark_submit.py:571} INFO - at org.apache.spark.util.ThreadUtils$.$anonfun$parmap$2(ThreadUtils.scala:380)
[2024-01-30T02:56:44.745+0000] {spark_submit.py:571} INFO - at scala.concurrent.Future$.$anonfun$apply$1(Future.scala:659)
[2024-01-30T02:56:44.745+0000] {spark_submit.py:571} INFO - at scala.util.Success.$anonfun$map$1(Try.scala:255)
[2024-01-30T02:56:44.745+0000] {spark_submit.py:571} INFO - at scala.util.Success.map(Try.scala:213)
[2024-01-30T02:56:44.746+0000] {spark_submit.py:571} INFO - at scala.concurrent.Future.$anonfun$map$1(Future.scala:292)
[2024-01-30T02:56:44.746+0000] {spark_submit.py:571} INFO - at scala.concurrent.impl.Promise.liftedTree1$1(Promise.scala:33)
[2024-01-30T02:56:44.746+0000] {spark_submit.py:571} INFO - at scala.concurrent.impl.Promise.$anonfun$transform$1(Promise.scala:33)
[2024-01-30T02:56:44.747+0000] {spark_submit.py:571} INFO - at scala.concurrent.impl.CallbackRunnable.run(Promise.scala:64)
[2024-01-30T02:56:44.747+0000] {spark_submit.py:571} INFO - at java.base/java.util.concurrent.ForkJoinTask$RunnableExecuteAction.exec(ForkJoinTask.java:1395)
[2024-01-30T02:56:44.747+0000] {spark_submit.py:571} INFO - at java.base/java.util.concurrent.ForkJoinTask.doExec(ForkJoinTask.java:373)
[2024-01-30T02:56:44.747+0000] {spark_submit.py:571} INFO - at java.base/java.util.concurrent.ForkJoinPool$WorkQueue.topLevelExec(ForkJoinPool.java:1182)
[2024-01-30T02:56:44.748+0000] {spark_submit.py:571} INFO - at java.base/java.util.concurrent.ForkJoinPool.scan(ForkJoinPool.java:1655)
[2024-01-30T02:56:44.748+0000] {spark_submit.py:571} INFO - at java.base/java.util.concurrent.ForkJoinPool.runWorker(ForkJoinPool.java:1622)
[2024-01-30T02:56:44.748+0000] {spark_submit.py:571} INFO - at java.base/java.util.concurrent.ForkJoinWorkerThread.run(ForkJoinWorkerThread.java:165)
[2024-01-30T02:56:44.759+0000] {spark_submit.py:571} INFO - 24/01/30 02:56:44 INFO SparkContext: Invoking stop() from shutdown hook
[2024-01-30T02:56:44.760+0000] {spark_submit.py:571} INFO - 24/01/30 02:56:44 INFO SparkContext: SparkContext is stopping with exitCode 0.
[2024-01-30T02:56:44.784+0000] {spark_submit.py:571} INFO - 24/01/30 02:56:44 INFO SparkUI: Stopped Spark web UI at http://instance-1.europe-west9-a.c.data-lake-project-409321.internal:4040
[2024-01-30T02:56:44.807+0000] {spark_submit.py:571} INFO - 24/01/30 02:56:44 INFO MapOutputTrackerMasterEndpoint: MapOutputTrackerMasterEndpoint stopped!
[2024-01-30T02:56:44.822+0000] {spark_submit.py:571} INFO - 24/01/30 02:56:44 INFO MemoryStore: MemoryStore cleared
[2024-01-30T02:56:44.823+0000] {spark_submit.py:571} INFO - 24/01/30 02:56:44 INFO BlockManager: BlockManager stopped
[2024-01-30T02:56:44.832+0000] {spark_submit.py:571} INFO - 24/01/30 02:56:44 INFO BlockManagerMaster: BlockManagerMaster stopped
[2024-01-30T02:56:44.837+0000] {spark_submit.py:571} INFO - 24/01/30 02:56:44 INFO OutputCommitCoordinator$OutputCommitCoordinatorEndpoint: OutputCommitCoordinator stopped!
[2024-01-30T02:56:44.849+0000] {spark_submit.py:571} INFO - 24/01/30 02:56:44 INFO SparkContext: Successfully stopped SparkContext
[2024-01-30T02:56:44.849+0000] {spark_submit.py:571} INFO - 24/01/30 02:56:44 INFO ShutdownHookManager: Shutdown hook called
[2024-01-30T02:56:44.850+0000] {spark_submit.py:571} INFO - 24/01/30 02:56:44 INFO ShutdownHookManager: Deleting directory /tmp/spark-f6fab64d-49f6-41a6-990c-27ed93c73fa7
[2024-01-30T02:56:44.854+0000] {spark_submit.py:571} INFO - 24/01/30 02:56:44 INFO ShutdownHookManager: Deleting directory /tmp/spark-b3397396-7397-4db8-956f-bf3cf8a11944
[2024-01-30T02:56:44.915+0000] {taskinstance.py:2698} ERROR - Task failed with exception
Traceback (most recent call last):
  File "/home/juniortemgoua0/DataLake/venv/lib/python3.8/site-packages/airflow/models/taskinstance.py", line 433, in _execute_task
    result = execute_callable(context=context, **execute_callable_kwargs)
  File "/home/juniortemgoua0/DataLake/venv/lib/python3.8/site-packages/airflow/providers/apache/spark/operators/spark_submit.py", line 174, in execute
    self._hook.submit(self._application)
  File "/home/juniortemgoua0/DataLake/venv/lib/python3.8/site-packages/airflow/providers/apache/spark/hooks/spark_submit.py", line 502, in submit
    raise AirflowException(
airflow.exceptions.AirflowException: Cannot execute: spark-submit --master local[*] --conf spark.airflow.execution_date=2024-01-21 --name arrow-spark --class RawToFormatted --queue root.default --deploy-mode client /home/juniortemgoua0/DataLake/jobs/processes/scala/spark_process/target/scala-2.12/spark_job_2.12-0.1.0.jar hdfs://localhost:9000/data-lake. Error code is: 1.
[2024-01-30T02:56:44.918+0000] {taskinstance.py:1138} INFO - Marking task as UP_FOR_RETRY. dag_id=manage_data_lake_dag, task_id=local_job_raw_to_formatted, execution_date=20240121T000000, start_date=20240130T025636, end_date=20240130T025644
[2024-01-30T02:56:44.935+0000] {standard_task_runner.py:107} ERROR - Failed to execute job 191 for task local_job_raw_to_formatted (Cannot execute: spark-submit --master local[*] --conf spark.airflow.execution_date=2024-01-21 --name arrow-spark --class RawToFormatted --queue root.default --deploy-mode client /home/juniortemgoua0/DataLake/jobs/processes/scala/spark_process/target/scala-2.12/spark_job_2.12-0.1.0.jar hdfs://localhost:9000/data-lake. Error code is: 1.; 20227)
[2024-01-30T02:56:44.956+0000] {local_task_job_runner.py:234} INFO - Task exited with return code 1
[2024-01-30T02:56:44.976+0000] {taskinstance.py:3280} INFO - 0 downstream tasks scheduled from follow-on schedule check
