[2024-01-29T10:36:24.116+0000] {taskinstance.py:1956} INFO - Dependencies all met for dep_context=non-requeueable deps ti=<TaskInstance: manage_data_lake_dag.spark_job_formatted manual__2024-01-29T10:10:25.443620+00:00 [queued]>
[2024-01-29T10:36:24.122+0000] {taskinstance.py:1956} INFO - Dependencies all met for dep_context=requeueable deps ti=<TaskInstance: manage_data_lake_dag.spark_job_formatted manual__2024-01-29T10:10:25.443620+00:00 [queued]>
[2024-01-29T10:36:24.123+0000] {taskinstance.py:2170} INFO - Starting attempt 2 of 6
[2024-01-29T10:36:24.206+0000] {taskinstance.py:2191} INFO - Executing <Task(SparkSubmitOperator): spark_job_formatted> on 2024-01-29 10:10:25.443620+00:00
[2024-01-29T10:36:24.211+0000] {standard_task_runner.py:60} INFO - Started process 87523 to run task
[2024-01-29T10:36:24.216+0000] {standard_task_runner.py:87} INFO - Running: ['airflow', 'tasks', 'run', 'manage_data_lake_dag', 'spark_job_formatted', 'manual__2024-01-29T10:10:25.443620+00:00', '--job-id', '92', '--raw', '--subdir', 'DAGS_FOLDER/data_lake_dag.py', '--cfg-path', '/tmp/tmpbv9urc2m']
[2024-01-29T10:36:24.219+0000] {standard_task_runner.py:88} INFO - Job 92: Subtask spark_job_formatted
[2024-01-29T10:36:24.255+0000] {task_command.py:423} INFO - Running <TaskInstance: manage_data_lake_dag.spark_job_formatted manual__2024-01-29T10:10:25.443620+00:00 [running]> on host instance-1.europe-west9-a.c.data-lake-project-409321.internal
[2024-01-29T10:36:24.308+0000] {taskinstance.py:2480} INFO - Exporting env vars: AIRFLOW_CTX_DAG_OWNER='juniortemgoua0' AIRFLOW_CTX_DAG_ID='manage_data_lake_dag' AIRFLOW_CTX_TASK_ID='spark_job_formatted' AIRFLOW_CTX_EXECUTION_DATE='2024-01-29T10:10:25.443620+00:00' AIRFLOW_CTX_TRY_NUMBER='2' AIRFLOW_CTX_DAG_RUN_ID='manual__2024-01-29T10:10:25.443620+00:00'
[2024-01-29T10:36:24.315+0000] {base.py:83} INFO - Using connection ID 'spark_default' for task execution.
[2024-01-29T10:36:24.317+0000] {spark_submit.py:401} INFO - Spark-Submit cmd: spark-submit --master yarn --conf spark.hadoop.yarn.resourcemanager.hostname=resourcemanager.fqdn --conf spark.hadoop.yarn.resourcemanager.address=resourcemanager.fqdn:8032 --name arrow-spark --class RawToFormatted --queue root.default --deploy-mode client /home/juniortemgoua0/DataLake/jobs/processes/scala/spark_process/target/scala-2.12/spark_job_2.12-0.1.0.jar gs://data-lake-buck
[2024-01-29T10:36:26.773+0000] {spark_submit.py:571} INFO - 24/01/29 10:36:26 INFO SparkContext: Running Spark version 3.5.0
[2024-01-29T10:36:26.778+0000] {spark_submit.py:571} INFO - 24/01/29 10:36:26 INFO SparkContext: OS info Linux, 5.15.0-1049-gcp, amd64
[2024-01-29T10:36:26.779+0000] {spark_submit.py:571} INFO - 24/01/29 10:36:26 INFO SparkContext: Java version 17.0.9
[2024-01-29T10:36:26.931+0000] {spark_submit.py:571} INFO - 24/01/29 10:36:26 WARN NativeCodeLoader: Unable to load native-hadoop library for your platform... using builtin-java classes where applicable
[2024-01-29T10:36:27.096+0000] {spark_submit.py:571} INFO - 24/01/29 10:36:27 INFO ResourceUtils: ==============================================================
[2024-01-29T10:36:27.097+0000] {spark_submit.py:571} INFO - 24/01/29 10:36:27 INFO ResourceUtils: No custom resources configured for spark.driver.
[2024-01-29T10:36:27.098+0000] {spark_submit.py:571} INFO - 24/01/29 10:36:27 INFO ResourceUtils: ==============================================================
[2024-01-29T10:36:27.101+0000] {spark_submit.py:571} INFO - 24/01/29 10:36:27 INFO SparkContext: Submitted application: RawToFormatted
[2024-01-29T10:36:27.150+0000] {spark_submit.py:571} INFO - 24/01/29 10:36:27 INFO ResourceProfile: Default ResourceProfile created, executor resources: Map(cores -> name: cores, amount: 1, script: , vendor: , memory -> name: memory, amount: 1024, script: , vendor: , offHeap -> name: offHeap, amount: 0, script: , vendor: ), task resources: Map(cpus -> name: cpus, amount: 1.0)
[2024-01-29T10:36:27.165+0000] {spark_submit.py:571} INFO - 24/01/29 10:36:27 INFO ResourceProfile: Limiting resource is cpus at 1 tasks per executor
[2024-01-29T10:36:27.169+0000] {spark_submit.py:571} INFO - 24/01/29 10:36:27 INFO ResourceProfileManager: Added ResourceProfile id: 0
[2024-01-29T10:36:27.247+0000] {spark_submit.py:571} INFO - 24/01/29 10:36:27 INFO SecurityManager: Changing view acls to: juniortemgoua0
[2024-01-29T10:36:27.248+0000] {spark_submit.py:571} INFO - 24/01/29 10:36:27 INFO SecurityManager: Changing modify acls to: juniortemgoua0
[2024-01-29T10:36:27.248+0000] {spark_submit.py:571} INFO - 24/01/29 10:36:27 INFO SecurityManager: Changing view acls groups to:
[2024-01-29T10:36:27.249+0000] {spark_submit.py:571} INFO - 24/01/29 10:36:27 INFO SecurityManager: Changing modify acls groups to:
[2024-01-29T10:36:27.250+0000] {spark_submit.py:571} INFO - 24/01/29 10:36:27 INFO SecurityManager: SecurityManager: authentication disabled; ui acls disabled; users with view permissions: juniortemgoua0; groups with view permissions: EMPTY; users with modify permissions: juniortemgoua0; groups with modify permissions: EMPTY
[2024-01-29T10:36:27.595+0000] {spark_submit.py:571} INFO - 24/01/29 10:36:27 INFO Utils: Successfully started service 'sparkDriver' on port 42543.
[2024-01-29T10:36:27.637+0000] {spark_submit.py:571} INFO - 24/01/29 10:36:27 INFO SparkEnv: Registering MapOutputTracker
[2024-01-29T10:36:27.692+0000] {spark_submit.py:571} INFO - 24/01/29 10:36:27 INFO SparkEnv: Registering BlockManagerMaster
[2024-01-29T10:36:27.720+0000] {spark_submit.py:571} INFO - 24/01/29 10:36:27 INFO BlockManagerMasterEndpoint: Using org.apache.spark.storage.DefaultTopologyMapper for getting topology information
[2024-01-29T10:36:27.722+0000] {spark_submit.py:571} INFO - 24/01/29 10:36:27 INFO BlockManagerMasterEndpoint: BlockManagerMasterEndpoint up
[2024-01-29T10:36:27.791+0000] {spark_submit.py:571} INFO - 24/01/29 10:36:27 INFO SparkEnv: Registering BlockManagerMasterHeartbeat
[2024-01-29T10:36:27.821+0000] {spark_submit.py:571} INFO - 24/01/29 10:36:27 INFO DiskBlockManager: Created local directory at /tmp/blockmgr-045585ce-88ff-48a7-bff8-d043fb27eb73
[2024-01-29T10:36:27.844+0000] {spark_submit.py:571} INFO - 24/01/29 10:36:27 INFO MemoryStore: MemoryStore started with capacity 434.4 MiB
[2024-01-29T10:36:27.925+0000] {spark_submit.py:571} INFO - 24/01/29 10:36:27 INFO SparkEnv: Registering OutputCommitCoordinator
[2024-01-29T10:36:28.151+0000] {spark_submit.py:571} INFO - 24/01/29 10:36:28 INFO JettyUtils: Start Jetty 0.0.0.0:4040 for SparkUI
[2024-01-29T10:36:28.265+0000] {spark_submit.py:571} INFO - 24/01/29 10:36:28 INFO Utils: Successfully started service 'SparkUI' on port 4040.
[2024-01-29T10:36:28.338+0000] {spark_submit.py:571} INFO - 24/01/29 10:36:28 INFO SparkContext: Added JAR file:/home/juniortemgoua0/DataLake/jobs/processes/scala/spark_process/target/scala-2.12/spark_job_2.12-0.1.0.jar at spark://instance-1.europe-west9-a.c.data-lake-project-409321.internal:42543/jars/spark_job_2.12-0.1.0.jar with timestamp 1706524586758
[2024-01-29T10:36:28.679+0000] {spark_submit.py:571} INFO - 24/01/29 10:36:28 INFO DefaultNoHARMFailoverProxyProvider: Connecting to ResourceManager at resourcemanager.fqdn/<unresolved>:8032
[2024-01-29T10:36:29.862+0000] {spark_submit.py:571} INFO - 24/01/29 10:36:29 INFO Client: Retrying connect to server: resourcemanager.fqdn/<unresolved>:8032. Already tried 0 time(s); retry policy is RetryUpToMaximumCountWithFixedSleep(maxRetries=10, sleepTime=1000 MILLISECONDS)
[2024-01-29T10:36:30.863+0000] {spark_submit.py:571} INFO - 24/01/29 10:36:30 INFO Client: Retrying connect to server: resourcemanager.fqdn/<unresolved>:8032. Already tried 1 time(s); retry policy is RetryUpToMaximumCountWithFixedSleep(maxRetries=10, sleepTime=1000 MILLISECONDS)
[2024-01-29T10:36:31.866+0000] {spark_submit.py:571} INFO - 24/01/29 10:36:31 INFO Client: Retrying connect to server: resourcemanager.fqdn/<unresolved>:8032. Already tried 2 time(s); retry policy is RetryUpToMaximumCountWithFixedSleep(maxRetries=10, sleepTime=1000 MILLISECONDS)
[2024-01-29T10:36:32.866+0000] {spark_submit.py:571} INFO - 24/01/29 10:36:32 INFO Client: Retrying connect to server: resourcemanager.fqdn/<unresolved>:8032. Already tried 3 time(s); retry policy is RetryUpToMaximumCountWithFixedSleep(maxRetries=10, sleepTime=1000 MILLISECONDS)
[2024-01-29T10:36:33.867+0000] {spark_submit.py:571} INFO - 24/01/29 10:36:33 INFO Client: Retrying connect to server: resourcemanager.fqdn/<unresolved>:8032. Already tried 4 time(s); retry policy is RetryUpToMaximumCountWithFixedSleep(maxRetries=10, sleepTime=1000 MILLISECONDS)
[2024-01-29T10:36:34.868+0000] {spark_submit.py:571} INFO - 24/01/29 10:36:34 INFO Client: Retrying connect to server: resourcemanager.fqdn/<unresolved>:8032. Already tried 5 time(s); retry policy is RetryUpToMaximumCountWithFixedSleep(maxRetries=10, sleepTime=1000 MILLISECONDS)
[2024-01-29T10:36:35.868+0000] {spark_submit.py:571} INFO - 24/01/29 10:36:35 INFO Client: Retrying connect to server: resourcemanager.fqdn/<unresolved>:8032. Already tried 6 time(s); retry policy is RetryUpToMaximumCountWithFixedSleep(maxRetries=10, sleepTime=1000 MILLISECONDS)
[2024-01-29T10:36:36.871+0000] {spark_submit.py:571} INFO - 24/01/29 10:36:36 INFO Client: Retrying connect to server: resourcemanager.fqdn/<unresolved>:8032. Already tried 7 time(s); retry policy is RetryUpToMaximumCountWithFixedSleep(maxRetries=10, sleepTime=1000 MILLISECONDS)
[2024-01-29T10:36:37.872+0000] {spark_submit.py:571} INFO - 24/01/29 10:36:37 INFO Client: Retrying connect to server: resourcemanager.fqdn/<unresolved>:8032. Already tried 8 time(s); retry policy is RetryUpToMaximumCountWithFixedSleep(maxRetries=10, sleepTime=1000 MILLISECONDS)
[2024-01-29T10:36:38.873+0000] {spark_submit.py:571} INFO - 24/01/29 10:36:38 INFO Client: Retrying connect to server: resourcemanager.fqdn/<unresolved>:8032. Already tried 9 time(s); retry policy is RetryUpToMaximumCountWithFixedSleep(maxRetries=10, sleepTime=1000 MILLISECONDS)
[2024-01-29T10:36:39.897+0000] {spark_submit.py:571} INFO - 24/01/29 10:36:39 INFO Client: Retrying connect to server: resourcemanager.fqdn/<unresolved>:8032. Already tried 0 time(s); retry policy is RetryUpToMaximumCountWithFixedSleep(maxRetries=10, sleepTime=1000 MILLISECONDS)
[2024-01-29T10:36:40.898+0000] {spark_submit.py:571} INFO - 24/01/29 10:36:40 INFO Client: Retrying connect to server: resourcemanager.fqdn/<unresolved>:8032. Already tried 1 time(s); retry policy is RetryUpToMaximumCountWithFixedSleep(maxRetries=10, sleepTime=1000 MILLISECONDS)
[2024-01-29T10:36:41.902+0000] {spark_submit.py:571} INFO - 24/01/29 10:36:41 INFO Client: Retrying connect to server: resourcemanager.fqdn/<unresolved>:8032. Already tried 2 time(s); retry policy is RetryUpToMaximumCountWithFixedSleep(maxRetries=10, sleepTime=1000 MILLISECONDS)
[2024-01-29T10:36:42.902+0000] {spark_submit.py:571} INFO - 24/01/29 10:36:42 INFO Client: Retrying connect to server: resourcemanager.fqdn/<unresolved>:8032. Already tried 3 time(s); retry policy is RetryUpToMaximumCountWithFixedSleep(maxRetries=10, sleepTime=1000 MILLISECONDS)
[2024-01-29T10:36:43.903+0000] {spark_submit.py:571} INFO - 24/01/29 10:36:43 INFO Client: Retrying connect to server: resourcemanager.fqdn/<unresolved>:8032. Already tried 4 time(s); retry policy is RetryUpToMaximumCountWithFixedSleep(maxRetries=10, sleepTime=1000 MILLISECONDS)
[2024-01-29T10:36:44.903+0000] {spark_submit.py:571} INFO - 24/01/29 10:36:44 INFO Client: Retrying connect to server: resourcemanager.fqdn/<unresolved>:8032. Already tried 5 time(s); retry policy is RetryUpToMaximumCountWithFixedSleep(maxRetries=10, sleepTime=1000 MILLISECONDS)
[2024-01-29T10:36:45.904+0000] {spark_submit.py:571} INFO - 24/01/29 10:36:45 INFO Client: Retrying connect to server: resourcemanager.fqdn/<unresolved>:8032. Already tried 6 time(s); retry policy is RetryUpToMaximumCountWithFixedSleep(maxRetries=10, sleepTime=1000 MILLISECONDS)
[2024-01-29T10:36:46.907+0000] {spark_submit.py:571} INFO - 24/01/29 10:36:46 INFO Client: Retrying connect to server: resourcemanager.fqdn/<unresolved>:8032. Already tried 7 time(s); retry policy is RetryUpToMaximumCountWithFixedSleep(maxRetries=10, sleepTime=1000 MILLISECONDS)
[2024-01-29T10:36:47.909+0000] {spark_submit.py:571} INFO - 24/01/29 10:36:47 INFO Client: Retrying connect to server: resourcemanager.fqdn/<unresolved>:8032. Already tried 8 time(s); retry policy is RetryUpToMaximumCountWithFixedSleep(maxRetries=10, sleepTime=1000 MILLISECONDS)
[2024-01-29T10:36:48.909+0000] {spark_submit.py:571} INFO - 24/01/29 10:36:48 INFO Client: Retrying connect to server: resourcemanager.fqdn/<unresolved>:8032. Already tried 9 time(s); retry policy is RetryUpToMaximumCountWithFixedSleep(maxRetries=10, sleepTime=1000 MILLISECONDS)
[2024-01-29T10:36:48.925+0000] {spark_submit.py:571} INFO - 24/01/29 10:36:48 INFO RetryInvocationHandler: java.net.UnknownHostException: Invalid host name: local host is: "instance-1/10.200.0.5"; destination host is: "resourcemanager.fqdn":8032; java.net.UnknownHostException: Invalid host name: local host is: "instance-1/10.200.0.5"; destination host is: "resourcemanager.fqdn":8032; java.net.UnknownHostException; For more details see:  http://wiki.apache.org/hadoop/UnknownHost; For more details see:  http://wiki.apache.org/hadoop/UnknownHost, while invoking ApplicationClientProtocolPBClientImpl.getNewApplication over null after 1 failover attempts. Trying to failover after sleeping for 20537ms.
[2024-01-29T10:37:10.479+0000] {spark_submit.py:571} INFO - 24/01/29 10:37:10 INFO Client: Retrying connect to server: resourcemanager.fqdn/<unresolved>:8032. Already tried 0 time(s); retry policy is RetryUpToMaximumCountWithFixedSleep(maxRetries=10, sleepTime=1000 MILLISECONDS)
[2024-01-29T10:37:11.480+0000] {spark_submit.py:571} INFO - 24/01/29 10:37:11 INFO Client: Retrying connect to server: resourcemanager.fqdn/<unresolved>:8032. Already tried 1 time(s); retry policy is RetryUpToMaximumCountWithFixedSleep(maxRetries=10, sleepTime=1000 MILLISECONDS)
[2024-01-29T10:37:12.480+0000] {spark_submit.py:571} INFO - 24/01/29 10:37:12 INFO Client: Retrying connect to server: resourcemanager.fqdn/<unresolved>:8032. Already tried 2 time(s); retry policy is RetryUpToMaximumCountWithFixedSleep(maxRetries=10, sleepTime=1000 MILLISECONDS)
[2024-01-29T10:37:13.481+0000] {spark_submit.py:571} INFO - 24/01/29 10:37:13 INFO Client: Retrying connect to server: resourcemanager.fqdn/<unresolved>:8032. Already tried 3 time(s); retry policy is RetryUpToMaximumCountWithFixedSleep(maxRetries=10, sleepTime=1000 MILLISECONDS)
[2024-01-29T10:37:14.481+0000] {spark_submit.py:571} INFO - 24/01/29 10:37:14 INFO Client: Retrying connect to server: resourcemanager.fqdn/<unresolved>:8032. Already tried 4 time(s); retry policy is RetryUpToMaximumCountWithFixedSleep(maxRetries=10, sleepTime=1000 MILLISECONDS)
[2024-01-29T10:37:15.484+0000] {spark_submit.py:571} INFO - 24/01/29 10:37:15 INFO Client: Retrying connect to server: resourcemanager.fqdn/<unresolved>:8032. Already tried 5 time(s); retry policy is RetryUpToMaximumCountWithFixedSleep(maxRetries=10, sleepTime=1000 MILLISECONDS)
[2024-01-29T10:37:16.485+0000] {spark_submit.py:571} INFO - 24/01/29 10:37:16 INFO Client: Retrying connect to server: resourcemanager.fqdn/<unresolved>:8032. Already tried 6 time(s); retry policy is RetryUpToMaximumCountWithFixedSleep(maxRetries=10, sleepTime=1000 MILLISECONDS)
[2024-01-29T10:37:17.485+0000] {spark_submit.py:571} INFO - 24/01/29 10:37:17 INFO Client: Retrying connect to server: resourcemanager.fqdn/<unresolved>:8032. Already tried 7 time(s); retry policy is RetryUpToMaximumCountWithFixedSleep(maxRetries=10, sleepTime=1000 MILLISECONDS)
[2024-01-29T10:37:18.486+0000] {spark_submit.py:571} INFO - 24/01/29 10:37:18 INFO Client: Retrying connect to server: resourcemanager.fqdn/<unresolved>:8032. Already tried 8 time(s); retry policy is RetryUpToMaximumCountWithFixedSleep(maxRetries=10, sleepTime=1000 MILLISECONDS)
[2024-01-29T10:37:19.487+0000] {spark_submit.py:571} INFO - 24/01/29 10:37:19 INFO Client: Retrying connect to server: resourcemanager.fqdn/<unresolved>:8032. Already tried 9 time(s); retry policy is RetryUpToMaximumCountWithFixedSleep(maxRetries=10, sleepTime=1000 MILLISECONDS)
[2024-01-29T10:37:19.504+0000] {spark_submit.py:571} INFO - 24/01/29 10:37:19 INFO RetryInvocationHandler: java.net.UnknownHostException: Invalid host name: local host is: "instance-1/10.200.0.5"; destination host is: "resourcemanager.fqdn":8032; java.net.UnknownHostException: Invalid host name: local host is: "instance-1/10.200.0.5"; destination host is: "resourcemanager.fqdn":8032; java.net.UnknownHostException; For more details see:  http://wiki.apache.org/hadoop/UnknownHost; For more details see:  http://wiki.apache.org/hadoop/UnknownHost, while invoking ApplicationClientProtocolPBClientImpl.getNewApplication over null after 2 failover attempts. Trying to failover after sleeping for 36776ms.
[2024-01-29T10:37:57.298+0000] {spark_submit.py:571} INFO - 24/01/29 10:37:57 INFO Client: Retrying connect to server: resourcemanager.fqdn/<unresolved>:8032. Already tried 0 time(s); retry policy is RetryUpToMaximumCountWithFixedSleep(maxRetries=10, sleepTime=1000 MILLISECONDS)
[2024-01-29T10:37:58.299+0000] {spark_submit.py:571} INFO - 24/01/29 10:37:58 INFO Client: Retrying connect to server: resourcemanager.fqdn/<unresolved>:8032. Already tried 1 time(s); retry policy is RetryUpToMaximumCountWithFixedSleep(maxRetries=10, sleepTime=1000 MILLISECONDS)
[2024-01-29T10:37:59.299+0000] {spark_submit.py:571} INFO - 24/01/29 10:37:59 INFO Client: Retrying connect to server: resourcemanager.fqdn/<unresolved>:8032. Already tried 2 time(s); retry policy is RetryUpToMaximumCountWithFixedSleep(maxRetries=10, sleepTime=1000 MILLISECONDS)
[2024-01-29T10:38:00.300+0000] {spark_submit.py:571} INFO - 24/01/29 10:38:00 INFO Client: Retrying connect to server: resourcemanager.fqdn/<unresolved>:8032. Already tried 3 time(s); retry policy is RetryUpToMaximumCountWithFixedSleep(maxRetries=10, sleepTime=1000 MILLISECONDS)
[2024-01-29T10:38:01.300+0000] {spark_submit.py:571} INFO - 24/01/29 10:38:01 INFO Client: Retrying connect to server: resourcemanager.fqdn/<unresolved>:8032. Already tried 4 time(s); retry policy is RetryUpToMaximumCountWithFixedSleep(maxRetries=10, sleepTime=1000 MILLISECONDS)
[2024-01-29T10:38:02.303+0000] {spark_submit.py:571} INFO - 24/01/29 10:38:02 INFO Client: Retrying connect to server: resourcemanager.fqdn/<unresolved>:8032. Already tried 5 time(s); retry policy is RetryUpToMaximumCountWithFixedSleep(maxRetries=10, sleepTime=1000 MILLISECONDS)
[2024-01-29T10:38:03.304+0000] {spark_submit.py:571} INFO - 24/01/29 10:38:03 INFO Client: Retrying connect to server: resourcemanager.fqdn/<unresolved>:8032. Already tried 6 time(s); retry policy is RetryUpToMaximumCountWithFixedSleep(maxRetries=10, sleepTime=1000 MILLISECONDS)
[2024-01-29T10:38:04.304+0000] {spark_submit.py:571} INFO - 24/01/29 10:38:04 INFO Client: Retrying connect to server: resourcemanager.fqdn/<unresolved>:8032. Already tried 7 time(s); retry policy is RetryUpToMaximumCountWithFixedSleep(maxRetries=10, sleepTime=1000 MILLISECONDS)
[2024-01-29T10:38:05.305+0000] {spark_submit.py:571} INFO - 24/01/29 10:38:05 INFO Client: Retrying connect to server: resourcemanager.fqdn/<unresolved>:8032. Already tried 8 time(s); retry policy is RetryUpToMaximumCountWithFixedSleep(maxRetries=10, sleepTime=1000 MILLISECONDS)
[2024-01-29T10:38:06.305+0000] {spark_submit.py:571} INFO - 24/01/29 10:38:06 INFO Client: Retrying connect to server: resourcemanager.fqdn/<unresolved>:8032. Already tried 9 time(s); retry policy is RetryUpToMaximumCountWithFixedSleep(maxRetries=10, sleepTime=1000 MILLISECONDS)
[2024-01-29T10:38:06.322+0000] {spark_submit.py:571} INFO - 24/01/29 10:38:06 INFO RetryInvocationHandler: java.net.UnknownHostException: Invalid host name: local host is: "instance-1/10.200.0.5"; destination host is: "resourcemanager.fqdn":8032; java.net.UnknownHostException: Invalid host name: local host is: "instance-1/10.200.0.5"; destination host is: "resourcemanager.fqdn":8032; java.net.UnknownHostException; For more details see:  http://wiki.apache.org/hadoop/UnknownHost; For more details see:  http://wiki.apache.org/hadoop/UnknownHost, while invoking ApplicationClientProtocolPBClientImpl.getNewApplication over null after 3 failover attempts. Trying to failover after sleeping for 38820ms.
[2024-01-29T10:38:46.160+0000] {spark_submit.py:571} INFO - 24/01/29 10:38:46 INFO Client: Retrying connect to server: resourcemanager.fqdn/<unresolved>:8032. Already tried 0 time(s); retry policy is RetryUpToMaximumCountWithFixedSleep(maxRetries=10, sleepTime=1000 MILLISECONDS)
[2024-01-29T10:38:47.161+0000] {spark_submit.py:571} INFO - 24/01/29 10:38:47 INFO Client: Retrying connect to server: resourcemanager.fqdn/<unresolved>:8032. Already tried 1 time(s); retry policy is RetryUpToMaximumCountWithFixedSleep(maxRetries=10, sleepTime=1000 MILLISECONDS)
[2024-01-29T10:38:48.161+0000] {spark_submit.py:571} INFO - 24/01/29 10:38:48 INFO Client: Retrying connect to server: resourcemanager.fqdn/<unresolved>:8032. Already tried 2 time(s); retry policy is RetryUpToMaximumCountWithFixedSleep(maxRetries=10, sleepTime=1000 MILLISECONDS)
[2024-01-29T10:38:49.162+0000] {spark_submit.py:571} INFO - 24/01/29 10:38:49 INFO Client: Retrying connect to server: resourcemanager.fqdn/<unresolved>:8032. Already tried 3 time(s); retry policy is RetryUpToMaximumCountWithFixedSleep(maxRetries=10, sleepTime=1000 MILLISECONDS)
[2024-01-29T10:38:50.162+0000] {spark_submit.py:571} INFO - 24/01/29 10:38:50 INFO Client: Retrying connect to server: resourcemanager.fqdn/<unresolved>:8032. Already tried 4 time(s); retry policy is RetryUpToMaximumCountWithFixedSleep(maxRetries=10, sleepTime=1000 MILLISECONDS)
[2024-01-29T10:38:51.166+0000] {spark_submit.py:571} INFO - 24/01/29 10:38:51 INFO Client: Retrying connect to server: resourcemanager.fqdn/<unresolved>:8032. Already tried 5 time(s); retry policy is RetryUpToMaximumCountWithFixedSleep(maxRetries=10, sleepTime=1000 MILLISECONDS)
[2024-01-29T10:38:52.166+0000] {spark_submit.py:571} INFO - 24/01/29 10:38:52 INFO Client: Retrying connect to server: resourcemanager.fqdn/<unresolved>:8032. Already tried 6 time(s); retry policy is RetryUpToMaximumCountWithFixedSleep(maxRetries=10, sleepTime=1000 MILLISECONDS)
[2024-01-29T10:38:53.167+0000] {spark_submit.py:571} INFO - 24/01/29 10:38:53 INFO Client: Retrying connect to server: resourcemanager.fqdn/<unresolved>:8032. Already tried 7 time(s); retry policy is RetryUpToMaximumCountWithFixedSleep(maxRetries=10, sleepTime=1000 MILLISECONDS)
[2024-01-29T10:38:54.167+0000] {spark_submit.py:571} INFO - 24/01/29 10:38:54 INFO Client: Retrying connect to server: resourcemanager.fqdn/<unresolved>:8032. Already tried 8 time(s); retry policy is RetryUpToMaximumCountWithFixedSleep(maxRetries=10, sleepTime=1000 MILLISECONDS)
[2024-01-29T10:38:55.168+0000] {spark_submit.py:571} INFO - 24/01/29 10:38:55 INFO Client: Retrying connect to server: resourcemanager.fqdn/<unresolved>:8032. Already tried 9 time(s); retry policy is RetryUpToMaximumCountWithFixedSleep(maxRetries=10, sleepTime=1000 MILLISECONDS)
[2024-01-29T10:38:55.185+0000] {spark_submit.py:571} INFO - 24/01/29 10:38:55 INFO RetryInvocationHandler: java.net.UnknownHostException: Invalid host name: local host is: "instance-1/10.200.0.5"; destination host is: "resourcemanager.fqdn":8032; java.net.UnknownHostException: Invalid host name: local host is: "instance-1/10.200.0.5"; destination host is: "resourcemanager.fqdn":8032; java.net.UnknownHostException; For more details see:  http://wiki.apache.org/hadoop/UnknownHost; For more details see:  http://wiki.apache.org/hadoop/UnknownHost, while invoking ApplicationClientProtocolPBClientImpl.getNewApplication over null after 4 failover attempts. Trying to failover after sleeping for 16119ms.
[2024-01-29T10:39:12.320+0000] {spark_submit.py:571} INFO - 24/01/29 10:39:12 INFO Client: Retrying connect to server: resourcemanager.fqdn/<unresolved>:8032. Already tried 0 time(s); retry policy is RetryUpToMaximumCountWithFixedSleep(maxRetries=10, sleepTime=1000 MILLISECONDS)
[2024-01-29T10:39:13.321+0000] {spark_submit.py:571} INFO - 24/01/29 10:39:13 INFO Client: Retrying connect to server: resourcemanager.fqdn/<unresolved>:8032. Already tried 1 time(s); retry policy is RetryUpToMaximumCountWithFixedSleep(maxRetries=10, sleepTime=1000 MILLISECONDS)
[2024-01-29T10:39:14.321+0000] {spark_submit.py:571} INFO - 24/01/29 10:39:14 INFO Client: Retrying connect to server: resourcemanager.fqdn/<unresolved>:8032. Already tried 2 time(s); retry policy is RetryUpToMaximumCountWithFixedSleep(maxRetries=10, sleepTime=1000 MILLISECONDS)
[2024-01-29T10:39:15.322+0000] {spark_submit.py:571} INFO - 24/01/29 10:39:15 INFO Client: Retrying connect to server: resourcemanager.fqdn/<unresolved>:8032. Already tried 3 time(s); retry policy is RetryUpToMaximumCountWithFixedSleep(maxRetries=10, sleepTime=1000 MILLISECONDS)
[2024-01-29T10:39:16.323+0000] {spark_submit.py:571} INFO - 24/01/29 10:39:16 INFO Client: Retrying connect to server: resourcemanager.fqdn/<unresolved>:8032. Already tried 4 time(s); retry policy is RetryUpToMaximumCountWithFixedSleep(maxRetries=10, sleepTime=1000 MILLISECONDS)
[2024-01-29T10:39:17.326+0000] {spark_submit.py:571} INFO - 24/01/29 10:39:17 INFO Client: Retrying connect to server: resourcemanager.fqdn/<unresolved>:8032. Already tried 5 time(s); retry policy is RetryUpToMaximumCountWithFixedSleep(maxRetries=10, sleepTime=1000 MILLISECONDS)
[2024-01-29T10:39:18.327+0000] {spark_submit.py:571} INFO - 24/01/29 10:39:18 INFO Client: Retrying connect to server: resourcemanager.fqdn/<unresolved>:8032. Already tried 6 time(s); retry policy is RetryUpToMaximumCountWithFixedSleep(maxRetries=10, sleepTime=1000 MILLISECONDS)
[2024-01-29T10:39:19.327+0000] {spark_submit.py:571} INFO - 24/01/29 10:39:19 INFO Client: Retrying connect to server: resourcemanager.fqdn/<unresolved>:8032. Already tried 7 time(s); retry policy is RetryUpToMaximumCountWithFixedSleep(maxRetries=10, sleepTime=1000 MILLISECONDS)
[2024-01-29T10:39:20.328+0000] {spark_submit.py:571} INFO - 24/01/29 10:39:20 INFO Client: Retrying connect to server: resourcemanager.fqdn/<unresolved>:8032. Already tried 8 time(s); retry policy is RetryUpToMaximumCountWithFixedSleep(maxRetries=10, sleepTime=1000 MILLISECONDS)
[2024-01-29T10:39:21.328+0000] {spark_submit.py:571} INFO - 24/01/29 10:39:21 INFO Client: Retrying connect to server: resourcemanager.fqdn/<unresolved>:8032. Already tried 9 time(s); retry policy is RetryUpToMaximumCountWithFixedSleep(maxRetries=10, sleepTime=1000 MILLISECONDS)
[2024-01-29T10:39:21.345+0000] {spark_submit.py:571} INFO - 24/01/29 10:39:21 INFO RetryInvocationHandler: java.net.UnknownHostException: Invalid host name: local host is: "instance-1/10.200.0.5"; destination host is: "resourcemanager.fqdn":8032; java.net.UnknownHostException: Invalid host name: local host is: "instance-1/10.200.0.5"; destination host is: "resourcemanager.fqdn":8032; java.net.UnknownHostException; For more details see:  http://wiki.apache.org/hadoop/UnknownHost; For more details see:  http://wiki.apache.org/hadoop/UnknownHost, while invoking ApplicationClientProtocolPBClientImpl.getNewApplication over null after 5 failover attempts. Trying to failover after sleeping for 19934ms.
[2024-01-29T10:39:42.295+0000] {spark_submit.py:571} INFO - 24/01/29 10:39:42 INFO Client: Retrying connect to server: resourcemanager.fqdn/<unresolved>:8032. Already tried 0 time(s); retry policy is RetryUpToMaximumCountWithFixedSleep(maxRetries=10, sleepTime=1000 MILLISECONDS)
[2024-01-29T10:39:43.296+0000] {spark_submit.py:571} INFO - 24/01/29 10:39:43 INFO Client: Retrying connect to server: resourcemanager.fqdn/<unresolved>:8032. Already tried 1 time(s); retry policy is RetryUpToMaximumCountWithFixedSleep(maxRetries=10, sleepTime=1000 MILLISECONDS)
[2024-01-29T10:39:44.297+0000] {spark_submit.py:571} INFO - 24/01/29 10:39:44 INFO Client: Retrying connect to server: resourcemanager.fqdn/<unresolved>:8032. Already tried 2 time(s); retry policy is RetryUpToMaximumCountWithFixedSleep(maxRetries=10, sleepTime=1000 MILLISECONDS)
[2024-01-29T10:39:45.299+0000] {spark_submit.py:571} INFO - 24/01/29 10:39:45 INFO Client: Retrying connect to server: resourcemanager.fqdn/<unresolved>:8032. Already tried 3 time(s); retry policy is RetryUpToMaximumCountWithFixedSleep(maxRetries=10, sleepTime=1000 MILLISECONDS)
[2024-01-29T10:39:46.298+0000] {spark_submit.py:571} INFO - 24/01/29 10:39:46 INFO Client: Retrying connect to server: resourcemanager.fqdn/<unresolved>:8032. Already tried 4 time(s); retry policy is RetryUpToMaximumCountWithFixedSleep(maxRetries=10, sleepTime=1000 MILLISECONDS)
[2024-01-29T10:39:47.301+0000] {spark_submit.py:571} INFO - 24/01/29 10:39:47 INFO Client: Retrying connect to server: resourcemanager.fqdn/<unresolved>:8032. Already tried 5 time(s); retry policy is RetryUpToMaximumCountWithFixedSleep(maxRetries=10, sleepTime=1000 MILLISECONDS)
[2024-01-29T10:39:48.302+0000] {spark_submit.py:571} INFO - 24/01/29 10:39:48 INFO Client: Retrying connect to server: resourcemanager.fqdn/<unresolved>:8032. Already tried 6 time(s); retry policy is RetryUpToMaximumCountWithFixedSleep(maxRetries=10, sleepTime=1000 MILLISECONDS)
[2024-01-29T10:39:49.302+0000] {spark_submit.py:571} INFO - 24/01/29 10:39:49 INFO Client: Retrying connect to server: resourcemanager.fqdn/<unresolved>:8032. Already tried 7 time(s); retry policy is RetryUpToMaximumCountWithFixedSleep(maxRetries=10, sleepTime=1000 MILLISECONDS)
[2024-01-29T10:39:50.303+0000] {spark_submit.py:571} INFO - 24/01/29 10:39:50 INFO Client: Retrying connect to server: resourcemanager.fqdn/<unresolved>:8032. Already tried 8 time(s); retry policy is RetryUpToMaximumCountWithFixedSleep(maxRetries=10, sleepTime=1000 MILLISECONDS)
[2024-01-29T10:39:51.303+0000] {spark_submit.py:571} INFO - 24/01/29 10:39:51 INFO Client: Retrying connect to server: resourcemanager.fqdn/<unresolved>:8032. Already tried 9 time(s); retry policy is RetryUpToMaximumCountWithFixedSleep(maxRetries=10, sleepTime=1000 MILLISECONDS)
[2024-01-29T10:39:51.320+0000] {spark_submit.py:571} INFO - 24/01/29 10:39:51 INFO RetryInvocationHandler: java.net.UnknownHostException: Invalid host name: local host is: "instance-1/10.200.0.5"; destination host is: "resourcemanager.fqdn":8032; java.net.UnknownHostException: Invalid host name: local host is: "instance-1/10.200.0.5"; destination host is: "resourcemanager.fqdn":8032; java.net.UnknownHostException; For more details see:  http://wiki.apache.org/hadoop/UnknownHost; For more details see:  http://wiki.apache.org/hadoop/UnknownHost, while invoking ApplicationClientProtocolPBClientImpl.getNewApplication over null after 6 failover attempts. Trying to failover after sleeping for 44154ms.
[2024-01-29T10:40:36.493+0000] {spark_submit.py:571} INFO - 24/01/29 10:40:36 INFO Client: Retrying connect to server: resourcemanager.fqdn/<unresolved>:8032. Already tried 0 time(s); retry policy is RetryUpToMaximumCountWithFixedSleep(maxRetries=10, sleepTime=1000 MILLISECONDS)
[2024-01-29T10:40:37.493+0000] {spark_submit.py:571} INFO - 24/01/29 10:40:37 INFO Client: Retrying connect to server: resourcemanager.fqdn/<unresolved>:8032. Already tried 1 time(s); retry policy is RetryUpToMaximumCountWithFixedSleep(maxRetries=10, sleepTime=1000 MILLISECONDS)
[2024-01-29T10:40:38.494+0000] {spark_submit.py:571} INFO - 24/01/29 10:40:38 INFO Client: Retrying connect to server: resourcemanager.fqdn/<unresolved>:8032. Already tried 2 time(s); retry policy is RetryUpToMaximumCountWithFixedSleep(maxRetries=10, sleepTime=1000 MILLISECONDS)
[2024-01-29T10:40:39.494+0000] {spark_submit.py:571} INFO - 24/01/29 10:40:39 INFO Client: Retrying connect to server: resourcemanager.fqdn/<unresolved>:8032. Already tried 3 time(s); retry policy is RetryUpToMaximumCountWithFixedSleep(maxRetries=10, sleepTime=1000 MILLISECONDS)
[2024-01-29T10:40:40.495+0000] {spark_submit.py:571} INFO - 24/01/29 10:40:40 INFO Client: Retrying connect to server: resourcemanager.fqdn/<unresolved>:8032. Already tried 4 time(s); retry policy is RetryUpToMaximumCountWithFixedSleep(maxRetries=10, sleepTime=1000 MILLISECONDS)
[2024-01-29T10:40:41.499+0000] {spark_submit.py:571} INFO - 24/01/29 10:40:41 INFO Client: Retrying connect to server: resourcemanager.fqdn/<unresolved>:8032. Already tried 5 time(s); retry policy is RetryUpToMaximumCountWithFixedSleep(maxRetries=10, sleepTime=1000 MILLISECONDS)
[2024-01-29T10:40:42.500+0000] {spark_submit.py:571} INFO - 24/01/29 10:40:42 INFO Client: Retrying connect to server: resourcemanager.fqdn/<unresolved>:8032. Already tried 6 time(s); retry policy is RetryUpToMaximumCountWithFixedSleep(maxRetries=10, sleepTime=1000 MILLISECONDS)
[2024-01-29T10:40:43.500+0000] {spark_submit.py:571} INFO - 24/01/29 10:40:43 INFO Client: Retrying connect to server: resourcemanager.fqdn/<unresolved>:8032. Already tried 7 time(s); retry policy is RetryUpToMaximumCountWithFixedSleep(maxRetries=10, sleepTime=1000 MILLISECONDS)
[2024-01-29T10:40:44.500+0000] {spark_submit.py:571} INFO - 24/01/29 10:40:44 INFO Client: Retrying connect to server: resourcemanager.fqdn/<unresolved>:8032. Already tried 8 time(s); retry policy is RetryUpToMaximumCountWithFixedSleep(maxRetries=10, sleepTime=1000 MILLISECONDS)
[2024-01-29T10:40:45.501+0000] {spark_submit.py:571} INFO - 24/01/29 10:40:45 INFO Client: Retrying connect to server: resourcemanager.fqdn/<unresolved>:8032. Already tried 9 time(s); retry policy is RetryUpToMaximumCountWithFixedSleep(maxRetries=10, sleepTime=1000 MILLISECONDS)
[2024-01-29T10:40:45.517+0000] {spark_submit.py:571} INFO - 24/01/29 10:40:45 INFO RetryInvocationHandler: java.net.UnknownHostException: Invalid host name: local host is: "instance-1/10.200.0.5"; destination host is: "resourcemanager.fqdn":8032; java.net.UnknownHostException: Invalid host name: local host is: "instance-1/10.200.0.5"; destination host is: "resourcemanager.fqdn":8032; java.net.UnknownHostException; For more details see:  http://wiki.apache.org/hadoop/UnknownHost; For more details see:  http://wiki.apache.org/hadoop/UnknownHost, while invoking ApplicationClientProtocolPBClientImpl.getNewApplication over null after 7 failover attempts. Trying to failover after sleeping for 35160ms.
[2024-01-29T10:40:47.397+0000] {process_utils.py:131} INFO - Sending Signals.SIGTERM to group 87523. PIDs of all processes in the group: [87524, 87523]
[2024-01-29T10:40:47.400+0000] {process_utils.py:86} INFO - Sending the signal Signals.SIGTERM to group 87523
[2024-01-29T10:40:47.401+0000] {taskinstance.py:2450} ERROR - Received SIGTERM. Terminating subprocesses.
[2024-01-29T10:40:47.401+0000] {spark_submit.py:697} INFO - Sending kill signal to spark-submit
[2024-01-29T10:40:47.424+0000] {taskinstance.py:2698} ERROR - Task failed with exception
Traceback (most recent call last):
  File "/home/juniortemgoua0/DataLake/venv/lib/python3.8/site-packages/airflow/models/taskinstance.py", line 433, in _execute_task
    result = execute_callable(context=context, **execute_callable_kwargs)
  File "/home/juniortemgoua0/DataLake/venv/lib/python3.8/site-packages/airflow/providers/apache/spark/operators/spark_submit.py", line 174, in execute
    self._hook.submit(self._application)
  File "/home/juniortemgoua0/DataLake/venv/lib/python3.8/site-packages/airflow/providers/apache/spark/hooks/spark_submit.py", line 490, in submit
    self._process_spark_submit_log(iter(self._submit_sp.stdout))  # type: ignore
  File "/home/juniortemgoua0/DataLake/venv/lib/python3.8/site-packages/airflow/providers/apache/spark/hooks/spark_submit.py", line 539, in _process_spark_submit_log
    for line in itr:
  File "/home/juniortemgoua0/DataLake/venv/lib/python3.8/site-packages/airflow/models/taskinstance.py", line 2452, in signal_handler
    raise AirflowException("Task received SIGTERM signal")
airflow.exceptions.AirflowException: Task received SIGTERM signal
[2024-01-29T10:40:47.428+0000] {taskinstance.py:1138} INFO - Marking task as UP_FOR_RETRY. dag_id=manage_data_lake_dag, task_id=spark_job_formatted, execution_date=20240129T101025, start_date=20240129T103624, end_date=20240129T104047
[2024-01-29T10:40:47.447+0000] {standard_task_runner.py:107} ERROR - Failed to execute job 92 for task spark_job_formatted (Task received SIGTERM signal; 87523)
[2024-01-29T10:40:47.497+0000] {process_utils.py:79} INFO - Process psutil.Process(pid=87524, status='terminated', started='10:36:23') (87524) terminated with exit code None
[2024-01-29T10:40:47.497+0000] {process_utils.py:79} INFO - Process psutil.Process(pid=87523, status='terminated', exitcode=1, started='10:36:23') (87523) terminated with exit code 1
