[2024-01-29T15:24:05.888+0000] {taskinstance.py:1956} INFO - Dependencies all met for dep_context=non-requeueable deps ti=<TaskInstance: manage_data_lake_dag.job_formatted_to_usage scheduled__2024-01-08T00:00:00+00:00 [queued]>
[2024-01-29T15:24:05.893+0000] {taskinstance.py:1956} INFO - Dependencies all met for dep_context=requeueable deps ti=<TaskInstance: manage_data_lake_dag.job_formatted_to_usage scheduled__2024-01-08T00:00:00+00:00 [queued]>
[2024-01-29T15:24:05.894+0000] {taskinstance.py:2170} INFO - Starting attempt 2 of 6
[2024-01-29T15:24:05.905+0000] {taskinstance.py:2191} INFO - Executing <Task(SparkSubmitOperator): job_formatted_to_usage> on 2024-01-08 00:00:00+00:00
[2024-01-29T15:24:05.910+0000] {standard_task_runner.py:60} INFO - Started process 51849 to run task
[2024-01-29T15:24:05.915+0000] {standard_task_runner.py:87} INFO - Running: ['airflow', 'tasks', 'run', 'manage_data_lake_dag', 'job_formatted_to_usage', 'scheduled__2024-01-08T00:00:00+00:00', '--job-id', '173', '--raw', '--subdir', 'DAGS_FOLDER/data_lake_dag.py', '--cfg-path', '/tmp/tmp0w41grow']
[2024-01-29T15:24:05.917+0000] {standard_task_runner.py:88} INFO - Job 173: Subtask job_formatted_to_usage
[2024-01-29T15:24:05.955+0000] {task_command.py:423} INFO - Running <TaskInstance: manage_data_lake_dag.job_formatted_to_usage scheduled__2024-01-08T00:00:00+00:00 [running]> on host instance-1.europe-west9-a.c.data-lake-project-409321.internal
[2024-01-29T15:24:06.002+0000] {taskinstance.py:2480} INFO - Exporting env vars: AIRFLOW_CTX_DAG_OWNER='juniortemgoua0' AIRFLOW_CTX_DAG_ID='manage_data_lake_dag' AIRFLOW_CTX_TASK_ID='job_formatted_to_usage' AIRFLOW_CTX_EXECUTION_DATE='2024-01-08T00:00:00+00:00' AIRFLOW_CTX_TRY_NUMBER='2' AIRFLOW_CTX_DAG_RUN_ID='scheduled__2024-01-08T00:00:00+00:00'
[2024-01-29T15:24:06.008+0000] {base.py:83} INFO - Using connection ID 'spark_default' for task execution.
[2024-01-29T15:24:06.010+0000] {spark_submit.py:401} INFO - Spark-Submit cmd: spark-submit --master local[*] --name arrow-spark --class FormattedToUsage --queue root.default --deploy-mode client /home/juniortemgoua0/DataLake/jobs/processes/scala/spark_process/target/scala-2.12/spark_job_2.12-0.1.0.jar gs://data-lake-buck
[2024-01-29T15:24:08.621+0000] {spark_submit.py:571} INFO - 24/01/29 15:24:08 INFO SparkContext: Running Spark version 3.5.0
[2024-01-29T15:24:08.627+0000] {spark_submit.py:571} INFO - 24/01/29 15:24:08 INFO SparkContext: OS info Linux, 5.15.0-1049-gcp, amd64
[2024-01-29T15:24:08.628+0000] {spark_submit.py:571} INFO - 24/01/29 15:24:08 INFO SparkContext: Java version 17.0.9
[2024-01-29T15:24:08.777+0000] {spark_submit.py:571} INFO - 24/01/29 15:24:08 WARN NativeCodeLoader: Unable to load native-hadoop library for your platform... using builtin-java classes where applicable
[2024-01-29T15:24:08.955+0000] {spark_submit.py:571} INFO - 24/01/29 15:24:08 INFO ResourceUtils: ==============================================================
[2024-01-29T15:24:08.957+0000] {spark_submit.py:571} INFO - 24/01/29 15:24:08 INFO ResourceUtils: No custom resources configured for spark.driver.
[2024-01-29T15:24:08.958+0000] {spark_submit.py:571} INFO - 24/01/29 15:24:08 INFO ResourceUtils: ==============================================================
[2024-01-29T15:24:08.959+0000] {spark_submit.py:571} INFO - 24/01/29 15:24:08 INFO SparkContext: Submitted application: RawToFormatted
[2024-01-29T15:24:09.002+0000] {spark_submit.py:571} INFO - 24/01/29 15:24:09 INFO ResourceProfile: Default ResourceProfile created, executor resources: Map(cores -> name: cores, amount: 1, script: , vendor: , memory -> name: memory, amount: 1024, script: , vendor: , offHeap -> name: offHeap, amount: 0, script: , vendor: ), task resources: Map(cpus -> name: cpus, amount: 1.0)
[2024-01-29T15:24:09.015+0000] {spark_submit.py:571} INFO - 24/01/29 15:24:09 INFO ResourceProfile: Limiting resource is cpu
[2024-01-29T15:24:09.017+0000] {spark_submit.py:571} INFO - 24/01/29 15:24:09 INFO ResourceProfileManager: Added ResourceProfile id: 0
[2024-01-29T15:24:09.097+0000] {spark_submit.py:571} INFO - 24/01/29 15:24:09 INFO SecurityManager: Changing view acls to: juniortemgoua0
[2024-01-29T15:24:09.098+0000] {spark_submit.py:571} INFO - 24/01/29 15:24:09 INFO SecurityManager: Changing modify acls to: juniortemgoua0
[2024-01-29T15:24:09.100+0000] {spark_submit.py:571} INFO - 24/01/29 15:24:09 INFO SecurityManager: Changing view acls groups to:
[2024-01-29T15:24:09.101+0000] {spark_submit.py:571} INFO - 24/01/29 15:24:09 INFO SecurityManager: Changing modify acls groups to:
[2024-01-29T15:24:09.102+0000] {spark_submit.py:571} INFO - 24/01/29 15:24:09 INFO SecurityManager: SecurityManager: authentication disabled; ui acls disabled; users with view permissions: juniortemgoua0; groups with view permissions: EMPTY; users with modify permissions: juniortemgoua0; groups with modify permissions: EMPTY
[2024-01-29T15:24:09.448+0000] {spark_submit.py:571} INFO - 24/01/29 15:24:09 INFO Utils: Successfully started service 'sparkDriver' on port 36065.
[2024-01-29T15:24:09.492+0000] {spark_submit.py:571} INFO - 24/01/29 15:24:09 INFO SparkEnv: Registering MapOutputTracker
[2024-01-29T15:24:09.545+0000] {spark_submit.py:571} INFO - 24/01/29 15:24:09 INFO SparkEnv: Registering BlockManagerMaster
[2024-01-29T15:24:09.573+0000] {spark_submit.py:571} INFO - 24/01/29 15:24:09 INFO BlockManagerMasterEndpoint: Using org.apache.spark.storage.DefaultTopologyMapper for getting topology information
[2024-01-29T15:24:09.574+0000] {spark_submit.py:571} INFO - 24/01/29 15:24:09 INFO BlockManagerMasterEndpoint: BlockManagerMasterEndpoint up
[2024-01-29T15:24:09.578+0000] {spark_submit.py:571} INFO - 24/01/29 15:24:09 INFO SparkEnv: Registering BlockManagerMasterHeartbeat
[2024-01-29T15:24:09.602+0000] {spark_submit.py:571} INFO - 24/01/29 15:24:09 INFO DiskBlockManager: Created local directory at /tmp/blockmgr-8ab26fa9-b2b6-4c83-9f1e-dcd4c7073bb3
[2024-01-29T15:24:09.626+0000] {spark_submit.py:571} INFO - 24/01/29 15:24:09 INFO MemoryStore: MemoryStore started with capacity 434.4 MiB
[2024-01-29T15:24:09.646+0000] {spark_submit.py:571} INFO - 24/01/29 15:24:09 INFO SparkEnv: Registering OutputCommitCoordinator
[2024-01-29T15:24:09.822+0000] {spark_submit.py:571} INFO - 24/01/29 15:24:09 INFO JettyUtils: Start Jetty 0.0.0.0:4040 for SparkUI
[2024-01-29T15:24:09.908+0000] {spark_submit.py:571} INFO - 24/01/29 15:24:09 INFO Utils: Successfully started service 'SparkUI' on port 4040.
[2024-01-29T15:24:09.976+0000] {spark_submit.py:571} INFO - 24/01/29 15:24:09 INFO SparkContext: Added JAR file:/home/juniortemgoua0/DataLake/jobs/processes/scala/spark_process/target/scala-2.12/spark_job_2.12-0.1.0.jar at spark://instance-1.europe-west9-a.c.data-lake-project-409321.internal:36065/jars/spark_job_2.12-0.1.0.jar with timestamp 1706541848601
[2024-01-29T15:24:10.071+0000] {spark_submit.py:571} INFO - 24/01/29 15:24:10 INFO Executor: Starting executor ID driver on host instance-1.europe-west9-a.c.data-lake-project-409321.internal
[2024-01-29T15:24:10.073+0000] {spark_submit.py:571} INFO - 24/01/29 15:24:10 INFO Executor: OS info Linux, 5.15.0-1049-gcp, amd64
[2024-01-29T15:24:10.074+0000] {spark_submit.py:571} INFO - 24/01/29 15:24:10 INFO Executor: Java version 17.0.9
[2024-01-29T15:24:10.087+0000] {spark_submit.py:571} INFO - 24/01/29 15:24:10 INFO Executor: Starting executor with user classpath (userClassPathFirst = false): ''
[2024-01-29T15:24:10.088+0000] {spark_submit.py:571} INFO - 24/01/29 15:24:10 INFO Executor: Created or updated repl class loader org.apache.spark.util.MutableURLClassLoader@44af588b for default.
[2024-01-29T15:24:10.121+0000] {spark_submit.py:571} INFO - 24/01/29 15:24:10 INFO Executor: Fetching spark://instance-1.europe-west9-a.c.data-lake-project-409321.internal:36065/jars/spark_job_2.12-0.1.0.jar with timestamp 1706541848601
[2024-01-29T15:24:10.236+0000] {spark_submit.py:571} INFO - 24/01/29 15:24:10 INFO TransportClientFactory: Successfully created connection to instance-1.europe-west9-a.c.data-lake-project-409321.internal/10.200.0.5:36065 after 70 ms (0 ms spent in bootstraps)
[2024-01-29T15:24:10.247+0000] {spark_submit.py:571} INFO - 24/01/29 15:24:10 INFO Utils: Fetching spark://instance-1.europe-west9-a.c.data-lake-project-409321.internal:36065/jars/spark_job_2.12-0.1.0.jar to /tmp/spark-28f4f61f-e8c8-41c8-af21-3dce9210dd4c/userFiles-366fad26-3e2c-45d7-9a14-648c0b72f6bb/fetchFileTemp13216542231335969314.tmp
[2024-01-29T15:24:10.303+0000] {spark_submit.py:571} INFO - 24/01/29 15:24:10 INFO Executor: Adding file:/tmp/spark-28f4f61f-e8c8-41c8-af21-3dce9210dd4c/userFiles-366fad26-3e2c-45d7-9a14-648c0b72f6bb/spark_job_2.12-0.1.0.jar to class loader default
[2024-01-29T15:24:10.315+0000] {spark_submit.py:571} INFO - 24/01/29 15:24:10 INFO Utils: Successfully started service 'org.apache.spark.network.netty.NettyBlockTransferService' on port 35129.
[2024-01-29T15:24:10.316+0000] {spark_submit.py:571} INFO - 24/01/29 15:24:10 INFO NettyBlockTransferService: Server created on instance-1.europe-west9-a.c.data-lake-project-409321.internal:35129
[2024-01-29T15:24:10.319+0000] {spark_submit.py:571} INFO - 24/01/29 15:24:10 INFO BlockManager: Using org.apache.spark.storage.RandomBlockReplicationPolicy for block replication policy
[2024-01-29T15:24:10.329+0000] {spark_submit.py:571} INFO - 24/01/29 15:24:10 INFO BlockManagerMaster: Registering BlockManager BlockManagerId(driver, instance-1.europe-west9-a.c.data-lake-project-409321.internal, 35129, None)
[2024-01-29T15:24:10.332+0000] {spark_submit.py:571} INFO - 24/01/29 15:24:10 INFO BlockManagerMasterEndpoint: Registering block manager instance-1.europe-west9-a.c.data-lake-project-409321.internal:35129 with 434.4 MiB RAM, BlockManagerId(driver, instance-1.europe-west9-a.c.data-lake-project-409321.internal, 35129, None)
[2024-01-29T15:24:10.335+0000] {spark_submit.py:571} INFO - 24/01/29 15:24:10 INFO BlockManagerMaster: Registered BlockManager BlockManagerId(driver, instance-1.europe-west9-a.c.data-lake-project-409321.internal, 35129, None)
[2024-01-29T15:24:10.336+0000] {spark_submit.py:571} INFO - 24/01/29 15:24:10 INFO BlockManager: Initialized BlockManager: BlockManagerId(driver, instance-1.europe-west9-a.c.data-lake-project-409321.internal, 35129, None)
[2024-01-29T15:24:11.276+0000] {spark_submit.py:571} INFO - 24/01/29 15:24:11 INFO SharedState: Setting hive.metastore.warehouse.dir ('null') to the value of spark.sql.warehouse.dir.
[2024-01-29T15:24:11.286+0000] {spark_submit.py:571} INFO - 24/01/29 15:24:11 INFO SharedState: Warehouse path is 'file:/home/juniortemgoua0/DataLake/spark-warehouse'.
[2024-01-29T15:24:12.977+0000] {spark_submit.py:571} INFO - 24/01/29 15:24:12 WARN FileSystem: Failed to initialize fileystem gs://data-lake-buck/formatted/football_data/season/2024-01-29: java.io.FileNotFoundException: /Users/juniortemgoua/Documents/projects/BigData/DataLake/utils/credentials/google_storage_secret_key_credentials.json (No such file or directory)
[2024-01-29T15:24:12.986+0000] {spark_submit.py:571} INFO - 24/01/29 15:24:12 WARN FileStreamSink: Assume no metadata directory. Error while looking for metadata directory in the path: gs://data-lake-buck/formatted/football_data/season/2024-01-29.
[2024-01-29T15:24:12.986+0000] {spark_submit.py:571} INFO - java.io.FileNotFoundException: /Users/juniortemgoua/Documents/projects/BigData/DataLake/utils/credentials/google_storage_secret_key_credentials.json (No such file or directory)
[2024-01-29T15:24:12.986+0000] {spark_submit.py:571} INFO - at java.base/java.io.FileInputStream.open0(Native Method)
[2024-01-29T15:24:12.986+0000] {spark_submit.py:571} INFO - at java.base/java.io.FileInputStream.open(FileInputStream.java:216)
[2024-01-29T15:24:12.987+0000] {spark_submit.py:571} INFO - at java.base/java.io.FileInputStream.<init>(FileInputStream.java:157)
[2024-01-29T15:24:12.987+0000] {spark_submit.py:571} INFO - at java.base/java.io.FileInputStream.<init>(FileInputStream.java:111)
[2024-01-29T15:24:12.987+0000] {spark_submit.py:571} INFO - at com.google.cloud.hadoop.repackaged.gcs.com.google.cloud.hadoop.util.CredentialFactory.getCredentialFromJsonKeyFile(CredentialFactory.java:297)
[2024-01-29T15:24:12.987+0000] {spark_submit.py:571} INFO - at com.google.cloud.hadoop.repackaged.gcs.com.google.cloud.hadoop.util.CredentialFactory.getCredential(CredentialFactory.java:414)
[2024-01-29T15:24:12.987+0000] {spark_submit.py:571} INFO - at com.google.cloud.hadoop.fs.gcs.GoogleHadoopFileSystemBase.getCredential(GoogleHadoopFileSystemBase.java:1434)
[2024-01-29T15:24:12.987+0000] {spark_submit.py:571} INFO - at com.google.cloud.hadoop.fs.gcs.GoogleHadoopFileSystemBase.createGcsFs(GoogleHadoopFileSystemBase.java:1591)
[2024-01-29T15:24:12.987+0000] {spark_submit.py:571} INFO - at com.google.cloud.hadoop.fs.gcs.GoogleHadoopFileSystemBase.configure(GoogleHadoopFileSystemBase.java:1573)
[2024-01-29T15:24:12.987+0000] {spark_submit.py:571} INFO - at com.google.cloud.hadoop.fs.gcs.GoogleHadoopFileSystemBase.initialize(GoogleHadoopFileSystemBase.java:490)
[2024-01-29T15:24:12.988+0000] {spark_submit.py:571} INFO - at org.apache.hadoop.fs.FileSystem.createFileSystem(FileSystem.java:3469)
[2024-01-29T15:24:12.988+0000] {spark_submit.py:571} INFO - at org.apache.hadoop.fs.FileSystem.access$300(FileSystem.java:174)
[2024-01-29T15:24:12.988+0000] {spark_submit.py:571} INFO - at org.apache.hadoop.fs.FileSystem$Cache.getInternal(FileSystem.java:3574)
[2024-01-29T15:24:12.988+0000] {spark_submit.py:571} INFO - at org.apache.hadoop.fs.FileSystem$Cache.get(FileSystem.java:3521)
[2024-01-29T15:24:12.988+0000] {spark_submit.py:571} INFO - at org.apache.hadoop.fs.FileSystem.get(FileSystem.java:540)
[2024-01-29T15:24:12.988+0000] {spark_submit.py:571} INFO - at org.apache.hadoop.fs.Path.getFileSystem(Path.java:365)
[2024-01-29T15:24:12.988+0000] {spark_submit.py:571} INFO - at org.apache.spark.sql.execution.streaming.FileStreamSink$.hasMetadata(FileStreamSink.scala:53)
[2024-01-29T15:24:12.988+0000] {spark_submit.py:571} INFO - at org.apache.spark.sql.execution.datasources.DataSource.resolveRelation(DataSource.scala:366)
[2024-01-29T15:24:12.989+0000] {spark_submit.py:571} INFO - at org.apache.spark.sql.DataFrameReader.loadV1Source(DataFrameReader.scala:229)
[2024-01-29T15:24:12.989+0000] {spark_submit.py:571} INFO - at org.apache.spark.sql.DataFrameReader.$anonfun$load$2(DataFrameReader.scala:211)
[2024-01-29T15:24:12.989+0000] {spark_submit.py:571} INFO - at scala.Option.getOrElse(Option.scala:189)
[2024-01-29T15:24:12.989+0000] {spark_submit.py:571} INFO - at org.apache.spark.sql.DataFrameReader.load(DataFrameReader.scala:211)
[2024-01-29T15:24:12.989+0000] {spark_submit.py:571} INFO - at org.apache.spark.sql.DataFrameReader.parquet(DataFrameReader.scala:563)
[2024-01-29T15:24:12.989+0000] {spark_submit.py:571} INFO - at org.apache.spark.sql.DataFrameReader.parquet(DataFrameReader.scala:548)
[2024-01-29T15:24:12.989+0000] {spark_submit.py:571} INFO - at FormattedToUsage$.combineCompetitions(FormattedToUsage.scala:27)
[2024-01-29T15:24:12.989+0000] {spark_submit.py:571} INFO - at FormattedToUsage$.main(FormattedToUsage.scala:20)
[2024-01-29T15:24:12.990+0000] {spark_submit.py:571} INFO - at FormattedToUsage.main(FormattedToUsage.scala)
[2024-01-29T15:24:12.990+0000] {spark_submit.py:571} INFO - at java.base/jdk.internal.reflect.NativeMethodAccessorImpl.invoke0(Native Method)
[2024-01-29T15:24:12.990+0000] {spark_submit.py:571} INFO - at java.base/jdk.internal.reflect.NativeMethodAccessorImpl.invoke(NativeMethodAccessorImpl.java:77)
[2024-01-29T15:24:12.990+0000] {spark_submit.py:571} INFO - at java.base/jdk.internal.reflect.DelegatingMethodAccessorImpl.invoke(DelegatingMethodAccessorImpl.java:43)
[2024-01-29T15:24:12.990+0000] {spark_submit.py:571} INFO - at java.base/java.lang.reflect.Method.invoke(Method.java:568)
[2024-01-29T15:24:12.990+0000] {spark_submit.py:571} INFO - at org.apache.spark.deploy.JavaMainApplication.start(SparkApplication.scala:52)
[2024-01-29T15:24:12.990+0000] {spark_submit.py:571} INFO - at org.apache.spark.deploy.SparkSubmit.org$apache$spark$deploy$SparkSubmit$$runMain(SparkSubmit.scala:1029)
[2024-01-29T15:24:12.990+0000] {spark_submit.py:571} INFO - at org.apache.spark.deploy.SparkSubmit.doRunMain$1(SparkSubmit.scala:194)
[2024-01-29T15:24:12.991+0000] {spark_submit.py:571} INFO - at org.apache.spark.deploy.SparkSubmit.submit(SparkSubmit.scala:217)
[2024-01-29T15:24:12.991+0000] {spark_submit.py:571} INFO - at org.apache.spark.deploy.SparkSubmit.doSubmit(SparkSubmit.scala:91)
[2024-01-29T15:24:12.991+0000] {spark_submit.py:571} INFO - at org.apache.spark.deploy.SparkSubmit$$anon$2.doSubmit(SparkSubmit.scala:1120)
[2024-01-29T15:24:12.991+0000] {spark_submit.py:571} INFO - at org.apache.spark.deploy.SparkSubmit$.main(SparkSubmit.scala:1129)
[2024-01-29T15:24:12.991+0000] {spark_submit.py:571} INFO - at org.apache.spark.deploy.SparkSubmit.main(SparkSubmit.scala)
[2024-01-29T15:24:13.009+0000] {spark_submit.py:571} INFO - 24/01/29 15:24:13 WARN FileSystem: Failed to initialize fileystem gs://data-lake-buck/formatted/football_data/season/2024-01-29: java.io.FileNotFoundException: /Users/juniortemgoua/Documents/projects/BigData/DataLake/utils/credentials/google_storage_secret_key_credentials.json (No such file or directory)
[2024-01-29T15:24:13.010+0000] {spark_submit.py:571} INFO - Exception in thread "main" java.io.FileNotFoundException: /Users/juniortemgoua/Documents/projects/BigData/DataLake/utils/credentials/google_storage_secret_key_credentials.json (No such file or directory)
[2024-01-29T15:24:13.010+0000] {spark_submit.py:571} INFO - at java.base/java.io.FileInputStream.open0(Native Method)
[2024-01-29T15:24:13.010+0000] {spark_submit.py:571} INFO - at java.base/java.io.FileInputStream.open(FileInputStream.java:216)
[2024-01-29T15:24:13.011+0000] {spark_submit.py:571} INFO - at java.base/java.io.FileInputStream.<init>(FileInputStream.java:157)
[2024-01-29T15:24:13.011+0000] {spark_submit.py:571} INFO - at java.base/java.io.FileInputStream.<init>(FileInputStream.java:111)
[2024-01-29T15:24:13.011+0000] {spark_submit.py:571} INFO - at com.google.cloud.hadoop.repackaged.gcs.com.google.cloud.hadoop.util.CredentialFactory.getCredentialFromJsonKeyFile(CredentialFactory.java:297)
[2024-01-29T15:24:13.011+0000] {spark_submit.py:571} INFO - at com.google.cloud.hadoop.repackaged.gcs.com.google.cloud.hadoop.util.CredentialFactory.getCredential(CredentialFactory.java:414)
[2024-01-29T15:24:13.012+0000] {spark_submit.py:571} INFO - at com.google.cloud.hadoop.fs.gcs.GoogleHadoopFileSystemBase.getCredential(GoogleHadoopFileSystemBase.java:1434)
[2024-01-29T15:24:13.012+0000] {spark_submit.py:571} INFO - at com.google.cloud.hadoop.fs.gcs.GoogleHadoopFileSystemBase.createGcsFs(GoogleHadoopFileSystemBase.java:1591)
[2024-01-29T15:24:13.013+0000] {spark_submit.py:571} INFO - at com.google.cloud.hadoop.fs.gcs.GoogleHadoopFileSystemBase.configure(GoogleHadoopFileSystemBase.java:1573)
[2024-01-29T15:24:13.013+0000] {spark_submit.py:571} INFO - at com.google.cloud.hadoop.fs.gcs.GoogleHadoopFileSystemBase.initialize(GoogleHadoopFileSystemBase.java:490)
[2024-01-29T15:24:13.014+0000] {spark_submit.py:571} INFO - at org.apache.hadoop.fs.FileSystem.createFileSystem(FileSystem.java:3469)
[2024-01-29T15:24:13.014+0000] {spark_submit.py:571} INFO - at org.apache.hadoop.fs.FileSystem.access$300(FileSystem.java:174)
[2024-01-29T15:24:13.014+0000] {spark_submit.py:571} INFO - at org.apache.hadoop.fs.FileSystem$Cache.getInternal(FileSystem.java:3574)
[2024-01-29T15:24:13.014+0000] {spark_submit.py:571} INFO - at org.apache.hadoop.fs.FileSystem$Cache.get(FileSystem.java:3521)
[2024-01-29T15:24:13.015+0000] {spark_submit.py:571} INFO - at org.apache.hadoop.fs.FileSystem.get(FileSystem.java:540)
[2024-01-29T15:24:13.015+0000] {spark_submit.py:571} INFO - at org.apache.hadoop.fs.Path.getFileSystem(Path.java:365)
[2024-01-29T15:24:13.015+0000] {spark_submit.py:571} INFO - at org.apache.spark.sql.execution.datasources.DataSource$.$anonfun$checkAndGlobPathIfNecessary$1(DataSource.scala:724)
[2024-01-29T15:24:13.015+0000] {spark_submit.py:571} INFO - at scala.collection.immutable.List.map(List.scala:293)
[2024-01-29T15:24:13.016+0000] {spark_submit.py:571} INFO - at org.apache.spark.sql.execution.datasources.DataSource$.checkAndGlobPathIfNecessary(DataSource.scala:722)
[2024-01-29T15:24:13.016+0000] {spark_submit.py:571} INFO - at org.apache.spark.sql.execution.datasources.DataSource.checkAndGlobPathIfNecessary(DataSource.scala:551)
[2024-01-29T15:24:13.016+0000] {spark_submit.py:571} INFO - at org.apache.spark.sql.execution.datasources.DataSource.resolveRelation(DataSource.scala:404)
[2024-01-29T15:24:13.016+0000] {spark_submit.py:571} INFO - at org.apache.spark.sql.DataFrameReader.loadV1Source(DataFrameReader.scala:229)
[2024-01-29T15:24:13.017+0000] {spark_submit.py:571} INFO - at org.apache.spark.sql.DataFrameReader.$anonfun$load$2(DataFrameReader.scala:211)
[2024-01-29T15:24:13.017+0000] {spark_submit.py:571} INFO - at scala.Option.getOrElse(Option.scala:189)
[2024-01-29T15:24:13.017+0000] {spark_submit.py:571} INFO - at org.apache.spark.sql.DataFrameReader.load(DataFrameReader.scala:211)
[2024-01-29T15:24:13.018+0000] {spark_submit.py:571} INFO - at org.apache.spark.sql.DataFrameReader.parquet(DataFrameReader.scala:563)
[2024-01-29T15:24:13.018+0000] {spark_submit.py:571} INFO - at org.apache.spark.sql.DataFrameReader.parquet(DataFrameReader.scala:548)
[2024-01-29T15:24:13.019+0000] {spark_submit.py:571} INFO - at FormattedToUsage$.combineCompetitions(FormattedToUsage.scala:27)
[2024-01-29T15:24:13.019+0000] {spark_submit.py:571} INFO - at FormattedToUsage$.main(FormattedToUsage.scala:20)
[2024-01-29T15:24:13.019+0000] {spark_submit.py:571} INFO - at FormattedToUsage.main(FormattedToUsage.scala)
[2024-01-29T15:24:13.019+0000] {spark_submit.py:571} INFO - at java.base/jdk.internal.reflect.NativeMethodAccessorImpl.invoke0(Native Method)
[2024-01-29T15:24:13.019+0000] {spark_submit.py:571} INFO - at java.base/jdk.internal.reflect.NativeMethodAccessorImpl.invoke(NativeMethodAccessorImpl.java:77)
[2024-01-29T15:24:13.019+0000] {spark_submit.py:571} INFO - at java.base/jdk.internal.reflect.DelegatingMethodAccessorImpl.invoke(DelegatingMethodAccessorImpl.java:43)
[2024-01-29T15:24:13.019+0000] {spark_submit.py:571} INFO - at java.base/java.lang.reflect.Method.invoke(Method.java:568)
[2024-01-29T15:24:13.020+0000] {spark_submit.py:571} INFO - at org.apache.spark.deploy.JavaMainApplication.start(SparkApplication.scala:52)
[2024-01-29T15:24:13.020+0000] {spark_submit.py:571} INFO - at org.apache.spark.deploy.SparkSubmit.org$apache$spark$deploy$SparkSubmit$$runMain(SparkSubmit.scala:1029)
[2024-01-29T15:24:13.020+0000] {spark_submit.py:571} INFO - at org.apache.spark.deploy.SparkSubmit.doRunMain$1(SparkSubmit.scala:194)
[2024-01-29T15:24:13.020+0000] {spark_submit.py:571} INFO - at org.apache.spark.deploy.SparkSubmit.submit(SparkSubmit.scala:217)
[2024-01-29T15:24:13.020+0000] {spark_submit.py:571} INFO - at org.apache.spark.deploy.SparkSubmit.doSubmit(SparkSubmit.scala:91)
[2024-01-29T15:24:13.020+0000] {spark_submit.py:571} INFO - at org.apache.spark.deploy.SparkSubmit$$anon$2.doSubmit(SparkSubmit.scala:1120)
[2024-01-29T15:24:13.020+0000] {spark_submit.py:571} INFO - at org.apache.spark.deploy.SparkSubmit$.main(SparkSubmit.scala:1129)
[2024-01-29T15:24:13.021+0000] {spark_submit.py:571} INFO - at org.apache.spark.deploy.SparkSubmit.main(SparkSubmit.scala)
[2024-01-29T15:24:13.028+0000] {spark_submit.py:571} INFO - 24/01/29 15:24:13 INFO SparkContext: Invoking stop() from shutdown hook
[2024-01-29T15:24:13.029+0000] {spark_submit.py:571} INFO - 24/01/29 15:24:13 INFO SparkContext: SparkContext is stopping with exitCode 0.
[2024-01-29T15:24:13.045+0000] {spark_submit.py:571} INFO - 24/01/29 15:24:13 INFO SparkUI: Stopped Spark web UI at http://instance-1.europe-west9-a.c.data-lake-project-409321.internal:4040
[2024-01-29T15:24:13.067+0000] {spark_submit.py:571} INFO - 24/01/29 15:24:13 INFO MapOutputTrackerMasterEndpoint: MapOutputTrackerMasterEndpoint stopped!
[2024-01-29T15:24:13.082+0000] {spark_submit.py:571} INFO - 24/01/29 15:24:13 INFO MemoryStore: MemoryStore cleared
[2024-01-29T15:24:13.083+0000] {spark_submit.py:571} INFO - 24/01/29 15:24:13 INFO BlockManager: BlockManager stopped
[2024-01-29T15:24:13.100+0000] {spark_submit.py:571} INFO - 24/01/29 15:24:13 INFO BlockManagerMaster: BlockManagerMaster stopped
[2024-01-29T15:24:13.104+0000] {spark_submit.py:571} INFO - 24/01/29 15:24:13 INFO OutputCommitCoordinator$OutputCommitCoordinatorEndpoint: OutputCommitCoordinator stopped!
[2024-01-29T15:24:13.115+0000] {spark_submit.py:571} INFO - 24/01/29 15:24:13 INFO SparkContext: Successfully stopped SparkContext
[2024-01-29T15:24:13.115+0000] {spark_submit.py:571} INFO - 24/01/29 15:24:13 INFO ShutdownHookManager: Shutdown hook called
[2024-01-29T15:24:13.116+0000] {spark_submit.py:571} INFO - 24/01/29 15:24:13 INFO ShutdownHookManager: Deleting directory /tmp/spark-da145bc1-bc1f-4650-b26a-42d79f045dda
[2024-01-29T15:24:13.120+0000] {spark_submit.py:571} INFO - 24/01/29 15:24:13 INFO ShutdownHookManager: Deleting directory /tmp/spark-28f4f61f-e8c8-41c8-af21-3dce9210dd4c
[2024-01-29T15:24:13.180+0000] {taskinstance.py:2698} ERROR - Task failed with exception
Traceback (most recent call last):
  File "/home/juniortemgoua0/DataLake/venv/lib/python3.8/site-packages/airflow/models/taskinstance.py", line 433, in _execute_task
    result = execute_callable(context=context, **execute_callable_kwargs)
  File "/home/juniortemgoua0/DataLake/venv/lib/python3.8/site-packages/airflow/providers/apache/spark/operators/spark_submit.py", line 174, in execute
    self._hook.submit(self._application)
  File "/home/juniortemgoua0/DataLake/venv/lib/python3.8/site-packages/airflow/providers/apache/spark/hooks/spark_submit.py", line 502, in submit
    raise AirflowException(
airflow.exceptions.AirflowException: Cannot execute: spark-submit --master local[*] --name arrow-spark --class FormattedToUsage --queue root.default --deploy-mode client /home/juniortemgoua0/DataLake/jobs/processes/scala/spark_process/target/scala-2.12/spark_job_2.12-0.1.0.jar gs://data-lake-buck. Error code is: 1.
[2024-01-29T15:24:13.183+0000] {taskinstance.py:1138} INFO - Marking task as UP_FOR_RETRY. dag_id=manage_data_lake_dag, task_id=job_formatted_to_usage, execution_date=20240108T000000, start_date=20240129T152405, end_date=20240129T152413
[2024-01-29T15:24:13.194+0000] {standard_task_runner.py:107} ERROR - Failed to execute job 173 for task job_formatted_to_usage (Cannot execute: spark-submit --master local[*] --name arrow-spark --class FormattedToUsage --queue root.default --deploy-mode client /home/juniortemgoua0/DataLake/jobs/processes/scala/spark_process/target/scala-2.12/spark_job_2.12-0.1.0.jar gs://data-lake-buck. Error code is: 1.; 51849)
[2024-01-29T15:24:13.214+0000] {local_task_job_runner.py:234} INFO - Task exited with return code 1
[2024-01-29T15:24:13.224+0000] {taskinstance.py:3280} INFO - 0 downstream tasks scheduled from follow-on schedule check
