[2024-01-29T15:36:39.124+0000] {taskinstance.py:1956} INFO - Dependencies all met for dep_context=non-requeueable deps ti=<TaskInstance: manage_data_lake_dag.job_formatted_to_usage scheduled__2024-01-06T00:00:00+00:00 [queued]>
[2024-01-29T15:36:39.130+0000] {taskinstance.py:1956} INFO - Dependencies all met for dep_context=requeueable deps ti=<TaskInstance: manage_data_lake_dag.job_formatted_to_usage scheduled__2024-01-06T00:00:00+00:00 [queued]>
[2024-01-29T15:36:39.130+0000] {taskinstance.py:2170} INFO - Starting attempt 4 of 6
[2024-01-29T15:36:39.142+0000] {taskinstance.py:2191} INFO - Executing <Task(SparkSubmitOperator): job_formatted_to_usage> on 2024-01-06 00:00:00+00:00
[2024-01-29T15:36:39.146+0000] {standard_task_runner.py:60} INFO - Started process 54096 to run task
[2024-01-29T15:36:39.152+0000] {standard_task_runner.py:87} INFO - Running: ['airflow', 'tasks', 'run', 'manage_data_lake_dag', 'job_formatted_to_usage', 'scheduled__2024-01-06T00:00:00+00:00', '--job-id', '188', '--raw', '--subdir', 'DAGS_FOLDER/data_lake_dag.py', '--cfg-path', '/tmp/tmpmgt3ndug']
[2024-01-29T15:36:39.154+0000] {standard_task_runner.py:88} INFO - Job 188: Subtask job_formatted_to_usage
[2024-01-29T15:36:39.196+0000] {task_command.py:423} INFO - Running <TaskInstance: manage_data_lake_dag.job_formatted_to_usage scheduled__2024-01-06T00:00:00+00:00 [running]> on host instance-1.europe-west9-a.c.data-lake-project-409321.internal
[2024-01-29T15:36:39.244+0000] {taskinstance.py:2480} INFO - Exporting env vars: AIRFLOW_CTX_DAG_OWNER='juniortemgoua0' AIRFLOW_CTX_DAG_ID='manage_data_lake_dag' AIRFLOW_CTX_TASK_ID='job_formatted_to_usage' AIRFLOW_CTX_EXECUTION_DATE='2024-01-06T00:00:00+00:00' AIRFLOW_CTX_TRY_NUMBER='4' AIRFLOW_CTX_DAG_RUN_ID='scheduled__2024-01-06T00:00:00+00:00'
[2024-01-29T15:36:39.249+0000] {base.py:83} INFO - Using connection ID 'spark_default' for task execution.
[2024-01-29T15:36:39.251+0000] {spark_submit.py:401} INFO - Spark-Submit cmd: spark-submit --master local[*] --name arrow-spark --class FormattedToUsage --queue root.default --deploy-mode client /home/juniortemgoua0/DataLake/jobs/processes/scala/spark_process/target/scala-2.12/spark_job_2.12-0.1.0.jar gs://data-lake-buck
[2024-01-29T15:36:41.957+0000] {spark_submit.py:571} INFO - 24/01/29 15:36:41 INFO SparkContext: Running Spark version 3.5.0
[2024-01-29T15:36:41.962+0000] {spark_submit.py:571} INFO - 24/01/29 15:36:41 INFO SparkContext: OS info Linux, 5.15.0-1049-gcp, amd64
[2024-01-29T15:36:41.963+0000] {spark_submit.py:571} INFO - 24/01/29 15:36:41 INFO SparkContext: Java version 17.0.9
[2024-01-29T15:36:42.075+0000] {spark_submit.py:571} INFO - 24/01/29 15:36:42 WARN NativeCodeLoader: Unable to load native-hadoop library for your platform... using builtin-java classes where applicable
[2024-01-29T15:36:42.200+0000] {spark_submit.py:571} INFO - 24/01/29 15:36:42 INFO ResourceUtils: ==============================================================
[2024-01-29T15:36:42.201+0000] {spark_submit.py:571} INFO - 24/01/29 15:36:42 INFO ResourceUtils: No custom resources configured for spark.driver.
[2024-01-29T15:36:42.202+0000] {spark_submit.py:571} INFO - 24/01/29 15:36:42 INFO ResourceUtils: ==============================================================
[2024-01-29T15:36:42.203+0000] {spark_submit.py:571} INFO - 24/01/29 15:36:42 INFO SparkContext: Submitted application: RawToFormatted
[2024-01-29T15:36:42.232+0000] {spark_submit.py:571} INFO - 24/01/29 15:36:42 INFO ResourceProfile: Default ResourceProfile created, executor resources: Map(cores -> name: cores, amount: 1, script: , vendor: , memory -> name: memory, amount: 1024, script: , vendor: , offHeap -> name: offHeap, amount: 0, script: , vendor: ), task resources: Map(cpus -> name: cpus, amount: 1.0)
[2024-01-29T15:36:42.244+0000] {spark_submit.py:571} INFO - 24/01/29 15:36:42 INFO ResourceProfile: Limiting resource is cpu
[2024-01-29T15:36:42.245+0000] {spark_submit.py:571} INFO - 24/01/29 15:36:42 INFO ResourceProfileManager: Added ResourceProfile id: 0
[2024-01-29T15:36:42.316+0000] {spark_submit.py:571} INFO - 24/01/29 15:36:42 INFO SecurityManager: Changing view acls to: juniortemgoua0
[2024-01-29T15:36:42.318+0000] {spark_submit.py:571} INFO - 24/01/29 15:36:42 INFO SecurityManager: Changing modify acls to: juniortemgoua0
[2024-01-29T15:36:42.319+0000] {spark_submit.py:571} INFO - 24/01/29 15:36:42 INFO SecurityManager: Changing view acls groups to:
[2024-01-29T15:36:42.320+0000] {spark_submit.py:571} INFO - 24/01/29 15:36:42 INFO SecurityManager: Changing modify acls groups to:
[2024-01-29T15:36:42.320+0000] {spark_submit.py:571} INFO - 24/01/29 15:36:42 INFO SecurityManager: SecurityManager: authentication disabled; ui acls disabled; users with view permissions: juniortemgoua0; groups with view permissions: EMPTY; users with modify permissions: juniortemgoua0; groups with modify permissions: EMPTY
[2024-01-29T15:36:42.656+0000] {spark_submit.py:571} INFO - 24/01/29 15:36:42 INFO Utils: Successfully started service 'sparkDriver' on port 45577.
[2024-01-29T15:36:42.688+0000] {spark_submit.py:571} INFO - 24/01/29 15:36:42 INFO SparkEnv: Registering MapOutputTracker
[2024-01-29T15:36:42.732+0000] {spark_submit.py:571} INFO - 24/01/29 15:36:42 INFO SparkEnv: Registering BlockManagerMaster
[2024-01-29T15:36:42.766+0000] {spark_submit.py:571} INFO - 24/01/29 15:36:42 INFO BlockManagerMasterEndpoint: Using org.apache.spark.storage.DefaultTopologyMapper for getting topology information
[2024-01-29T15:36:42.768+0000] {spark_submit.py:571} INFO - 24/01/29 15:36:42 INFO BlockManagerMasterEndpoint: BlockManagerMasterEndpoint up
[2024-01-29T15:36:42.773+0000] {spark_submit.py:571} INFO - 24/01/29 15:36:42 INFO SparkEnv: Registering BlockManagerMasterHeartbeat
[2024-01-29T15:36:42.796+0000] {spark_submit.py:571} INFO - 24/01/29 15:36:42 INFO DiskBlockManager: Created local directory at /tmp/blockmgr-7a360d64-33d7-46a9-aea3-0648c92702df
[2024-01-29T15:36:42.820+0000] {spark_submit.py:571} INFO - 24/01/29 15:36:42 INFO MemoryStore: MemoryStore started with capacity 434.4 MiB
[2024-01-29T15:36:42.842+0000] {spark_submit.py:571} INFO - 24/01/29 15:36:42 INFO SparkEnv: Registering OutputCommitCoordinator
[2024-01-29T15:36:43.030+0000] {spark_submit.py:571} INFO - 24/01/29 15:36:43 INFO JettyUtils: Start Jetty 0.0.0.0:4040 for SparkUI
[2024-01-29T15:36:43.112+0000] {spark_submit.py:571} INFO - 24/01/29 15:36:43 INFO Utils: Successfully started service 'SparkUI' on port 4040.
[2024-01-29T15:36:43.163+0000] {spark_submit.py:571} INFO - 24/01/29 15:36:43 INFO SparkContext: Added JAR file:/home/juniortemgoua0/DataLake/jobs/processes/scala/spark_process/target/scala-2.12/spark_job_2.12-0.1.0.jar at spark://instance-1.europe-west9-a.c.data-lake-project-409321.internal:45577/jars/spark_job_2.12-0.1.0.jar with timestamp 1706542601938
[2024-01-29T15:36:43.266+0000] {spark_submit.py:571} INFO - 24/01/29 15:36:43 INFO Executor: Starting executor ID driver on host instance-1.europe-west9-a.c.data-lake-project-409321.internal
[2024-01-29T15:36:43.267+0000] {spark_submit.py:571} INFO - 24/01/29 15:36:43 INFO Executor: OS info Linux, 5.15.0-1049-gcp, amd64
[2024-01-29T15:36:43.268+0000] {spark_submit.py:571} INFO - 24/01/29 15:36:43 INFO Executor: Java version 17.0.9
[2024-01-29T15:36:43.278+0000] {spark_submit.py:571} INFO - 24/01/29 15:36:43 INFO Executor: Starting executor with user classpath (userClassPathFirst = false): ''
[2024-01-29T15:36:43.278+0000] {spark_submit.py:571} INFO - 24/01/29 15:36:43 INFO Executor: Created or updated repl class loader org.apache.spark.util.MutableURLClassLoader@56b859a6 for default.
[2024-01-29T15:36:43.300+0000] {spark_submit.py:571} INFO - 24/01/29 15:36:43 INFO Executor: Fetching spark://instance-1.europe-west9-a.c.data-lake-project-409321.internal:45577/jars/spark_job_2.12-0.1.0.jar with timestamp 1706542601938
[2024-01-29T15:36:43.416+0000] {spark_submit.py:571} INFO - 24/01/29 15:36:43 INFO TransportClientFactory: Successfully created connection to instance-1.europe-west9-a.c.data-lake-project-409321.internal/10.200.0.5:45577 after 37 ms (0 ms spent in bootstraps)
[2024-01-29T15:36:43.424+0000] {spark_submit.py:571} INFO - 24/01/29 15:36:43 INFO Utils: Fetching spark://instance-1.europe-west9-a.c.data-lake-project-409321.internal:45577/jars/spark_job_2.12-0.1.0.jar to /tmp/spark-ebfe5a26-a7cd-4def-8503-fd491b955659/userFiles-ce6a4eb4-7baf-4984-819a-69a839d2a4d0/fetchFileTemp8148479232644191199.tmp
[2024-01-29T15:36:43.473+0000] {spark_submit.py:571} INFO - 24/01/29 15:36:43 INFO Executor: Adding file:/tmp/spark-ebfe5a26-a7cd-4def-8503-fd491b955659/userFiles-ce6a4eb4-7baf-4984-819a-69a839d2a4d0/spark_job_2.12-0.1.0.jar to class loader default
[2024-01-29T15:36:43.487+0000] {spark_submit.py:571} INFO - 24/01/29 15:36:43 INFO Utils: Successfully started service 'org.apache.spark.network.netty.NettyBlockTransferService' on port 41093.
[2024-01-29T15:36:43.487+0000] {spark_submit.py:571} INFO - 24/01/29 15:36:43 INFO NettyBlockTransferService: Server created on instance-1.europe-west9-a.c.data-lake-project-409321.internal:41093
[2024-01-29T15:36:43.487+0000] {spark_submit.py:571} INFO - 24/01/29 15:36:43 INFO BlockManager: Using org.apache.spark.storage.RandomBlockReplicationPolicy for block replication policy
[2024-01-29T15:36:43.496+0000] {spark_submit.py:571} INFO - 24/01/29 15:36:43 INFO BlockManagerMaster: Registering BlockManager BlockManagerId(driver, instance-1.europe-west9-a.c.data-lake-project-409321.internal, 41093, None)
[2024-01-29T15:36:43.499+0000] {spark_submit.py:571} INFO - 24/01/29 15:36:43 INFO BlockManagerMasterEndpoint: Registering block manager instance-1.europe-west9-a.c.data-lake-project-409321.internal:41093 with 434.4 MiB RAM, BlockManagerId(driver, instance-1.europe-west9-a.c.data-lake-project-409321.internal, 41093, None)
[2024-01-29T15:36:43.501+0000] {spark_submit.py:571} INFO - 24/01/29 15:36:43 INFO BlockManagerMaster: Registered BlockManager BlockManagerId(driver, instance-1.europe-west9-a.c.data-lake-project-409321.internal, 41093, None)
[2024-01-29T15:36:43.503+0000] {spark_submit.py:571} INFO - 24/01/29 15:36:43 INFO BlockManager: Initialized BlockManager: BlockManagerId(driver, instance-1.europe-west9-a.c.data-lake-project-409321.internal, 41093, None)
[2024-01-29T15:36:44.483+0000] {spark_submit.py:571} INFO - 24/01/29 15:36:44 INFO SharedState: Setting hive.metastore.warehouse.dir ('null') to the value of spark.sql.warehouse.dir.
[2024-01-29T15:36:44.492+0000] {spark_submit.py:571} INFO - 24/01/29 15:36:44 INFO SharedState: Warehouse path is 'file:/home/juniortemgoua0/DataLake/spark-warehouse'.
[2024-01-29T15:36:46.079+0000] {spark_submit.py:571} INFO - 24/01/29 15:36:46 WARN FileSystem: Failed to initialize fileystem gs://data-lake-buck/formatted/football_data/season/2024-01-29: java.io.FileNotFoundException: /Users/juniortemgoua/Documents/projects/BigData/DataLake/utils/credentials/google_storage_secret_key_credentials.json (No such file or directory)
[2024-01-29T15:36:46.084+0000] {spark_submit.py:571} INFO - 24/01/29 15:36:46 WARN FileStreamSink: Assume no metadata directory. Error while looking for metadata directory in the path: gs://data-lake-buck/formatted/football_data/season/2024-01-29.
[2024-01-29T15:36:46.084+0000] {spark_submit.py:571} INFO - java.io.FileNotFoundException: /Users/juniortemgoua/Documents/projects/BigData/DataLake/utils/credentials/google_storage_secret_key_credentials.json (No such file or directory)
[2024-01-29T15:36:46.084+0000] {spark_submit.py:571} INFO - at java.base/java.io.FileInputStream.open0(Native Method)
[2024-01-29T15:36:46.084+0000] {spark_submit.py:571} INFO - at java.base/java.io.FileInputStream.open(FileInputStream.java:216)
[2024-01-29T15:36:46.084+0000] {spark_submit.py:571} INFO - at java.base/java.io.FileInputStream.<init>(FileInputStream.java:157)
[2024-01-29T15:36:46.085+0000] {spark_submit.py:571} INFO - at java.base/java.io.FileInputStream.<init>(FileInputStream.java:111)
[2024-01-29T15:36:46.085+0000] {spark_submit.py:571} INFO - at com.google.cloud.hadoop.repackaged.gcs.com.google.cloud.hadoop.util.CredentialFactory.getCredentialFromJsonKeyFile(CredentialFactory.java:297)
[2024-01-29T15:36:46.085+0000] {spark_submit.py:571} INFO - at com.google.cloud.hadoop.repackaged.gcs.com.google.cloud.hadoop.util.CredentialFactory.getCredential(CredentialFactory.java:414)
[2024-01-29T15:36:46.085+0000] {spark_submit.py:571} INFO - at com.google.cloud.hadoop.fs.gcs.GoogleHadoopFileSystemBase.getCredential(GoogleHadoopFileSystemBase.java:1434)
[2024-01-29T15:36:46.085+0000] {spark_submit.py:571} INFO - at com.google.cloud.hadoop.fs.gcs.GoogleHadoopFileSystemBase.createGcsFs(GoogleHadoopFileSystemBase.java:1591)
[2024-01-29T15:36:46.085+0000] {spark_submit.py:571} INFO - at com.google.cloud.hadoop.fs.gcs.GoogleHadoopFileSystemBase.configure(GoogleHadoopFileSystemBase.java:1573)
[2024-01-29T15:36:46.085+0000] {spark_submit.py:571} INFO - at com.google.cloud.hadoop.fs.gcs.GoogleHadoopFileSystemBase.initialize(GoogleHadoopFileSystemBase.java:490)
[2024-01-29T15:36:46.085+0000] {spark_submit.py:571} INFO - at org.apache.hadoop.fs.FileSystem.createFileSystem(FileSystem.java:3469)
[2024-01-29T15:36:46.086+0000] {spark_submit.py:571} INFO - at org.apache.hadoop.fs.FileSystem.access$300(FileSystem.java:174)
[2024-01-29T15:36:46.086+0000] {spark_submit.py:571} INFO - at org.apache.hadoop.fs.FileSystem$Cache.getInternal(FileSystem.java:3574)
[2024-01-29T15:36:46.086+0000] {spark_submit.py:571} INFO - at org.apache.hadoop.fs.FileSystem$Cache.get(FileSystem.java:3521)
[2024-01-29T15:36:46.086+0000] {spark_submit.py:571} INFO - at org.apache.hadoop.fs.FileSystem.get(FileSystem.java:540)
[2024-01-29T15:36:46.086+0000] {spark_submit.py:571} INFO - at org.apache.hadoop.fs.Path.getFileSystem(Path.java:365)
[2024-01-29T15:36:46.086+0000] {spark_submit.py:571} INFO - at org.apache.spark.sql.execution.streaming.FileStreamSink$.hasMetadata(FileStreamSink.scala:53)
[2024-01-29T15:36:46.087+0000] {spark_submit.py:571} INFO - at org.apache.spark.sql.execution.datasources.DataSource.resolveRelation(DataSource.scala:366)
[2024-01-29T15:36:46.087+0000] {spark_submit.py:571} INFO - at org.apache.spark.sql.DataFrameReader.loadV1Source(DataFrameReader.scala:229)
[2024-01-29T15:36:46.087+0000] {spark_submit.py:571} INFO - at org.apache.spark.sql.DataFrameReader.$anonfun$load$2(DataFrameReader.scala:211)
[2024-01-29T15:36:46.087+0000] {spark_submit.py:571} INFO - at scala.Option.getOrElse(Option.scala:189)
[2024-01-29T15:36:46.087+0000] {spark_submit.py:571} INFO - at org.apache.spark.sql.DataFrameReader.load(DataFrameReader.scala:211)
[2024-01-29T15:36:46.087+0000] {spark_submit.py:571} INFO - at org.apache.spark.sql.DataFrameReader.parquet(DataFrameReader.scala:563)
[2024-01-29T15:36:46.087+0000] {spark_submit.py:571} INFO - at org.apache.spark.sql.DataFrameReader.parquet(DataFrameReader.scala:548)
[2024-01-29T15:36:46.088+0000] {spark_submit.py:571} INFO - at FormattedToUsage$.combineCompetitions(FormattedToUsage.scala:27)
[2024-01-29T15:36:46.088+0000] {spark_submit.py:571} INFO - at FormattedToUsage$.main(FormattedToUsage.scala:20)
[2024-01-29T15:36:46.088+0000] {spark_submit.py:571} INFO - at FormattedToUsage.main(FormattedToUsage.scala)
[2024-01-29T15:36:46.088+0000] {spark_submit.py:571} INFO - at java.base/jdk.internal.reflect.NativeMethodAccessorImpl.invoke0(Native Method)
[2024-01-29T15:36:46.088+0000] {spark_submit.py:571} INFO - at java.base/jdk.internal.reflect.NativeMethodAccessorImpl.invoke(NativeMethodAccessorImpl.java:77)
[2024-01-29T15:36:46.088+0000] {spark_submit.py:571} INFO - at java.base/jdk.internal.reflect.DelegatingMethodAccessorImpl.invoke(DelegatingMethodAccessorImpl.java:43)
[2024-01-29T15:36:46.089+0000] {spark_submit.py:571} INFO - at java.base/java.lang.reflect.Method.invoke(Method.java:568)
[2024-01-29T15:36:46.089+0000] {spark_submit.py:571} INFO - at org.apache.spark.deploy.JavaMainApplication.start(SparkApplication.scala:52)
[2024-01-29T15:36:46.089+0000] {spark_submit.py:571} INFO - at org.apache.spark.deploy.SparkSubmit.org$apache$spark$deploy$SparkSubmit$$runMain(SparkSubmit.scala:1029)
[2024-01-29T15:36:46.089+0000] {spark_submit.py:571} INFO - at org.apache.spark.deploy.SparkSubmit.doRunMain$1(SparkSubmit.scala:194)
[2024-01-29T15:36:46.089+0000] {spark_submit.py:571} INFO - at org.apache.spark.deploy.SparkSubmit.submit(SparkSubmit.scala:217)
[2024-01-29T15:36:46.089+0000] {spark_submit.py:571} INFO - at org.apache.spark.deploy.SparkSubmit.doSubmit(SparkSubmit.scala:91)
[2024-01-29T15:36:46.089+0000] {spark_submit.py:571} INFO - at org.apache.spark.deploy.SparkSubmit$$anon$2.doSubmit(SparkSubmit.scala:1120)
[2024-01-29T15:36:46.089+0000] {spark_submit.py:571} INFO - at org.apache.spark.deploy.SparkSubmit$.main(SparkSubmit.scala:1129)
[2024-01-29T15:36:46.090+0000] {spark_submit.py:571} INFO - at org.apache.spark.deploy.SparkSubmit.main(SparkSubmit.scala)
[2024-01-29T15:36:46.097+0000] {spark_submit.py:571} INFO - 24/01/29 15:36:46 WARN FileSystem: Failed to initialize fileystem gs://data-lake-buck/formatted/football_data/season/2024-01-29: java.io.FileNotFoundException: /Users/juniortemgoua/Documents/projects/BigData/DataLake/utils/credentials/google_storage_secret_key_credentials.json (No such file or directory)
[2024-01-29T15:36:46.098+0000] {spark_submit.py:571} INFO - Exception in thread "main" java.io.FileNotFoundException: /Users/juniortemgoua/Documents/projects/BigData/DataLake/utils/credentials/google_storage_secret_key_credentials.json (No such file or directory)
[2024-01-29T15:36:46.098+0000] {spark_submit.py:571} INFO - at java.base/java.io.FileInputStream.open0(Native Method)
[2024-01-29T15:36:46.098+0000] {spark_submit.py:571} INFO - at java.base/java.io.FileInputStream.open(FileInputStream.java:216)
[2024-01-29T15:36:46.098+0000] {spark_submit.py:571} INFO - at java.base/java.io.FileInputStream.<init>(FileInputStream.java:157)
[2024-01-29T15:36:46.098+0000] {spark_submit.py:571} INFO - at java.base/java.io.FileInputStream.<init>(FileInputStream.java:111)
[2024-01-29T15:36:46.099+0000] {spark_submit.py:571} INFO - at com.google.cloud.hadoop.repackaged.gcs.com.google.cloud.hadoop.util.CredentialFactory.getCredentialFromJsonKeyFile(CredentialFactory.java:297)
[2024-01-29T15:36:46.099+0000] {spark_submit.py:571} INFO - at com.google.cloud.hadoop.repackaged.gcs.com.google.cloud.hadoop.util.CredentialFactory.getCredential(CredentialFactory.java:414)
[2024-01-29T15:36:46.099+0000] {spark_submit.py:571} INFO - at com.google.cloud.hadoop.fs.gcs.GoogleHadoopFileSystemBase.getCredential(GoogleHadoopFileSystemBase.java:1434)
[2024-01-29T15:36:46.099+0000] {spark_submit.py:571} INFO - at com.google.cloud.hadoop.fs.gcs.GoogleHadoopFileSystemBase.createGcsFs(GoogleHadoopFileSystemBase.java:1591)
[2024-01-29T15:36:46.099+0000] {spark_submit.py:571} INFO - at com.google.cloud.hadoop.fs.gcs.GoogleHadoopFileSystemBase.configure(GoogleHadoopFileSystemBase.java:1573)
[2024-01-29T15:36:46.099+0000] {spark_submit.py:571} INFO - at com.google.cloud.hadoop.fs.gcs.GoogleHadoopFileSystemBase.initialize(GoogleHadoopFileSystemBase.java:490)
[2024-01-29T15:36:46.099+0000] {spark_submit.py:571} INFO - at org.apache.hadoop.fs.FileSystem.createFileSystem(FileSystem.java:3469)
[2024-01-29T15:36:46.100+0000] {spark_submit.py:571} INFO - at org.apache.hadoop.fs.FileSystem.access$300(FileSystem.java:174)
[2024-01-29T15:36:46.100+0000] {spark_submit.py:571} INFO - at org.apache.hadoop.fs.FileSystem$Cache.getInternal(FileSystem.java:3574)
[2024-01-29T15:36:46.100+0000] {spark_submit.py:571} INFO - at org.apache.hadoop.fs.FileSystem$Cache.get(FileSystem.java:3521)
[2024-01-29T15:36:46.100+0000] {spark_submit.py:571} INFO - at org.apache.hadoop.fs.FileSystem.get(FileSystem.java:540)
[2024-01-29T15:36:46.100+0000] {spark_submit.py:571} INFO - at org.apache.hadoop.fs.Path.getFileSystem(Path.java:365)
[2024-01-29T15:36:46.100+0000] {spark_submit.py:571} INFO - at org.apache.spark.sql.execution.datasources.DataSource$.$anonfun$checkAndGlobPathIfNecessary$1(DataSource.scala:724)
[2024-01-29T15:36:46.100+0000] {spark_submit.py:571} INFO - at scala.collection.immutable.List.map(List.scala:293)
[2024-01-29T15:36:46.100+0000] {spark_submit.py:571} INFO - at org.apache.spark.sql.execution.datasources.DataSource$.checkAndGlobPathIfNecessary(DataSource.scala:722)
[2024-01-29T15:36:46.101+0000] {spark_submit.py:571} INFO - at org.apache.spark.sql.execution.datasources.DataSource.checkAndGlobPathIfNecessary(DataSource.scala:551)
[2024-01-29T15:36:46.101+0000] {spark_submit.py:571} INFO - at org.apache.spark.sql.execution.datasources.DataSource.resolveRelation(DataSource.scala:404)
[2024-01-29T15:36:46.101+0000] {spark_submit.py:571} INFO - at org.apache.spark.sql.DataFrameReader.loadV1Source(DataFrameReader.scala:229)
[2024-01-29T15:36:46.101+0000] {spark_submit.py:571} INFO - at org.apache.spark.sql.DataFrameReader.$anonfun$load$2(DataFrameReader.scala:211)
[2024-01-29T15:36:46.101+0000] {spark_submit.py:571} INFO - at scala.Option.getOrElse(Option.scala:189)
[2024-01-29T15:36:46.101+0000] {spark_submit.py:571} INFO - at org.apache.spark.sql.DataFrameReader.load(DataFrameReader.scala:211)
[2024-01-29T15:36:46.101+0000] {spark_submit.py:571} INFO - at org.apache.spark.sql.DataFrameReader.parquet(DataFrameReader.scala:563)
[2024-01-29T15:36:46.101+0000] {spark_submit.py:571} INFO - at org.apache.spark.sql.DataFrameReader.parquet(DataFrameReader.scala:548)
[2024-01-29T15:36:46.102+0000] {spark_submit.py:571} INFO - at FormattedToUsage$.combineCompetitions(FormattedToUsage.scala:27)
[2024-01-29T15:36:46.102+0000] {spark_submit.py:571} INFO - at FormattedToUsage$.main(FormattedToUsage.scala:20)
[2024-01-29T15:36:46.102+0000] {spark_submit.py:571} INFO - at FormattedToUsage.main(FormattedToUsage.scala)
[2024-01-29T15:36:46.102+0000] {spark_submit.py:571} INFO - at java.base/jdk.internal.reflect.NativeMethodAccessorImpl.invoke0(Native Method)
[2024-01-29T15:36:46.102+0000] {spark_submit.py:571} INFO - at java.base/jdk.internal.reflect.NativeMethodAccessorImpl.invoke(NativeMethodAccessorImpl.java:77)
[2024-01-29T15:36:46.102+0000] {spark_submit.py:571} INFO - at java.base/jdk.internal.reflect.DelegatingMethodAccessorImpl.invoke(DelegatingMethodAccessorImpl.java:43)
[2024-01-29T15:36:46.102+0000] {spark_submit.py:571} INFO - at java.base/java.lang.reflect.Method.invoke(Method.java:568)
[2024-01-29T15:36:46.102+0000] {spark_submit.py:571} INFO - at org.apache.spark.deploy.JavaMainApplication.start(SparkApplication.scala:52)
[2024-01-29T15:36:46.103+0000] {spark_submit.py:571} INFO - at org.apache.spark.deploy.SparkSubmit.org$apache$spark$deploy$SparkSubmit$$runMain(SparkSubmit.scala:1029)
[2024-01-29T15:36:46.103+0000] {spark_submit.py:571} INFO - at org.apache.spark.deploy.SparkSubmit.doRunMain$1(SparkSubmit.scala:194)
[2024-01-29T15:36:46.103+0000] {spark_submit.py:571} INFO - at org.apache.spark.deploy.SparkSubmit.submit(SparkSubmit.scala:217)
[2024-01-29T15:36:46.103+0000] {spark_submit.py:571} INFO - at org.apache.spark.deploy.SparkSubmit.doSubmit(SparkSubmit.scala:91)
[2024-01-29T15:36:46.103+0000] {spark_submit.py:571} INFO - at org.apache.spark.deploy.SparkSubmit$$anon$2.doSubmit(SparkSubmit.scala:1120)
[2024-01-29T15:36:46.103+0000] {spark_submit.py:571} INFO - at org.apache.spark.deploy.SparkSubmit$.main(SparkSubmit.scala:1129)
[2024-01-29T15:36:46.103+0000] {spark_submit.py:571} INFO - at org.apache.spark.deploy.SparkSubmit.main(SparkSubmit.scala)
[2024-01-29T15:36:46.109+0000] {spark_submit.py:571} INFO - 24/01/29 15:36:46 INFO SparkContext: Invoking stop() from shutdown hook
[2024-01-29T15:36:46.110+0000] {spark_submit.py:571} INFO - 24/01/29 15:36:46 INFO SparkContext: SparkContext is stopping with exitCode 0.
[2024-01-29T15:36:46.124+0000] {spark_submit.py:571} INFO - 24/01/29 15:36:46 INFO SparkUI: Stopped Spark web UI at http://instance-1.europe-west9-a.c.data-lake-project-409321.internal:4040
[2024-01-29T15:36:46.143+0000] {spark_submit.py:571} INFO - 24/01/29 15:36:46 INFO MapOutputTrackerMasterEndpoint: MapOutputTrackerMasterEndpoint stopped!
[2024-01-29T15:36:46.163+0000] {spark_submit.py:571} INFO - 24/01/29 15:36:46 INFO MemoryStore: MemoryStore cleared
[2024-01-29T15:36:46.165+0000] {spark_submit.py:571} INFO - 24/01/29 15:36:46 INFO BlockManager: BlockManager stopped
[2024-01-29T15:36:46.187+0000] {spark_submit.py:571} INFO - 24/01/29 15:36:46 INFO BlockManagerMaster: BlockManagerMaster stopped
[2024-01-29T15:36:46.190+0000] {spark_submit.py:571} INFO - 24/01/29 15:36:46 INFO OutputCommitCoordinator$OutputCommitCoordinatorEndpoint: OutputCommitCoordinator stopped!
[2024-01-29T15:36:46.207+0000] {spark_submit.py:571} INFO - 24/01/29 15:36:46 INFO SparkContext: Successfully stopped SparkContext
[2024-01-29T15:36:46.207+0000] {spark_submit.py:571} INFO - 24/01/29 15:36:46 INFO ShutdownHookManager: Shutdown hook called
[2024-01-29T15:36:46.208+0000] {spark_submit.py:571} INFO - 24/01/29 15:36:46 INFO ShutdownHookManager: Deleting directory /tmp/spark-6023a12d-9830-4f24-91bb-ba86bc344ced
[2024-01-29T15:36:46.212+0000] {spark_submit.py:571} INFO - 24/01/29 15:36:46 INFO ShutdownHookManager: Deleting directory /tmp/spark-ebfe5a26-a7cd-4def-8503-fd491b955659
[2024-01-29T15:36:46.271+0000] {taskinstance.py:2698} ERROR - Task failed with exception
Traceback (most recent call last):
  File "/home/juniortemgoua0/DataLake/venv/lib/python3.8/site-packages/airflow/models/taskinstance.py", line 433, in _execute_task
    result = execute_callable(context=context, **execute_callable_kwargs)
  File "/home/juniortemgoua0/DataLake/venv/lib/python3.8/site-packages/airflow/providers/apache/spark/operators/spark_submit.py", line 174, in execute
    self._hook.submit(self._application)
  File "/home/juniortemgoua0/DataLake/venv/lib/python3.8/site-packages/airflow/providers/apache/spark/hooks/spark_submit.py", line 502, in submit
    raise AirflowException(
airflow.exceptions.AirflowException: Cannot execute: spark-submit --master local[*] --name arrow-spark --class FormattedToUsage --queue root.default --deploy-mode client /home/juniortemgoua0/DataLake/jobs/processes/scala/spark_process/target/scala-2.12/spark_job_2.12-0.1.0.jar gs://data-lake-buck. Error code is: 1.
[2024-01-29T15:36:46.274+0000] {taskinstance.py:1138} INFO - Marking task as UP_FOR_RETRY. dag_id=manage_data_lake_dag, task_id=job_formatted_to_usage, execution_date=20240106T000000, start_date=20240129T153639, end_date=20240129T153646
[2024-01-29T15:36:46.286+0000] {standard_task_runner.py:107} ERROR - Failed to execute job 188 for task job_formatted_to_usage (Cannot execute: spark-submit --master local[*] --name arrow-spark --class FormattedToUsage --queue root.default --deploy-mode client /home/juniortemgoua0/DataLake/jobs/processes/scala/spark_process/target/scala-2.12/spark_job_2.12-0.1.0.jar gs://data-lake-buck. Error code is: 1.; 54096)
[2024-01-29T15:36:46.324+0000] {local_task_job_runner.py:234} INFO - Task exited with return code 1
[2024-01-29T15:36:46.334+0000] {taskinstance.py:3280} INFO - 0 downstream tasks scheduled from follow-on schedule check
