[2024-01-29T15:05:26.845+0000] {taskinstance.py:1956} INFO - Dependencies all met for dep_context=non-requeueable deps ti=<TaskInstance: manage_data_lake_dag.job_formatted_to_usage scheduled__2024-01-03T00:00:00+00:00 [queued]>
[2024-01-29T15:05:26.851+0000] {taskinstance.py:1956} INFO - Dependencies all met for dep_context=requeueable deps ti=<TaskInstance: manage_data_lake_dag.job_formatted_to_usage scheduled__2024-01-03T00:00:00+00:00 [queued]>
[2024-01-29T15:05:26.851+0000] {taskinstance.py:2170} INFO - Starting attempt 3 of 6
[2024-01-29T15:05:26.863+0000] {taskinstance.py:2191} INFO - Executing <Task(SparkSubmitOperator): job_formatted_to_usage> on 2024-01-03 00:00:00+00:00
[2024-01-29T15:05:26.867+0000] {standard_task_runner.py:60} INFO - Started process 48534 to run task
[2024-01-29T15:05:26.873+0000] {standard_task_runner.py:87} INFO - Running: ['airflow', 'tasks', 'run', 'manage_data_lake_dag', 'job_formatted_to_usage', 'scheduled__2024-01-03T00:00:00+00:00', '--job-id', '151', '--raw', '--subdir', 'DAGS_FOLDER/data_lake_dag.py', '--cfg-path', '/tmp/tmp4n7u2e8m']
[2024-01-29T15:05:26.875+0000] {standard_task_runner.py:88} INFO - Job 151: Subtask job_formatted_to_usage
[2024-01-29T15:05:26.913+0000] {task_command.py:423} INFO - Running <TaskInstance: manage_data_lake_dag.job_formatted_to_usage scheduled__2024-01-03T00:00:00+00:00 [running]> on host instance-1.europe-west9-a.c.data-lake-project-409321.internal
[2024-01-29T15:05:26.960+0000] {taskinstance.py:2480} INFO - Exporting env vars: AIRFLOW_CTX_DAG_OWNER='juniortemgoua0' AIRFLOW_CTX_DAG_ID='manage_data_lake_dag' AIRFLOW_CTX_TASK_ID='job_formatted_to_usage' AIRFLOW_CTX_EXECUTION_DATE='2024-01-03T00:00:00+00:00' AIRFLOW_CTX_TRY_NUMBER='3' AIRFLOW_CTX_DAG_RUN_ID='scheduled__2024-01-03T00:00:00+00:00'
[2024-01-29T15:05:26.966+0000] {base.py:83} INFO - Using connection ID 'spark_default' for task execution.
[2024-01-29T15:05:26.968+0000] {spark_submit.py:401} INFO - Spark-Submit cmd: spark-submit --master local[*] --name arrow-spark --class FormattedToUsage --queue root.default --deploy-mode client /home/juniortemgoua0/DataLake/jobs/processes/scala/spark_process/target/scala-2.12/spark_job_2.12-0.1.0.jar gs://data-lake-buck
[2024-01-29T15:05:29.493+0000] {spark_submit.py:571} INFO - 24/01/29 15:05:29 INFO SparkContext: Running Spark version 3.5.0
[2024-01-29T15:05:29.498+0000] {spark_submit.py:571} INFO - 24/01/29 15:05:29 INFO SparkContext: OS info Linux, 5.15.0-1049-gcp, amd64
[2024-01-29T15:05:29.499+0000] {spark_submit.py:571} INFO - 24/01/29 15:05:29 INFO SparkContext: Java version 17.0.9
[2024-01-29T15:05:29.617+0000] {spark_submit.py:571} INFO - 24/01/29 15:05:29 WARN NativeCodeLoader: Unable to load native-hadoop library for your platform... using builtin-java classes where applicable
[2024-01-29T15:05:29.739+0000] {spark_submit.py:571} INFO - 24/01/29 15:05:29 INFO ResourceUtils: ==============================================================
[2024-01-29T15:05:29.740+0000] {spark_submit.py:571} INFO - 24/01/29 15:05:29 INFO ResourceUtils: No custom resources configured for spark.driver.
[2024-01-29T15:05:29.741+0000] {spark_submit.py:571} INFO - 24/01/29 15:05:29 INFO ResourceUtils: ==============================================================
[2024-01-29T15:05:29.743+0000] {spark_submit.py:571} INFO - 24/01/29 15:05:29 INFO SparkContext: Submitted application: RawToFormatted
[2024-01-29T15:05:29.772+0000] {spark_submit.py:571} INFO - 24/01/29 15:05:29 INFO ResourceProfile: Default ResourceProfile created, executor resources: Map(cores -> name: cores, amount: 1, script: , vendor: , memory -> name: memory, amount: 1024, script: , vendor: , offHeap -> name: offHeap, amount: 0, script: , vendor: ), task resources: Map(cpus -> name: cpus, amount: 1.0)
[2024-01-29T15:05:29.790+0000] {spark_submit.py:571} INFO - 24/01/29 15:05:29 INFO ResourceProfile: Limiting resource is cpu
[2024-01-29T15:05:29.791+0000] {spark_submit.py:571} INFO - 24/01/29 15:05:29 INFO ResourceProfileManager: Added ResourceProfile id: 0
[2024-01-29T15:05:29.864+0000] {spark_submit.py:571} INFO - 24/01/29 15:05:29 INFO SecurityManager: Changing view acls to: juniortemgoua0
[2024-01-29T15:05:29.865+0000] {spark_submit.py:571} INFO - 24/01/29 15:05:29 INFO SecurityManager: Changing modify acls to: juniortemgoua0
[2024-01-29T15:05:29.866+0000] {spark_submit.py:571} INFO - 24/01/29 15:05:29 INFO SecurityManager: Changing view acls groups to:
[2024-01-29T15:05:29.867+0000] {spark_submit.py:571} INFO - 24/01/29 15:05:29 INFO SecurityManager: Changing modify acls groups to:
[2024-01-29T15:05:29.868+0000] {spark_submit.py:571} INFO - 24/01/29 15:05:29 INFO SecurityManager: SecurityManager: authentication disabled; ui acls disabled; users with view permissions: juniortemgoua0; groups with view permissions: EMPTY; users with modify permissions: juniortemgoua0; groups with modify permissions: EMPTY
[2024-01-29T15:05:30.211+0000] {spark_submit.py:571} INFO - 24/01/29 15:05:30 INFO Utils: Successfully started service 'sparkDriver' on port 40319.
[2024-01-29T15:05:30.257+0000] {spark_submit.py:571} INFO - 24/01/29 15:05:30 INFO SparkEnv: Registering MapOutputTracker
[2024-01-29T15:05:30.315+0000] {spark_submit.py:571} INFO - 24/01/29 15:05:30 INFO SparkEnv: Registering BlockManagerMaster
[2024-01-29T15:05:30.341+0000] {spark_submit.py:571} INFO - 24/01/29 15:05:30 INFO BlockManagerMasterEndpoint: Using org.apache.spark.storage.DefaultTopologyMapper for getting topology information
[2024-01-29T15:05:30.342+0000] {spark_submit.py:571} INFO - 24/01/29 15:05:30 INFO BlockManagerMasterEndpoint: BlockManagerMasterEndpoint up
[2024-01-29T15:05:30.348+0000] {spark_submit.py:571} INFO - 24/01/29 15:05:30 INFO SparkEnv: Registering BlockManagerMasterHeartbeat
[2024-01-29T15:05:30.368+0000] {spark_submit.py:571} INFO - 24/01/29 15:05:30 INFO DiskBlockManager: Created local directory at /tmp/blockmgr-b25dee49-273a-4024-a294-6ec7132b27dd
[2024-01-29T15:05:30.392+0000] {spark_submit.py:571} INFO - 24/01/29 15:05:30 INFO MemoryStore: MemoryStore started with capacity 434.4 MiB
[2024-01-29T15:05:30.411+0000] {spark_submit.py:571} INFO - 24/01/29 15:05:30 INFO SparkEnv: Registering OutputCommitCoordinator
[2024-01-29T15:05:30.604+0000] {spark_submit.py:571} INFO - 24/01/29 15:05:30 INFO JettyUtils: Start Jetty 0.0.0.0:4040 for SparkUI
[2024-01-29T15:05:30.687+0000] {spark_submit.py:571} INFO - 24/01/29 15:05:30 INFO Utils: Successfully started service 'SparkUI' on port 4040.
[2024-01-29T15:05:30.743+0000] {spark_submit.py:571} INFO - 24/01/29 15:05:30 INFO SparkContext: Added JAR file:/home/juniortemgoua0/DataLake/jobs/processes/scala/spark_process/target/scala-2.12/spark_job_2.12-0.1.0.jar at spark://instance-1.europe-west9-a.c.data-lake-project-409321.internal:40319/jars/spark_job_2.12-0.1.0.jar with timestamp 1706540729479
[2024-01-29T15:05:30.838+0000] {spark_submit.py:571} INFO - 24/01/29 15:05:30 INFO Executor: Starting executor ID driver on host instance-1.europe-west9-a.c.data-lake-project-409321.internal
[2024-01-29T15:05:30.839+0000] {spark_submit.py:571} INFO - 24/01/29 15:05:30 INFO Executor: OS info Linux, 5.15.0-1049-gcp, amd64
[2024-01-29T15:05:30.841+0000] {spark_submit.py:571} INFO - 24/01/29 15:05:30 INFO Executor: Java version 17.0.9
[2024-01-29T15:05:30.854+0000] {spark_submit.py:571} INFO - 24/01/29 15:05:30 INFO Executor: Starting executor with user classpath (userClassPathFirst = false): ''
[2024-01-29T15:05:30.856+0000] {spark_submit.py:571} INFO - 24/01/29 15:05:30 INFO Executor: Created or updated repl class loader org.apache.spark.util.MutableURLClassLoader@44af588b for default.
[2024-01-29T15:05:30.928+0000] {spark_submit.py:571} INFO - 24/01/29 15:05:30 INFO Executor: Fetching spark://instance-1.europe-west9-a.c.data-lake-project-409321.internal:40319/jars/spark_job_2.12-0.1.0.jar with timestamp 1706540729479
[2024-01-29T15:05:31.037+0000] {spark_submit.py:571} INFO - 24/01/29 15:05:31 INFO TransportClientFactory: Successfully created connection to instance-1.europe-west9-a.c.data-lake-project-409321.internal/10.200.0.5:40319 after 50 ms (0 ms spent in bootstraps)
[2024-01-29T15:05:31.054+0000] {spark_submit.py:571} INFO - 24/01/29 15:05:31 INFO Utils: Fetching spark://instance-1.europe-west9-a.c.data-lake-project-409321.internal:40319/jars/spark_job_2.12-0.1.0.jar to /tmp/spark-aa82da85-6181-4170-a21f-f2e61116b569/userFiles-c0b65fb1-8e2a-486b-8435-78e0c6067ee1/fetchFileTemp16828393010285845086.tmp
[2024-01-29T15:05:31.103+0000] {spark_submit.py:571} INFO - 24/01/29 15:05:31 INFO Executor: Adding file:/tmp/spark-aa82da85-6181-4170-a21f-f2e61116b569/userFiles-c0b65fb1-8e2a-486b-8435-78e0c6067ee1/spark_job_2.12-0.1.0.jar to class loader default
[2024-01-29T15:05:31.115+0000] {spark_submit.py:571} INFO - 24/01/29 15:05:31 INFO Utils: Successfully started service 'org.apache.spark.network.netty.NettyBlockTransferService' on port 40573.
[2024-01-29T15:05:31.116+0000] {spark_submit.py:571} INFO - 24/01/29 15:05:31 INFO NettyBlockTransferService: Server created on instance-1.europe-west9-a.c.data-lake-project-409321.internal:40573
[2024-01-29T15:05:31.117+0000] {spark_submit.py:571} INFO - 24/01/29 15:05:31 INFO BlockManager: Using org.apache.spark.storage.RandomBlockReplicationPolicy for block replication policy
[2024-01-29T15:05:31.128+0000] {spark_submit.py:571} INFO - 24/01/29 15:05:31 INFO BlockManagerMaster: Registering BlockManager BlockManagerId(driver, instance-1.europe-west9-a.c.data-lake-project-409321.internal, 40573, None)
[2024-01-29T15:05:31.132+0000] {spark_submit.py:571} INFO - 24/01/29 15:05:31 INFO BlockManagerMasterEndpoint: Registering block manager instance-1.europe-west9-a.c.data-lake-project-409321.internal:40573 with 434.4 MiB RAM, BlockManagerId(driver, instance-1.europe-west9-a.c.data-lake-project-409321.internal, 40573, None)
[2024-01-29T15:05:31.135+0000] {spark_submit.py:571} INFO - 24/01/29 15:05:31 INFO BlockManagerMaster: Registered BlockManager BlockManagerId(driver, instance-1.europe-west9-a.c.data-lake-project-409321.internal, 40573, None)
[2024-01-29T15:05:31.138+0000] {spark_submit.py:571} INFO - 24/01/29 15:05:31 INFO BlockManager: Initialized BlockManager: BlockManagerId(driver, instance-1.europe-west9-a.c.data-lake-project-409321.internal, 40573, None)
[2024-01-29T15:05:32.221+0000] {spark_submit.py:571} INFO - 24/01/29 15:05:32 INFO SharedState: Setting hive.metastore.warehouse.dir ('null') to the value of spark.sql.warehouse.dir.
[2024-01-29T15:05:32.233+0000] {spark_submit.py:571} INFO - 24/01/29 15:05:32 INFO SharedState: Warehouse path is 'file:/home/juniortemgoua0/DataLake/spark-warehouse'.
[2024-01-29T15:05:33.747+0000] {spark_submit.py:571} INFO - 24/01/29 15:05:33 WARN FileSystem: Failed to initialize fileystem gs://data-lake-buck/formatted/football_data/season/2024-01-29: java.io.FileNotFoundException: /Users/juniortemgoua/Documents/projects/BigData/DataLake/utils/credentials/google_storage_secret_key_credentials.json (No such file or directory)
[2024-01-29T15:05:33.752+0000] {spark_submit.py:571} INFO - 24/01/29 15:05:33 WARN FileStreamSink: Assume no metadata directory. Error while looking for metadata directory in the path: gs://data-lake-buck/formatted/football_data/season/2024-01-29.
[2024-01-29T15:05:33.752+0000] {spark_submit.py:571} INFO - java.io.FileNotFoundException: /Users/juniortemgoua/Documents/projects/BigData/DataLake/utils/credentials/google_storage_secret_key_credentials.json (No such file or directory)
[2024-01-29T15:05:33.752+0000] {spark_submit.py:571} INFO - at java.base/java.io.FileInputStream.open0(Native Method)
[2024-01-29T15:05:33.752+0000] {spark_submit.py:571} INFO - at java.base/java.io.FileInputStream.open(FileInputStream.java:216)
[2024-01-29T15:05:33.752+0000] {spark_submit.py:571} INFO - at java.base/java.io.FileInputStream.<init>(FileInputStream.java:157)
[2024-01-29T15:05:33.753+0000] {spark_submit.py:571} INFO - at java.base/java.io.FileInputStream.<init>(FileInputStream.java:111)
[2024-01-29T15:05:33.753+0000] {spark_submit.py:571} INFO - at com.google.cloud.hadoop.repackaged.gcs.com.google.cloud.hadoop.util.CredentialFactory.getCredentialFromJsonKeyFile(CredentialFactory.java:297)
[2024-01-29T15:05:33.753+0000] {spark_submit.py:571} INFO - at com.google.cloud.hadoop.repackaged.gcs.com.google.cloud.hadoop.util.CredentialFactory.getCredential(CredentialFactory.java:414)
[2024-01-29T15:05:33.753+0000] {spark_submit.py:571} INFO - at com.google.cloud.hadoop.fs.gcs.GoogleHadoopFileSystemBase.getCredential(GoogleHadoopFileSystemBase.java:1434)
[2024-01-29T15:05:33.753+0000] {spark_submit.py:571} INFO - at com.google.cloud.hadoop.fs.gcs.GoogleHadoopFileSystemBase.createGcsFs(GoogleHadoopFileSystemBase.java:1591)
[2024-01-29T15:05:33.753+0000] {spark_submit.py:571} INFO - at com.google.cloud.hadoop.fs.gcs.GoogleHadoopFileSystemBase.configure(GoogleHadoopFileSystemBase.java:1573)
[2024-01-29T15:05:33.753+0000] {spark_submit.py:571} INFO - at com.google.cloud.hadoop.fs.gcs.GoogleHadoopFileSystemBase.initialize(GoogleHadoopFileSystemBase.java:490)
[2024-01-29T15:05:33.753+0000] {spark_submit.py:571} INFO - at org.apache.hadoop.fs.FileSystem.createFileSystem(FileSystem.java:3469)
[2024-01-29T15:05:33.754+0000] {spark_submit.py:571} INFO - at org.apache.hadoop.fs.FileSystem.access$300(FileSystem.java:174)
[2024-01-29T15:05:33.754+0000] {spark_submit.py:571} INFO - at org.apache.hadoop.fs.FileSystem$Cache.getInternal(FileSystem.java:3574)
[2024-01-29T15:05:33.754+0000] {spark_submit.py:571} INFO - at org.apache.hadoop.fs.FileSystem$Cache.get(FileSystem.java:3521)
[2024-01-29T15:05:33.754+0000] {spark_submit.py:571} INFO - at org.apache.hadoop.fs.FileSystem.get(FileSystem.java:540)
[2024-01-29T15:05:33.754+0000] {spark_submit.py:571} INFO - at org.apache.hadoop.fs.Path.getFileSystem(Path.java:365)
[2024-01-29T15:05:33.754+0000] {spark_submit.py:571} INFO - at org.apache.spark.sql.execution.streaming.FileStreamSink$.hasMetadata(FileStreamSink.scala:53)
[2024-01-29T15:05:33.754+0000] {spark_submit.py:571} INFO - at org.apache.spark.sql.execution.datasources.DataSource.resolveRelation(DataSource.scala:366)
[2024-01-29T15:05:33.754+0000] {spark_submit.py:571} INFO - at org.apache.spark.sql.DataFrameReader.loadV1Source(DataFrameReader.scala:229)
[2024-01-29T15:05:33.754+0000] {spark_submit.py:571} INFO - at org.apache.spark.sql.DataFrameReader.$anonfun$load$2(DataFrameReader.scala:211)
[2024-01-29T15:05:33.755+0000] {spark_submit.py:571} INFO - at scala.Option.getOrElse(Option.scala:189)
[2024-01-29T15:05:33.755+0000] {spark_submit.py:571} INFO - at org.apache.spark.sql.DataFrameReader.load(DataFrameReader.scala:211)
[2024-01-29T15:05:33.755+0000] {spark_submit.py:571} INFO - at org.apache.spark.sql.DataFrameReader.parquet(DataFrameReader.scala:563)
[2024-01-29T15:05:33.755+0000] {spark_submit.py:571} INFO - at org.apache.spark.sql.DataFrameReader.parquet(DataFrameReader.scala:548)
[2024-01-29T15:05:33.755+0000] {spark_submit.py:571} INFO - at FormattedToUsage$.combineCompetitions(FormattedToUsage.scala:27)
[2024-01-29T15:05:33.755+0000] {spark_submit.py:571} INFO - at FormattedToUsage$.main(FormattedToUsage.scala:20)
[2024-01-29T15:05:33.755+0000] {spark_submit.py:571} INFO - at FormattedToUsage.main(FormattedToUsage.scala)
[2024-01-29T15:05:33.755+0000] {spark_submit.py:571} INFO - at java.base/jdk.internal.reflect.NativeMethodAccessorImpl.invoke0(Native Method)
[2024-01-29T15:05:33.756+0000] {spark_submit.py:571} INFO - at java.base/jdk.internal.reflect.NativeMethodAccessorImpl.invoke(NativeMethodAccessorImpl.java:77)
[2024-01-29T15:05:33.756+0000] {spark_submit.py:571} INFO - at java.base/jdk.internal.reflect.DelegatingMethodAccessorImpl.invoke(DelegatingMethodAccessorImpl.java:43)
[2024-01-29T15:05:33.756+0000] {spark_submit.py:571} INFO - at java.base/java.lang.reflect.Method.invoke(Method.java:568)
[2024-01-29T15:05:33.756+0000] {spark_submit.py:571} INFO - at org.apache.spark.deploy.JavaMainApplication.start(SparkApplication.scala:52)
[2024-01-29T15:05:33.756+0000] {spark_submit.py:571} INFO - at org.apache.spark.deploy.SparkSubmit.org$apache$spark$deploy$SparkSubmit$$runMain(SparkSubmit.scala:1029)
[2024-01-29T15:05:33.756+0000] {spark_submit.py:571} INFO - at org.apache.spark.deploy.SparkSubmit.doRunMain$1(SparkSubmit.scala:194)
[2024-01-29T15:05:33.756+0000] {spark_submit.py:571} INFO - at org.apache.spark.deploy.SparkSubmit.submit(SparkSubmit.scala:217)
[2024-01-29T15:05:33.757+0000] {spark_submit.py:571} INFO - at org.apache.spark.deploy.SparkSubmit.doSubmit(SparkSubmit.scala:91)
[2024-01-29T15:05:33.757+0000] {spark_submit.py:571} INFO - at org.apache.spark.deploy.SparkSubmit$$anon$2.doSubmit(SparkSubmit.scala:1120)
[2024-01-29T15:05:33.757+0000] {spark_submit.py:571} INFO - at org.apache.spark.deploy.SparkSubmit$.main(SparkSubmit.scala:1129)
[2024-01-29T15:05:33.757+0000] {spark_submit.py:571} INFO - at org.apache.spark.deploy.SparkSubmit.main(SparkSubmit.scala)
[2024-01-29T15:05:33.765+0000] {spark_submit.py:571} INFO - 24/01/29 15:05:33 WARN FileSystem: Failed to initialize fileystem gs://data-lake-buck/formatted/football_data/season/2024-01-29: java.io.FileNotFoundException: /Users/juniortemgoua/Documents/projects/BigData/DataLake/utils/credentials/google_storage_secret_key_credentials.json (No such file or directory)
[2024-01-29T15:05:33.766+0000] {spark_submit.py:571} INFO - Exception in thread "main" java.io.FileNotFoundException: /Users/juniortemgoua/Documents/projects/BigData/DataLake/utils/credentials/google_storage_secret_key_credentials.json (No such file or directory)
[2024-01-29T15:05:33.766+0000] {spark_submit.py:571} INFO - at java.base/java.io.FileInputStream.open0(Native Method)
[2024-01-29T15:05:33.766+0000] {spark_submit.py:571} INFO - at java.base/java.io.FileInputStream.open(FileInputStream.java:216)
[2024-01-29T15:05:33.767+0000] {spark_submit.py:571} INFO - at java.base/java.io.FileInputStream.<init>(FileInputStream.java:157)
[2024-01-29T15:05:33.767+0000] {spark_submit.py:571} INFO - at java.base/java.io.FileInputStream.<init>(FileInputStream.java:111)
[2024-01-29T15:05:33.767+0000] {spark_submit.py:571} INFO - at com.google.cloud.hadoop.repackaged.gcs.com.google.cloud.hadoop.util.CredentialFactory.getCredentialFromJsonKeyFile(CredentialFactory.java:297)
[2024-01-29T15:05:33.768+0000] {spark_submit.py:571} INFO - at com.google.cloud.hadoop.repackaged.gcs.com.google.cloud.hadoop.util.CredentialFactory.getCredential(CredentialFactory.java:414)
[2024-01-29T15:05:33.768+0000] {spark_submit.py:571} INFO - at com.google.cloud.hadoop.fs.gcs.GoogleHadoopFileSystemBase.getCredential(GoogleHadoopFileSystemBase.java:1434)
[2024-01-29T15:05:33.768+0000] {spark_submit.py:571} INFO - at com.google.cloud.hadoop.fs.gcs.GoogleHadoopFileSystemBase.createGcsFs(GoogleHadoopFileSystemBase.java:1591)
[2024-01-29T15:05:33.768+0000] {spark_submit.py:571} INFO - at com.google.cloud.hadoop.fs.gcs.GoogleHadoopFileSystemBase.configure(GoogleHadoopFileSystemBase.java:1573)
[2024-01-29T15:05:33.769+0000] {spark_submit.py:571} INFO - at com.google.cloud.hadoop.fs.gcs.GoogleHadoopFileSystemBase.initialize(GoogleHadoopFileSystemBase.java:490)
[2024-01-29T15:05:33.769+0000] {spark_submit.py:571} INFO - at org.apache.hadoop.fs.FileSystem.createFileSystem(FileSystem.java:3469)
[2024-01-29T15:05:33.769+0000] {spark_submit.py:571} INFO - at org.apache.hadoop.fs.FileSystem.access$300(FileSystem.java:174)
[2024-01-29T15:05:33.769+0000] {spark_submit.py:571} INFO - at org.apache.hadoop.fs.FileSystem$Cache.getInternal(FileSystem.java:3574)
[2024-01-29T15:05:33.770+0000] {spark_submit.py:571} INFO - at org.apache.hadoop.fs.FileSystem$Cache.get(FileSystem.java:3521)
[2024-01-29T15:05:33.770+0000] {spark_submit.py:571} INFO - at org.apache.hadoop.fs.FileSystem.get(FileSystem.java:540)
[2024-01-29T15:05:33.770+0000] {spark_submit.py:571} INFO - at org.apache.hadoop.fs.Path.getFileSystem(Path.java:365)
[2024-01-29T15:05:33.770+0000] {spark_submit.py:571} INFO - at org.apache.spark.sql.execution.datasources.DataSource$.$anonfun$checkAndGlobPathIfNecessary$1(DataSource.scala:724)
[2024-01-29T15:05:33.770+0000] {spark_submit.py:571} INFO - at scala.collection.immutable.List.map(List.scala:293)
[2024-01-29T15:05:33.771+0000] {spark_submit.py:571} INFO - at org.apache.spark.sql.execution.datasources.DataSource$.checkAndGlobPathIfNecessary(DataSource.scala:722)
[2024-01-29T15:05:33.771+0000] {spark_submit.py:571} INFO - at org.apache.spark.sql.execution.datasources.DataSource.checkAndGlobPathIfNecessary(DataSource.scala:551)
[2024-01-29T15:05:33.771+0000] {spark_submit.py:571} INFO - at org.apache.spark.sql.execution.datasources.DataSource.resolveRelation(DataSource.scala:404)
[2024-01-29T15:05:33.771+0000] {spark_submit.py:571} INFO - at org.apache.spark.sql.DataFrameReader.loadV1Source(DataFrameReader.scala:229)
[2024-01-29T15:05:33.772+0000] {spark_submit.py:571} INFO - at org.apache.spark.sql.DataFrameReader.$anonfun$load$2(DataFrameReader.scala:211)
[2024-01-29T15:05:33.772+0000] {spark_submit.py:571} INFO - at scala.Option.getOrElse(Option.scala:189)
[2024-01-29T15:05:33.772+0000] {spark_submit.py:571} INFO - at org.apache.spark.sql.DataFrameReader.load(DataFrameReader.scala:211)
[2024-01-29T15:05:33.772+0000] {spark_submit.py:571} INFO - at org.apache.spark.sql.DataFrameReader.parquet(DataFrameReader.scala:563)
[2024-01-29T15:05:33.772+0000] {spark_submit.py:571} INFO - at org.apache.spark.sql.DataFrameReader.parquet(DataFrameReader.scala:548)
[2024-01-29T15:05:33.773+0000] {spark_submit.py:571} INFO - at FormattedToUsage$.combineCompetitions(FormattedToUsage.scala:27)
[2024-01-29T15:05:33.773+0000] {spark_submit.py:571} INFO - at FormattedToUsage$.main(FormattedToUsage.scala:20)
[2024-01-29T15:05:33.773+0000] {spark_submit.py:571} INFO - at FormattedToUsage.main(FormattedToUsage.scala)
[2024-01-29T15:05:33.773+0000] {spark_submit.py:571} INFO - at java.base/jdk.internal.reflect.NativeMethodAccessorImpl.invoke0(Native Method)
[2024-01-29T15:05:33.774+0000] {spark_submit.py:571} INFO - at java.base/jdk.internal.reflect.NativeMethodAccessorImpl.invoke(NativeMethodAccessorImpl.java:77)
[2024-01-29T15:05:33.775+0000] {spark_submit.py:571} INFO - at java.base/jdk.internal.reflect.DelegatingMethodAccessorImpl.invoke(DelegatingMethodAccessorImpl.java:43)
[2024-01-29T15:05:33.775+0000] {spark_submit.py:571} INFO - at java.base/java.lang.reflect.Method.invoke(Method.java:568)
[2024-01-29T15:05:33.775+0000] {spark_submit.py:571} INFO - at org.apache.spark.deploy.JavaMainApplication.start(SparkApplication.scala:52)
[2024-01-29T15:05:33.775+0000] {spark_submit.py:571} INFO - at org.apache.spark.deploy.SparkSubmit.org$apache$spark$deploy$SparkSubmit$$runMain(SparkSubmit.scala:1029)
[2024-01-29T15:05:33.775+0000] {spark_submit.py:571} INFO - at org.apache.spark.deploy.SparkSubmit.doRunMain$1(SparkSubmit.scala:194)
[2024-01-29T15:05:33.775+0000] {spark_submit.py:571} INFO - at org.apache.spark.deploy.SparkSubmit.submit(SparkSubmit.scala:217)
[2024-01-29T15:05:33.775+0000] {spark_submit.py:571} INFO - at org.apache.spark.deploy.SparkSubmit.doSubmit(SparkSubmit.scala:91)
[2024-01-29T15:05:33.775+0000] {spark_submit.py:571} INFO - at org.apache.spark.deploy.SparkSubmit$$anon$2.doSubmit(SparkSubmit.scala:1120)
[2024-01-29T15:05:33.776+0000] {spark_submit.py:571} INFO - at org.apache.spark.deploy.SparkSubmit$.main(SparkSubmit.scala:1129)
[2024-01-29T15:05:33.776+0000] {spark_submit.py:571} INFO - at org.apache.spark.deploy.SparkSubmit.main(SparkSubmit.scala)
[2024-01-29T15:05:33.790+0000] {spark_submit.py:571} INFO - 24/01/29 15:05:33 INFO SparkContext: Invoking stop() from shutdown hook
[2024-01-29T15:05:33.790+0000] {spark_submit.py:571} INFO - 24/01/29 15:05:33 INFO SparkContext: SparkContext is stopping with exitCode 0.
[2024-01-29T15:05:33.806+0000] {spark_submit.py:571} INFO - 24/01/29 15:05:33 INFO SparkUI: Stopped Spark web UI at http://instance-1.europe-west9-a.c.data-lake-project-409321.internal:4040
[2024-01-29T15:05:33.831+0000] {spark_submit.py:571} INFO - 24/01/29 15:05:33 INFO MapOutputTrackerMasterEndpoint: MapOutputTrackerMasterEndpoint stopped!
[2024-01-29T15:05:33.846+0000] {spark_submit.py:571} INFO - 24/01/29 15:05:33 INFO MemoryStore: MemoryStore cleared
[2024-01-29T15:05:33.847+0000] {spark_submit.py:571} INFO - 24/01/29 15:05:33 INFO BlockManager: BlockManager stopped
[2024-01-29T15:05:33.857+0000] {spark_submit.py:571} INFO - 24/01/29 15:05:33 INFO BlockManagerMaster: BlockManagerMaster stopped
[2024-01-29T15:05:33.860+0000] {spark_submit.py:571} INFO - 24/01/29 15:05:33 INFO OutputCommitCoordinator$OutputCommitCoordinatorEndpoint: OutputCommitCoordinator stopped!
[2024-01-29T15:05:33.873+0000] {spark_submit.py:571} INFO - 24/01/29 15:05:33 INFO SparkContext: Successfully stopped SparkContext
[2024-01-29T15:05:33.873+0000] {spark_submit.py:571} INFO - 24/01/29 15:05:33 INFO ShutdownHookManager: Shutdown hook called
[2024-01-29T15:05:33.873+0000] {spark_submit.py:571} INFO - 24/01/29 15:05:33 INFO ShutdownHookManager: Deleting directory /tmp/spark-a29c076a-f471-4106-a25b-85bb75cc147f
[2024-01-29T15:05:33.877+0000] {spark_submit.py:571} INFO - 24/01/29 15:05:33 INFO ShutdownHookManager: Deleting directory /tmp/spark-aa82da85-6181-4170-a21f-f2e61116b569
[2024-01-29T15:05:33.936+0000] {taskinstance.py:2698} ERROR - Task failed with exception
Traceback (most recent call last):
  File "/home/juniortemgoua0/DataLake/venv/lib/python3.8/site-packages/airflow/models/taskinstance.py", line 433, in _execute_task
    result = execute_callable(context=context, **execute_callable_kwargs)
  File "/home/juniortemgoua0/DataLake/venv/lib/python3.8/site-packages/airflow/providers/apache/spark/operators/spark_submit.py", line 174, in execute
    self._hook.submit(self._application)
  File "/home/juniortemgoua0/DataLake/venv/lib/python3.8/site-packages/airflow/providers/apache/spark/hooks/spark_submit.py", line 502, in submit
    raise AirflowException(
airflow.exceptions.AirflowException: Cannot execute: spark-submit --master local[*] --name arrow-spark --class FormattedToUsage --queue root.default --deploy-mode client /home/juniortemgoua0/DataLake/jobs/processes/scala/spark_process/target/scala-2.12/spark_job_2.12-0.1.0.jar gs://data-lake-buck. Error code is: 1.
[2024-01-29T15:05:33.939+0000] {taskinstance.py:1138} INFO - Marking task as UP_FOR_RETRY. dag_id=manage_data_lake_dag, task_id=job_formatted_to_usage, execution_date=20240103T000000, start_date=20240129T150526, end_date=20240129T150533
[2024-01-29T15:05:33.951+0000] {standard_task_runner.py:107} ERROR - Failed to execute job 151 for task job_formatted_to_usage (Cannot execute: spark-submit --master local[*] --name arrow-spark --class FormattedToUsage --queue root.default --deploy-mode client /home/juniortemgoua0/DataLake/jobs/processes/scala/spark_process/target/scala-2.12/spark_job_2.12-0.1.0.jar gs://data-lake-buck. Error code is: 1.; 48534)
[2024-01-29T15:05:33.981+0000] {local_task_job_runner.py:234} INFO - Task exited with return code 1
[2024-01-29T15:05:33.996+0000] {taskinstance.py:3280} INFO - 0 downstream tasks scheduled from follow-on schedule check
