[2024-01-30T02:50:56.860+0000] {taskinstance.py:1956} INFO - Dependencies all met for dep_context=non-requeueable deps ti=<TaskInstance: manage_data_lake_dag.local_job_raw_to_formatted scheduled__2024-01-20T00:00:00+00:00 [queued]>
[2024-01-30T02:50:56.866+0000] {taskinstance.py:1956} INFO - Dependencies all met for dep_context=requeueable deps ti=<TaskInstance: manage_data_lake_dag.local_job_raw_to_formatted scheduled__2024-01-20T00:00:00+00:00 [queued]>
[2024-01-30T02:50:56.867+0000] {taskinstance.py:2170} INFO - Starting attempt 1 of 6
[2024-01-30T02:50:56.879+0000] {taskinstance.py:2191} INFO - Executing <Task(SparkSubmitOperator): local_job_raw_to_formatted> on 2024-01-20 00:00:00+00:00
[2024-01-30T02:50:56.888+0000] {standard_task_runner.py:60} INFO - Started process 17319 to run task
[2024-01-30T02:50:56.893+0000] {standard_task_runner.py:87} INFO - Running: ['airflow', 'tasks', 'run', 'manage_data_lake_dag', 'local_job_raw_to_formatted', 'scheduled__2024-01-20T00:00:00+00:00', '--job-id', '173', '--raw', '--subdir', 'DAGS_FOLDER/data_lake_dag.py', '--cfg-path', '/tmp/tmp8upxj39j']
[2024-01-30T02:50:56.896+0000] {standard_task_runner.py:88} INFO - Job 173: Subtask local_job_raw_to_formatted
[2024-01-30T02:50:56.937+0000] {task_command.py:423} INFO - Running <TaskInstance: manage_data_lake_dag.local_job_raw_to_formatted scheduled__2024-01-20T00:00:00+00:00 [running]> on host instance-1.europe-west9-a.c.data-lake-project-409321.internal
[2024-01-30T02:50:56.990+0000] {taskinstance.py:2480} INFO - Exporting env vars: AIRFLOW_CTX_DAG_OWNER='juniortemgoua0' AIRFLOW_CTX_DAG_ID='manage_data_lake_dag' AIRFLOW_CTX_TASK_ID='local_job_raw_to_formatted' AIRFLOW_CTX_EXECUTION_DATE='2024-01-20T00:00:00+00:00' AIRFLOW_CTX_TRY_NUMBER='1' AIRFLOW_CTX_DAG_RUN_ID='scheduled__2024-01-20T00:00:00+00:00'
[2024-01-30T02:50:56.997+0000] {base.py:83} INFO - Using connection ID 'spark_default' for task execution.
[2024-01-30T02:50:56.998+0000] {spark_submit.py:401} INFO - Spark-Submit cmd: spark-submit --master local[*] --conf spark.airflow.execution_date=2024-01-20 --name arrow-spark --class RawToFormatted --queue root.default --deploy-mode client /home/juniortemgoua0/DataLake/jobs/processes/scala/spark_process/target/scala-2.12/spark_job_2.12-0.1.0.jar hdfs://localhost:9000/data-lake
[2024-01-30T02:50:59.719+0000] {spark_submit.py:571} INFO - 24/01/30 02:50:59 INFO SparkContext: Running Spark version 3.5.0
[2024-01-30T02:50:59.723+0000] {spark_submit.py:571} INFO - 24/01/30 02:50:59 INFO SparkContext: OS info Linux, 5.15.0-1049-gcp, amd64
[2024-01-30T02:50:59.723+0000] {spark_submit.py:571} INFO - 24/01/30 02:50:59 INFO SparkContext: Java version 17.0.9
[2024-01-30T02:50:59.851+0000] {spark_submit.py:571} INFO - 24/01/30 02:50:59 WARN NativeCodeLoader: Unable to load native-hadoop library for your platform... using builtin-java classes where applicable
[2024-01-30T02:51:00.039+0000] {spark_submit.py:571} INFO - 24/01/30 02:51:00 INFO ResourceUtils: ==============================================================
[2024-01-30T02:51:00.041+0000] {spark_submit.py:571} INFO - 24/01/30 02:51:00 INFO ResourceUtils: No custom resources configured for spark.driver.
[2024-01-30T02:51:00.043+0000] {spark_submit.py:571} INFO - 24/01/30 02:51:00 INFO ResourceUtils: ==============================================================
[2024-01-30T02:51:00.045+0000] {spark_submit.py:571} INFO - 24/01/30 02:51:00 INFO SparkContext: Submitted application: RawToFormatted
[2024-01-30T02:51:00.072+0000] {spark_submit.py:571} INFO - 24/01/30 02:51:00 INFO ResourceProfile: Default ResourceProfile created, executor resources: Map(cores -> name: cores, amount: 1, script: , vendor: , memory -> name: memory, amount: 1024, script: , vendor: , offHeap -> name: offHeap, amount: 0, script: , vendor: ), task resources: Map(cpus -> name: cpus, amount: 1.0)
[2024-01-30T02:51:00.086+0000] {spark_submit.py:571} INFO - 24/01/30 02:51:00 INFO ResourceProfile: Limiting resource is cpu
[2024-01-30T02:51:00.087+0000] {spark_submit.py:571} INFO - 24/01/30 02:51:00 INFO ResourceProfileManager: Added ResourceProfile id: 0
[2024-01-30T02:51:00.162+0000] {spark_submit.py:571} INFO - 24/01/30 02:51:00 INFO SecurityManager: Changing view acls to: juniortemgoua0
[2024-01-30T02:51:00.163+0000] {spark_submit.py:571} INFO - 24/01/30 02:51:00 INFO SecurityManager: Changing modify acls to: juniortemgoua0
[2024-01-30T02:51:00.164+0000] {spark_submit.py:571} INFO - 24/01/30 02:51:00 INFO SecurityManager: Changing view acls groups to:
[2024-01-30T02:51:00.165+0000] {spark_submit.py:571} INFO - 24/01/30 02:51:00 INFO SecurityManager: Changing modify acls groups to:
[2024-01-30T02:51:00.166+0000] {spark_submit.py:571} INFO - 24/01/30 02:51:00 INFO SecurityManager: SecurityManager: authentication disabled; ui acls disabled; users with view permissions: juniortemgoua0; groups with view permissions: EMPTY; users with modify permissions: juniortemgoua0; groups with modify permissions: EMPTY
[2024-01-30T02:51:00.557+0000] {spark_submit.py:571} INFO - 24/01/30 02:51:00 INFO Utils: Successfully started service 'sparkDriver' on port 33879.
[2024-01-30T02:51:00.598+0000] {spark_submit.py:571} INFO - 24/01/30 02:51:00 INFO SparkEnv: Registering MapOutputTracker
[2024-01-30T02:51:00.651+0000] {spark_submit.py:571} INFO - 24/01/30 02:51:00 INFO SparkEnv: Registering BlockManagerMaster
[2024-01-30T02:51:00.698+0000] {spark_submit.py:571} INFO - 24/01/30 02:51:00 INFO BlockManagerMasterEndpoint: Using org.apache.spark.storage.DefaultTopologyMapper for getting topology information
[2024-01-30T02:51:00.699+0000] {spark_submit.py:571} INFO - 24/01/30 02:51:00 INFO BlockManagerMasterEndpoint: BlockManagerMasterEndpoint up
[2024-01-30T02:51:00.704+0000] {spark_submit.py:571} INFO - 24/01/30 02:51:00 INFO SparkEnv: Registering BlockManagerMasterHeartbeat
[2024-01-30T02:51:00.733+0000] {spark_submit.py:571} INFO - 24/01/30 02:51:00 INFO DiskBlockManager: Created local directory at /tmp/blockmgr-bbe31ab2-a2f0-43ab-9430-2e473c227f2b
[2024-01-30T02:51:00.755+0000] {spark_submit.py:571} INFO - 24/01/30 02:51:00 INFO MemoryStore: MemoryStore started with capacity 434.4 MiB
[2024-01-30T02:51:00.774+0000] {spark_submit.py:571} INFO - 24/01/30 02:51:00 INFO SparkEnv: Registering OutputCommitCoordinator
[2024-01-30T02:51:00.978+0000] {spark_submit.py:571} INFO - 24/01/30 02:51:00 INFO JettyUtils: Start Jetty 0.0.0.0:4040 for SparkUI
[2024-01-30T02:51:01.072+0000] {spark_submit.py:571} INFO - 24/01/30 02:51:01 INFO Utils: Successfully started service 'SparkUI' on port 4040.
[2024-01-30T02:51:01.141+0000] {spark_submit.py:571} INFO - 24/01/30 02:51:01 INFO SparkContext: Added JAR file:/home/juniortemgoua0/DataLake/jobs/processes/scala/spark_process/target/scala-2.12/spark_job_2.12-0.1.0.jar at spark://instance-1.europe-west9-a.c.data-lake-project-409321.internal:33879/jars/spark_job_2.12-0.1.0.jar with timestamp 1706583059703
[2024-01-30T02:51:01.257+0000] {spark_submit.py:571} INFO - 24/01/30 02:51:01 INFO Executor: Starting executor ID driver on host instance-1.europe-west9-a.c.data-lake-project-409321.internal
[2024-01-30T02:51:01.266+0000] {spark_submit.py:571} INFO - 24/01/30 02:51:01 INFO Executor: OS info Linux, 5.15.0-1049-gcp, amd64
[2024-01-30T02:51:01.267+0000] {spark_submit.py:571} INFO - 24/01/30 02:51:01 INFO Executor: Java version 17.0.9
[2024-01-30T02:51:01.272+0000] {spark_submit.py:571} INFO - 24/01/30 02:51:01 INFO Executor: Starting executor with user classpath (userClassPathFirst = false): ''
[2024-01-30T02:51:01.274+0000] {spark_submit.py:571} INFO - 24/01/30 02:51:01 INFO Executor: Created or updated repl class loader org.apache.spark.util.MutableURLClassLoader@135a8c6f for default.
[2024-01-30T02:51:01.331+0000] {spark_submit.py:571} INFO - 24/01/30 02:51:01 INFO Executor: Fetching spark://instance-1.europe-west9-a.c.data-lake-project-409321.internal:33879/jars/spark_job_2.12-0.1.0.jar with timestamp 1706583059703
[2024-01-30T02:51:01.419+0000] {spark_submit.py:571} INFO - 24/01/30 02:51:01 INFO TransportClientFactory: Successfully created connection to instance-1.europe-west9-a.c.data-lake-project-409321.internal/10.200.0.5:33879 after 38 ms (0 ms spent in bootstraps)
[2024-01-30T02:51:01.436+0000] {spark_submit.py:571} INFO - 24/01/30 02:51:01 INFO Utils: Fetching spark://instance-1.europe-west9-a.c.data-lake-project-409321.internal:33879/jars/spark_job_2.12-0.1.0.jar to /tmp/spark-9b4e3d8a-9087-4e1d-8cdd-f564fc37176b/userFiles-0a97dc27-ab2c-40bc-8036-3a97aa59ccb1/fetchFileTemp15180972360378103646.tmp
[2024-01-30T02:51:01.489+0000] {spark_submit.py:571} INFO - 24/01/30 02:51:01 INFO Executor: Adding file:/tmp/spark-9b4e3d8a-9087-4e1d-8cdd-f564fc37176b/userFiles-0a97dc27-ab2c-40bc-8036-3a97aa59ccb1/spark_job_2.12-0.1.0.jar to class loader default
[2024-01-30T02:51:01.502+0000] {spark_submit.py:571} INFO - 24/01/30 02:51:01 INFO Utils: Successfully started service 'org.apache.spark.network.netty.NettyBlockTransferService' on port 41499.
[2024-01-30T02:51:01.503+0000] {spark_submit.py:571} INFO - 24/01/30 02:51:01 INFO NettyBlockTransferService: Server created on instance-1.europe-west9-a.c.data-lake-project-409321.internal:41499
[2024-01-30T02:51:01.503+0000] {spark_submit.py:571} INFO - 24/01/30 02:51:01 INFO BlockManager: Using org.apache.spark.storage.RandomBlockReplicationPolicy for block replication policy
[2024-01-30T02:51:01.514+0000] {spark_submit.py:571} INFO - 24/01/30 02:51:01 INFO BlockManagerMaster: Registering BlockManager BlockManagerId(driver, instance-1.europe-west9-a.c.data-lake-project-409321.internal, 41499, None)
[2024-01-30T02:51:01.518+0000] {spark_submit.py:571} INFO - 24/01/30 02:51:01 INFO BlockManagerMasterEndpoint: Registering block manager instance-1.europe-west9-a.c.data-lake-project-409321.internal:41499 with 434.4 MiB RAM, BlockManagerId(driver, instance-1.europe-west9-a.c.data-lake-project-409321.internal, 41499, None)
[2024-01-30T02:51:01.521+0000] {spark_submit.py:571} INFO - 24/01/30 02:51:01 INFO BlockManagerMaster: Registered BlockManager BlockManagerId(driver, instance-1.europe-west9-a.c.data-lake-project-409321.internal, 41499, None)
[2024-01-30T02:51:01.523+0000] {spark_submit.py:571} INFO - 24/01/30 02:51:01 INFO BlockManager: Initialized BlockManager: BlockManagerId(driver, instance-1.europe-west9-a.c.data-lake-project-409321.internal, 41499, None)
[2024-01-30T02:51:02.560+0000] {spark_submit.py:571} INFO - 24/01/30 02:51:02 INFO SharedState: Setting hive.metastore.warehouse.dir ('null') to the value of spark.sql.warehouse.dir.
[2024-01-30T02:51:02.570+0000] {spark_submit.py:571} INFO - 24/01/30 02:51:02 INFO SharedState: Warehouse path is 'file:/home/juniortemgoua0/DataLake/spark-warehouse'.
[2024-01-30T02:51:03.588+0000] {spark_submit.py:571} INFO - ************************************************
[2024-01-30T02:51:03.589+0000] {spark_submit.py:571} INFO - Date d'exécution  : 2024-01-20
[2024-01-30T02:51:03.589+0000] {spark_submit.py:571} INFO - ************************************************
[2024-01-30T02:51:04.836+0000] {spark_submit.py:571} INFO - Exception in thread "main" org.apache.spark.sql.AnalysisException: [PATH_NOT_FOUND] Path does not exist: hdfs://localhost:9000/data-lake/raw/football_data/competitions/2024-01-20/*.json.
[2024-01-30T02:51:04.837+0000] {spark_submit.py:571} INFO - at org.apache.spark.sql.errors.QueryCompilationErrors$.dataPathNotExistError(QueryCompilationErrors.scala:1500)
[2024-01-30T02:51:04.837+0000] {spark_submit.py:571} INFO - at org.apache.spark.sql.execution.datasources.DataSource$.$anonfun$checkAndGlobPathIfNecessary$3(DataSource.scala:743)
[2024-01-30T02:51:04.837+0000] {spark_submit.py:571} INFO - at org.apache.spark.util.ThreadUtils$.$anonfun$parmap$2(ThreadUtils.scala:380)
[2024-01-30T02:51:04.837+0000] {spark_submit.py:571} INFO - at scala.concurrent.Future$.$anonfun$apply$1(Future.scala:659)
[2024-01-30T02:51:04.837+0000] {spark_submit.py:571} INFO - at scala.util.Success.$anonfun$map$1(Try.scala:255)
[2024-01-30T02:51:04.837+0000] {spark_submit.py:571} INFO - at scala.util.Success.map(Try.scala:213)
[2024-01-30T02:51:04.838+0000] {spark_submit.py:571} INFO - at scala.concurrent.Future.$anonfun$map$1(Future.scala:292)
[2024-01-30T02:51:04.838+0000] {spark_submit.py:571} INFO - at scala.concurrent.impl.Promise.liftedTree1$1(Promise.scala:33)
[2024-01-30T02:51:04.838+0000] {spark_submit.py:571} INFO - at scala.concurrent.impl.Promise.$anonfun$transform$1(Promise.scala:33)
[2024-01-30T02:51:04.838+0000] {spark_submit.py:571} INFO - at scala.concurrent.impl.CallbackRunnable.run(Promise.scala:64)
[2024-01-30T02:51:04.838+0000] {spark_submit.py:571} INFO - at java.base/java.util.concurrent.ForkJoinTask$RunnableExecuteAction.exec(ForkJoinTask.java:1395)
[2024-01-30T02:51:04.839+0000] {spark_submit.py:571} INFO - at java.base/java.util.concurrent.ForkJoinTask.doExec(ForkJoinTask.java:373)
[2024-01-30T02:51:04.839+0000] {spark_submit.py:571} INFO - at java.base/java.util.concurrent.ForkJoinPool$WorkQueue.topLevelExec(ForkJoinPool.java:1182)
[2024-01-30T02:51:04.839+0000] {spark_submit.py:571} INFO - at java.base/java.util.concurrent.ForkJoinPool.scan(ForkJoinPool.java:1655)
[2024-01-30T02:51:04.839+0000] {spark_submit.py:571} INFO - at java.base/java.util.concurrent.ForkJoinPool.runWorker(ForkJoinPool.java:1622)
[2024-01-30T02:51:04.839+0000] {spark_submit.py:571} INFO - at java.base/java.util.concurrent.ForkJoinWorkerThread.run(ForkJoinWorkerThread.java:165)
[2024-01-30T02:51:04.842+0000] {spark_submit.py:571} INFO - 24/01/30 02:51:04 INFO SparkContext: Invoking stop() from shutdown hook
[2024-01-30T02:51:04.843+0000] {spark_submit.py:571} INFO - 24/01/30 02:51:04 INFO SparkContext: SparkContext is stopping with exitCode 0.
[2024-01-30T02:51:04.858+0000] {spark_submit.py:571} INFO - 24/01/30 02:51:04 INFO SparkUI: Stopped Spark web UI at http://instance-1.europe-west9-a.c.data-lake-project-409321.internal:4040
[2024-01-30T02:51:04.878+0000] {spark_submit.py:571} INFO - 24/01/30 02:51:04 INFO MapOutputTrackerMasterEndpoint: MapOutputTrackerMasterEndpoint stopped!
[2024-01-30T02:51:04.901+0000] {spark_submit.py:571} INFO - 24/01/30 02:51:04 INFO MemoryStore: MemoryStore cleared
[2024-01-30T02:51:04.902+0000] {spark_submit.py:571} INFO - 24/01/30 02:51:04 INFO BlockManager: BlockManager stopped
[2024-01-30T02:51:04.914+0000] {spark_submit.py:571} INFO - 24/01/30 02:51:04 INFO BlockManagerMaster: BlockManagerMaster stopped
[2024-01-30T02:51:04.918+0000] {spark_submit.py:571} INFO - 24/01/30 02:51:04 INFO OutputCommitCoordinator$OutputCommitCoordinatorEndpoint: OutputCommitCoordinator stopped!
[2024-01-30T02:51:04.930+0000] {spark_submit.py:571} INFO - 24/01/30 02:51:04 INFO SparkContext: Successfully stopped SparkContext
[2024-01-30T02:51:04.930+0000] {spark_submit.py:571} INFO - 24/01/30 02:51:04 INFO ShutdownHookManager: Shutdown hook called
[2024-01-30T02:51:04.930+0000] {spark_submit.py:571} INFO - 24/01/30 02:51:04 INFO ShutdownHookManager: Deleting directory /tmp/spark-9b4e3d8a-9087-4e1d-8cdd-f564fc37176b
[2024-01-30T02:51:04.934+0000] {spark_submit.py:571} INFO - 24/01/30 02:51:04 INFO ShutdownHookManager: Deleting directory /tmp/spark-8ea0b44f-a5a8-4ab5-9373-47bcf1327ed8
[2024-01-30T02:51:04.993+0000] {taskinstance.py:2698} ERROR - Task failed with exception
Traceback (most recent call last):
  File "/home/juniortemgoua0/DataLake/venv/lib/python3.8/site-packages/airflow/models/taskinstance.py", line 433, in _execute_task
    result = execute_callable(context=context, **execute_callable_kwargs)
  File "/home/juniortemgoua0/DataLake/venv/lib/python3.8/site-packages/airflow/providers/apache/spark/operators/spark_submit.py", line 174, in execute
    self._hook.submit(self._application)
  File "/home/juniortemgoua0/DataLake/venv/lib/python3.8/site-packages/airflow/providers/apache/spark/hooks/spark_submit.py", line 502, in submit
    raise AirflowException(
airflow.exceptions.AirflowException: Cannot execute: spark-submit --master local[*] --conf spark.airflow.execution_date=2024-01-20 --name arrow-spark --class RawToFormatted --queue root.default --deploy-mode client /home/juniortemgoua0/DataLake/jobs/processes/scala/spark_process/target/scala-2.12/spark_job_2.12-0.1.0.jar hdfs://localhost:9000/data-lake. Error code is: 1.
[2024-01-30T02:51:04.996+0000] {taskinstance.py:1138} INFO - Marking task as UP_FOR_RETRY. dag_id=manage_data_lake_dag, task_id=local_job_raw_to_formatted, execution_date=20240120T000000, start_date=20240130T025056, end_date=20240130T025104
[2024-01-30T02:51:05.009+0000] {standard_task_runner.py:107} ERROR - Failed to execute job 173 for task local_job_raw_to_formatted (Cannot execute: spark-submit --master local[*] --conf spark.airflow.execution_date=2024-01-20 --name arrow-spark --class RawToFormatted --queue root.default --deploy-mode client /home/juniortemgoua0/DataLake/jobs/processes/scala/spark_process/target/scala-2.12/spark_job_2.12-0.1.0.jar hdfs://localhost:9000/data-lake. Error code is: 1.; 17319)
[2024-01-30T02:51:05.035+0000] {local_task_job_runner.py:234} INFO - Task exited with return code 1
[2024-01-30T02:51:05.052+0000] {taskinstance.py:3280} INFO - 0 downstream tasks scheduled from follow-on schedule check
