[2024-01-30T02:56:21.855+0000] {taskinstance.py:1956} INFO - Dependencies all met for dep_context=non-requeueable deps ti=<TaskInstance: manage_data_lake_dag.local_job_raw_to_formatted scheduled__2024-01-20T00:00:00+00:00 [queued]>
[2024-01-30T02:56:21.861+0000] {taskinstance.py:1956} INFO - Dependencies all met for dep_context=requeueable deps ti=<TaskInstance: manage_data_lake_dag.local_job_raw_to_formatted scheduled__2024-01-20T00:00:00+00:00 [queued]>
[2024-01-30T02:56:21.861+0000] {taskinstance.py:2170} INFO - Starting attempt 2 of 6
[2024-01-30T02:56:21.874+0000] {taskinstance.py:2191} INFO - Executing <Task(SparkSubmitOperator): local_job_raw_to_formatted> on 2024-01-20 00:00:00+00:00
[2024-01-30T02:56:21.880+0000] {standard_task_runner.py:60} INFO - Started process 20084 to run task
[2024-01-30T02:56:21.885+0000] {standard_task_runner.py:87} INFO - Running: ['airflow', 'tasks', 'run', 'manage_data_lake_dag', 'local_job_raw_to_formatted', 'scheduled__2024-01-20T00:00:00+00:00', '--job-id', '190', '--raw', '--subdir', 'DAGS_FOLDER/data_lake_dag.py', '--cfg-path', '/tmp/tmpan9u7z1r']
[2024-01-30T02:56:21.888+0000] {standard_task_runner.py:88} INFO - Job 190: Subtask local_job_raw_to_formatted
[2024-01-30T02:56:21.930+0000] {task_command.py:423} INFO - Running <TaskInstance: manage_data_lake_dag.local_job_raw_to_formatted scheduled__2024-01-20T00:00:00+00:00 [running]> on host instance-1.europe-west9-a.c.data-lake-project-409321.internal
[2024-01-30T02:56:21.984+0000] {taskinstance.py:2480} INFO - Exporting env vars: AIRFLOW_CTX_DAG_OWNER='juniortemgoua0' AIRFLOW_CTX_DAG_ID='manage_data_lake_dag' AIRFLOW_CTX_TASK_ID='local_job_raw_to_formatted' AIRFLOW_CTX_EXECUTION_DATE='2024-01-20T00:00:00+00:00' AIRFLOW_CTX_TRY_NUMBER='2' AIRFLOW_CTX_DAG_RUN_ID='scheduled__2024-01-20T00:00:00+00:00'
[2024-01-30T02:56:21.990+0000] {base.py:83} INFO - Using connection ID 'spark_default' for task execution.
[2024-01-30T02:56:21.992+0000] {spark_submit.py:401} INFO - Spark-Submit cmd: spark-submit --master local[*] --conf spark.airflow.execution_date=2024-01-20 --name arrow-spark --class RawToFormatted --queue root.default --deploy-mode client /home/juniortemgoua0/DataLake/jobs/processes/scala/spark_process/target/scala-2.12/spark_job_2.12-0.1.0.jar hdfs://localhost:9000/data-lake
[2024-01-30T02:56:24.733+0000] {spark_submit.py:571} INFO - 24/01/30 02:56:24 INFO SparkContext: Running Spark version 3.5.0
[2024-01-30T02:56:24.738+0000] {spark_submit.py:571} INFO - 24/01/30 02:56:24 INFO SparkContext: OS info Linux, 5.15.0-1049-gcp, amd64
[2024-01-30T02:56:24.739+0000] {spark_submit.py:571} INFO - 24/01/30 02:56:24 INFO SparkContext: Java version 17.0.9
[2024-01-30T02:56:24.875+0000] {spark_submit.py:571} INFO - 24/01/30 02:56:24 WARN NativeCodeLoader: Unable to load native-hadoop library for your platform... using builtin-java classes where applicable
[2024-01-30T02:56:25.041+0000] {spark_submit.py:571} INFO - 24/01/30 02:56:25 INFO ResourceUtils: ==============================================================
[2024-01-30T02:56:25.042+0000] {spark_submit.py:571} INFO - 24/01/30 02:56:25 INFO ResourceUtils: No custom resources configured for spark.driver.
[2024-01-30T02:56:25.042+0000] {spark_submit.py:571} INFO - 24/01/30 02:56:25 INFO ResourceUtils: ==============================================================
[2024-01-30T02:56:25.043+0000] {spark_submit.py:571} INFO - 24/01/30 02:56:25 INFO SparkContext: Submitted application: RawToFormatted
[2024-01-30T02:56:25.086+0000] {spark_submit.py:571} INFO - 24/01/30 02:56:25 INFO ResourceProfile: Default ResourceProfile created, executor resources: Map(cores -> name: cores, amount: 1, script: , vendor: , memory -> name: memory, amount: 1024, script: , vendor: , offHeap -> name: offHeap, amount: 0, script: , vendor: ), task resources: Map(cpus -> name: cpus, amount: 1.0)
[2024-01-30T02:56:25.101+0000] {spark_submit.py:571} INFO - 24/01/30 02:56:25 INFO ResourceProfile: Limiting resource is cpu
[2024-01-30T02:56:25.103+0000] {spark_submit.py:571} INFO - 24/01/30 02:56:25 INFO ResourceProfileManager: Added ResourceProfile id: 0
[2024-01-30T02:56:25.180+0000] {spark_submit.py:571} INFO - 24/01/30 02:56:25 INFO SecurityManager: Changing view acls to: juniortemgoua0
[2024-01-30T02:56:25.182+0000] {spark_submit.py:571} INFO - 24/01/30 02:56:25 INFO SecurityManager: Changing modify acls to: juniortemgoua0
[2024-01-30T02:56:25.183+0000] {spark_submit.py:571} INFO - 24/01/30 02:56:25 INFO SecurityManager: Changing view acls groups to:
[2024-01-30T02:56:25.184+0000] {spark_submit.py:571} INFO - 24/01/30 02:56:25 INFO SecurityManager: Changing modify acls groups to:
[2024-01-30T02:56:25.185+0000] {spark_submit.py:571} INFO - 24/01/30 02:56:25 INFO SecurityManager: SecurityManager: authentication disabled; ui acls disabled; users with view permissions: juniortemgoua0; groups with view permissions: EMPTY; users with modify permissions: juniortemgoua0; groups with modify permissions: EMPTY
[2024-01-30T02:56:25.592+0000] {spark_submit.py:571} INFO - 24/01/30 02:56:25 INFO Utils: Successfully started service 'sparkDriver' on port 44453.
[2024-01-30T02:56:25.642+0000] {spark_submit.py:571} INFO - 24/01/30 02:56:25 INFO SparkEnv: Registering MapOutputTracker
[2024-01-30T02:56:25.701+0000] {spark_submit.py:571} INFO - 24/01/30 02:56:25 INFO SparkEnv: Registering BlockManagerMaster
[2024-01-30T02:56:25.732+0000] {spark_submit.py:571} INFO - 24/01/30 02:56:25 INFO BlockManagerMasterEndpoint: Using org.apache.spark.storage.DefaultTopologyMapper for getting topology information
[2024-01-30T02:56:25.733+0000] {spark_submit.py:571} INFO - 24/01/30 02:56:25 INFO BlockManagerMasterEndpoint: BlockManagerMasterEndpoint up
[2024-01-30T02:56:25.738+0000] {spark_submit.py:571} INFO - 24/01/30 02:56:25 INFO SparkEnv: Registering BlockManagerMasterHeartbeat
[2024-01-30T02:56:25.764+0000] {spark_submit.py:571} INFO - 24/01/30 02:56:25 INFO DiskBlockManager: Created local directory at /tmp/blockmgr-4fe00b37-7759-4ce7-8a5f-e4184172cfdf
[2024-01-30T02:56:25.784+0000] {spark_submit.py:571} INFO - 24/01/30 02:56:25 INFO MemoryStore: MemoryStore started with capacity 434.4 MiB
[2024-01-30T02:56:25.803+0000] {spark_submit.py:571} INFO - 24/01/30 02:56:25 INFO SparkEnv: Registering OutputCommitCoordinator
[2024-01-30T02:56:26.007+0000] {spark_submit.py:571} INFO - 24/01/30 02:56:26 INFO JettyUtils: Start Jetty 0.0.0.0:4040 for SparkUI
[2024-01-30T02:56:26.084+0000] {spark_submit.py:571} INFO - 24/01/30 02:56:26 INFO Utils: Successfully started service 'SparkUI' on port 4040.
[2024-01-30T02:56:26.135+0000] {spark_submit.py:571} INFO - 24/01/30 02:56:26 INFO SparkContext: Added JAR file:/home/juniortemgoua0/DataLake/jobs/processes/scala/spark_process/target/scala-2.12/spark_job_2.12-0.1.0.jar at spark://instance-1.europe-west9-a.c.data-lake-project-409321.internal:44453/jars/spark_job_2.12-0.1.0.jar with timestamp 1706583384711
[2024-01-30T02:56:26.234+0000] {spark_submit.py:571} INFO - 24/01/30 02:56:26 INFO Executor: Starting executor ID driver on host instance-1.europe-west9-a.c.data-lake-project-409321.internal
[2024-01-30T02:56:26.234+0000] {spark_submit.py:571} INFO - 24/01/30 02:56:26 INFO Executor: OS info Linux, 5.15.0-1049-gcp, amd64
[2024-01-30T02:56:26.236+0000] {spark_submit.py:571} INFO - 24/01/30 02:56:26 INFO Executor: Java version 17.0.9
[2024-01-30T02:56:26.250+0000] {spark_submit.py:571} INFO - 24/01/30 02:56:26 INFO Executor: Starting executor with user classpath (userClassPathFirst = false): ''
[2024-01-30T02:56:26.251+0000] {spark_submit.py:571} INFO - 24/01/30 02:56:26 INFO Executor: Created or updated repl class loader org.apache.spark.util.MutableURLClassLoader@6ed043d3 for default.
[2024-01-30T02:56:26.306+0000] {spark_submit.py:571} INFO - 24/01/30 02:56:26 INFO Executor: Fetching spark://instance-1.europe-west9-a.c.data-lake-project-409321.internal:44453/jars/spark_job_2.12-0.1.0.jar with timestamp 1706583384711
[2024-01-30T02:56:26.417+0000] {spark_submit.py:571} INFO - 24/01/30 02:56:26 INFO TransportClientFactory: Successfully created connection to instance-1.europe-west9-a.c.data-lake-project-409321.internal/10.200.0.5:44453 after 46 ms (0 ms spent in bootstraps)
[2024-01-30T02:56:26.436+0000] {spark_submit.py:571} INFO - 24/01/30 02:56:26 INFO Utils: Fetching spark://instance-1.europe-west9-a.c.data-lake-project-409321.internal:44453/jars/spark_job_2.12-0.1.0.jar to /tmp/spark-b1b19089-5440-4175-86e8-3a8e34514a74/userFiles-6a4f186b-78e7-4b2a-9e1b-83defeaa1d25/fetchFileTemp16480574006229065925.tmp
[2024-01-30T02:56:26.472+0000] {spark_submit.py:571} INFO - 24/01/30 02:56:26 INFO Executor: Adding file:/tmp/spark-b1b19089-5440-4175-86e8-3a8e34514a74/userFiles-6a4f186b-78e7-4b2a-9e1b-83defeaa1d25/spark_job_2.12-0.1.0.jar to class loader default
[2024-01-30T02:56:26.487+0000] {spark_submit.py:571} INFO - 24/01/30 02:56:26 INFO Utils: Successfully started service 'org.apache.spark.network.netty.NettyBlockTransferService' on port 44559.
[2024-01-30T02:56:26.487+0000] {spark_submit.py:571} INFO - 24/01/30 02:56:26 INFO NettyBlockTransferService: Server created on instance-1.europe-west9-a.c.data-lake-project-409321.internal:44559
[2024-01-30T02:56:26.487+0000] {spark_submit.py:571} INFO - 24/01/30 02:56:26 INFO BlockManager: Using org.apache.spark.storage.RandomBlockReplicationPolicy for block replication policy
[2024-01-30T02:56:26.497+0000] {spark_submit.py:571} INFO - 24/01/30 02:56:26 INFO BlockManagerMaster: Registering BlockManager BlockManagerId(driver, instance-1.europe-west9-a.c.data-lake-project-409321.internal, 44559, None)
[2024-01-30T02:56:26.501+0000] {spark_submit.py:571} INFO - 24/01/30 02:56:26 INFO BlockManagerMasterEndpoint: Registering block manager instance-1.europe-west9-a.c.data-lake-project-409321.internal:44559 with 434.4 MiB RAM, BlockManagerId(driver, instance-1.europe-west9-a.c.data-lake-project-409321.internal, 44559, None)
[2024-01-30T02:56:26.504+0000] {spark_submit.py:571} INFO - 24/01/30 02:56:26 INFO BlockManagerMaster: Registered BlockManager BlockManagerId(driver, instance-1.europe-west9-a.c.data-lake-project-409321.internal, 44559, None)
[2024-01-30T02:56:26.506+0000] {spark_submit.py:571} INFO - 24/01/30 02:56:26 INFO BlockManager: Initialized BlockManager: BlockManagerId(driver, instance-1.europe-west9-a.c.data-lake-project-409321.internal, 44559, None)
[2024-01-30T02:56:27.617+0000] {spark_submit.py:571} INFO - 24/01/30 02:56:27 INFO SharedState: Setting hive.metastore.warehouse.dir ('null') to the value of spark.sql.warehouse.dir.
[2024-01-30T02:56:27.627+0000] {spark_submit.py:571} INFO - 24/01/30 02:56:27 INFO SharedState: Warehouse path is 'file:/home/juniortemgoua0/DataLake/spark-warehouse'.
[2024-01-30T02:56:28.708+0000] {spark_submit.py:571} INFO - ************************************************
[2024-01-30T02:56:28.708+0000] {spark_submit.py:571} INFO - Date d'exécution  : 2024-01-20
[2024-01-30T02:56:28.709+0000] {spark_submit.py:571} INFO - ************************************************
[2024-01-30T02:56:29.877+0000] {spark_submit.py:571} INFO - Exception in thread "main" org.apache.spark.sql.AnalysisException: [PATH_NOT_FOUND] Path does not exist: hdfs://localhost:9000/data-lake/raw/football_data/competitions/2024-01-20/*.json.
[2024-01-30T02:56:29.877+0000] {spark_submit.py:571} INFO - at org.apache.spark.sql.errors.QueryCompilationErrors$.dataPathNotExistError(QueryCompilationErrors.scala:1500)
[2024-01-30T02:56:29.878+0000] {spark_submit.py:571} INFO - at org.apache.spark.sql.execution.datasources.DataSource$.$anonfun$checkAndGlobPathIfNecessary$3(DataSource.scala:743)
[2024-01-30T02:56:29.878+0000] {spark_submit.py:571} INFO - at org.apache.spark.util.ThreadUtils$.$anonfun$parmap$2(ThreadUtils.scala:380)
[2024-01-30T02:56:29.878+0000] {spark_submit.py:571} INFO - at scala.concurrent.Future$.$anonfun$apply$1(Future.scala:659)
[2024-01-30T02:56:29.878+0000] {spark_submit.py:571} INFO - at scala.util.Success.$anonfun$map$1(Try.scala:255)
[2024-01-30T02:56:29.879+0000] {spark_submit.py:571} INFO - at scala.util.Success.map(Try.scala:213)
[2024-01-30T02:56:29.879+0000] {spark_submit.py:571} INFO - at scala.concurrent.Future.$anonfun$map$1(Future.scala:292)
[2024-01-30T02:56:29.879+0000] {spark_submit.py:571} INFO - at scala.concurrent.impl.Promise.liftedTree1$1(Promise.scala:33)
[2024-01-30T02:56:29.879+0000] {spark_submit.py:571} INFO - at scala.concurrent.impl.Promise.$anonfun$transform$1(Promise.scala:33)
[2024-01-30T02:56:29.879+0000] {spark_submit.py:571} INFO - at scala.concurrent.impl.CallbackRunnable.run(Promise.scala:64)
[2024-01-30T02:56:29.880+0000] {spark_submit.py:571} INFO - at java.base/java.util.concurrent.ForkJoinTask$RunnableExecuteAction.exec(ForkJoinTask.java:1395)
[2024-01-30T02:56:29.880+0000] {spark_submit.py:571} INFO - at java.base/java.util.concurrent.ForkJoinTask.doExec(ForkJoinTask.java:373)
[2024-01-30T02:56:29.880+0000] {spark_submit.py:571} INFO - at java.base/java.util.concurrent.ForkJoinPool$WorkQueue.topLevelExec(ForkJoinPool.java:1182)
[2024-01-30T02:56:29.880+0000] {spark_submit.py:571} INFO - at java.base/java.util.concurrent.ForkJoinPool.scan(ForkJoinPool.java:1655)
[2024-01-30T02:56:29.880+0000] {spark_submit.py:571} INFO - at java.base/java.util.concurrent.ForkJoinPool.runWorker(ForkJoinPool.java:1622)
[2024-01-30T02:56:29.880+0000] {spark_submit.py:571} INFO - at java.base/java.util.concurrent.ForkJoinWorkerThread.run(ForkJoinWorkerThread.java:165)
[2024-01-30T02:56:29.884+0000] {spark_submit.py:571} INFO - 24/01/30 02:56:29 INFO SparkContext: Invoking stop() from shutdown hook
[2024-01-30T02:56:29.885+0000] {spark_submit.py:571} INFO - 24/01/30 02:56:29 INFO SparkContext: SparkContext is stopping with exitCode 0.
[2024-01-30T02:56:29.900+0000] {spark_submit.py:571} INFO - 24/01/30 02:56:29 INFO SparkUI: Stopped Spark web UI at http://instance-1.europe-west9-a.c.data-lake-project-409321.internal:4040
[2024-01-30T02:56:29.922+0000] {spark_submit.py:571} INFO - 24/01/30 02:56:29 INFO MapOutputTrackerMasterEndpoint: MapOutputTrackerMasterEndpoint stopped!
[2024-01-30T02:56:29.940+0000] {spark_submit.py:571} INFO - 24/01/30 02:56:29 INFO MemoryStore: MemoryStore cleared
[2024-01-30T02:56:29.941+0000] {spark_submit.py:571} INFO - 24/01/30 02:56:29 INFO BlockManager: BlockManager stopped
[2024-01-30T02:56:29.954+0000] {spark_submit.py:571} INFO - 24/01/30 02:56:29 INFO BlockManagerMaster: BlockManagerMaster stopped
[2024-01-30T02:56:29.959+0000] {spark_submit.py:571} INFO - 24/01/30 02:56:29 INFO OutputCommitCoordinator$OutputCommitCoordinatorEndpoint: OutputCommitCoordinator stopped!
[2024-01-30T02:56:29.972+0000] {spark_submit.py:571} INFO - 24/01/30 02:56:29 INFO SparkContext: Successfully stopped SparkContext
[2024-01-30T02:56:29.973+0000] {spark_submit.py:571} INFO - 24/01/30 02:56:29 INFO ShutdownHookManager: Shutdown hook called
[2024-01-30T02:56:29.973+0000] {spark_submit.py:571} INFO - 24/01/30 02:56:29 INFO ShutdownHookManager: Deleting directory /tmp/spark-b1b19089-5440-4175-86e8-3a8e34514a74
[2024-01-30T02:56:29.984+0000] {spark_submit.py:571} INFO - 24/01/30 02:56:29 INFO ShutdownHookManager: Deleting directory /tmp/spark-d8baad76-b988-4a11-acbe-9dd1d51cf0d8
[2024-01-30T02:56:30.058+0000] {taskinstance.py:2698} ERROR - Task failed with exception
Traceback (most recent call last):
  File "/home/juniortemgoua0/DataLake/venv/lib/python3.8/site-packages/airflow/models/taskinstance.py", line 433, in _execute_task
    result = execute_callable(context=context, **execute_callable_kwargs)
  File "/home/juniortemgoua0/DataLake/venv/lib/python3.8/site-packages/airflow/providers/apache/spark/operators/spark_submit.py", line 174, in execute
    self._hook.submit(self._application)
  File "/home/juniortemgoua0/DataLake/venv/lib/python3.8/site-packages/airflow/providers/apache/spark/hooks/spark_submit.py", line 502, in submit
    raise AirflowException(
airflow.exceptions.AirflowException: Cannot execute: spark-submit --master local[*] --conf spark.airflow.execution_date=2024-01-20 --name arrow-spark --class RawToFormatted --queue root.default --deploy-mode client /home/juniortemgoua0/DataLake/jobs/processes/scala/spark_process/target/scala-2.12/spark_job_2.12-0.1.0.jar hdfs://localhost:9000/data-lake. Error code is: 1.
[2024-01-30T02:56:30.061+0000] {taskinstance.py:1138} INFO - Marking task as UP_FOR_RETRY. dag_id=manage_data_lake_dag, task_id=local_job_raw_to_formatted, execution_date=20240120T000000, start_date=20240130T025621, end_date=20240130T025630
[2024-01-30T02:56:30.073+0000] {standard_task_runner.py:107} ERROR - Failed to execute job 190 for task local_job_raw_to_formatted (Cannot execute: spark-submit --master local[*] --conf spark.airflow.execution_date=2024-01-20 --name arrow-spark --class RawToFormatted --queue root.default --deploy-mode client /home/juniortemgoua0/DataLake/jobs/processes/scala/spark_process/target/scala-2.12/spark_job_2.12-0.1.0.jar hdfs://localhost:9000/data-lake. Error code is: 1.; 20084)
[2024-01-30T02:56:30.099+0000] {local_task_job_runner.py:234} INFO - Task exited with return code 1
[2024-01-30T02:56:30.115+0000] {taskinstance.py:3280} INFO - 0 downstream tasks scheduled from follow-on schedule check
