[2024-01-30T03:02:25.056+0000] {taskinstance.py:1956} INFO - Dependencies all met for dep_context=non-requeueable deps ti=<TaskInstance: manage_data_lake_dag.local_job_raw_to_formatted scheduled__2024-01-20T00:00:00+00:00 [queued]>
[2024-01-30T03:02:25.062+0000] {taskinstance.py:1956} INFO - Dependencies all met for dep_context=requeueable deps ti=<TaskInstance: manage_data_lake_dag.local_job_raw_to_formatted scheduled__2024-01-20T00:00:00+00:00 [queued]>
[2024-01-30T03:02:25.062+0000] {taskinstance.py:2170} INFO - Starting attempt 3 of 6
[2024-01-30T03:02:25.075+0000] {taskinstance.py:2191} INFO - Executing <Task(SparkSubmitOperator): local_job_raw_to_formatted> on 2024-01-20 00:00:00+00:00
[2024-01-30T03:02:25.079+0000] {standard_task_runner.py:60} INFO - Started process 22727 to run task
[2024-01-30T03:02:25.086+0000] {standard_task_runner.py:87} INFO - Running: ['airflow', 'tasks', 'run', 'manage_data_lake_dag', 'local_job_raw_to_formatted', 'scheduled__2024-01-20T00:00:00+00:00', '--job-id', '206', '--raw', '--subdir', 'DAGS_FOLDER/data_lake_dag.py', '--cfg-path', '/tmp/tmpxof0ss0i']
[2024-01-30T03:02:25.088+0000] {standard_task_runner.py:88} INFO - Job 206: Subtask local_job_raw_to_formatted
[2024-01-30T03:02:25.128+0000] {task_command.py:423} INFO - Running <TaskInstance: manage_data_lake_dag.local_job_raw_to_formatted scheduled__2024-01-20T00:00:00+00:00 [running]> on host instance-1.europe-west9-a.c.data-lake-project-409321.internal
[2024-01-30T03:02:25.182+0000] {taskinstance.py:2480} INFO - Exporting env vars: AIRFLOW_CTX_DAG_OWNER='juniortemgoua0' AIRFLOW_CTX_DAG_ID='manage_data_lake_dag' AIRFLOW_CTX_TASK_ID='local_job_raw_to_formatted' AIRFLOW_CTX_EXECUTION_DATE='2024-01-20T00:00:00+00:00' AIRFLOW_CTX_TRY_NUMBER='3' AIRFLOW_CTX_DAG_RUN_ID='scheduled__2024-01-20T00:00:00+00:00'
[2024-01-30T03:02:25.189+0000] {base.py:83} INFO - Using connection ID 'spark_default' for task execution.
[2024-01-30T03:02:25.190+0000] {spark_submit.py:401} INFO - Spark-Submit cmd: spark-submit --master local[*] --conf spark.airflow.execution_date=2024-01-20 --name arrow-spark --class RawToFormatted --queue root.default --deploy-mode client /home/juniortemgoua0/DataLake/jobs/processes/scala/spark_process/target/scala-2.12/spark_job_2.12-0.1.0.jar hdfs://localhost:9000/data-lake
[2024-01-30T03:02:28.102+0000] {spark_submit.py:571} INFO - 24/01/30 03:02:28 INFO SparkContext: Running Spark version 3.5.0
[2024-01-30T03:02:28.108+0000] {spark_submit.py:571} INFO - 24/01/30 03:02:28 INFO SparkContext: OS info Linux, 5.15.0-1049-gcp, amd64
[2024-01-30T03:02:28.109+0000] {spark_submit.py:571} INFO - 24/01/30 03:02:28 INFO SparkContext: Java version 17.0.9
[2024-01-30T03:02:28.222+0000] {spark_submit.py:571} INFO - 24/01/30 03:02:28 WARN NativeCodeLoader: Unable to load native-hadoop library for your platform... using builtin-java classes where applicable
[2024-01-30T03:02:28.378+0000] {spark_submit.py:571} INFO - 24/01/30 03:02:28 INFO ResourceUtils: ==============================================================
[2024-01-30T03:02:28.379+0000] {spark_submit.py:571} INFO - 24/01/30 03:02:28 INFO ResourceUtils: No custom resources configured for spark.driver.
[2024-01-30T03:02:28.379+0000] {spark_submit.py:571} INFO - 24/01/30 03:02:28 INFO ResourceUtils: ==============================================================
[2024-01-30T03:02:28.379+0000] {spark_submit.py:571} INFO - 24/01/30 03:02:28 INFO SparkContext: Submitted application: RawToFormatted
[2024-01-30T03:02:28.405+0000] {spark_submit.py:571} INFO - 24/01/30 03:02:28 INFO ResourceProfile: Default ResourceProfile created, executor resources: Map(cores -> name: cores, amount: 1, script: , vendor: , memory -> name: memory, amount: 1024, script: , vendor: , offHeap -> name: offHeap, amount: 0, script: , vendor: ), task resources: Map(cpus -> name: cpus, amount: 1.0)
[2024-01-30T03:02:28.418+0000] {spark_submit.py:571} INFO - 24/01/30 03:02:28 INFO ResourceProfile: Limiting resource is cpu
[2024-01-30T03:02:28.420+0000] {spark_submit.py:571} INFO - 24/01/30 03:02:28 INFO ResourceProfileManager: Added ResourceProfile id: 0
[2024-01-30T03:02:28.587+0000] {spark_submit.py:571} INFO - 24/01/30 03:02:28 INFO SecurityManager: Changing view acls to: juniortemgoua0
[2024-01-30T03:02:28.588+0000] {spark_submit.py:571} INFO - 24/01/30 03:02:28 INFO SecurityManager: Changing modify acls to: juniortemgoua0
[2024-01-30T03:02:28.588+0000] {spark_submit.py:571} INFO - 24/01/30 03:02:28 INFO SecurityManager: Changing view acls groups to:
[2024-01-30T03:02:28.589+0000] {spark_submit.py:571} INFO - 24/01/30 03:02:28 INFO SecurityManager: Changing modify acls groups to:
[2024-01-30T03:02:28.590+0000] {spark_submit.py:571} INFO - 24/01/30 03:02:28 INFO SecurityManager: SecurityManager: authentication disabled; ui acls disabled; users with view permissions: juniortemgoua0; groups with view permissions: EMPTY; users with modify permissions: juniortemgoua0; groups with modify permissions: EMPTY
[2024-01-30T03:02:29.089+0000] {spark_submit.py:571} INFO - 24/01/30 03:02:29 INFO Utils: Successfully started service 'sparkDriver' on port 39049.
[2024-01-30T03:02:29.140+0000] {spark_submit.py:571} INFO - 24/01/30 03:02:29 INFO SparkEnv: Registering MapOutputTracker
[2024-01-30T03:02:29.199+0000] {spark_submit.py:571} INFO - 24/01/30 03:02:29 INFO SparkEnv: Registering BlockManagerMaster
[2024-01-30T03:02:29.230+0000] {spark_submit.py:571} INFO - 24/01/30 03:02:29 INFO BlockManagerMasterEndpoint: Using org.apache.spark.storage.DefaultTopologyMapper for getting topology information
[2024-01-30T03:02:29.232+0000] {spark_submit.py:571} INFO - 24/01/30 03:02:29 INFO BlockManagerMasterEndpoint: BlockManagerMasterEndpoint up
[2024-01-30T03:02:29.237+0000] {spark_submit.py:571} INFO - 24/01/30 03:02:29 INFO SparkEnv: Registering BlockManagerMasterHeartbeat
[2024-01-30T03:02:29.267+0000] {spark_submit.py:571} INFO - 24/01/30 03:02:29 INFO DiskBlockManager: Created local directory at /tmp/blockmgr-b7d55d4c-99c3-4bf4-9ae4-3d0cc8f32b76
[2024-01-30T03:02:29.297+0000] {spark_submit.py:571} INFO - 24/01/30 03:02:29 INFO MemoryStore: MemoryStore started with capacity 434.4 MiB
[2024-01-30T03:02:29.342+0000] {spark_submit.py:571} INFO - 24/01/30 03:02:29 INFO SparkEnv: Registering OutputCommitCoordinator
[2024-01-30T03:02:29.644+0000] {spark_submit.py:571} INFO - 24/01/30 03:02:29 INFO JettyUtils: Start Jetty 0.0.0.0:4040 for SparkUI
[2024-01-30T03:02:29.756+0000] {spark_submit.py:571} INFO - 24/01/30 03:02:29 INFO Utils: Successfully started service 'SparkUI' on port 4040.
[2024-01-30T03:02:29.838+0000] {spark_submit.py:571} INFO - 24/01/30 03:02:29 INFO SparkContext: Added JAR file:/home/juniortemgoua0/DataLake/jobs/processes/scala/spark_process/target/scala-2.12/spark_job_2.12-0.1.0.jar at spark://instance-1.europe-west9-a.c.data-lake-project-409321.internal:39049/jars/spark_job_2.12-0.1.0.jar with timestamp 1706583748087
[2024-01-30T03:02:29.952+0000] {spark_submit.py:571} INFO - 24/01/30 03:02:29 INFO Executor: Starting executor ID driver on host instance-1.europe-west9-a.c.data-lake-project-409321.internal
[2024-01-30T03:02:29.953+0000] {spark_submit.py:571} INFO - 24/01/30 03:02:29 INFO Executor: OS info Linux, 5.15.0-1049-gcp, amd64
[2024-01-30T03:02:29.954+0000] {spark_submit.py:571} INFO - 24/01/30 03:02:29 INFO Executor: Java version 17.0.9
[2024-01-30T03:02:29.967+0000] {spark_submit.py:571} INFO - 24/01/30 03:02:29 INFO Executor: Starting executor with user classpath (userClassPathFirst = false): ''
[2024-01-30T03:02:29.969+0000] {spark_submit.py:571} INFO - 24/01/30 03:02:29 INFO Executor: Created or updated repl class loader org.apache.spark.util.MutableURLClassLoader@6ed043d3 for default.
[2024-01-30T03:02:30.043+0000] {spark_submit.py:571} INFO - 24/01/30 03:02:30 INFO Executor: Fetching spark://instance-1.europe-west9-a.c.data-lake-project-409321.internal:39049/jars/spark_job_2.12-0.1.0.jar with timestamp 1706583748087
[2024-01-30T03:02:30.153+0000] {spark_submit.py:571} INFO - 24/01/30 03:02:30 INFO TransportClientFactory: Successfully created connection to instance-1.europe-west9-a.c.data-lake-project-409321.internal/10.200.0.5:39049 after 63 ms (0 ms spent in bootstraps)
[2024-01-30T03:02:30.180+0000] {spark_submit.py:571} INFO - 24/01/30 03:02:30 INFO Utils: Fetching spark://instance-1.europe-west9-a.c.data-lake-project-409321.internal:39049/jars/spark_job_2.12-0.1.0.jar to /tmp/spark-b7fcc93f-90cf-428c-8acd-c0f5e2ad49a2/userFiles-cd340789-38a8-4b33-b15e-104d740ba8d1/fetchFileTemp11597044227600909685.tmp
[2024-01-30T03:02:30.222+0000] {spark_submit.py:571} INFO - 24/01/30 03:02:30 INFO Executor: Adding file:/tmp/spark-b7fcc93f-90cf-428c-8acd-c0f5e2ad49a2/userFiles-cd340789-38a8-4b33-b15e-104d740ba8d1/spark_job_2.12-0.1.0.jar to class loader default
[2024-01-30T03:02:30.233+0000] {spark_submit.py:571} INFO - 24/01/30 03:02:30 INFO Utils: Successfully started service 'org.apache.spark.network.netty.NettyBlockTransferService' on port 38933.
[2024-01-30T03:02:30.233+0000] {spark_submit.py:571} INFO - 24/01/30 03:02:30 INFO NettyBlockTransferService: Server created on instance-1.europe-west9-a.c.data-lake-project-409321.internal:38933
[2024-01-30T03:02:30.238+0000] {spark_submit.py:571} INFO - 24/01/30 03:02:30 INFO BlockManager: Using org.apache.spark.storage.RandomBlockReplicationPolicy for block replication policy
[2024-01-30T03:02:30.252+0000] {spark_submit.py:571} INFO - 24/01/30 03:02:30 INFO BlockManagerMaster: Registering BlockManager BlockManagerId(driver, instance-1.europe-west9-a.c.data-lake-project-409321.internal, 38933, None)
[2024-01-30T03:02:30.256+0000] {spark_submit.py:571} INFO - 24/01/30 03:02:30 INFO BlockManagerMasterEndpoint: Registering block manager instance-1.europe-west9-a.c.data-lake-project-409321.internal:38933 with 434.4 MiB RAM, BlockManagerId(driver, instance-1.europe-west9-a.c.data-lake-project-409321.internal, 38933, None)
[2024-01-30T03:02:30.259+0000] {spark_submit.py:571} INFO - 24/01/30 03:02:30 INFO BlockManagerMaster: Registered BlockManager BlockManagerId(driver, instance-1.europe-west9-a.c.data-lake-project-409321.internal, 38933, None)
[2024-01-30T03:02:30.261+0000] {spark_submit.py:571} INFO - 24/01/30 03:02:30 INFO BlockManager: Initialized BlockManager: BlockManagerId(driver, instance-1.europe-west9-a.c.data-lake-project-409321.internal, 38933, None)
[2024-01-30T03:02:31.341+0000] {spark_submit.py:571} INFO - 24/01/30 03:02:31 INFO SharedState: Setting hive.metastore.warehouse.dir ('null') to the value of spark.sql.warehouse.dir.
[2024-01-30T03:02:31.351+0000] {spark_submit.py:571} INFO - 24/01/30 03:02:31 INFO SharedState: Warehouse path is 'file:/home/juniortemgoua0/DataLake/spark-warehouse'.
[2024-01-30T03:02:32.343+0000] {spark_submit.py:571} INFO - ************************************************
[2024-01-30T03:02:32.344+0000] {spark_submit.py:571} INFO - Date d'exécution  : 2024-01-20
[2024-01-30T03:02:32.344+0000] {spark_submit.py:571} INFO - ************************************************
[2024-01-30T03:02:33.464+0000] {spark_submit.py:571} INFO - Exception in thread "main" org.apache.spark.sql.AnalysisException: [PATH_NOT_FOUND] Path does not exist: hdfs://localhost:9000/data-lake/raw/football_data/competitions/2024-01-20/*.json.
[2024-01-30T03:02:33.465+0000] {spark_submit.py:571} INFO - at org.apache.spark.sql.errors.QueryCompilationErrors$.dataPathNotExistError(QueryCompilationErrors.scala:1500)
[2024-01-30T03:02:33.465+0000] {spark_submit.py:571} INFO - at org.apache.spark.sql.execution.datasources.DataSource$.$anonfun$checkAndGlobPathIfNecessary$3(DataSource.scala:743)
[2024-01-30T03:02:33.465+0000] {spark_submit.py:571} INFO - at org.apache.spark.util.ThreadUtils$.$anonfun$parmap$2(ThreadUtils.scala:380)
[2024-01-30T03:02:33.466+0000] {spark_submit.py:571} INFO - at scala.concurrent.Future$.$anonfun$apply$1(Future.scala:659)
[2024-01-30T03:02:33.466+0000] {spark_submit.py:571} INFO - at scala.util.Success.$anonfun$map$1(Try.scala:255)
[2024-01-30T03:02:33.466+0000] {spark_submit.py:571} INFO - at scala.util.Success.map(Try.scala:213)
[2024-01-30T03:02:33.466+0000] {spark_submit.py:571} INFO - at scala.concurrent.Future.$anonfun$map$1(Future.scala:292)
[2024-01-30T03:02:33.467+0000] {spark_submit.py:571} INFO - at scala.concurrent.impl.Promise.liftedTree1$1(Promise.scala:33)
[2024-01-30T03:02:33.468+0000] {spark_submit.py:571} INFO - at scala.concurrent.impl.Promise.$anonfun$transform$1(Promise.scala:33)
[2024-01-30T03:02:33.468+0000] {spark_submit.py:571} INFO - at scala.concurrent.impl.CallbackRunnable.run(Promise.scala:64)
[2024-01-30T03:02:33.468+0000] {spark_submit.py:571} INFO - at java.base/java.util.concurrent.ForkJoinTask$RunnableExecuteAction.exec(ForkJoinTask.java:1395)
[2024-01-30T03:02:33.468+0000] {spark_submit.py:571} INFO - at java.base/java.util.concurrent.ForkJoinTask.doExec(ForkJoinTask.java:373)
[2024-01-30T03:02:33.468+0000] {spark_submit.py:571} INFO - at java.base/java.util.concurrent.ForkJoinPool$WorkQueue.topLevelExec(ForkJoinPool.java:1182)
[2024-01-30T03:02:33.468+0000] {spark_submit.py:571} INFO - at java.base/java.util.concurrent.ForkJoinPool.scan(ForkJoinPool.java:1655)
[2024-01-30T03:02:33.469+0000] {spark_submit.py:571} INFO - at java.base/java.util.concurrent.ForkJoinPool.runWorker(ForkJoinPool.java:1622)
[2024-01-30T03:02:33.469+0000] {spark_submit.py:571} INFO - at java.base/java.util.concurrent.ForkJoinWorkerThread.run(ForkJoinWorkerThread.java:165)
[2024-01-30T03:02:33.473+0000] {spark_submit.py:571} INFO - 24/01/30 03:02:33 INFO SparkContext: Invoking stop() from shutdown hook
[2024-01-30T03:02:33.474+0000] {spark_submit.py:571} INFO - 24/01/30 03:02:33 INFO SparkContext: SparkContext is stopping with exitCode 0.
[2024-01-30T03:02:33.487+0000] {spark_submit.py:571} INFO - 24/01/30 03:02:33 INFO SparkUI: Stopped Spark web UI at http://instance-1.europe-west9-a.c.data-lake-project-409321.internal:4040
[2024-01-30T03:02:33.513+0000] {spark_submit.py:571} INFO - 24/01/30 03:02:33 INFO MapOutputTrackerMasterEndpoint: MapOutputTrackerMasterEndpoint stopped!
[2024-01-30T03:02:33.551+0000] {spark_submit.py:571} INFO - 24/01/30 03:02:33 INFO MemoryStore: MemoryStore cleared
[2024-01-30T03:02:33.553+0000] {spark_submit.py:571} INFO - 24/01/30 03:02:33 INFO BlockManager: BlockManager stopped
[2024-01-30T03:02:33.573+0000] {spark_submit.py:571} INFO - 24/01/30 03:02:33 INFO BlockManagerMaster: BlockManagerMaster stopped
[2024-01-30T03:02:33.578+0000] {spark_submit.py:571} INFO - 24/01/30 03:02:33 INFO OutputCommitCoordinator$OutputCommitCoordinatorEndpoint: OutputCommitCoordinator stopped!
[2024-01-30T03:02:33.628+0000] {spark_submit.py:571} INFO - 24/01/30 03:02:33 INFO SparkContext: Successfully stopped SparkContext
[2024-01-30T03:02:33.628+0000] {spark_submit.py:571} INFO - 24/01/30 03:02:33 INFO ShutdownHookManager: Shutdown hook called
[2024-01-30T03:02:33.629+0000] {spark_submit.py:571} INFO - 24/01/30 03:02:33 INFO ShutdownHookManager: Deleting directory /tmp/spark-dac02368-752e-42f9-bf6e-cd1fa1d8125b
[2024-01-30T03:02:33.640+0000] {spark_submit.py:571} INFO - 24/01/30 03:02:33 INFO ShutdownHookManager: Deleting directory /tmp/spark-b7fcc93f-90cf-428c-8acd-c0f5e2ad49a2
[2024-01-30T03:02:33.722+0000] {taskinstance.py:2698} ERROR - Task failed with exception
Traceback (most recent call last):
  File "/home/juniortemgoua0/DataLake/venv/lib/python3.8/site-packages/airflow/models/taskinstance.py", line 433, in _execute_task
    result = execute_callable(context=context, **execute_callable_kwargs)
  File "/home/juniortemgoua0/DataLake/venv/lib/python3.8/site-packages/airflow/providers/apache/spark/operators/spark_submit.py", line 174, in execute
    self._hook.submit(self._application)
  File "/home/juniortemgoua0/DataLake/venv/lib/python3.8/site-packages/airflow/providers/apache/spark/hooks/spark_submit.py", line 502, in submit
    raise AirflowException(
airflow.exceptions.AirflowException: Cannot execute: spark-submit --master local[*] --conf spark.airflow.execution_date=2024-01-20 --name arrow-spark --class RawToFormatted --queue root.default --deploy-mode client /home/juniortemgoua0/DataLake/jobs/processes/scala/spark_process/target/scala-2.12/spark_job_2.12-0.1.0.jar hdfs://localhost:9000/data-lake. Error code is: 1.
[2024-01-30T03:02:33.725+0000] {taskinstance.py:1138} INFO - Marking task as UP_FOR_RETRY. dag_id=manage_data_lake_dag, task_id=local_job_raw_to_formatted, execution_date=20240120T000000, start_date=20240130T030225, end_date=20240130T030233
[2024-01-30T03:02:33.748+0000] {standard_task_runner.py:107} ERROR - Failed to execute job 206 for task local_job_raw_to_formatted (Cannot execute: spark-submit --master local[*] --conf spark.airflow.execution_date=2024-01-20 --name arrow-spark --class RawToFormatted --queue root.default --deploy-mode client /home/juniortemgoua0/DataLake/jobs/processes/scala/spark_process/target/scala-2.12/spark_job_2.12-0.1.0.jar hdfs://localhost:9000/data-lake. Error code is: 1.; 22727)
[2024-01-30T03:02:33.776+0000] {local_task_job_runner.py:234} INFO - Task exited with return code 1
[2024-01-30T03:02:33.793+0000] {taskinstance.py:3280} INFO - 0 downstream tasks scheduled from follow-on schedule check
