[2024-01-30T16:10:02.238+0000] {taskinstance.py:1956} INFO - Dependencies all met for dep_context=non-requeueable deps ti=<TaskInstance: manage_data_lake_dag.dataproc_job_raw_to_formatted scheduled__2024-01-03T00:00:00+00:00 [queued]>
[2024-01-30T16:10:02.246+0000] {taskinstance.py:1956} INFO - Dependencies all met for dep_context=requeueable deps ti=<TaskInstance: manage_data_lake_dag.dataproc_job_raw_to_formatted scheduled__2024-01-03T00:00:00+00:00 [queued]>
[2024-01-30T16:10:02.246+0000] {taskinstance.py:2170} INFO - Starting attempt 1 of 6
[2024-01-30T16:10:02.262+0000] {taskinstance.py:2191} INFO - Executing <Task(DataprocSubmitJobOperator): dataproc_job_raw_to_formatted> on 2024-01-03 00:00:00+00:00
[2024-01-30T16:10:02.269+0000] {standard_task_runner.py:60} INFO - Started process 63307 to run task
[2024-01-30T16:10:02.275+0000] {standard_task_runner.py:87} INFO - Running: ['airflow', 'tasks', 'run', 'manage_data_lake_dag', 'dataproc_job_raw_to_formatted', 'scheduled__2024-01-03T00:00:00+00:00', '--job-id', '261', '--raw', '--subdir', 'DAGS_FOLDER/data_lake_dag.py', '--cfg-path', '/tmp/tmpmwlhotz6']
[2024-01-30T16:10:02.278+0000] {standard_task_runner.py:88} INFO - Job 261: Subtask dataproc_job_raw_to_formatted
[2024-01-30T16:10:02.329+0000] {task_command.py:423} INFO - Running <TaskInstance: manage_data_lake_dag.dataproc_job_raw_to_formatted scheduled__2024-01-03T00:00:00+00:00 [running]> on host instance-1.europe-west9-a.c.data-lake-project-409321.internal
[2024-01-30T16:10:02.402+0000] {taskinstance.py:2480} INFO - Exporting env vars: AIRFLOW_CTX_DAG_OWNER='juniortemgoua0' AIRFLOW_CTX_DAG_ID='manage_data_lake_dag' AIRFLOW_CTX_TASK_ID='dataproc_job_raw_to_formatted' AIRFLOW_CTX_EXECUTION_DATE='2024-01-03T00:00:00+00:00' AIRFLOW_CTX_TRY_NUMBER='1' AIRFLOW_CTX_DAG_RUN_ID='scheduled__2024-01-03T00:00:00+00:00'
[2024-01-30T16:10:02.404+0000] {dataproc.py:2317} INFO - Submitting job
[2024-01-30T16:10:02.410+0000] {connection.py:234} WARNING - Connection schemes (type: google_cloud_platform) shall not contain '_' according to RFC3986.
[2024-01-30T16:10:02.415+0000] {base.py:83} INFO - Using connection ID 'google_cloud_default' for task execution.
[2024-01-30T16:10:02.569+0000] {dataproc.py:2329} INFO - Job 11b1531d-213f-48b2-91a3-cb9d80e547c5 submitted successfully.
[2024-01-30T16:10:02.581+0000] {dataproc.py:2363} INFO - Waiting for job 11b1531d-213f-48b2-91a3-cb9d80e547c5 to complete
[2024-01-30T16:10:42.895+0000] {taskinstance.py:2698} ERROR - Task failed with exception
Traceback (most recent call last):
  File "/home/juniortemgoua0/DataLake/venv/lib/python3.8/site-packages/airflow/models/taskinstance.py", line 433, in _execute_task
    result = execute_callable(context=context, **execute_callable_kwargs)
  File "/home/juniortemgoua0/DataLake/venv/lib/python3.8/site-packages/airflow/providers/google/cloud/operators/dataproc.py", line 2364, in execute
    self.hook.wait_for_job(
  File "/home/juniortemgoua0/DataLake/venv/lib/python3.8/site-packages/airflow/providers/google/common/hooks/base_google.py", line 482, in inner_wrapper
    return func(self, *args, **kwargs)
  File "/home/juniortemgoua0/DataLake/venv/lib/python3.8/site-packages/airflow/providers/google/cloud/hooks/dataproc.py", line 740, in wait_for_job
    raise AirflowException(f"Job failed:\n{job}")
airflow.exceptions.AirflowException: Job failed:
reference {
  project_id: "data-lake-project-409321"
  job_id: "11b1531d-213f-48b2-91a3-cb9d80e547c5"
}
placement {
  cluster_name: "cluster-f499"
  cluster_uuid: "13fc8c1e-24fd-4462-8a44-4c3a49636ea2"
}
spark_job {
  main_class: "RawToFormatted"
  args: "gs://data-lake-buck"
  args: "dataproc"
  jar_file_uris: "gs://data-lake-buck/spark_job_2.12-0.1.0.jar"
  properties {
    key: "spark.airflow.execution_date"
    value: "2024-01-03"
  }
}
status {
  state: ERROR
  details: "Job failed with message [Exception in thread \"main\" org.apache.spark.sql.AnalysisException: Path does not exist: gs://data-lake-buck/raw/football_data/competitions/2024-01-03/*.json]. Additional details can be found at:\nhttps://console.cloud.google.com/dataproc/jobs/11b1531d-213f-48b2-91a3-cb9d80e547c5?project=data-lake-project-409321&region=europe-west9\ngcloud dataproc jobs wait \'11b1531d-213f-48b2-91a3-cb9d80e547c5\' --region \'europe-west9\' --project \'data-lake-project-409321\'\nhttps://console.cloud.google.com/storage/browser/dataproc-staging-europe-west9-58760042001-uborul6i/google-cloud-dataproc-metainfo/13fc8c1e-24fd-4462-8a44-4c3a49636ea2/jobs/11b1531d-213f-48b2-91a3-cb9d80e547c5/\ngs://dataproc-staging-europe-west9-58760042001-uborul6i/google-cloud-dataproc-metainfo/13fc8c1e-24fd-4462-8a44-4c3a49636ea2/jobs/11b1531d-213f-48b2-91a3-cb9d80e547c5/driveroutput.*"
  state_start_time {
    seconds: 1706631038
    nanos: 979034000
  }
}
status_history {
  state: PENDING
  state_start_time {
    seconds: 1706631002
    nanos: 553795000
  }
}
status_history {
  state: SETUP_DONE
  state_start_time {
    seconds: 1706631002
    nanos: 592985000
  }
}
status_history {
  state: RUNNING
  state_start_time {
    seconds: 1706631002
    nanos: 822594000
  }
}
yarn_applications {
  name: "RawToFormatted"
  state: FINISHED
  progress: 1
  tracking_url: "http://cluster-f499-m.europe-west9-c.c.data-lake-project-409321.internal.:8088/proxy/application_1706622505355_0024/"
}
driver_output_resource_uri: "gs://dataproc-staging-europe-west9-58760042001-uborul6i/google-cloud-dataproc-metainfo/13fc8c1e-24fd-4462-8a44-4c3a49636ea2/jobs/11b1531d-213f-48b2-91a3-cb9d80e547c5/driveroutput"
driver_control_files_uri: "gs://dataproc-staging-europe-west9-58760042001-uborul6i/google-cloud-dataproc-metainfo/13fc8c1e-24fd-4462-8a44-4c3a49636ea2/jobs/11b1531d-213f-48b2-91a3-cb9d80e547c5/"
job_uuid: "11b1531d-213f-48b2-91a3-cb9d80e547c5"
done: true

[2024-01-30T16:10:42.899+0000] {taskinstance.py:1138} INFO - Marking task as UP_FOR_RETRY. dag_id=manage_data_lake_dag, task_id=dataproc_job_raw_to_formatted, execution_date=20240103T000000, start_date=20240130T161002, end_date=20240130T161042
[2024-01-30T16:10:42.912+0000] {standard_task_runner.py:107} ERROR - Failed to execute job 261 for task dataproc_job_raw_to_formatted (Job failed:
reference {
  project_id: "data-lake-project-409321"
  job_id: "11b1531d-213f-48b2-91a3-cb9d80e547c5"
}
placement {
  cluster_name: "cluster-f499"
  cluster_uuid: "13fc8c1e-24fd-4462-8a44-4c3a49636ea2"
}
spark_job {
  main_class: "RawToFormatted"
  args: "gs://data-lake-buck"
  args: "dataproc"
  jar_file_uris: "gs://data-lake-buck/spark_job_2.12-0.1.0.jar"
  properties {
    key: "spark.airflow.execution_date"
    value: "2024-01-03"
  }
}
status {
  state: ERROR
  details: "Job failed with message [Exception in thread \"main\" org.apache.spark.sql.AnalysisException: Path does not exist: gs://data-lake-buck/raw/football_data/competitions/2024-01-03/*.json]. Additional details can be found at:\nhttps://console.cloud.google.com/dataproc/jobs/11b1531d-213f-48b2-91a3-cb9d80e547c5?project=data-lake-project-409321&region=europe-west9\ngcloud dataproc jobs wait \'11b1531d-213f-48b2-91a3-cb9d80e547c5\' --region \'europe-west9\' --project \'data-lake-project-409321\'\nhttps://console.cloud.google.com/storage/browser/dataproc-staging-europe-west9-58760042001-uborul6i/google-cloud-dataproc-metainfo/13fc8c1e-24fd-4462-8a44-4c3a49636ea2/jobs/11b1531d-213f-48b2-91a3-cb9d80e547c5/\ngs://dataproc-staging-europe-west9-58760042001-uborul6i/google-cloud-dataproc-metainfo/13fc8c1e-24fd-4462-8a44-4c3a49636ea2/jobs/11b1531d-213f-48b2-91a3-cb9d80e547c5/driveroutput.*"
  state_start_time {
    seconds: 1706631038
    nanos: 979034000
  }
}
status_history {
  state: PENDING
  state_start_time {
    seconds: 1706631002
    nanos: 553795000
  }
}
status_history {
  state: SETUP_DONE
  state_start_time {
    seconds: 1706631002
    nanos: 592985000
  }
}
status_history {
  state: RUNNING
  state_start_time {
    seconds: 1706631002
    nanos: 822594000
  }
}
yarn_applications {
  name: "RawToFormatted"
  state: FINISHED
  progress: 1
  tracking_url: "http://cluster-f499-m.europe-west9-c.c.data-lake-project-409321.internal.:8088/proxy/application_1706622505355_0024/"
}
driver_output_resource_uri: "gs://dataproc-staging-europe-west9-58760042001-uborul6i/google-cloud-dataproc-metainfo/13fc8c1e-24fd-4462-8a44-4c3a49636ea2/jobs/11b1531d-213f-48b2-91a3-cb9d80e547c5/driveroutput"
driver_control_files_uri: "gs://dataproc-staging-europe-west9-58760042001-uborul6i/google-cloud-dataproc-metainfo/13fc8c1e-24fd-4462-8a44-4c3a49636ea2/jobs/11b1531d-213f-48b2-91a3-cb9d80e547c5/"
job_uuid: "11b1531d-213f-48b2-91a3-cb9d80e547c5"
done: true
; 63307)
[2024-01-30T16:10:42.924+0000] {local_task_job_runner.py:234} INFO - Task exited with return code 1
[2024-01-30T16:10:42.943+0000] {taskinstance.py:3280} INFO - 0 downstream tasks scheduled from follow-on schedule check
[2024-01-31T09:16:29.685+0000] {taskinstance.py:1956} INFO - Dependencies all met for dep_context=non-requeueable deps ti=<TaskInstance: manage_data_lake_dag.dataproc_job_raw_to_formatted scheduled__2024-01-03T00:00:00+00:00 [queued]>
[2024-01-31T09:16:29.694+0000] {taskinstance.py:1956} INFO - Dependencies all met for dep_context=requeueable deps ti=<TaskInstance: manage_data_lake_dag.dataproc_job_raw_to_formatted scheduled__2024-01-03T00:00:00+00:00 [queued]>
[2024-01-31T09:16:29.694+0000] {taskinstance.py:2170} INFO - Starting attempt 1 of 6
[2024-01-31T09:16:29.710+0000] {taskinstance.py:2191} INFO - Executing <Task(DataprocSubmitJobOperator): dataproc_job_raw_to_formatted> on 2024-01-03 00:00:00+00:00
[2024-01-31T09:16:29.717+0000] {standard_task_runner.py:60} INFO - Started process 152939 to run task
[2024-01-31T09:16:29.724+0000] {standard_task_runner.py:87} INFO - Running: ['airflow', 'tasks', 'run', 'manage_data_lake_dag', 'dataproc_job_raw_to_formatted', 'scheduled__2024-01-03T00:00:00+00:00', '--job-id', '271', '--raw', '--subdir', 'DAGS_FOLDER/data_lake_dag.py', '--cfg-path', '/tmp/tmplmvby435']
[2024-01-31T09:16:29.726+0000] {standard_task_runner.py:88} INFO - Job 271: Subtask dataproc_job_raw_to_formatted
[2024-01-31T09:16:29.777+0000] {task_command.py:423} INFO - Running <TaskInstance: manage_data_lake_dag.dataproc_job_raw_to_formatted scheduled__2024-01-03T00:00:00+00:00 [running]> on host instance-1.europe-west9-a.c.data-lake-project-409321.internal
[2024-01-31T09:16:29.846+0000] {taskinstance.py:2480} INFO - Exporting env vars: AIRFLOW_CTX_DAG_OWNER='juniortemgoua0' AIRFLOW_CTX_DAG_ID='manage_data_lake_dag' AIRFLOW_CTX_TASK_ID='dataproc_job_raw_to_formatted' AIRFLOW_CTX_EXECUTION_DATE='2024-01-03T00:00:00+00:00' AIRFLOW_CTX_TRY_NUMBER='1' AIRFLOW_CTX_DAG_RUN_ID='scheduled__2024-01-03T00:00:00+00:00'
[2024-01-31T09:16:29.850+0000] {dataproc.py:2317} INFO - Submitting job
[2024-01-31T09:16:29.857+0000] {connection.py:234} WARNING - Connection schemes (type: google_cloud_platform) shall not contain '_' according to RFC3986.
[2024-01-31T09:16:29.865+0000] {base.py:83} INFO - Using connection ID 'google_cloud_default' for task execution.
[2024-01-31T09:16:30.057+0000] {dataproc.py:2329} INFO - Job 7445e0bb-34a0-4709-9ea5-e7d528bad355 submitted successfully.
[2024-01-31T09:16:30.070+0000] {dataproc.py:2363} INFO - Waiting for job 7445e0bb-34a0-4709-9ea5-e7d528bad355 to complete
[2024-01-31T09:18:30.861+0000] {taskinstance.py:2698} ERROR - Task failed with exception
Traceback (most recent call last):
  File "/home/juniortemgoua0/DataLake/venv/lib/python3.8/site-packages/airflow/models/taskinstance.py", line 433, in _execute_task
    result = execute_callable(context=context, **execute_callable_kwargs)
  File "/home/juniortemgoua0/DataLake/venv/lib/python3.8/site-packages/airflow/providers/google/cloud/operators/dataproc.py", line 2364, in execute
    self.hook.wait_for_job(
  File "/home/juniortemgoua0/DataLake/venv/lib/python3.8/site-packages/airflow/providers/google/common/hooks/base_google.py", line 482, in inner_wrapper
    return func(self, *args, **kwargs)
  File "/home/juniortemgoua0/DataLake/venv/lib/python3.8/site-packages/airflow/providers/google/cloud/hooks/dataproc.py", line 740, in wait_for_job
    raise AirflowException(f"Job failed:\n{job}")
airflow.exceptions.AirflowException: Job failed:
reference {
  project_id: "data-lake-project-409321"
  job_id: "7445e0bb-34a0-4709-9ea5-e7d528bad355"
}
placement {
  cluster_name: "cluster-f499"
  cluster_uuid: "13fc8c1e-24fd-4462-8a44-4c3a49636ea2"
}
spark_job {
  main_class: "RawToFormatted"
  args: "gs://data-lake-buck/datalake"
  args: "dataproc"
  jar_file_uris: "gs://data-lake-buck/spark_job_2.12-0.1.0.jar"
  properties {
    key: "spark.airflow.execution_date"
    value: "2024-01-03"
  }
}
status {
  state: ERROR
  details: "Driver received SIGTERM/SIGKILL signal and exited with 143 code, which potentially signifies a memory pressure.\nGoogle Cloud Dataproc Agent reports job failure. If logs are available, they can be found at:\nhttps://console.cloud.google.com/dataproc/jobs/7445e0bb-34a0-4709-9ea5-e7d528bad355?project=data-lake-project-409321&region=europe-west9\ngcloud dataproc jobs wait \'7445e0bb-34a0-4709-9ea5-e7d528bad355\' --region \'europe-west9\' --project \'data-lake-project-409321\'\nhttps://console.cloud.google.com/storage/browser/dataproc-staging-europe-west9-58760042001-uborul6i/google-cloud-dataproc-metainfo/13fc8c1e-24fd-4462-8a44-4c3a49636ea2/jobs/7445e0bb-34a0-4709-9ea5-e7d528bad355/\ngs://dataproc-staging-europe-west9-58760042001-uborul6i/google-cloud-dataproc-metainfo/13fc8c1e-24fd-4462-8a44-4c3a49636ea2/jobs/7445e0bb-34a0-4709-9ea5-e7d528bad355/driveroutput.*"
  state_start_time {
    seconds: 1706692707
    nanos: 919412000
  }
}
status_history {
  state: PENDING
  state_start_time {
    seconds: 1706692590
    nanos: 41813000
  }
}
status_history {
  state: SETUP_DONE
  state_start_time {
    seconds: 1706692590
    nanos: 88510000
  }
}
status_history {
  state: RUNNING
  state_start_time {
    seconds: 1706692590
    nanos: 345002000
  }
}
yarn_applications {
  name: "RawToFormatted"
  state: FINISHED
  progress: 1
  tracking_url: "http://cluster-f499-m.europe-west9-c.c.data-lake-project-409321.internal.:8088/proxy/application_1706622505355_0193/"
}
driver_output_resource_uri: "gs://dataproc-staging-europe-west9-58760042001-uborul6i/google-cloud-dataproc-metainfo/13fc8c1e-24fd-4462-8a44-4c3a49636ea2/jobs/7445e0bb-34a0-4709-9ea5-e7d528bad355/driveroutput"
driver_control_files_uri: "gs://dataproc-staging-europe-west9-58760042001-uborul6i/google-cloud-dataproc-metainfo/13fc8c1e-24fd-4462-8a44-4c3a49636ea2/jobs/7445e0bb-34a0-4709-9ea5-e7d528bad355/"
job_uuid: "7445e0bb-34a0-4709-9ea5-e7d528bad355"
done: true

[2024-01-31T09:18:30.867+0000] {taskinstance.py:1138} INFO - Marking task as UP_FOR_RETRY. dag_id=manage_data_lake_dag, task_id=dataproc_job_raw_to_formatted, execution_date=20240103T000000, start_date=20240131T091629, end_date=20240131T091830
[2024-01-31T09:18:30.880+0000] {standard_task_runner.py:107} ERROR - Failed to execute job 271 for task dataproc_job_raw_to_formatted (Job failed:
reference {
  project_id: "data-lake-project-409321"
  job_id: "7445e0bb-34a0-4709-9ea5-e7d528bad355"
}
placement {
  cluster_name: "cluster-f499"
  cluster_uuid: "13fc8c1e-24fd-4462-8a44-4c3a49636ea2"
}
spark_job {
  main_class: "RawToFormatted"
  args: "gs://data-lake-buck/datalake"
  args: "dataproc"
  jar_file_uris: "gs://data-lake-buck/spark_job_2.12-0.1.0.jar"
  properties {
    key: "spark.airflow.execution_date"
    value: "2024-01-03"
  }
}
status {
  state: ERROR
  details: "Driver received SIGTERM/SIGKILL signal and exited with 143 code, which potentially signifies a memory pressure.\nGoogle Cloud Dataproc Agent reports job failure. If logs are available, they can be found at:\nhttps://console.cloud.google.com/dataproc/jobs/7445e0bb-34a0-4709-9ea5-e7d528bad355?project=data-lake-project-409321&region=europe-west9\ngcloud dataproc jobs wait \'7445e0bb-34a0-4709-9ea5-e7d528bad355\' --region \'europe-west9\' --project \'data-lake-project-409321\'\nhttps://console.cloud.google.com/storage/browser/dataproc-staging-europe-west9-58760042001-uborul6i/google-cloud-dataproc-metainfo/13fc8c1e-24fd-4462-8a44-4c3a49636ea2/jobs/7445e0bb-34a0-4709-9ea5-e7d528bad355/\ngs://dataproc-staging-europe-west9-58760042001-uborul6i/google-cloud-dataproc-metainfo/13fc8c1e-24fd-4462-8a44-4c3a49636ea2/jobs/7445e0bb-34a0-4709-9ea5-e7d528bad355/driveroutput.*"
  state_start_time {
    seconds: 1706692707
    nanos: 919412000
  }
}
status_history {
  state: PENDING
  state_start_time {
    seconds: 1706692590
    nanos: 41813000
  }
}
status_history {
  state: SETUP_DONE
  state_start_time {
    seconds: 1706692590
    nanos: 88510000
  }
}
status_history {
  state: RUNNING
  state_start_time {
    seconds: 1706692590
    nanos: 345002000
  }
}
yarn_applications {
  name: "RawToFormatted"
  state: FINISHED
  progress: 1
  tracking_url: "http://cluster-f499-m.europe-west9-c.c.data-lake-project-409321.internal.:8088/proxy/application_1706622505355_0193/"
}
driver_output_resource_uri: "gs://dataproc-staging-europe-west9-58760042001-uborul6i/google-cloud-dataproc-metainfo/13fc8c1e-24fd-4462-8a44-4c3a49636ea2/jobs/7445e0bb-34a0-4709-9ea5-e7d528bad355/driveroutput"
driver_control_files_uri: "gs://dataproc-staging-europe-west9-58760042001-uborul6i/google-cloud-dataproc-metainfo/13fc8c1e-24fd-4462-8a44-4c3a49636ea2/jobs/7445e0bb-34a0-4709-9ea5-e7d528bad355/"
job_uuid: "7445e0bb-34a0-4709-9ea5-e7d528bad355"
done: true
; 152939)
[2024-01-31T09:18:30.903+0000] {local_task_job_runner.py:234} INFO - Task exited with return code 1
[2024-01-31T09:18:30.926+0000] {taskinstance.py:3280} INFO - 0 downstream tasks scheduled from follow-on schedule check
