[2024-01-30T13:17:28.923+0000] {taskinstance.py:1956} INFO - Dependencies all met for dep_context=non-requeueable deps ti=<TaskInstance: manage_data_lake_dag.dataproc_job_raw_to_formatted manual__2024-01-30T12:57:06.997957+00:00 [queued]>
[2024-01-30T13:17:28.931+0000] {taskinstance.py:1956} INFO - Dependencies all met for dep_context=requeueable deps ti=<TaskInstance: manage_data_lake_dag.dataproc_job_raw_to_formatted manual__2024-01-30T12:57:06.997957+00:00 [queued]>
[2024-01-30T13:17:28.931+0000] {taskinstance.py:2170} INFO - Starting attempt 5 of 6
[2024-01-30T13:17:28.947+0000] {taskinstance.py:2191} INFO - Executing <Task(DataprocSubmitJobOperator): dataproc_job_raw_to_formatted> on 2024-01-30 12:57:06.997957+00:00
[2024-01-30T13:17:28.953+0000] {standard_task_runner.py:60} INFO - Started process 34626 to run task
[2024-01-30T13:17:28.959+0000] {standard_task_runner.py:87} INFO - Running: ['airflow', 'tasks', 'run', 'manage_data_lake_dag', 'dataproc_job_raw_to_formatted', 'manual__2024-01-30T12:57:06.997957+00:00', '--job-id', '218', '--raw', '--subdir', 'DAGS_FOLDER/data_lake_dag.py', '--cfg-path', '/tmp/tmp9m_84j9u']
[2024-01-30T13:17:28.962+0000] {standard_task_runner.py:88} INFO - Job 218: Subtask dataproc_job_raw_to_formatted
[2024-01-30T13:17:29.027+0000] {task_command.py:423} INFO - Running <TaskInstance: manage_data_lake_dag.dataproc_job_raw_to_formatted manual__2024-01-30T12:57:06.997957+00:00 [running]> on host instance-1.europe-west9-a.c.data-lake-project-409321.internal
[2024-01-30T13:17:29.093+0000] {taskinstance.py:2480} INFO - Exporting env vars: AIRFLOW_CTX_DAG_OWNER='juniortemgoua0' AIRFLOW_CTX_DAG_ID='manage_data_lake_dag' AIRFLOW_CTX_TASK_ID='dataproc_job_raw_to_formatted' AIRFLOW_CTX_EXECUTION_DATE='2024-01-30T12:57:06.997957+00:00' AIRFLOW_CTX_TRY_NUMBER='5' AIRFLOW_CTX_DAG_RUN_ID='manual__2024-01-30T12:57:06.997957+00:00'
[2024-01-30T13:17:29.096+0000] {dataproc.py:2317} INFO - Submitting job
[2024-01-30T13:17:29.106+0000] {taskinstance.py:2698} ERROR - Task failed with exception
Traceback (most recent call last):
  File "/home/juniortemgoua0/DataLake/venv/lib/python3.8/site-packages/airflow/models/taskinstance.py", line 433, in _execute_task
    result = execute_callable(context=context, **execute_callable_kwargs)
  File "/home/juniortemgoua0/DataLake/venv/lib/python3.8/site-packages/airflow/providers/google/cloud/operators/dataproc.py", line 2318, in execute
    self.hook = DataprocHook(gcp_conn_id=self.gcp_conn_id, impersonation_chain=self.impersonation_chain)
  File "/home/juniortemgoua0/DataLake/venv/lib/python3.8/site-packages/airflow/providers/google/cloud/hooks/dataproc.py", line 212, in __init__
    super().__init__(gcp_conn_id=gcp_conn_id, impersonation_chain=impersonation_chain)
  File "/home/juniortemgoua0/DataLake/venv/lib/python3.8/site-packages/airflow/providers/google/common/hooks/base_google.py", line 247, in __init__
    self.extras: dict = self.get_connection(self.gcp_conn_id).extra_dejson
  File "/home/juniortemgoua0/DataLake/venv/lib/python3.8/site-packages/airflow/hooks/base.py", line 82, in get_connection
    conn = Connection.get_connection_from_secrets(conn_id)
  File "/home/juniortemgoua0/DataLake/venv/lib/python3.8/site-packages/airflow/models/connection.py", line 479, in get_connection_from_secrets
    raise AirflowNotFoundException(f"The conn_id `{conn_id}` isn't defined")
airflow.exceptions.AirflowNotFoundException: The conn_id `google_cloud_default` isn't defined
[2024-01-30T13:17:29.114+0000] {taskinstance.py:1138} INFO - Marking task as UP_FOR_RETRY. dag_id=manage_data_lake_dag, task_id=dataproc_job_raw_to_formatted, execution_date=20240130T125706, start_date=20240130T131728, end_date=20240130T131729
[2024-01-30T13:17:29.127+0000] {standard_task_runner.py:107} ERROR - Failed to execute job 218 for task dataproc_job_raw_to_formatted (The conn_id `google_cloud_default` isn't defined; 34626)
[2024-01-30T13:17:29.172+0000] {local_task_job_runner.py:234} INFO - Task exited with return code 1
[2024-01-30T13:17:29.187+0000] {taskinstance.py:3280} INFO - 0 downstream tasks scheduled from follow-on schedule check
