[2024-01-30T02:54:37.004+0000] {taskinstance.py:1956} INFO - Dependencies all met for dep_context=non-requeueable deps ti=<TaskInstance: manage_data_lake_dag.local_job_raw_to_formatted scheduled__2024-01-13T00:00:00+00:00 [queued]>
[2024-01-30T02:54:37.010+0000] {taskinstance.py:1956} INFO - Dependencies all met for dep_context=requeueable deps ti=<TaskInstance: manage_data_lake_dag.local_job_raw_to_formatted scheduled__2024-01-13T00:00:00+00:00 [queued]>
[2024-01-30T02:54:37.010+0000] {taskinstance.py:2170} INFO - Starting attempt 2 of 6
[2024-01-30T02:54:37.024+0000] {taskinstance.py:2191} INFO - Executing <Task(SparkSubmitOperator): local_job_raw_to_formatted> on 2024-01-13 00:00:00+00:00
[2024-01-30T02:54:37.029+0000] {standard_task_runner.py:60} INFO - Started process 19091 to run task
[2024-01-30T02:54:37.034+0000] {standard_task_runner.py:87} INFO - Running: ['airflow', 'tasks', 'run', 'manage_data_lake_dag', 'local_job_raw_to_formatted', 'scheduled__2024-01-13T00:00:00+00:00', '--job-id', '183', '--raw', '--subdir', 'DAGS_FOLDER/data_lake_dag.py', '--cfg-path', '/tmp/tmpah72mylv']
[2024-01-30T02:54:37.037+0000] {standard_task_runner.py:88} INFO - Job 183: Subtask local_job_raw_to_formatted
[2024-01-30T02:54:37.091+0000] {task_command.py:423} INFO - Running <TaskInstance: manage_data_lake_dag.local_job_raw_to_formatted scheduled__2024-01-13T00:00:00+00:00 [running]> on host instance-1.europe-west9-a.c.data-lake-project-409321.internal
[2024-01-30T02:54:37.188+0000] {taskinstance.py:2480} INFO - Exporting env vars: AIRFLOW_CTX_DAG_OWNER='juniortemgoua0' AIRFLOW_CTX_DAG_ID='manage_data_lake_dag' AIRFLOW_CTX_TASK_ID='local_job_raw_to_formatted' AIRFLOW_CTX_EXECUTION_DATE='2024-01-13T00:00:00+00:00' AIRFLOW_CTX_TRY_NUMBER='2' AIRFLOW_CTX_DAG_RUN_ID='scheduled__2024-01-13T00:00:00+00:00'
[2024-01-30T02:54:37.198+0000] {base.py:83} INFO - Using connection ID 'spark_default' for task execution.
[2024-01-30T02:54:37.200+0000] {spark_submit.py:401} INFO - Spark-Submit cmd: spark-submit --master local[*] --conf spark.airflow.execution_date=2024-01-13 --name arrow-spark --class RawToFormatted --queue root.default --deploy-mode client /home/juniortemgoua0/DataLake/jobs/processes/scala/spark_process/target/scala-2.12/spark_job_2.12-0.1.0.jar hdfs://localhost:9000/data-lake
[2024-01-30T02:54:42.161+0000] {spark_submit.py:571} INFO - 24/01/30 02:54:42 INFO SparkContext: Running Spark version 3.5.0
[2024-01-30T02:54:42.178+0000] {spark_submit.py:571} INFO - 24/01/30 02:54:42 INFO SparkContext: OS info Linux, 5.15.0-1049-gcp, amd64
[2024-01-30T02:54:42.185+0000] {spark_submit.py:571} INFO - 24/01/30 02:54:42 INFO SparkContext: Java version 17.0.9
[2024-01-30T02:54:42.431+0000] {spark_submit.py:571} INFO - 24/01/30 02:54:42 WARN NativeCodeLoader: Unable to load native-hadoop library for your platform... using builtin-java classes where applicable
[2024-01-30T02:54:42.602+0000] {spark_submit.py:571} INFO - 24/01/30 02:54:42 INFO ResourceUtils: ==============================================================
[2024-01-30T02:54:42.604+0000] {spark_submit.py:571} INFO - 24/01/30 02:54:42 INFO ResourceUtils: No custom resources configured for spark.driver.
[2024-01-30T02:54:42.604+0000] {spark_submit.py:571} INFO - 24/01/30 02:54:42 INFO ResourceUtils: ==============================================================
[2024-01-30T02:54:42.605+0000] {spark_submit.py:571} INFO - 24/01/30 02:54:42 INFO SparkContext: Submitted application: RawToFormatted
[2024-01-30T02:54:42.683+0000] {spark_submit.py:571} INFO - 24/01/30 02:54:42 INFO ResourceProfile: Default ResourceProfile created, executor resources: Map(cores -> name: cores, amount: 1, script: , vendor: , memory -> name: memory, amount: 1024, script: , vendor: , offHeap -> name: offHeap, amount: 0, script: , vendor: ), task resources: Map(cpus -> name: cpus, amount: 1.0)
[2024-01-30T02:54:42.708+0000] {spark_submit.py:571} INFO - 24/01/30 02:54:42 INFO ResourceProfile: Limiting resource is cpu
[2024-01-30T02:54:42.710+0000] {spark_submit.py:571} INFO - 24/01/30 02:54:42 INFO ResourceProfileManager: Added ResourceProfile id: 0
[2024-01-30T02:54:42.895+0000] {spark_submit.py:571} INFO - 24/01/30 02:54:42 INFO SecurityManager: Changing view acls to: juniortemgoua0
[2024-01-30T02:54:42.896+0000] {spark_submit.py:571} INFO - 24/01/30 02:54:42 INFO SecurityManager: Changing modify acls to: juniortemgoua0
[2024-01-30T02:54:42.902+0000] {spark_submit.py:571} INFO - 24/01/30 02:54:42 INFO SecurityManager: Changing view acls groups to:
[2024-01-30T02:54:42.903+0000] {spark_submit.py:571} INFO - 24/01/30 02:54:42 INFO SecurityManager: Changing modify acls groups to:
[2024-01-30T02:54:42.904+0000] {spark_submit.py:571} INFO - 24/01/30 02:54:42 INFO SecurityManager: SecurityManager: authentication disabled; ui acls disabled; users with view permissions: juniortemgoua0; groups with view permissions: EMPTY; users with modify permissions: juniortemgoua0; groups with modify permissions: EMPTY
[2024-01-30T02:54:44.000+0000] {spark_submit.py:571} INFO - 24/01/30 02:54:43 INFO Utils: Successfully started service 'sparkDriver' on port 37981.
[2024-01-30T02:54:44.158+0000] {spark_submit.py:571} INFO - 24/01/30 02:54:44 INFO SparkEnv: Registering MapOutputTracker
[2024-01-30T02:54:44.317+0000] {spark_submit.py:571} INFO - 24/01/30 02:54:44 INFO SparkEnv: Registering BlockManagerMaster
[2024-01-30T02:54:44.388+0000] {spark_submit.py:571} INFO - 24/01/30 02:54:44 INFO BlockManagerMasterEndpoint: Using org.apache.spark.storage.DefaultTopologyMapper for getting topology information
[2024-01-30T02:54:44.389+0000] {spark_submit.py:571} INFO - 24/01/30 02:54:44 INFO BlockManagerMasterEndpoint: BlockManagerMasterEndpoint up
[2024-01-30T02:54:44.405+0000] {spark_submit.py:571} INFO - 24/01/30 02:54:44 INFO SparkEnv: Registering BlockManagerMasterHeartbeat
[2024-01-30T02:54:44.485+0000] {spark_submit.py:571} INFO - 24/01/30 02:54:44 INFO DiskBlockManager: Created local directory at /tmp/blockmgr-98e13a46-8692-45c3-890e-1cb8deeb5108
[2024-01-30T02:54:44.537+0000] {spark_submit.py:571} INFO - 24/01/30 02:54:44 INFO MemoryStore: MemoryStore started with capacity 434.4 MiB
[2024-01-30T02:54:44.602+0000] {spark_submit.py:571} INFO - 24/01/30 02:54:44 INFO SparkEnv: Registering OutputCommitCoordinator
[2024-01-30T02:54:45.051+0000] {spark_submit.py:571} INFO - 24/01/30 02:54:45 INFO JettyUtils: Start Jetty 0.0.0.0:4040 for SparkUI
[2024-01-30T02:54:45.212+0000] {spark_submit.py:571} INFO - 24/01/30 02:54:45 INFO Utils: Successfully started service 'SparkUI' on port 4040.
[2024-01-30T02:54:45.332+0000] {spark_submit.py:571} INFO - 24/01/30 02:54:45 INFO SparkContext: Added JAR file:/home/juniortemgoua0/DataLake/jobs/processes/scala/spark_process/target/scala-2.12/spark_job_2.12-0.1.0.jar at spark://instance-1.europe-west9-a.c.data-lake-project-409321.internal:37981/jars/spark_job_2.12-0.1.0.jar with timestamp 1706583282108
[2024-01-30T02:54:45.554+0000] {spark_submit.py:571} INFO - 24/01/30 02:54:45 INFO Executor: Starting executor ID driver on host instance-1.europe-west9-a.c.data-lake-project-409321.internal
[2024-01-30T02:54:45.555+0000] {spark_submit.py:571} INFO - 24/01/30 02:54:45 INFO Executor: OS info Linux, 5.15.0-1049-gcp, amd64
[2024-01-30T02:54:45.556+0000] {spark_submit.py:571} INFO - 24/01/30 02:54:45 INFO Executor: Java version 17.0.9
[2024-01-30T02:54:45.579+0000] {spark_submit.py:571} INFO - 24/01/30 02:54:45 INFO Executor: Starting executor with user classpath (userClassPathFirst = false): ''
[2024-01-30T02:54:45.580+0000] {spark_submit.py:571} INFO - 24/01/30 02:54:45 INFO Executor: Created or updated repl class loader org.apache.spark.util.MutableURLClassLoader@6ed043d3 for default.
[2024-01-30T02:54:45.606+0000] {spark_submit.py:571} INFO - 24/01/30 02:54:45 INFO Executor: Fetching spark://instance-1.europe-west9-a.c.data-lake-project-409321.internal:37981/jars/spark_job_2.12-0.1.0.jar with timestamp 1706583282108
[2024-01-30T02:54:45.836+0000] {spark_submit.py:571} INFO - 24/01/30 02:54:45 INFO TransportClientFactory: Successfully created connection to instance-1.europe-west9-a.c.data-lake-project-409321.internal/10.200.0.5:37981 after 160 ms (0 ms spent in bootstraps)
[2024-01-30T02:54:45.876+0000] {spark_submit.py:571} INFO - 24/01/30 02:54:45 INFO Utils: Fetching spark://instance-1.europe-west9-a.c.data-lake-project-409321.internal:37981/jars/spark_job_2.12-0.1.0.jar to /tmp/spark-e081652c-3013-47f7-bd79-401a294c9e77/userFiles-a32432cc-fbb0-4a1a-bb0e-3520218c8102/fetchFileTemp9284485085822807055.tmp
[2024-01-30T02:54:45.950+0000] {spark_submit.py:571} INFO - 24/01/30 02:54:45 INFO Executor: Adding file:/tmp/spark-e081652c-3013-47f7-bd79-401a294c9e77/userFiles-a32432cc-fbb0-4a1a-bb0e-3520218c8102/spark_job_2.12-0.1.0.jar to class loader default
[2024-01-30T02:54:45.976+0000] {spark_submit.py:571} INFO - 24/01/30 02:54:45 INFO Utils: Successfully started service 'org.apache.spark.network.netty.NettyBlockTransferService' on port 46063.
[2024-01-30T02:54:45.977+0000] {spark_submit.py:571} INFO - 24/01/30 02:54:45 INFO NettyBlockTransferService: Server created on instance-1.europe-west9-a.c.data-lake-project-409321.internal:46063
[2024-01-30T02:54:45.983+0000] {spark_submit.py:571} INFO - 24/01/30 02:54:45 INFO BlockManager: Using org.apache.spark.storage.RandomBlockReplicationPolicy for block replication policy
[2024-01-30T02:54:46.002+0000] {spark_submit.py:571} INFO - 24/01/30 02:54:46 INFO BlockManagerMaster: Registering BlockManager BlockManagerId(driver, instance-1.europe-west9-a.c.data-lake-project-409321.internal, 46063, None)
[2024-01-30T02:54:46.006+0000] {spark_submit.py:571} INFO - 24/01/30 02:54:46 INFO BlockManagerMasterEndpoint: Registering block manager instance-1.europe-west9-a.c.data-lake-project-409321.internal:46063 with 434.4 MiB RAM, BlockManagerId(driver, instance-1.europe-west9-a.c.data-lake-project-409321.internal, 46063, None)
[2024-01-30T02:54:46.011+0000] {spark_submit.py:571} INFO - 24/01/30 02:54:46 INFO BlockManagerMaster: Registered BlockManager BlockManagerId(driver, instance-1.europe-west9-a.c.data-lake-project-409321.internal, 46063, None)
[2024-01-30T02:54:46.014+0000] {spark_submit.py:571} INFO - 24/01/30 02:54:46 INFO BlockManager: Initialized BlockManager: BlockManagerId(driver, instance-1.europe-west9-a.c.data-lake-project-409321.internal, 46063, None)
[2024-01-30T02:54:47.503+0000] {spark_submit.py:571} INFO - 24/01/30 02:54:47 INFO SharedState: Setting hive.metastore.warehouse.dir ('null') to the value of spark.sql.warehouse.dir.
[2024-01-30T02:54:47.512+0000] {spark_submit.py:571} INFO - 24/01/30 02:54:47 INFO SharedState: Warehouse path is 'file:/home/juniortemgoua0/DataLake/spark-warehouse'.
[2024-01-30T02:54:48.553+0000] {spark_submit.py:571} INFO - ************************************************
[2024-01-30T02:54:48.554+0000] {spark_submit.py:571} INFO - Date d'exécution  : 2024-01-13
[2024-01-30T02:54:48.554+0000] {spark_submit.py:571} INFO - ************************************************
[2024-01-30T02:54:49.982+0000] {spark_submit.py:571} INFO - Exception in thread "main" org.apache.spark.sql.AnalysisException: [PATH_NOT_FOUND] Path does not exist: hdfs://localhost:9000/data-lake/raw/football_data/competitions/2024-01-13/*.json.
[2024-01-30T02:54:49.983+0000] {spark_submit.py:571} INFO - at org.apache.spark.sql.errors.QueryCompilationErrors$.dataPathNotExistError(QueryCompilationErrors.scala:1500)
[2024-01-30T02:54:49.983+0000] {spark_submit.py:571} INFO - at org.apache.spark.sql.execution.datasources.DataSource$.$anonfun$checkAndGlobPathIfNecessary$3(DataSource.scala:743)
[2024-01-30T02:54:49.983+0000] {spark_submit.py:571} INFO - at org.apache.spark.util.ThreadUtils$.$anonfun$parmap$2(ThreadUtils.scala:380)
[2024-01-30T02:54:49.983+0000] {spark_submit.py:571} INFO - at scala.concurrent.Future$.$anonfun$apply$1(Future.scala:659)
[2024-01-30T02:54:49.984+0000] {spark_submit.py:571} INFO - at scala.util.Success.$anonfun$map$1(Try.scala:255)
[2024-01-30T02:54:49.984+0000] {spark_submit.py:571} INFO - at scala.util.Success.map(Try.scala:213)
[2024-01-30T02:54:49.984+0000] {spark_submit.py:571} INFO - at scala.concurrent.Future.$anonfun$map$1(Future.scala:292)
[2024-01-30T02:54:49.984+0000] {spark_submit.py:571} INFO - at scala.concurrent.impl.Promise.liftedTree1$1(Promise.scala:33)
[2024-01-30T02:54:49.984+0000] {spark_submit.py:571} INFO - at scala.concurrent.impl.Promise.$anonfun$transform$1(Promise.scala:33)
[2024-01-30T02:54:49.984+0000] {spark_submit.py:571} INFO - at scala.concurrent.impl.CallbackRunnable.run(Promise.scala:64)
[2024-01-30T02:54:49.985+0000] {spark_submit.py:571} INFO - at java.base/java.util.concurrent.ForkJoinTask$RunnableExecuteAction.exec(ForkJoinTask.java:1395)
[2024-01-30T02:54:49.985+0000] {spark_submit.py:571} INFO - at java.base/java.util.concurrent.ForkJoinTask.doExec(ForkJoinTask.java:373)
[2024-01-30T02:54:49.985+0000] {spark_submit.py:571} INFO - at java.base/java.util.concurrent.ForkJoinPool$WorkQueue.topLevelExec(ForkJoinPool.java:1182)
[2024-01-30T02:54:49.985+0000] {spark_submit.py:571} INFO - at java.base/java.util.concurrent.ForkJoinPool.scan(ForkJoinPool.java:1655)
[2024-01-30T02:54:49.985+0000] {spark_submit.py:571} INFO - at java.base/java.util.concurrent.ForkJoinPool.runWorker(ForkJoinPool.java:1622)
[2024-01-30T02:54:49.987+0000] {spark_submit.py:571} INFO - at java.base/java.util.concurrent.ForkJoinWorkerThread.run(ForkJoinWorkerThread.java:165)
[2024-01-30T02:54:49.994+0000] {spark_submit.py:571} INFO - 24/01/30 02:54:49 INFO SparkContext: Invoking stop() from shutdown hook
[2024-01-30T02:54:49.995+0000] {spark_submit.py:571} INFO - 24/01/30 02:54:49 INFO SparkContext: SparkContext is stopping with exitCode 0.
[2024-01-30T02:54:50.020+0000] {spark_submit.py:571} INFO - 24/01/30 02:54:50 INFO SparkUI: Stopped Spark web UI at http://instance-1.europe-west9-a.c.data-lake-project-409321.internal:4040
[2024-01-30T02:54:50.060+0000] {spark_submit.py:571} INFO - 24/01/30 02:54:50 INFO MapOutputTrackerMasterEndpoint: MapOutputTrackerMasterEndpoint stopped!
[2024-01-30T02:54:50.097+0000] {spark_submit.py:571} INFO - 24/01/30 02:54:50 INFO MemoryStore: MemoryStore cleared
[2024-01-30T02:54:50.098+0000] {spark_submit.py:571} INFO - 24/01/30 02:54:50 INFO BlockManager: BlockManager stopped
[2024-01-30T02:54:50.111+0000] {spark_submit.py:571} INFO - 24/01/30 02:54:50 INFO BlockManagerMaster: BlockManagerMaster stopped
[2024-01-30T02:54:50.121+0000] {spark_submit.py:571} INFO - 24/01/30 02:54:50 INFO OutputCommitCoordinator$OutputCommitCoordinatorEndpoint: OutputCommitCoordinator stopped!
[2024-01-30T02:54:50.160+0000] {spark_submit.py:571} INFO - 24/01/30 02:54:50 INFO SparkContext: Successfully stopped SparkContext
[2024-01-30T02:54:50.161+0000] {spark_submit.py:571} INFO - 24/01/30 02:54:50 INFO ShutdownHookManager: Shutdown hook called
[2024-01-30T02:54:50.161+0000] {spark_submit.py:571} INFO - 24/01/30 02:54:50 INFO ShutdownHookManager: Deleting directory /tmp/spark-e081652c-3013-47f7-bd79-401a294c9e77
[2024-01-30T02:54:50.165+0000] {spark_submit.py:571} INFO - 24/01/30 02:54:50 INFO ShutdownHookManager: Deleting directory /tmp/spark-7a88a4aa-5e89-45a4-95e2-9980ef914daa
[2024-01-30T02:54:50.223+0000] {taskinstance.py:2698} ERROR - Task failed with exception
Traceback (most recent call last):
  File "/home/juniortemgoua0/DataLake/venv/lib/python3.8/site-packages/airflow/models/taskinstance.py", line 433, in _execute_task
    result = execute_callable(context=context, **execute_callable_kwargs)
  File "/home/juniortemgoua0/DataLake/venv/lib/python3.8/site-packages/airflow/providers/apache/spark/operators/spark_submit.py", line 174, in execute
    self._hook.submit(self._application)
  File "/home/juniortemgoua0/DataLake/venv/lib/python3.8/site-packages/airflow/providers/apache/spark/hooks/spark_submit.py", line 502, in submit
    raise AirflowException(
airflow.exceptions.AirflowException: Cannot execute: spark-submit --master local[*] --conf spark.airflow.execution_date=2024-01-13 --name arrow-spark --class RawToFormatted --queue root.default --deploy-mode client /home/juniortemgoua0/DataLake/jobs/processes/scala/spark_process/target/scala-2.12/spark_job_2.12-0.1.0.jar hdfs://localhost:9000/data-lake. Error code is: 1.
[2024-01-30T02:54:50.226+0000] {taskinstance.py:1138} INFO - Marking task as UP_FOR_RETRY. dag_id=manage_data_lake_dag, task_id=local_job_raw_to_formatted, execution_date=20240113T000000, start_date=20240130T025437, end_date=20240130T025450
[2024-01-30T02:54:50.239+0000] {standard_task_runner.py:107} ERROR - Failed to execute job 183 for task local_job_raw_to_formatted (Cannot execute: spark-submit --master local[*] --conf spark.airflow.execution_date=2024-01-13 --name arrow-spark --class RawToFormatted --queue root.default --deploy-mode client /home/juniortemgoua0/DataLake/jobs/processes/scala/spark_process/target/scala-2.12/spark_job_2.12-0.1.0.jar hdfs://localhost:9000/data-lake. Error code is: 1.; 19091)
[2024-01-30T02:54:50.283+0000] {local_task_job_runner.py:234} INFO - Task exited with return code 1
[2024-01-30T02:54:50.299+0000] {taskinstance.py:3280} INFO - 0 downstream tasks scheduled from follow-on schedule check
[2024-01-30T03:14:22.591+0000] {taskinstance.py:1956} INFO - Dependencies all met for dep_context=non-requeueable deps ti=<TaskInstance: manage_data_lake_dag.local_job_raw_to_formatted scheduled__2024-01-13T00:00:00+00:00 [queued]>
[2024-01-30T03:14:22.598+0000] {taskinstance.py:1956} INFO - Dependencies all met for dep_context=requeueable deps ti=<TaskInstance: manage_data_lake_dag.local_job_raw_to_formatted scheduled__2024-01-13T00:00:00+00:00 [queued]>
[2024-01-30T03:14:22.598+0000] {taskinstance.py:2170} INFO - Starting attempt 2 of 6
[2024-01-30T03:14:22.611+0000] {taskinstance.py:2191} INFO - Executing <Task(SparkSubmitOperator): local_job_raw_to_formatted> on 2024-01-13 00:00:00+00:00
[2024-01-30T03:14:22.616+0000] {standard_task_runner.py:60} INFO - Started process 25323 to run task
[2024-01-30T03:14:22.622+0000] {standard_task_runner.py:87} INFO - Running: ['airflow', 'tasks', 'run', 'manage_data_lake_dag', 'local_job_raw_to_formatted', 'scheduled__2024-01-13T00:00:00+00:00', '--job-id', '162', '--raw', '--subdir', 'DAGS_FOLDER/data_lake_dag.py', '--cfg-path', '/tmp/tmpnqpl0um2']
[2024-01-30T03:14:22.625+0000] {standard_task_runner.py:88} INFO - Job 162: Subtask local_job_raw_to_formatted
[2024-01-30T03:14:22.670+0000] {task_command.py:423} INFO - Running <TaskInstance: manage_data_lake_dag.local_job_raw_to_formatted scheduled__2024-01-13T00:00:00+00:00 [running]> on host instance-1.europe-west9-a.c.data-lake-project-409321.internal
[2024-01-30T03:14:22.720+0000] {taskinstance.py:2480} INFO - Exporting env vars: AIRFLOW_CTX_DAG_OWNER='juniortemgoua0' AIRFLOW_CTX_DAG_ID='manage_data_lake_dag' AIRFLOW_CTX_TASK_ID='local_job_raw_to_formatted' AIRFLOW_CTX_EXECUTION_DATE='2024-01-13T00:00:00+00:00' AIRFLOW_CTX_TRY_NUMBER='2' AIRFLOW_CTX_DAG_RUN_ID='scheduled__2024-01-13T00:00:00+00:00'
[2024-01-30T03:14:22.727+0000] {base.py:83} INFO - Using connection ID 'spark_default' for task execution.
[2024-01-30T03:14:22.728+0000] {spark_submit.py:401} INFO - Spark-Submit cmd: spark-submit --master local[*] --conf spark.airflow.execution_date=2024-01-13 --name arrow-spark --class RawToFormatted --queue root.default --deploy-mode client /home/juniortemgoua0/DataLake/jobs/processes/scala/spark_process/target/scala-2.12/spark_job_2.12-0.1.0.jar hdfs://localhost:9000/data-lake
[2024-01-30T03:14:25.595+0000] {spark_submit.py:571} INFO - 24/01/30 03:14:25 INFO SparkContext: Running Spark version 3.5.0
[2024-01-30T03:14:25.600+0000] {spark_submit.py:571} INFO - 24/01/30 03:14:25 INFO SparkContext: OS info Linux, 5.15.0-1049-gcp, amd64
[2024-01-30T03:14:25.600+0000] {spark_submit.py:571} INFO - 24/01/30 03:14:25 INFO SparkContext: Java version 17.0.9
[2024-01-30T03:14:25.707+0000] {spark_submit.py:571} INFO - 24/01/30 03:14:25 WARN NativeCodeLoader: Unable to load native-hadoop library for your platform... using builtin-java classes where applicable
[2024-01-30T03:14:25.853+0000] {spark_submit.py:571} INFO - 24/01/30 03:14:25 INFO ResourceUtils: ==============================================================
[2024-01-30T03:14:25.853+0000] {spark_submit.py:571} INFO - 24/01/30 03:14:25 INFO ResourceUtils: No custom resources configured for spark.driver.
[2024-01-30T03:14:25.854+0000] {spark_submit.py:571} INFO - 24/01/30 03:14:25 INFO ResourceUtils: ==============================================================
[2024-01-30T03:14:25.855+0000] {spark_submit.py:571} INFO - 24/01/30 03:14:25 INFO SparkContext: Submitted application: RawToFormatted
[2024-01-30T03:14:25.886+0000] {spark_submit.py:571} INFO - 24/01/30 03:14:25 INFO ResourceProfile: Default ResourceProfile created, executor resources: Map(cores -> name: cores, amount: 1, script: , vendor: , memory -> name: memory, amount: 1024, script: , vendor: , offHeap -> name: offHeap, amount: 0, script: , vendor: ), task resources: Map(cpus -> name: cpus, amount: 1.0)
[2024-01-30T03:14:25.898+0000] {spark_submit.py:571} INFO - 24/01/30 03:14:25 INFO ResourceProfile: Limiting resource is cpu
[2024-01-30T03:14:25.899+0000] {spark_submit.py:571} INFO - 24/01/30 03:14:25 INFO ResourceProfileManager: Added ResourceProfile id: 0
[2024-01-30T03:14:25.974+0000] {spark_submit.py:571} INFO - 24/01/30 03:14:25 INFO SecurityManager: Changing view acls to: juniortemgoua0
[2024-01-30T03:14:25.975+0000] {spark_submit.py:571} INFO - 24/01/30 03:14:25 INFO SecurityManager: Changing modify acls to: juniortemgoua0
[2024-01-30T03:14:25.975+0000] {spark_submit.py:571} INFO - 24/01/30 03:14:25 INFO SecurityManager: Changing view acls groups to:
[2024-01-30T03:14:25.975+0000] {spark_submit.py:571} INFO - 24/01/30 03:14:25 INFO SecurityManager: Changing modify acls groups to:
[2024-01-30T03:14:25.976+0000] {spark_submit.py:571} INFO - 24/01/30 03:14:25 INFO SecurityManager: SecurityManager: authentication disabled; ui acls disabled; users with view permissions: juniortemgoua0; groups with view permissions: EMPTY; users with modify permissions: juniortemgoua0; groups with modify permissions: EMPTY
[2024-01-30T03:14:26.321+0000] {spark_submit.py:571} INFO - 24/01/30 03:14:26 INFO Utils: Successfully started service 'sparkDriver' on port 36315.
[2024-01-30T03:14:26.364+0000] {spark_submit.py:571} INFO - 24/01/30 03:14:26 INFO SparkEnv: Registering MapOutputTracker
[2024-01-30T03:14:26.406+0000] {spark_submit.py:571} INFO - 24/01/30 03:14:26 INFO SparkEnv: Registering BlockManagerMaster
[2024-01-30T03:14:26.438+0000] {spark_submit.py:571} INFO - 24/01/30 03:14:26 INFO BlockManagerMasterEndpoint: Using org.apache.spark.storage.DefaultTopologyMapper for getting topology information
[2024-01-30T03:14:26.439+0000] {spark_submit.py:571} INFO - 24/01/30 03:14:26 INFO BlockManagerMasterEndpoint: BlockManagerMasterEndpoint up
[2024-01-30T03:14:26.448+0000] {spark_submit.py:571} INFO - 24/01/30 03:14:26 INFO SparkEnv: Registering BlockManagerMasterHeartbeat
[2024-01-30T03:14:26.476+0000] {spark_submit.py:571} INFO - 24/01/30 03:14:26 INFO DiskBlockManager: Created local directory at /tmp/blockmgr-0797455d-bbda-447f-84f8-3e2da4da77b1
[2024-01-30T03:14:26.507+0000] {spark_submit.py:571} INFO - 24/01/30 03:14:26 INFO MemoryStore: MemoryStore started with capacity 434.4 MiB
[2024-01-30T03:14:26.531+0000] {spark_submit.py:571} INFO - 24/01/30 03:14:26 INFO SparkEnv: Registering OutputCommitCoordinator
[2024-01-30T03:14:27.055+0000] {spark_submit.py:571} INFO - 24/01/30 03:14:27 INFO JettyUtils: Start Jetty 0.0.0.0:4040 for SparkUI
[2024-01-30T03:14:27.390+0000] {spark_submit.py:571} INFO - 24/01/30 03:14:27 INFO Utils: Successfully started service 'SparkUI' on port 4040.
[2024-01-30T03:14:27.653+0000] {spark_submit.py:571} INFO - 24/01/30 03:14:27 INFO SparkContext: Added JAR file:/home/juniortemgoua0/DataLake/jobs/processes/scala/spark_process/target/scala-2.12/spark_job_2.12-0.1.0.jar at spark://instance-1.europe-west9-a.c.data-lake-project-409321.internal:36315/jars/spark_job_2.12-0.1.0.jar with timestamp 1706584465573
[2024-01-30T03:14:28.127+0000] {spark_submit.py:571} INFO - 24/01/30 03:14:28 INFO Executor: Starting executor ID driver on host instance-1.europe-west9-a.c.data-lake-project-409321.internal
[2024-01-30T03:14:28.127+0000] {spark_submit.py:571} INFO - 24/01/30 03:14:28 INFO Executor: OS info Linux, 5.15.0-1049-gcp, amd64
[2024-01-30T03:14:28.130+0000] {spark_submit.py:571} INFO - 24/01/30 03:14:28 INFO Executor: Java version 17.0.9
[2024-01-30T03:14:28.172+0000] {spark_submit.py:571} INFO - 24/01/30 03:14:28 INFO Executor: Starting executor with user classpath (userClassPathFirst = false): ''
[2024-01-30T03:14:28.175+0000] {spark_submit.py:571} INFO - 24/01/30 03:14:28 INFO Executor: Created or updated repl class loader org.apache.spark.util.MutableURLClassLoader@6ed043d3 for default.
[2024-01-30T03:14:28.322+0000] {spark_submit.py:571} INFO - 24/01/30 03:14:28 INFO Executor: Fetching spark://instance-1.europe-west9-a.c.data-lake-project-409321.internal:36315/jars/spark_job_2.12-0.1.0.jar with timestamp 1706584465573
[2024-01-30T03:14:28.649+0000] {spark_submit.py:571} INFO - 24/01/30 03:14:28 INFO TransportClientFactory: Successfully created connection to instance-1.europe-west9-a.c.data-lake-project-409321.internal/10.200.0.5:36315 after 181 ms (0 ms spent in bootstraps)
[2024-01-30T03:14:28.677+0000] {spark_submit.py:571} INFO - 24/01/30 03:14:28 INFO Utils: Fetching spark://instance-1.europe-west9-a.c.data-lake-project-409321.internal:36315/jars/spark_job_2.12-0.1.0.jar to /tmp/spark-a8cdeb22-e2ce-4e0c-821d-3ca1f138d574/userFiles-71464059-a320-4886-94ac-66f99820beaf/fetchFileTemp11540729970926664215.tmp
[2024-01-30T03:14:28.760+0000] {spark_submit.py:571} INFO - 24/01/30 03:14:28 INFO Executor: Adding file:/tmp/spark-a8cdeb22-e2ce-4e0c-821d-3ca1f138d574/userFiles-71464059-a320-4886-94ac-66f99820beaf/spark_job_2.12-0.1.0.jar to class loader default
[2024-01-30T03:14:28.781+0000] {spark_submit.py:571} INFO - 24/01/30 03:14:28 INFO Utils: Successfully started service 'org.apache.spark.network.netty.NettyBlockTransferService' on port 45805.
[2024-01-30T03:14:28.782+0000] {spark_submit.py:571} INFO - 24/01/30 03:14:28 INFO NettyBlockTransferService: Server created on instance-1.europe-west9-a.c.data-lake-project-409321.internal:45805
[2024-01-30T03:14:28.784+0000] {spark_submit.py:571} INFO - 24/01/30 03:14:28 INFO BlockManager: Using org.apache.spark.storage.RandomBlockReplicationPolicy for block replication policy
[2024-01-30T03:14:28.799+0000] {spark_submit.py:571} INFO - 24/01/30 03:14:28 INFO BlockManagerMaster: Registering BlockManager BlockManagerId(driver, instance-1.europe-west9-a.c.data-lake-project-409321.internal, 45805, None)
[2024-01-30T03:14:28.803+0000] {spark_submit.py:571} INFO - 24/01/30 03:14:28 INFO BlockManagerMasterEndpoint: Registering block manager instance-1.europe-west9-a.c.data-lake-project-409321.internal:45805 with 434.4 MiB RAM, BlockManagerId(driver, instance-1.europe-west9-a.c.data-lake-project-409321.internal, 45805, None)
[2024-01-30T03:14:28.814+0000] {spark_submit.py:571} INFO - 24/01/30 03:14:28 INFO BlockManagerMaster: Registered BlockManager BlockManagerId(driver, instance-1.europe-west9-a.c.data-lake-project-409321.internal, 45805, None)
[2024-01-30T03:14:28.820+0000] {spark_submit.py:571} INFO - 24/01/30 03:14:28 INFO BlockManager: Initialized BlockManager: BlockManagerId(driver, instance-1.europe-west9-a.c.data-lake-project-409321.internal, 45805, None)
[2024-01-30T03:14:33.682+0000] {spark_submit.py:571} INFO - 24/01/30 03:14:33 INFO SharedState: Setting hive.metastore.warehouse.dir ('null') to the value of spark.sql.warehouse.dir.
[2024-01-30T03:14:33.735+0000] {spark_submit.py:571} INFO - 24/01/30 03:14:33 INFO SharedState: Warehouse path is 'file:/home/juniortemgoua0/DataLake/spark-warehouse'.
[2024-01-30T03:14:36.261+0000] {spark_submit.py:571} INFO - ************************************************
[2024-01-30T03:14:36.262+0000] {spark_submit.py:571} INFO - Date d'exécution  : 2024-01-13
[2024-01-30T03:14:36.262+0000] {spark_submit.py:571} INFO - ************************************************
[2024-01-30T03:14:38.338+0000] {spark_submit.py:571} INFO - Exception in thread "main" org.apache.spark.sql.AnalysisException: [PATH_NOT_FOUND] Path does not exist: hdfs://localhost:9000/data-lake/raw/football_data/competitions/2024-01-13/*.json.
[2024-01-30T03:14:38.339+0000] {spark_submit.py:571} INFO - at org.apache.spark.sql.errors.QueryCompilationErrors$.dataPathNotExistError(QueryCompilationErrors.scala:1500)
[2024-01-30T03:14:38.339+0000] {spark_submit.py:571} INFO - at org.apache.spark.sql.execution.datasources.DataSource$.$anonfun$checkAndGlobPathIfNecessary$3(DataSource.scala:743)
[2024-01-30T03:14:38.339+0000] {spark_submit.py:571} INFO - at org.apache.spark.util.ThreadUtils$.$anonfun$parmap$2(ThreadUtils.scala:380)
[2024-01-30T03:14:38.339+0000] {spark_submit.py:571} INFO - at scala.concurrent.Future$.$anonfun$apply$1(Future.scala:659)
[2024-01-30T03:14:38.340+0000] {spark_submit.py:571} INFO - at scala.util.Success.$anonfun$map$1(Try.scala:255)
[2024-01-30T03:14:38.340+0000] {spark_submit.py:571} INFO - at scala.util.Success.map(Try.scala:213)
[2024-01-30T03:14:38.340+0000] {spark_submit.py:571} INFO - at scala.concurrent.Future.$anonfun$map$1(Future.scala:292)
[2024-01-30T03:14:38.340+0000] {spark_submit.py:571} INFO - at scala.concurrent.impl.Promise.liftedTree1$1(Promise.scala:33)
[2024-01-30T03:14:38.343+0000] {spark_submit.py:571} INFO - at scala.concurrent.impl.Promise.$anonfun$transform$1(Promise.scala:33)
[2024-01-30T03:14:38.343+0000] {spark_submit.py:571} INFO - at scala.concurrent.impl.CallbackRunnable.run(Promise.scala:64)
[2024-01-30T03:14:38.345+0000] {spark_submit.py:571} INFO - at java.base/java.util.concurrent.ForkJoinTask$RunnableExecuteAction.exec(ForkJoinTask.java:1395)
[2024-01-30T03:14:38.345+0000] {spark_submit.py:571} INFO - at java.base/java.util.concurrent.ForkJoinTask.doExec(ForkJoinTask.java:373)
[2024-01-30T03:14:38.345+0000] {spark_submit.py:571} INFO - at java.base/java.util.concurrent.ForkJoinPool$WorkQueue.topLevelExec(ForkJoinPool.java:1182)
[2024-01-30T03:14:38.345+0000] {spark_submit.py:571} INFO - at java.base/java.util.concurrent.ForkJoinPool.scan(ForkJoinPool.java:1655)
[2024-01-30T03:14:38.346+0000] {spark_submit.py:571} INFO - at java.base/java.util.concurrent.ForkJoinPool.runWorker(ForkJoinPool.java:1622)
[2024-01-30T03:14:38.346+0000] {spark_submit.py:571} INFO - at java.base/java.util.concurrent.ForkJoinWorkerThread.run(ForkJoinWorkerThread.java:165)
[2024-01-30T03:14:38.347+0000] {spark_submit.py:571} INFO - 24/01/30 03:14:38 INFO SparkContext: Invoking stop() from shutdown hook
[2024-01-30T03:14:38.348+0000] {spark_submit.py:571} INFO - 24/01/30 03:14:38 INFO SparkContext: SparkContext is stopping with exitCode 0.
[2024-01-30T03:14:38.363+0000] {spark_submit.py:571} INFO - 24/01/30 03:14:38 INFO SparkUI: Stopped Spark web UI at http://instance-1.europe-west9-a.c.data-lake-project-409321.internal:4040
[2024-01-30T03:14:38.385+0000] {spark_submit.py:571} INFO - 24/01/30 03:14:38 INFO MapOutputTrackerMasterEndpoint: MapOutputTrackerMasterEndpoint stopped!
[2024-01-30T03:14:38.401+0000] {spark_submit.py:571} INFO - 24/01/30 03:14:38 INFO MemoryStore: MemoryStore cleared
[2024-01-30T03:14:38.402+0000] {spark_submit.py:571} INFO - 24/01/30 03:14:38 INFO BlockManager: BlockManager stopped
[2024-01-30T03:14:38.409+0000] {spark_submit.py:571} INFO - 24/01/30 03:14:38 INFO BlockManagerMaster: BlockManagerMaster stopped
[2024-01-30T03:14:38.413+0000] {spark_submit.py:571} INFO - 24/01/30 03:14:38 INFO OutputCommitCoordinator$OutputCommitCoordinatorEndpoint: OutputCommitCoordinator stopped!
[2024-01-30T03:14:38.428+0000] {spark_submit.py:571} INFO - 24/01/30 03:14:38 INFO SparkContext: Successfully stopped SparkContext
[2024-01-30T03:14:38.429+0000] {spark_submit.py:571} INFO - 24/01/30 03:14:38 INFO ShutdownHookManager: Shutdown hook called
[2024-01-30T03:14:38.430+0000] {spark_submit.py:571} INFO - 24/01/30 03:14:38 INFO ShutdownHookManager: Deleting directory /tmp/spark-a8cdeb22-e2ce-4e0c-821d-3ca1f138d574
[2024-01-30T03:14:38.435+0000] {spark_submit.py:571} INFO - 24/01/30 03:14:38 INFO ShutdownHookManager: Deleting directory /tmp/spark-85b369e5-0988-4d35-a8d7-fc9b60b5baaa
[2024-01-30T03:14:38.676+0000] {taskinstance.py:2698} ERROR - Task failed with exception
Traceback (most recent call last):
  File "/home/juniortemgoua0/DataLake/venv/lib/python3.8/site-packages/airflow/models/taskinstance.py", line 433, in _execute_task
    result = execute_callable(context=context, **execute_callable_kwargs)
  File "/home/juniortemgoua0/DataLake/venv/lib/python3.8/site-packages/airflow/providers/apache/spark/operators/spark_submit.py", line 174, in execute
    self._hook.submit(self._application)
  File "/home/juniortemgoua0/DataLake/venv/lib/python3.8/site-packages/airflow/providers/apache/spark/hooks/spark_submit.py", line 502, in submit
    raise AirflowException(
airflow.exceptions.AirflowException: Cannot execute: spark-submit --master local[*] --conf spark.airflow.execution_date=2024-01-13 --name arrow-spark --class RawToFormatted --queue root.default --deploy-mode client /home/juniortemgoua0/DataLake/jobs/processes/scala/spark_process/target/scala-2.12/spark_job_2.12-0.1.0.jar hdfs://localhost:9000/data-lake. Error code is: 1.
[2024-01-30T03:14:38.695+0000] {taskinstance.py:1138} INFO - Marking task as UP_FOR_RETRY. dag_id=manage_data_lake_dag, task_id=local_job_raw_to_formatted, execution_date=20240113T000000, start_date=20240130T031422, end_date=20240130T031438
[2024-01-30T03:14:38.749+0000] {standard_task_runner.py:107} ERROR - Failed to execute job 162 for task local_job_raw_to_formatted (Cannot execute: spark-submit --master local[*] --conf spark.airflow.execution_date=2024-01-13 --name arrow-spark --class RawToFormatted --queue root.default --deploy-mode client /home/juniortemgoua0/DataLake/jobs/processes/scala/spark_process/target/scala-2.12/spark_job_2.12-0.1.0.jar hdfs://localhost:9000/data-lake. Error code is: 1.; 25323)
[2024-01-30T03:14:38.802+0000] {local_task_job_runner.py:234} INFO - Task exited with return code 1
[2024-01-30T03:14:38.890+0000] {taskinstance.py:3280} INFO - 0 downstream tasks scheduled from follow-on schedule check
