[2024-01-30T03:00:16.958+0000] {taskinstance.py:1956} INFO - Dependencies all met for dep_context=non-requeueable deps ti=<TaskInstance: manage_data_lake_dag.local_job_raw_to_formatted scheduled__2024-01-13T00:00:00+00:00 [queued]>
[2024-01-30T03:00:16.964+0000] {taskinstance.py:1956} INFO - Dependencies all met for dep_context=requeueable deps ti=<TaskInstance: manage_data_lake_dag.local_job_raw_to_formatted scheduled__2024-01-13T00:00:00+00:00 [queued]>
[2024-01-30T03:00:16.964+0000] {taskinstance.py:2170} INFO - Starting attempt 3 of 6
[2024-01-30T03:00:16.977+0000] {taskinstance.py:2191} INFO - Executing <Task(SparkSubmitOperator): local_job_raw_to_formatted> on 2024-01-13 00:00:00+00:00
[2024-01-30T03:00:16.982+0000] {standard_task_runner.py:60} INFO - Started process 21692 to run task
[2024-01-30T03:00:16.988+0000] {standard_task_runner.py:87} INFO - Running: ['airflow', 'tasks', 'run', 'manage_data_lake_dag', 'local_job_raw_to_formatted', 'scheduled__2024-01-13T00:00:00+00:00', '--job-id', '199', '--raw', '--subdir', 'DAGS_FOLDER/data_lake_dag.py', '--cfg-path', '/tmp/tmp02vlotr0']
[2024-01-30T03:00:16.990+0000] {standard_task_runner.py:88} INFO - Job 199: Subtask local_job_raw_to_formatted
[2024-01-30T03:00:17.031+0000] {task_command.py:423} INFO - Running <TaskInstance: manage_data_lake_dag.local_job_raw_to_formatted scheduled__2024-01-13T00:00:00+00:00 [running]> on host instance-1.europe-west9-a.c.data-lake-project-409321.internal
[2024-01-30T03:00:17.084+0000] {taskinstance.py:2480} INFO - Exporting env vars: AIRFLOW_CTX_DAG_OWNER='juniortemgoua0' AIRFLOW_CTX_DAG_ID='manage_data_lake_dag' AIRFLOW_CTX_TASK_ID='local_job_raw_to_formatted' AIRFLOW_CTX_EXECUTION_DATE='2024-01-13T00:00:00+00:00' AIRFLOW_CTX_TRY_NUMBER='3' AIRFLOW_CTX_DAG_RUN_ID='scheduled__2024-01-13T00:00:00+00:00'
[2024-01-30T03:00:17.090+0000] {base.py:83} INFO - Using connection ID 'spark_default' for task execution.
[2024-01-30T03:00:17.092+0000] {spark_submit.py:401} INFO - Spark-Submit cmd: spark-submit --master local[*] --conf spark.airflow.execution_date=2024-01-13 --name arrow-spark --class RawToFormatted --queue root.default --deploy-mode client /home/juniortemgoua0/DataLake/jobs/processes/scala/spark_process/target/scala-2.12/spark_job_2.12-0.1.0.jar hdfs://localhost:9000/data-lake
[2024-01-30T03:00:21.704+0000] {spark_submit.py:571} INFO - 24/01/30 03:00:21 INFO SparkContext: Running Spark version 3.5.0
[2024-01-30T03:00:21.709+0000] {spark_submit.py:571} INFO - 24/01/30 03:00:21 INFO SparkContext: OS info Linux, 5.15.0-1049-gcp, amd64
[2024-01-30T03:00:21.719+0000] {spark_submit.py:571} INFO - 24/01/30 03:00:21 INFO SparkContext: Java version 17.0.9
[2024-01-30T03:00:21.951+0000] {spark_submit.py:571} INFO - 24/01/30 03:00:21 WARN NativeCodeLoader: Unable to load native-hadoop library for your platform... using builtin-java classes where applicable
[2024-01-30T03:00:22.281+0000] {spark_submit.py:571} INFO - 24/01/30 03:00:22 INFO ResourceUtils: ==============================================================
[2024-01-30T03:00:22.284+0000] {spark_submit.py:571} INFO - 24/01/30 03:00:22 INFO ResourceUtils: No custom resources configured for spark.driver.
[2024-01-30T03:00:22.285+0000] {spark_submit.py:571} INFO - 24/01/30 03:00:22 INFO ResourceUtils: ==============================================================
[2024-01-30T03:00:22.295+0000] {spark_submit.py:571} INFO - 24/01/30 03:00:22 INFO SparkContext: Submitted application: RawToFormatted
[2024-01-30T03:00:22.367+0000] {spark_submit.py:571} INFO - 24/01/30 03:00:22 INFO ResourceProfile: Default ResourceProfile created, executor resources: Map(cores -> name: cores, amount: 1, script: , vendor: , memory -> name: memory, amount: 1024, script: , vendor: , offHeap -> name: offHeap, amount: 0, script: , vendor: ), task resources: Map(cpus -> name: cpus, amount: 1.0)
[2024-01-30T03:00:22.396+0000] {spark_submit.py:571} INFO - 24/01/30 03:00:22 INFO ResourceProfile: Limiting resource is cpu
[2024-01-30T03:00:22.397+0000] {spark_submit.py:571} INFO - 24/01/30 03:00:22 INFO ResourceProfileManager: Added ResourceProfile id: 0
[2024-01-30T03:00:22.760+0000] {spark_submit.py:571} INFO - 24/01/30 03:00:22 INFO SecurityManager: Changing view acls to: juniortemgoua0
[2024-01-30T03:00:22.767+0000] {spark_submit.py:571} INFO - 24/01/30 03:00:22 INFO SecurityManager: Changing modify acls to: juniortemgoua0
[2024-01-30T03:00:22.769+0000] {spark_submit.py:571} INFO - 24/01/30 03:00:22 INFO SecurityManager: Changing view acls groups to:
[2024-01-30T03:00:22.770+0000] {spark_submit.py:571} INFO - 24/01/30 03:00:22 INFO SecurityManager: Changing modify acls groups to:
[2024-01-30T03:00:22.784+0000] {spark_submit.py:571} INFO - 24/01/30 03:00:22 INFO SecurityManager: SecurityManager: authentication disabled; ui acls disabled; users with view permissions: juniortemgoua0; groups with view permissions: EMPTY; users with modify permissions: juniortemgoua0; groups with modify permissions: EMPTY
[2024-01-30T03:00:23.446+0000] {spark_submit.py:571} INFO - 24/01/30 03:00:23 INFO Utils: Successfully started service 'sparkDriver' on port 32873.
[2024-01-30T03:00:23.663+0000] {spark_submit.py:571} INFO - 24/01/30 03:00:23 INFO SparkEnv: Registering MapOutputTracker
[2024-01-30T03:00:23.761+0000] {spark_submit.py:571} INFO - 24/01/30 03:00:23 INFO SparkEnv: Registering BlockManagerMaster
[2024-01-30T03:00:23.824+0000] {spark_submit.py:571} INFO - 24/01/30 03:00:23 INFO BlockManagerMasterEndpoint: Using org.apache.spark.storage.DefaultTopologyMapper for getting topology information
[2024-01-30T03:00:23.826+0000] {spark_submit.py:571} INFO - 24/01/30 03:00:23 INFO BlockManagerMasterEndpoint: BlockManagerMasterEndpoint up
[2024-01-30T03:00:23.847+0000] {spark_submit.py:571} INFO - 24/01/30 03:00:23 INFO SparkEnv: Registering BlockManagerMasterHeartbeat
[2024-01-30T03:00:23.898+0000] {spark_submit.py:571} INFO - 24/01/30 03:00:23 INFO DiskBlockManager: Created local directory at /tmp/blockmgr-c9ef1e73-97d9-47c4-826d-d9ad9e2ea96d
[2024-01-30T03:00:23.928+0000] {spark_submit.py:571} INFO - 24/01/30 03:00:23 INFO MemoryStore: MemoryStore started with capacity 434.4 MiB
[2024-01-30T03:00:23.968+0000] {spark_submit.py:571} INFO - 24/01/30 03:00:23 INFO SparkEnv: Registering OutputCommitCoordinator
[2024-01-30T03:00:24.297+0000] {spark_submit.py:571} INFO - 24/01/30 03:00:24 INFO JettyUtils: Start Jetty 0.0.0.0:4040 for SparkUI
[2024-01-30T03:00:24.548+0000] {spark_submit.py:571} INFO - 24/01/30 03:00:24 INFO Utils: Successfully started service 'SparkUI' on port 4040.
[2024-01-30T03:00:24.792+0000] {spark_submit.py:571} INFO - 24/01/30 03:00:24 INFO SparkContext: Added JAR file:/home/juniortemgoua0/DataLake/jobs/processes/scala/spark_process/target/scala-2.12/spark_job_2.12-0.1.0.jar at spark://instance-1.europe-west9-a.c.data-lake-project-409321.internal:32873/jars/spark_job_2.12-0.1.0.jar with timestamp 1706583621637
[2024-01-30T03:00:25.156+0000] {spark_submit.py:571} INFO - 24/01/30 03:00:25 INFO Executor: Starting executor ID driver on host instance-1.europe-west9-a.c.data-lake-project-409321.internal
[2024-01-30T03:00:25.157+0000] {spark_submit.py:571} INFO - 24/01/30 03:00:25 INFO Executor: OS info Linux, 5.15.0-1049-gcp, amd64
[2024-01-30T03:00:25.159+0000] {spark_submit.py:571} INFO - 24/01/30 03:00:25 INFO Executor: Java version 17.0.9
[2024-01-30T03:00:25.179+0000] {spark_submit.py:571} INFO - 24/01/30 03:00:25 INFO Executor: Starting executor with user classpath (userClassPathFirst = false): ''
[2024-01-30T03:00:25.182+0000] {spark_submit.py:571} INFO - 24/01/30 03:00:25 INFO Executor: Created or updated repl class loader org.apache.spark.util.MutableURLClassLoader@6ed043d3 for default.
[2024-01-30T03:00:25.283+0000] {spark_submit.py:571} INFO - 24/01/30 03:00:25 INFO Executor: Fetching spark://instance-1.europe-west9-a.c.data-lake-project-409321.internal:32873/jars/spark_job_2.12-0.1.0.jar with timestamp 1706583621637
[2024-01-30T03:00:25.632+0000] {spark_submit.py:571} INFO - 24/01/30 03:00:25 INFO TransportClientFactory: Successfully created connection to instance-1.europe-west9-a.c.data-lake-project-409321.internal/10.200.0.5:32873 after 169 ms (0 ms spent in bootstraps)
[2024-01-30T03:00:25.691+0000] {spark_submit.py:571} INFO - 24/01/30 03:00:25 INFO Utils: Fetching spark://instance-1.europe-west9-a.c.data-lake-project-409321.internal:32873/jars/spark_job_2.12-0.1.0.jar to /tmp/spark-221e0bf6-be50-4822-aa55-51b9d053872f/userFiles-c6b2e55b-19ed-4479-9900-eff2aad825e0/fetchFileTemp813932623935723719.tmp
[2024-01-30T03:00:25.814+0000] {spark_submit.py:571} INFO - 24/01/30 03:00:25 INFO Executor: Adding file:/tmp/spark-221e0bf6-be50-4822-aa55-51b9d053872f/userFiles-c6b2e55b-19ed-4479-9900-eff2aad825e0/spark_job_2.12-0.1.0.jar to class loader default
[2024-01-30T03:00:25.878+0000] {spark_submit.py:571} INFO - 24/01/30 03:00:25 INFO Utils: Successfully started service 'org.apache.spark.network.netty.NettyBlockTransferService' on port 45903.
[2024-01-30T03:00:25.879+0000] {spark_submit.py:571} INFO - 24/01/30 03:00:25 INFO NettyBlockTransferService: Server created on instance-1.europe-west9-a.c.data-lake-project-409321.internal:45903
[2024-01-30T03:00:25.883+0000] {spark_submit.py:571} INFO - 24/01/30 03:00:25 INFO BlockManager: Using org.apache.spark.storage.RandomBlockReplicationPolicy for block replication policy
[2024-01-30T03:00:25.950+0000] {spark_submit.py:571} INFO - 24/01/30 03:00:25 INFO BlockManagerMaster: Registering BlockManager BlockManagerId(driver, instance-1.europe-west9-a.c.data-lake-project-409321.internal, 45903, None)
[2024-01-30T03:00:25.960+0000] {spark_submit.py:571} INFO - 24/01/30 03:00:25 INFO BlockManagerMasterEndpoint: Registering block manager instance-1.europe-west9-a.c.data-lake-project-409321.internal:45903 with 434.4 MiB RAM, BlockManagerId(driver, instance-1.europe-west9-a.c.data-lake-project-409321.internal, 45903, None)
[2024-01-30T03:00:25.964+0000] {spark_submit.py:571} INFO - 24/01/30 03:00:25 INFO BlockManagerMaster: Registered BlockManager BlockManagerId(driver, instance-1.europe-west9-a.c.data-lake-project-409321.internal, 45903, None)
[2024-01-30T03:00:25.979+0000] {spark_submit.py:571} INFO - 24/01/30 03:00:25 INFO BlockManager: Initialized BlockManager: BlockManagerId(driver, instance-1.europe-west9-a.c.data-lake-project-409321.internal, 45903, None)
[2024-01-30T03:00:28.675+0000] {spark_submit.py:571} INFO - 24/01/30 03:00:28 INFO SharedState: Setting hive.metastore.warehouse.dir ('null') to the value of spark.sql.warehouse.dir.
[2024-01-30T03:00:28.689+0000] {spark_submit.py:571} INFO - 24/01/30 03:00:28 INFO SharedState: Warehouse path is 'file:/home/juniortemgoua0/DataLake/spark-warehouse'.
[2024-01-30T03:00:31.476+0000] {spark_submit.py:571} INFO - ************************************************
[2024-01-30T03:00:31.477+0000] {spark_submit.py:571} INFO - Date d'exécution  : 2024-01-13
[2024-01-30T03:00:31.478+0000] {spark_submit.py:571} INFO - ************************************************
[2024-01-30T03:00:33.737+0000] {spark_submit.py:571} INFO - Exception in thread "main" org.apache.spark.sql.AnalysisException: [PATH_NOT_FOUND] Path does not exist: hdfs://localhost:9000/data-lake/raw/football_data/competitions/2024-01-13/*.json.
[2024-01-30T03:00:33.737+0000] {spark_submit.py:571} INFO - at org.apache.spark.sql.errors.QueryCompilationErrors$.dataPathNotExistError(QueryCompilationErrors.scala:1500)
[2024-01-30T03:00:33.737+0000] {spark_submit.py:571} INFO - at org.apache.spark.sql.execution.datasources.DataSource$.$anonfun$checkAndGlobPathIfNecessary$3(DataSource.scala:743)
[2024-01-30T03:00:33.738+0000] {spark_submit.py:571} INFO - at org.apache.spark.util.ThreadUtils$.$anonfun$parmap$2(ThreadUtils.scala:380)
[2024-01-30T03:00:33.738+0000] {spark_submit.py:571} INFO - at scala.concurrent.Future$.$anonfun$apply$1(Future.scala:659)
[2024-01-30T03:00:33.738+0000] {spark_submit.py:571} INFO - at scala.util.Success.$anonfun$map$1(Try.scala:255)
[2024-01-30T03:00:33.738+0000] {spark_submit.py:571} INFO - at scala.util.Success.map(Try.scala:213)
[2024-01-30T03:00:33.738+0000] {spark_submit.py:571} INFO - at scala.concurrent.Future.$anonfun$map$1(Future.scala:292)
[2024-01-30T03:00:33.738+0000] {spark_submit.py:571} INFO - at scala.concurrent.impl.Promise.liftedTree1$1(Promise.scala:33)
[2024-01-30T03:00:33.739+0000] {spark_submit.py:571} INFO - at scala.concurrent.impl.Promise.$anonfun$transform$1(Promise.scala:33)
[2024-01-30T03:00:33.739+0000] {spark_submit.py:571} INFO - at scala.concurrent.impl.CallbackRunnable.run(Promise.scala:64)
[2024-01-30T03:00:33.739+0000] {spark_submit.py:571} INFO - at java.base/java.util.concurrent.ForkJoinTask$RunnableExecuteAction.exec(ForkJoinTask.java:1395)
[2024-01-30T03:00:33.739+0000] {spark_submit.py:571} INFO - at java.base/java.util.concurrent.ForkJoinTask.doExec(ForkJoinTask.java:373)
[2024-01-30T03:00:33.739+0000] {spark_submit.py:571} INFO - at java.base/java.util.concurrent.ForkJoinPool$WorkQueue.topLevelExec(ForkJoinPool.java:1182)
[2024-01-30T03:00:33.739+0000] {spark_submit.py:571} INFO - at java.base/java.util.concurrent.ForkJoinPool.scan(ForkJoinPool.java:1655)
[2024-01-30T03:00:33.739+0000] {spark_submit.py:571} INFO - at java.base/java.util.concurrent.ForkJoinPool.runWorker(ForkJoinPool.java:1622)
[2024-01-30T03:00:33.739+0000] {spark_submit.py:571} INFO - at java.base/java.util.concurrent.ForkJoinWorkerThread.run(ForkJoinWorkerThread.java:165)
[2024-01-30T03:00:33.757+0000] {spark_submit.py:571} INFO - 24/01/30 03:00:33 INFO SparkContext: Invoking stop() from shutdown hook
[2024-01-30T03:00:33.759+0000] {spark_submit.py:571} INFO - 24/01/30 03:00:33 INFO SparkContext: SparkContext is stopping with exitCode 0.
[2024-01-30T03:00:33.808+0000] {spark_submit.py:571} INFO - 24/01/30 03:00:33 INFO SparkUI: Stopped Spark web UI at http://instance-1.europe-west9-a.c.data-lake-project-409321.internal:4040
[2024-01-30T03:00:33.864+0000] {spark_submit.py:571} INFO - 24/01/30 03:00:33 INFO MapOutputTrackerMasterEndpoint: MapOutputTrackerMasterEndpoint stopped!
[2024-01-30T03:00:33.969+0000] {spark_submit.py:571} INFO - 24/01/30 03:00:33 INFO MemoryStore: MemoryStore cleared
[2024-01-30T03:00:33.970+0000] {spark_submit.py:571} INFO - 24/01/30 03:00:33 INFO BlockManager: BlockManager stopped
[2024-01-30T03:00:33.991+0000] {spark_submit.py:571} INFO - 24/01/30 03:00:33 INFO BlockManagerMaster: BlockManagerMaster stopped
[2024-01-30T03:00:34.009+0000] {spark_submit.py:571} INFO - 24/01/30 03:00:34 INFO OutputCommitCoordinator$OutputCommitCoordinatorEndpoint: OutputCommitCoordinator stopped!
[2024-01-30T03:00:34.065+0000] {spark_submit.py:571} INFO - 24/01/30 03:00:34 INFO SparkContext: Successfully stopped SparkContext
[2024-01-30T03:00:34.065+0000] {spark_submit.py:571} INFO - 24/01/30 03:00:34 INFO ShutdownHookManager: Shutdown hook called
[2024-01-30T03:00:34.078+0000] {spark_submit.py:571} INFO - 24/01/30 03:00:34 INFO ShutdownHookManager: Deleting directory /tmp/spark-221e0bf6-be50-4822-aa55-51b9d053872f
[2024-01-30T03:00:34.098+0000] {spark_submit.py:571} INFO - 24/01/30 03:00:34 INFO ShutdownHookManager: Deleting directory /tmp/spark-4c3c4e69-c4d3-4116-a1a9-75f0fae91796
[2024-01-30T03:00:34.242+0000] {taskinstance.py:2698} ERROR - Task failed with exception
Traceback (most recent call last):
  File "/home/juniortemgoua0/DataLake/venv/lib/python3.8/site-packages/airflow/models/taskinstance.py", line 433, in _execute_task
    result = execute_callable(context=context, **execute_callable_kwargs)
  File "/home/juniortemgoua0/DataLake/venv/lib/python3.8/site-packages/airflow/providers/apache/spark/operators/spark_submit.py", line 174, in execute
    self._hook.submit(self._application)
  File "/home/juniortemgoua0/DataLake/venv/lib/python3.8/site-packages/airflow/providers/apache/spark/hooks/spark_submit.py", line 502, in submit
    raise AirflowException(
airflow.exceptions.AirflowException: Cannot execute: spark-submit --master local[*] --conf spark.airflow.execution_date=2024-01-13 --name arrow-spark --class RawToFormatted --queue root.default --deploy-mode client /home/juniortemgoua0/DataLake/jobs/processes/scala/spark_process/target/scala-2.12/spark_job_2.12-0.1.0.jar hdfs://localhost:9000/data-lake. Error code is: 1.
[2024-01-30T03:00:34.257+0000] {taskinstance.py:1138} INFO - Marking task as UP_FOR_RETRY. dag_id=manage_data_lake_dag, task_id=local_job_raw_to_formatted, execution_date=20240113T000000, start_date=20240130T030016, end_date=20240130T030034
[2024-01-30T03:00:34.300+0000] {standard_task_runner.py:107} ERROR - Failed to execute job 199 for task local_job_raw_to_formatted (Cannot execute: spark-submit --master local[*] --conf spark.airflow.execution_date=2024-01-13 --name arrow-spark --class RawToFormatted --queue root.default --deploy-mode client /home/juniortemgoua0/DataLake/jobs/processes/scala/spark_process/target/scala-2.12/spark_job_2.12-0.1.0.jar hdfs://localhost:9000/data-lake. Error code is: 1.; 21692)
[2024-01-30T03:00:34.356+0000] {local_task_job_runner.py:234} INFO - Task exited with return code 1
[2024-01-30T03:00:34.373+0000] {taskinstance.py:3280} INFO - 0 downstream tasks scheduled from follow-on schedule check
[2024-01-30T03:21:02.865+0000] {taskinstance.py:1956} INFO - Dependencies all met for dep_context=non-requeueable deps ti=<TaskInstance: manage_data_lake_dag.local_job_raw_to_formatted scheduled__2024-01-13T00:00:00+00:00 [queued]>
[2024-01-30T03:21:02.871+0000] {taskinstance.py:1956} INFO - Dependencies all met for dep_context=requeueable deps ti=<TaskInstance: manage_data_lake_dag.local_job_raw_to_formatted scheduled__2024-01-13T00:00:00+00:00 [queued]>
[2024-01-30T03:21:02.872+0000] {taskinstance.py:2170} INFO - Starting attempt 3 of 6
[2024-01-30T03:21:02.885+0000] {taskinstance.py:2191} INFO - Executing <Task(SparkSubmitOperator): local_job_raw_to_formatted> on 2024-01-13 00:00:00+00:00
[2024-01-30T03:21:02.889+0000] {standard_task_runner.py:60} INFO - Started process 27208 to run task
[2024-01-30T03:21:02.895+0000] {standard_task_runner.py:87} INFO - Running: ['airflow', 'tasks', 'run', 'manage_data_lake_dag', 'local_job_raw_to_formatted', 'scheduled__2024-01-13T00:00:00+00:00', '--job-id', '172', '--raw', '--subdir', 'DAGS_FOLDER/data_lake_dag.py', '--cfg-path', '/tmp/tmperagv5gw']
[2024-01-30T03:21:02.896+0000] {standard_task_runner.py:88} INFO - Job 172: Subtask local_job_raw_to_formatted
[2024-01-30T03:21:02.942+0000] {task_command.py:423} INFO - Running <TaskInstance: manage_data_lake_dag.local_job_raw_to_formatted scheduled__2024-01-13T00:00:00+00:00 [running]> on host instance-1.europe-west9-a.c.data-lake-project-409321.internal
[2024-01-30T03:21:02.992+0000] {taskinstance.py:2480} INFO - Exporting env vars: AIRFLOW_CTX_DAG_OWNER='juniortemgoua0' AIRFLOW_CTX_DAG_ID='manage_data_lake_dag' AIRFLOW_CTX_TASK_ID='local_job_raw_to_formatted' AIRFLOW_CTX_EXECUTION_DATE='2024-01-13T00:00:00+00:00' AIRFLOW_CTX_TRY_NUMBER='3' AIRFLOW_CTX_DAG_RUN_ID='scheduled__2024-01-13T00:00:00+00:00'
[2024-01-30T03:21:03.000+0000] {base.py:83} INFO - Using connection ID 'spark_default' for task execution.
[2024-01-30T03:21:03.001+0000] {spark_submit.py:401} INFO - Spark-Submit cmd: spark-submit --master local[*] --conf spark.airflow.execution_date=2024-01-13 --name arrow-spark --class RawToFormatted --queue root.default --deploy-mode client /home/juniortemgoua0/DataLake/jobs/processes/scala/spark_process/target/scala-2.12/spark_job_2.12-0.1.0.jar hdfs://localhost:9000/data-lake
[2024-01-30T03:21:05.771+0000] {spark_submit.py:571} INFO - 24/01/30 03:21:05 INFO SparkContext: Running Spark version 3.5.0
[2024-01-30T03:21:05.774+0000] {spark_submit.py:571} INFO - 24/01/30 03:21:05 INFO SparkContext: OS info Linux, 5.15.0-1049-gcp, amd64
[2024-01-30T03:21:05.775+0000] {spark_submit.py:571} INFO - 24/01/30 03:21:05 INFO SparkContext: Java version 17.0.9
[2024-01-30T03:21:05.892+0000] {spark_submit.py:571} INFO - 24/01/30 03:21:05 WARN NativeCodeLoader: Unable to load native-hadoop library for your platform... using builtin-java classes where applicable
[2024-01-30T03:21:06.077+0000] {spark_submit.py:571} INFO - 24/01/30 03:21:06 INFO ResourceUtils: ==============================================================
[2024-01-30T03:21:06.080+0000] {spark_submit.py:571} INFO - 24/01/30 03:21:06 INFO ResourceUtils: No custom resources configured for spark.driver.
[2024-01-30T03:21:06.081+0000] {spark_submit.py:571} INFO - 24/01/30 03:21:06 INFO ResourceUtils: ==============================================================
[2024-01-30T03:21:06.084+0000] {spark_submit.py:571} INFO - 24/01/30 03:21:06 INFO SparkContext: Submitted application: RawToFormatted
[2024-01-30T03:21:06.129+0000] {spark_submit.py:571} INFO - 24/01/30 03:21:06 INFO ResourceProfile: Default ResourceProfile created, executor resources: Map(cores -> name: cores, amount: 1, script: , vendor: , memory -> name: memory, amount: 1024, script: , vendor: , offHeap -> name: offHeap, amount: 0, script: , vendor: ), task resources: Map(cpus -> name: cpus, amount: 1.0)
[2024-01-30T03:21:06.142+0000] {spark_submit.py:571} INFO - 24/01/30 03:21:06 INFO ResourceProfile: Limiting resource is cpu
[2024-01-30T03:21:06.144+0000] {spark_submit.py:571} INFO - 24/01/30 03:21:06 INFO ResourceProfileManager: Added ResourceProfile id: 0
[2024-01-30T03:21:06.221+0000] {spark_submit.py:571} INFO - 24/01/30 03:21:06 INFO SecurityManager: Changing view acls to: juniortemgoua0
[2024-01-30T03:21:06.222+0000] {spark_submit.py:571} INFO - 24/01/30 03:21:06 INFO SecurityManager: Changing modify acls to: juniortemgoua0
[2024-01-30T03:21:06.224+0000] {spark_submit.py:571} INFO - 24/01/30 03:21:06 INFO SecurityManager: Changing view acls groups to:
[2024-01-30T03:21:06.224+0000] {spark_submit.py:571} INFO - 24/01/30 03:21:06 INFO SecurityManager: Changing modify acls groups to:
[2024-01-30T03:21:06.225+0000] {spark_submit.py:571} INFO - 24/01/30 03:21:06 INFO SecurityManager: SecurityManager: authentication disabled; ui acls disabled; users with view permissions: juniortemgoua0; groups with view permissions: EMPTY; users with modify permissions: juniortemgoua0; groups with modify permissions: EMPTY
[2024-01-30T03:21:06.594+0000] {spark_submit.py:571} INFO - 24/01/30 03:21:06 INFO Utils: Successfully started service 'sparkDriver' on port 39149.
[2024-01-30T03:21:06.637+0000] {spark_submit.py:571} INFO - 24/01/30 03:21:06 INFO SparkEnv: Registering MapOutputTracker
[2024-01-30T03:21:06.690+0000] {spark_submit.py:571} INFO - 24/01/30 03:21:06 INFO SparkEnv: Registering BlockManagerMaster
[2024-01-30T03:21:06.720+0000] {spark_submit.py:571} INFO - 24/01/30 03:21:06 INFO BlockManagerMasterEndpoint: Using org.apache.spark.storage.DefaultTopologyMapper for getting topology information
[2024-01-30T03:21:06.721+0000] {spark_submit.py:571} INFO - 24/01/30 03:21:06 INFO BlockManagerMasterEndpoint: BlockManagerMasterEndpoint up
[2024-01-30T03:21:06.726+0000] {spark_submit.py:571} INFO - 24/01/30 03:21:06 INFO SparkEnv: Registering BlockManagerMasterHeartbeat
[2024-01-30T03:21:06.757+0000] {spark_submit.py:571} INFO - 24/01/30 03:21:06 INFO DiskBlockManager: Created local directory at /tmp/blockmgr-d64f5437-bab2-4fe3-a056-377537045770
[2024-01-30T03:21:06.785+0000] {spark_submit.py:571} INFO - 24/01/30 03:21:06 INFO MemoryStore: MemoryStore started with capacity 434.4 MiB
[2024-01-30T03:21:06.815+0000] {spark_submit.py:571} INFO - 24/01/30 03:21:06 INFO SparkEnv: Registering OutputCommitCoordinator
[2024-01-30T03:21:07.024+0000] {spark_submit.py:571} INFO - 24/01/30 03:21:07 INFO JettyUtils: Start Jetty 0.0.0.0:4040 for SparkUI
[2024-01-30T03:21:07.113+0000] {spark_submit.py:571} INFO - 24/01/30 03:21:07 INFO Utils: Successfully started service 'SparkUI' on port 4040.
[2024-01-30T03:21:07.186+0000] {spark_submit.py:571} INFO - 24/01/30 03:21:07 INFO SparkContext: Added JAR file:/home/juniortemgoua0/DataLake/jobs/processes/scala/spark_process/target/scala-2.12/spark_job_2.12-0.1.0.jar at spark://instance-1.europe-west9-a.c.data-lake-project-409321.internal:39149/jars/spark_job_2.12-0.1.0.jar with timestamp 1706584865755
[2024-01-30T03:21:07.285+0000] {spark_submit.py:571} INFO - 24/01/30 03:21:07 INFO Executor: Starting executor ID driver on host instance-1.europe-west9-a.c.data-lake-project-409321.internal
[2024-01-30T03:21:07.286+0000] {spark_submit.py:571} INFO - 24/01/30 03:21:07 INFO Executor: OS info Linux, 5.15.0-1049-gcp, amd64
[2024-01-30T03:21:07.287+0000] {spark_submit.py:571} INFO - 24/01/30 03:21:07 INFO Executor: Java version 17.0.9
[2024-01-30T03:21:07.297+0000] {spark_submit.py:571} INFO - 24/01/30 03:21:07 INFO Executor: Starting executor with user classpath (userClassPathFirst = false): ''
[2024-01-30T03:21:07.298+0000] {spark_submit.py:571} INFO - 24/01/30 03:21:07 INFO Executor: Created or updated repl class loader org.apache.spark.util.MutableURLClassLoader@58fa5769 for default.
[2024-01-30T03:21:07.320+0000] {spark_submit.py:571} INFO - 24/01/30 03:21:07 INFO Executor: Fetching spark://instance-1.europe-west9-a.c.data-lake-project-409321.internal:39149/jars/spark_job_2.12-0.1.0.jar with timestamp 1706584865755
[2024-01-30T03:21:07.463+0000] {spark_submit.py:571} INFO - 24/01/30 03:21:07 INFO TransportClientFactory: Successfully created connection to instance-1.europe-west9-a.c.data-lake-project-409321.internal/10.200.0.5:39149 after 50 ms (0 ms spent in bootstraps)
[2024-01-30T03:21:07.483+0000] {spark_submit.py:571} INFO - 24/01/30 03:21:07 INFO Utils: Fetching spark://instance-1.europe-west9-a.c.data-lake-project-409321.internal:39149/jars/spark_job_2.12-0.1.0.jar to /tmp/spark-777d6e48-441e-4357-a0a7-b1b3ea48a306/userFiles-2121c91b-6108-414c-8e38-b3dd25edce65/fetchFileTemp10561811588770103395.tmp
[2024-01-30T03:21:07.530+0000] {spark_submit.py:571} INFO - 24/01/30 03:21:07 INFO Executor: Adding file:/tmp/spark-777d6e48-441e-4357-a0a7-b1b3ea48a306/userFiles-2121c91b-6108-414c-8e38-b3dd25edce65/spark_job_2.12-0.1.0.jar to class loader default
[2024-01-30T03:21:07.541+0000] {spark_submit.py:571} INFO - 24/01/30 03:21:07 INFO Utils: Successfully started service 'org.apache.spark.network.netty.NettyBlockTransferService' on port 33403.
[2024-01-30T03:21:07.541+0000] {spark_submit.py:571} INFO - 24/01/30 03:21:07 INFO NettyBlockTransferService: Server created on instance-1.europe-west9-a.c.data-lake-project-409321.internal:33403
[2024-01-30T03:21:07.543+0000] {spark_submit.py:571} INFO - 24/01/30 03:21:07 INFO BlockManager: Using org.apache.spark.storage.RandomBlockReplicationPolicy for block replication policy
[2024-01-30T03:21:07.555+0000] {spark_submit.py:571} INFO - 24/01/30 03:21:07 INFO BlockManagerMaster: Registering BlockManager BlockManagerId(driver, instance-1.europe-west9-a.c.data-lake-project-409321.internal, 33403, None)
[2024-01-30T03:21:07.562+0000] {spark_submit.py:571} INFO - 24/01/30 03:21:07 INFO BlockManagerMasterEndpoint: Registering block manager instance-1.europe-west9-a.c.data-lake-project-409321.internal:33403 with 434.4 MiB RAM, BlockManagerId(driver, instance-1.europe-west9-a.c.data-lake-project-409321.internal, 33403, None)
[2024-01-30T03:21:07.565+0000] {spark_submit.py:571} INFO - 24/01/30 03:21:07 INFO BlockManagerMaster: Registered BlockManager BlockManagerId(driver, instance-1.europe-west9-a.c.data-lake-project-409321.internal, 33403, None)
[2024-01-30T03:21:07.567+0000] {spark_submit.py:571} INFO - 24/01/30 03:21:07 INFO BlockManager: Initialized BlockManager: BlockManagerId(driver, instance-1.europe-west9-a.c.data-lake-project-409321.internal, 33403, None)
[2024-01-30T03:21:08.562+0000] {spark_submit.py:571} INFO - 24/01/30 03:21:08 INFO SharedState: Setting hive.metastore.warehouse.dir ('null') to the value of spark.sql.warehouse.dir.
[2024-01-30T03:21:08.572+0000] {spark_submit.py:571} INFO - 24/01/30 03:21:08 INFO SharedState: Warehouse path is 'file:/home/juniortemgoua0/DataLake/spark-warehouse'.
[2024-01-30T03:21:09.594+0000] {spark_submit.py:571} INFO - ************************************************
[2024-01-30T03:21:09.595+0000] {spark_submit.py:571} INFO - Date d'exécution  : 2024-01-13
[2024-01-30T03:21:09.595+0000] {spark_submit.py:571} INFO - ************************************************
[2024-01-30T03:21:10.672+0000] {spark_submit.py:571} INFO - Exception in thread "main" org.apache.spark.sql.AnalysisException: [PATH_NOT_FOUND] Path does not exist: hdfs://localhost:9000/data-lake/raw/football_data/competitions/2024-01-13/*.json.
[2024-01-30T03:21:10.673+0000] {spark_submit.py:571} INFO - at org.apache.spark.sql.errors.QueryCompilationErrors$.dataPathNotExistError(QueryCompilationErrors.scala:1500)
[2024-01-30T03:21:10.673+0000] {spark_submit.py:571} INFO - at org.apache.spark.sql.execution.datasources.DataSource$.$anonfun$checkAndGlobPathIfNecessary$3(DataSource.scala:743)
[2024-01-30T03:21:10.673+0000] {spark_submit.py:571} INFO - at org.apache.spark.util.ThreadUtils$.$anonfun$parmap$2(ThreadUtils.scala:380)
[2024-01-30T03:21:10.674+0000] {spark_submit.py:571} INFO - at scala.concurrent.Future$.$anonfun$apply$1(Future.scala:659)
[2024-01-30T03:21:10.674+0000] {spark_submit.py:571} INFO - at scala.util.Success.$anonfun$map$1(Try.scala:255)
[2024-01-30T03:21:10.674+0000] {spark_submit.py:571} INFO - at scala.util.Success.map(Try.scala:213)
[2024-01-30T03:21:10.675+0000] {spark_submit.py:571} INFO - at scala.concurrent.Future.$anonfun$map$1(Future.scala:292)
[2024-01-30T03:21:10.675+0000] {spark_submit.py:571} INFO - at scala.concurrent.impl.Promise.liftedTree1$1(Promise.scala:33)
[2024-01-30T03:21:10.675+0000] {spark_submit.py:571} INFO - at scala.concurrent.impl.Promise.$anonfun$transform$1(Promise.scala:33)
[2024-01-30T03:21:10.675+0000] {spark_submit.py:571} INFO - at scala.concurrent.impl.CallbackRunnable.run(Promise.scala:64)
[2024-01-30T03:21:10.675+0000] {spark_submit.py:571} INFO - at java.base/java.util.concurrent.ForkJoinTask$RunnableExecuteAction.exec(ForkJoinTask.java:1395)
[2024-01-30T03:21:10.676+0000] {spark_submit.py:571} INFO - at java.base/java.util.concurrent.ForkJoinTask.doExec(ForkJoinTask.java:373)
[2024-01-30T03:21:10.676+0000] {spark_submit.py:571} INFO - at java.base/java.util.concurrent.ForkJoinPool$WorkQueue.topLevelExec(ForkJoinPool.java:1182)
[2024-01-30T03:21:10.676+0000] {spark_submit.py:571} INFO - at java.base/java.util.concurrent.ForkJoinPool.scan(ForkJoinPool.java:1655)
[2024-01-30T03:21:10.676+0000] {spark_submit.py:571} INFO - at java.base/java.util.concurrent.ForkJoinPool.runWorker(ForkJoinPool.java:1622)
[2024-01-30T03:21:10.676+0000] {spark_submit.py:571} INFO - at java.base/java.util.concurrent.ForkJoinWorkerThread.run(ForkJoinWorkerThread.java:165)
[2024-01-30T03:21:10.682+0000] {spark_submit.py:571} INFO - 24/01/30 03:21:10 INFO SparkContext: Invoking stop() from shutdown hook
[2024-01-30T03:21:10.683+0000] {spark_submit.py:571} INFO - 24/01/30 03:21:10 INFO SparkContext: SparkContext is stopping with exitCode 0.
[2024-01-30T03:21:10.698+0000] {spark_submit.py:571} INFO - 24/01/30 03:21:10 INFO SparkUI: Stopped Spark web UI at http://instance-1.europe-west9-a.c.data-lake-project-409321.internal:4040
[2024-01-30T03:21:10.717+0000] {spark_submit.py:571} INFO - 24/01/30 03:21:10 INFO MapOutputTrackerMasterEndpoint: MapOutputTrackerMasterEndpoint stopped!
[2024-01-30T03:21:10.739+0000] {spark_submit.py:571} INFO - 24/01/30 03:21:10 INFO MemoryStore: MemoryStore cleared
[2024-01-30T03:21:10.740+0000] {spark_submit.py:571} INFO - 24/01/30 03:21:10 INFO BlockManager: BlockManager stopped
[2024-01-30T03:21:10.751+0000] {spark_submit.py:571} INFO - 24/01/30 03:21:10 INFO BlockManagerMaster: BlockManagerMaster stopped
[2024-01-30T03:21:10.755+0000] {spark_submit.py:571} INFO - 24/01/30 03:21:10 INFO OutputCommitCoordinator$OutputCommitCoordinatorEndpoint: OutputCommitCoordinator stopped!
[2024-01-30T03:21:10.781+0000] {spark_submit.py:571} INFO - 24/01/30 03:21:10 INFO SparkContext: Successfully stopped SparkContext
[2024-01-30T03:21:10.781+0000] {spark_submit.py:571} INFO - 24/01/30 03:21:10 INFO ShutdownHookManager: Shutdown hook called
[2024-01-30T03:21:10.783+0000] {spark_submit.py:571} INFO - 24/01/30 03:21:10 INFO ShutdownHookManager: Deleting directory /tmp/spark-777d6e48-441e-4357-a0a7-b1b3ea48a306
[2024-01-30T03:21:10.787+0000] {spark_submit.py:571} INFO - 24/01/30 03:21:10 INFO ShutdownHookManager: Deleting directory /tmp/spark-a7b1712f-62f2-49e7-8499-7e359ea0e236
[2024-01-30T03:21:10.899+0000] {taskinstance.py:2698} ERROR - Task failed with exception
Traceback (most recent call last):
  File "/home/juniortemgoua0/DataLake/venv/lib/python3.8/site-packages/airflow/models/taskinstance.py", line 433, in _execute_task
    result = execute_callable(context=context, **execute_callable_kwargs)
  File "/home/juniortemgoua0/DataLake/venv/lib/python3.8/site-packages/airflow/providers/apache/spark/operators/spark_submit.py", line 174, in execute
    self._hook.submit(self._application)
  File "/home/juniortemgoua0/DataLake/venv/lib/python3.8/site-packages/airflow/providers/apache/spark/hooks/spark_submit.py", line 502, in submit
    raise AirflowException(
airflow.exceptions.AirflowException: Cannot execute: spark-submit --master local[*] --conf spark.airflow.execution_date=2024-01-13 --name arrow-spark --class RawToFormatted --queue root.default --deploy-mode client /home/juniortemgoua0/DataLake/jobs/processes/scala/spark_process/target/scala-2.12/spark_job_2.12-0.1.0.jar hdfs://localhost:9000/data-lake. Error code is: 1.
[2024-01-30T03:21:10.902+0000] {taskinstance.py:1138} INFO - Marking task as UP_FOR_RETRY. dag_id=manage_data_lake_dag, task_id=local_job_raw_to_formatted, execution_date=20240113T000000, start_date=20240130T032102, end_date=20240130T032110
[2024-01-30T03:21:10.916+0000] {standard_task_runner.py:107} ERROR - Failed to execute job 172 for task local_job_raw_to_formatted (Cannot execute: spark-submit --master local[*] --conf spark.airflow.execution_date=2024-01-13 --name arrow-spark --class RawToFormatted --queue root.default --deploy-mode client /home/juniortemgoua0/DataLake/jobs/processes/scala/spark_process/target/scala-2.12/spark_job_2.12-0.1.0.jar hdfs://localhost:9000/data-lake. Error code is: 1.; 27208)
[2024-01-30T03:21:10.935+0000] {local_task_job_runner.py:234} INFO - Task exited with return code 1
[2024-01-30T03:21:10.952+0000] {taskinstance.py:3280} INFO - 0 downstream tasks scheduled from follow-on schedule check
