[2024-01-30T02:49:37.817+0000] {taskinstance.py:1956} INFO - Dependencies all met for dep_context=non-requeueable deps ti=<TaskInstance: manage_data_lake_dag.local_job_raw_to_formatted scheduled__2024-01-15T00:00:00+00:00 [queued]>
[2024-01-30T02:49:37.823+0000] {taskinstance.py:1956} INFO - Dependencies all met for dep_context=requeueable deps ti=<TaskInstance: manage_data_lake_dag.local_job_raw_to_formatted scheduled__2024-01-15T00:00:00+00:00 [queued]>
[2024-01-30T02:49:37.823+0000] {taskinstance.py:2170} INFO - Starting attempt 1 of 6
[2024-01-30T02:49:37.835+0000] {taskinstance.py:2191} INFO - Executing <Task(SparkSubmitOperator): local_job_raw_to_formatted> on 2024-01-15 00:00:00+00:00
[2024-01-30T02:49:37.840+0000] {standard_task_runner.py:60} INFO - Started process 16399 to run task
[2024-01-30T02:49:37.846+0000] {standard_task_runner.py:87} INFO - Running: ['airflow', 'tasks', 'run', 'manage_data_lake_dag', 'local_job_raw_to_formatted', 'scheduled__2024-01-15T00:00:00+00:00', '--job-id', '163', '--raw', '--subdir', 'DAGS_FOLDER/data_lake_dag.py', '--cfg-path', '/tmp/tmpipxbqvoo']
[2024-01-30T02:49:37.848+0000] {standard_task_runner.py:88} INFO - Job 163: Subtask local_job_raw_to_formatted
[2024-01-30T02:49:37.890+0000] {task_command.py:423} INFO - Running <TaskInstance: manage_data_lake_dag.local_job_raw_to_formatted scheduled__2024-01-15T00:00:00+00:00 [running]> on host instance-1.europe-west9-a.c.data-lake-project-409321.internal
[2024-01-30T02:49:37.950+0000] {taskinstance.py:2480} INFO - Exporting env vars: AIRFLOW_CTX_DAG_OWNER='juniortemgoua0' AIRFLOW_CTX_DAG_ID='manage_data_lake_dag' AIRFLOW_CTX_TASK_ID='local_job_raw_to_formatted' AIRFLOW_CTX_EXECUTION_DATE='2024-01-15T00:00:00+00:00' AIRFLOW_CTX_TRY_NUMBER='1' AIRFLOW_CTX_DAG_RUN_ID='scheduled__2024-01-15T00:00:00+00:00'
[2024-01-30T02:49:37.956+0000] {base.py:83} INFO - Using connection ID 'spark_default' for task execution.
[2024-01-30T02:49:37.957+0000] {spark_submit.py:401} INFO - Spark-Submit cmd: spark-submit --master local[*] --conf spark.airflow.execution_date=2024-01-15 --name arrow-spark --class RawToFormatted --queue root.default --deploy-mode client /home/juniortemgoua0/DataLake/jobs/processes/scala/spark_process/target/scala-2.12/spark_job_2.12-0.1.0.jar hdfs://localhost:9000/data-lake
[2024-01-30T02:49:40.694+0000] {spark_submit.py:571} INFO - 24/01/30 02:49:40 INFO SparkContext: Running Spark version 3.5.0
[2024-01-30T02:49:40.701+0000] {spark_submit.py:571} INFO - 24/01/30 02:49:40 INFO SparkContext: OS info Linux, 5.15.0-1049-gcp, amd64
[2024-01-30T02:49:40.702+0000] {spark_submit.py:571} INFO - 24/01/30 02:49:40 INFO SparkContext: Java version 17.0.9
[2024-01-30T02:49:40.848+0000] {spark_submit.py:571} INFO - 24/01/30 02:49:40 WARN NativeCodeLoader: Unable to load native-hadoop library for your platform... using builtin-java classes where applicable
[2024-01-30T02:49:41.051+0000] {spark_submit.py:571} INFO - 24/01/30 02:49:41 INFO ResourceUtils: ==============================================================
[2024-01-30T02:49:41.054+0000] {spark_submit.py:571} INFO - 24/01/30 02:49:41 INFO ResourceUtils: No custom resources configured for spark.driver.
[2024-01-30T02:49:41.055+0000] {spark_submit.py:571} INFO - 24/01/30 02:49:41 INFO ResourceUtils: ==============================================================
[2024-01-30T02:49:41.057+0000] {spark_submit.py:571} INFO - 24/01/30 02:49:41 INFO SparkContext: Submitted application: RawToFormatted
[2024-01-30T02:49:41.110+0000] {spark_submit.py:571} INFO - 24/01/30 02:49:41 INFO ResourceProfile: Default ResourceProfile created, executor resources: Map(cores -> name: cores, amount: 1, script: , vendor: , memory -> name: memory, amount: 1024, script: , vendor: , offHeap -> name: offHeap, amount: 0, script: , vendor: ), task resources: Map(cpus -> name: cpus, amount: 1.0)
[2024-01-30T02:49:41.124+0000] {spark_submit.py:571} INFO - 24/01/30 02:49:41 INFO ResourceProfile: Limiting resource is cpu
[2024-01-30T02:49:41.126+0000] {spark_submit.py:571} INFO - 24/01/30 02:49:41 INFO ResourceProfileManager: Added ResourceProfile id: 0
[2024-01-30T02:49:41.221+0000] {spark_submit.py:571} INFO - 24/01/30 02:49:41 INFO SecurityManager: Changing view acls to: juniortemgoua0
[2024-01-30T02:49:41.223+0000] {spark_submit.py:571} INFO - 24/01/30 02:49:41 INFO SecurityManager: Changing modify acls to: juniortemgoua0
[2024-01-30T02:49:41.226+0000] {spark_submit.py:571} INFO - 24/01/30 02:49:41 INFO SecurityManager: Changing view acls groups to:
[2024-01-30T02:49:41.227+0000] {spark_submit.py:571} INFO - 24/01/30 02:49:41 INFO SecurityManager: Changing modify acls groups to:
[2024-01-30T02:49:41.228+0000] {spark_submit.py:571} INFO - 24/01/30 02:49:41 INFO SecurityManager: SecurityManager: authentication disabled; ui acls disabled; users with view permissions: juniortemgoua0; groups with view permissions: EMPTY; users with modify permissions: juniortemgoua0; groups with modify permissions: EMPTY
[2024-01-30T02:49:41.606+0000] {spark_submit.py:571} INFO - 24/01/30 02:49:41 INFO Utils: Successfully started service 'sparkDriver' on port 38689.
[2024-01-30T02:49:41.651+0000] {spark_submit.py:571} INFO - 24/01/30 02:49:41 INFO SparkEnv: Registering MapOutputTracker
[2024-01-30T02:49:41.703+0000] {spark_submit.py:571} INFO - 24/01/30 02:49:41 INFO SparkEnv: Registering BlockManagerMaster
[2024-01-30T02:49:41.733+0000] {spark_submit.py:571} INFO - 24/01/30 02:49:41 INFO BlockManagerMasterEndpoint: Using org.apache.spark.storage.DefaultTopologyMapper for getting topology information
[2024-01-30T02:49:41.734+0000] {spark_submit.py:571} INFO - 24/01/30 02:49:41 INFO BlockManagerMasterEndpoint: BlockManagerMasterEndpoint up
[2024-01-30T02:49:41.744+0000] {spark_submit.py:571} INFO - 24/01/30 02:49:41 INFO SparkEnv: Registering BlockManagerMasterHeartbeat
[2024-01-30T02:49:41.765+0000] {spark_submit.py:571} INFO - 24/01/30 02:49:41 INFO DiskBlockManager: Created local directory at /tmp/blockmgr-48694998-858e-4b6e-a1b2-9dcd0e7cae17
[2024-01-30T02:49:41.783+0000] {spark_submit.py:571} INFO - 24/01/30 02:49:41 INFO MemoryStore: MemoryStore started with capacity 434.4 MiB
[2024-01-30T02:49:41.801+0000] {spark_submit.py:571} INFO - 24/01/30 02:49:41 INFO SparkEnv: Registering OutputCommitCoordinator
[2024-01-30T02:49:42.000+0000] {spark_submit.py:571} INFO - 24/01/30 02:49:42 INFO JettyUtils: Start Jetty 0.0.0.0:4040 for SparkUI
[2024-01-30T02:49:42.102+0000] {spark_submit.py:571} INFO - 24/01/30 02:49:42 INFO Utils: Successfully started service 'SparkUI' on port 4040.
[2024-01-30T02:49:42.160+0000] {spark_submit.py:571} INFO - 24/01/30 02:49:42 INFO SparkContext: Added JAR file:/home/juniortemgoua0/DataLake/jobs/processes/scala/spark_process/target/scala-2.12/spark_job_2.12-0.1.0.jar at spark://instance-1.europe-west9-a.c.data-lake-project-409321.internal:38689/jars/spark_job_2.12-0.1.0.jar with timestamp 1706582980669
[2024-01-30T02:49:42.290+0000] {spark_submit.py:571} INFO - 24/01/30 02:49:42 INFO Executor: Starting executor ID driver on host instance-1.europe-west9-a.c.data-lake-project-409321.internal
[2024-01-30T02:49:42.291+0000] {spark_submit.py:571} INFO - 24/01/30 02:49:42 INFO Executor: OS info Linux, 5.15.0-1049-gcp, amd64
[2024-01-30T02:49:42.292+0000] {spark_submit.py:571} INFO - 24/01/30 02:49:42 INFO Executor: Java version 17.0.9
[2024-01-30T02:49:42.332+0000] {spark_submit.py:571} INFO - 24/01/30 02:49:42 INFO Executor: Starting executor with user classpath (userClassPathFirst = false): ''
[2024-01-30T02:49:42.333+0000] {spark_submit.py:571} INFO - 24/01/30 02:49:42 INFO Executor: Created or updated repl class loader org.apache.spark.util.MutableURLClassLoader@135a8c6f for default.
[2024-01-30T02:49:42.359+0000] {spark_submit.py:571} INFO - 24/01/30 02:49:42 INFO Executor: Fetching spark://instance-1.europe-west9-a.c.data-lake-project-409321.internal:38689/jars/spark_job_2.12-0.1.0.jar with timestamp 1706582980669
[2024-01-30T02:49:42.457+0000] {spark_submit.py:571} INFO - 24/01/30 02:49:42 INFO TransportClientFactory: Successfully created connection to instance-1.europe-west9-a.c.data-lake-project-409321.internal/10.200.0.5:38689 after 45 ms (0 ms spent in bootstraps)
[2024-01-30T02:49:42.478+0000] {spark_submit.py:571} INFO - 24/01/30 02:49:42 INFO Utils: Fetching spark://instance-1.europe-west9-a.c.data-lake-project-409321.internal:38689/jars/spark_job_2.12-0.1.0.jar to /tmp/spark-9e154315-cc8d-4bf4-80f2-04397532eb72/userFiles-4ea79759-ba69-44da-ad7c-31156f9386ef/fetchFileTemp2809278175849330792.tmp
[2024-01-30T02:49:42.526+0000] {spark_submit.py:571} INFO - 24/01/30 02:49:42 INFO Executor: Adding file:/tmp/spark-9e154315-cc8d-4bf4-80f2-04397532eb72/userFiles-4ea79759-ba69-44da-ad7c-31156f9386ef/spark_job_2.12-0.1.0.jar to class loader default
[2024-01-30T02:49:42.537+0000] {spark_submit.py:571} INFO - 24/01/30 02:49:42 INFO Utils: Successfully started service 'org.apache.spark.network.netty.NettyBlockTransferService' on port 35955.
[2024-01-30T02:49:42.537+0000] {spark_submit.py:571} INFO - 24/01/30 02:49:42 INFO NettyBlockTransferService: Server created on instance-1.europe-west9-a.c.data-lake-project-409321.internal:35955
[2024-01-30T02:49:42.539+0000] {spark_submit.py:571} INFO - 24/01/30 02:49:42 INFO BlockManager: Using org.apache.spark.storage.RandomBlockReplicationPolicy for block replication policy
[2024-01-30T02:49:42.553+0000] {spark_submit.py:571} INFO - 24/01/30 02:49:42 INFO BlockManagerMaster: Registering BlockManager BlockManagerId(driver, instance-1.europe-west9-a.c.data-lake-project-409321.internal, 35955, None)
[2024-01-30T02:49:42.557+0000] {spark_submit.py:571} INFO - 24/01/30 02:49:42 INFO BlockManagerMasterEndpoint: Registering block manager instance-1.europe-west9-a.c.data-lake-project-409321.internal:35955 with 434.4 MiB RAM, BlockManagerId(driver, instance-1.europe-west9-a.c.data-lake-project-409321.internal, 35955, None)
[2024-01-30T02:49:42.561+0000] {spark_submit.py:571} INFO - 24/01/30 02:49:42 INFO BlockManagerMaster: Registered BlockManager BlockManagerId(driver, instance-1.europe-west9-a.c.data-lake-project-409321.internal, 35955, None)
[2024-01-30T02:49:42.562+0000] {spark_submit.py:571} INFO - 24/01/30 02:49:42 INFO BlockManager: Initialized BlockManager: BlockManagerId(driver, instance-1.europe-west9-a.c.data-lake-project-409321.internal, 35955, None)
[2024-01-30T02:49:43.619+0000] {spark_submit.py:571} INFO - 24/01/30 02:49:43 INFO SharedState: Setting hive.metastore.warehouse.dir ('null') to the value of spark.sql.warehouse.dir.
[2024-01-30T02:49:43.628+0000] {spark_submit.py:571} INFO - 24/01/30 02:49:43 INFO SharedState: Warehouse path is 'file:/home/juniortemgoua0/DataLake/spark-warehouse'.
[2024-01-30T02:49:44.624+0000] {spark_submit.py:571} INFO - ************************************************
[2024-01-30T02:49:44.625+0000] {spark_submit.py:571} INFO - Date d'exécution  : 2024-01-15
[2024-01-30T02:49:44.625+0000] {spark_submit.py:571} INFO - ************************************************
[2024-01-30T02:49:45.765+0000] {spark_submit.py:571} INFO - Exception in thread "main" org.apache.spark.sql.AnalysisException: [PATH_NOT_FOUND] Path does not exist: hdfs://localhost:9000/data-lake/raw/football_data/competitions/2024-01-15/*.json.
[2024-01-30T02:49:45.765+0000] {spark_submit.py:571} INFO - at org.apache.spark.sql.errors.QueryCompilationErrors$.dataPathNotExistError(QueryCompilationErrors.scala:1500)
[2024-01-30T02:49:45.766+0000] {spark_submit.py:571} INFO - at org.apache.spark.sql.execution.datasources.DataSource$.$anonfun$checkAndGlobPathIfNecessary$3(DataSource.scala:743)
[2024-01-30T02:49:45.766+0000] {spark_submit.py:571} INFO - at org.apache.spark.util.ThreadUtils$.$anonfun$parmap$2(ThreadUtils.scala:380)
[2024-01-30T02:49:45.766+0000] {spark_submit.py:571} INFO - at scala.concurrent.Future$.$anonfun$apply$1(Future.scala:659)
[2024-01-30T02:49:45.766+0000] {spark_submit.py:571} INFO - at scala.util.Success.$anonfun$map$1(Try.scala:255)
[2024-01-30T02:49:45.766+0000] {spark_submit.py:571} INFO - at scala.util.Success.map(Try.scala:213)
[2024-01-30T02:49:45.767+0000] {spark_submit.py:571} INFO - at scala.concurrent.Future.$anonfun$map$1(Future.scala:292)
[2024-01-30T02:49:45.767+0000] {spark_submit.py:571} INFO - at scala.concurrent.impl.Promise.liftedTree1$1(Promise.scala:33)
[2024-01-30T02:49:45.767+0000] {spark_submit.py:571} INFO - at scala.concurrent.impl.Promise.$anonfun$transform$1(Promise.scala:33)
[2024-01-30T02:49:45.767+0000] {spark_submit.py:571} INFO - at scala.concurrent.impl.CallbackRunnable.run(Promise.scala:64)
[2024-01-30T02:49:45.767+0000] {spark_submit.py:571} INFO - at java.base/java.util.concurrent.ForkJoinTask$RunnableExecuteAction.exec(ForkJoinTask.java:1395)
[2024-01-30T02:49:45.767+0000] {spark_submit.py:571} INFO - at java.base/java.util.concurrent.ForkJoinTask.doExec(ForkJoinTask.java:373)
[2024-01-30T02:49:45.768+0000] {spark_submit.py:571} INFO - at java.base/java.util.concurrent.ForkJoinPool$WorkQueue.topLevelExec(ForkJoinPool.java:1182)
[2024-01-30T02:49:45.768+0000] {spark_submit.py:571} INFO - at java.base/java.util.concurrent.ForkJoinPool.scan(ForkJoinPool.java:1655)
[2024-01-30T02:49:45.768+0000] {spark_submit.py:571} INFO - at java.base/java.util.concurrent.ForkJoinPool.runWorker(ForkJoinPool.java:1622)
[2024-01-30T02:49:45.768+0000] {spark_submit.py:571} INFO - at java.base/java.util.concurrent.ForkJoinWorkerThread.run(ForkJoinWorkerThread.java:165)
[2024-01-30T02:49:45.774+0000] {spark_submit.py:571} INFO - 24/01/30 02:49:45 INFO SparkContext: Invoking stop() from shutdown hook
[2024-01-30T02:49:45.775+0000] {spark_submit.py:571} INFO - 24/01/30 02:49:45 INFO SparkContext: SparkContext is stopping with exitCode 0.
[2024-01-30T02:49:45.789+0000] {spark_submit.py:571} INFO - 24/01/30 02:49:45 INFO SparkUI: Stopped Spark web UI at http://instance-1.europe-west9-a.c.data-lake-project-409321.internal:4040
[2024-01-30T02:49:45.820+0000] {spark_submit.py:571} INFO - 24/01/30 02:49:45 INFO MapOutputTrackerMasterEndpoint: MapOutputTrackerMasterEndpoint stopped!
[2024-01-30T02:49:45.850+0000] {spark_submit.py:571} INFO - 24/01/30 02:49:45 INFO MemoryStore: MemoryStore cleared
[2024-01-30T02:49:45.851+0000] {spark_submit.py:571} INFO - 24/01/30 02:49:45 INFO BlockManager: BlockManager stopped
[2024-01-30T02:49:45.860+0000] {spark_submit.py:571} INFO - 24/01/30 02:49:45 INFO BlockManagerMaster: BlockManagerMaster stopped
[2024-01-30T02:49:45.864+0000] {spark_submit.py:571} INFO - 24/01/30 02:49:45 INFO OutputCommitCoordinator$OutputCommitCoordinatorEndpoint: OutputCommitCoordinator stopped!
[2024-01-30T02:49:45.876+0000] {spark_submit.py:571} INFO - 24/01/30 02:49:45 INFO SparkContext: Successfully stopped SparkContext
[2024-01-30T02:49:45.876+0000] {spark_submit.py:571} INFO - 24/01/30 02:49:45 INFO ShutdownHookManager: Shutdown hook called
[2024-01-30T02:49:45.878+0000] {spark_submit.py:571} INFO - 24/01/30 02:49:45 INFO ShutdownHookManager: Deleting directory /tmp/spark-9e154315-cc8d-4bf4-80f2-04397532eb72
[2024-01-30T02:49:45.883+0000] {spark_submit.py:571} INFO - 24/01/30 02:49:45 INFO ShutdownHookManager: Deleting directory /tmp/spark-69bf5a13-450d-4ad8-b892-55e8c860ee90
[2024-01-30T02:49:45.946+0000] {taskinstance.py:2698} ERROR - Task failed with exception
Traceback (most recent call last):
  File "/home/juniortemgoua0/DataLake/venv/lib/python3.8/site-packages/airflow/models/taskinstance.py", line 433, in _execute_task
    result = execute_callable(context=context, **execute_callable_kwargs)
  File "/home/juniortemgoua0/DataLake/venv/lib/python3.8/site-packages/airflow/providers/apache/spark/operators/spark_submit.py", line 174, in execute
    self._hook.submit(self._application)
  File "/home/juniortemgoua0/DataLake/venv/lib/python3.8/site-packages/airflow/providers/apache/spark/hooks/spark_submit.py", line 502, in submit
    raise AirflowException(
airflow.exceptions.AirflowException: Cannot execute: spark-submit --master local[*] --conf spark.airflow.execution_date=2024-01-15 --name arrow-spark --class RawToFormatted --queue root.default --deploy-mode client /home/juniortemgoua0/DataLake/jobs/processes/scala/spark_process/target/scala-2.12/spark_job_2.12-0.1.0.jar hdfs://localhost:9000/data-lake. Error code is: 1.
[2024-01-30T02:49:45.950+0000] {taskinstance.py:1138} INFO - Marking task as UP_FOR_RETRY. dag_id=manage_data_lake_dag, task_id=local_job_raw_to_formatted, execution_date=20240115T000000, start_date=20240130T024937, end_date=20240130T024945
[2024-01-30T02:49:45.962+0000] {standard_task_runner.py:107} ERROR - Failed to execute job 163 for task local_job_raw_to_formatted (Cannot execute: spark-submit --master local[*] --conf spark.airflow.execution_date=2024-01-15 --name arrow-spark --class RawToFormatted --queue root.default --deploy-mode client /home/juniortemgoua0/DataLake/jobs/processes/scala/spark_process/target/scala-2.12/spark_job_2.12-0.1.0.jar hdfs://localhost:9000/data-lake. Error code is: 1.; 16399)
[2024-01-30T02:49:45.993+0000] {local_task_job_runner.py:234} INFO - Task exited with return code 1
[2024-01-30T02:49:46.009+0000] {taskinstance.py:3280} INFO - 0 downstream tasks scheduled from follow-on schedule check
[2024-01-30T03:27:21.425+0000] {taskinstance.py:1956} INFO - Dependencies all met for dep_context=non-requeueable deps ti=<TaskInstance: manage_data_lake_dag.local_job_raw_to_formatted scheduled__2024-01-15T00:00:00+00:00 [queued]>
[2024-01-30T03:27:21.432+0000] {taskinstance.py:1956} INFO - Dependencies all met for dep_context=requeueable deps ti=<TaskInstance: manage_data_lake_dag.local_job_raw_to_formatted scheduled__2024-01-15T00:00:00+00:00 [queued]>
[2024-01-30T03:27:21.432+0000] {taskinstance.py:2170} INFO - Starting attempt 1 of 6
[2024-01-30T03:27:21.444+0000] {taskinstance.py:2191} INFO - Executing <Task(SparkSubmitOperator): local_job_raw_to_formatted> on 2024-01-15 00:00:00+00:00
[2024-01-30T03:27:21.449+0000] {standard_task_runner.py:60} INFO - Started process 33589 to run task
[2024-01-30T03:27:21.455+0000] {standard_task_runner.py:87} INFO - Running: ['airflow', 'tasks', 'run', 'manage_data_lake_dag', 'local_job_raw_to_formatted', 'scheduled__2024-01-15T00:00:00+00:00', '--job-id', '189', '--raw', '--subdir', 'DAGS_FOLDER/data_lake_dag.py', '--cfg-path', '/tmp/tmp2qt4ahws']
[2024-01-30T03:27:21.458+0000] {standard_task_runner.py:88} INFO - Job 189: Subtask local_job_raw_to_formatted
[2024-01-30T03:27:21.500+0000] {task_command.py:423} INFO - Running <TaskInstance: manage_data_lake_dag.local_job_raw_to_formatted scheduled__2024-01-15T00:00:00+00:00 [running]> on host instance-1.europe-west9-a.c.data-lake-project-409321.internal
[2024-01-30T03:27:21.552+0000] {taskinstance.py:2480} INFO - Exporting env vars: AIRFLOW_CTX_DAG_OWNER='juniortemgoua0' AIRFLOW_CTX_DAG_ID='manage_data_lake_dag' AIRFLOW_CTX_TASK_ID='local_job_raw_to_formatted' AIRFLOW_CTX_EXECUTION_DATE='2024-01-15T00:00:00+00:00' AIRFLOW_CTX_TRY_NUMBER='1' AIRFLOW_CTX_DAG_RUN_ID='scheduled__2024-01-15T00:00:00+00:00'
[2024-01-30T03:27:21.558+0000] {base.py:83} INFO - Using connection ID 'spark_default' for task execution.
[2024-01-30T03:27:21.559+0000] {spark_submit.py:401} INFO - Spark-Submit cmd: spark-submit --master local[*] --conf spark.airflow.execution_date=2024-01-15 --name arrow-spark --class RawToFormatted --queue root.default --deploy-mode client /home/juniortemgoua0/DataLake/jobs/processes/scala/spark_process/target/scala-2.12/spark_job_2.12-0.1.0.jar hdfs://localhost:9000/data-lake
[2024-01-30T03:27:24.303+0000] {spark_submit.py:571} INFO - 24/01/30 03:27:24 INFO SparkContext: Running Spark version 3.5.0
[2024-01-30T03:27:24.308+0000] {spark_submit.py:571} INFO - 24/01/30 03:27:24 INFO SparkContext: OS info Linux, 5.15.0-1049-gcp, amd64
[2024-01-30T03:27:24.309+0000] {spark_submit.py:571} INFO - 24/01/30 03:27:24 INFO SparkContext: Java version 17.0.9
[2024-01-30T03:27:24.447+0000] {spark_submit.py:571} INFO - 24/01/30 03:27:24 WARN NativeCodeLoader: Unable to load native-hadoop library for your platform... using builtin-java classes where applicable
[2024-01-30T03:27:24.576+0000] {spark_submit.py:571} INFO - 24/01/30 03:27:24 INFO ResourceUtils: ==============================================================
[2024-01-30T03:27:24.578+0000] {spark_submit.py:571} INFO - 24/01/30 03:27:24 INFO ResourceUtils: No custom resources configured for spark.driver.
[2024-01-30T03:27:24.579+0000] {spark_submit.py:571} INFO - 24/01/30 03:27:24 INFO ResourceUtils: ==============================================================
[2024-01-30T03:27:24.580+0000] {spark_submit.py:571} INFO - 24/01/30 03:27:24 INFO SparkContext: Submitted application: RawToFormatted
[2024-01-30T03:27:24.631+0000] {spark_submit.py:571} INFO - 24/01/30 03:27:24 INFO ResourceProfile: Default ResourceProfile created, executor resources: Map(cores -> name: cores, amount: 1, script: , vendor: , memory -> name: memory, amount: 1024, script: , vendor: , offHeap -> name: offHeap, amount: 0, script: , vendor: ), task resources: Map(cpus -> name: cpus, amount: 1.0)
[2024-01-30T03:27:24.645+0000] {spark_submit.py:571} INFO - 24/01/30 03:27:24 INFO ResourceProfile: Limiting resource is cpu
[2024-01-30T03:27:24.647+0000] {spark_submit.py:571} INFO - 24/01/30 03:27:24 INFO ResourceProfileManager: Added ResourceProfile id: 0
[2024-01-30T03:27:24.739+0000] {spark_submit.py:571} INFO - 24/01/30 03:27:24 INFO SecurityManager: Changing view acls to: juniortemgoua0
[2024-01-30T03:27:24.740+0000] {spark_submit.py:571} INFO - 24/01/30 03:27:24 INFO SecurityManager: Changing modify acls to: juniortemgoua0
[2024-01-30T03:27:24.742+0000] {spark_submit.py:571} INFO - 24/01/30 03:27:24 INFO SecurityManager: Changing view acls groups to:
[2024-01-30T03:27:24.742+0000] {spark_submit.py:571} INFO - 24/01/30 03:27:24 INFO SecurityManager: Changing modify acls groups to:
[2024-01-30T03:27:24.743+0000] {spark_submit.py:571} INFO - 24/01/30 03:27:24 INFO SecurityManager: SecurityManager: authentication disabled; ui acls disabled; users with view permissions: juniortemgoua0; groups with view permissions: EMPTY; users with modify permissions: juniortemgoua0; groups with modify permissions: EMPTY
[2024-01-30T03:27:25.103+0000] {spark_submit.py:571} INFO - 24/01/30 03:27:25 INFO Utils: Successfully started service 'sparkDriver' on port 46607.
[2024-01-30T03:27:25.150+0000] {spark_submit.py:571} INFO - 24/01/30 03:27:25 INFO SparkEnv: Registering MapOutputTracker
[2024-01-30T03:27:25.206+0000] {spark_submit.py:571} INFO - 24/01/30 03:27:25 INFO SparkEnv: Registering BlockManagerMaster
[2024-01-30T03:27:25.237+0000] {spark_submit.py:571} INFO - 24/01/30 03:27:25 INFO BlockManagerMasterEndpoint: Using org.apache.spark.storage.DefaultTopologyMapper for getting topology information
[2024-01-30T03:27:25.239+0000] {spark_submit.py:571} INFO - 24/01/30 03:27:25 INFO BlockManagerMasterEndpoint: BlockManagerMasterEndpoint up
[2024-01-30T03:27:25.245+0000] {spark_submit.py:571} INFO - 24/01/30 03:27:25 INFO SparkEnv: Registering BlockManagerMasterHeartbeat
[2024-01-30T03:27:25.284+0000] {spark_submit.py:571} INFO - 24/01/30 03:27:25 INFO DiskBlockManager: Created local directory at /tmp/blockmgr-ff1106f0-fe7f-44da-b6c9-e49e41acd837
[2024-01-30T03:27:25.313+0000] {spark_submit.py:571} INFO - 24/01/30 03:27:25 INFO MemoryStore: MemoryStore started with capacity 434.4 MiB
[2024-01-30T03:27:25.340+0000] {spark_submit.py:571} INFO - 24/01/30 03:27:25 INFO SparkEnv: Registering OutputCommitCoordinator
[2024-01-30T03:27:25.546+0000] {spark_submit.py:571} INFO - 24/01/30 03:27:25 INFO JettyUtils: Start Jetty 0.0.0.0:4040 for SparkUI
[2024-01-30T03:27:25.635+0000] {spark_submit.py:571} INFO - 24/01/30 03:27:25 INFO Utils: Successfully started service 'SparkUI' on port 4040.
[2024-01-30T03:27:25.695+0000] {spark_submit.py:571} INFO - 24/01/30 03:27:25 INFO SparkContext: Added JAR file:/home/juniortemgoua0/DataLake/jobs/processes/scala/spark_process/target/scala-2.12/spark_job_2.12-0.1.0.jar at spark://instance-1.europe-west9-a.c.data-lake-project-409321.internal:46607/jars/spark_job_2.12-0.1.0.jar with timestamp 1706585244287
[2024-01-30T03:27:25.810+0000] {spark_submit.py:571} INFO - 24/01/30 03:27:25 INFO Executor: Starting executor ID driver on host instance-1.europe-west9-a.c.data-lake-project-409321.internal
[2024-01-30T03:27:25.811+0000] {spark_submit.py:571} INFO - 24/01/30 03:27:25 INFO Executor: OS info Linux, 5.15.0-1049-gcp, amd64
[2024-01-30T03:27:25.812+0000] {spark_submit.py:571} INFO - 24/01/30 03:27:25 INFO Executor: Java version 17.0.9
[2024-01-30T03:27:25.823+0000] {spark_submit.py:571} INFO - 24/01/30 03:27:25 INFO Executor: Starting executor with user classpath (userClassPathFirst = false): ''
[2024-01-30T03:27:25.825+0000] {spark_submit.py:571} INFO - 24/01/30 03:27:25 INFO Executor: Created or updated repl class loader org.apache.spark.util.MutableURLClassLoader@6ed043d3 for default.
[2024-01-30T03:27:25.886+0000] {spark_submit.py:571} INFO - 24/01/30 03:27:25 INFO Executor: Fetching spark://instance-1.europe-west9-a.c.data-lake-project-409321.internal:46607/jars/spark_job_2.12-0.1.0.jar with timestamp 1706585244287
[2024-01-30T03:27:25.998+0000] {spark_submit.py:571} INFO - 24/01/30 03:27:25 INFO TransportClientFactory: Successfully created connection to instance-1.europe-west9-a.c.data-lake-project-409321.internal/10.200.0.5:46607 after 46 ms (0 ms spent in bootstraps)
[2024-01-30T03:27:26.014+0000] {spark_submit.py:571} INFO - 24/01/30 03:27:26 INFO Utils: Fetching spark://instance-1.europe-west9-a.c.data-lake-project-409321.internal:46607/jars/spark_job_2.12-0.1.0.jar to /tmp/spark-397d6ec1-a636-489c-bcb7-e718e1a488f7/userFiles-43119aba-3427-43ce-b239-aece486cc128/fetchFileTemp7072607370605238333.tmp
[2024-01-30T03:27:26.061+0000] {spark_submit.py:571} INFO - 24/01/30 03:27:26 INFO Executor: Adding file:/tmp/spark-397d6ec1-a636-489c-bcb7-e718e1a488f7/userFiles-43119aba-3427-43ce-b239-aece486cc128/spark_job_2.12-0.1.0.jar to class loader default
[2024-01-30T03:27:26.075+0000] {spark_submit.py:571} INFO - 24/01/30 03:27:26 INFO Utils: Successfully started service 'org.apache.spark.network.netty.NettyBlockTransferService' on port 42273.
[2024-01-30T03:27:26.075+0000] {spark_submit.py:571} INFO - 24/01/30 03:27:26 INFO NettyBlockTransferService: Server created on instance-1.europe-west9-a.c.data-lake-project-409321.internal:42273
[2024-01-30T03:27:26.076+0000] {spark_submit.py:571} INFO - 24/01/30 03:27:26 INFO BlockManager: Using org.apache.spark.storage.RandomBlockReplicationPolicy for block replication policy
[2024-01-30T03:27:26.085+0000] {spark_submit.py:571} INFO - 24/01/30 03:27:26 INFO BlockManagerMaster: Registering BlockManager BlockManagerId(driver, instance-1.europe-west9-a.c.data-lake-project-409321.internal, 42273, None)
[2024-01-30T03:27:26.090+0000] {spark_submit.py:571} INFO - 24/01/30 03:27:26 INFO BlockManagerMasterEndpoint: Registering block manager instance-1.europe-west9-a.c.data-lake-project-409321.internal:42273 with 434.4 MiB RAM, BlockManagerId(driver, instance-1.europe-west9-a.c.data-lake-project-409321.internal, 42273, None)
[2024-01-30T03:27:26.093+0000] {spark_submit.py:571} INFO - 24/01/30 03:27:26 INFO BlockManagerMaster: Registered BlockManager BlockManagerId(driver, instance-1.europe-west9-a.c.data-lake-project-409321.internal, 42273, None)
[2024-01-30T03:27:26.094+0000] {spark_submit.py:571} INFO - 24/01/30 03:27:26 INFO BlockManager: Initialized BlockManager: BlockManagerId(driver, instance-1.europe-west9-a.c.data-lake-project-409321.internal, 42273, None)
[2024-01-30T03:27:27.141+0000] {spark_submit.py:571} INFO - 24/01/30 03:27:27 INFO SharedState: Setting hive.metastore.warehouse.dir ('null') to the value of spark.sql.warehouse.dir.
[2024-01-30T03:27:27.149+0000] {spark_submit.py:571} INFO - 24/01/30 03:27:27 INFO SharedState: Warehouse path is 'file:/home/juniortemgoua0/DataLake/spark-warehouse'.
[2024-01-30T03:27:28.149+0000] {spark_submit.py:571} INFO - ************************************************
[2024-01-30T03:27:28.149+0000] {spark_submit.py:571} INFO - Date d'exécution  : 2024-01-15
[2024-01-30T03:27:28.150+0000] {spark_submit.py:571} INFO - ************************************************
[2024-01-30T03:27:28.650+0000] {spark_submit.py:571} INFO - 24/01/30 03:27:28 WARN FileStreamSink: Assume no metadata directory. Error while looking for metadata directory in the path: hdfs://localhost:9000/data-lake/raw/football_data/competitions/2024-01-15/*.json.
[2024-01-30T03:27:28.650+0000] {spark_submit.py:571} INFO - java.net.ConnectException: Call From instance-1/10.200.0.5 to localhost:9000 failed on connection exception: java.net.ConnectException: Connection refused; For more details see:  http://wiki.apache.org/hadoop/ConnectionRefused
[2024-01-30T03:27:28.650+0000] {spark_submit.py:571} INFO - at java.base/jdk.internal.reflect.NativeConstructorAccessorImpl.newInstance0(Native Method)
[2024-01-30T03:27:28.650+0000] {spark_submit.py:571} INFO - at java.base/jdk.internal.reflect.NativeConstructorAccessorImpl.newInstance(NativeConstructorAccessorImpl.java:77)
[2024-01-30T03:27:28.651+0000] {spark_submit.py:571} INFO - at java.base/jdk.internal.reflect.DelegatingConstructorAccessorImpl.newInstance(DelegatingConstructorAccessorImpl.java:45)
[2024-01-30T03:27:28.651+0000] {spark_submit.py:571} INFO - at java.base/java.lang.reflect.Constructor.newInstanceWithCaller(Constructor.java:499)
[2024-01-30T03:27:28.651+0000] {spark_submit.py:571} INFO - at java.base/java.lang.reflect.Constructor.newInstance(Constructor.java:480)
[2024-01-30T03:27:28.651+0000] {spark_submit.py:571} INFO - at org.apache.hadoop.net.NetUtils.wrapWithMessage(NetUtils.java:913)
[2024-01-30T03:27:28.651+0000] {spark_submit.py:571} INFO - at org.apache.hadoop.net.NetUtils.wrapException(NetUtils.java:828)
[2024-01-30T03:27:28.651+0000] {spark_submit.py:571} INFO - at org.apache.hadoop.ipc.Client.getRpcResponse(Client.java:1616)
[2024-01-30T03:27:28.652+0000] {spark_submit.py:571} INFO - at org.apache.hadoop.ipc.Client.call(Client.java:1558)
[2024-01-30T03:27:28.652+0000] {spark_submit.py:571} INFO - at org.apache.hadoop.ipc.Client.call(Client.java:1455)
[2024-01-30T03:27:28.652+0000] {spark_submit.py:571} INFO - at org.apache.hadoop.ipc.ProtobufRpcEngine2$Invoker.invoke(ProtobufRpcEngine2.java:242)
[2024-01-30T03:27:28.652+0000] {spark_submit.py:571} INFO - at org.apache.hadoop.ipc.ProtobufRpcEngine2$Invoker.invoke(ProtobufRpcEngine2.java:129)
[2024-01-30T03:27:28.652+0000] {spark_submit.py:571} INFO - at jdk.proxy2/jdk.proxy2.$Proxy34.getFileInfo(Unknown Source)
[2024-01-30T03:27:28.653+0000] {spark_submit.py:571} INFO - at org.apache.hadoop.hdfs.protocolPB.ClientNamenodeProtocolTranslatorPB.getFileInfo(ClientNamenodeProtocolTranslatorPB.java:965)
[2024-01-30T03:27:28.653+0000] {spark_submit.py:571} INFO - at java.base/jdk.internal.reflect.NativeMethodAccessorImpl.invoke0(Native Method)
[2024-01-30T03:27:28.653+0000] {spark_submit.py:571} INFO - at java.base/jdk.internal.reflect.NativeMethodAccessorImpl.invoke(NativeMethodAccessorImpl.java:77)
[2024-01-30T03:27:28.653+0000] {spark_submit.py:571} INFO - at java.base/jdk.internal.reflect.DelegatingMethodAccessorImpl.invoke(DelegatingMethodAccessorImpl.java:43)
[2024-01-30T03:27:28.653+0000] {spark_submit.py:571} INFO - at java.base/java.lang.reflect.Method.invoke(Method.java:568)
[2024-01-30T03:27:28.654+0000] {spark_submit.py:571} INFO - at org.apache.hadoop.io.retry.RetryInvocationHandler.invokeMethod(RetryInvocationHandler.java:422)
[2024-01-30T03:27:28.654+0000] {spark_submit.py:571} INFO - at org.apache.hadoop.io.retry.RetryInvocationHandler$Call.invokeMethod(RetryInvocationHandler.java:165)
[2024-01-30T03:27:28.654+0000] {spark_submit.py:571} INFO - at org.apache.hadoop.io.retry.RetryInvocationHandler$Call.invoke(RetryInvocationHandler.java:157)
[2024-01-30T03:27:28.654+0000] {spark_submit.py:571} INFO - at org.apache.hadoop.io.retry.RetryInvocationHandler$Call.invokeOnce(RetryInvocationHandler.java:95)
[2024-01-30T03:27:28.654+0000] {spark_submit.py:571} INFO - at org.apache.hadoop.io.retry.RetryInvocationHandler.invoke(RetryInvocationHandler.java:359)
[2024-01-30T03:27:28.654+0000] {spark_submit.py:571} INFO - at jdk.proxy2/jdk.proxy2.$Proxy35.getFileInfo(Unknown Source)
[2024-01-30T03:27:28.654+0000] {spark_submit.py:571} INFO - at org.apache.hadoop.hdfs.DFSClient.getFileInfo(DFSClient.java:1739)
[2024-01-30T03:27:28.655+0000] {spark_submit.py:571} INFO - at org.apache.hadoop.hdfs.DistributedFileSystem$29.doCall(DistributedFileSystem.java:1753)
[2024-01-30T03:27:28.655+0000] {spark_submit.py:571} INFO - at org.apache.hadoop.hdfs.DistributedFileSystem$29.doCall(DistributedFileSystem.java:1750)
[2024-01-30T03:27:28.655+0000] {spark_submit.py:571} INFO - at org.apache.hadoop.fs.FileSystemLinkResolver.resolve(FileSystemLinkResolver.java:81)
[2024-01-30T03:27:28.655+0000] {spark_submit.py:571} INFO - at org.apache.hadoop.hdfs.DistributedFileSystem.getFileStatus(DistributedFileSystem.java:1765)
[2024-01-30T03:27:28.655+0000] {spark_submit.py:571} INFO - at org.apache.hadoop.fs.FileSystem.isDirectory(FileSystem.java:1777)
[2024-01-30T03:27:28.655+0000] {spark_submit.py:571} INFO - at org.apache.spark.sql.execution.streaming.FileStreamSink$.hasMetadata(FileStreamSink.scala:54)
[2024-01-30T03:27:28.656+0000] {spark_submit.py:571} INFO - at org.apache.spark.sql.execution.datasources.DataSource.resolveRelation(DataSource.scala:366)
[2024-01-30T03:27:28.656+0000] {spark_submit.py:571} INFO - at org.apache.spark.sql.DataFrameReader.loadV1Source(DataFrameReader.scala:229)
[2024-01-30T03:27:28.656+0000] {spark_submit.py:571} INFO - at org.apache.spark.sql.DataFrameReader.$anonfun$load$2(DataFrameReader.scala:211)
[2024-01-30T03:27:28.656+0000] {spark_submit.py:571} INFO - at scala.Option.getOrElse(Option.scala:189)
[2024-01-30T03:27:28.656+0000] {spark_submit.py:571} INFO - at org.apache.spark.sql.DataFrameReader.load(DataFrameReader.scala:211)
[2024-01-30T03:27:28.656+0000] {spark_submit.py:571} INFO - at org.apache.spark.sql.DataFrameReader.json(DataFrameReader.scala:362)
[2024-01-30T03:27:28.656+0000] {spark_submit.py:571} INFO - at org.apache.spark.sql.DataFrameReader.json(DataFrameReader.scala:341)
[2024-01-30T03:27:28.657+0000] {spark_submit.py:571} INFO - at RawToFormatted$.formattedCompetition(RawToFormatted.scala:39)
[2024-01-30T03:27:28.657+0000] {spark_submit.py:571} INFO - at RawToFormatted$.main(RawToFormatted.scala:26)
[2024-01-30T03:27:28.657+0000] {spark_submit.py:571} INFO - at RawToFormatted.main(RawToFormatted.scala)
[2024-01-30T03:27:28.657+0000] {spark_submit.py:571} INFO - at java.base/jdk.internal.reflect.NativeMethodAccessorImpl.invoke0(Native Method)
[2024-01-30T03:27:28.657+0000] {spark_submit.py:571} INFO - at java.base/jdk.internal.reflect.NativeMethodAccessorImpl.invoke(NativeMethodAccessorImpl.java:77)
[2024-01-30T03:27:28.658+0000] {spark_submit.py:571} INFO - at java.base/jdk.internal.reflect.DelegatingMethodAccessorImpl.invoke(DelegatingMethodAccessorImpl.java:43)
[2024-01-30T03:27:28.658+0000] {spark_submit.py:571} INFO - at java.base/java.lang.reflect.Method.invoke(Method.java:568)
[2024-01-30T03:27:28.658+0000] {spark_submit.py:571} INFO - at org.apache.spark.deploy.JavaMainApplication.start(SparkApplication.scala:52)
[2024-01-30T03:27:28.658+0000] {spark_submit.py:571} INFO - at org.apache.spark.deploy.SparkSubmit.org$apache$spark$deploy$SparkSubmit$$runMain(SparkSubmit.scala:1029)
[2024-01-30T03:27:28.658+0000] {spark_submit.py:571} INFO - at org.apache.spark.deploy.SparkSubmit.doRunMain$1(SparkSubmit.scala:194)
[2024-01-30T03:27:28.659+0000] {spark_submit.py:571} INFO - at org.apache.spark.deploy.SparkSubmit.submit(SparkSubmit.scala:217)
[2024-01-30T03:27:28.659+0000] {spark_submit.py:571} INFO - at org.apache.spark.deploy.SparkSubmit.doSubmit(SparkSubmit.scala:91)
[2024-01-30T03:27:28.659+0000] {spark_submit.py:571} INFO - at org.apache.spark.deploy.SparkSubmit$$anon$2.doSubmit(SparkSubmit.scala:1120)
[2024-01-30T03:27:28.659+0000] {spark_submit.py:571} INFO - at org.apache.spark.deploy.SparkSubmit$.main(SparkSubmit.scala:1129)
[2024-01-30T03:27:28.659+0000] {spark_submit.py:571} INFO - at org.apache.spark.deploy.SparkSubmit.main(SparkSubmit.scala)
[2024-01-30T03:27:28.659+0000] {spark_submit.py:571} INFO - Caused by: java.net.ConnectException: Connection refused
[2024-01-30T03:27:28.660+0000] {spark_submit.py:571} INFO - at java.base/sun.nio.ch.Net.pollConnect(Native Method)
[2024-01-30T03:27:28.660+0000] {spark_submit.py:571} INFO - at java.base/sun.nio.ch.Net.pollConnectNow(Net.java:672)
[2024-01-30T03:27:28.660+0000] {spark_submit.py:571} INFO - at java.base/sun.nio.ch.SocketChannelImpl.finishConnect(SocketChannelImpl.java:946)
[2024-01-30T03:27:28.660+0000] {spark_submit.py:571} INFO - at org.apache.hadoop.net.SocketIOWithTimeout.connect(SocketIOWithTimeout.java:205)
[2024-01-30T03:27:28.660+0000] {spark_submit.py:571} INFO - at org.apache.hadoop.net.NetUtils.connect(NetUtils.java:586)
[2024-01-30T03:27:28.660+0000] {spark_submit.py:571} INFO - at org.apache.hadoop.ipc.Client$Connection.setupConnection(Client.java:711)
[2024-01-30T03:27:28.661+0000] {spark_submit.py:571} INFO - at org.apache.hadoop.ipc.Client$Connection.setupIOstreams(Client.java:833)
[2024-01-30T03:27:28.661+0000] {spark_submit.py:571} INFO - at org.apache.hadoop.ipc.Client$Connection.access$3800(Client.java:414)
[2024-01-30T03:27:28.661+0000] {spark_submit.py:571} INFO - at org.apache.hadoop.ipc.Client.getConnection(Client.java:1677)
[2024-01-30T03:27:28.661+0000] {spark_submit.py:571} INFO - at org.apache.hadoop.ipc.Client.call(Client.java:1502)
[2024-01-30T03:27:28.661+0000] {spark_submit.py:571} INFO - ... 44 more
[2024-01-30T03:27:28.702+0000] {spark_submit.py:571} INFO - Exception in thread "main" java.net.ConnectException: Call From instance-1/10.200.0.5 to localhost:9000 failed on connection exception: java.net.ConnectException: Connection refused; For more details see:  http://wiki.apache.org/hadoop/ConnectionRefused
[2024-01-30T03:27:28.703+0000] {spark_submit.py:571} INFO - at java.base/jdk.internal.reflect.NativeConstructorAccessorImpl.newInstance0(Native Method)
[2024-01-30T03:27:28.703+0000] {spark_submit.py:571} INFO - at java.base/jdk.internal.reflect.NativeConstructorAccessorImpl.newInstance(NativeConstructorAccessorImpl.java:77)
[2024-01-30T03:27:28.703+0000] {spark_submit.py:571} INFO - at java.base/jdk.internal.reflect.DelegatingConstructorAccessorImpl.newInstance(DelegatingConstructorAccessorImpl.java:45)
[2024-01-30T03:27:28.703+0000] {spark_submit.py:571} INFO - at java.base/java.lang.reflect.Constructor.newInstanceWithCaller(Constructor.java:499)
[2024-01-30T03:27:28.703+0000] {spark_submit.py:571} INFO - at java.base/java.lang.reflect.Constructor.newInstance(Constructor.java:480)
[2024-01-30T03:27:28.704+0000] {spark_submit.py:571} INFO - at org.apache.hadoop.net.NetUtils.wrapWithMessage(NetUtils.java:913)
[2024-01-30T03:27:28.704+0000] {spark_submit.py:571} INFO - at org.apache.hadoop.net.NetUtils.wrapException(NetUtils.java:828)
[2024-01-30T03:27:28.704+0000] {spark_submit.py:571} INFO - at org.apache.hadoop.ipc.Client.getRpcResponse(Client.java:1616)
[2024-01-30T03:27:28.704+0000] {spark_submit.py:571} INFO - at org.apache.hadoop.ipc.Client.call(Client.java:1558)
[2024-01-30T03:27:28.704+0000] {spark_submit.py:571} INFO - at org.apache.hadoop.ipc.Client.call(Client.java:1455)
[2024-01-30T03:27:28.705+0000] {spark_submit.py:571} INFO - at org.apache.hadoop.ipc.ProtobufRpcEngine2$Invoker.invoke(ProtobufRpcEngine2.java:242)
[2024-01-30T03:27:28.705+0000] {spark_submit.py:571} INFO - at org.apache.hadoop.ipc.ProtobufRpcEngine2$Invoker.invoke(ProtobufRpcEngine2.java:129)
[2024-01-30T03:27:28.705+0000] {spark_submit.py:571} INFO - at jdk.proxy2/jdk.proxy2.$Proxy34.getListing(Unknown Source)
[2024-01-30T03:27:28.705+0000] {spark_submit.py:571} INFO - at org.apache.hadoop.hdfs.protocolPB.ClientNamenodeProtocolTranslatorPB.getListing(ClientNamenodeProtocolTranslatorPB.java:688)
[2024-01-30T03:27:28.705+0000] {spark_submit.py:571} INFO - at java.base/jdk.internal.reflect.NativeMethodAccessorImpl.invoke0(Native Method)
[2024-01-30T03:27:28.705+0000] {spark_submit.py:571} INFO - at java.base/jdk.internal.reflect.NativeMethodAccessorImpl.invoke(NativeMethodAccessorImpl.java:77)
[2024-01-30T03:27:28.705+0000] {spark_submit.py:571} INFO - at java.base/jdk.internal.reflect.DelegatingMethodAccessorImpl.invoke(DelegatingMethodAccessorImpl.java:43)
[2024-01-30T03:27:28.706+0000] {spark_submit.py:571} INFO - at java.base/java.lang.reflect.Method.invoke(Method.java:568)
[2024-01-30T03:27:28.706+0000] {spark_submit.py:571} INFO - at org.apache.hadoop.io.retry.RetryInvocationHandler.invokeMethod(RetryInvocationHandler.java:422)
[2024-01-30T03:27:28.706+0000] {spark_submit.py:571} INFO - at org.apache.hadoop.io.retry.RetryInvocationHandler$Call.invokeMethod(RetryInvocationHandler.java:165)
[2024-01-30T03:27:28.706+0000] {spark_submit.py:571} INFO - at org.apache.hadoop.io.retry.RetryInvocationHandler$Call.invoke(RetryInvocationHandler.java:157)
[2024-01-30T03:27:28.706+0000] {spark_submit.py:571} INFO - at org.apache.hadoop.io.retry.RetryInvocationHandler$Call.invokeOnce(RetryInvocationHandler.java:95)
[2024-01-30T03:27:28.707+0000] {spark_submit.py:571} INFO - at org.apache.hadoop.io.retry.RetryInvocationHandler.invoke(RetryInvocationHandler.java:359)
[2024-01-30T03:27:28.707+0000] {spark_submit.py:571} INFO - at jdk.proxy2/jdk.proxy2.$Proxy35.getListing(Unknown Source)
[2024-01-30T03:27:28.707+0000] {spark_submit.py:571} INFO - at org.apache.hadoop.hdfs.DFSClient.listPaths(DFSClient.java:1702)
[2024-01-30T03:27:28.707+0000] {spark_submit.py:571} INFO - at org.apache.hadoop.hdfs.DFSClient.listPaths(DFSClient.java:1686)
[2024-01-30T03:27:28.708+0000] {spark_submit.py:571} INFO - at org.apache.hadoop.hdfs.DistributedFileSystem.listStatusInternal(DistributedFileSystem.java:1100)
[2024-01-30T03:27:28.708+0000] {spark_submit.py:571} INFO - at org.apache.hadoop.hdfs.DistributedFileSystem.access$600(DistributedFileSystem.java:147)
[2024-01-30T03:27:28.708+0000] {spark_submit.py:571} INFO - at org.apache.hadoop.hdfs.DistributedFileSystem$24.doCall(DistributedFileSystem.java:1175)
[2024-01-30T03:27:28.708+0000] {spark_submit.py:571} INFO - at org.apache.hadoop.hdfs.DistributedFileSystem$24.doCall(DistributedFileSystem.java:1172)
[2024-01-30T03:27:28.708+0000] {spark_submit.py:571} INFO - at org.apache.hadoop.fs.FileSystemLinkResolver.resolve(FileSystemLinkResolver.java:81)
[2024-01-30T03:27:28.709+0000] {spark_submit.py:571} INFO - at org.apache.hadoop.hdfs.DistributedFileSystem.listStatus(DistributedFileSystem.java:1182)
[2024-01-30T03:27:28.709+0000] {spark_submit.py:571} INFO - at org.apache.hadoop.fs.Globber.listStatus(Globber.java:128)
[2024-01-30T03:27:28.709+0000] {spark_submit.py:571} INFO - at org.apache.hadoop.fs.Globber.doGlob(Globber.java:291)
[2024-01-30T03:27:28.709+0000] {spark_submit.py:571} INFO - at org.apache.hadoop.fs.Globber.glob(Globber.java:202)
[2024-01-30T03:27:28.710+0000] {spark_submit.py:571} INFO - at org.apache.hadoop.fs.FileSystem.globStatus(FileSystem.java:2124)
[2024-01-30T03:27:28.710+0000] {spark_submit.py:571} INFO - at org.apache.spark.deploy.SparkHadoopUtil.globPath(SparkHadoopUtil.scala:238)
[2024-01-30T03:27:28.710+0000] {spark_submit.py:571} INFO - at org.apache.spark.sql.execution.datasources.DataSource$.$anonfun$checkAndGlobPathIfNecessary$3(DataSource.scala:737)
[2024-01-30T03:27:28.710+0000] {spark_submit.py:571} INFO - at org.apache.spark.util.ThreadUtils$.$anonfun$parmap$2(ThreadUtils.scala:380)
[2024-01-30T03:27:28.711+0000] {spark_submit.py:571} INFO - at scala.concurrent.Future$.$anonfun$apply$1(Future.scala:659)
[2024-01-30T03:27:28.711+0000] {spark_submit.py:571} INFO - at scala.util.Success.$anonfun$map$1(Try.scala:255)
[2024-01-30T03:27:28.711+0000] {spark_submit.py:571} INFO - at scala.util.Success.map(Try.scala:213)
[2024-01-30T03:27:28.711+0000] {spark_submit.py:571} INFO - at scala.concurrent.Future.$anonfun$map$1(Future.scala:292)
[2024-01-30T03:27:28.711+0000] {spark_submit.py:571} INFO - at scala.concurrent.impl.Promise.liftedTree1$1(Promise.scala:33)
[2024-01-30T03:27:28.711+0000] {spark_submit.py:571} INFO - at scala.concurrent.impl.Promise.$anonfun$transform$1(Promise.scala:33)
[2024-01-30T03:27:28.712+0000] {spark_submit.py:571} INFO - at scala.concurrent.impl.CallbackRunnable.run(Promise.scala:64)
[2024-01-30T03:27:28.712+0000] {spark_submit.py:571} INFO - at java.base/java.util.concurrent.ForkJoinTask$RunnableExecuteAction.exec(ForkJoinTask.java:1395)
[2024-01-30T03:27:28.712+0000] {spark_submit.py:571} INFO - at java.base/java.util.concurrent.ForkJoinTask.doExec(ForkJoinTask.java:373)
[2024-01-30T03:27:28.712+0000] {spark_submit.py:571} INFO - at java.base/java.util.concurrent.ForkJoinPool$WorkQueue.topLevelExec(ForkJoinPool.java:1182)
[2024-01-30T03:27:28.712+0000] {spark_submit.py:571} INFO - at java.base/java.util.concurrent.ForkJoinPool.scan(ForkJoinPool.java:1655)
[2024-01-30T03:27:28.712+0000] {spark_submit.py:571} INFO - at java.base/java.util.concurrent.ForkJoinPool.runWorker(ForkJoinPool.java:1622)
[2024-01-30T03:27:28.713+0000] {spark_submit.py:571} INFO - at java.base/java.util.concurrent.ForkJoinWorkerThread.run(ForkJoinWorkerThread.java:165)
[2024-01-30T03:27:28.713+0000] {spark_submit.py:571} INFO - Caused by: java.net.ConnectException: Connection refused
[2024-01-30T03:27:28.713+0000] {spark_submit.py:571} INFO - at java.base/sun.nio.ch.Net.pollConnect(Native Method)
[2024-01-30T03:27:28.713+0000] {spark_submit.py:571} INFO - at java.base/sun.nio.ch.Net.pollConnectNow(Net.java:672)
[2024-01-30T03:27:28.713+0000] {spark_submit.py:571} INFO - at java.base/sun.nio.ch.SocketChannelImpl.finishConnect(SocketChannelImpl.java:946)
[2024-01-30T03:27:28.714+0000] {spark_submit.py:571} INFO - at org.apache.hadoop.net.SocketIOWithTimeout.connect(SocketIOWithTimeout.java:205)
[2024-01-30T03:27:28.714+0000] {spark_submit.py:571} INFO - at org.apache.hadoop.net.NetUtils.connect(NetUtils.java:586)
[2024-01-30T03:27:28.714+0000] {spark_submit.py:571} INFO - at org.apache.hadoop.ipc.Client$Connection.setupConnection(Client.java:711)
[2024-01-30T03:27:28.714+0000] {spark_submit.py:571} INFO - at org.apache.hadoop.ipc.Client$Connection.setupIOstreams(Client.java:833)
[2024-01-30T03:27:28.714+0000] {spark_submit.py:571} INFO - at org.apache.hadoop.ipc.Client$Connection.access$3800(Client.java:414)
[2024-01-30T03:27:28.714+0000] {spark_submit.py:571} INFO - at org.apache.hadoop.ipc.Client.getConnection(Client.java:1677)
[2024-01-30T03:27:28.715+0000] {spark_submit.py:571} INFO - at org.apache.hadoop.ipc.Client.call(Client.java:1502)
[2024-01-30T03:27:28.715+0000] {spark_submit.py:571} INFO - ... 43 more
[2024-01-30T03:27:28.724+0000] {spark_submit.py:571} INFO - 24/01/30 03:27:28 INFO SparkContext: Invoking stop() from shutdown hook
[2024-01-30T03:27:28.724+0000] {spark_submit.py:571} INFO - 24/01/30 03:27:28 INFO SparkContext: SparkContext is stopping with exitCode 0.
[2024-01-30T03:27:28.733+0000] {spark_submit.py:571} INFO - 24/01/30 03:27:28 INFO SparkUI: Stopped Spark web UI at http://instance-1.europe-west9-a.c.data-lake-project-409321.internal:4040
[2024-01-30T03:27:28.755+0000] {spark_submit.py:571} INFO - 24/01/30 03:27:28 INFO MapOutputTrackerMasterEndpoint: MapOutputTrackerMasterEndpoint stopped!
[2024-01-30T03:27:28.770+0000] {spark_submit.py:571} INFO - 24/01/30 03:27:28 INFO MemoryStore: MemoryStore cleared
[2024-01-30T03:27:28.771+0000] {spark_submit.py:571} INFO - 24/01/30 03:27:28 INFO BlockManager: BlockManager stopped
[2024-01-30T03:27:28.781+0000] {spark_submit.py:571} INFO - 24/01/30 03:27:28 INFO BlockManagerMaster: BlockManagerMaster stopped
[2024-01-30T03:27:28.785+0000] {spark_submit.py:571} INFO - 24/01/30 03:27:28 INFO OutputCommitCoordinator$OutputCommitCoordinatorEndpoint: OutputCommitCoordinator stopped!
[2024-01-30T03:27:28.796+0000] {spark_submit.py:571} INFO - 24/01/30 03:27:28 INFO SparkContext: Successfully stopped SparkContext
[2024-01-30T03:27:28.797+0000] {spark_submit.py:571} INFO - 24/01/30 03:27:28 INFO ShutdownHookManager: Shutdown hook called
[2024-01-30T03:27:28.797+0000] {spark_submit.py:571} INFO - 24/01/30 03:27:28 INFO ShutdownHookManager: Deleting directory /tmp/spark-73e373a7-2d8c-44f6-a63d-e22f80b131cd
[2024-01-30T03:27:28.801+0000] {spark_submit.py:571} INFO - 24/01/30 03:27:28 INFO ShutdownHookManager: Deleting directory /tmp/spark-397d6ec1-a636-489c-bcb7-e718e1a488f7
[2024-01-30T03:27:28.875+0000] {taskinstance.py:2698} ERROR - Task failed with exception
Traceback (most recent call last):
  File "/home/juniortemgoua0/DataLake/venv/lib/python3.8/site-packages/airflow/models/taskinstance.py", line 433, in _execute_task
    result = execute_callable(context=context, **execute_callable_kwargs)
  File "/home/juniortemgoua0/DataLake/venv/lib/python3.8/site-packages/airflow/providers/apache/spark/operators/spark_submit.py", line 174, in execute
    self._hook.submit(self._application)
  File "/home/juniortemgoua0/DataLake/venv/lib/python3.8/site-packages/airflow/providers/apache/spark/hooks/spark_submit.py", line 502, in submit
    raise AirflowException(
airflow.exceptions.AirflowException: Cannot execute: spark-submit --master local[*] --conf spark.airflow.execution_date=2024-01-15 --name arrow-spark --class RawToFormatted --queue root.default --deploy-mode client /home/juniortemgoua0/DataLake/jobs/processes/scala/spark_process/target/scala-2.12/spark_job_2.12-0.1.0.jar hdfs://localhost:9000/data-lake. Error code is: 1.
[2024-01-30T03:27:28.878+0000] {taskinstance.py:1138} INFO - Marking task as UP_FOR_RETRY. dag_id=manage_data_lake_dag, task_id=local_job_raw_to_formatted, execution_date=20240115T000000, start_date=20240130T032721, end_date=20240130T032728
[2024-01-30T03:27:28.891+0000] {standard_task_runner.py:107} ERROR - Failed to execute job 189 for task local_job_raw_to_formatted (Cannot execute: spark-submit --master local[*] --conf spark.airflow.execution_date=2024-01-15 --name arrow-spark --class RawToFormatted --queue root.default --deploy-mode client /home/juniortemgoua0/DataLake/jobs/processes/scala/spark_process/target/scala-2.12/spark_job_2.12-0.1.0.jar hdfs://localhost:9000/data-lake. Error code is: 1.; 33589)
[2024-01-30T03:27:28.926+0000] {local_task_job_runner.py:234} INFO - Task exited with return code 1
[2024-01-30T03:27:28.941+0000] {taskinstance.py:3280} INFO - 0 downstream tasks scheduled from follow-on schedule check
