[2024-01-29T15:17:43.220+0000] {taskinstance.py:1956} INFO - Dependencies all met for dep_context=non-requeueable deps ti=<TaskInstance: manage_data_lake_dag.job_formatted_to_usage scheduled__2024-01-05T00:00:00+00:00 [queued]>
[2024-01-29T15:17:43.226+0000] {taskinstance.py:1956} INFO - Dependencies all met for dep_context=requeueable deps ti=<TaskInstance: manage_data_lake_dag.job_formatted_to_usage scheduled__2024-01-05T00:00:00+00:00 [queued]>
[2024-01-29T15:17:43.227+0000] {taskinstance.py:2170} INFO - Starting attempt 3 of 6
[2024-01-29T15:17:43.240+0000] {taskinstance.py:2191} INFO - Executing <Task(SparkSubmitOperator): job_formatted_to_usage> on 2024-01-05 00:00:00+00:00
[2024-01-29T15:17:43.244+0000] {standard_task_runner.py:60} INFO - Started process 50676 to run task
[2024-01-29T15:17:43.250+0000] {standard_task_runner.py:87} INFO - Running: ['airflow', 'tasks', 'run', 'manage_data_lake_dag', 'job_formatted_to_usage', 'scheduled__2024-01-05T00:00:00+00:00', '--job-id', '165', '--raw', '--subdir', 'DAGS_FOLDER/data_lake_dag.py', '--cfg-path', '/tmp/tmp2rgs8um_']
[2024-01-29T15:17:43.253+0000] {standard_task_runner.py:88} INFO - Job 165: Subtask job_formatted_to_usage
[2024-01-29T15:17:43.293+0000] {task_command.py:423} INFO - Running <TaskInstance: manage_data_lake_dag.job_formatted_to_usage scheduled__2024-01-05T00:00:00+00:00 [running]> on host instance-1.europe-west9-a.c.data-lake-project-409321.internal
[2024-01-29T15:17:43.344+0000] {taskinstance.py:2480} INFO - Exporting env vars: AIRFLOW_CTX_DAG_OWNER='juniortemgoua0' AIRFLOW_CTX_DAG_ID='manage_data_lake_dag' AIRFLOW_CTX_TASK_ID='job_formatted_to_usage' AIRFLOW_CTX_EXECUTION_DATE='2024-01-05T00:00:00+00:00' AIRFLOW_CTX_TRY_NUMBER='3' AIRFLOW_CTX_DAG_RUN_ID='scheduled__2024-01-05T00:00:00+00:00'
[2024-01-29T15:17:43.350+0000] {base.py:83} INFO - Using connection ID 'spark_default' for task execution.
[2024-01-29T15:17:43.352+0000] {spark_submit.py:401} INFO - Spark-Submit cmd: spark-submit --master local[*] --name arrow-spark --class FormattedToUsage --queue root.default --deploy-mode client /home/juniortemgoua0/DataLake/jobs/processes/scala/spark_process/target/scala-2.12/spark_job_2.12-0.1.0.jar gs://data-lake-buck
[2024-01-29T15:17:46.093+0000] {spark_submit.py:571} INFO - 24/01/29 15:17:46 INFO SparkContext: Running Spark version 3.5.0
[2024-01-29T15:17:46.099+0000] {spark_submit.py:571} INFO - 24/01/29 15:17:46 INFO SparkContext: OS info Linux, 5.15.0-1049-gcp, amd64
[2024-01-29T15:17:46.100+0000] {spark_submit.py:571} INFO - 24/01/29 15:17:46 INFO SparkContext: Java version 17.0.9
[2024-01-29T15:17:46.243+0000] {spark_submit.py:571} INFO - 24/01/29 15:17:46 WARN NativeCodeLoader: Unable to load native-hadoop library for your platform... using builtin-java classes where applicable
[2024-01-29T15:17:46.403+0000] {spark_submit.py:571} INFO - 24/01/29 15:17:46 INFO ResourceUtils: ==============================================================
[2024-01-29T15:17:46.404+0000] {spark_submit.py:571} INFO - 24/01/29 15:17:46 INFO ResourceUtils: No custom resources configured for spark.driver.
[2024-01-29T15:17:46.404+0000] {spark_submit.py:571} INFO - 24/01/29 15:17:46 INFO ResourceUtils: ==============================================================
[2024-01-29T15:17:46.405+0000] {spark_submit.py:571} INFO - 24/01/29 15:17:46 INFO SparkContext: Submitted application: RawToFormatted
[2024-01-29T15:17:46.435+0000] {spark_submit.py:571} INFO - 24/01/29 15:17:46 INFO ResourceProfile: Default ResourceProfile created, executor resources: Map(cores -> name: cores, amount: 1, script: , vendor: , memory -> name: memory, amount: 1024, script: , vendor: , offHeap -> name: offHeap, amount: 0, script: , vendor: ), task resources: Map(cpus -> name: cpus, amount: 1.0)
[2024-01-29T15:17:46.447+0000] {spark_submit.py:571} INFO - 24/01/29 15:17:46 INFO ResourceProfile: Limiting resource is cpu
[2024-01-29T15:17:46.448+0000] {spark_submit.py:571} INFO - 24/01/29 15:17:46 INFO ResourceProfileManager: Added ResourceProfile id: 0
[2024-01-29T15:17:46.519+0000] {spark_submit.py:571} INFO - 24/01/29 15:17:46 INFO SecurityManager: Changing view acls to: juniortemgoua0
[2024-01-29T15:17:46.520+0000] {spark_submit.py:571} INFO - 24/01/29 15:17:46 INFO SecurityManager: Changing modify acls to: juniortemgoua0
[2024-01-29T15:17:46.521+0000] {spark_submit.py:571} INFO - 24/01/29 15:17:46 INFO SecurityManager: Changing view acls groups to:
[2024-01-29T15:17:46.521+0000] {spark_submit.py:571} INFO - 24/01/29 15:17:46 INFO SecurityManager: Changing modify acls groups to:
[2024-01-29T15:17:46.522+0000] {spark_submit.py:571} INFO - 24/01/29 15:17:46 INFO SecurityManager: SecurityManager: authentication disabled; ui acls disabled; users with view permissions: juniortemgoua0; groups with view permissions: EMPTY; users with modify permissions: juniortemgoua0; groups with modify permissions: EMPTY
[2024-01-29T15:17:46.850+0000] {spark_submit.py:571} INFO - 24/01/29 15:17:46 INFO Utils: Successfully started service 'sparkDriver' on port 37445.
[2024-01-29T15:17:46.888+0000] {spark_submit.py:571} INFO - 24/01/29 15:17:46 INFO SparkEnv: Registering MapOutputTracker
[2024-01-29T15:17:46.945+0000] {spark_submit.py:571} INFO - 24/01/29 15:17:46 INFO SparkEnv: Registering BlockManagerMaster
[2024-01-29T15:17:46.974+0000] {spark_submit.py:571} INFO - 24/01/29 15:17:46 INFO BlockManagerMasterEndpoint: Using org.apache.spark.storage.DefaultTopologyMapper for getting topology information
[2024-01-29T15:17:46.976+0000] {spark_submit.py:571} INFO - 24/01/29 15:17:46 INFO BlockManagerMasterEndpoint: BlockManagerMasterEndpoint up
[2024-01-29T15:17:46.983+0000] {spark_submit.py:571} INFO - 24/01/29 15:17:46 INFO SparkEnv: Registering BlockManagerMasterHeartbeat
[2024-01-29T15:17:47.009+0000] {spark_submit.py:571} INFO - 24/01/29 15:17:47 INFO DiskBlockManager: Created local directory at /tmp/blockmgr-3637297c-662c-4e48-85df-d6035e633632
[2024-01-29T15:17:47.036+0000] {spark_submit.py:571} INFO - 24/01/29 15:17:47 INFO MemoryStore: MemoryStore started with capacity 434.4 MiB
[2024-01-29T15:17:47.064+0000] {spark_submit.py:571} INFO - 24/01/29 15:17:47 INFO SparkEnv: Registering OutputCommitCoordinator
[2024-01-29T15:17:47.269+0000] {spark_submit.py:571} INFO - 24/01/29 15:17:47 INFO JettyUtils: Start Jetty 0.0.0.0:4040 for SparkUI
[2024-01-29T15:17:47.353+0000] {spark_submit.py:571} INFO - 24/01/29 15:17:47 INFO Utils: Successfully started service 'SparkUI' on port 4040.
[2024-01-29T15:17:47.420+0000] {spark_submit.py:571} INFO - 24/01/29 15:17:47 INFO SparkContext: Added JAR file:/home/juniortemgoua0/DataLake/jobs/processes/scala/spark_process/target/scala-2.12/spark_job_2.12-0.1.0.jar at spark://instance-1.europe-west9-a.c.data-lake-project-409321.internal:37445/jars/spark_job_2.12-0.1.0.jar with timestamp 1706541466078
[2024-01-29T15:17:47.534+0000] {spark_submit.py:571} INFO - 24/01/29 15:17:47 INFO Executor: Starting executor ID driver on host instance-1.europe-west9-a.c.data-lake-project-409321.internal
[2024-01-29T15:17:47.535+0000] {spark_submit.py:571} INFO - 24/01/29 15:17:47 INFO Executor: OS info Linux, 5.15.0-1049-gcp, amd64
[2024-01-29T15:17:47.537+0000] {spark_submit.py:571} INFO - 24/01/29 15:17:47 INFO Executor: Java version 17.0.9
[2024-01-29T15:17:47.580+0000] {spark_submit.py:571} INFO - 24/01/29 15:17:47 INFO Executor: Starting executor with user classpath (userClassPathFirst = false): ''
[2024-01-29T15:17:47.581+0000] {spark_submit.py:571} INFO - 24/01/29 15:17:47 INFO Executor: Created or updated repl class loader org.apache.spark.util.MutableURLClassLoader@44af588b for default.
[2024-01-29T15:17:47.611+0000] {spark_submit.py:571} INFO - 24/01/29 15:17:47 INFO Executor: Fetching spark://instance-1.europe-west9-a.c.data-lake-project-409321.internal:37445/jars/spark_job_2.12-0.1.0.jar with timestamp 1706541466078
[2024-01-29T15:17:47.684+0000] {spark_submit.py:571} INFO - 24/01/29 15:17:47 INFO TransportClientFactory: Successfully created connection to instance-1.europe-west9-a.c.data-lake-project-409321.internal/10.200.0.5:37445 after 35 ms (0 ms spent in bootstraps)
[2024-01-29T15:17:47.694+0000] {spark_submit.py:571} INFO - 24/01/29 15:17:47 INFO Utils: Fetching spark://instance-1.europe-west9-a.c.data-lake-project-409321.internal:37445/jars/spark_job_2.12-0.1.0.jar to /tmp/spark-bcd0244f-799d-48ed-bf34-4f27130a71e0/userFiles-732887c8-21e6-498b-8d76-36b547192eef/fetchFileTemp16513158302844315661.tmp
[2024-01-29T15:17:47.740+0000] {spark_submit.py:571} INFO - 24/01/29 15:17:47 INFO Executor: Adding file:/tmp/spark-bcd0244f-799d-48ed-bf34-4f27130a71e0/userFiles-732887c8-21e6-498b-8d76-36b547192eef/spark_job_2.12-0.1.0.jar to class loader default
[2024-01-29T15:17:47.751+0000] {spark_submit.py:571} INFO - 24/01/29 15:17:47 INFO Utils: Successfully started service 'org.apache.spark.network.netty.NettyBlockTransferService' on port 33699.
[2024-01-29T15:17:47.751+0000] {spark_submit.py:571} INFO - 24/01/29 15:17:47 INFO NettyBlockTransferService: Server created on instance-1.europe-west9-a.c.data-lake-project-409321.internal:33699
[2024-01-29T15:17:47.752+0000] {spark_submit.py:571} INFO - 24/01/29 15:17:47 INFO BlockManager: Using org.apache.spark.storage.RandomBlockReplicationPolicy for block replication policy
[2024-01-29T15:17:47.761+0000] {spark_submit.py:571} INFO - 24/01/29 15:17:47 INFO BlockManagerMaster: Registering BlockManager BlockManagerId(driver, instance-1.europe-west9-a.c.data-lake-project-409321.internal, 33699, None)
[2024-01-29T15:17:47.764+0000] {spark_submit.py:571} INFO - 24/01/29 15:17:47 INFO BlockManagerMasterEndpoint: Registering block manager instance-1.europe-west9-a.c.data-lake-project-409321.internal:33699 with 434.4 MiB RAM, BlockManagerId(driver, instance-1.europe-west9-a.c.data-lake-project-409321.internal, 33699, None)
[2024-01-29T15:17:47.767+0000] {spark_submit.py:571} INFO - 24/01/29 15:17:47 INFO BlockManagerMaster: Registered BlockManager BlockManagerId(driver, instance-1.europe-west9-a.c.data-lake-project-409321.internal, 33699, None)
[2024-01-29T15:17:47.769+0000] {spark_submit.py:571} INFO - 24/01/29 15:17:47 INFO BlockManager: Initialized BlockManager: BlockManagerId(driver, instance-1.europe-west9-a.c.data-lake-project-409321.internal, 33699, None)
[2024-01-29T15:17:48.769+0000] {spark_submit.py:571} INFO - 24/01/29 15:17:48 INFO SharedState: Setting hive.metastore.warehouse.dir ('null') to the value of spark.sql.warehouse.dir.
[2024-01-29T15:17:48.779+0000] {spark_submit.py:571} INFO - 24/01/29 15:17:48 INFO SharedState: Warehouse path is 'file:/home/juniortemgoua0/DataLake/spark-warehouse'.
[2024-01-29T15:17:50.345+0000] {spark_submit.py:571} INFO - 24/01/29 15:17:50 WARN FileSystem: Failed to initialize fileystem gs://data-lake-buck/formatted/football_data/season/2024-01-29: java.io.FileNotFoundException: /Users/juniortemgoua/Documents/projects/BigData/DataLake/utils/credentials/google_storage_secret_key_credentials.json (No such file or directory)
[2024-01-29T15:17:50.349+0000] {spark_submit.py:571} INFO - 24/01/29 15:17:50 WARN FileStreamSink: Assume no metadata directory. Error while looking for metadata directory in the path: gs://data-lake-buck/formatted/football_data/season/2024-01-29.
[2024-01-29T15:17:50.349+0000] {spark_submit.py:571} INFO - java.io.FileNotFoundException: /Users/juniortemgoua/Documents/projects/BigData/DataLake/utils/credentials/google_storage_secret_key_credentials.json (No such file or directory)
[2024-01-29T15:17:50.349+0000] {spark_submit.py:571} INFO - at java.base/java.io.FileInputStream.open0(Native Method)
[2024-01-29T15:17:50.349+0000] {spark_submit.py:571} INFO - at java.base/java.io.FileInputStream.open(FileInputStream.java:216)
[2024-01-29T15:17:50.349+0000] {spark_submit.py:571} INFO - at java.base/java.io.FileInputStream.<init>(FileInputStream.java:157)
[2024-01-29T15:17:50.349+0000] {spark_submit.py:571} INFO - at java.base/java.io.FileInputStream.<init>(FileInputStream.java:111)
[2024-01-29T15:17:50.349+0000] {spark_submit.py:571} INFO - at com.google.cloud.hadoop.repackaged.gcs.com.google.cloud.hadoop.util.CredentialFactory.getCredentialFromJsonKeyFile(CredentialFactory.java:297)
[2024-01-29T15:17:50.350+0000] {spark_submit.py:571} INFO - at com.google.cloud.hadoop.repackaged.gcs.com.google.cloud.hadoop.util.CredentialFactory.getCredential(CredentialFactory.java:414)
[2024-01-29T15:17:50.350+0000] {spark_submit.py:571} INFO - at com.google.cloud.hadoop.fs.gcs.GoogleHadoopFileSystemBase.getCredential(GoogleHadoopFileSystemBase.java:1434)
[2024-01-29T15:17:50.350+0000] {spark_submit.py:571} INFO - at com.google.cloud.hadoop.fs.gcs.GoogleHadoopFileSystemBase.createGcsFs(GoogleHadoopFileSystemBase.java:1591)
[2024-01-29T15:17:50.350+0000] {spark_submit.py:571} INFO - at com.google.cloud.hadoop.fs.gcs.GoogleHadoopFileSystemBase.configure(GoogleHadoopFileSystemBase.java:1573)
[2024-01-29T15:17:50.350+0000] {spark_submit.py:571} INFO - at com.google.cloud.hadoop.fs.gcs.GoogleHadoopFileSystemBase.initialize(GoogleHadoopFileSystemBase.java:490)
[2024-01-29T15:17:50.350+0000] {spark_submit.py:571} INFO - at org.apache.hadoop.fs.FileSystem.createFileSystem(FileSystem.java:3469)
[2024-01-29T15:17:50.350+0000] {spark_submit.py:571} INFO - at org.apache.hadoop.fs.FileSystem.access$300(FileSystem.java:174)
[2024-01-29T15:17:50.350+0000] {spark_submit.py:571} INFO - at org.apache.hadoop.fs.FileSystem$Cache.getInternal(FileSystem.java:3574)
[2024-01-29T15:17:50.351+0000] {spark_submit.py:571} INFO - at org.apache.hadoop.fs.FileSystem$Cache.get(FileSystem.java:3521)
[2024-01-29T15:17:50.351+0000] {spark_submit.py:571} INFO - at org.apache.hadoop.fs.FileSystem.get(FileSystem.java:540)
[2024-01-29T15:17:50.355+0000] {spark_submit.py:571} INFO - at org.apache.hadoop.fs.Path.getFileSystem(Path.java:365)
[2024-01-29T15:17:50.355+0000] {spark_submit.py:571} INFO - at org.apache.spark.sql.execution.streaming.FileStreamSink$.hasMetadata(FileStreamSink.scala:53)
[2024-01-29T15:17:50.356+0000] {spark_submit.py:571} INFO - at org.apache.spark.sql.execution.datasources.DataSource.resolveRelation(DataSource.scala:366)
[2024-01-29T15:17:50.356+0000] {spark_submit.py:571} INFO - at org.apache.spark.sql.DataFrameReader.loadV1Source(DataFrameReader.scala:229)
[2024-01-29T15:17:50.356+0000] {spark_submit.py:571} INFO - at org.apache.spark.sql.DataFrameReader.$anonfun$load$2(DataFrameReader.scala:211)
[2024-01-29T15:17:50.356+0000] {spark_submit.py:571} INFO - at scala.Option.getOrElse(Option.scala:189)
[2024-01-29T15:17:50.356+0000] {spark_submit.py:571} INFO - at org.apache.spark.sql.DataFrameReader.load(DataFrameReader.scala:211)
[2024-01-29T15:17:50.357+0000] {spark_submit.py:571} INFO - at org.apache.spark.sql.DataFrameReader.parquet(DataFrameReader.scala:563)
[2024-01-29T15:17:50.357+0000] {spark_submit.py:571} INFO - at org.apache.spark.sql.DataFrameReader.parquet(DataFrameReader.scala:548)
[2024-01-29T15:17:50.357+0000] {spark_submit.py:571} INFO - at FormattedToUsage$.combineCompetitions(FormattedToUsage.scala:27)
[2024-01-29T15:17:50.357+0000] {spark_submit.py:571} INFO - at FormattedToUsage$.main(FormattedToUsage.scala:20)
[2024-01-29T15:17:50.357+0000] {spark_submit.py:571} INFO - at FormattedToUsage.main(FormattedToUsage.scala)
[2024-01-29T15:17:50.358+0000] {spark_submit.py:571} INFO - at java.base/jdk.internal.reflect.NativeMethodAccessorImpl.invoke0(Native Method)
[2024-01-29T15:17:50.358+0000] {spark_submit.py:571} INFO - at java.base/jdk.internal.reflect.NativeMethodAccessorImpl.invoke(NativeMethodAccessorImpl.java:77)
[2024-01-29T15:17:50.358+0000] {spark_submit.py:571} INFO - at java.base/jdk.internal.reflect.DelegatingMethodAccessorImpl.invoke(DelegatingMethodAccessorImpl.java:43)
[2024-01-29T15:17:50.358+0000] {spark_submit.py:571} INFO - at java.base/java.lang.reflect.Method.invoke(Method.java:568)
[2024-01-29T15:17:50.358+0000] {spark_submit.py:571} INFO - at org.apache.spark.deploy.JavaMainApplication.start(SparkApplication.scala:52)
[2024-01-29T15:17:50.358+0000] {spark_submit.py:571} INFO - at org.apache.spark.deploy.SparkSubmit.org$apache$spark$deploy$SparkSubmit$$runMain(SparkSubmit.scala:1029)
[2024-01-29T15:17:50.358+0000] {spark_submit.py:571} INFO - at org.apache.spark.deploy.SparkSubmit.doRunMain$1(SparkSubmit.scala:194)
[2024-01-29T15:17:50.358+0000] {spark_submit.py:571} INFO - at org.apache.spark.deploy.SparkSubmit.submit(SparkSubmit.scala:217)
[2024-01-29T15:17:50.358+0000] {spark_submit.py:571} INFO - at org.apache.spark.deploy.SparkSubmit.doSubmit(SparkSubmit.scala:91)
[2024-01-29T15:17:50.360+0000] {spark_submit.py:571} INFO - at org.apache.spark.deploy.SparkSubmit$$anon$2.doSubmit(SparkSubmit.scala:1120)
[2024-01-29T15:17:50.360+0000] {spark_submit.py:571} INFO - at org.apache.spark.deploy.SparkSubmit$.main(SparkSubmit.scala:1129)
[2024-01-29T15:17:50.360+0000] {spark_submit.py:571} INFO - at org.apache.spark.deploy.SparkSubmit.main(SparkSubmit.scala)
[2024-01-29T15:17:50.360+0000] {spark_submit.py:571} INFO - 24/01/29 15:17:50 WARN FileSystem: Failed to initialize fileystem gs://data-lake-buck/formatted/football_data/season/2024-01-29: java.io.FileNotFoundException: /Users/juniortemgoua/Documents/projects/BigData/DataLake/utils/credentials/google_storage_secret_key_credentials.json (No such file or directory)
[2024-01-29T15:17:50.360+0000] {spark_submit.py:571} INFO - Exception in thread "main" java.io.FileNotFoundException: /Users/juniortemgoua/Documents/projects/BigData/DataLake/utils/credentials/google_storage_secret_key_credentials.json (No such file or directory)
[2024-01-29T15:17:50.361+0000] {spark_submit.py:571} INFO - at java.base/java.io.FileInputStream.open0(Native Method)
[2024-01-29T15:17:50.361+0000] {spark_submit.py:571} INFO - at java.base/java.io.FileInputStream.open(FileInputStream.java:216)
[2024-01-29T15:17:50.361+0000] {spark_submit.py:571} INFO - at java.base/java.io.FileInputStream.<init>(FileInputStream.java:157)
[2024-01-29T15:17:50.361+0000] {spark_submit.py:571} INFO - at java.base/java.io.FileInputStream.<init>(FileInputStream.java:111)
[2024-01-29T15:17:50.361+0000] {spark_submit.py:571} INFO - at com.google.cloud.hadoop.repackaged.gcs.com.google.cloud.hadoop.util.CredentialFactory.getCredentialFromJsonKeyFile(CredentialFactory.java:297)
[2024-01-29T15:17:50.361+0000] {spark_submit.py:571} INFO - at com.google.cloud.hadoop.repackaged.gcs.com.google.cloud.hadoop.util.CredentialFactory.getCredential(CredentialFactory.java:414)
[2024-01-29T15:17:50.361+0000] {spark_submit.py:571} INFO - at com.google.cloud.hadoop.fs.gcs.GoogleHadoopFileSystemBase.getCredential(GoogleHadoopFileSystemBase.java:1434)
[2024-01-29T15:17:50.361+0000] {spark_submit.py:571} INFO - at com.google.cloud.hadoop.fs.gcs.GoogleHadoopFileSystemBase.createGcsFs(GoogleHadoopFileSystemBase.java:1591)
[2024-01-29T15:17:50.361+0000] {spark_submit.py:571} INFO - at com.google.cloud.hadoop.fs.gcs.GoogleHadoopFileSystemBase.configure(GoogleHadoopFileSystemBase.java:1573)
[2024-01-29T15:17:50.361+0000] {spark_submit.py:571} INFO - at com.google.cloud.hadoop.fs.gcs.GoogleHadoopFileSystemBase.initialize(GoogleHadoopFileSystemBase.java:490)
[2024-01-29T15:17:50.361+0000] {spark_submit.py:571} INFO - at org.apache.hadoop.fs.FileSystem.createFileSystem(FileSystem.java:3469)
[2024-01-29T15:17:50.361+0000] {spark_submit.py:571} INFO - at org.apache.hadoop.fs.FileSystem.access$300(FileSystem.java:174)
[2024-01-29T15:17:50.362+0000] {spark_submit.py:571} INFO - at org.apache.hadoop.fs.FileSystem$Cache.getInternal(FileSystem.java:3574)
[2024-01-29T15:17:50.362+0000] {spark_submit.py:571} INFO - at org.apache.hadoop.fs.FileSystem$Cache.get(FileSystem.java:3521)
[2024-01-29T15:17:50.362+0000] {spark_submit.py:571} INFO - at org.apache.hadoop.fs.FileSystem.get(FileSystem.java:540)
[2024-01-29T15:17:50.362+0000] {spark_submit.py:571} INFO - at org.apache.hadoop.fs.Path.getFileSystem(Path.java:365)
[2024-01-29T15:17:50.362+0000] {spark_submit.py:571} INFO - at org.apache.spark.sql.execution.datasources.DataSource$.$anonfun$checkAndGlobPathIfNecessary$1(DataSource.scala:724)
[2024-01-29T15:17:50.362+0000] {spark_submit.py:571} INFO - at scala.collection.immutable.List.map(List.scala:293)
[2024-01-29T15:17:50.362+0000] {spark_submit.py:571} INFO - at org.apache.spark.sql.execution.datasources.DataSource$.checkAndGlobPathIfNecessary(DataSource.scala:722)
[2024-01-29T15:17:50.362+0000] {spark_submit.py:571} INFO - at org.apache.spark.sql.execution.datasources.DataSource.checkAndGlobPathIfNecessary(DataSource.scala:551)
[2024-01-29T15:17:50.362+0000] {spark_submit.py:571} INFO - at org.apache.spark.sql.execution.datasources.DataSource.resolveRelation(DataSource.scala:404)
[2024-01-29T15:17:50.362+0000] {spark_submit.py:571} INFO - at org.apache.spark.sql.DataFrameReader.loadV1Source(DataFrameReader.scala:229)
[2024-01-29T15:17:50.362+0000] {spark_submit.py:571} INFO - at org.apache.spark.sql.DataFrameReader.$anonfun$load$2(DataFrameReader.scala:211)
[2024-01-29T15:17:50.362+0000] {spark_submit.py:571} INFO - at scala.Option.getOrElse(Option.scala:189)
[2024-01-29T15:17:50.362+0000] {spark_submit.py:571} INFO - at org.apache.spark.sql.DataFrameReader.load(DataFrameReader.scala:211)
[2024-01-29T15:17:50.367+0000] {spark_submit.py:571} INFO - at org.apache.spark.sql.DataFrameReader.parquet(DataFrameReader.scala:563)
[2024-01-29T15:17:50.367+0000] {spark_submit.py:571} INFO - at org.apache.spark.sql.DataFrameReader.parquet(DataFrameReader.scala:548)
[2024-01-29T15:17:50.367+0000] {spark_submit.py:571} INFO - at FormattedToUsage$.combineCompetitions(FormattedToUsage.scala:27)
[2024-01-29T15:17:50.367+0000] {spark_submit.py:571} INFO - at FormattedToUsage$.main(FormattedToUsage.scala:20)
[2024-01-29T15:17:50.368+0000] {spark_submit.py:571} INFO - at FormattedToUsage.main(FormattedToUsage.scala)
[2024-01-29T15:17:50.368+0000] {spark_submit.py:571} INFO - at java.base/jdk.internal.reflect.NativeMethodAccessorImpl.invoke0(Native Method)
[2024-01-29T15:17:50.368+0000] {spark_submit.py:571} INFO - at java.base/jdk.internal.reflect.NativeMethodAccessorImpl.invoke(NativeMethodAccessorImpl.java:77)
[2024-01-29T15:17:50.368+0000] {spark_submit.py:571} INFO - at java.base/jdk.internal.reflect.DelegatingMethodAccessorImpl.invoke(DelegatingMethodAccessorImpl.java:43)
[2024-01-29T15:17:50.368+0000] {spark_submit.py:571} INFO - at java.base/java.lang.reflect.Method.invoke(Method.java:568)
[2024-01-29T15:17:50.368+0000] {spark_submit.py:571} INFO - at org.apache.spark.deploy.JavaMainApplication.start(SparkApplication.scala:52)
[2024-01-29T15:17:50.368+0000] {spark_submit.py:571} INFO - at org.apache.spark.deploy.SparkSubmit.org$apache$spark$deploy$SparkSubmit$$runMain(SparkSubmit.scala:1029)
[2024-01-29T15:17:50.368+0000] {spark_submit.py:571} INFO - at org.apache.spark.deploy.SparkSubmit.doRunMain$1(SparkSubmit.scala:194)
[2024-01-29T15:17:50.369+0000] {spark_submit.py:571} INFO - at org.apache.spark.deploy.SparkSubmit.submit(SparkSubmit.scala:217)
[2024-01-29T15:17:50.369+0000] {spark_submit.py:571} INFO - at org.apache.spark.deploy.SparkSubmit.doSubmit(SparkSubmit.scala:91)
[2024-01-29T15:17:50.369+0000] {spark_submit.py:571} INFO - at org.apache.spark.deploy.SparkSubmit$$anon$2.doSubmit(SparkSubmit.scala:1120)
[2024-01-29T15:17:50.369+0000] {spark_submit.py:571} INFO - at org.apache.spark.deploy.SparkSubmit$.main(SparkSubmit.scala:1129)
[2024-01-29T15:17:50.369+0000] {spark_submit.py:571} INFO - at org.apache.spark.deploy.SparkSubmit.main(SparkSubmit.scala)
[2024-01-29T15:17:50.372+0000] {spark_submit.py:571} INFO - 24/01/29 15:17:50 INFO SparkContext: Invoking stop() from shutdown hook
[2024-01-29T15:17:50.372+0000] {spark_submit.py:571} INFO - 24/01/29 15:17:50 INFO SparkContext: SparkContext is stopping with exitCode 0.
[2024-01-29T15:17:50.387+0000] {spark_submit.py:571} INFO - 24/01/29 15:17:50 INFO SparkUI: Stopped Spark web UI at http://instance-1.europe-west9-a.c.data-lake-project-409321.internal:4040
[2024-01-29T15:17:50.407+0000] {spark_submit.py:571} INFO - 24/01/29 15:17:50 INFO MapOutputTrackerMasterEndpoint: MapOutputTrackerMasterEndpoint stopped!
[2024-01-29T15:17:50.438+0000] {spark_submit.py:571} INFO - 24/01/29 15:17:50 INFO MemoryStore: MemoryStore cleared
[2024-01-29T15:17:50.438+0000] {spark_submit.py:571} INFO - 24/01/29 15:17:50 INFO BlockManager: BlockManager stopped
[2024-01-29T15:17:50.449+0000] {spark_submit.py:571} INFO - 24/01/29 15:17:50 INFO BlockManagerMaster: BlockManagerMaster stopped
[2024-01-29T15:17:50.452+0000] {spark_submit.py:571} INFO - 24/01/29 15:17:50 INFO OutputCommitCoordinator$OutputCommitCoordinatorEndpoint: OutputCommitCoordinator stopped!
[2024-01-29T15:17:50.465+0000] {spark_submit.py:571} INFO - 24/01/29 15:17:50 INFO SparkContext: Successfully stopped SparkContext
[2024-01-29T15:17:50.465+0000] {spark_submit.py:571} INFO - 24/01/29 15:17:50 INFO ShutdownHookManager: Shutdown hook called
[2024-01-29T15:17:50.466+0000] {spark_submit.py:571} INFO - 24/01/29 15:17:50 INFO ShutdownHookManager: Deleting directory /tmp/spark-bcd0244f-799d-48ed-bf34-4f27130a71e0
[2024-01-29T15:17:50.471+0000] {spark_submit.py:571} INFO - 24/01/29 15:17:50 INFO ShutdownHookManager: Deleting directory /tmp/spark-268dfce6-49fb-49b2-9271-a142a3879b71
[2024-01-29T15:17:50.533+0000] {taskinstance.py:2698} ERROR - Task failed with exception
Traceback (most recent call last):
  File "/home/juniortemgoua0/DataLake/venv/lib/python3.8/site-packages/airflow/models/taskinstance.py", line 433, in _execute_task
    result = execute_callable(context=context, **execute_callable_kwargs)
  File "/home/juniortemgoua0/DataLake/venv/lib/python3.8/site-packages/airflow/providers/apache/spark/operators/spark_submit.py", line 174, in execute
    self._hook.submit(self._application)
  File "/home/juniortemgoua0/DataLake/venv/lib/python3.8/site-packages/airflow/providers/apache/spark/hooks/spark_submit.py", line 502, in submit
    raise AirflowException(
airflow.exceptions.AirflowException: Cannot execute: spark-submit --master local[*] --name arrow-spark --class FormattedToUsage --queue root.default --deploy-mode client /home/juniortemgoua0/DataLake/jobs/processes/scala/spark_process/target/scala-2.12/spark_job_2.12-0.1.0.jar gs://data-lake-buck. Error code is: 1.
[2024-01-29T15:17:50.536+0000] {taskinstance.py:1138} INFO - Marking task as UP_FOR_RETRY. dag_id=manage_data_lake_dag, task_id=job_formatted_to_usage, execution_date=20240105T000000, start_date=20240129T151743, end_date=20240129T151750
[2024-01-29T15:17:50.548+0000] {standard_task_runner.py:107} ERROR - Failed to execute job 165 for task job_formatted_to_usage (Cannot execute: spark-submit --master local[*] --name arrow-spark --class FormattedToUsage --queue root.default --deploy-mode client /home/juniortemgoua0/DataLake/jobs/processes/scala/spark_process/target/scala-2.12/spark_job_2.12-0.1.0.jar gs://data-lake-buck. Error code is: 1.; 50676)
[2024-01-29T15:17:50.573+0000] {local_task_job_runner.py:234} INFO - Task exited with return code 1
[2024-01-29T15:17:50.583+0000] {taskinstance.py:3280} INFO - 0 downstream tasks scheduled from follow-on schedule check
