[2024-01-30T03:28:54.368+0000] {taskinstance.py:1956} INFO - Dependencies all met for dep_context=non-requeueable deps ti=<TaskInstance: manage_data_lake_dag.local_job_raw_to_formatted scheduled__2024-01-07T00:00:00+00:00 [queued]>
[2024-01-30T03:28:54.374+0000] {taskinstance.py:1956} INFO - Dependencies all met for dep_context=requeueable deps ti=<TaskInstance: manage_data_lake_dag.local_job_raw_to_formatted scheduled__2024-01-07T00:00:00+00:00 [queued]>
[2024-01-30T03:28:54.375+0000] {taskinstance.py:2170} INFO - Starting attempt 3 of 6
[2024-01-30T03:28:54.387+0000] {taskinstance.py:2191} INFO - Executing <Task(SparkSubmitOperator): local_job_raw_to_formatted> on 2024-01-07 00:00:00+00:00
[2024-01-30T03:28:54.393+0000] {standard_task_runner.py:60} INFO - Started process 34956 to run task
[2024-01-30T03:28:54.398+0000] {standard_task_runner.py:87} INFO - Running: ['airflow', 'tasks', 'run', 'manage_data_lake_dag', 'local_job_raw_to_formatted', 'scheduled__2024-01-07T00:00:00+00:00', '--job-id', '192', '--raw', '--subdir', 'DAGS_FOLDER/data_lake_dag.py', '--cfg-path', '/tmp/tmpr3rp6rg9']
[2024-01-30T03:28:54.401+0000] {standard_task_runner.py:88} INFO - Job 192: Subtask local_job_raw_to_formatted
[2024-01-30T03:28:54.445+0000] {task_command.py:423} INFO - Running <TaskInstance: manage_data_lake_dag.local_job_raw_to_formatted scheduled__2024-01-07T00:00:00+00:00 [running]> on host instance-1.europe-west9-a.c.data-lake-project-409321.internal
[2024-01-30T03:28:54.495+0000] {taskinstance.py:2480} INFO - Exporting env vars: AIRFLOW_CTX_DAG_OWNER='juniortemgoua0' AIRFLOW_CTX_DAG_ID='manage_data_lake_dag' AIRFLOW_CTX_TASK_ID='local_job_raw_to_formatted' AIRFLOW_CTX_EXECUTION_DATE='2024-01-07T00:00:00+00:00' AIRFLOW_CTX_TRY_NUMBER='3' AIRFLOW_CTX_DAG_RUN_ID='scheduled__2024-01-07T00:00:00+00:00'
[2024-01-30T03:28:54.501+0000] {base.py:83} INFO - Using connection ID 'spark_default' for task execution.
[2024-01-30T03:28:54.503+0000] {spark_submit.py:401} INFO - Spark-Submit cmd: spark-submit --master local[*] --conf spark.airflow.execution_date=2024-01-07 --name arrow-spark --class RawToFormatted --queue root.default --deploy-mode client /home/juniortemgoua0/DataLake/jobs/processes/scala/spark_process/target/scala-2.12/spark_job_2.12-0.1.0.jar hdfs://localhost:9000/data-lake
[2024-01-30T03:28:57.389+0000] {spark_submit.py:571} INFO - 24/01/30 03:28:57 INFO SparkContext: Running Spark version 3.5.0
[2024-01-30T03:28:57.395+0000] {spark_submit.py:571} INFO - 24/01/30 03:28:57 INFO SparkContext: OS info Linux, 5.15.0-1049-gcp, amd64
[2024-01-30T03:28:57.396+0000] {spark_submit.py:571} INFO - 24/01/30 03:28:57 INFO SparkContext: Java version 17.0.9
[2024-01-30T03:28:57.517+0000] {spark_submit.py:571} INFO - 24/01/30 03:28:57 WARN NativeCodeLoader: Unable to load native-hadoop library for your platform... using builtin-java classes where applicable
[2024-01-30T03:28:57.706+0000] {spark_submit.py:571} INFO - 24/01/30 03:28:57 INFO ResourceUtils: ==============================================================
[2024-01-30T03:28:57.709+0000] {spark_submit.py:571} INFO - 24/01/30 03:28:57 INFO ResourceUtils: No custom resources configured for spark.driver.
[2024-01-30T03:28:57.710+0000] {spark_submit.py:571} INFO - 24/01/30 03:28:57 INFO ResourceUtils: ==============================================================
[2024-01-30T03:28:57.712+0000] {spark_submit.py:571} INFO - 24/01/30 03:28:57 INFO SparkContext: Submitted application: RawToFormatted
[2024-01-30T03:28:57.764+0000] {spark_submit.py:571} INFO - 24/01/30 03:28:57 INFO ResourceProfile: Default ResourceProfile created, executor resources: Map(cores -> name: cores, amount: 1, script: , vendor: , memory -> name: memory, amount: 1024, script: , vendor: , offHeap -> name: offHeap, amount: 0, script: , vendor: ), task resources: Map(cpus -> name: cpus, amount: 1.0)
[2024-01-30T03:28:57.777+0000] {spark_submit.py:571} INFO - 24/01/30 03:28:57 INFO ResourceProfile: Limiting resource is cpu
[2024-01-30T03:28:57.779+0000] {spark_submit.py:571} INFO - 24/01/30 03:28:57 INFO ResourceProfileManager: Added ResourceProfile id: 0
[2024-01-30T03:28:57.842+0000] {spark_submit.py:571} INFO - 24/01/30 03:28:57 INFO SecurityManager: Changing view acls to: juniortemgoua0
[2024-01-30T03:28:57.844+0000] {spark_submit.py:571} INFO - 24/01/30 03:28:57 INFO SecurityManager: Changing modify acls to: juniortemgoua0
[2024-01-30T03:28:57.844+0000] {spark_submit.py:571} INFO - 24/01/30 03:28:57 INFO SecurityManager: Changing view acls groups to:
[2024-01-30T03:28:57.845+0000] {spark_submit.py:571} INFO - 24/01/30 03:28:57 INFO SecurityManager: Changing modify acls groups to:
[2024-01-30T03:28:57.846+0000] {spark_submit.py:571} INFO - 24/01/30 03:28:57 INFO SecurityManager: SecurityManager: authentication disabled; ui acls disabled; users with view permissions: juniortemgoua0; groups with view permissions: EMPTY; users with modify permissions: juniortemgoua0; groups with modify permissions: EMPTY
[2024-01-30T03:28:58.236+0000] {spark_submit.py:571} INFO - 24/01/30 03:28:58 INFO Utils: Successfully started service 'sparkDriver' on port 36385.
[2024-01-30T03:28:58.288+0000] {spark_submit.py:571} INFO - 24/01/30 03:28:58 INFO SparkEnv: Registering MapOutputTracker
[2024-01-30T03:28:58.347+0000] {spark_submit.py:571} INFO - 24/01/30 03:28:58 INFO SparkEnv: Registering BlockManagerMaster
[2024-01-30T03:28:58.378+0000] {spark_submit.py:571} INFO - 24/01/30 03:28:58 INFO BlockManagerMasterEndpoint: Using org.apache.spark.storage.DefaultTopologyMapper for getting topology information
[2024-01-30T03:28:58.380+0000] {spark_submit.py:571} INFO - 24/01/30 03:28:58 INFO BlockManagerMasterEndpoint: BlockManagerMasterEndpoint up
[2024-01-30T03:28:58.386+0000] {spark_submit.py:571} INFO - 24/01/30 03:28:58 INFO SparkEnv: Registering BlockManagerMasterHeartbeat
[2024-01-30T03:28:58.410+0000] {spark_submit.py:571} INFO - 24/01/30 03:28:58 INFO DiskBlockManager: Created local directory at /tmp/blockmgr-2ea87865-3b16-46d2-8726-e4f26bdcc378
[2024-01-30T03:28:58.432+0000] {spark_submit.py:571} INFO - 24/01/30 03:28:58 INFO MemoryStore: MemoryStore started with capacity 434.4 MiB
[2024-01-30T03:28:58.452+0000] {spark_submit.py:571} INFO - 24/01/30 03:28:58 INFO SparkEnv: Registering OutputCommitCoordinator
[2024-01-30T03:28:58.631+0000] {spark_submit.py:571} INFO - 24/01/30 03:28:58 INFO JettyUtils: Start Jetty 0.0.0.0:4040 for SparkUI
[2024-01-30T03:28:58.722+0000] {spark_submit.py:571} INFO - 24/01/30 03:28:58 INFO Utils: Successfully started service 'SparkUI' on port 4040.
[2024-01-30T03:28:58.792+0000] {spark_submit.py:571} INFO - 24/01/30 03:28:58 INFO SparkContext: Added JAR file:/home/juniortemgoua0/DataLake/jobs/processes/scala/spark_process/target/scala-2.12/spark_job_2.12-0.1.0.jar at spark://instance-1.europe-west9-a.c.data-lake-project-409321.internal:36385/jars/spark_job_2.12-0.1.0.jar with timestamp 1706585337369
[2024-01-30T03:28:58.916+0000] {spark_submit.py:571} INFO - 24/01/30 03:28:58 INFO Executor: Starting executor ID driver on host instance-1.europe-west9-a.c.data-lake-project-409321.internal
[2024-01-30T03:28:58.918+0000] {spark_submit.py:571} INFO - 24/01/30 03:28:58 INFO Executor: OS info Linux, 5.15.0-1049-gcp, amd64
[2024-01-30T03:28:58.919+0000] {spark_submit.py:571} INFO - 24/01/30 03:28:58 INFO Executor: Java version 17.0.9
[2024-01-30T03:28:58.932+0000] {spark_submit.py:571} INFO - 24/01/30 03:28:58 INFO Executor: Starting executor with user classpath (userClassPathFirst = false): ''
[2024-01-30T03:28:58.933+0000] {spark_submit.py:571} INFO - 24/01/30 03:28:58 INFO Executor: Created or updated repl class loader org.apache.spark.util.MutableURLClassLoader@6ed043d3 for default.
[2024-01-30T03:28:58.957+0000] {spark_submit.py:571} INFO - 24/01/30 03:28:58 INFO Executor: Fetching spark://instance-1.europe-west9-a.c.data-lake-project-409321.internal:36385/jars/spark_job_2.12-0.1.0.jar with timestamp 1706585337369
[2024-01-30T03:28:59.120+0000] {spark_submit.py:571} INFO - 24/01/30 03:28:59 INFO TransportClientFactory: Successfully created connection to instance-1.europe-west9-a.c.data-lake-project-409321.internal/10.200.0.5:36385 after 121 ms (0 ms spent in bootstraps)
[2024-01-30T03:28:59.144+0000] {spark_submit.py:571} INFO - 24/01/30 03:28:59 INFO Utils: Fetching spark://instance-1.europe-west9-a.c.data-lake-project-409321.internal:36385/jars/spark_job_2.12-0.1.0.jar to /tmp/spark-86a6a719-c7c7-4d27-a726-887fe221e33f/userFiles-a2092ede-15e4-4bf1-9433-7aa856f0b72c/fetchFileTemp8228968316538337720.tmp
[2024-01-30T03:28:59.238+0000] {spark_submit.py:571} INFO - 24/01/30 03:28:59 INFO Executor: Adding file:/tmp/spark-86a6a719-c7c7-4d27-a726-887fe221e33f/userFiles-a2092ede-15e4-4bf1-9433-7aa856f0b72c/spark_job_2.12-0.1.0.jar to class loader default
[2024-01-30T03:28:59.274+0000] {spark_submit.py:571} INFO - 24/01/30 03:28:59 INFO Utils: Successfully started service 'org.apache.spark.network.netty.NettyBlockTransferService' on port 44857.
[2024-01-30T03:28:59.274+0000] {spark_submit.py:571} INFO - 24/01/30 03:28:59 INFO NettyBlockTransferService: Server created on instance-1.europe-west9-a.c.data-lake-project-409321.internal:44857
[2024-01-30T03:28:59.276+0000] {spark_submit.py:571} INFO - 24/01/30 03:28:59 INFO BlockManager: Using org.apache.spark.storage.RandomBlockReplicationPolicy for block replication policy
[2024-01-30T03:28:59.307+0000] {spark_submit.py:571} INFO - 24/01/30 03:28:59 INFO BlockManagerMaster: Registering BlockManager BlockManagerId(driver, instance-1.europe-west9-a.c.data-lake-project-409321.internal, 44857, None)
[2024-01-30T03:28:59.315+0000] {spark_submit.py:571} INFO - 24/01/30 03:28:59 INFO BlockManagerMasterEndpoint: Registering block manager instance-1.europe-west9-a.c.data-lake-project-409321.internal:44857 with 434.4 MiB RAM, BlockManagerId(driver, instance-1.europe-west9-a.c.data-lake-project-409321.internal, 44857, None)
[2024-01-30T03:28:59.318+0000] {spark_submit.py:571} INFO - 24/01/30 03:28:59 INFO BlockManagerMaster: Registered BlockManager BlockManagerId(driver, instance-1.europe-west9-a.c.data-lake-project-409321.internal, 44857, None)
[2024-01-30T03:28:59.324+0000] {spark_submit.py:571} INFO - 24/01/30 03:28:59 INFO BlockManager: Initialized BlockManager: BlockManagerId(driver, instance-1.europe-west9-a.c.data-lake-project-409321.internal, 44857, None)
[2024-01-30T03:29:00.731+0000] {spark_submit.py:571} INFO - 24/01/30 03:29:00 INFO SharedState: Setting hive.metastore.warehouse.dir ('null') to the value of spark.sql.warehouse.dir.
[2024-01-30T03:29:00.742+0000] {spark_submit.py:571} INFO - 24/01/30 03:29:00 INFO SharedState: Warehouse path is 'file:/home/juniortemgoua0/DataLake/spark-warehouse'.
[2024-01-30T03:29:01.780+0000] {spark_submit.py:571} INFO - ************************************************
[2024-01-30T03:29:01.781+0000] {spark_submit.py:571} INFO - Date d'exécution  : 2024-01-07
[2024-01-30T03:29:01.781+0000] {spark_submit.py:571} INFO - ************************************************
[2024-01-30T03:29:02.889+0000] {spark_submit.py:571} INFO - Exception in thread "main" org.apache.spark.sql.AnalysisException: [PATH_NOT_FOUND] Path does not exist: hdfs://localhost:9000/data-lake/raw/football_data/competitions/2024-01-07/*.json.
[2024-01-30T03:29:02.889+0000] {spark_submit.py:571} INFO - at org.apache.spark.sql.errors.QueryCompilationErrors$.dataPathNotExistError(QueryCompilationErrors.scala:1500)
[2024-01-30T03:29:02.890+0000] {spark_submit.py:571} INFO - at org.apache.spark.sql.execution.datasources.DataSource$.$anonfun$checkAndGlobPathIfNecessary$3(DataSource.scala:743)
[2024-01-30T03:29:02.890+0000] {spark_submit.py:571} INFO - at org.apache.spark.util.ThreadUtils$.$anonfun$parmap$2(ThreadUtils.scala:380)
[2024-01-30T03:29:02.890+0000] {spark_submit.py:571} INFO - at scala.concurrent.Future$.$anonfun$apply$1(Future.scala:659)
[2024-01-30T03:29:02.890+0000] {spark_submit.py:571} INFO - at scala.util.Success.$anonfun$map$1(Try.scala:255)
[2024-01-30T03:29:02.890+0000] {spark_submit.py:571} INFO - at scala.util.Success.map(Try.scala:213)
[2024-01-30T03:29:02.890+0000] {spark_submit.py:571} INFO - at scala.concurrent.Future.$anonfun$map$1(Future.scala:292)
[2024-01-30T03:29:02.891+0000] {spark_submit.py:571} INFO - at scala.concurrent.impl.Promise.liftedTree1$1(Promise.scala:33)
[2024-01-30T03:29:02.891+0000] {spark_submit.py:571} INFO - at scala.concurrent.impl.Promise.$anonfun$transform$1(Promise.scala:33)
[2024-01-30T03:29:02.891+0000] {spark_submit.py:571} INFO - at scala.concurrent.impl.CallbackRunnable.run(Promise.scala:64)
[2024-01-30T03:29:02.891+0000] {spark_submit.py:571} INFO - at java.base/java.util.concurrent.ForkJoinTask$RunnableExecuteAction.exec(ForkJoinTask.java:1395)
[2024-01-30T03:29:02.891+0000] {spark_submit.py:571} INFO - at java.base/java.util.concurrent.ForkJoinTask.doExec(ForkJoinTask.java:373)
[2024-01-30T03:29:02.891+0000] {spark_submit.py:571} INFO - at java.base/java.util.concurrent.ForkJoinPool$WorkQueue.topLevelExec(ForkJoinPool.java:1182)
[2024-01-30T03:29:02.892+0000] {spark_submit.py:571} INFO - at java.base/java.util.concurrent.ForkJoinPool.scan(ForkJoinPool.java:1655)
[2024-01-30T03:29:02.892+0000] {spark_submit.py:571} INFO - at java.base/java.util.concurrent.ForkJoinPool.runWorker(ForkJoinPool.java:1622)
[2024-01-30T03:29:02.892+0000] {spark_submit.py:571} INFO - at java.base/java.util.concurrent.ForkJoinWorkerThread.run(ForkJoinWorkerThread.java:165)
[2024-01-30T03:29:02.896+0000] {spark_submit.py:571} INFO - 24/01/30 03:29:02 INFO SparkContext: Invoking stop() from shutdown hook
[2024-01-30T03:29:02.897+0000] {spark_submit.py:571} INFO - 24/01/30 03:29:02 INFO SparkContext: SparkContext is stopping with exitCode 0.
[2024-01-30T03:29:02.911+0000] {spark_submit.py:571} INFO - 24/01/30 03:29:02 INFO SparkUI: Stopped Spark web UI at http://instance-1.europe-west9-a.c.data-lake-project-409321.internal:4040
[2024-01-30T03:29:02.931+0000] {spark_submit.py:571} INFO - 24/01/30 03:29:02 INFO MapOutputTrackerMasterEndpoint: MapOutputTrackerMasterEndpoint stopped!
[2024-01-30T03:29:02.951+0000] {spark_submit.py:571} INFO - 24/01/30 03:29:02 INFO MemoryStore: MemoryStore cleared
[2024-01-30T03:29:02.952+0000] {spark_submit.py:571} INFO - 24/01/30 03:29:02 INFO BlockManager: BlockManager stopped
[2024-01-30T03:29:02.962+0000] {spark_submit.py:571} INFO - 24/01/30 03:29:02 INFO BlockManagerMaster: BlockManagerMaster stopped
[2024-01-30T03:29:02.966+0000] {spark_submit.py:571} INFO - 24/01/30 03:29:02 INFO OutputCommitCoordinator$OutputCommitCoordinatorEndpoint: OutputCommitCoordinator stopped!
[2024-01-30T03:29:02.975+0000] {spark_submit.py:571} INFO - 24/01/30 03:29:02 INFO SparkContext: Successfully stopped SparkContext
[2024-01-30T03:29:02.975+0000] {spark_submit.py:571} INFO - 24/01/30 03:29:02 INFO ShutdownHookManager: Shutdown hook called
[2024-01-30T03:29:02.976+0000] {spark_submit.py:571} INFO - 24/01/30 03:29:02 INFO ShutdownHookManager: Deleting directory /tmp/spark-ca9c49f0-96e3-4531-a3ab-fbc5bcc13acb
[2024-01-30T03:29:02.979+0000] {spark_submit.py:571} INFO - 24/01/30 03:29:02 INFO ShutdownHookManager: Deleting directory /tmp/spark-86a6a719-c7c7-4d27-a726-887fe221e33f
[2024-01-30T03:29:03.040+0000] {taskinstance.py:2698} ERROR - Task failed with exception
Traceback (most recent call last):
  File "/home/juniortemgoua0/DataLake/venv/lib/python3.8/site-packages/airflow/models/taskinstance.py", line 433, in _execute_task
    result = execute_callable(context=context, **execute_callable_kwargs)
  File "/home/juniortemgoua0/DataLake/venv/lib/python3.8/site-packages/airflow/providers/apache/spark/operators/spark_submit.py", line 174, in execute
    self._hook.submit(self._application)
  File "/home/juniortemgoua0/DataLake/venv/lib/python3.8/site-packages/airflow/providers/apache/spark/hooks/spark_submit.py", line 502, in submit
    raise AirflowException(
airflow.exceptions.AirflowException: Cannot execute: spark-submit --master local[*] --conf spark.airflow.execution_date=2024-01-07 --name arrow-spark --class RawToFormatted --queue root.default --deploy-mode client /home/juniortemgoua0/DataLake/jobs/processes/scala/spark_process/target/scala-2.12/spark_job_2.12-0.1.0.jar hdfs://localhost:9000/data-lake. Error code is: 1.
[2024-01-30T03:29:03.043+0000] {taskinstance.py:1138} INFO - Marking task as UP_FOR_RETRY. dag_id=manage_data_lake_dag, task_id=local_job_raw_to_formatted, execution_date=20240107T000000, start_date=20240130T032854, end_date=20240130T032903
[2024-01-30T03:29:03.056+0000] {standard_task_runner.py:107} ERROR - Failed to execute job 192 for task local_job_raw_to_formatted (Cannot execute: spark-submit --master local[*] --conf spark.airflow.execution_date=2024-01-07 --name arrow-spark --class RawToFormatted --queue root.default --deploy-mode client /home/juniortemgoua0/DataLake/jobs/processes/scala/spark_process/target/scala-2.12/spark_job_2.12-0.1.0.jar hdfs://localhost:9000/data-lake. Error code is: 1.; 34956)
[2024-01-30T03:29:03.086+0000] {local_task_job_runner.py:234} INFO - Task exited with return code 1
[2024-01-30T03:29:03.105+0000] {taskinstance.py:3280} INFO - 0 downstream tasks scheduled from follow-on schedule check
