[2024-01-30T12:39:07.638+0000] {taskinstance.py:1956} INFO - Dependencies all met for dep_context=non-requeueable deps ti=<TaskInstance: manage_data_lake_dag.local_job_raw_to_formatted scheduled__2024-01-07T00:00:00+00:00 [queued]>
[2024-01-30T12:39:07.645+0000] {taskinstance.py:1956} INFO - Dependencies all met for dep_context=requeueable deps ti=<TaskInstance: manage_data_lake_dag.local_job_raw_to_formatted scheduled__2024-01-07T00:00:00+00:00 [queued]>
[2024-01-30T12:39:07.645+0000] {taskinstance.py:2170} INFO - Starting attempt 5 of 6
[2024-01-30T12:39:07.660+0000] {taskinstance.py:2191} INFO - Executing <Task(SparkSubmitOperator): local_job_raw_to_formatted> on 2024-01-07 00:00:00+00:00
[2024-01-30T12:39:07.665+0000] {standard_task_runner.py:60} INFO - Started process 27969 to run task
[2024-01-30T12:39:07.671+0000] {standard_task_runner.py:87} INFO - Running: ['airflow', 'tasks', 'run', 'manage_data_lake_dag', 'local_job_raw_to_formatted', 'scheduled__2024-01-07T00:00:00+00:00', '--job-id', '205', '--raw', '--subdir', 'DAGS_FOLDER/data_lake_dag.py', '--cfg-path', '/tmp/tmpc58fxrfu']
[2024-01-30T12:39:07.674+0000] {standard_task_runner.py:88} INFO - Job 205: Subtask local_job_raw_to_formatted
[2024-01-30T12:39:07.721+0000] {task_command.py:423} INFO - Running <TaskInstance: manage_data_lake_dag.local_job_raw_to_formatted scheduled__2024-01-07T00:00:00+00:00 [running]> on host instance-1.europe-west9-a.c.data-lake-project-409321.internal
[2024-01-30T12:39:07.785+0000] {taskinstance.py:2480} INFO - Exporting env vars: AIRFLOW_CTX_DAG_OWNER='juniortemgoua0' AIRFLOW_CTX_DAG_ID='manage_data_lake_dag' AIRFLOW_CTX_TASK_ID='local_job_raw_to_formatted' AIRFLOW_CTX_EXECUTION_DATE='2024-01-07T00:00:00+00:00' AIRFLOW_CTX_TRY_NUMBER='5' AIRFLOW_CTX_DAG_RUN_ID='scheduled__2024-01-07T00:00:00+00:00'
[2024-01-30T12:39:07.793+0000] {base.py:83} INFO - Using connection ID 'spark_default' for task execution.
[2024-01-30T12:39:07.795+0000] {spark_submit.py:401} INFO - Spark-Submit cmd: spark-submit --master local[*] --conf spark.airflow.execution_date=2024-01-07 --name arrow-spark --class RawToFormatted --queue root.default --deploy-mode client /home/juniortemgoua0/DataLake/jobs/processes/scala/spark_process/target/scala-2.12/spark_job_2.12-0.1.0.jar hdfs://localhost:9000/data-lake
[2024-01-30T12:39:10.736+0000] {spark_submit.py:571} INFO - 24/01/30 12:39:10 INFO SparkContext: Running Spark version 3.5.0
[2024-01-30T12:39:10.742+0000] {spark_submit.py:571} INFO - 24/01/30 12:39:10 INFO SparkContext: OS info Linux, 5.15.0-1049-gcp, amd64
[2024-01-30T12:39:10.743+0000] {spark_submit.py:571} INFO - 24/01/30 12:39:10 INFO SparkContext: Java version 17.0.9
[2024-01-30T12:39:10.875+0000] {spark_submit.py:571} INFO - 24/01/30 12:39:10 WARN NativeCodeLoader: Unable to load native-hadoop library for your platform... using builtin-java classes where applicable
[2024-01-30T12:39:11.039+0000] {spark_submit.py:571} INFO - 24/01/30 12:39:11 INFO ResourceUtils: ==============================================================
[2024-01-30T12:39:11.041+0000] {spark_submit.py:571} INFO - 24/01/30 12:39:11 INFO ResourceUtils: No custom resources configured for spark.driver.
[2024-01-30T12:39:11.043+0000] {spark_submit.py:571} INFO - 24/01/30 12:39:11 INFO ResourceUtils: ==============================================================
[2024-01-30T12:39:11.044+0000] {spark_submit.py:571} INFO - 24/01/30 12:39:11 INFO SparkContext: Submitted application: RawToFormatted
[2024-01-30T12:39:11.077+0000] {spark_submit.py:571} INFO - 24/01/30 12:39:11 INFO ResourceProfile: Default ResourceProfile created, executor resources: Map(cores -> name: cores, amount: 1, script: , vendor: , memory -> name: memory, amount: 1024, script: , vendor: , offHeap -> name: offHeap, amount: 0, script: , vendor: ), task resources: Map(cpus -> name: cpus, amount: 1.0)
[2024-01-30T12:39:11.092+0000] {spark_submit.py:571} INFO - 24/01/30 12:39:11 INFO ResourceProfile: Limiting resource is cpu
[2024-01-30T12:39:11.094+0000] {spark_submit.py:571} INFO - 24/01/30 12:39:11 INFO ResourceProfileManager: Added ResourceProfile id: 0
[2024-01-30T12:39:11.172+0000] {spark_submit.py:571} INFO - 24/01/30 12:39:11 INFO SecurityManager: Changing view acls to: juniortemgoua0
[2024-01-30T12:39:11.174+0000] {spark_submit.py:571} INFO - 24/01/30 12:39:11 INFO SecurityManager: Changing modify acls to: juniortemgoua0
[2024-01-30T12:39:11.175+0000] {spark_submit.py:571} INFO - 24/01/30 12:39:11 INFO SecurityManager: Changing view acls groups to:
[2024-01-30T12:39:11.176+0000] {spark_submit.py:571} INFO - 24/01/30 12:39:11 INFO SecurityManager: Changing modify acls groups to:
[2024-01-30T12:39:11.177+0000] {spark_submit.py:571} INFO - 24/01/30 12:39:11 INFO SecurityManager: SecurityManager: authentication disabled; ui acls disabled; users with view permissions: juniortemgoua0; groups with view permissions: EMPTY; users with modify permissions: juniortemgoua0; groups with modify permissions: EMPTY
[2024-01-30T12:39:11.561+0000] {spark_submit.py:571} INFO - 24/01/30 12:39:11 INFO Utils: Successfully started service 'sparkDriver' on port 40415.
[2024-01-30T12:39:11.612+0000] {spark_submit.py:571} INFO - 24/01/30 12:39:11 INFO SparkEnv: Registering MapOutputTracker
[2024-01-30T12:39:11.680+0000] {spark_submit.py:571} INFO - 24/01/30 12:39:11 INFO SparkEnv: Registering BlockManagerMaster
[2024-01-30T12:39:11.713+0000] {spark_submit.py:571} INFO - 24/01/30 12:39:11 INFO BlockManagerMasterEndpoint: Using org.apache.spark.storage.DefaultTopologyMapper for getting topology information
[2024-01-30T12:39:11.715+0000] {spark_submit.py:571} INFO - 24/01/30 12:39:11 INFO BlockManagerMasterEndpoint: BlockManagerMasterEndpoint up
[2024-01-30T12:39:11.724+0000] {spark_submit.py:571} INFO - 24/01/30 12:39:11 INFO SparkEnv: Registering BlockManagerMasterHeartbeat
[2024-01-30T12:39:11.752+0000] {spark_submit.py:571} INFO - 24/01/30 12:39:11 INFO DiskBlockManager: Created local directory at /tmp/blockmgr-14414905-9e34-4a19-b27e-a6ae83021e08
[2024-01-30T12:39:11.784+0000] {spark_submit.py:571} INFO - 24/01/30 12:39:11 INFO MemoryStore: MemoryStore started with capacity 434.4 MiB
[2024-01-30T12:39:11.813+0000] {spark_submit.py:571} INFO - 24/01/30 12:39:11 INFO SparkEnv: Registering OutputCommitCoordinator
[2024-01-30T12:39:12.067+0000] {spark_submit.py:571} INFO - 24/01/30 12:39:12 INFO JettyUtils: Start Jetty 0.0.0.0:4040 for SparkUI
[2024-01-30T12:39:12.165+0000] {spark_submit.py:571} INFO - 24/01/30 12:39:12 INFO Utils: Successfully started service 'SparkUI' on port 4040.
[2024-01-30T12:39:12.261+0000] {spark_submit.py:571} INFO - 24/01/30 12:39:12 INFO SparkContext: Added JAR file:/home/juniortemgoua0/DataLake/jobs/processes/scala/spark_process/target/scala-2.12/spark_job_2.12-0.1.0.jar at spark://instance-1.europe-west9-a.c.data-lake-project-409321.internal:40415/jars/spark_job_2.12-0.1.0.jar with timestamp 1706618350719
[2024-01-30T12:39:12.389+0000] {spark_submit.py:571} INFO - 24/01/30 12:39:12 INFO Executor: Starting executor ID driver on host instance-1.europe-west9-a.c.data-lake-project-409321.internal
[2024-01-30T12:39:12.391+0000] {spark_submit.py:571} INFO - 24/01/30 12:39:12 INFO Executor: OS info Linux, 5.15.0-1049-gcp, amd64
[2024-01-30T12:39:12.393+0000] {spark_submit.py:571} INFO - 24/01/30 12:39:12 INFO Executor: Java version 17.0.9
[2024-01-30T12:39:12.410+0000] {spark_submit.py:571} INFO - 24/01/30 12:39:12 INFO Executor: Starting executor with user classpath (userClassPathFirst = false): ''
[2024-01-30T12:39:12.412+0000] {spark_submit.py:571} INFO - 24/01/30 12:39:12 INFO Executor: Created or updated repl class loader org.apache.spark.util.MutableURLClassLoader@280d4882 for default.
[2024-01-30T12:39:12.440+0000] {spark_submit.py:571} INFO - 24/01/30 12:39:12 INFO Executor: Fetching spark://instance-1.europe-west9-a.c.data-lake-project-409321.internal:40415/jars/spark_job_2.12-0.1.0.jar with timestamp 1706618350719
[2024-01-30T12:39:12.593+0000] {spark_submit.py:571} INFO - 24/01/30 12:39:12 INFO TransportClientFactory: Successfully created connection to instance-1.europe-west9-a.c.data-lake-project-409321.internal/10.200.0.5:40415 after 74 ms (0 ms spent in bootstraps)
[2024-01-30T12:39:12.614+0000] {spark_submit.py:571} INFO - 24/01/30 12:39:12 INFO Utils: Fetching spark://instance-1.europe-west9-a.c.data-lake-project-409321.internal:40415/jars/spark_job_2.12-0.1.0.jar to /tmp/spark-e3d12f6f-4019-4936-a3df-2d39cea9dcd2/userFiles-1446855e-4255-4703-8b74-14124fada32e/fetchFileTemp3268331493599340529.tmp
[2024-01-30T12:39:12.658+0000] {spark_submit.py:571} INFO - 24/01/30 12:39:12 INFO Executor: Adding file:/tmp/spark-e3d12f6f-4019-4936-a3df-2d39cea9dcd2/userFiles-1446855e-4255-4703-8b74-14124fada32e/spark_job_2.12-0.1.0.jar to class loader default
[2024-01-30T12:39:12.671+0000] {spark_submit.py:571} INFO - 24/01/30 12:39:12 INFO Utils: Successfully started service 'org.apache.spark.network.netty.NettyBlockTransferService' on port 45875.
[2024-01-30T12:39:12.672+0000] {spark_submit.py:571} INFO - 24/01/30 12:39:12 INFO NettyBlockTransferService: Server created on instance-1.europe-west9-a.c.data-lake-project-409321.internal:45875
[2024-01-30T12:39:12.674+0000] {spark_submit.py:571} INFO - 24/01/30 12:39:12 INFO BlockManager: Using org.apache.spark.storage.RandomBlockReplicationPolicy for block replication policy
[2024-01-30T12:39:12.689+0000] {spark_submit.py:571} INFO - 24/01/30 12:39:12 INFO BlockManagerMaster: Registering BlockManager BlockManagerId(driver, instance-1.europe-west9-a.c.data-lake-project-409321.internal, 45875, None)
[2024-01-30T12:39:12.694+0000] {spark_submit.py:571} INFO - 24/01/30 12:39:12 INFO BlockManagerMasterEndpoint: Registering block manager instance-1.europe-west9-a.c.data-lake-project-409321.internal:45875 with 434.4 MiB RAM, BlockManagerId(driver, instance-1.europe-west9-a.c.data-lake-project-409321.internal, 45875, None)
[2024-01-30T12:39:12.699+0000] {spark_submit.py:571} INFO - 24/01/30 12:39:12 INFO BlockManagerMaster: Registered BlockManager BlockManagerId(driver, instance-1.europe-west9-a.c.data-lake-project-409321.internal, 45875, None)
[2024-01-30T12:39:12.702+0000] {spark_submit.py:571} INFO - 24/01/30 12:39:12 INFO BlockManager: Initialized BlockManager: BlockManagerId(driver, instance-1.europe-west9-a.c.data-lake-project-409321.internal, 45875, None)
[2024-01-30T12:39:13.864+0000] {spark_submit.py:571} INFO - 24/01/30 12:39:13 INFO SharedState: Setting hive.metastore.warehouse.dir ('null') to the value of spark.sql.warehouse.dir.
[2024-01-30T12:39:13.873+0000] {spark_submit.py:571} INFO - 24/01/30 12:39:13 INFO SharedState: Warehouse path is 'file:/home/juniortemgoua0/DataLake/spark-warehouse'.
[2024-01-30T12:39:15.160+0000] {spark_submit.py:571} INFO - ************************************************
[2024-01-30T12:39:15.160+0000] {spark_submit.py:571} INFO - Date d'exécution  : 2024-01-07
[2024-01-30T12:39:15.160+0000] {spark_submit.py:571} INFO - ************************************************
[2024-01-30T12:39:16.782+0000] {spark_submit.py:571} INFO - Exception in thread "main" org.apache.spark.sql.AnalysisException: [PATH_NOT_FOUND] Path does not exist: hdfs://localhost:9000/data-lake/raw/football_data/competitions/2024-01-07/*.json.
[2024-01-30T12:39:16.782+0000] {spark_submit.py:571} INFO - at org.apache.spark.sql.errors.QueryCompilationErrors$.dataPathNotExistError(QueryCompilationErrors.scala:1500)
[2024-01-30T12:39:16.783+0000] {spark_submit.py:571} INFO - at org.apache.spark.sql.execution.datasources.DataSource$.$anonfun$checkAndGlobPathIfNecessary$3(DataSource.scala:743)
[2024-01-30T12:39:16.783+0000] {spark_submit.py:571} INFO - at org.apache.spark.util.ThreadUtils$.$anonfun$parmap$2(ThreadUtils.scala:380)
[2024-01-30T12:39:16.783+0000] {spark_submit.py:571} INFO - at scala.concurrent.Future$.$anonfun$apply$1(Future.scala:659)
[2024-01-30T12:39:16.783+0000] {spark_submit.py:571} INFO - at scala.util.Success.$anonfun$map$1(Try.scala:255)
[2024-01-30T12:39:16.783+0000] {spark_submit.py:571} INFO - at scala.util.Success.map(Try.scala:213)
[2024-01-30T12:39:16.783+0000] {spark_submit.py:571} INFO - at scala.concurrent.Future.$anonfun$map$1(Future.scala:292)
[2024-01-30T12:39:16.783+0000] {spark_submit.py:571} INFO - at scala.concurrent.impl.Promise.liftedTree1$1(Promise.scala:33)
[2024-01-30T12:39:16.784+0000] {spark_submit.py:571} INFO - at scala.concurrent.impl.Promise.$anonfun$transform$1(Promise.scala:33)
[2024-01-30T12:39:16.784+0000] {spark_submit.py:571} INFO - at scala.concurrent.impl.CallbackRunnable.run(Promise.scala:64)
[2024-01-30T12:39:16.784+0000] {spark_submit.py:571} INFO - at java.base/java.util.concurrent.ForkJoinTask$RunnableExecuteAction.exec(ForkJoinTask.java:1395)
[2024-01-30T12:39:16.784+0000] {spark_submit.py:571} INFO - at java.base/java.util.concurrent.ForkJoinTask.doExec(ForkJoinTask.java:373)
[2024-01-30T12:39:16.784+0000] {spark_submit.py:571} INFO - at java.base/java.util.concurrent.ForkJoinPool$WorkQueue.topLevelExec(ForkJoinPool.java:1182)
[2024-01-30T12:39:16.785+0000] {spark_submit.py:571} INFO - at java.base/java.util.concurrent.ForkJoinPool.scan(ForkJoinPool.java:1655)
[2024-01-30T12:39:16.785+0000] {spark_submit.py:571} INFO - at java.base/java.util.concurrent.ForkJoinPool.runWorker(ForkJoinPool.java:1622)
[2024-01-30T12:39:16.785+0000] {spark_submit.py:571} INFO - at java.base/java.util.concurrent.ForkJoinWorkerThread.run(ForkJoinWorkerThread.java:165)
[2024-01-30T12:39:16.791+0000] {spark_submit.py:571} INFO - 24/01/30 12:39:16 INFO SparkContext: Invoking stop() from shutdown hook
[2024-01-30T12:39:16.792+0000] {spark_submit.py:571} INFO - 24/01/30 12:39:16 INFO SparkContext: SparkContext is stopping with exitCode 0.
[2024-01-30T12:39:16.810+0000] {spark_submit.py:571} INFO - 24/01/30 12:39:16 INFO SparkUI: Stopped Spark web UI at http://instance-1.europe-west9-a.c.data-lake-project-409321.internal:4040
[2024-01-30T12:39:16.834+0000] {spark_submit.py:571} INFO - 24/01/30 12:39:16 INFO MapOutputTrackerMasterEndpoint: MapOutputTrackerMasterEndpoint stopped!
[2024-01-30T12:39:16.877+0000] {spark_submit.py:571} INFO - 24/01/30 12:39:16 INFO MemoryStore: MemoryStore cleared
[2024-01-30T12:39:16.878+0000] {spark_submit.py:571} INFO - 24/01/30 12:39:16 INFO BlockManager: BlockManager stopped
[2024-01-30T12:39:16.890+0000] {spark_submit.py:571} INFO - 24/01/30 12:39:16 INFO BlockManagerMaster: BlockManagerMaster stopped
[2024-01-30T12:39:16.897+0000] {spark_submit.py:571} INFO - 24/01/30 12:39:16 INFO OutputCommitCoordinator$OutputCommitCoordinatorEndpoint: OutputCommitCoordinator stopped!
[2024-01-30T12:39:16.914+0000] {spark_submit.py:571} INFO - 24/01/30 12:39:16 INFO SparkContext: Successfully stopped SparkContext
[2024-01-30T12:39:16.915+0000] {spark_submit.py:571} INFO - 24/01/30 12:39:16 INFO ShutdownHookManager: Shutdown hook called
[2024-01-30T12:39:16.916+0000] {spark_submit.py:571} INFO - 24/01/30 12:39:16 INFO ShutdownHookManager: Deleting directory /tmp/spark-e3d12f6f-4019-4936-a3df-2d39cea9dcd2
[2024-01-30T12:39:16.928+0000] {spark_submit.py:571} INFO - 24/01/30 12:39:16 INFO ShutdownHookManager: Deleting directory /tmp/spark-1a514bbd-7419-4936-8cf8-c5c613e38040
[2024-01-30T12:39:17.015+0000] {taskinstance.py:2698} ERROR - Task failed with exception
Traceback (most recent call last):
  File "/home/juniortemgoua0/DataLake/venv/lib/python3.8/site-packages/airflow/models/taskinstance.py", line 433, in _execute_task
    result = execute_callable(context=context, **execute_callable_kwargs)
  File "/home/juniortemgoua0/DataLake/venv/lib/python3.8/site-packages/airflow/providers/apache/spark/operators/spark_submit.py", line 174, in execute
    self._hook.submit(self._application)
  File "/home/juniortemgoua0/DataLake/venv/lib/python3.8/site-packages/airflow/providers/apache/spark/hooks/spark_submit.py", line 502, in submit
    raise AirflowException(
airflow.exceptions.AirflowException: Cannot execute: spark-submit --master local[*] --conf spark.airflow.execution_date=2024-01-07 --name arrow-spark --class RawToFormatted --queue root.default --deploy-mode client /home/juniortemgoua0/DataLake/jobs/processes/scala/spark_process/target/scala-2.12/spark_job_2.12-0.1.0.jar hdfs://localhost:9000/data-lake. Error code is: 1.
[2024-01-30T12:39:17.018+0000] {taskinstance.py:1138} INFO - Marking task as UP_FOR_RETRY. dag_id=manage_data_lake_dag, task_id=local_job_raw_to_formatted, execution_date=20240107T000000, start_date=20240130T123907, end_date=20240130T123917
[2024-01-30T12:39:17.034+0000] {standard_task_runner.py:107} ERROR - Failed to execute job 205 for task local_job_raw_to_formatted (Cannot execute: spark-submit --master local[*] --conf spark.airflow.execution_date=2024-01-07 --name arrow-spark --class RawToFormatted --queue root.default --deploy-mode client /home/juniortemgoua0/DataLake/jobs/processes/scala/spark_process/target/scala-2.12/spark_job_2.12-0.1.0.jar hdfs://localhost:9000/data-lake. Error code is: 1.; 27969)
[2024-01-30T12:39:17.078+0000] {local_task_job_runner.py:234} INFO - Task exited with return code 1
[2024-01-30T12:39:17.100+0000] {taskinstance.py:3280} INFO - 0 downstream tasks scheduled from follow-on schedule check
