[2024-01-30T12:39:21.117+0000] {taskinstance.py:1956} INFO - Dependencies all met for dep_context=non-requeueable deps ti=<TaskInstance: manage_data_lake_dag.local_job_raw_to_formatted scheduled__2024-01-08T00:00:00+00:00 [queued]>
[2024-01-30T12:39:21.123+0000] {taskinstance.py:1956} INFO - Dependencies all met for dep_context=requeueable deps ti=<TaskInstance: manage_data_lake_dag.local_job_raw_to_formatted scheduled__2024-01-08T00:00:00+00:00 [queued]>
[2024-01-30T12:39:21.124+0000] {taskinstance.py:2170} INFO - Starting attempt 4 of 6
[2024-01-30T12:39:21.142+0000] {taskinstance.py:2191} INFO - Executing <Task(SparkSubmitOperator): local_job_raw_to_formatted> on 2024-01-08 00:00:00+00:00
[2024-01-30T12:39:21.148+0000] {standard_task_runner.py:60} INFO - Started process 28099 to run task
[2024-01-30T12:39:21.154+0000] {standard_task_runner.py:87} INFO - Running: ['airflow', 'tasks', 'run', 'manage_data_lake_dag', 'local_job_raw_to_formatted', 'scheduled__2024-01-08T00:00:00+00:00', '--job-id', '206', '--raw', '--subdir', 'DAGS_FOLDER/data_lake_dag.py', '--cfg-path', '/tmp/tmp970rn8i4']
[2024-01-30T12:39:21.157+0000] {standard_task_runner.py:88} INFO - Job 206: Subtask local_job_raw_to_formatted
[2024-01-30T12:39:21.208+0000] {task_command.py:423} INFO - Running <TaskInstance: manage_data_lake_dag.local_job_raw_to_formatted scheduled__2024-01-08T00:00:00+00:00 [running]> on host instance-1.europe-west9-a.c.data-lake-project-409321.internal
[2024-01-30T12:39:21.273+0000] {taskinstance.py:2480} INFO - Exporting env vars: AIRFLOW_CTX_DAG_OWNER='juniortemgoua0' AIRFLOW_CTX_DAG_ID='manage_data_lake_dag' AIRFLOW_CTX_TASK_ID='local_job_raw_to_formatted' AIRFLOW_CTX_EXECUTION_DATE='2024-01-08T00:00:00+00:00' AIRFLOW_CTX_TRY_NUMBER='4' AIRFLOW_CTX_DAG_RUN_ID='scheduled__2024-01-08T00:00:00+00:00'
[2024-01-30T12:39:21.282+0000] {base.py:83} INFO - Using connection ID 'spark_default' for task execution.
[2024-01-30T12:39:21.283+0000] {spark_submit.py:401} INFO - Spark-Submit cmd: spark-submit --master local[*] --conf spark.airflow.execution_date=2024-01-08 --name arrow-spark --class RawToFormatted --queue root.default --deploy-mode client /home/juniortemgoua0/DataLake/jobs/processes/scala/spark_process/target/scala-2.12/spark_job_2.12-0.1.0.jar hdfs://localhost:9000/data-lake
[2024-01-30T12:39:24.264+0000] {spark_submit.py:571} INFO - 24/01/30 12:39:24 INFO SparkContext: Running Spark version 3.5.0
[2024-01-30T12:39:24.271+0000] {spark_submit.py:571} INFO - 24/01/30 12:39:24 INFO SparkContext: OS info Linux, 5.15.0-1049-gcp, amd64
[2024-01-30T12:39:24.272+0000] {spark_submit.py:571} INFO - 24/01/30 12:39:24 INFO SparkContext: Java version 17.0.9
[2024-01-30T12:39:24.426+0000] {spark_submit.py:571} INFO - 24/01/30 12:39:24 WARN NativeCodeLoader: Unable to load native-hadoop library for your platform... using builtin-java classes where applicable
[2024-01-30T12:39:24.593+0000] {spark_submit.py:571} INFO - 24/01/30 12:39:24 INFO ResourceUtils: ==============================================================
[2024-01-30T12:39:24.595+0000] {spark_submit.py:571} INFO - 24/01/30 12:39:24 INFO ResourceUtils: No custom resources configured for spark.driver.
[2024-01-30T12:39:24.596+0000] {spark_submit.py:571} INFO - 24/01/30 12:39:24 INFO ResourceUtils: ==============================================================
[2024-01-30T12:39:24.598+0000] {spark_submit.py:571} INFO - 24/01/30 12:39:24 INFO SparkContext: Submitted application: RawToFormatted
[2024-01-30T12:39:24.637+0000] {spark_submit.py:571} INFO - 24/01/30 12:39:24 INFO ResourceProfile: Default ResourceProfile created, executor resources: Map(cores -> name: cores, amount: 1, script: , vendor: , memory -> name: memory, amount: 1024, script: , vendor: , offHeap -> name: offHeap, amount: 0, script: , vendor: ), task resources: Map(cpus -> name: cpus, amount: 1.0)
[2024-01-30T12:39:24.654+0000] {spark_submit.py:571} INFO - 24/01/30 12:39:24 INFO ResourceProfile: Limiting resource is cpu
[2024-01-30T12:39:24.656+0000] {spark_submit.py:571} INFO - 24/01/30 12:39:24 INFO ResourceProfileManager: Added ResourceProfile id: 0
[2024-01-30T12:39:24.745+0000] {spark_submit.py:571} INFO - 24/01/30 12:39:24 INFO SecurityManager: Changing view acls to: juniortemgoua0
[2024-01-30T12:39:24.746+0000] {spark_submit.py:571} INFO - 24/01/30 12:39:24 INFO SecurityManager: Changing modify acls to: juniortemgoua0
[2024-01-30T12:39:24.747+0000] {spark_submit.py:571} INFO - 24/01/30 12:39:24 INFO SecurityManager: Changing view acls groups to:
[2024-01-30T12:39:24.748+0000] {spark_submit.py:571} INFO - 24/01/30 12:39:24 INFO SecurityManager: Changing modify acls groups to:
[2024-01-30T12:39:24.749+0000] {spark_submit.py:571} INFO - 24/01/30 12:39:24 INFO SecurityManager: SecurityManager: authentication disabled; ui acls disabled; users with view permissions: juniortemgoua0; groups with view permissions: EMPTY; users with modify permissions: juniortemgoua0; groups with modify permissions: EMPTY
[2024-01-30T12:39:25.133+0000] {spark_submit.py:571} INFO - 24/01/30 12:39:25 INFO Utils: Successfully started service 'sparkDriver' on port 36349.
[2024-01-30T12:39:25.183+0000] {spark_submit.py:571} INFO - 24/01/30 12:39:25 INFO SparkEnv: Registering MapOutputTracker
[2024-01-30T12:39:25.235+0000] {spark_submit.py:571} INFO - 24/01/30 12:39:25 INFO SparkEnv: Registering BlockManagerMaster
[2024-01-30T12:39:25.269+0000] {spark_submit.py:571} INFO - 24/01/30 12:39:25 INFO BlockManagerMasterEndpoint: Using org.apache.spark.storage.DefaultTopologyMapper for getting topology information
[2024-01-30T12:39:25.271+0000] {spark_submit.py:571} INFO - 24/01/30 12:39:25 INFO BlockManagerMasterEndpoint: BlockManagerMasterEndpoint up
[2024-01-30T12:39:25.278+0000] {spark_submit.py:571} INFO - 24/01/30 12:39:25 INFO SparkEnv: Registering BlockManagerMasterHeartbeat
[2024-01-30T12:39:25.314+0000] {spark_submit.py:571} INFO - 24/01/30 12:39:25 INFO DiskBlockManager: Created local directory at /tmp/blockmgr-6282168b-7ecb-4781-b73a-8a618d7411cb
[2024-01-30T12:39:25.346+0000] {spark_submit.py:571} INFO - 24/01/30 12:39:25 INFO MemoryStore: MemoryStore started with capacity 434.4 MiB
[2024-01-30T12:39:25.375+0000] {spark_submit.py:571} INFO - 24/01/30 12:39:25 INFO SparkEnv: Registering OutputCommitCoordinator
[2024-01-30T12:39:25.612+0000] {spark_submit.py:571} INFO - 24/01/30 12:39:25 INFO JettyUtils: Start Jetty 0.0.0.0:4040 for SparkUI
[2024-01-30T12:39:25.715+0000] {spark_submit.py:571} INFO - 24/01/30 12:39:25 INFO Utils: Successfully started service 'SparkUI' on port 4040.
[2024-01-30T12:39:25.794+0000] {spark_submit.py:571} INFO - 24/01/30 12:39:25 INFO SparkContext: Added JAR file:/home/juniortemgoua0/DataLake/jobs/processes/scala/spark_process/target/scala-2.12/spark_job_2.12-0.1.0.jar at spark://instance-1.europe-west9-a.c.data-lake-project-409321.internal:36349/jars/spark_job_2.12-0.1.0.jar with timestamp 1706618364247
[2024-01-30T12:39:25.935+0000] {spark_submit.py:571} INFO - 24/01/30 12:39:25 INFO Executor: Starting executor ID driver on host instance-1.europe-west9-a.c.data-lake-project-409321.internal
[2024-01-30T12:39:25.936+0000] {spark_submit.py:571} INFO - 24/01/30 12:39:25 INFO Executor: OS info Linux, 5.15.0-1049-gcp, amd64
[2024-01-30T12:39:25.938+0000] {spark_submit.py:571} INFO - 24/01/30 12:39:25 INFO Executor: Java version 17.0.9
[2024-01-30T12:39:25.955+0000] {spark_submit.py:571} INFO - 24/01/30 12:39:25 INFO Executor: Starting executor with user classpath (userClassPathFirst = false): ''
[2024-01-30T12:39:25.957+0000] {spark_submit.py:571} INFO - 24/01/30 12:39:25 INFO Executor: Created or updated repl class loader org.apache.spark.util.MutableURLClassLoader@6ed043d3 for default.
[2024-01-30T12:39:26.020+0000] {spark_submit.py:571} INFO - 24/01/30 12:39:26 INFO Executor: Fetching spark://instance-1.europe-west9-a.c.data-lake-project-409321.internal:36349/jars/spark_job_2.12-0.1.0.jar with timestamp 1706618364247
[2024-01-30T12:39:26.121+0000] {spark_submit.py:571} INFO - 24/01/30 12:39:26 INFO TransportClientFactory: Successfully created connection to instance-1.europe-west9-a.c.data-lake-project-409321.internal/10.200.0.5:36349 after 45 ms (0 ms spent in bootstraps)
[2024-01-30T12:39:26.135+0000] {spark_submit.py:571} INFO - 24/01/30 12:39:26 INFO Utils: Fetching spark://instance-1.europe-west9-a.c.data-lake-project-409321.internal:36349/jars/spark_job_2.12-0.1.0.jar to /tmp/spark-4aabaf47-2da8-48b8-a016-9e8bce619fc3/userFiles-49bd942e-2eaa-45e2-894d-d5ca7bb8cb69/fetchFileTemp8525699751619355062.tmp
[2024-01-30T12:39:26.186+0000] {spark_submit.py:571} INFO - 24/01/30 12:39:26 INFO Executor: Adding file:/tmp/spark-4aabaf47-2da8-48b8-a016-9e8bce619fc3/userFiles-49bd942e-2eaa-45e2-894d-d5ca7bb8cb69/spark_job_2.12-0.1.0.jar to class loader default
[2024-01-30T12:39:26.218+0000] {spark_submit.py:571} INFO - 24/01/30 12:39:26 INFO Utils: Successfully started service 'org.apache.spark.network.netty.NettyBlockTransferService' on port 32785.
[2024-01-30T12:39:26.219+0000] {spark_submit.py:571} INFO - 24/01/30 12:39:26 INFO NettyBlockTransferService: Server created on instance-1.europe-west9-a.c.data-lake-project-409321.internal:32785
[2024-01-30T12:39:26.223+0000] {spark_submit.py:571} INFO - 24/01/30 12:39:26 INFO BlockManager: Using org.apache.spark.storage.RandomBlockReplicationPolicy for block replication policy
[2024-01-30T12:39:26.245+0000] {spark_submit.py:571} INFO - 24/01/30 12:39:26 INFO BlockManagerMaster: Registering BlockManager BlockManagerId(driver, instance-1.europe-west9-a.c.data-lake-project-409321.internal, 32785, None)
[2024-01-30T12:39:26.250+0000] {spark_submit.py:571} INFO - 24/01/30 12:39:26 INFO BlockManagerMasterEndpoint: Registering block manager instance-1.europe-west9-a.c.data-lake-project-409321.internal:32785 with 434.4 MiB RAM, BlockManagerId(driver, instance-1.europe-west9-a.c.data-lake-project-409321.internal, 32785, None)
[2024-01-30T12:39:26.255+0000] {spark_submit.py:571} INFO - 24/01/30 12:39:26 INFO BlockManagerMaster: Registered BlockManager BlockManagerId(driver, instance-1.europe-west9-a.c.data-lake-project-409321.internal, 32785, None)
[2024-01-30T12:39:26.256+0000] {spark_submit.py:571} INFO - 24/01/30 12:39:26 INFO BlockManager: Initialized BlockManager: BlockManagerId(driver, instance-1.europe-west9-a.c.data-lake-project-409321.internal, 32785, None)
[2024-01-30T12:39:27.419+0000] {spark_submit.py:571} INFO - 24/01/30 12:39:27 INFO SharedState: Setting hive.metastore.warehouse.dir ('null') to the value of spark.sql.warehouse.dir.
[2024-01-30T12:39:27.430+0000] {spark_submit.py:571} INFO - 24/01/30 12:39:27 INFO SharedState: Warehouse path is 'file:/home/juniortemgoua0/DataLake/spark-warehouse'.
[2024-01-30T12:39:28.451+0000] {spark_submit.py:571} INFO - ************************************************
[2024-01-30T12:39:28.452+0000] {spark_submit.py:571} INFO - Date d'exécution  : 2024-01-08
[2024-01-30T12:39:28.452+0000] {spark_submit.py:571} INFO - ************************************************
[2024-01-30T12:39:29.716+0000] {spark_submit.py:571} INFO - Exception in thread "main" org.apache.spark.sql.AnalysisException: [PATH_NOT_FOUND] Path does not exist: hdfs://localhost:9000/data-lake/raw/football_data/competitions/2024-01-08/*.json.
[2024-01-30T12:39:29.716+0000] {spark_submit.py:571} INFO - at org.apache.spark.sql.errors.QueryCompilationErrors$.dataPathNotExistError(QueryCompilationErrors.scala:1500)
[2024-01-30T12:39:29.716+0000] {spark_submit.py:571} INFO - at org.apache.spark.sql.execution.datasources.DataSource$.$anonfun$checkAndGlobPathIfNecessary$3(DataSource.scala:743)
[2024-01-30T12:39:29.717+0000] {spark_submit.py:571} INFO - at org.apache.spark.util.ThreadUtils$.$anonfun$parmap$2(ThreadUtils.scala:380)
[2024-01-30T12:39:29.717+0000] {spark_submit.py:571} INFO - at scala.concurrent.Future$.$anonfun$apply$1(Future.scala:659)
[2024-01-30T12:39:29.717+0000] {spark_submit.py:571} INFO - at scala.util.Success.$anonfun$map$1(Try.scala:255)
[2024-01-30T12:39:29.717+0000] {spark_submit.py:571} INFO - at scala.util.Success.map(Try.scala:213)
[2024-01-30T12:39:29.717+0000] {spark_submit.py:571} INFO - at scala.concurrent.Future.$anonfun$map$1(Future.scala:292)
[2024-01-30T12:39:29.717+0000] {spark_submit.py:571} INFO - at scala.concurrent.impl.Promise.liftedTree1$1(Promise.scala:33)
[2024-01-30T12:39:29.717+0000] {spark_submit.py:571} INFO - at scala.concurrent.impl.Promise.$anonfun$transform$1(Promise.scala:33)
[2024-01-30T12:39:29.717+0000] {spark_submit.py:571} INFO - at scala.concurrent.impl.CallbackRunnable.run(Promise.scala:64)
[2024-01-30T12:39:29.717+0000] {spark_submit.py:571} INFO - at java.base/java.util.concurrent.ForkJoinTask$RunnableExecuteAction.exec(ForkJoinTask.java:1395)
[2024-01-30T12:39:29.718+0000] {spark_submit.py:571} INFO - at java.base/java.util.concurrent.ForkJoinTask.doExec(ForkJoinTask.java:373)
[2024-01-30T12:39:29.718+0000] {spark_submit.py:571} INFO - at java.base/java.util.concurrent.ForkJoinPool$WorkQueue.topLevelExec(ForkJoinPool.java:1182)
[2024-01-30T12:39:29.718+0000] {spark_submit.py:571} INFO - at java.base/java.util.concurrent.ForkJoinPool.scan(ForkJoinPool.java:1655)
[2024-01-30T12:39:29.718+0000] {spark_submit.py:571} INFO - at java.base/java.util.concurrent.ForkJoinPool.runWorker(ForkJoinPool.java:1622)
[2024-01-30T12:39:29.718+0000] {spark_submit.py:571} INFO - at java.base/java.util.concurrent.ForkJoinWorkerThread.run(ForkJoinWorkerThread.java:165)
[2024-01-30T12:39:29.726+0000] {spark_submit.py:571} INFO - 24/01/30 12:39:29 INFO SparkContext: Invoking stop() from shutdown hook
[2024-01-30T12:39:29.727+0000] {spark_submit.py:571} INFO - 24/01/30 12:39:29 INFO SparkContext: SparkContext is stopping with exitCode 0.
[2024-01-30T12:39:29.747+0000] {spark_submit.py:571} INFO - 24/01/30 12:39:29 INFO SparkUI: Stopped Spark web UI at http://instance-1.europe-west9-a.c.data-lake-project-409321.internal:4040
[2024-01-30T12:39:29.772+0000] {spark_submit.py:571} INFO - 24/01/30 12:39:29 INFO MapOutputTrackerMasterEndpoint: MapOutputTrackerMasterEndpoint stopped!
[2024-01-30T12:39:29.792+0000] {spark_submit.py:571} INFO - 24/01/30 12:39:29 INFO MemoryStore: MemoryStore cleared
[2024-01-30T12:39:29.794+0000] {spark_submit.py:571} INFO - 24/01/30 12:39:29 INFO BlockManager: BlockManager stopped
[2024-01-30T12:39:29.807+0000] {spark_submit.py:571} INFO - 24/01/30 12:39:29 INFO BlockManagerMaster: BlockManagerMaster stopped
[2024-01-30T12:39:29.814+0000] {spark_submit.py:571} INFO - 24/01/30 12:39:29 INFO OutputCommitCoordinator$OutputCommitCoordinatorEndpoint: OutputCommitCoordinator stopped!
[2024-01-30T12:39:29.828+0000] {spark_submit.py:571} INFO - 24/01/30 12:39:29 INFO SparkContext: Successfully stopped SparkContext
[2024-01-30T12:39:29.828+0000] {spark_submit.py:571} INFO - 24/01/30 12:39:29 INFO ShutdownHookManager: Shutdown hook called
[2024-01-30T12:39:29.829+0000] {spark_submit.py:571} INFO - 24/01/30 12:39:29 INFO ShutdownHookManager: Deleting directory /tmp/spark-a98416ba-12ac-4205-96e1-bbb16b7396ac
[2024-01-30T12:39:29.834+0000] {spark_submit.py:571} INFO - 24/01/30 12:39:29 INFO ShutdownHookManager: Deleting directory /tmp/spark-4aabaf47-2da8-48b8-a016-9e8bce619fc3
[2024-01-30T12:39:29.902+0000] {taskinstance.py:2698} ERROR - Task failed with exception
Traceback (most recent call last):
  File "/home/juniortemgoua0/DataLake/venv/lib/python3.8/site-packages/airflow/models/taskinstance.py", line 433, in _execute_task
    result = execute_callable(context=context, **execute_callable_kwargs)
  File "/home/juniortemgoua0/DataLake/venv/lib/python3.8/site-packages/airflow/providers/apache/spark/operators/spark_submit.py", line 174, in execute
    self._hook.submit(self._application)
  File "/home/juniortemgoua0/DataLake/venv/lib/python3.8/site-packages/airflow/providers/apache/spark/hooks/spark_submit.py", line 502, in submit
    raise AirflowException(
airflow.exceptions.AirflowException: Cannot execute: spark-submit --master local[*] --conf spark.airflow.execution_date=2024-01-08 --name arrow-spark --class RawToFormatted --queue root.default --deploy-mode client /home/juniortemgoua0/DataLake/jobs/processes/scala/spark_process/target/scala-2.12/spark_job_2.12-0.1.0.jar hdfs://localhost:9000/data-lake. Error code is: 1.
[2024-01-30T12:39:29.906+0000] {taskinstance.py:1138} INFO - Marking task as UP_FOR_RETRY. dag_id=manage_data_lake_dag, task_id=local_job_raw_to_formatted, execution_date=20240108T000000, start_date=20240130T123921, end_date=20240130T123929
[2024-01-30T12:39:29.924+0000] {standard_task_runner.py:107} ERROR - Failed to execute job 206 for task local_job_raw_to_formatted (Cannot execute: spark-submit --master local[*] --conf spark.airflow.execution_date=2024-01-08 --name arrow-spark --class RawToFormatted --queue root.default --deploy-mode client /home/juniortemgoua0/DataLake/jobs/processes/scala/spark_process/target/scala-2.12/spark_job_2.12-0.1.0.jar hdfs://localhost:9000/data-lake. Error code is: 1.; 28099)
[2024-01-30T12:39:29.970+0000] {local_task_job_runner.py:234} INFO - Task exited with return code 1
[2024-01-30T12:39:29.988+0000] {taskinstance.py:3280} INFO - 0 downstream tasks scheduled from follow-on schedule check
