[2024-01-30T02:47:35.944+0000] {taskinstance.py:1956} INFO - Dependencies all met for dep_context=non-requeueable deps ti=<TaskInstance: manage_data_lake_dag.local_job_raw_to_formatted scheduled__2024-01-08T00:00:00+00:00 [queued]>
[2024-01-30T02:47:35.951+0000] {taskinstance.py:1956} INFO - Dependencies all met for dep_context=requeueable deps ti=<TaskInstance: manage_data_lake_dag.local_job_raw_to_formatted scheduled__2024-01-08T00:00:00+00:00 [queued]>
[2024-01-30T02:47:35.951+0000] {taskinstance.py:2170} INFO - Starting attempt 1 of 6
[2024-01-30T02:47:35.963+0000] {taskinstance.py:2191} INFO - Executing <Task(SparkSubmitOperator): local_job_raw_to_formatted> on 2024-01-08 00:00:00+00:00
[2024-01-30T02:47:35.968+0000] {standard_task_runner.py:60} INFO - Started process 15366 to run task
[2024-01-30T02:47:35.973+0000] {standard_task_runner.py:87} INFO - Running: ['airflow', 'tasks', 'run', 'manage_data_lake_dag', 'local_job_raw_to_formatted', 'scheduled__2024-01-08T00:00:00+00:00', '--job-id', '148', '--raw', '--subdir', 'DAGS_FOLDER/data_lake_dag.py', '--cfg-path', '/tmp/tmpoh1c880u']
[2024-01-30T02:47:35.975+0000] {standard_task_runner.py:88} INFO - Job 148: Subtask local_job_raw_to_formatted
[2024-01-30T02:47:36.021+0000] {task_command.py:423} INFO - Running <TaskInstance: manage_data_lake_dag.local_job_raw_to_formatted scheduled__2024-01-08T00:00:00+00:00 [running]> on host instance-1.europe-west9-a.c.data-lake-project-409321.internal
[2024-01-30T02:47:36.098+0000] {taskinstance.py:2480} INFO - Exporting env vars: AIRFLOW_CTX_DAG_OWNER='juniortemgoua0' AIRFLOW_CTX_DAG_ID='manage_data_lake_dag' AIRFLOW_CTX_TASK_ID='local_job_raw_to_formatted' AIRFLOW_CTX_EXECUTION_DATE='2024-01-08T00:00:00+00:00' AIRFLOW_CTX_TRY_NUMBER='1' AIRFLOW_CTX_DAG_RUN_ID='scheduled__2024-01-08T00:00:00+00:00'
[2024-01-30T02:47:36.105+0000] {base.py:83} INFO - Using connection ID 'spark_default' for task execution.
[2024-01-30T02:47:36.106+0000] {spark_submit.py:401} INFO - Spark-Submit cmd: spark-submit --master local[*] --conf spark.airflow.execution_date=2024-01-08 --name arrow-spark --class RawToFormatted --queue root.default --deploy-mode client /home/juniortemgoua0/DataLake/jobs/processes/scala/spark_process/target/scala-2.12/spark_job_2.12-0.1.0.jar hdfs://localhost:9000/data-lake
[2024-01-30T02:47:38.823+0000] {spark_submit.py:571} INFO - 24/01/30 02:47:38 INFO SparkContext: Running Spark version 3.5.0
[2024-01-30T02:47:38.827+0000] {spark_submit.py:571} INFO - 24/01/30 02:47:38 INFO SparkContext: OS info Linux, 5.15.0-1049-gcp, amd64
[2024-01-30T02:47:38.827+0000] {spark_submit.py:571} INFO - 24/01/30 02:47:38 INFO SparkContext: Java version 17.0.9
[2024-01-30T02:47:38.964+0000] {spark_submit.py:571} INFO - 24/01/30 02:47:38 WARN NativeCodeLoader: Unable to load native-hadoop library for your platform... using builtin-java classes where applicable
[2024-01-30T02:47:39.123+0000] {spark_submit.py:571} INFO - 24/01/30 02:47:39 INFO ResourceUtils: ==============================================================
[2024-01-30T02:47:39.123+0000] {spark_submit.py:571} INFO - 24/01/30 02:47:39 INFO ResourceUtils: No custom resources configured for spark.driver.
[2024-01-30T02:47:39.127+0000] {spark_submit.py:571} INFO - 24/01/30 02:47:39 INFO ResourceUtils: ==============================================================
[2024-01-30T02:47:39.128+0000] {spark_submit.py:571} INFO - 24/01/30 02:47:39 INFO SparkContext: Submitted application: RawToFormatted
[2024-01-30T02:47:39.172+0000] {spark_submit.py:571} INFO - 24/01/30 02:47:39 INFO ResourceProfile: Default ResourceProfile created, executor resources: Map(cores -> name: cores, amount: 1, script: , vendor: , memory -> name: memory, amount: 1024, script: , vendor: , offHeap -> name: offHeap, amount: 0, script: , vendor: ), task resources: Map(cpus -> name: cpus, amount: 1.0)
[2024-01-30T02:47:39.185+0000] {spark_submit.py:571} INFO - 24/01/30 02:47:39 INFO ResourceProfile: Limiting resource is cpu
[2024-01-30T02:47:39.186+0000] {spark_submit.py:571} INFO - 24/01/30 02:47:39 INFO ResourceProfileManager: Added ResourceProfile id: 0
[2024-01-30T02:47:39.267+0000] {spark_submit.py:571} INFO - 24/01/30 02:47:39 INFO SecurityManager: Changing view acls to: juniortemgoua0
[2024-01-30T02:47:39.268+0000] {spark_submit.py:571} INFO - 24/01/30 02:47:39 INFO SecurityManager: Changing modify acls to: juniortemgoua0
[2024-01-30T02:47:39.269+0000] {spark_submit.py:571} INFO - 24/01/30 02:47:39 INFO SecurityManager: Changing view acls groups to:
[2024-01-30T02:47:39.270+0000] {spark_submit.py:571} INFO - 24/01/30 02:47:39 INFO SecurityManager: Changing modify acls groups to:
[2024-01-30T02:47:39.270+0000] {spark_submit.py:571} INFO - 24/01/30 02:47:39 INFO SecurityManager: SecurityManager: authentication disabled; ui acls disabled; users with view permissions: juniortemgoua0; groups with view permissions: EMPTY; users with modify permissions: juniortemgoua0; groups with modify permissions: EMPTY
[2024-01-30T02:47:39.684+0000] {spark_submit.py:571} INFO - 24/01/30 02:47:39 INFO Utils: Successfully started service 'sparkDriver' on port 35615.
[2024-01-30T02:47:39.727+0000] {spark_submit.py:571} INFO - 24/01/30 02:47:39 INFO SparkEnv: Registering MapOutputTracker
[2024-01-30T02:47:39.777+0000] {spark_submit.py:571} INFO - 24/01/30 02:47:39 INFO SparkEnv: Registering BlockManagerMaster
[2024-01-30T02:47:39.807+0000] {spark_submit.py:571} INFO - 24/01/30 02:47:39 INFO BlockManagerMasterEndpoint: Using org.apache.spark.storage.DefaultTopologyMapper for getting topology information
[2024-01-30T02:47:39.808+0000] {spark_submit.py:571} INFO - 24/01/30 02:47:39 INFO BlockManagerMasterEndpoint: BlockManagerMasterEndpoint up
[2024-01-30T02:47:39.816+0000] {spark_submit.py:571} INFO - 24/01/30 02:47:39 INFO SparkEnv: Registering BlockManagerMasterHeartbeat
[2024-01-30T02:47:39.844+0000] {spark_submit.py:571} INFO - 24/01/30 02:47:39 INFO DiskBlockManager: Created local directory at /tmp/blockmgr-dd5405f6-a22a-44f4-80f7-7dc6567e79e5
[2024-01-30T02:47:39.883+0000] {spark_submit.py:571} INFO - 24/01/30 02:47:39 INFO MemoryStore: MemoryStore started with capacity 434.4 MiB
[2024-01-30T02:47:39.906+0000] {spark_submit.py:571} INFO - 24/01/30 02:47:39 INFO SparkEnv: Registering OutputCommitCoordinator
[2024-01-30T02:47:40.067+0000] {spark_submit.py:571} INFO - 24/01/30 02:47:40 INFO JettyUtils: Start Jetty 0.0.0.0:4040 for SparkUI
[2024-01-30T02:47:40.156+0000] {spark_submit.py:571} INFO - 24/01/30 02:47:40 INFO Utils: Successfully started service 'SparkUI' on port 4040.
[2024-01-30T02:47:40.227+0000] {spark_submit.py:571} INFO - 24/01/30 02:47:40 INFO SparkContext: Added JAR file:/home/juniortemgoua0/DataLake/jobs/processes/scala/spark_process/target/scala-2.12/spark_job_2.12-0.1.0.jar at spark://instance-1.europe-west9-a.c.data-lake-project-409321.internal:35615/jars/spark_job_2.12-0.1.0.jar with timestamp 1706582858808
[2024-01-30T02:47:40.343+0000] {spark_submit.py:571} INFO - 24/01/30 02:47:40 INFO Executor: Starting executor ID driver on host instance-1.europe-west9-a.c.data-lake-project-409321.internal
[2024-01-30T02:47:40.344+0000] {spark_submit.py:571} INFO - 24/01/30 02:47:40 INFO Executor: OS info Linux, 5.15.0-1049-gcp, amd64
[2024-01-30T02:47:40.346+0000] {spark_submit.py:571} INFO - 24/01/30 02:47:40 INFO Executor: Java version 17.0.9
[2024-01-30T02:47:40.361+0000] {spark_submit.py:571} INFO - 24/01/30 02:47:40 INFO Executor: Starting executor with user classpath (userClassPathFirst = false): ''
[2024-01-30T02:47:40.363+0000] {spark_submit.py:571} INFO - 24/01/30 02:47:40 INFO Executor: Created or updated repl class loader org.apache.spark.util.MutableURLClassLoader@135a8c6f for default.
[2024-01-30T02:47:40.391+0000] {spark_submit.py:571} INFO - 24/01/30 02:47:40 INFO Executor: Fetching spark://instance-1.europe-west9-a.c.data-lake-project-409321.internal:35615/jars/spark_job_2.12-0.1.0.jar with timestamp 1706582858808
[2024-01-30T02:47:40.600+0000] {spark_submit.py:571} INFO - 24/01/30 02:47:40 INFO TransportClientFactory: Successfully created connection to instance-1.europe-west9-a.c.data-lake-project-409321.internal/10.200.0.5:35615 after 69 ms (0 ms spent in bootstraps)
[2024-01-30T02:47:40.620+0000] {spark_submit.py:571} INFO - 24/01/30 02:47:40 INFO Utils: Fetching spark://instance-1.europe-west9-a.c.data-lake-project-409321.internal:35615/jars/spark_job_2.12-0.1.0.jar to /tmp/spark-61a6f0ee-4f89-458a-a44e-61aac1e5ba27/userFiles-65e1605f-b826-49d7-bf90-decc0fadfc26/fetchFileTemp17895130705611936853.tmp
[2024-01-30T02:47:40.667+0000] {spark_submit.py:571} INFO - 24/01/30 02:47:40 INFO Executor: Adding file:/tmp/spark-61a6f0ee-4f89-458a-a44e-61aac1e5ba27/userFiles-65e1605f-b826-49d7-bf90-decc0fadfc26/spark_job_2.12-0.1.0.jar to class loader default
[2024-01-30T02:47:40.679+0000] {spark_submit.py:571} INFO - 24/01/30 02:47:40 INFO Utils: Successfully started service 'org.apache.spark.network.netty.NettyBlockTransferService' on port 35729.
[2024-01-30T02:47:40.679+0000] {spark_submit.py:571} INFO - 24/01/30 02:47:40 INFO NettyBlockTransferService: Server created on instance-1.europe-west9-a.c.data-lake-project-409321.internal:35729
[2024-01-30T02:47:40.680+0000] {spark_submit.py:571} INFO - 24/01/30 02:47:40 INFO BlockManager: Using org.apache.spark.storage.RandomBlockReplicationPolicy for block replication policy
[2024-01-30T02:47:40.691+0000] {spark_submit.py:571} INFO - 24/01/30 02:47:40 INFO BlockManagerMaster: Registering BlockManager BlockManagerId(driver, instance-1.europe-west9-a.c.data-lake-project-409321.internal, 35729, None)
[2024-01-30T02:47:40.697+0000] {spark_submit.py:571} INFO - 24/01/30 02:47:40 INFO BlockManagerMasterEndpoint: Registering block manager instance-1.europe-west9-a.c.data-lake-project-409321.internal:35729 with 434.4 MiB RAM, BlockManagerId(driver, instance-1.europe-west9-a.c.data-lake-project-409321.internal, 35729, None)
[2024-01-30T02:47:40.700+0000] {spark_submit.py:571} INFO - 24/01/30 02:47:40 INFO BlockManagerMaster: Registered BlockManager BlockManagerId(driver, instance-1.europe-west9-a.c.data-lake-project-409321.internal, 35729, None)
[2024-01-30T02:47:40.702+0000] {spark_submit.py:571} INFO - 24/01/30 02:47:40 INFO BlockManager: Initialized BlockManager: BlockManagerId(driver, instance-1.europe-west9-a.c.data-lake-project-409321.internal, 35729, None)
[2024-01-30T02:47:42.645+0000] {spark_submit.py:571} INFO - 24/01/30 02:47:42 INFO SharedState: Setting hive.metastore.warehouse.dir ('null') to the value of spark.sql.warehouse.dir.
[2024-01-30T02:47:42.653+0000] {spark_submit.py:571} INFO - 24/01/30 02:47:42 INFO SharedState: Warehouse path is 'file:/home/juniortemgoua0/DataLake/spark-warehouse'.
[2024-01-30T02:47:44.114+0000] {spark_submit.py:571} INFO - ************************************************
[2024-01-30T02:47:44.115+0000] {spark_submit.py:571} INFO - Date d'exécution  : 2024-01-08
[2024-01-30T02:47:44.115+0000] {spark_submit.py:571} INFO - ************************************************
[2024-01-30T02:47:45.570+0000] {spark_submit.py:571} INFO - Exception in thread "main" org.apache.spark.sql.AnalysisException: [PATH_NOT_FOUND] Path does not exist: hdfs://localhost:9000/data-lake/raw/football_data/competitions/2024-01-08/*.json.
[2024-01-30T02:47:45.571+0000] {spark_submit.py:571} INFO - at org.apache.spark.sql.errors.QueryCompilationErrors$.dataPathNotExistError(QueryCompilationErrors.scala:1500)
[2024-01-30T02:47:45.571+0000] {spark_submit.py:571} INFO - at org.apache.spark.sql.execution.datasources.DataSource$.$anonfun$checkAndGlobPathIfNecessary$3(DataSource.scala:743)
[2024-01-30T02:47:45.571+0000] {spark_submit.py:571} INFO - at org.apache.spark.util.ThreadUtils$.$anonfun$parmap$2(ThreadUtils.scala:380)
[2024-01-30T02:47:45.571+0000] {spark_submit.py:571} INFO - at scala.concurrent.Future$.$anonfun$apply$1(Future.scala:659)
[2024-01-30T02:47:45.572+0000] {spark_submit.py:571} INFO - at scala.util.Success.$anonfun$map$1(Try.scala:255)
[2024-01-30T02:47:45.572+0000] {spark_submit.py:571} INFO - at scala.util.Success.map(Try.scala:213)
[2024-01-30T02:47:45.572+0000] {spark_submit.py:571} INFO - at scala.concurrent.Future.$anonfun$map$1(Future.scala:292)
[2024-01-30T02:47:45.572+0000] {spark_submit.py:571} INFO - at scala.concurrent.impl.Promise.liftedTree1$1(Promise.scala:33)
[2024-01-30T02:47:45.572+0000] {spark_submit.py:571} INFO - at scala.concurrent.impl.Promise.$anonfun$transform$1(Promise.scala:33)
[2024-01-30T02:47:45.572+0000] {spark_submit.py:571} INFO - at scala.concurrent.impl.CallbackRunnable.run(Promise.scala:64)
[2024-01-30T02:47:45.573+0000] {spark_submit.py:571} INFO - at java.base/java.util.concurrent.ForkJoinTask$RunnableExecuteAction.exec(ForkJoinTask.java:1395)
[2024-01-30T02:47:45.573+0000] {spark_submit.py:571} INFO - at java.base/java.util.concurrent.ForkJoinTask.doExec(ForkJoinTask.java:373)
[2024-01-30T02:47:45.573+0000] {spark_submit.py:571} INFO - at java.base/java.util.concurrent.ForkJoinPool$WorkQueue.topLevelExec(ForkJoinPool.java:1182)
[2024-01-30T02:47:45.573+0000] {spark_submit.py:571} INFO - at java.base/java.util.concurrent.ForkJoinPool.scan(ForkJoinPool.java:1655)
[2024-01-30T02:47:45.573+0000] {spark_submit.py:571} INFO - at java.base/java.util.concurrent.ForkJoinPool.runWorker(ForkJoinPool.java:1622)
[2024-01-30T02:47:45.573+0000] {spark_submit.py:571} INFO - at java.base/java.util.concurrent.ForkJoinWorkerThread.run(ForkJoinWorkerThread.java:165)
[2024-01-30T02:47:45.579+0000] {spark_submit.py:571} INFO - 24/01/30 02:47:45 INFO SparkContext: Invoking stop() from shutdown hook
[2024-01-30T02:47:45.580+0000] {spark_submit.py:571} INFO - 24/01/30 02:47:45 INFO SparkContext: SparkContext is stopping with exitCode 0.
[2024-01-30T02:47:45.595+0000] {spark_submit.py:571} INFO - 24/01/30 02:47:45 INFO SparkUI: Stopped Spark web UI at http://instance-1.europe-west9-a.c.data-lake-project-409321.internal:4040
[2024-01-30T02:47:45.614+0000] {spark_submit.py:571} INFO - 24/01/30 02:47:45 INFO MapOutputTrackerMasterEndpoint: MapOutputTrackerMasterEndpoint stopped!
[2024-01-30T02:47:45.629+0000] {spark_submit.py:571} INFO - 24/01/30 02:47:45 INFO MemoryStore: MemoryStore cleared
[2024-01-30T02:47:45.629+0000] {spark_submit.py:571} INFO - 24/01/30 02:47:45 INFO BlockManager: BlockManager stopped
[2024-01-30T02:47:45.642+0000] {spark_submit.py:571} INFO - 24/01/30 02:47:45 INFO BlockManagerMaster: BlockManagerMaster stopped
[2024-01-30T02:47:45.647+0000] {spark_submit.py:571} INFO - 24/01/30 02:47:45 INFO OutputCommitCoordinator$OutputCommitCoordinatorEndpoint: OutputCommitCoordinator stopped!
[2024-01-30T02:47:45.662+0000] {spark_submit.py:571} INFO - 24/01/30 02:47:45 INFO SparkContext: Successfully stopped SparkContext
[2024-01-30T02:47:45.662+0000] {spark_submit.py:571} INFO - 24/01/30 02:47:45 INFO ShutdownHookManager: Shutdown hook called
[2024-01-30T02:47:45.662+0000] {spark_submit.py:571} INFO - 24/01/30 02:47:45 INFO ShutdownHookManager: Deleting directory /tmp/spark-32ea40b0-efd2-4060-b5ac-c4eb33e3243b
[2024-01-30T02:47:45.676+0000] {spark_submit.py:571} INFO - 24/01/30 02:47:45 INFO ShutdownHookManager: Deleting directory /tmp/spark-61a6f0ee-4f89-458a-a44e-61aac1e5ba27
[2024-01-30T02:47:45.730+0000] {taskinstance.py:2698} ERROR - Task failed with exception
Traceback (most recent call last):
  File "/home/juniortemgoua0/DataLake/venv/lib/python3.8/site-packages/airflow/models/taskinstance.py", line 433, in _execute_task
    result = execute_callable(context=context, **execute_callable_kwargs)
  File "/home/juniortemgoua0/DataLake/venv/lib/python3.8/site-packages/airflow/providers/apache/spark/operators/spark_submit.py", line 174, in execute
    self._hook.submit(self._application)
  File "/home/juniortemgoua0/DataLake/venv/lib/python3.8/site-packages/airflow/providers/apache/spark/hooks/spark_submit.py", line 502, in submit
    raise AirflowException(
airflow.exceptions.AirflowException: Cannot execute: spark-submit --master local[*] --conf spark.airflow.execution_date=2024-01-08 --name arrow-spark --class RawToFormatted --queue root.default --deploy-mode client /home/juniortemgoua0/DataLake/jobs/processes/scala/spark_process/target/scala-2.12/spark_job_2.12-0.1.0.jar hdfs://localhost:9000/data-lake. Error code is: 1.
[2024-01-30T02:47:45.733+0000] {taskinstance.py:1138} INFO - Marking task as UP_FOR_RETRY. dag_id=manage_data_lake_dag, task_id=local_job_raw_to_formatted, execution_date=20240108T000000, start_date=20240130T024735, end_date=20240130T024745
[2024-01-30T02:47:45.745+0000] {standard_task_runner.py:107} ERROR - Failed to execute job 148 for task local_job_raw_to_formatted (Cannot execute: spark-submit --master local[*] --conf spark.airflow.execution_date=2024-01-08 --name arrow-spark --class RawToFormatted --queue root.default --deploy-mode client /home/juniortemgoua0/DataLake/jobs/processes/scala/spark_process/target/scala-2.12/spark_job_2.12-0.1.0.jar hdfs://localhost:9000/data-lake. Error code is: 1.; 15366)
[2024-01-30T02:47:45.787+0000] {local_task_job_runner.py:234} INFO - Task exited with return code 1
[2024-01-30T02:47:45.802+0000] {taskinstance.py:3280} INFO - 0 downstream tasks scheduled from follow-on schedule check
[2024-01-30T03:17:57.939+0000] {taskinstance.py:1956} INFO - Dependencies all met for dep_context=non-requeueable deps ti=<TaskInstance: manage_data_lake_dag.local_job_raw_to_formatted scheduled__2024-01-08T00:00:00+00:00 [queued]>
[2024-01-30T03:17:57.946+0000] {taskinstance.py:1956} INFO - Dependencies all met for dep_context=requeueable deps ti=<TaskInstance: manage_data_lake_dag.local_job_raw_to_formatted scheduled__2024-01-08T00:00:00+00:00 [queued]>
[2024-01-30T03:17:57.947+0000] {taskinstance.py:2170} INFO - Starting attempt 1 of 6
[2024-01-30T03:17:57.960+0000] {taskinstance.py:2191} INFO - Executing <Task(SparkSubmitOperator): local_job_raw_to_formatted> on 2024-01-08 00:00:00+00:00
[2024-01-30T03:17:57.965+0000] {standard_task_runner.py:60} INFO - Started process 26312 to run task
[2024-01-30T03:17:57.971+0000] {standard_task_runner.py:87} INFO - Running: ['airflow', 'tasks', 'run', 'manage_data_lake_dag', 'local_job_raw_to_formatted', 'scheduled__2024-01-08T00:00:00+00:00', '--job-id', '167', '--raw', '--subdir', 'DAGS_FOLDER/data_lake_dag.py', '--cfg-path', '/tmp/tmpw3yhhb_z']
[2024-01-30T03:17:57.974+0000] {standard_task_runner.py:88} INFO - Job 167: Subtask local_job_raw_to_formatted
[2024-01-30T03:17:58.025+0000] {task_command.py:423} INFO - Running <TaskInstance: manage_data_lake_dag.local_job_raw_to_formatted scheduled__2024-01-08T00:00:00+00:00 [running]> on host instance-1.europe-west9-a.c.data-lake-project-409321.internal
[2024-01-30T03:17:58.080+0000] {taskinstance.py:2480} INFO - Exporting env vars: AIRFLOW_CTX_DAG_OWNER='juniortemgoua0' AIRFLOW_CTX_DAG_ID='manage_data_lake_dag' AIRFLOW_CTX_TASK_ID='local_job_raw_to_formatted' AIRFLOW_CTX_EXECUTION_DATE='2024-01-08T00:00:00+00:00' AIRFLOW_CTX_TRY_NUMBER='1' AIRFLOW_CTX_DAG_RUN_ID='scheduled__2024-01-08T00:00:00+00:00'
[2024-01-30T03:17:58.087+0000] {base.py:83} INFO - Using connection ID 'spark_default' for task execution.
[2024-01-30T03:17:58.088+0000] {spark_submit.py:401} INFO - Spark-Submit cmd: spark-submit --master local[*] --conf spark.airflow.execution_date=2024-01-08 --name arrow-spark --class RawToFormatted --queue root.default --deploy-mode client /home/juniortemgoua0/DataLake/jobs/processes/scala/spark_process/target/scala-2.12/spark_job_2.12-0.1.0.jar hdfs://localhost:9000/data-lake
[2024-01-30T03:18:00.750+0000] {spark_submit.py:571} INFO - 24/01/30 03:18:00 INFO SparkContext: Running Spark version 3.5.0
[2024-01-30T03:18:00.758+0000] {spark_submit.py:571} INFO - 24/01/30 03:18:00 INFO SparkContext: OS info Linux, 5.15.0-1049-gcp, amd64
[2024-01-30T03:18:00.760+0000] {spark_submit.py:571} INFO - 24/01/30 03:18:00 INFO SparkContext: Java version 17.0.9
[2024-01-30T03:18:00.899+0000] {spark_submit.py:571} INFO - 24/01/30 03:18:00 WARN NativeCodeLoader: Unable to load native-hadoop library for your platform... using builtin-java classes where applicable
[2024-01-30T03:18:01.098+0000] {spark_submit.py:571} INFO - 24/01/30 03:18:01 INFO ResourceUtils: ==============================================================
[2024-01-30T03:18:01.101+0000] {spark_submit.py:571} INFO - 24/01/30 03:18:01 INFO ResourceUtils: No custom resources configured for spark.driver.
[2024-01-30T03:18:01.102+0000] {spark_submit.py:571} INFO - 24/01/30 03:18:01 INFO ResourceUtils: ==============================================================
[2024-01-30T03:18:01.103+0000] {spark_submit.py:571} INFO - 24/01/30 03:18:01 INFO SparkContext: Submitted application: RawToFormatted
[2024-01-30T03:18:01.145+0000] {spark_submit.py:571} INFO - 24/01/30 03:18:01 INFO ResourceProfile: Default ResourceProfile created, executor resources: Map(cores -> name: cores, amount: 1, script: , vendor: , memory -> name: memory, amount: 1024, script: , vendor: , offHeap -> name: offHeap, amount: 0, script: , vendor: ), task resources: Map(cpus -> name: cpus, amount: 1.0)
[2024-01-30T03:18:01.158+0000] {spark_submit.py:571} INFO - 24/01/30 03:18:01 INFO ResourceProfile: Limiting resource is cpu
[2024-01-30T03:18:01.159+0000] {spark_submit.py:571} INFO - 24/01/30 03:18:01 INFO ResourceProfileManager: Added ResourceProfile id: 0
[2024-01-30T03:18:01.246+0000] {spark_submit.py:571} INFO - 24/01/30 03:18:01 INFO SecurityManager: Changing view acls to: juniortemgoua0
[2024-01-30T03:18:01.247+0000] {spark_submit.py:571} INFO - 24/01/30 03:18:01 INFO SecurityManager: Changing modify acls to: juniortemgoua0
[2024-01-30T03:18:01.248+0000] {spark_submit.py:571} INFO - 24/01/30 03:18:01 INFO SecurityManager: Changing view acls groups to:
[2024-01-30T03:18:01.250+0000] {spark_submit.py:571} INFO - 24/01/30 03:18:01 INFO SecurityManager: Changing modify acls groups to:
[2024-01-30T03:18:01.251+0000] {spark_submit.py:571} INFO - 24/01/30 03:18:01 INFO SecurityManager: SecurityManager: authentication disabled; ui acls disabled; users with view permissions: juniortemgoua0; groups with view permissions: EMPTY; users with modify permissions: juniortemgoua0; groups with modify permissions: EMPTY
[2024-01-30T03:18:01.585+0000] {spark_submit.py:571} INFO - 24/01/30 03:18:01 INFO Utils: Successfully started service 'sparkDriver' on port 41685.
[2024-01-30T03:18:01.627+0000] {spark_submit.py:571} INFO - 24/01/30 03:18:01 INFO SparkEnv: Registering MapOutputTracker
[2024-01-30T03:18:01.686+0000] {spark_submit.py:571} INFO - 24/01/30 03:18:01 INFO SparkEnv: Registering BlockManagerMaster
[2024-01-30T03:18:01.715+0000] {spark_submit.py:571} INFO - 24/01/30 03:18:01 INFO BlockManagerMasterEndpoint: Using org.apache.spark.storage.DefaultTopologyMapper for getting topology information
[2024-01-30T03:18:01.716+0000] {spark_submit.py:571} INFO - 24/01/30 03:18:01 INFO BlockManagerMasterEndpoint: BlockManagerMasterEndpoint up
[2024-01-30T03:18:01.723+0000] {spark_submit.py:571} INFO - 24/01/30 03:18:01 INFO SparkEnv: Registering BlockManagerMasterHeartbeat
[2024-01-30T03:18:01.751+0000] {spark_submit.py:571} INFO - 24/01/30 03:18:01 INFO DiskBlockManager: Created local directory at /tmp/blockmgr-16af5ab6-fad3-4d44-888d-bb98629f1e21
[2024-01-30T03:18:01.780+0000] {spark_submit.py:571} INFO - 24/01/30 03:18:01 INFO MemoryStore: MemoryStore started with capacity 434.4 MiB
[2024-01-30T03:18:01.811+0000] {spark_submit.py:571} INFO - 24/01/30 03:18:01 INFO SparkEnv: Registering OutputCommitCoordinator
[2024-01-30T03:18:01.995+0000] {spark_submit.py:571} INFO - 24/01/30 03:18:01 INFO JettyUtils: Start Jetty 0.0.0.0:4040 for SparkUI
[2024-01-30T03:18:02.085+0000] {spark_submit.py:571} INFO - 24/01/30 03:18:02 INFO Utils: Successfully started service 'SparkUI' on port 4040.
[2024-01-30T03:18:02.188+0000] {spark_submit.py:571} INFO - 24/01/30 03:18:02 INFO SparkContext: Added JAR file:/home/juniortemgoua0/DataLake/jobs/processes/scala/spark_process/target/scala-2.12/spark_job_2.12-0.1.0.jar at spark://instance-1.europe-west9-a.c.data-lake-project-409321.internal:41685/jars/spark_job_2.12-0.1.0.jar with timestamp 1706584680725
[2024-01-30T03:18:02.308+0000] {spark_submit.py:571} INFO - 24/01/30 03:18:02 INFO Executor: Starting executor ID driver on host instance-1.europe-west9-a.c.data-lake-project-409321.internal
[2024-01-30T03:18:02.309+0000] {spark_submit.py:571} INFO - 24/01/30 03:18:02 INFO Executor: OS info Linux, 5.15.0-1049-gcp, amd64
[2024-01-30T03:18:02.311+0000] {spark_submit.py:571} INFO - 24/01/30 03:18:02 INFO Executor: Java version 17.0.9
[2024-01-30T03:18:02.323+0000] {spark_submit.py:571} INFO - 24/01/30 03:18:02 INFO Executor: Starting executor with user classpath (userClassPathFirst = false): ''
[2024-01-30T03:18:02.325+0000] {spark_submit.py:571} INFO - 24/01/30 03:18:02 INFO Executor: Created or updated repl class loader org.apache.spark.util.MutableURLClassLoader@6ed043d3 for default.
[2024-01-30T03:18:02.388+0000] {spark_submit.py:571} INFO - 24/01/30 03:18:02 INFO Executor: Fetching spark://instance-1.europe-west9-a.c.data-lake-project-409321.internal:41685/jars/spark_job_2.12-0.1.0.jar with timestamp 1706584680725
[2024-01-30T03:18:02.469+0000] {spark_submit.py:571} INFO - 24/01/30 03:18:02 INFO TransportClientFactory: Successfully created connection to instance-1.europe-west9-a.c.data-lake-project-409321.internal/10.200.0.5:41685 after 40 ms (0 ms spent in bootstraps)
[2024-01-30T03:18:02.487+0000] {spark_submit.py:571} INFO - 24/01/30 03:18:02 INFO Utils: Fetching spark://instance-1.europe-west9-a.c.data-lake-project-409321.internal:41685/jars/spark_job_2.12-0.1.0.jar to /tmp/spark-979f8f87-0910-4d98-b258-1a0b5ea01501/userFiles-2e060cad-312f-4ea3-8cca-6d3beef16fb9/fetchFileTemp9162017421808235864.tmp
[2024-01-30T03:18:02.527+0000] {spark_submit.py:571} INFO - 24/01/30 03:18:02 INFO Executor: Adding file:/tmp/spark-979f8f87-0910-4d98-b258-1a0b5ea01501/userFiles-2e060cad-312f-4ea3-8cca-6d3beef16fb9/spark_job_2.12-0.1.0.jar to class loader default
[2024-01-30T03:18:02.542+0000] {spark_submit.py:571} INFO - 24/01/30 03:18:02 INFO Utils: Successfully started service 'org.apache.spark.network.netty.NettyBlockTransferService' on port 34541.
[2024-01-30T03:18:02.543+0000] {spark_submit.py:571} INFO - 24/01/30 03:18:02 INFO NettyBlockTransferService: Server created on instance-1.europe-west9-a.c.data-lake-project-409321.internal:34541
[2024-01-30T03:18:02.543+0000] {spark_submit.py:571} INFO - 24/01/30 03:18:02 INFO BlockManager: Using org.apache.spark.storage.RandomBlockReplicationPolicy for block replication policy
[2024-01-30T03:18:02.553+0000] {spark_submit.py:571} INFO - 24/01/30 03:18:02 INFO BlockManagerMaster: Registering BlockManager BlockManagerId(driver, instance-1.europe-west9-a.c.data-lake-project-409321.internal, 34541, None)
[2024-01-30T03:18:02.558+0000] {spark_submit.py:571} INFO - 24/01/30 03:18:02 INFO BlockManagerMasterEndpoint: Registering block manager instance-1.europe-west9-a.c.data-lake-project-409321.internal:34541 with 434.4 MiB RAM, BlockManagerId(driver, instance-1.europe-west9-a.c.data-lake-project-409321.internal, 34541, None)
[2024-01-30T03:18:02.561+0000] {spark_submit.py:571} INFO - 24/01/30 03:18:02 INFO BlockManagerMaster: Registered BlockManager BlockManagerId(driver, instance-1.europe-west9-a.c.data-lake-project-409321.internal, 34541, None)
[2024-01-30T03:18:02.564+0000] {spark_submit.py:571} INFO - 24/01/30 03:18:02 INFO BlockManager: Initialized BlockManager: BlockManagerId(driver, instance-1.europe-west9-a.c.data-lake-project-409321.internal, 34541, None)
[2024-01-30T03:18:03.576+0000] {spark_submit.py:571} INFO - 24/01/30 03:18:03 INFO SharedState: Setting hive.metastore.warehouse.dir ('null') to the value of spark.sql.warehouse.dir.
[2024-01-30T03:18:03.586+0000] {spark_submit.py:571} INFO - 24/01/30 03:18:03 INFO SharedState: Warehouse path is 'file:/home/juniortemgoua0/DataLake/spark-warehouse'.
[2024-01-30T03:18:04.647+0000] {spark_submit.py:571} INFO - ************************************************
[2024-01-30T03:18:04.647+0000] {spark_submit.py:571} INFO - Date d'exécution  : 2024-01-08
[2024-01-30T03:18:04.648+0000] {spark_submit.py:571} INFO - ************************************************
[2024-01-30T03:18:05.863+0000] {spark_submit.py:571} INFO - Exception in thread "main" org.apache.spark.sql.AnalysisException: [PATH_NOT_FOUND] Path does not exist: hdfs://localhost:9000/data-lake/raw/football_data/competitions/2024-01-08/*.json.
[2024-01-30T03:18:05.864+0000] {spark_submit.py:571} INFO - at org.apache.spark.sql.errors.QueryCompilationErrors$.dataPathNotExistError(QueryCompilationErrors.scala:1500)
[2024-01-30T03:18:05.864+0000] {spark_submit.py:571} INFO - at org.apache.spark.sql.execution.datasources.DataSource$.$anonfun$checkAndGlobPathIfNecessary$3(DataSource.scala:743)
[2024-01-30T03:18:05.864+0000] {spark_submit.py:571} INFO - at org.apache.spark.util.ThreadUtils$.$anonfun$parmap$2(ThreadUtils.scala:380)
[2024-01-30T03:18:05.864+0000] {spark_submit.py:571} INFO - at scala.concurrent.Future$.$anonfun$apply$1(Future.scala:659)
[2024-01-30T03:18:05.865+0000] {spark_submit.py:571} INFO - at scala.util.Success.$anonfun$map$1(Try.scala:255)
[2024-01-30T03:18:05.865+0000] {spark_submit.py:571} INFO - at scala.util.Success.map(Try.scala:213)
[2024-01-30T03:18:05.865+0000] {spark_submit.py:571} INFO - at scala.concurrent.Future.$anonfun$map$1(Future.scala:292)
[2024-01-30T03:18:05.865+0000] {spark_submit.py:571} INFO - at scala.concurrent.impl.Promise.liftedTree1$1(Promise.scala:33)
[2024-01-30T03:18:05.865+0000] {spark_submit.py:571} INFO - at scala.concurrent.impl.Promise.$anonfun$transform$1(Promise.scala:33)
[2024-01-30T03:18:05.865+0000] {spark_submit.py:571} INFO - at scala.concurrent.impl.CallbackRunnable.run(Promise.scala:64)
[2024-01-30T03:18:05.866+0000] {spark_submit.py:571} INFO - at java.base/java.util.concurrent.ForkJoinTask$RunnableExecuteAction.exec(ForkJoinTask.java:1395)
[2024-01-30T03:18:05.866+0000] {spark_submit.py:571} INFO - at java.base/java.util.concurrent.ForkJoinTask.doExec(ForkJoinTask.java:373)
[2024-01-30T03:18:05.867+0000] {spark_submit.py:571} INFO - at java.base/java.util.concurrent.ForkJoinPool$WorkQueue.topLevelExec(ForkJoinPool.java:1182)
[2024-01-30T03:18:05.867+0000] {spark_submit.py:571} INFO - at java.base/java.util.concurrent.ForkJoinPool.scan(ForkJoinPool.java:1655)
[2024-01-30T03:18:05.867+0000] {spark_submit.py:571} INFO - at java.base/java.util.concurrent.ForkJoinPool.runWorker(ForkJoinPool.java:1622)
[2024-01-30T03:18:05.867+0000] {spark_submit.py:571} INFO - at java.base/java.util.concurrent.ForkJoinWorkerThread.run(ForkJoinWorkerThread.java:165)
[2024-01-30T03:18:05.897+0000] {spark_submit.py:571} INFO - 24/01/30 03:18:05 INFO SparkContext: Invoking stop() from shutdown hook
[2024-01-30T03:18:05.898+0000] {spark_submit.py:571} INFO - 24/01/30 03:18:05 INFO SparkContext: SparkContext is stopping with exitCode 0.
[2024-01-30T03:18:05.915+0000] {spark_submit.py:571} INFO - 24/01/30 03:18:05 INFO SparkUI: Stopped Spark web UI at http://instance-1.europe-west9-a.c.data-lake-project-409321.internal:4040
[2024-01-30T03:18:05.933+0000] {spark_submit.py:571} INFO - 24/01/30 03:18:05 INFO MapOutputTrackerMasterEndpoint: MapOutputTrackerMasterEndpoint stopped!
[2024-01-30T03:18:05.950+0000] {spark_submit.py:571} INFO - 24/01/30 03:18:05 INFO MemoryStore: MemoryStore cleared
[2024-01-30T03:18:05.952+0000] {spark_submit.py:571} INFO - 24/01/30 03:18:05 INFO BlockManager: BlockManager stopped
[2024-01-30T03:18:05.962+0000] {spark_submit.py:571} INFO - 24/01/30 03:18:05 INFO BlockManagerMaster: BlockManagerMaster stopped
[2024-01-30T03:18:05.966+0000] {spark_submit.py:571} INFO - 24/01/30 03:18:05 INFO OutputCommitCoordinator$OutputCommitCoordinatorEndpoint: OutputCommitCoordinator stopped!
[2024-01-30T03:18:05.980+0000] {spark_submit.py:571} INFO - 24/01/30 03:18:05 INFO SparkContext: Successfully stopped SparkContext
[2024-01-30T03:18:05.980+0000] {spark_submit.py:571} INFO - 24/01/30 03:18:05 INFO ShutdownHookManager: Shutdown hook called
[2024-01-30T03:18:05.981+0000] {spark_submit.py:571} INFO - 24/01/30 03:18:05 INFO ShutdownHookManager: Deleting directory /tmp/spark-979f8f87-0910-4d98-b258-1a0b5ea01501
[2024-01-30T03:18:05.984+0000] {spark_submit.py:571} INFO - 24/01/30 03:18:05 INFO ShutdownHookManager: Deleting directory /tmp/spark-41716051-9e46-4f21-8ac7-401991d21d1f
[2024-01-30T03:18:06.033+0000] {taskinstance.py:2698} ERROR - Task failed with exception
Traceback (most recent call last):
  File "/home/juniortemgoua0/DataLake/venv/lib/python3.8/site-packages/airflow/models/taskinstance.py", line 433, in _execute_task
    result = execute_callable(context=context, **execute_callable_kwargs)
  File "/home/juniortemgoua0/DataLake/venv/lib/python3.8/site-packages/airflow/providers/apache/spark/operators/spark_submit.py", line 174, in execute
    self._hook.submit(self._application)
  File "/home/juniortemgoua0/DataLake/venv/lib/python3.8/site-packages/airflow/providers/apache/spark/hooks/spark_submit.py", line 502, in submit
    raise AirflowException(
airflow.exceptions.AirflowException: Cannot execute: spark-submit --master local[*] --conf spark.airflow.execution_date=2024-01-08 --name arrow-spark --class RawToFormatted --queue root.default --deploy-mode client /home/juniortemgoua0/DataLake/jobs/processes/scala/spark_process/target/scala-2.12/spark_job_2.12-0.1.0.jar hdfs://localhost:9000/data-lake. Error code is: 1.
[2024-01-30T03:18:06.036+0000] {taskinstance.py:1138} INFO - Marking task as UP_FOR_RETRY. dag_id=manage_data_lake_dag, task_id=local_job_raw_to_formatted, execution_date=20240108T000000, start_date=20240130T031757, end_date=20240130T031806
[2024-01-30T03:18:06.049+0000] {standard_task_runner.py:107} ERROR - Failed to execute job 167 for task local_job_raw_to_formatted (Cannot execute: spark-submit --master local[*] --conf spark.airflow.execution_date=2024-01-08 --name arrow-spark --class RawToFormatted --queue root.default --deploy-mode client /home/juniortemgoua0/DataLake/jobs/processes/scala/spark_process/target/scala-2.12/spark_job_2.12-0.1.0.jar hdfs://localhost:9000/data-lake. Error code is: 1.; 26312)
[2024-01-30T03:18:06.080+0000] {local_task_job_runner.py:234} INFO - Task exited with return code 1
[2024-01-30T03:18:06.098+0000] {taskinstance.py:3280} INFO - 0 downstream tasks scheduled from follow-on schedule check
