[2024-01-30T02:58:57.707+0000] {taskinstance.py:1956} INFO - Dependencies all met for dep_context=non-requeueable deps ti=<TaskInstance: manage_data_lake_dag.local_job_raw_to_formatted scheduled__2024-01-09T00:00:00+00:00 [queued]>
[2024-01-30T02:58:57.713+0000] {taskinstance.py:1956} INFO - Dependencies all met for dep_context=requeueable deps ti=<TaskInstance: manage_data_lake_dag.local_job_raw_to_formatted scheduled__2024-01-09T00:00:00+00:00 [queued]>
[2024-01-30T02:58:57.713+0000] {taskinstance.py:2170} INFO - Starting attempt 3 of 6
[2024-01-30T02:58:57.725+0000] {taskinstance.py:2191} INFO - Executing <Task(SparkSubmitOperator): local_job_raw_to_formatted> on 2024-01-09 00:00:00+00:00
[2024-01-30T02:58:57.730+0000] {standard_task_runner.py:60} INFO - Started process 21032 to run task
[2024-01-30T02:58:57.736+0000] {standard_task_runner.py:87} INFO - Running: ['airflow', 'tasks', 'run', 'manage_data_lake_dag', 'local_job_raw_to_formatted', 'scheduled__2024-01-09T00:00:00+00:00', '--job-id', '195', '--raw', '--subdir', 'DAGS_FOLDER/data_lake_dag.py', '--cfg-path', '/tmp/tmp6cy0bvir']
[2024-01-30T02:58:57.738+0000] {standard_task_runner.py:88} INFO - Job 195: Subtask local_job_raw_to_formatted
[2024-01-30T02:58:57.779+0000] {task_command.py:423} INFO - Running <TaskInstance: manage_data_lake_dag.local_job_raw_to_formatted scheduled__2024-01-09T00:00:00+00:00 [running]> on host instance-1.europe-west9-a.c.data-lake-project-409321.internal
[2024-01-30T02:58:57.830+0000] {taskinstance.py:2480} INFO - Exporting env vars: AIRFLOW_CTX_DAG_OWNER='juniortemgoua0' AIRFLOW_CTX_DAG_ID='manage_data_lake_dag' AIRFLOW_CTX_TASK_ID='local_job_raw_to_formatted' AIRFLOW_CTX_EXECUTION_DATE='2024-01-09T00:00:00+00:00' AIRFLOW_CTX_TRY_NUMBER='3' AIRFLOW_CTX_DAG_RUN_ID='scheduled__2024-01-09T00:00:00+00:00'
[2024-01-30T02:58:57.837+0000] {base.py:83} INFO - Using connection ID 'spark_default' for task execution.
[2024-01-30T02:58:57.838+0000] {spark_submit.py:401} INFO - Spark-Submit cmd: spark-submit --master local[*] --conf spark.airflow.execution_date=2024-01-09 --name arrow-spark --class RawToFormatted --queue root.default --deploy-mode client /home/juniortemgoua0/DataLake/jobs/processes/scala/spark_process/target/scala-2.12/spark_job_2.12-0.1.0.jar hdfs://localhost:9000/data-lake
[2024-01-30T02:59:00.793+0000] {spark_submit.py:571} INFO - 24/01/30 02:59:00 INFO SparkContext: Running Spark version 3.5.0
[2024-01-30T02:59:00.797+0000] {spark_submit.py:571} INFO - 24/01/30 02:59:00 INFO SparkContext: OS info Linux, 5.15.0-1049-gcp, amd64
[2024-01-30T02:59:00.798+0000] {spark_submit.py:571} INFO - 24/01/30 02:59:00 INFO SparkContext: Java version 17.0.9
[2024-01-30T02:59:00.916+0000] {spark_submit.py:571} INFO - 24/01/30 02:59:00 WARN NativeCodeLoader: Unable to load native-hadoop library for your platform... using builtin-java classes where applicable
[2024-01-30T02:59:01.046+0000] {spark_submit.py:571} INFO - 24/01/30 02:59:01 INFO ResourceUtils: ==============================================================
[2024-01-30T02:59:01.047+0000] {spark_submit.py:571} INFO - 24/01/30 02:59:01 INFO ResourceUtils: No custom resources configured for spark.driver.
[2024-01-30T02:59:01.048+0000] {spark_submit.py:571} INFO - 24/01/30 02:59:01 INFO ResourceUtils: ==============================================================
[2024-01-30T02:59:01.050+0000] {spark_submit.py:571} INFO - 24/01/30 02:59:01 INFO SparkContext: Submitted application: RawToFormatted
[2024-01-30T02:59:01.079+0000] {spark_submit.py:571} INFO - 24/01/30 02:59:01 INFO ResourceProfile: Default ResourceProfile created, executor resources: Map(cores -> name: cores, amount: 1, script: , vendor: , memory -> name: memory, amount: 1024, script: , vendor: , offHeap -> name: offHeap, amount: 0, script: , vendor: ), task resources: Map(cpus -> name: cpus, amount: 1.0)
[2024-01-30T02:59:01.094+0000] {spark_submit.py:571} INFO - 24/01/30 02:59:01 INFO ResourceProfile: Limiting resource is cpu
[2024-01-30T02:59:01.096+0000] {spark_submit.py:571} INFO - 24/01/30 02:59:01 INFO ResourceProfileManager: Added ResourceProfile id: 0
[2024-01-30T02:59:01.189+0000] {spark_submit.py:571} INFO - 24/01/30 02:59:01 INFO SecurityManager: Changing view acls to: juniortemgoua0
[2024-01-30T02:59:01.190+0000] {spark_submit.py:571} INFO - 24/01/30 02:59:01 INFO SecurityManager: Changing modify acls to: juniortemgoua0
[2024-01-30T02:59:01.197+0000] {spark_submit.py:571} INFO - 24/01/30 02:59:01 INFO SecurityManager: Changing view acls groups to:
[2024-01-30T02:59:01.200+0000] {spark_submit.py:571} INFO - 24/01/30 02:59:01 INFO SecurityManager: Changing modify acls groups to:
[2024-01-30T02:59:01.201+0000] {spark_submit.py:571} INFO - 24/01/30 02:59:01 INFO SecurityManager: SecurityManager: authentication disabled; ui acls disabled; users with view permissions: juniortemgoua0; groups with view permissions: EMPTY; users with modify permissions: juniortemgoua0; groups with modify permissions: EMPTY
[2024-01-30T02:59:01.546+0000] {spark_submit.py:571} INFO - 24/01/30 02:59:01 INFO Utils: Successfully started service 'sparkDriver' on port 43269.
[2024-01-30T02:59:01.586+0000] {spark_submit.py:571} INFO - 24/01/30 02:59:01 INFO SparkEnv: Registering MapOutputTracker
[2024-01-30T02:59:01.649+0000] {spark_submit.py:571} INFO - 24/01/30 02:59:01 INFO SparkEnv: Registering BlockManagerMaster
[2024-01-30T02:59:01.678+0000] {spark_submit.py:571} INFO - 24/01/30 02:59:01 INFO BlockManagerMasterEndpoint: Using org.apache.spark.storage.DefaultTopologyMapper for getting topology information
[2024-01-30T02:59:01.679+0000] {spark_submit.py:571} INFO - 24/01/30 02:59:01 INFO BlockManagerMasterEndpoint: BlockManagerMasterEndpoint up
[2024-01-30T02:59:01.683+0000] {spark_submit.py:571} INFO - 24/01/30 02:59:01 INFO SparkEnv: Registering BlockManagerMasterHeartbeat
[2024-01-30T02:59:01.704+0000] {spark_submit.py:571} INFO - 24/01/30 02:59:01 INFO DiskBlockManager: Created local directory at /tmp/blockmgr-9630a704-6e4e-412a-919d-4c6125241da8
[2024-01-30T02:59:01.724+0000] {spark_submit.py:571} INFO - 24/01/30 02:59:01 INFO MemoryStore: MemoryStore started with capacity 434.4 MiB
[2024-01-30T02:59:01.747+0000] {spark_submit.py:571} INFO - 24/01/30 02:59:01 INFO SparkEnv: Registering OutputCommitCoordinator
[2024-01-30T02:59:01.948+0000] {spark_submit.py:571} INFO - 24/01/30 02:59:01 INFO JettyUtils: Start Jetty 0.0.0.0:4040 for SparkUI
[2024-01-30T02:59:02.034+0000] {spark_submit.py:571} INFO - 24/01/30 02:59:02 INFO Utils: Successfully started service 'SparkUI' on port 4040.
[2024-01-30T02:59:02.114+0000] {spark_submit.py:571} INFO - 24/01/30 02:59:02 INFO SparkContext: Added JAR file:/home/juniortemgoua0/DataLake/jobs/processes/scala/spark_process/target/scala-2.12/spark_job_2.12-0.1.0.jar at spark://instance-1.europe-west9-a.c.data-lake-project-409321.internal:43269/jars/spark_job_2.12-0.1.0.jar with timestamp 1706583540776
[2024-01-30T02:59:02.241+0000] {spark_submit.py:571} INFO - 24/01/30 02:59:02 INFO Executor: Starting executor ID driver on host instance-1.europe-west9-a.c.data-lake-project-409321.internal
[2024-01-30T02:59:02.241+0000] {spark_submit.py:571} INFO - 24/01/30 02:59:02 INFO Executor: OS info Linux, 5.15.0-1049-gcp, amd64
[2024-01-30T02:59:02.243+0000] {spark_submit.py:571} INFO - 24/01/30 02:59:02 INFO Executor: Java version 17.0.9
[2024-01-30T02:59:02.255+0000] {spark_submit.py:571} INFO - 24/01/30 02:59:02 INFO Executor: Starting executor with user classpath (userClassPathFirst = false): ''
[2024-01-30T02:59:02.256+0000] {spark_submit.py:571} INFO - 24/01/30 02:59:02 INFO Executor: Created or updated repl class loader org.apache.spark.util.MutableURLClassLoader@6ed043d3 for default.
[2024-01-30T02:59:02.305+0000] {spark_submit.py:571} INFO - 24/01/30 02:59:02 INFO Executor: Fetching spark://instance-1.europe-west9-a.c.data-lake-project-409321.internal:43269/jars/spark_job_2.12-0.1.0.jar with timestamp 1706583540776
[2024-01-30T02:59:02.455+0000] {spark_submit.py:571} INFO - 24/01/30 02:59:02 INFO TransportClientFactory: Successfully created connection to instance-1.europe-west9-a.c.data-lake-project-409321.internal/10.200.0.5:43269 after 95 ms (0 ms spent in bootstraps)
[2024-01-30T02:59:02.471+0000] {spark_submit.py:571} INFO - 24/01/30 02:59:02 INFO Utils: Fetching spark://instance-1.europe-west9-a.c.data-lake-project-409321.internal:43269/jars/spark_job_2.12-0.1.0.jar to /tmp/spark-f0f9e7f7-5a7a-4524-9201-c4ca71830233/userFiles-3b3125b2-d67e-4078-a754-4b7f9c218fec/fetchFileTemp1539565757159713613.tmp
[2024-01-30T02:59:02.516+0000] {spark_submit.py:571} INFO - 24/01/30 02:59:02 INFO Executor: Adding file:/tmp/spark-f0f9e7f7-5a7a-4524-9201-c4ca71830233/userFiles-3b3125b2-d67e-4078-a754-4b7f9c218fec/spark_job_2.12-0.1.0.jar to class loader default
[2024-01-30T02:59:02.530+0000] {spark_submit.py:571} INFO - 24/01/30 02:59:02 INFO Utils: Successfully started service 'org.apache.spark.network.netty.NettyBlockTransferService' on port 46803.
[2024-01-30T02:59:02.531+0000] {spark_submit.py:571} INFO - 24/01/30 02:59:02 INFO NettyBlockTransferService: Server created on instance-1.europe-west9-a.c.data-lake-project-409321.internal:46803
[2024-01-30T02:59:02.531+0000] {spark_submit.py:571} INFO - 24/01/30 02:59:02 INFO BlockManager: Using org.apache.spark.storage.RandomBlockReplicationPolicy for block replication policy
[2024-01-30T02:59:02.539+0000] {spark_submit.py:571} INFO - 24/01/30 02:59:02 INFO BlockManagerMaster: Registering BlockManager BlockManagerId(driver, instance-1.europe-west9-a.c.data-lake-project-409321.internal, 46803, None)
[2024-01-30T02:59:02.543+0000] {spark_submit.py:571} INFO - 24/01/30 02:59:02 INFO BlockManagerMasterEndpoint: Registering block manager instance-1.europe-west9-a.c.data-lake-project-409321.internal:46803 with 434.4 MiB RAM, BlockManagerId(driver, instance-1.europe-west9-a.c.data-lake-project-409321.internal, 46803, None)
[2024-01-30T02:59:02.546+0000] {spark_submit.py:571} INFO - 24/01/30 02:59:02 INFO BlockManagerMaster: Registered BlockManager BlockManagerId(driver, instance-1.europe-west9-a.c.data-lake-project-409321.internal, 46803, None)
[2024-01-30T02:59:02.548+0000] {spark_submit.py:571} INFO - 24/01/30 02:59:02 INFO BlockManager: Initialized BlockManager: BlockManagerId(driver, instance-1.europe-west9-a.c.data-lake-project-409321.internal, 46803, None)
[2024-01-30T02:59:03.610+0000] {spark_submit.py:571} INFO - 24/01/30 02:59:03 INFO SharedState: Setting hive.metastore.warehouse.dir ('null') to the value of spark.sql.warehouse.dir.
[2024-01-30T02:59:03.619+0000] {spark_submit.py:571} INFO - 24/01/30 02:59:03 INFO SharedState: Warehouse path is 'file:/home/juniortemgoua0/DataLake/spark-warehouse'.
[2024-01-30T02:59:04.960+0000] {spark_submit.py:571} INFO - ************************************************
[2024-01-30T02:59:04.961+0000] {spark_submit.py:571} INFO - Date d'exécution  : 2024-01-09
[2024-01-30T02:59:04.961+0000] {spark_submit.py:571} INFO - ************************************************
[2024-01-30T02:59:06.048+0000] {spark_submit.py:571} INFO - Exception in thread "main" org.apache.spark.sql.AnalysisException: [PATH_NOT_FOUND] Path does not exist: hdfs://localhost:9000/data-lake/raw/football_data/competitions/2024-01-09/*.json.
[2024-01-30T02:59:06.048+0000] {spark_submit.py:571} INFO - at org.apache.spark.sql.errors.QueryCompilationErrors$.dataPathNotExistError(QueryCompilationErrors.scala:1500)
[2024-01-30T02:59:06.048+0000] {spark_submit.py:571} INFO - at org.apache.spark.sql.execution.datasources.DataSource$.$anonfun$checkAndGlobPathIfNecessary$3(DataSource.scala:743)
[2024-01-30T02:59:06.049+0000] {spark_submit.py:571} INFO - at org.apache.spark.util.ThreadUtils$.$anonfun$parmap$2(ThreadUtils.scala:380)
[2024-01-30T02:59:06.049+0000] {spark_submit.py:571} INFO - at scala.concurrent.Future$.$anonfun$apply$1(Future.scala:659)
[2024-01-30T02:59:06.049+0000] {spark_submit.py:571} INFO - at scala.util.Success.$anonfun$map$1(Try.scala:255)
[2024-01-30T02:59:06.049+0000] {spark_submit.py:571} INFO - at scala.util.Success.map(Try.scala:213)
[2024-01-30T02:59:06.049+0000] {spark_submit.py:571} INFO - at scala.concurrent.Future.$anonfun$map$1(Future.scala:292)
[2024-01-30T02:59:06.049+0000] {spark_submit.py:571} INFO - at scala.concurrent.impl.Promise.liftedTree1$1(Promise.scala:33)
[2024-01-30T02:59:06.050+0000] {spark_submit.py:571} INFO - at scala.concurrent.impl.Promise.$anonfun$transform$1(Promise.scala:33)
[2024-01-30T02:59:06.050+0000] {spark_submit.py:571} INFO - at scala.concurrent.impl.CallbackRunnable.run(Promise.scala:64)
[2024-01-30T02:59:06.050+0000] {spark_submit.py:571} INFO - at java.base/java.util.concurrent.ForkJoinTask$RunnableExecuteAction.exec(ForkJoinTask.java:1395)
[2024-01-30T02:59:06.050+0000] {spark_submit.py:571} INFO - at java.base/java.util.concurrent.ForkJoinTask.doExec(ForkJoinTask.java:373)
[2024-01-30T02:59:06.050+0000] {spark_submit.py:571} INFO - at java.base/java.util.concurrent.ForkJoinPool$WorkQueue.topLevelExec(ForkJoinPool.java:1182)
[2024-01-30T02:59:06.051+0000] {spark_submit.py:571} INFO - at java.base/java.util.concurrent.ForkJoinPool.scan(ForkJoinPool.java:1655)
[2024-01-30T02:59:06.051+0000] {spark_submit.py:571} INFO - at java.base/java.util.concurrent.ForkJoinPool.runWorker(ForkJoinPool.java:1622)
[2024-01-30T02:59:06.051+0000] {spark_submit.py:571} INFO - at java.base/java.util.concurrent.ForkJoinWorkerThread.run(ForkJoinWorkerThread.java:165)
[2024-01-30T02:59:06.057+0000] {spark_submit.py:571} INFO - 24/01/30 02:59:06 INFO SparkContext: Invoking stop() from shutdown hook
[2024-01-30T02:59:06.058+0000] {spark_submit.py:571} INFO - 24/01/30 02:59:06 INFO SparkContext: SparkContext is stopping with exitCode 0.
[2024-01-30T02:59:06.096+0000] {spark_submit.py:571} INFO - 24/01/30 02:59:06 INFO SparkUI: Stopped Spark web UI at http://instance-1.europe-west9-a.c.data-lake-project-409321.internal:4040
[2024-01-30T02:59:06.129+0000] {spark_submit.py:571} INFO - 24/01/30 02:59:06 INFO MapOutputTrackerMasterEndpoint: MapOutputTrackerMasterEndpoint stopped!
[2024-01-30T02:59:06.188+0000] {spark_submit.py:571} INFO - 24/01/30 02:59:06 INFO MemoryStore: MemoryStore cleared
[2024-01-30T02:59:06.189+0000] {spark_submit.py:571} INFO - 24/01/30 02:59:06 INFO BlockManager: BlockManager stopped
[2024-01-30T02:59:06.199+0000] {spark_submit.py:571} INFO - 24/01/30 02:59:06 INFO BlockManagerMaster: BlockManagerMaster stopped
[2024-01-30T02:59:06.204+0000] {spark_submit.py:571} INFO - 24/01/30 02:59:06 INFO OutputCommitCoordinator$OutputCommitCoordinatorEndpoint: OutputCommitCoordinator stopped!
[2024-01-30T02:59:06.216+0000] {spark_submit.py:571} INFO - 24/01/30 02:59:06 INFO SparkContext: Successfully stopped SparkContext
[2024-01-30T02:59:06.216+0000] {spark_submit.py:571} INFO - 24/01/30 02:59:06 INFO ShutdownHookManager: Shutdown hook called
[2024-01-30T02:59:06.216+0000] {spark_submit.py:571} INFO - 24/01/30 02:59:06 INFO ShutdownHookManager: Deleting directory /tmp/spark-cd966d3d-881f-4036-ab88-276f2b596500
[2024-01-30T02:59:06.221+0000] {spark_submit.py:571} INFO - 24/01/30 02:59:06 INFO ShutdownHookManager: Deleting directory /tmp/spark-f0f9e7f7-5a7a-4524-9201-c4ca71830233
[2024-01-30T02:59:06.284+0000] {taskinstance.py:2698} ERROR - Task failed with exception
Traceback (most recent call last):
  File "/home/juniortemgoua0/DataLake/venv/lib/python3.8/site-packages/airflow/models/taskinstance.py", line 433, in _execute_task
    result = execute_callable(context=context, **execute_callable_kwargs)
  File "/home/juniortemgoua0/DataLake/venv/lib/python3.8/site-packages/airflow/providers/apache/spark/operators/spark_submit.py", line 174, in execute
    self._hook.submit(self._application)
  File "/home/juniortemgoua0/DataLake/venv/lib/python3.8/site-packages/airflow/providers/apache/spark/hooks/spark_submit.py", line 502, in submit
    raise AirflowException(
airflow.exceptions.AirflowException: Cannot execute: spark-submit --master local[*] --conf spark.airflow.execution_date=2024-01-09 --name arrow-spark --class RawToFormatted --queue root.default --deploy-mode client /home/juniortemgoua0/DataLake/jobs/processes/scala/spark_process/target/scala-2.12/spark_job_2.12-0.1.0.jar hdfs://localhost:9000/data-lake. Error code is: 1.
[2024-01-30T02:59:06.287+0000] {taskinstance.py:1138} INFO - Marking task as UP_FOR_RETRY. dag_id=manage_data_lake_dag, task_id=local_job_raw_to_formatted, execution_date=20240109T000000, start_date=20240130T025857, end_date=20240130T025906
[2024-01-30T02:59:06.300+0000] {standard_task_runner.py:107} ERROR - Failed to execute job 195 for task local_job_raw_to_formatted (Cannot execute: spark-submit --master local[*] --conf spark.airflow.execution_date=2024-01-09 --name arrow-spark --class RawToFormatted --queue root.default --deploy-mode client /home/juniortemgoua0/DataLake/jobs/processes/scala/spark_process/target/scala-2.12/spark_job_2.12-0.1.0.jar hdfs://localhost:9000/data-lake. Error code is: 1.; 21032)
[2024-01-30T02:59:06.323+0000] {local_task_job_runner.py:234} INFO - Task exited with return code 1
[2024-01-30T02:59:06.345+0000] {taskinstance.py:3280} INFO - 0 downstream tasks scheduled from follow-on schedule check
