[2024-01-30T02:48:04.940+0000] {taskinstance.py:1956} INFO - Dependencies all met for dep_context=non-requeueable deps ti=<TaskInstance: manage_data_lake_dag.local_job_raw_to_formatted scheduled__2024-01-09T00:00:00+00:00 [queued]>
[2024-01-30T02:48:04.946+0000] {taskinstance.py:1956} INFO - Dependencies all met for dep_context=requeueable deps ti=<TaskInstance: manage_data_lake_dag.local_job_raw_to_formatted scheduled__2024-01-09T00:00:00+00:00 [queued]>
[2024-01-30T02:48:04.946+0000] {taskinstance.py:2170} INFO - Starting attempt 1 of 6
[2024-01-30T02:48:04.960+0000] {taskinstance.py:2191} INFO - Executing <Task(SparkSubmitOperator): local_job_raw_to_formatted> on 2024-01-09 00:00:00+00:00
[2024-01-30T02:48:04.970+0000] {standard_task_runner.py:87} INFO - Running: ['airflow', 'tasks', 'run', 'manage_data_lake_dag', 'local_job_raw_to_formatted', 'scheduled__2024-01-09T00:00:00+00:00', '--job-id', '151', '--raw', '--subdir', 'DAGS_FOLDER/data_lake_dag.py', '--cfg-path', '/tmp/tmpmowp5051']
[2024-01-30T02:48:04.973+0000] {standard_task_runner.py:88} INFO - Job 151: Subtask local_job_raw_to_formatted
[2024-01-30T02:48:04.964+0000] {standard_task_runner.py:60} INFO - Started process 15611 to run task
[2024-01-30T02:48:05.023+0000] {task_command.py:423} INFO - Running <TaskInstance: manage_data_lake_dag.local_job_raw_to_formatted scheduled__2024-01-09T00:00:00+00:00 [running]> on host instance-1.europe-west9-a.c.data-lake-project-409321.internal
[2024-01-30T02:48:05.077+0000] {taskinstance.py:2480} INFO - Exporting env vars: AIRFLOW_CTX_DAG_OWNER='juniortemgoua0' AIRFLOW_CTX_DAG_ID='manage_data_lake_dag' AIRFLOW_CTX_TASK_ID='local_job_raw_to_formatted' AIRFLOW_CTX_EXECUTION_DATE='2024-01-09T00:00:00+00:00' AIRFLOW_CTX_TRY_NUMBER='1' AIRFLOW_CTX_DAG_RUN_ID='scheduled__2024-01-09T00:00:00+00:00'
[2024-01-30T02:48:05.084+0000] {base.py:83} INFO - Using connection ID 'spark_default' for task execution.
[2024-01-30T02:48:05.085+0000] {spark_submit.py:401} INFO - Spark-Submit cmd: spark-submit --master local[*] --conf spark.airflow.execution_date=2024-01-09 --name arrow-spark --class RawToFormatted --queue root.default --deploy-mode client /home/juniortemgoua0/DataLake/jobs/processes/scala/spark_process/target/scala-2.12/spark_job_2.12-0.1.0.jar hdfs://localhost:9000/data-lake
[2024-01-30T02:48:07.838+0000] {spark_submit.py:571} INFO - 24/01/30 02:48:07 INFO SparkContext: Running Spark version 3.5.0
[2024-01-30T02:48:07.843+0000] {spark_submit.py:571} INFO - 24/01/30 02:48:07 INFO SparkContext: OS info Linux, 5.15.0-1049-gcp, amd64
[2024-01-30T02:48:07.844+0000] {spark_submit.py:571} INFO - 24/01/30 02:48:07 INFO SparkContext: Java version 17.0.9
[2024-01-30T02:48:07.971+0000] {spark_submit.py:571} INFO - 24/01/30 02:48:07 WARN NativeCodeLoader: Unable to load native-hadoop library for your platform... using builtin-java classes where applicable
[2024-01-30T02:48:08.140+0000] {spark_submit.py:571} INFO - 24/01/30 02:48:08 INFO ResourceUtils: ==============================================================
[2024-01-30T02:48:08.141+0000] {spark_submit.py:571} INFO - 24/01/30 02:48:08 INFO ResourceUtils: No custom resources configured for spark.driver.
[2024-01-30T02:48:08.143+0000] {spark_submit.py:571} INFO - 24/01/30 02:48:08 INFO ResourceUtils: ==============================================================
[2024-01-30T02:48:08.144+0000] {spark_submit.py:571} INFO - 24/01/30 02:48:08 INFO SparkContext: Submitted application: RawToFormatted
[2024-01-30T02:48:08.177+0000] {spark_submit.py:571} INFO - 24/01/30 02:48:08 INFO ResourceProfile: Default ResourceProfile created, executor resources: Map(cores -> name: cores, amount: 1, script: , vendor: , memory -> name: memory, amount: 1024, script: , vendor: , offHeap -> name: offHeap, amount: 0, script: , vendor: ), task resources: Map(cpus -> name: cpus, amount: 1.0)
[2024-01-30T02:48:08.190+0000] {spark_submit.py:571} INFO - 24/01/30 02:48:08 INFO ResourceProfile: Limiting resource is cpu
[2024-01-30T02:48:08.191+0000] {spark_submit.py:571} INFO - 24/01/30 02:48:08 INFO ResourceProfileManager: Added ResourceProfile id: 0
[2024-01-30T02:48:08.261+0000] {spark_submit.py:571} INFO - 24/01/30 02:48:08 INFO SecurityManager: Changing view acls to: juniortemgoua0
[2024-01-30T02:48:08.262+0000] {spark_submit.py:571} INFO - 24/01/30 02:48:08 INFO SecurityManager: Changing modify acls to: juniortemgoua0
[2024-01-30T02:48:08.263+0000] {spark_submit.py:571} INFO - 24/01/30 02:48:08 INFO SecurityManager: Changing view acls groups to:
[2024-01-30T02:48:08.263+0000] {spark_submit.py:571} INFO - 24/01/30 02:48:08 INFO SecurityManager: Changing modify acls groups to:
[2024-01-30T02:48:08.266+0000] {spark_submit.py:571} INFO - 24/01/30 02:48:08 INFO SecurityManager: SecurityManager: authentication disabled; ui acls disabled; users with view permissions: juniortemgoua0; groups with view permissions: EMPTY; users with modify permissions: juniortemgoua0; groups with modify permissions: EMPTY
[2024-01-30T02:48:08.686+0000] {spark_submit.py:571} INFO - 24/01/30 02:48:08 INFO Utils: Successfully started service 'sparkDriver' on port 41797.
[2024-01-30T02:48:08.724+0000] {spark_submit.py:571} INFO - 24/01/30 02:48:08 INFO SparkEnv: Registering MapOutputTracker
[2024-01-30T02:48:08.772+0000] {spark_submit.py:571} INFO - 24/01/30 02:48:08 INFO SparkEnv: Registering BlockManagerMaster
[2024-01-30T02:48:08.798+0000] {spark_submit.py:571} INFO - 24/01/30 02:48:08 INFO BlockManagerMasterEndpoint: Using org.apache.spark.storage.DefaultTopologyMapper for getting topology information
[2024-01-30T02:48:08.799+0000] {spark_submit.py:571} INFO - 24/01/30 02:48:08 INFO BlockManagerMasterEndpoint: BlockManagerMasterEndpoint up
[2024-01-30T02:48:08.804+0000] {spark_submit.py:571} INFO - 24/01/30 02:48:08 INFO SparkEnv: Registering BlockManagerMasterHeartbeat
[2024-01-30T02:48:08.833+0000] {spark_submit.py:571} INFO - 24/01/30 02:48:08 INFO DiskBlockManager: Created local directory at /tmp/blockmgr-2dfde2fa-1159-4de7-b60b-6c93896c2f41
[2024-01-30T02:48:08.857+0000] {spark_submit.py:571} INFO - 24/01/30 02:48:08 INFO MemoryStore: MemoryStore started with capacity 434.4 MiB
[2024-01-30T02:48:08.881+0000] {spark_submit.py:571} INFO - 24/01/30 02:48:08 INFO SparkEnv: Registering OutputCommitCoordinator
[2024-01-30T02:48:09.085+0000] {spark_submit.py:571} INFO - 24/01/30 02:48:09 INFO JettyUtils: Start Jetty 0.0.0.0:4040 for SparkUI
[2024-01-30T02:48:09.177+0000] {spark_submit.py:571} INFO - 24/01/30 02:48:09 INFO Utils: Successfully started service 'SparkUI' on port 4040.
[2024-01-30T02:48:09.249+0000] {spark_submit.py:571} INFO - 24/01/30 02:48:09 INFO SparkContext: Added JAR file:/home/juniortemgoua0/DataLake/jobs/processes/scala/spark_process/target/scala-2.12/spark_job_2.12-0.1.0.jar at spark://instance-1.europe-west9-a.c.data-lake-project-409321.internal:41797/jars/spark_job_2.12-0.1.0.jar with timestamp 1706582887819
[2024-01-30T02:48:09.358+0000] {spark_submit.py:571} INFO - 24/01/30 02:48:09 INFO Executor: Starting executor ID driver on host instance-1.europe-west9-a.c.data-lake-project-409321.internal
[2024-01-30T02:48:09.359+0000] {spark_submit.py:571} INFO - 24/01/30 02:48:09 INFO Executor: OS info Linux, 5.15.0-1049-gcp, amd64
[2024-01-30T02:48:09.359+0000] {spark_submit.py:571} INFO - 24/01/30 02:48:09 INFO Executor: Java version 17.0.9
[2024-01-30T02:48:09.369+0000] {spark_submit.py:571} INFO - 24/01/30 02:48:09 INFO Executor: Starting executor with user classpath (userClassPathFirst = false): ''
[2024-01-30T02:48:09.370+0000] {spark_submit.py:571} INFO - 24/01/30 02:48:09 INFO Executor: Created or updated repl class loader org.apache.spark.util.MutableURLClassLoader@6ed043d3 for default.
[2024-01-30T02:48:09.415+0000] {spark_submit.py:571} INFO - 24/01/30 02:48:09 INFO Executor: Fetching spark://instance-1.europe-west9-a.c.data-lake-project-409321.internal:41797/jars/spark_job_2.12-0.1.0.jar with timestamp 1706582887819
[2024-01-30T02:48:09.518+0000] {spark_submit.py:571} INFO - 24/01/30 02:48:09 INFO TransportClientFactory: Successfully created connection to instance-1.europe-west9-a.c.data-lake-project-409321.internal/10.200.0.5:41797 after 46 ms (0 ms spent in bootstraps)
[2024-01-30T02:48:09.539+0000] {spark_submit.py:571} INFO - 24/01/30 02:48:09 INFO Utils: Fetching spark://instance-1.europe-west9-a.c.data-lake-project-409321.internal:41797/jars/spark_job_2.12-0.1.0.jar to /tmp/spark-7a3e4af7-ea87-4016-93fb-43798f2f0781/userFiles-54dec196-1a0b-4bbe-8daf-524107ac65aa/fetchFileTemp10135512967732174205.tmp
[2024-01-30T02:48:09.582+0000] {spark_submit.py:571} INFO - 24/01/30 02:48:09 INFO Executor: Adding file:/tmp/spark-7a3e4af7-ea87-4016-93fb-43798f2f0781/userFiles-54dec196-1a0b-4bbe-8daf-524107ac65aa/spark_job_2.12-0.1.0.jar to class loader default
[2024-01-30T02:48:09.593+0000] {spark_submit.py:571} INFO - 24/01/30 02:48:09 INFO Utils: Successfully started service 'org.apache.spark.network.netty.NettyBlockTransferService' on port 43847.
[2024-01-30T02:48:09.593+0000] {spark_submit.py:571} INFO - 24/01/30 02:48:09 INFO NettyBlockTransferService: Server created on instance-1.europe-west9-a.c.data-lake-project-409321.internal:43847
[2024-01-30T02:48:09.595+0000] {spark_submit.py:571} INFO - 24/01/30 02:48:09 INFO BlockManager: Using org.apache.spark.storage.RandomBlockReplicationPolicy for block replication policy
[2024-01-30T02:48:09.606+0000] {spark_submit.py:571} INFO - 24/01/30 02:48:09 INFO BlockManagerMaster: Registering BlockManager BlockManagerId(driver, instance-1.europe-west9-a.c.data-lake-project-409321.internal, 43847, None)
[2024-01-30T02:48:09.609+0000] {spark_submit.py:571} INFO - 24/01/30 02:48:09 INFO BlockManagerMasterEndpoint: Registering block manager instance-1.europe-west9-a.c.data-lake-project-409321.internal:43847 with 434.4 MiB RAM, BlockManagerId(driver, instance-1.europe-west9-a.c.data-lake-project-409321.internal, 43847, None)
[2024-01-30T02:48:09.612+0000] {spark_submit.py:571} INFO - 24/01/30 02:48:09 INFO BlockManagerMaster: Registered BlockManager BlockManagerId(driver, instance-1.europe-west9-a.c.data-lake-project-409321.internal, 43847, None)
[2024-01-30T02:48:09.613+0000] {spark_submit.py:571} INFO - 24/01/30 02:48:09 INFO BlockManager: Initialized BlockManager: BlockManagerId(driver, instance-1.europe-west9-a.c.data-lake-project-409321.internal, 43847, None)
[2024-01-30T02:48:10.671+0000] {spark_submit.py:571} INFO - 24/01/30 02:48:10 INFO SharedState: Setting hive.metastore.warehouse.dir ('null') to the value of spark.sql.warehouse.dir.
[2024-01-30T02:48:10.692+0000] {spark_submit.py:571} INFO - 24/01/30 02:48:10 INFO SharedState: Warehouse path is 'file:/home/juniortemgoua0/DataLake/spark-warehouse'.
[2024-01-30T02:48:11.693+0000] {spark_submit.py:571} INFO - ************************************************
[2024-01-30T02:48:11.694+0000] {spark_submit.py:571} INFO - Date d'exécution  : 2024-01-09
[2024-01-30T02:48:11.694+0000] {spark_submit.py:571} INFO - ************************************************
[2024-01-30T02:48:12.765+0000] {spark_submit.py:571} INFO - Exception in thread "main" org.apache.spark.sql.AnalysisException: [PATH_NOT_FOUND] Path does not exist: hdfs://localhost:9000/data-lake/raw/football_data/competitions/2024-01-09/*.json.
[2024-01-30T02:48:12.765+0000] {spark_submit.py:571} INFO - at org.apache.spark.sql.errors.QueryCompilationErrors$.dataPathNotExistError(QueryCompilationErrors.scala:1500)
[2024-01-30T02:48:12.766+0000] {spark_submit.py:571} INFO - at org.apache.spark.sql.execution.datasources.DataSource$.$anonfun$checkAndGlobPathIfNecessary$3(DataSource.scala:743)
[2024-01-30T02:48:12.766+0000] {spark_submit.py:571} INFO - at org.apache.spark.util.ThreadUtils$.$anonfun$parmap$2(ThreadUtils.scala:380)
[2024-01-30T02:48:12.766+0000] {spark_submit.py:571} INFO - at scala.concurrent.Future$.$anonfun$apply$1(Future.scala:659)
[2024-01-30T02:48:12.766+0000] {spark_submit.py:571} INFO - at scala.util.Success.$anonfun$map$1(Try.scala:255)
[2024-01-30T02:48:12.766+0000] {spark_submit.py:571} INFO - at scala.util.Success.map(Try.scala:213)
[2024-01-30T02:48:12.767+0000] {spark_submit.py:571} INFO - at scala.concurrent.Future.$anonfun$map$1(Future.scala:292)
[2024-01-30T02:48:12.767+0000] {spark_submit.py:571} INFO - at scala.concurrent.impl.Promise.liftedTree1$1(Promise.scala:33)
[2024-01-30T02:48:12.767+0000] {spark_submit.py:571} INFO - at scala.concurrent.impl.Promise.$anonfun$transform$1(Promise.scala:33)
[2024-01-30T02:48:12.767+0000] {spark_submit.py:571} INFO - at scala.concurrent.impl.CallbackRunnable.run(Promise.scala:64)
[2024-01-30T02:48:12.767+0000] {spark_submit.py:571} INFO - at java.base/java.util.concurrent.ForkJoinTask$RunnableExecuteAction.exec(ForkJoinTask.java:1395)
[2024-01-30T02:48:12.769+0000] {spark_submit.py:571} INFO - at java.base/java.util.concurrent.ForkJoinTask.doExec(ForkJoinTask.java:373)
[2024-01-30T02:48:12.770+0000] {spark_submit.py:571} INFO - at java.base/java.util.concurrent.ForkJoinPool$WorkQueue.topLevelExec(ForkJoinPool.java:1182)
[2024-01-30T02:48:12.770+0000] {spark_submit.py:571} INFO - at java.base/java.util.concurrent.ForkJoinPool.scan(ForkJoinPool.java:1655)
[2024-01-30T02:48:12.770+0000] {spark_submit.py:571} INFO - at java.base/java.util.concurrent.ForkJoinPool.runWorker(ForkJoinPool.java:1622)
[2024-01-30T02:48:12.770+0000] {spark_submit.py:571} INFO - at java.base/java.util.concurrent.ForkJoinWorkerThread.run(ForkJoinWorkerThread.java:165)
[2024-01-30T02:48:12.771+0000] {spark_submit.py:571} INFO - 24/01/30 02:48:12 INFO SparkContext: Invoking stop() from shutdown hook
[2024-01-30T02:48:12.771+0000] {spark_submit.py:571} INFO - 24/01/30 02:48:12 INFO SparkContext: SparkContext is stopping with exitCode 0.
[2024-01-30T02:48:12.785+0000] {spark_submit.py:571} INFO - 24/01/30 02:48:12 INFO SparkUI: Stopped Spark web UI at http://instance-1.europe-west9-a.c.data-lake-project-409321.internal:4040
[2024-01-30T02:48:12.804+0000] {spark_submit.py:571} INFO - 24/01/30 02:48:12 INFO MapOutputTrackerMasterEndpoint: MapOutputTrackerMasterEndpoint stopped!
[2024-01-30T02:48:12.818+0000] {spark_submit.py:571} INFO - 24/01/30 02:48:12 INFO MemoryStore: MemoryStore cleared
[2024-01-30T02:48:12.819+0000] {spark_submit.py:571} INFO - 24/01/30 02:48:12 INFO BlockManager: BlockManager stopped
[2024-01-30T02:48:12.824+0000] {spark_submit.py:571} INFO - 24/01/30 02:48:12 INFO BlockManagerMaster: BlockManagerMaster stopped
[2024-01-30T02:48:12.830+0000] {spark_submit.py:571} INFO - 24/01/30 02:48:12 INFO OutputCommitCoordinator$OutputCommitCoordinatorEndpoint: OutputCommitCoordinator stopped!
[2024-01-30T02:48:12.848+0000] {spark_submit.py:571} INFO - 24/01/30 02:48:12 INFO SparkContext: Successfully stopped SparkContext
[2024-01-30T02:48:12.848+0000] {spark_submit.py:571} INFO - 24/01/30 02:48:12 INFO ShutdownHookManager: Shutdown hook called
[2024-01-30T02:48:12.849+0000] {spark_submit.py:571} INFO - 24/01/30 02:48:12 INFO ShutdownHookManager: Deleting directory /tmp/spark-177ef5bb-b4dd-473d-8114-18c21f43eb73
[2024-01-30T02:48:12.853+0000] {spark_submit.py:571} INFO - 24/01/30 02:48:12 INFO ShutdownHookManager: Deleting directory /tmp/spark-7a3e4af7-ea87-4016-93fb-43798f2f0781
[2024-01-30T02:48:12.908+0000] {taskinstance.py:2698} ERROR - Task failed with exception
Traceback (most recent call last):
  File "/home/juniortemgoua0/DataLake/venv/lib/python3.8/site-packages/airflow/models/taskinstance.py", line 433, in _execute_task
    result = execute_callable(context=context, **execute_callable_kwargs)
  File "/home/juniortemgoua0/DataLake/venv/lib/python3.8/site-packages/airflow/providers/apache/spark/operators/spark_submit.py", line 174, in execute
    self._hook.submit(self._application)
  File "/home/juniortemgoua0/DataLake/venv/lib/python3.8/site-packages/airflow/providers/apache/spark/hooks/spark_submit.py", line 502, in submit
    raise AirflowException(
airflow.exceptions.AirflowException: Cannot execute: spark-submit --master local[*] --conf spark.airflow.execution_date=2024-01-09 --name arrow-spark --class RawToFormatted --queue root.default --deploy-mode client /home/juniortemgoua0/DataLake/jobs/processes/scala/spark_process/target/scala-2.12/spark_job_2.12-0.1.0.jar hdfs://localhost:9000/data-lake. Error code is: 1.
[2024-01-30T02:48:12.911+0000] {taskinstance.py:1138} INFO - Marking task as UP_FOR_RETRY. dag_id=manage_data_lake_dag, task_id=local_job_raw_to_formatted, execution_date=20240109T000000, start_date=20240130T024804, end_date=20240130T024812
[2024-01-30T02:48:12.923+0000] {standard_task_runner.py:107} ERROR - Failed to execute job 151 for task local_job_raw_to_formatted (Cannot execute: spark-submit --master local[*] --conf spark.airflow.execution_date=2024-01-09 --name arrow-spark --class RawToFormatted --queue root.default --deploy-mode client /home/juniortemgoua0/DataLake/jobs/processes/scala/spark_process/target/scala-2.12/spark_job_2.12-0.1.0.jar hdfs://localhost:9000/data-lake. Error code is: 1.; 15611)
[2024-01-30T02:48:12.952+0000] {local_task_job_runner.py:234} INFO - Task exited with return code 1
[2024-01-30T02:48:12.971+0000] {taskinstance.py:3280} INFO - 0 downstream tasks scheduled from follow-on schedule check
