[2024-01-30T12:39:34.071+0000] {taskinstance.py:1956} INFO - Dependencies all met for dep_context=non-requeueable deps ti=<TaskInstance: manage_data_lake_dag.local_job_raw_to_formatted scheduled__2024-01-09T00:00:00+00:00 [queued]>
[2024-01-30T12:39:34.078+0000] {taskinstance.py:1956} INFO - Dependencies all met for dep_context=requeueable deps ti=<TaskInstance: manage_data_lake_dag.local_job_raw_to_formatted scheduled__2024-01-09T00:00:00+00:00 [queued]>
[2024-01-30T12:39:34.078+0000] {taskinstance.py:2170} INFO - Starting attempt 4 of 6
[2024-01-30T12:39:34.099+0000] {taskinstance.py:2191} INFO - Executing <Task(SparkSubmitOperator): local_job_raw_to_formatted> on 2024-01-09 00:00:00+00:00
[2024-01-30T12:39:34.105+0000] {standard_task_runner.py:60} INFO - Started process 28239 to run task
[2024-01-30T12:39:34.111+0000] {standard_task_runner.py:87} INFO - Running: ['airflow', 'tasks', 'run', 'manage_data_lake_dag', 'local_job_raw_to_formatted', 'scheduled__2024-01-09T00:00:00+00:00', '--job-id', '207', '--raw', '--subdir', 'DAGS_FOLDER/data_lake_dag.py', '--cfg-path', '/tmp/tmpyhu1blnz']
[2024-01-30T12:39:34.114+0000] {standard_task_runner.py:88} INFO - Job 207: Subtask local_job_raw_to_formatted
[2024-01-30T12:39:34.165+0000] {task_command.py:423} INFO - Running <TaskInstance: manage_data_lake_dag.local_job_raw_to_formatted scheduled__2024-01-09T00:00:00+00:00 [running]> on host instance-1.europe-west9-a.c.data-lake-project-409321.internal
[2024-01-30T12:39:34.229+0000] {taskinstance.py:2480} INFO - Exporting env vars: AIRFLOW_CTX_DAG_OWNER='juniortemgoua0' AIRFLOW_CTX_DAG_ID='manage_data_lake_dag' AIRFLOW_CTX_TASK_ID='local_job_raw_to_formatted' AIRFLOW_CTX_EXECUTION_DATE='2024-01-09T00:00:00+00:00' AIRFLOW_CTX_TRY_NUMBER='4' AIRFLOW_CTX_DAG_RUN_ID='scheduled__2024-01-09T00:00:00+00:00'
[2024-01-30T12:39:34.237+0000] {base.py:83} INFO - Using connection ID 'spark_default' for task execution.
[2024-01-30T12:39:34.238+0000] {spark_submit.py:401} INFO - Spark-Submit cmd: spark-submit --master local[*] --conf spark.airflow.execution_date=2024-01-09 --name arrow-spark --class RawToFormatted --queue root.default --deploy-mode client /home/juniortemgoua0/DataLake/jobs/processes/scala/spark_process/target/scala-2.12/spark_job_2.12-0.1.0.jar hdfs://localhost:9000/data-lake
[2024-01-30T12:39:37.260+0000] {spark_submit.py:571} INFO - 24/01/30 12:39:37 INFO SparkContext: Running Spark version 3.5.0
[2024-01-30T12:39:37.268+0000] {spark_submit.py:571} INFO - 24/01/30 12:39:37 INFO SparkContext: OS info Linux, 5.15.0-1049-gcp, amd64
[2024-01-30T12:39:37.272+0000] {spark_submit.py:571} INFO - 24/01/30 12:39:37 INFO SparkContext: Java version 17.0.9
[2024-01-30T12:39:37.449+0000] {spark_submit.py:571} INFO - 24/01/30 12:39:37 WARN NativeCodeLoader: Unable to load native-hadoop library for your platform... using builtin-java classes where applicable
[2024-01-30T12:39:37.684+0000] {spark_submit.py:571} INFO - 24/01/30 12:39:37 INFO ResourceUtils: ==============================================================
[2024-01-30T12:39:37.686+0000] {spark_submit.py:571} INFO - 24/01/30 12:39:37 INFO ResourceUtils: No custom resources configured for spark.driver.
[2024-01-30T12:39:37.687+0000] {spark_submit.py:571} INFO - 24/01/30 12:39:37 INFO ResourceUtils: ==============================================================
[2024-01-30T12:39:37.688+0000] {spark_submit.py:571} INFO - 24/01/30 12:39:37 INFO SparkContext: Submitted application: RawToFormatted
[2024-01-30T12:39:37.738+0000] {spark_submit.py:571} INFO - 24/01/30 12:39:37 INFO ResourceProfile: Default ResourceProfile created, executor resources: Map(cores -> name: cores, amount: 1, script: , vendor: , memory -> name: memory, amount: 1024, script: , vendor: , offHeap -> name: offHeap, amount: 0, script: , vendor: ), task resources: Map(cpus -> name: cpus, amount: 1.0)
[2024-01-30T12:39:37.753+0000] {spark_submit.py:571} INFO - 24/01/30 12:39:37 INFO ResourceProfile: Limiting resource is cpu
[2024-01-30T12:39:37.755+0000] {spark_submit.py:571} INFO - 24/01/30 12:39:37 INFO ResourceProfileManager: Added ResourceProfile id: 0
[2024-01-30T12:39:37.822+0000] {spark_submit.py:571} INFO - 24/01/30 12:39:37 INFO SecurityManager: Changing view acls to: juniortemgoua0
[2024-01-30T12:39:37.824+0000] {spark_submit.py:571} INFO - 24/01/30 12:39:37 INFO SecurityManager: Changing modify acls to: juniortemgoua0
[2024-01-30T12:39:37.825+0000] {spark_submit.py:571} INFO - 24/01/30 12:39:37 INFO SecurityManager: Changing view acls groups to:
[2024-01-30T12:39:37.827+0000] {spark_submit.py:571} INFO - 24/01/30 12:39:37 INFO SecurityManager: Changing modify acls groups to:
[2024-01-30T12:39:37.828+0000] {spark_submit.py:571} INFO - 24/01/30 12:39:37 INFO SecurityManager: SecurityManager: authentication disabled; ui acls disabled; users with view permissions: juniortemgoua0; groups with view permissions: EMPTY; users with modify permissions: juniortemgoua0; groups with modify permissions: EMPTY
[2024-01-30T12:39:38.227+0000] {spark_submit.py:571} INFO - 24/01/30 12:39:38 INFO Utils: Successfully started service 'sparkDriver' on port 44371.
[2024-01-30T12:39:38.290+0000] {spark_submit.py:571} INFO - 24/01/30 12:39:38 INFO SparkEnv: Registering MapOutputTracker
[2024-01-30T12:39:38.368+0000] {spark_submit.py:571} INFO - 24/01/30 12:39:38 INFO SparkEnv: Registering BlockManagerMaster
[2024-01-30T12:39:38.419+0000] {spark_submit.py:571} INFO - 24/01/30 12:39:38 INFO BlockManagerMasterEndpoint: Using org.apache.spark.storage.DefaultTopologyMapper for getting topology information
[2024-01-30T12:39:38.421+0000] {spark_submit.py:571} INFO - 24/01/30 12:39:38 INFO BlockManagerMasterEndpoint: BlockManagerMasterEndpoint up
[2024-01-30T12:39:38.429+0000] {spark_submit.py:571} INFO - 24/01/30 12:39:38 INFO SparkEnv: Registering BlockManagerMasterHeartbeat
[2024-01-30T12:39:38.463+0000] {spark_submit.py:571} INFO - 24/01/30 12:39:38 INFO DiskBlockManager: Created local directory at /tmp/blockmgr-a38a9372-43fb-4792-b13d-b03f0fbeca42
[2024-01-30T12:39:38.495+0000] {spark_submit.py:571} INFO - 24/01/30 12:39:38 INFO MemoryStore: MemoryStore started with capacity 434.4 MiB
[2024-01-30T12:39:38.534+0000] {spark_submit.py:571} INFO - 24/01/30 12:39:38 INFO SparkEnv: Registering OutputCommitCoordinator
[2024-01-30T12:39:38.769+0000] {spark_submit.py:571} INFO - 24/01/30 12:39:38 INFO JettyUtils: Start Jetty 0.0.0.0:4040 for SparkUI
[2024-01-30T12:39:38.879+0000] {spark_submit.py:571} INFO - 24/01/30 12:39:38 INFO Utils: Successfully started service 'SparkUI' on port 4040.
[2024-01-30T12:39:38.966+0000] {spark_submit.py:571} INFO - 24/01/30 12:39:38 INFO SparkContext: Added JAR file:/home/juniortemgoua0/DataLake/jobs/processes/scala/spark_process/target/scala-2.12/spark_job_2.12-0.1.0.jar at spark://instance-1.europe-west9-a.c.data-lake-project-409321.internal:44371/jars/spark_job_2.12-0.1.0.jar with timestamp 1706618377243
[2024-01-30T12:39:39.117+0000] {spark_submit.py:571} INFO - 24/01/30 12:39:39 INFO Executor: Starting executor ID driver on host instance-1.europe-west9-a.c.data-lake-project-409321.internal
[2024-01-30T12:39:39.117+0000] {spark_submit.py:571} INFO - 24/01/30 12:39:39 INFO Executor: OS info Linux, 5.15.0-1049-gcp, amd64
[2024-01-30T12:39:39.118+0000] {spark_submit.py:571} INFO - 24/01/30 12:39:39 INFO Executor: Java version 17.0.9
[2024-01-30T12:39:39.132+0000] {spark_submit.py:571} INFO - 24/01/30 12:39:39 INFO Executor: Starting executor with user classpath (userClassPathFirst = false): ''
[2024-01-30T12:39:39.133+0000] {spark_submit.py:571} INFO - 24/01/30 12:39:39 INFO Executor: Created or updated repl class loader org.apache.spark.util.MutableURLClassLoader@6ed043d3 for default.
[2024-01-30T12:39:39.250+0000] {spark_submit.py:571} INFO - 24/01/30 12:39:39 INFO Executor: Fetching spark://instance-1.europe-west9-a.c.data-lake-project-409321.internal:44371/jars/spark_job_2.12-0.1.0.jar with timestamp 1706618377243
[2024-01-30T12:39:39.373+0000] {spark_submit.py:571} INFO - 24/01/30 12:39:39 INFO TransportClientFactory: Successfully created connection to instance-1.europe-west9-a.c.data-lake-project-409321.internal/10.200.0.5:44371 after 54 ms (0 ms spent in bootstraps)
[2024-01-30T12:39:39.395+0000] {spark_submit.py:571} INFO - 24/01/30 12:39:39 INFO Utils: Fetching spark://instance-1.europe-west9-a.c.data-lake-project-409321.internal:44371/jars/spark_job_2.12-0.1.0.jar to /tmp/spark-fc1bd64c-4a2c-4d33-8887-7824d9fa04e7/userFiles-6fc4030e-7e67-44d3-8a27-c63378e2b95f/fetchFileTemp4488173366322843289.tmp
[2024-01-30T12:39:39.444+0000] {spark_submit.py:571} INFO - 24/01/30 12:39:39 INFO Executor: Adding file:/tmp/spark-fc1bd64c-4a2c-4d33-8887-7824d9fa04e7/userFiles-6fc4030e-7e67-44d3-8a27-c63378e2b95f/spark_job_2.12-0.1.0.jar to class loader default
[2024-01-30T12:39:39.455+0000] {spark_submit.py:571} INFO - 24/01/30 12:39:39 INFO Utils: Successfully started service 'org.apache.spark.network.netty.NettyBlockTransferService' on port 46097.
[2024-01-30T12:39:39.455+0000] {spark_submit.py:571} INFO - 24/01/30 12:39:39 INFO NettyBlockTransferService: Server created on instance-1.europe-west9-a.c.data-lake-project-409321.internal:46097
[2024-01-30T12:39:39.457+0000] {spark_submit.py:571} INFO - 24/01/30 12:39:39 INFO BlockManager: Using org.apache.spark.storage.RandomBlockReplicationPolicy for block replication policy
[2024-01-30T12:39:39.468+0000] {spark_submit.py:571} INFO - 24/01/30 12:39:39 INFO BlockManagerMaster: Registering BlockManager BlockManagerId(driver, instance-1.europe-west9-a.c.data-lake-project-409321.internal, 46097, None)
[2024-01-30T12:39:39.472+0000] {spark_submit.py:571} INFO - 24/01/30 12:39:39 INFO BlockManagerMasterEndpoint: Registering block manager instance-1.europe-west9-a.c.data-lake-project-409321.internal:46097 with 434.4 MiB RAM, BlockManagerId(driver, instance-1.europe-west9-a.c.data-lake-project-409321.internal, 46097, None)
[2024-01-30T12:39:39.475+0000] {spark_submit.py:571} INFO - 24/01/30 12:39:39 INFO BlockManagerMaster: Registered BlockManager BlockManagerId(driver, instance-1.europe-west9-a.c.data-lake-project-409321.internal, 46097, None)
[2024-01-30T12:39:39.478+0000] {spark_submit.py:571} INFO - 24/01/30 12:39:39 INFO BlockManager: Initialized BlockManager: BlockManagerId(driver, instance-1.europe-west9-a.c.data-lake-project-409321.internal, 46097, None)
[2024-01-30T12:39:40.684+0000] {spark_submit.py:571} INFO - 24/01/30 12:39:40 INFO SharedState: Setting hive.metastore.warehouse.dir ('null') to the value of spark.sql.warehouse.dir.
[2024-01-30T12:39:40.695+0000] {spark_submit.py:571} INFO - 24/01/30 12:39:40 INFO SharedState: Warehouse path is 'file:/home/juniortemgoua0/DataLake/spark-warehouse'.
[2024-01-30T12:39:41.871+0000] {spark_submit.py:571} INFO - ************************************************
[2024-01-30T12:39:41.872+0000] {spark_submit.py:571} INFO - Date d'exécution  : 2024-01-09
[2024-01-30T12:39:41.872+0000] {spark_submit.py:571} INFO - ************************************************
[2024-01-30T12:39:43.220+0000] {spark_submit.py:571} INFO - Exception in thread "main" org.apache.spark.sql.AnalysisException: [PATH_NOT_FOUND] Path does not exist: hdfs://localhost:9000/data-lake/raw/football_data/competitions/2024-01-09/*.json.
[2024-01-30T12:39:43.220+0000] {spark_submit.py:571} INFO - at org.apache.spark.sql.errors.QueryCompilationErrors$.dataPathNotExistError(QueryCompilationErrors.scala:1500)
[2024-01-30T12:39:43.221+0000] {spark_submit.py:571} INFO - at org.apache.spark.sql.execution.datasources.DataSource$.$anonfun$checkAndGlobPathIfNecessary$3(DataSource.scala:743)
[2024-01-30T12:39:43.221+0000] {spark_submit.py:571} INFO - at org.apache.spark.util.ThreadUtils$.$anonfun$parmap$2(ThreadUtils.scala:380)
[2024-01-30T12:39:43.221+0000] {spark_submit.py:571} INFO - at scala.concurrent.Future$.$anonfun$apply$1(Future.scala:659)
[2024-01-30T12:39:43.221+0000] {spark_submit.py:571} INFO - at scala.util.Success.$anonfun$map$1(Try.scala:255)
[2024-01-30T12:39:43.221+0000] {spark_submit.py:571} INFO - at scala.util.Success.map(Try.scala:213)
[2024-01-30T12:39:43.221+0000] {spark_submit.py:571} INFO - at scala.concurrent.Future.$anonfun$map$1(Future.scala:292)
[2024-01-30T12:39:43.222+0000] {spark_submit.py:571} INFO - at scala.concurrent.impl.Promise.liftedTree1$1(Promise.scala:33)
[2024-01-30T12:39:43.222+0000] {spark_submit.py:571} INFO - at scala.concurrent.impl.Promise.$anonfun$transform$1(Promise.scala:33)
[2024-01-30T12:39:43.222+0000] {spark_submit.py:571} INFO - at scala.concurrent.impl.CallbackRunnable.run(Promise.scala:64)
[2024-01-30T12:39:43.222+0000] {spark_submit.py:571} INFO - at java.base/java.util.concurrent.ForkJoinTask$RunnableExecuteAction.exec(ForkJoinTask.java:1395)
[2024-01-30T12:39:43.222+0000] {spark_submit.py:571} INFO - at java.base/java.util.concurrent.ForkJoinTask.doExec(ForkJoinTask.java:373)
[2024-01-30T12:39:43.223+0000] {spark_submit.py:571} INFO - at java.base/java.util.concurrent.ForkJoinPool$WorkQueue.topLevelExec(ForkJoinPool.java:1182)
[2024-01-30T12:39:43.223+0000] {spark_submit.py:571} INFO - at java.base/java.util.concurrent.ForkJoinPool.scan(ForkJoinPool.java:1655)
[2024-01-30T12:39:43.223+0000] {spark_submit.py:571} INFO - at java.base/java.util.concurrent.ForkJoinPool.runWorker(ForkJoinPool.java:1622)
[2024-01-30T12:39:43.223+0000] {spark_submit.py:571} INFO - at java.base/java.util.concurrent.ForkJoinWorkerThread.run(ForkJoinWorkerThread.java:165)
[2024-01-30T12:39:43.231+0000] {spark_submit.py:571} INFO - 24/01/30 12:39:43 INFO SparkContext: Invoking stop() from shutdown hook
[2024-01-30T12:39:43.232+0000] {spark_submit.py:571} INFO - 24/01/30 12:39:43 INFO SparkContext: SparkContext is stopping with exitCode 0.
[2024-01-30T12:39:43.250+0000] {spark_submit.py:571} INFO - 24/01/30 12:39:43 INFO SparkUI: Stopped Spark web UI at http://instance-1.europe-west9-a.c.data-lake-project-409321.internal:4040
[2024-01-30T12:39:43.273+0000] {spark_submit.py:571} INFO - 24/01/30 12:39:43 INFO MapOutputTrackerMasterEndpoint: MapOutputTrackerMasterEndpoint stopped!
[2024-01-30T12:39:43.290+0000] {spark_submit.py:571} INFO - 24/01/30 12:39:43 INFO MemoryStore: MemoryStore cleared
[2024-01-30T12:39:43.291+0000] {spark_submit.py:571} INFO - 24/01/30 12:39:43 INFO BlockManager: BlockManager stopped
[2024-01-30T12:39:43.301+0000] {spark_submit.py:571} INFO - 24/01/30 12:39:43 INFO BlockManagerMaster: BlockManagerMaster stopped
[2024-01-30T12:39:43.306+0000] {spark_submit.py:571} INFO - 24/01/30 12:39:43 INFO OutputCommitCoordinator$OutputCommitCoordinatorEndpoint: OutputCommitCoordinator stopped!
[2024-01-30T12:39:43.322+0000] {spark_submit.py:571} INFO - 24/01/30 12:39:43 INFO SparkContext: Successfully stopped SparkContext
[2024-01-30T12:39:43.323+0000] {spark_submit.py:571} INFO - 24/01/30 12:39:43 INFO ShutdownHookManager: Shutdown hook called
[2024-01-30T12:39:43.323+0000] {spark_submit.py:571} INFO - 24/01/30 12:39:43 INFO ShutdownHookManager: Deleting directory /tmp/spark-fc1bd64c-4a2c-4d33-8887-7824d9fa04e7
[2024-01-30T12:39:43.329+0000] {spark_submit.py:571} INFO - 24/01/30 12:39:43 INFO ShutdownHookManager: Deleting directory /tmp/spark-679de601-b2ed-4134-accc-15c564d6bf0f
[2024-01-30T12:39:43.412+0000] {taskinstance.py:2698} ERROR - Task failed with exception
Traceback (most recent call last):
  File "/home/juniortemgoua0/DataLake/venv/lib/python3.8/site-packages/airflow/models/taskinstance.py", line 433, in _execute_task
    result = execute_callable(context=context, **execute_callable_kwargs)
  File "/home/juniortemgoua0/DataLake/venv/lib/python3.8/site-packages/airflow/providers/apache/spark/operators/spark_submit.py", line 174, in execute
    self._hook.submit(self._application)
  File "/home/juniortemgoua0/DataLake/venv/lib/python3.8/site-packages/airflow/providers/apache/spark/hooks/spark_submit.py", line 502, in submit
    raise AirflowException(
airflow.exceptions.AirflowException: Cannot execute: spark-submit --master local[*] --conf spark.airflow.execution_date=2024-01-09 --name arrow-spark --class RawToFormatted --queue root.default --deploy-mode client /home/juniortemgoua0/DataLake/jobs/processes/scala/spark_process/target/scala-2.12/spark_job_2.12-0.1.0.jar hdfs://localhost:9000/data-lake. Error code is: 1.
[2024-01-30T12:39:43.417+0000] {taskinstance.py:1138} INFO - Marking task as UP_FOR_RETRY. dag_id=manage_data_lake_dag, task_id=local_job_raw_to_formatted, execution_date=20240109T000000, start_date=20240130T123934, end_date=20240130T123943
[2024-01-30T12:39:43.432+0000] {standard_task_runner.py:107} ERROR - Failed to execute job 207 for task local_job_raw_to_formatted (Cannot execute: spark-submit --master local[*] --conf spark.airflow.execution_date=2024-01-09 --name arrow-spark --class RawToFormatted --queue root.default --deploy-mode client /home/juniortemgoua0/DataLake/jobs/processes/scala/spark_process/target/scala-2.12/spark_job_2.12-0.1.0.jar hdfs://localhost:9000/data-lake. Error code is: 1.; 28239)
[2024-01-30T12:39:43.463+0000] {local_task_job_runner.py:234} INFO - Task exited with return code 1
[2024-01-30T12:39:43.483+0000] {taskinstance.py:3280} INFO - 0 downstream tasks scheduled from follow-on schedule check
