[2024-01-30T02:53:30.003+0000] {taskinstance.py:1956} INFO - Dependencies all met for dep_context=non-requeueable deps ti=<TaskInstance: manage_data_lake_dag.local_job_raw_to_formatted scheduled__2024-01-09T00:00:00+00:00 [queued]>
[2024-01-30T02:53:30.011+0000] {taskinstance.py:1956} INFO - Dependencies all met for dep_context=requeueable deps ti=<TaskInstance: manage_data_lake_dag.local_job_raw_to_formatted scheduled__2024-01-09T00:00:00+00:00 [queued]>
[2024-01-30T02:53:30.011+0000] {taskinstance.py:2170} INFO - Starting attempt 2 of 6
[2024-01-30T02:53:30.028+0000] {taskinstance.py:2191} INFO - Executing <Task(SparkSubmitOperator): local_job_raw_to_formatted> on 2024-01-09 00:00:00+00:00
[2024-01-30T02:53:30.035+0000] {standard_task_runner.py:60} INFO - Started process 18521 to run task
[2024-01-30T02:53:30.048+0000] {standard_task_runner.py:87} INFO - Running: ['airflow', 'tasks', 'run', 'manage_data_lake_dag', 'local_job_raw_to_formatted', 'scheduled__2024-01-09T00:00:00+00:00', '--job-id', '179', '--raw', '--subdir', 'DAGS_FOLDER/data_lake_dag.py', '--cfg-path', '/tmp/tmp6c_1ro8h']
[2024-01-30T02:53:30.055+0000] {standard_task_runner.py:88} INFO - Job 179: Subtask local_job_raw_to_formatted
[2024-01-30T02:53:30.159+0000] {task_command.py:423} INFO - Running <TaskInstance: manage_data_lake_dag.local_job_raw_to_formatted scheduled__2024-01-09T00:00:00+00:00 [running]> on host instance-1.europe-west9-a.c.data-lake-project-409321.internal
[2024-01-30T02:53:30.304+0000] {taskinstance.py:2480} INFO - Exporting env vars: AIRFLOW_CTX_DAG_OWNER='juniortemgoua0' AIRFLOW_CTX_DAG_ID='manage_data_lake_dag' AIRFLOW_CTX_TASK_ID='local_job_raw_to_formatted' AIRFLOW_CTX_EXECUTION_DATE='2024-01-09T00:00:00+00:00' AIRFLOW_CTX_TRY_NUMBER='2' AIRFLOW_CTX_DAG_RUN_ID='scheduled__2024-01-09T00:00:00+00:00'
[2024-01-30T02:53:30.337+0000] {base.py:83} INFO - Using connection ID 'spark_default' for task execution.
[2024-01-30T02:53:30.344+0000] {spark_submit.py:401} INFO - Spark-Submit cmd: spark-submit --master local[*] --conf spark.airflow.execution_date=2024-01-09 --name arrow-spark --class RawToFormatted --queue root.default --deploy-mode client /home/juniortemgoua0/DataLake/jobs/processes/scala/spark_process/target/scala-2.12/spark_job_2.12-0.1.0.jar hdfs://localhost:9000/data-lake
[2024-01-30T02:53:33.816+0000] {spark_submit.py:571} INFO - 24/01/30 02:53:33 INFO SparkContext: Running Spark version 3.5.0
[2024-01-30T02:53:33.820+0000] {spark_submit.py:571} INFO - 24/01/30 02:53:33 INFO SparkContext: OS info Linux, 5.15.0-1049-gcp, amd64
[2024-01-30T02:53:33.821+0000] {spark_submit.py:571} INFO - 24/01/30 02:53:33 INFO SparkContext: Java version 17.0.9
[2024-01-30T02:53:34.014+0000] {spark_submit.py:571} INFO - 24/01/30 02:53:34 WARN NativeCodeLoader: Unable to load native-hadoop library for your platform... using builtin-java classes where applicable
[2024-01-30T02:53:34.213+0000] {spark_submit.py:571} INFO - 24/01/30 02:53:34 INFO ResourceUtils: ==============================================================
[2024-01-30T02:53:34.215+0000] {spark_submit.py:571} INFO - 24/01/30 02:53:34 INFO ResourceUtils: No custom resources configured for spark.driver.
[2024-01-30T02:53:34.216+0000] {spark_submit.py:571} INFO - 24/01/30 02:53:34 INFO ResourceUtils: ==============================================================
[2024-01-30T02:53:34.217+0000] {spark_submit.py:571} INFO - 24/01/30 02:53:34 INFO SparkContext: Submitted application: RawToFormatted
[2024-01-30T02:53:34.255+0000] {spark_submit.py:571} INFO - 24/01/30 02:53:34 INFO ResourceProfile: Default ResourceProfile created, executor resources: Map(cores -> name: cores, amount: 1, script: , vendor: , memory -> name: memory, amount: 1024, script: , vendor: , offHeap -> name: offHeap, amount: 0, script: , vendor: ), task resources: Map(cpus -> name: cpus, amount: 1.0)
[2024-01-30T02:53:34.266+0000] {spark_submit.py:571} INFO - 24/01/30 02:53:34 INFO ResourceProfile: Limiting resource is cpu
[2024-01-30T02:53:34.267+0000] {spark_submit.py:571} INFO - 24/01/30 02:53:34 INFO ResourceProfileManager: Added ResourceProfile id: 0
[2024-01-30T02:53:34.353+0000] {spark_submit.py:571} INFO - 24/01/30 02:53:34 INFO SecurityManager: Changing view acls to: juniortemgoua0
[2024-01-30T02:53:34.353+0000] {spark_submit.py:571} INFO - 24/01/30 02:53:34 INFO SecurityManager: Changing modify acls to: juniortemgoua0
[2024-01-30T02:53:34.355+0000] {spark_submit.py:571} INFO - 24/01/30 02:53:34 INFO SecurityManager: Changing view acls groups to:
[2024-01-30T02:53:34.355+0000] {spark_submit.py:571} INFO - 24/01/30 02:53:34 INFO SecurityManager: Changing modify acls groups to:
[2024-01-30T02:53:34.356+0000] {spark_submit.py:571} INFO - 24/01/30 02:53:34 INFO SecurityManager: SecurityManager: authentication disabled; ui acls disabled; users with view permissions: juniortemgoua0; groups with view permissions: EMPTY; users with modify permissions: juniortemgoua0; groups with modify permissions: EMPTY
[2024-01-30T02:53:35.140+0000] {spark_submit.py:571} INFO - 24/01/30 02:53:35 INFO Utils: Successfully started service 'sparkDriver' on port 34151.
[2024-01-30T02:53:35.184+0000] {spark_submit.py:571} INFO - 24/01/30 02:53:35 INFO SparkEnv: Registering MapOutputTracker
[2024-01-30T02:53:35.232+0000] {spark_submit.py:571} INFO - 24/01/30 02:53:35 INFO SparkEnv: Registering BlockManagerMaster
[2024-01-30T02:53:35.259+0000] {spark_submit.py:571} INFO - 24/01/30 02:53:35 INFO BlockManagerMasterEndpoint: Using org.apache.spark.storage.DefaultTopologyMapper for getting topology information
[2024-01-30T02:53:35.260+0000] {spark_submit.py:571} INFO - 24/01/30 02:53:35 INFO BlockManagerMasterEndpoint: BlockManagerMasterEndpoint up
[2024-01-30T02:53:35.265+0000] {spark_submit.py:571} INFO - 24/01/30 02:53:35 INFO SparkEnv: Registering BlockManagerMasterHeartbeat
[2024-01-30T02:53:35.293+0000] {spark_submit.py:571} INFO - 24/01/30 02:53:35 INFO DiskBlockManager: Created local directory at /tmp/blockmgr-ce315bde-ab6c-47a3-8b42-4c954df3c0ca
[2024-01-30T02:53:35.317+0000] {spark_submit.py:571} INFO - 24/01/30 02:53:35 INFO MemoryStore: MemoryStore started with capacity 434.4 MiB
[2024-01-30T02:53:35.367+0000] {spark_submit.py:571} INFO - 24/01/30 02:53:35 INFO SparkEnv: Registering OutputCommitCoordinator
[2024-01-30T02:53:35.572+0000] {spark_submit.py:571} INFO - 24/01/30 02:53:35 INFO JettyUtils: Start Jetty 0.0.0.0:4040 for SparkUI
[2024-01-30T02:53:35.660+0000] {spark_submit.py:571} INFO - 24/01/30 02:53:35 INFO Utils: Successfully started service 'SparkUI' on port 4040.
[2024-01-30T02:53:35.720+0000] {spark_submit.py:571} INFO - 24/01/30 02:53:35 INFO SparkContext: Added JAR file:/home/juniortemgoua0/DataLake/jobs/processes/scala/spark_process/target/scala-2.12/spark_job_2.12-0.1.0.jar at spark://instance-1.europe-west9-a.c.data-lake-project-409321.internal:34151/jars/spark_job_2.12-0.1.0.jar with timestamp 1706583213799
[2024-01-30T02:53:35.817+0000] {spark_submit.py:571} INFO - 24/01/30 02:53:35 INFO Executor: Starting executor ID driver on host instance-1.europe-west9-a.c.data-lake-project-409321.internal
[2024-01-30T02:53:35.820+0000] {spark_submit.py:571} INFO - 24/01/30 02:53:35 INFO Executor: OS info Linux, 5.15.0-1049-gcp, amd64
[2024-01-30T02:53:35.821+0000] {spark_submit.py:571} INFO - 24/01/30 02:53:35 INFO Executor: Java version 17.0.9
[2024-01-30T02:53:35.831+0000] {spark_submit.py:571} INFO - 24/01/30 02:53:35 INFO Executor: Starting executor with user classpath (userClassPathFirst = false): ''
[2024-01-30T02:53:35.832+0000] {spark_submit.py:571} INFO - 24/01/30 02:53:35 INFO Executor: Created or updated repl class loader org.apache.spark.util.MutableURLClassLoader@56b859a6 for default.
[2024-01-30T02:53:35.896+0000] {spark_submit.py:571} INFO - 24/01/30 02:53:35 INFO Executor: Fetching spark://instance-1.europe-west9-a.c.data-lake-project-409321.internal:34151/jars/spark_job_2.12-0.1.0.jar with timestamp 1706583213799
[2024-01-30T02:53:36.161+0000] {spark_submit.py:571} INFO - 24/01/30 02:53:36 INFO TransportClientFactory: Successfully created connection to instance-1.europe-west9-a.c.data-lake-project-409321.internal/10.200.0.5:34151 after 127 ms (0 ms spent in bootstraps)
[2024-01-30T02:53:36.184+0000] {spark_submit.py:571} INFO - 24/01/30 02:53:36 INFO Utils: Fetching spark://instance-1.europe-west9-a.c.data-lake-project-409321.internal:34151/jars/spark_job_2.12-0.1.0.jar to /tmp/spark-39bcc645-33e3-4674-86a5-d9059f02e143/userFiles-2b2e1536-2859-4353-9fdf-7f3954257552/fetchFileTemp11081196748717663099.tmp
[2024-01-30T02:53:36.285+0000] {spark_submit.py:571} INFO - 24/01/30 02:53:36 INFO Executor: Adding file:/tmp/spark-39bcc645-33e3-4674-86a5-d9059f02e143/userFiles-2b2e1536-2859-4353-9fdf-7f3954257552/spark_job_2.12-0.1.0.jar to class loader default
[2024-01-30T02:53:36.309+0000] {spark_submit.py:571} INFO - 24/01/30 02:53:36 INFO Utils: Successfully started service 'org.apache.spark.network.netty.NettyBlockTransferService' on port 32849.
[2024-01-30T02:53:36.309+0000] {spark_submit.py:571} INFO - 24/01/30 02:53:36 INFO NettyBlockTransferService: Server created on instance-1.europe-west9-a.c.data-lake-project-409321.internal:32849
[2024-01-30T02:53:36.311+0000] {spark_submit.py:571} INFO - 24/01/30 02:53:36 INFO BlockManager: Using org.apache.spark.storage.RandomBlockReplicationPolicy for block replication policy
[2024-01-30T02:53:36.334+0000] {spark_submit.py:571} INFO - 24/01/30 02:53:36 INFO BlockManagerMaster: Registering BlockManager BlockManagerId(driver, instance-1.europe-west9-a.c.data-lake-project-409321.internal, 32849, None)
[2024-01-30T02:53:36.340+0000] {spark_submit.py:571} INFO - 24/01/30 02:53:36 INFO BlockManagerMasterEndpoint: Registering block manager instance-1.europe-west9-a.c.data-lake-project-409321.internal:32849 with 434.4 MiB RAM, BlockManagerId(driver, instance-1.europe-west9-a.c.data-lake-project-409321.internal, 32849, None)
[2024-01-30T02:53:36.347+0000] {spark_submit.py:571} INFO - 24/01/30 02:53:36 INFO BlockManagerMaster: Registered BlockManager BlockManagerId(driver, instance-1.europe-west9-a.c.data-lake-project-409321.internal, 32849, None)
[2024-01-30T02:53:36.349+0000] {spark_submit.py:571} INFO - 24/01/30 02:53:36 INFO BlockManager: Initialized BlockManager: BlockManagerId(driver, instance-1.europe-west9-a.c.data-lake-project-409321.internal, 32849, None)
[2024-01-30T02:53:38.153+0000] {spark_submit.py:571} INFO - 24/01/30 02:53:38 INFO SharedState: Setting hive.metastore.warehouse.dir ('null') to the value of spark.sql.warehouse.dir.
[2024-01-30T02:53:38.163+0000] {spark_submit.py:571} INFO - 24/01/30 02:53:38 INFO SharedState: Warehouse path is 'file:/home/juniortemgoua0/DataLake/spark-warehouse'.
[2024-01-30T02:53:40.314+0000] {spark_submit.py:571} INFO - ************************************************
[2024-01-30T02:53:40.314+0000] {spark_submit.py:571} INFO - Date d'exécution  : 2024-01-09
[2024-01-30T02:53:40.314+0000] {spark_submit.py:571} INFO - ************************************************
[2024-01-30T02:53:42.608+0000] {spark_submit.py:571} INFO - Exception in thread "main" org.apache.spark.sql.AnalysisException: [PATH_NOT_FOUND] Path does not exist: hdfs://localhost:9000/data-lake/raw/football_data/competitions/2024-01-09/*.json.
[2024-01-30T02:53:42.609+0000] {spark_submit.py:571} INFO - at org.apache.spark.sql.errors.QueryCompilationErrors$.dataPathNotExistError(QueryCompilationErrors.scala:1500)
[2024-01-30T02:53:42.609+0000] {spark_submit.py:571} INFO - at org.apache.spark.sql.execution.datasources.DataSource$.$anonfun$checkAndGlobPathIfNecessary$3(DataSource.scala:743)
[2024-01-30T02:53:42.609+0000] {spark_submit.py:571} INFO - at org.apache.spark.util.ThreadUtils$.$anonfun$parmap$2(ThreadUtils.scala:380)
[2024-01-30T02:53:42.610+0000] {spark_submit.py:571} INFO - at scala.concurrent.Future$.$anonfun$apply$1(Future.scala:659)
[2024-01-30T02:53:42.610+0000] {spark_submit.py:571} INFO - at scala.util.Success.$anonfun$map$1(Try.scala:255)
[2024-01-30T02:53:42.610+0000] {spark_submit.py:571} INFO - at scala.util.Success.map(Try.scala:213)
[2024-01-30T02:53:42.614+0000] {spark_submit.py:571} INFO - at scala.concurrent.Future.$anonfun$map$1(Future.scala:292)
[2024-01-30T02:53:42.614+0000] {spark_submit.py:571} INFO - at scala.concurrent.impl.Promise.liftedTree1$1(Promise.scala:33)
[2024-01-30T02:53:42.614+0000] {spark_submit.py:571} INFO - at scala.concurrent.impl.Promise.$anonfun$transform$1(Promise.scala:33)
[2024-01-30T02:53:42.615+0000] {spark_submit.py:571} INFO - at scala.concurrent.impl.CallbackRunnable.run(Promise.scala:64)
[2024-01-30T02:53:42.615+0000] {spark_submit.py:571} INFO - at java.base/java.util.concurrent.ForkJoinTask$RunnableExecuteAction.exec(ForkJoinTask.java:1395)
[2024-01-30T02:53:42.615+0000] {spark_submit.py:571} INFO - at java.base/java.util.concurrent.ForkJoinTask.doExec(ForkJoinTask.java:373)
[2024-01-30T02:53:42.615+0000] {spark_submit.py:571} INFO - at java.base/java.util.concurrent.ForkJoinPool$WorkQueue.topLevelExec(ForkJoinPool.java:1182)
[2024-01-30T02:53:42.615+0000] {spark_submit.py:571} INFO - at java.base/java.util.concurrent.ForkJoinPool.scan(ForkJoinPool.java:1655)
[2024-01-30T02:53:42.616+0000] {spark_submit.py:571} INFO - at java.base/java.util.concurrent.ForkJoinPool.runWorker(ForkJoinPool.java:1622)
[2024-01-30T02:53:42.617+0000] {spark_submit.py:571} INFO - at java.base/java.util.concurrent.ForkJoinWorkerThread.run(ForkJoinWorkerThread.java:165)
[2024-01-30T02:53:42.643+0000] {spark_submit.py:571} INFO - 24/01/30 02:53:42 INFO SparkContext: Invoking stop() from shutdown hook
[2024-01-30T02:53:42.644+0000] {spark_submit.py:571} INFO - 24/01/30 02:53:42 INFO SparkContext: SparkContext is stopping with exitCode 0.
[2024-01-30T02:53:42.735+0000] {spark_submit.py:571} INFO - 24/01/30 02:53:42 INFO SparkUI: Stopped Spark web UI at http://instance-1.europe-west9-a.c.data-lake-project-409321.internal:4040
[2024-01-30T02:53:42.805+0000] {spark_submit.py:571} INFO - 24/01/30 02:53:42 INFO MapOutputTrackerMasterEndpoint: MapOutputTrackerMasterEndpoint stopped!
[2024-01-30T02:53:42.887+0000] {spark_submit.py:571} INFO - 24/01/30 02:53:42 INFO MemoryStore: MemoryStore cleared
[2024-01-30T02:53:42.888+0000] {spark_submit.py:571} INFO - 24/01/30 02:53:42 INFO BlockManager: BlockManager stopped
[2024-01-30T02:53:42.900+0000] {spark_submit.py:571} INFO - 24/01/30 02:53:42 INFO BlockManagerMaster: BlockManagerMaster stopped
[2024-01-30T02:53:42.904+0000] {spark_submit.py:571} INFO - 24/01/30 02:53:42 INFO OutputCommitCoordinator$OutputCommitCoordinatorEndpoint: OutputCommitCoordinator stopped!
[2024-01-30T02:53:42.969+0000] {spark_submit.py:571} INFO - 24/01/30 02:53:42 INFO SparkContext: Successfully stopped SparkContext
[2024-01-30T02:53:42.969+0000] {spark_submit.py:571} INFO - 24/01/30 02:53:42 INFO ShutdownHookManager: Shutdown hook called
[2024-01-30T02:53:42.970+0000] {spark_submit.py:571} INFO - 24/01/30 02:53:42 INFO ShutdownHookManager: Deleting directory /tmp/spark-39bcc645-33e3-4674-86a5-d9059f02e143
[2024-01-30T02:53:42.993+0000] {spark_submit.py:571} INFO - 24/01/30 02:53:42 INFO ShutdownHookManager: Deleting directory /tmp/spark-b6fa198a-9cdb-4087-831a-32d9b0a67236
[2024-01-30T02:53:43.203+0000] {taskinstance.py:2698} ERROR - Task failed with exception
Traceback (most recent call last):
  File "/home/juniortemgoua0/DataLake/venv/lib/python3.8/site-packages/airflow/models/taskinstance.py", line 433, in _execute_task
    result = execute_callable(context=context, **execute_callable_kwargs)
  File "/home/juniortemgoua0/DataLake/venv/lib/python3.8/site-packages/airflow/providers/apache/spark/operators/spark_submit.py", line 174, in execute
    self._hook.submit(self._application)
  File "/home/juniortemgoua0/DataLake/venv/lib/python3.8/site-packages/airflow/providers/apache/spark/hooks/spark_submit.py", line 502, in submit
    raise AirflowException(
airflow.exceptions.AirflowException: Cannot execute: spark-submit --master local[*] --conf spark.airflow.execution_date=2024-01-09 --name arrow-spark --class RawToFormatted --queue root.default --deploy-mode client /home/juniortemgoua0/DataLake/jobs/processes/scala/spark_process/target/scala-2.12/spark_job_2.12-0.1.0.jar hdfs://localhost:9000/data-lake. Error code is: 1.
[2024-01-30T02:53:43.215+0000] {taskinstance.py:1138} INFO - Marking task as UP_FOR_RETRY. dag_id=manage_data_lake_dag, task_id=local_job_raw_to_formatted, execution_date=20240109T000000, start_date=20240130T025330, end_date=20240130T025343
[2024-01-30T02:53:43.254+0000] {standard_task_runner.py:107} ERROR - Failed to execute job 179 for task local_job_raw_to_formatted (Cannot execute: spark-submit --master local[*] --conf spark.airflow.execution_date=2024-01-09 --name arrow-spark --class RawToFormatted --queue root.default --deploy-mode client /home/juniortemgoua0/DataLake/jobs/processes/scala/spark_process/target/scala-2.12/spark_job_2.12-0.1.0.jar hdfs://localhost:9000/data-lake. Error code is: 1.; 18521)
[2024-01-30T02:53:43.310+0000] {local_task_job_runner.py:234} INFO - Task exited with return code 1
[2024-01-30T02:53:43.378+0000] {taskinstance.py:3280} INFO - 0 downstream tasks scheduled from follow-on schedule check
[2024-01-30T03:26:04.465+0000] {taskinstance.py:1956} INFO - Dependencies all met for dep_context=non-requeueable deps ti=<TaskInstance: manage_data_lake_dag.local_job_raw_to_formatted scheduled__2024-01-09T00:00:00+00:00 [queued]>
[2024-01-30T03:26:04.472+0000] {taskinstance.py:1956} INFO - Dependencies all met for dep_context=requeueable deps ti=<TaskInstance: manage_data_lake_dag.local_job_raw_to_formatted scheduled__2024-01-09T00:00:00+00:00 [queued]>
[2024-01-30T03:26:04.472+0000] {taskinstance.py:2170} INFO - Starting attempt 2 of 6
[2024-01-30T03:26:04.485+0000] {taskinstance.py:2191} INFO - Executing <Task(SparkSubmitOperator): local_job_raw_to_formatted> on 2024-01-09 00:00:00+00:00
[2024-01-30T03:26:04.491+0000] {standard_task_runner.py:60} INFO - Started process 32088 to run task
[2024-01-30T03:26:04.496+0000] {standard_task_runner.py:87} INFO - Running: ['airflow', 'tasks', 'run', 'manage_data_lake_dag', 'local_job_raw_to_formatted', 'scheduled__2024-01-09T00:00:00+00:00', '--job-id', '183', '--raw', '--subdir', 'DAGS_FOLDER/data_lake_dag.py', '--cfg-path', '/tmp/tmpdvuv02kl']
[2024-01-30T03:26:04.499+0000] {standard_task_runner.py:88} INFO - Job 183: Subtask local_job_raw_to_formatted
[2024-01-30T03:26:04.542+0000] {task_command.py:423} INFO - Running <TaskInstance: manage_data_lake_dag.local_job_raw_to_formatted scheduled__2024-01-09T00:00:00+00:00 [running]> on host instance-1.europe-west9-a.c.data-lake-project-409321.internal
[2024-01-30T03:26:04.595+0000] {taskinstance.py:2480} INFO - Exporting env vars: AIRFLOW_CTX_DAG_OWNER='juniortemgoua0' AIRFLOW_CTX_DAG_ID='manage_data_lake_dag' AIRFLOW_CTX_TASK_ID='local_job_raw_to_formatted' AIRFLOW_CTX_EXECUTION_DATE='2024-01-09T00:00:00+00:00' AIRFLOW_CTX_TRY_NUMBER='2' AIRFLOW_CTX_DAG_RUN_ID='scheduled__2024-01-09T00:00:00+00:00'
[2024-01-30T03:26:04.602+0000] {base.py:83} INFO - Using connection ID 'spark_default' for task execution.
[2024-01-30T03:26:04.603+0000] {spark_submit.py:401} INFO - Spark-Submit cmd: spark-submit --master local[*] --conf spark.airflow.execution_date=2024-01-09 --name arrow-spark --class RawToFormatted --queue root.default --deploy-mode client /home/juniortemgoua0/DataLake/jobs/processes/scala/spark_process/target/scala-2.12/spark_job_2.12-0.1.0.jar hdfs://localhost:9000/data-lake
[2024-01-30T03:26:07.440+0000] {spark_submit.py:571} INFO - 24/01/30 03:26:07 INFO SparkContext: Running Spark version 3.5.0
[2024-01-30T03:26:07.444+0000] {spark_submit.py:571} INFO - 24/01/30 03:26:07 INFO SparkContext: OS info Linux, 5.15.0-1049-gcp, amd64
[2024-01-30T03:26:07.444+0000] {spark_submit.py:571} INFO - 24/01/30 03:26:07 INFO SparkContext: Java version 17.0.9
[2024-01-30T03:26:07.565+0000] {spark_submit.py:571} INFO - 24/01/30 03:26:07 WARN NativeCodeLoader: Unable to load native-hadoop library for your platform... using builtin-java classes where applicable
[2024-01-30T03:26:07.756+0000] {spark_submit.py:571} INFO - 24/01/30 03:26:07 INFO ResourceUtils: ==============================================================
[2024-01-30T03:26:07.759+0000] {spark_submit.py:571} INFO - 24/01/30 03:26:07 INFO ResourceUtils: No custom resources configured for spark.driver.
[2024-01-30T03:26:07.761+0000] {spark_submit.py:571} INFO - 24/01/30 03:26:07 INFO ResourceUtils: ==============================================================
[2024-01-30T03:26:07.763+0000] {spark_submit.py:571} INFO - 24/01/30 03:26:07 INFO SparkContext: Submitted application: RawToFormatted
[2024-01-30T03:26:07.804+0000] {spark_submit.py:571} INFO - 24/01/30 03:26:07 INFO ResourceProfile: Default ResourceProfile created, executor resources: Map(cores -> name: cores, amount: 1, script: , vendor: , memory -> name: memory, amount: 1024, script: , vendor: , offHeap -> name: offHeap, amount: 0, script: , vendor: ), task resources: Map(cpus -> name: cpus, amount: 1.0)
[2024-01-30T03:26:07.818+0000] {spark_submit.py:571} INFO - 24/01/30 03:26:07 INFO ResourceProfile: Limiting resource is cpu
[2024-01-30T03:26:07.819+0000] {spark_submit.py:571} INFO - 24/01/30 03:26:07 INFO ResourceProfileManager: Added ResourceProfile id: 0
[2024-01-30T03:26:07.898+0000] {spark_submit.py:571} INFO - 24/01/30 03:26:07 INFO SecurityManager: Changing view acls to: juniortemgoua0
[2024-01-30T03:26:07.899+0000] {spark_submit.py:571} INFO - 24/01/30 03:26:07 INFO SecurityManager: Changing modify acls to: juniortemgoua0
[2024-01-30T03:26:07.900+0000] {spark_submit.py:571} INFO - 24/01/30 03:26:07 INFO SecurityManager: Changing view acls groups to:
[2024-01-30T03:26:07.901+0000] {spark_submit.py:571} INFO - 24/01/30 03:26:07 INFO SecurityManager: Changing modify acls groups to:
[2024-01-30T03:26:07.902+0000] {spark_submit.py:571} INFO - 24/01/30 03:26:07 INFO SecurityManager: SecurityManager: authentication disabled; ui acls disabled; users with view permissions: juniortemgoua0; groups with view permissions: EMPTY; users with modify permissions: juniortemgoua0; groups with modify permissions: EMPTY
[2024-01-30T03:26:08.277+0000] {spark_submit.py:571} INFO - 24/01/30 03:26:08 INFO Utils: Successfully started service 'sparkDriver' on port 33821.
[2024-01-30T03:26:08.321+0000] {spark_submit.py:571} INFO - 24/01/30 03:26:08 INFO SparkEnv: Registering MapOutputTracker
[2024-01-30T03:26:08.383+0000] {spark_submit.py:571} INFO - 24/01/30 03:26:08 INFO SparkEnv: Registering BlockManagerMaster
[2024-01-30T03:26:08.410+0000] {spark_submit.py:571} INFO - 24/01/30 03:26:08 INFO BlockManagerMasterEndpoint: Using org.apache.spark.storage.DefaultTopologyMapper for getting topology information
[2024-01-30T03:26:08.411+0000] {spark_submit.py:571} INFO - 24/01/30 03:26:08 INFO BlockManagerMasterEndpoint: BlockManagerMasterEndpoint up
[2024-01-30T03:26:08.416+0000] {spark_submit.py:571} INFO - 24/01/30 03:26:08 INFO SparkEnv: Registering BlockManagerMasterHeartbeat
[2024-01-30T03:26:08.437+0000] {spark_submit.py:571} INFO - 24/01/30 03:26:08 INFO DiskBlockManager: Created local directory at /tmp/blockmgr-e8d129c9-c412-457d-a21e-be4eb36bab62
[2024-01-30T03:26:08.461+0000] {spark_submit.py:571} INFO - 24/01/30 03:26:08 INFO MemoryStore: MemoryStore started with capacity 434.4 MiB
[2024-01-30T03:26:08.482+0000] {spark_submit.py:571} INFO - 24/01/30 03:26:08 INFO SparkEnv: Registering OutputCommitCoordinator
[2024-01-30T03:26:08.682+0000] {spark_submit.py:571} INFO - 24/01/30 03:26:08 INFO JettyUtils: Start Jetty 0.0.0.0:4040 for SparkUI
[2024-01-30T03:26:08.787+0000] {spark_submit.py:571} INFO - 24/01/30 03:26:08 INFO Utils: Successfully started service 'SparkUI' on port 4040.
[2024-01-30T03:26:08.844+0000] {spark_submit.py:571} INFO - 24/01/30 03:26:08 INFO SparkContext: Added JAR file:/home/juniortemgoua0/DataLake/jobs/processes/scala/spark_process/target/scala-2.12/spark_job_2.12-0.1.0.jar at spark://instance-1.europe-west9-a.c.data-lake-project-409321.internal:33821/jars/spark_job_2.12-0.1.0.jar with timestamp 1706585167425
[2024-01-30T03:26:08.940+0000] {spark_submit.py:571} INFO - 24/01/30 03:26:08 INFO Executor: Starting executor ID driver on host instance-1.europe-west9-a.c.data-lake-project-409321.internal
[2024-01-30T03:26:08.941+0000] {spark_submit.py:571} INFO - 24/01/30 03:26:08 INFO Executor: OS info Linux, 5.15.0-1049-gcp, amd64
[2024-01-30T03:26:08.941+0000] {spark_submit.py:571} INFO - 24/01/30 03:26:08 INFO Executor: Java version 17.0.9
[2024-01-30T03:26:08.949+0000] {spark_submit.py:571} INFO - 24/01/30 03:26:08 INFO Executor: Starting executor with user classpath (userClassPathFirst = false): ''
[2024-01-30T03:26:08.950+0000] {spark_submit.py:571} INFO - 24/01/30 03:26:08 INFO Executor: Created or updated repl class loader org.apache.spark.util.MutableURLClassLoader@36aa52d2 for default.
[2024-01-30T03:26:09.008+0000] {spark_submit.py:571} INFO - 24/01/30 03:26:09 INFO Executor: Fetching spark://instance-1.europe-west9-a.c.data-lake-project-409321.internal:33821/jars/spark_job_2.12-0.1.0.jar with timestamp 1706585167425
[2024-01-30T03:26:09.108+0000] {spark_submit.py:571} INFO - 24/01/30 03:26:09 INFO TransportClientFactory: Successfully created connection to instance-1.europe-west9-a.c.data-lake-project-409321.internal/10.200.0.5:33821 after 45 ms (0 ms spent in bootstraps)
[2024-01-30T03:26:09.131+0000] {spark_submit.py:571} INFO - 24/01/30 03:26:09 INFO Utils: Fetching spark://instance-1.europe-west9-a.c.data-lake-project-409321.internal:33821/jars/spark_job_2.12-0.1.0.jar to /tmp/spark-73a43d37-39b1-49a0-ac8b-2778be7b9523/userFiles-7123b169-6d71-4887-b9c1-117296d0ab81/fetchFileTemp15152574920639547592.tmp
[2024-01-30T03:26:09.164+0000] {spark_submit.py:571} INFO - 24/01/30 03:26:09 INFO Executor: Adding file:/tmp/spark-73a43d37-39b1-49a0-ac8b-2778be7b9523/userFiles-7123b169-6d71-4887-b9c1-117296d0ab81/spark_job_2.12-0.1.0.jar to class loader default
[2024-01-30T03:26:09.175+0000] {spark_submit.py:571} INFO - 24/01/30 03:26:09 INFO Utils: Successfully started service 'org.apache.spark.network.netty.NettyBlockTransferService' on port 43399.
[2024-01-30T03:26:09.176+0000] {spark_submit.py:571} INFO - 24/01/30 03:26:09 INFO NettyBlockTransferService: Server created on instance-1.europe-west9-a.c.data-lake-project-409321.internal:43399
[2024-01-30T03:26:09.178+0000] {spark_submit.py:571} INFO - 24/01/30 03:26:09 INFO BlockManager: Using org.apache.spark.storage.RandomBlockReplicationPolicy for block replication policy
[2024-01-30T03:26:09.191+0000] {spark_submit.py:571} INFO - 24/01/30 03:26:09 INFO BlockManagerMaster: Registering BlockManager BlockManagerId(driver, instance-1.europe-west9-a.c.data-lake-project-409321.internal, 43399, None)
[2024-01-30T03:26:09.196+0000] {spark_submit.py:571} INFO - 24/01/30 03:26:09 INFO BlockManagerMasterEndpoint: Registering block manager instance-1.europe-west9-a.c.data-lake-project-409321.internal:43399 with 434.4 MiB RAM, BlockManagerId(driver, instance-1.europe-west9-a.c.data-lake-project-409321.internal, 43399, None)
[2024-01-30T03:26:09.198+0000] {spark_submit.py:571} INFO - 24/01/30 03:26:09 INFO BlockManagerMaster: Registered BlockManager BlockManagerId(driver, instance-1.europe-west9-a.c.data-lake-project-409321.internal, 43399, None)
[2024-01-30T03:26:09.200+0000] {spark_submit.py:571} INFO - 24/01/30 03:26:09 INFO BlockManager: Initialized BlockManager: BlockManagerId(driver, instance-1.europe-west9-a.c.data-lake-project-409321.internal, 43399, None)
[2024-01-30T03:26:10.218+0000] {spark_submit.py:571} INFO - 24/01/30 03:26:10 INFO SharedState: Setting hive.metastore.warehouse.dir ('null') to the value of spark.sql.warehouse.dir.
[2024-01-30T03:26:10.229+0000] {spark_submit.py:571} INFO - 24/01/30 03:26:10 INFO SharedState: Warehouse path is 'file:/home/juniortemgoua0/DataLake/spark-warehouse'.
[2024-01-30T03:26:11.636+0000] {spark_submit.py:571} INFO - ************************************************
[2024-01-30T03:26:11.638+0000] {spark_submit.py:571} INFO - Date d'exécution  : 2024-01-09
[2024-01-30T03:26:11.638+0000] {spark_submit.py:571} INFO - ************************************************
[2024-01-30T03:26:12.918+0000] {spark_submit.py:571} INFO - 24/01/30 03:26:12 WARN FileStreamSink: Assume no metadata directory. Error while looking for metadata directory in the path: hdfs://localhost:9000/data-lake/raw/football_data/competitions/2024-01-09/*.json.
[2024-01-30T03:26:12.918+0000] {spark_submit.py:571} INFO - java.net.ConnectException: Call From instance-1/10.200.0.5 to localhost:9000 failed on connection exception: java.net.ConnectException: Connection refused; For more details see:  http://wiki.apache.org/hadoop/ConnectionRefused
[2024-01-30T03:26:12.919+0000] {spark_submit.py:571} INFO - at java.base/jdk.internal.reflect.NativeConstructorAccessorImpl.newInstance0(Native Method)
[2024-01-30T03:26:12.919+0000] {spark_submit.py:571} INFO - at java.base/jdk.internal.reflect.NativeConstructorAccessorImpl.newInstance(NativeConstructorAccessorImpl.java:77)
[2024-01-30T03:26:12.919+0000] {spark_submit.py:571} INFO - at java.base/jdk.internal.reflect.DelegatingConstructorAccessorImpl.newInstance(DelegatingConstructorAccessorImpl.java:45)
[2024-01-30T03:26:12.919+0000] {spark_submit.py:571} INFO - at java.base/java.lang.reflect.Constructor.newInstanceWithCaller(Constructor.java:499)
[2024-01-30T03:26:12.920+0000] {spark_submit.py:571} INFO - at java.base/java.lang.reflect.Constructor.newInstance(Constructor.java:480)
[2024-01-30T03:26:12.920+0000] {spark_submit.py:571} INFO - at org.apache.hadoop.net.NetUtils.wrapWithMessage(NetUtils.java:913)
[2024-01-30T03:26:12.920+0000] {spark_submit.py:571} INFO - at org.apache.hadoop.net.NetUtils.wrapException(NetUtils.java:828)
[2024-01-30T03:26:12.920+0000] {spark_submit.py:571} INFO - at org.apache.hadoop.ipc.Client.getRpcResponse(Client.java:1616)
[2024-01-30T03:26:12.920+0000] {spark_submit.py:571} INFO - at org.apache.hadoop.ipc.Client.call(Client.java:1558)
[2024-01-30T03:26:12.921+0000] {spark_submit.py:571} INFO - at org.apache.hadoop.ipc.Client.call(Client.java:1455)
[2024-01-30T03:26:12.921+0000] {spark_submit.py:571} INFO - at org.apache.hadoop.ipc.ProtobufRpcEngine2$Invoker.invoke(ProtobufRpcEngine2.java:242)
[2024-01-30T03:26:12.921+0000] {spark_submit.py:571} INFO - at org.apache.hadoop.ipc.ProtobufRpcEngine2$Invoker.invoke(ProtobufRpcEngine2.java:129)
[2024-01-30T03:26:12.921+0000] {spark_submit.py:571} INFO - at jdk.proxy2/jdk.proxy2.$Proxy34.getFileInfo(Unknown Source)
[2024-01-30T03:26:12.921+0000] {spark_submit.py:571} INFO - at org.apache.hadoop.hdfs.protocolPB.ClientNamenodeProtocolTranslatorPB.getFileInfo(ClientNamenodeProtocolTranslatorPB.java:965)
[2024-01-30T03:26:12.921+0000] {spark_submit.py:571} INFO - at java.base/jdk.internal.reflect.NativeMethodAccessorImpl.invoke0(Native Method)
[2024-01-30T03:26:12.922+0000] {spark_submit.py:571} INFO - at java.base/jdk.internal.reflect.NativeMethodAccessorImpl.invoke(NativeMethodAccessorImpl.java:77)
[2024-01-30T03:26:12.922+0000] {spark_submit.py:571} INFO - at java.base/jdk.internal.reflect.DelegatingMethodAccessorImpl.invoke(DelegatingMethodAccessorImpl.java:43)
[2024-01-30T03:26:12.922+0000] {spark_submit.py:571} INFO - at java.base/java.lang.reflect.Method.invoke(Method.java:568)
[2024-01-30T03:26:12.922+0000] {spark_submit.py:571} INFO - at org.apache.hadoop.io.retry.RetryInvocationHandler.invokeMethod(RetryInvocationHandler.java:422)
[2024-01-30T03:26:12.923+0000] {spark_submit.py:571} INFO - at org.apache.hadoop.io.retry.RetryInvocationHandler$Call.invokeMethod(RetryInvocationHandler.java:165)
[2024-01-30T03:26:12.923+0000] {spark_submit.py:571} INFO - at org.apache.hadoop.io.retry.RetryInvocationHandler$Call.invoke(RetryInvocationHandler.java:157)
[2024-01-30T03:26:12.923+0000] {spark_submit.py:571} INFO - at org.apache.hadoop.io.retry.RetryInvocationHandler$Call.invokeOnce(RetryInvocationHandler.java:95)
[2024-01-30T03:26:12.924+0000] {spark_submit.py:571} INFO - at org.apache.hadoop.io.retry.RetryInvocationHandler.invoke(RetryInvocationHandler.java:359)
[2024-01-30T03:26:12.924+0000] {spark_submit.py:571} INFO - at jdk.proxy2/jdk.proxy2.$Proxy35.getFileInfo(Unknown Source)
[2024-01-30T03:26:12.924+0000] {spark_submit.py:571} INFO - at org.apache.hadoop.hdfs.DFSClient.getFileInfo(DFSClient.java:1739)
[2024-01-30T03:26:12.924+0000] {spark_submit.py:571} INFO - at org.apache.hadoop.hdfs.DistributedFileSystem$29.doCall(DistributedFileSystem.java:1753)
[2024-01-30T03:26:12.925+0000] {spark_submit.py:571} INFO - at org.apache.hadoop.hdfs.DistributedFileSystem$29.doCall(DistributedFileSystem.java:1750)
[2024-01-30T03:26:12.926+0000] {spark_submit.py:571} INFO - at org.apache.hadoop.fs.FileSystemLinkResolver.resolve(FileSystemLinkResolver.java:81)
[2024-01-30T03:26:12.926+0000] {spark_submit.py:571} INFO - at org.apache.hadoop.hdfs.DistributedFileSystem.getFileStatus(DistributedFileSystem.java:1765)
[2024-01-30T03:26:12.926+0000] {spark_submit.py:571} INFO - at org.apache.hadoop.fs.FileSystem.isDirectory(FileSystem.java:1777)
[2024-01-30T03:26:12.926+0000] {spark_submit.py:571} INFO - at org.apache.spark.sql.execution.streaming.FileStreamSink$.hasMetadata(FileStreamSink.scala:54)
[2024-01-30T03:26:12.926+0000] {spark_submit.py:571} INFO - at org.apache.spark.sql.execution.datasources.DataSource.resolveRelation(DataSource.scala:366)
[2024-01-30T03:26:12.928+0000] {spark_submit.py:571} INFO - at org.apache.spark.sql.DataFrameReader.loadV1Source(DataFrameReader.scala:229)
[2024-01-30T03:26:12.929+0000] {spark_submit.py:571} INFO - at org.apache.spark.sql.DataFrameReader.$anonfun$load$2(DataFrameReader.scala:211)
[2024-01-30T03:26:12.929+0000] {spark_submit.py:571} INFO - at scala.Option.getOrElse(Option.scala:189)
[2024-01-30T03:26:12.930+0000] {spark_submit.py:571} INFO - at org.apache.spark.sql.DataFrameReader.load(DataFrameReader.scala:211)
[2024-01-30T03:26:12.930+0000] {spark_submit.py:571} INFO - at org.apache.spark.sql.DataFrameReader.json(DataFrameReader.scala:362)
[2024-01-30T03:26:12.931+0000] {spark_submit.py:571} INFO - at org.apache.spark.sql.DataFrameReader.json(DataFrameReader.scala:341)
[2024-01-30T03:26:12.931+0000] {spark_submit.py:571} INFO - at RawToFormatted$.formattedCompetition(RawToFormatted.scala:39)
[2024-01-30T03:26:12.932+0000] {spark_submit.py:571} INFO - at RawToFormatted$.main(RawToFormatted.scala:26)
[2024-01-30T03:26:12.932+0000] {spark_submit.py:571} INFO - at RawToFormatted.main(RawToFormatted.scala)
[2024-01-30T03:26:12.933+0000] {spark_submit.py:571} INFO - at java.base/jdk.internal.reflect.NativeMethodAccessorImpl.invoke0(Native Method)
[2024-01-30T03:26:12.933+0000] {spark_submit.py:571} INFO - at java.base/jdk.internal.reflect.NativeMethodAccessorImpl.invoke(NativeMethodAccessorImpl.java:77)
[2024-01-30T03:26:12.933+0000] {spark_submit.py:571} INFO - at java.base/jdk.internal.reflect.DelegatingMethodAccessorImpl.invoke(DelegatingMethodAccessorImpl.java:43)
[2024-01-30T03:26:12.934+0000] {spark_submit.py:571} INFO - at java.base/java.lang.reflect.Method.invoke(Method.java:568)
[2024-01-30T03:26:12.935+0000] {spark_submit.py:571} INFO - at org.apache.spark.deploy.JavaMainApplication.start(SparkApplication.scala:52)
[2024-01-30T03:26:12.935+0000] {spark_submit.py:571} INFO - at org.apache.spark.deploy.SparkSubmit.org$apache$spark$deploy$SparkSubmit$$runMain(SparkSubmit.scala:1029)
[2024-01-30T03:26:12.935+0000] {spark_submit.py:571} INFO - at org.apache.spark.deploy.SparkSubmit.doRunMain$1(SparkSubmit.scala:194)
[2024-01-30T03:26:12.936+0000] {spark_submit.py:571} INFO - at org.apache.spark.deploy.SparkSubmit.submit(SparkSubmit.scala:217)
[2024-01-30T03:26:12.937+0000] {spark_submit.py:571} INFO - at org.apache.spark.deploy.SparkSubmit.doSubmit(SparkSubmit.scala:91)
[2024-01-30T03:26:12.937+0000] {spark_submit.py:571} INFO - at org.apache.spark.deploy.SparkSubmit$$anon$2.doSubmit(SparkSubmit.scala:1120)
[2024-01-30T03:26:12.937+0000] {spark_submit.py:571} INFO - at org.apache.spark.deploy.SparkSubmit$.main(SparkSubmit.scala:1129)
[2024-01-30T03:26:12.940+0000] {spark_submit.py:571} INFO - at org.apache.spark.deploy.SparkSubmit.main(SparkSubmit.scala)
[2024-01-30T03:26:12.940+0000] {spark_submit.py:571} INFO - Caused by: java.net.ConnectException: Connection refused
[2024-01-30T03:26:12.941+0000] {spark_submit.py:571} INFO - at java.base/sun.nio.ch.Net.pollConnect(Native Method)
[2024-01-30T03:26:12.941+0000] {spark_submit.py:571} INFO - at java.base/sun.nio.ch.Net.pollConnectNow(Net.java:672)
[2024-01-30T03:26:12.941+0000] {spark_submit.py:571} INFO - at java.base/sun.nio.ch.SocketChannelImpl.finishConnect(SocketChannelImpl.java:946)
[2024-01-30T03:26:12.941+0000] {spark_submit.py:571} INFO - at org.apache.hadoop.net.SocketIOWithTimeout.connect(SocketIOWithTimeout.java:205)
[2024-01-30T03:26:12.942+0000] {spark_submit.py:571} INFO - at org.apache.hadoop.net.NetUtils.connect(NetUtils.java:586)
[2024-01-30T03:26:12.942+0000] {spark_submit.py:571} INFO - at org.apache.hadoop.ipc.Client$Connection.setupConnection(Client.java:711)
[2024-01-30T03:26:12.942+0000] {spark_submit.py:571} INFO - at org.apache.hadoop.ipc.Client$Connection.setupIOstreams(Client.java:833)
[2024-01-30T03:26:12.942+0000] {spark_submit.py:571} INFO - at org.apache.hadoop.ipc.Client$Connection.access$3800(Client.java:414)
[2024-01-30T03:26:12.942+0000] {spark_submit.py:571} INFO - at org.apache.hadoop.ipc.Client.getConnection(Client.java:1677)
[2024-01-30T03:26:12.943+0000] {spark_submit.py:571} INFO - at org.apache.hadoop.ipc.Client.call(Client.java:1502)
[2024-01-30T03:26:12.943+0000] {spark_submit.py:571} INFO - ... 44 more
[2024-01-30T03:26:13.041+0000] {spark_submit.py:571} INFO - Exception in thread "main" java.net.ConnectException: Call From instance-1/10.200.0.5 to localhost:9000 failed on connection exception: java.net.ConnectException: Connection refused; For more details see:  http://wiki.apache.org/hadoop/ConnectionRefused
[2024-01-30T03:26:13.042+0000] {spark_submit.py:571} INFO - at java.base/jdk.internal.reflect.NativeConstructorAccessorImpl.newInstance0(Native Method)
[2024-01-30T03:26:13.042+0000] {spark_submit.py:571} INFO - at java.base/jdk.internal.reflect.NativeConstructorAccessorImpl.newInstance(NativeConstructorAccessorImpl.java:77)
[2024-01-30T03:26:13.043+0000] {spark_submit.py:571} INFO - at java.base/jdk.internal.reflect.DelegatingConstructorAccessorImpl.newInstance(DelegatingConstructorAccessorImpl.java:45)
[2024-01-30T03:26:13.043+0000] {spark_submit.py:571} INFO - at java.base/java.lang.reflect.Constructor.newInstanceWithCaller(Constructor.java:499)
[2024-01-30T03:26:13.043+0000] {spark_submit.py:571} INFO - at java.base/java.lang.reflect.Constructor.newInstance(Constructor.java:480)
[2024-01-30T03:26:13.044+0000] {spark_submit.py:571} INFO - at org.apache.hadoop.net.NetUtils.wrapWithMessage(NetUtils.java:913)
[2024-01-30T03:26:13.046+0000] {spark_submit.py:571} INFO - at org.apache.hadoop.net.NetUtils.wrapException(NetUtils.java:828)
[2024-01-30T03:26:13.046+0000] {spark_submit.py:571} INFO - at org.apache.hadoop.ipc.Client.getRpcResponse(Client.java:1616)
[2024-01-30T03:26:13.047+0000] {spark_submit.py:571} INFO - at org.apache.hadoop.ipc.Client.call(Client.java:1558)
[2024-01-30T03:26:13.047+0000] {spark_submit.py:571} INFO - at org.apache.hadoop.ipc.Client.call(Client.java:1455)
[2024-01-30T03:26:13.047+0000] {spark_submit.py:571} INFO - at org.apache.hadoop.ipc.ProtobufRpcEngine2$Invoker.invoke(ProtobufRpcEngine2.java:242)
[2024-01-30T03:26:13.047+0000] {spark_submit.py:571} INFO - at org.apache.hadoop.ipc.ProtobufRpcEngine2$Invoker.invoke(ProtobufRpcEngine2.java:129)
[2024-01-30T03:26:13.048+0000] {spark_submit.py:571} INFO - at jdk.proxy2/jdk.proxy2.$Proxy34.getListing(Unknown Source)
[2024-01-30T03:26:13.048+0000] {spark_submit.py:571} INFO - at org.apache.hadoop.hdfs.protocolPB.ClientNamenodeProtocolTranslatorPB.getListing(ClientNamenodeProtocolTranslatorPB.java:688)
[2024-01-30T03:26:13.048+0000] {spark_submit.py:571} INFO - at java.base/jdk.internal.reflect.NativeMethodAccessorImpl.invoke0(Native Method)
[2024-01-30T03:26:13.048+0000] {spark_submit.py:571} INFO - at java.base/jdk.internal.reflect.NativeMethodAccessorImpl.invoke(NativeMethodAccessorImpl.java:77)
[2024-01-30T03:26:13.049+0000] {spark_submit.py:571} INFO - at java.base/jdk.internal.reflect.DelegatingMethodAccessorImpl.invoke(DelegatingMethodAccessorImpl.java:43)
[2024-01-30T03:26:13.049+0000] {spark_submit.py:571} INFO - at java.base/java.lang.reflect.Method.invoke(Method.java:568)
[2024-01-30T03:26:13.049+0000] {spark_submit.py:571} INFO - at org.apache.hadoop.io.retry.RetryInvocationHandler.invokeMethod(RetryInvocationHandler.java:422)
[2024-01-30T03:26:13.050+0000] {spark_submit.py:571} INFO - at org.apache.hadoop.io.retry.RetryInvocationHandler$Call.invokeMethod(RetryInvocationHandler.java:165)
[2024-01-30T03:26:13.050+0000] {spark_submit.py:571} INFO - at org.apache.hadoop.io.retry.RetryInvocationHandler$Call.invoke(RetryInvocationHandler.java:157)
[2024-01-30T03:26:13.050+0000] {spark_submit.py:571} INFO - at org.apache.hadoop.io.retry.RetryInvocationHandler$Call.invokeOnce(RetryInvocationHandler.java:95)
[2024-01-30T03:26:13.050+0000] {spark_submit.py:571} INFO - at org.apache.hadoop.io.retry.RetryInvocationHandler.invoke(RetryInvocationHandler.java:359)
[2024-01-30T03:26:13.050+0000] {spark_submit.py:571} INFO - at jdk.proxy2/jdk.proxy2.$Proxy35.getListing(Unknown Source)
[2024-01-30T03:26:13.051+0000] {spark_submit.py:571} INFO - at org.apache.hadoop.hdfs.DFSClient.listPaths(DFSClient.java:1702)
[2024-01-30T03:26:13.051+0000] {spark_submit.py:571} INFO - at org.apache.hadoop.hdfs.DFSClient.listPaths(DFSClient.java:1686)
[2024-01-30T03:26:13.051+0000] {spark_submit.py:571} INFO - at org.apache.hadoop.hdfs.DistributedFileSystem.listStatusInternal(DistributedFileSystem.java:1100)
[2024-01-30T03:26:13.051+0000] {spark_submit.py:571} INFO - at org.apache.hadoop.hdfs.DistributedFileSystem.access$600(DistributedFileSystem.java:147)
[2024-01-30T03:26:13.051+0000] {spark_submit.py:571} INFO - at org.apache.hadoop.hdfs.DistributedFileSystem$24.doCall(DistributedFileSystem.java:1175)
[2024-01-30T03:26:13.052+0000] {spark_submit.py:571} INFO - at org.apache.hadoop.hdfs.DistributedFileSystem$24.doCall(DistributedFileSystem.java:1172)
[2024-01-30T03:26:13.052+0000] {spark_submit.py:571} INFO - at org.apache.hadoop.fs.FileSystemLinkResolver.resolve(FileSystemLinkResolver.java:81)
[2024-01-30T03:26:13.052+0000] {spark_submit.py:571} INFO - at org.apache.hadoop.hdfs.DistributedFileSystem.listStatus(DistributedFileSystem.java:1182)
[2024-01-30T03:26:13.052+0000] {spark_submit.py:571} INFO - at org.apache.hadoop.fs.Globber.listStatus(Globber.java:128)
[2024-01-30T03:26:13.053+0000] {spark_submit.py:571} INFO - at org.apache.hadoop.fs.Globber.doGlob(Globber.java:291)
[2024-01-30T03:26:13.053+0000] {spark_submit.py:571} INFO - at org.apache.hadoop.fs.Globber.glob(Globber.java:202)
[2024-01-30T03:26:13.053+0000] {spark_submit.py:571} INFO - at org.apache.hadoop.fs.FileSystem.globStatus(FileSystem.java:2124)
[2024-01-30T03:26:13.053+0000] {spark_submit.py:571} INFO - at org.apache.spark.deploy.SparkHadoopUtil.globPath(SparkHadoopUtil.scala:238)
[2024-01-30T03:26:13.053+0000] {spark_submit.py:571} INFO - at org.apache.spark.sql.execution.datasources.DataSource$.$anonfun$checkAndGlobPathIfNecessary$3(DataSource.scala:737)
[2024-01-30T03:26:13.054+0000] {spark_submit.py:571} INFO - at org.apache.spark.util.ThreadUtils$.$anonfun$parmap$2(ThreadUtils.scala:380)
[2024-01-30T03:26:13.054+0000] {spark_submit.py:571} INFO - at scala.concurrent.Future$.$anonfun$apply$1(Future.scala:659)
[2024-01-30T03:26:13.061+0000] {spark_submit.py:571} INFO - at scala.util.Success.$anonfun$map$1(Try.scala:255)
[2024-01-30T03:26:13.061+0000] {spark_submit.py:571} INFO - at scala.util.Success.map(Try.scala:213)
[2024-01-30T03:26:13.061+0000] {spark_submit.py:571} INFO - at scala.concurrent.Future.$anonfun$map$1(Future.scala:292)
[2024-01-30T03:26:13.061+0000] {spark_submit.py:571} INFO - at scala.concurrent.impl.Promise.liftedTree1$1(Promise.scala:33)
[2024-01-30T03:26:13.062+0000] {spark_submit.py:571} INFO - at scala.concurrent.impl.Promise.$anonfun$transform$1(Promise.scala:33)
[2024-01-30T03:26:13.062+0000] {spark_submit.py:571} INFO - at scala.concurrent.impl.CallbackRunnable.run(Promise.scala:64)
[2024-01-30T03:26:13.062+0000] {spark_submit.py:571} INFO - at java.base/java.util.concurrent.ForkJoinTask$RunnableExecuteAction.exec(ForkJoinTask.java:1395)
[2024-01-30T03:26:13.062+0000] {spark_submit.py:571} INFO - at java.base/java.util.concurrent.ForkJoinTask.doExec(ForkJoinTask.java:373)
[2024-01-30T03:26:13.063+0000] {spark_submit.py:571} INFO - at java.base/java.util.concurrent.ForkJoinPool$WorkQueue.topLevelExec(ForkJoinPool.java:1182)
[2024-01-30T03:26:13.070+0000] {spark_submit.py:571} INFO - at java.base/java.util.concurrent.ForkJoinPool.scan(ForkJoinPool.java:1655)
[2024-01-30T03:26:13.070+0000] {spark_submit.py:571} INFO - at java.base/java.util.concurrent.ForkJoinPool.runWorker(ForkJoinPool.java:1622)
[2024-01-30T03:26:13.071+0000] {spark_submit.py:571} INFO - at java.base/java.util.concurrent.ForkJoinWorkerThread.run(ForkJoinWorkerThread.java:165)
[2024-01-30T03:26:13.071+0000] {spark_submit.py:571} INFO - Caused by: java.net.ConnectException: Connection refused
[2024-01-30T03:26:13.071+0000] {spark_submit.py:571} INFO - at java.base/sun.nio.ch.Net.pollConnect(Native Method)
[2024-01-30T03:26:13.071+0000] {spark_submit.py:571} INFO - at java.base/sun.nio.ch.Net.pollConnectNow(Net.java:672)
[2024-01-30T03:26:13.071+0000] {spark_submit.py:571} INFO - at java.base/sun.nio.ch.SocketChannelImpl.finishConnect(SocketChannelImpl.java:946)
[2024-01-30T03:26:13.072+0000] {spark_submit.py:571} INFO - at org.apache.hadoop.net.SocketIOWithTimeout.connect(SocketIOWithTimeout.java:205)
[2024-01-30T03:26:13.072+0000] {spark_submit.py:571} INFO - at org.apache.hadoop.net.NetUtils.connect(NetUtils.java:586)
[2024-01-30T03:26:13.072+0000] {spark_submit.py:571} INFO - at org.apache.hadoop.ipc.Client$Connection.setupConnection(Client.java:711)
[2024-01-30T03:26:13.072+0000] {spark_submit.py:571} INFO - at org.apache.hadoop.ipc.Client$Connection.setupIOstreams(Client.java:833)
[2024-01-30T03:26:13.073+0000] {spark_submit.py:571} INFO - at org.apache.hadoop.ipc.Client$Connection.access$3800(Client.java:414)
[2024-01-30T03:26:13.073+0000] {spark_submit.py:571} INFO - at org.apache.hadoop.ipc.Client.getConnection(Client.java:1677)
[2024-01-30T03:26:13.073+0000] {spark_submit.py:571} INFO - at org.apache.hadoop.ipc.Client.call(Client.java:1502)
[2024-01-30T03:26:13.073+0000] {spark_submit.py:571} INFO - ... 43 more
[2024-01-30T03:26:13.090+0000] {spark_submit.py:571} INFO - 24/01/30 03:26:13 INFO SparkContext: Invoking stop() from shutdown hook
[2024-01-30T03:26:13.091+0000] {spark_submit.py:571} INFO - 24/01/30 03:26:13 INFO SparkContext: SparkContext is stopping with exitCode 0.
[2024-01-30T03:26:13.130+0000] {spark_submit.py:571} INFO - 24/01/30 03:26:13 INFO SparkUI: Stopped Spark web UI at http://instance-1.europe-west9-a.c.data-lake-project-409321.internal:4040
[2024-01-30T03:26:13.161+0000] {spark_submit.py:571} INFO - 24/01/30 03:26:13 INFO MapOutputTrackerMasterEndpoint: MapOutputTrackerMasterEndpoint stopped!
[2024-01-30T03:26:13.210+0000] {spark_submit.py:571} INFO - 24/01/30 03:26:13 INFO MemoryStore: MemoryStore cleared
[2024-01-30T03:26:13.211+0000] {spark_submit.py:571} INFO - 24/01/30 03:26:13 INFO BlockManager: BlockManager stopped
[2024-01-30T03:26:13.220+0000] {spark_submit.py:571} INFO - 24/01/30 03:26:13 INFO BlockManagerMaster: BlockManagerMaster stopped
[2024-01-30T03:26:13.225+0000] {spark_submit.py:571} INFO - 24/01/30 03:26:13 INFO OutputCommitCoordinator$OutputCommitCoordinatorEndpoint: OutputCommitCoordinator stopped!
[2024-01-30T03:26:13.268+0000] {spark_submit.py:571} INFO - 24/01/30 03:26:13 INFO SparkContext: Successfully stopped SparkContext
[2024-01-30T03:26:13.269+0000] {spark_submit.py:571} INFO - 24/01/30 03:26:13 INFO ShutdownHookManager: Shutdown hook called
[2024-01-30T03:26:13.269+0000] {spark_submit.py:571} INFO - 24/01/30 03:26:13 INFO ShutdownHookManager: Deleting directory /tmp/spark-67e524b6-341a-4151-8e45-f4fb7f25c92f
[2024-01-30T03:26:13.278+0000] {spark_submit.py:571} INFO - 24/01/30 03:26:13 INFO ShutdownHookManager: Deleting directory /tmp/spark-73a43d37-39b1-49a0-ac8b-2778be7b9523
[2024-01-30T03:26:13.385+0000] {taskinstance.py:2698} ERROR - Task failed with exception
Traceback (most recent call last):
  File "/home/juniortemgoua0/DataLake/venv/lib/python3.8/site-packages/airflow/models/taskinstance.py", line 433, in _execute_task
    result = execute_callable(context=context, **execute_callable_kwargs)
  File "/home/juniortemgoua0/DataLake/venv/lib/python3.8/site-packages/airflow/providers/apache/spark/operators/spark_submit.py", line 174, in execute
    self._hook.submit(self._application)
  File "/home/juniortemgoua0/DataLake/venv/lib/python3.8/site-packages/airflow/providers/apache/spark/hooks/spark_submit.py", line 502, in submit
    raise AirflowException(
airflow.exceptions.AirflowException: Cannot execute: spark-submit --master local[*] --conf spark.airflow.execution_date=2024-01-09 --name arrow-spark --class RawToFormatted --queue root.default --deploy-mode client /home/juniortemgoua0/DataLake/jobs/processes/scala/spark_process/target/scala-2.12/spark_job_2.12-0.1.0.jar hdfs://localhost:9000/data-lake. Error code is: 1.
[2024-01-30T03:26:13.406+0000] {taskinstance.py:1138} INFO - Marking task as UP_FOR_RETRY. dag_id=manage_data_lake_dag, task_id=local_job_raw_to_formatted, execution_date=20240109T000000, start_date=20240130T032604, end_date=20240130T032613
[2024-01-30T03:26:13.439+0000] {standard_task_runner.py:107} ERROR - Failed to execute job 183 for task local_job_raw_to_formatted (Cannot execute: spark-submit --master local[*] --conf spark.airflow.execution_date=2024-01-09 --name arrow-spark --class RawToFormatted --queue root.default --deploy-mode client /home/juniortemgoua0/DataLake/jobs/processes/scala/spark_process/target/scala-2.12/spark_job_2.12-0.1.0.jar hdfs://localhost:9000/data-lake. Error code is: 1.; 32088)
[2024-01-30T03:26:13.481+0000] {local_task_job_runner.py:234} INFO - Task exited with return code 1
[2024-01-30T03:26:13.521+0000] {taskinstance.py:3280} INFO - 0 downstream tasks scheduled from follow-on schedule check
