[2024-01-29T14:36:08.483+0000] {taskinstance.py:1956} INFO - Dependencies all met for dep_context=non-requeueable deps ti=<TaskInstance: manage_data_lake_dag.job_formatted_to_usage scheduled__2024-01-02T00:00:00+00:00 [queued]>
[2024-01-29T14:36:08.489+0000] {taskinstance.py:1956} INFO - Dependencies all met for dep_context=requeueable deps ti=<TaskInstance: manage_data_lake_dag.job_formatted_to_usage scheduled__2024-01-02T00:00:00+00:00 [queued]>
[2024-01-29T14:36:08.489+0000] {taskinstance.py:2170} INFO - Starting attempt 1 of 6
[2024-01-29T14:36:08.501+0000] {taskinstance.py:2191} INFO - Executing <Task(SparkSubmitOperator): job_formatted_to_usage> on 2024-01-02 00:00:00+00:00
[2024-01-29T14:36:08.505+0000] {standard_task_runner.py:60} INFO - Started process 44272 to run task
[2024-01-29T14:36:08.512+0000] {standard_task_runner.py:87} INFO - Running: ['airflow', 'tasks', 'run', 'manage_data_lake_dag', 'job_formatted_to_usage', 'scheduled__2024-01-02T00:00:00+00:00', '--job-id', '126', '--raw', '--subdir', 'DAGS_FOLDER/data_lake_dag.py', '--cfg-path', '/tmp/tmp2wqdpyw6']
[2024-01-29T14:36:08.514+0000] {standard_task_runner.py:88} INFO - Job 126: Subtask job_formatted_to_usage
[2024-01-29T14:36:08.551+0000] {task_command.py:423} INFO - Running <TaskInstance: manage_data_lake_dag.job_formatted_to_usage scheduled__2024-01-02T00:00:00+00:00 [running]> on host instance-1.europe-west9-a.c.data-lake-project-409321.internal
[2024-01-29T14:36:08.600+0000] {taskinstance.py:2480} INFO - Exporting env vars: AIRFLOW_CTX_DAG_OWNER='juniortemgoua0' AIRFLOW_CTX_DAG_ID='manage_data_lake_dag' AIRFLOW_CTX_TASK_ID='job_formatted_to_usage' AIRFLOW_CTX_EXECUTION_DATE='2024-01-02T00:00:00+00:00' AIRFLOW_CTX_TRY_NUMBER='1' AIRFLOW_CTX_DAG_RUN_ID='scheduled__2024-01-02T00:00:00+00:00'
[2024-01-29T14:36:08.606+0000] {base.py:83} INFO - Using connection ID 'spark_default' for task execution.
[2024-01-29T14:36:08.607+0000] {spark_submit.py:401} INFO - Spark-Submit cmd: spark-submit --master local[*] --name arrow-spark --class FormattedToUsage --queue root.default --deploy-mode client /home/juniortemgoua0/DataLake/jobs/processes/scala/spark_process/target/scala-2.12/spark_job_2.12-0.1.0.jar gs://data-lake-buck
[2024-01-29T14:36:11.339+0000] {spark_submit.py:571} INFO - 24/01/29 14:36:11 INFO SparkContext: Running Spark version 3.5.0
[2024-01-29T14:36:11.349+0000] {spark_submit.py:571} INFO - 24/01/29 14:36:11 INFO SparkContext: OS info Linux, 5.15.0-1049-gcp, amd64
[2024-01-29T14:36:11.350+0000] {spark_submit.py:571} INFO - 24/01/29 14:36:11 INFO SparkContext: Java version 17.0.9
[2024-01-29T14:36:11.470+0000] {spark_submit.py:571} INFO - 24/01/29 14:36:11 WARN NativeCodeLoader: Unable to load native-hadoop library for your platform... using builtin-java classes where applicable
[2024-01-29T14:36:11.614+0000] {spark_submit.py:571} INFO - 24/01/29 14:36:11 INFO ResourceUtils: ==============================================================
[2024-01-29T14:36:11.617+0000] {spark_submit.py:571} INFO - 24/01/29 14:36:11 INFO ResourceUtils: No custom resources configured for spark.driver.
[2024-01-29T14:36:11.618+0000] {spark_submit.py:571} INFO - 24/01/29 14:36:11 INFO ResourceUtils: ==============================================================
[2024-01-29T14:36:11.619+0000] {spark_submit.py:571} INFO - 24/01/29 14:36:11 INFO SparkContext: Submitted application: RawToFormatted
[2024-01-29T14:36:11.664+0000] {spark_submit.py:571} INFO - 24/01/29 14:36:11 INFO ResourceProfile: Default ResourceProfile created, executor resources: Map(cores -> name: cores, amount: 1, script: , vendor: , memory -> name: memory, amount: 1024, script: , vendor: , offHeap -> name: offHeap, amount: 0, script: , vendor: ), task resources: Map(cpus -> name: cpus, amount: 1.0)
[2024-01-29T14:36:11.676+0000] {spark_submit.py:571} INFO - 24/01/29 14:36:11 INFO ResourceProfile: Limiting resource is cpu
[2024-01-29T14:36:11.677+0000] {spark_submit.py:571} INFO - 24/01/29 14:36:11 INFO ResourceProfileManager: Added ResourceProfile id: 0
[2024-01-29T14:36:11.764+0000] {spark_submit.py:571} INFO - 24/01/29 14:36:11 INFO SecurityManager: Changing view acls to: juniortemgoua0
[2024-01-29T14:36:11.765+0000] {spark_submit.py:571} INFO - 24/01/29 14:36:11 INFO SecurityManager: Changing modify acls to: juniortemgoua0
[2024-01-29T14:36:11.766+0000] {spark_submit.py:571} INFO - 24/01/29 14:36:11 INFO SecurityManager: Changing view acls groups to:
[2024-01-29T14:36:11.767+0000] {spark_submit.py:571} INFO - 24/01/29 14:36:11 INFO SecurityManager: Changing modify acls groups to:
[2024-01-29T14:36:11.768+0000] {spark_submit.py:571} INFO - 24/01/29 14:36:11 INFO SecurityManager: SecurityManager: authentication disabled; ui acls disabled; users with view permissions: juniortemgoua0; groups with view permissions: EMPTY; users with modify permissions: juniortemgoua0; groups with modify permissions: EMPTY
[2024-01-29T14:36:12.102+0000] {spark_submit.py:571} INFO - 24/01/29 14:36:12 INFO Utils: Successfully started service 'sparkDriver' on port 43061.
[2024-01-29T14:36:12.148+0000] {spark_submit.py:571} INFO - 24/01/29 14:36:12 INFO SparkEnv: Registering MapOutputTracker
[2024-01-29T14:36:12.208+0000] {spark_submit.py:571} INFO - 24/01/29 14:36:12 INFO SparkEnv: Registering BlockManagerMaster
[2024-01-29T14:36:12.232+0000] {spark_submit.py:571} INFO - 24/01/29 14:36:12 INFO BlockManagerMasterEndpoint: Using org.apache.spark.storage.DefaultTopologyMapper for getting topology information
[2024-01-29T14:36:12.233+0000] {spark_submit.py:571} INFO - 24/01/29 14:36:12 INFO BlockManagerMasterEndpoint: BlockManagerMasterEndpoint up
[2024-01-29T14:36:12.238+0000] {spark_submit.py:571} INFO - 24/01/29 14:36:12 INFO SparkEnv: Registering BlockManagerMasterHeartbeat
[2024-01-29T14:36:12.264+0000] {spark_submit.py:571} INFO - 24/01/29 14:36:12 INFO DiskBlockManager: Created local directory at /tmp/blockmgr-9839e387-169e-4d72-8126-b6c13302b89c
[2024-01-29T14:36:12.289+0000] {spark_submit.py:571} INFO - 24/01/29 14:36:12 INFO MemoryStore: MemoryStore started with capacity 434.4 MiB
[2024-01-29T14:36:12.313+0000] {spark_submit.py:571} INFO - 24/01/29 14:36:12 INFO SparkEnv: Registering OutputCommitCoordinator
[2024-01-29T14:36:12.506+0000] {spark_submit.py:571} INFO - 24/01/29 14:36:12 INFO JettyUtils: Start Jetty 0.0.0.0:4040 for SparkUI
[2024-01-29T14:36:12.595+0000] {spark_submit.py:571} INFO - 24/01/29 14:36:12 INFO Utils: Successfully started service 'SparkUI' on port 4040.
[2024-01-29T14:36:12.651+0000] {spark_submit.py:571} INFO - 24/01/29 14:36:12 INFO SparkContext: Added JAR file:/home/juniortemgoua0/DataLake/jobs/processes/scala/spark_process/target/scala-2.12/spark_job_2.12-0.1.0.jar at spark://instance-1.europe-west9-a.c.data-lake-project-409321.internal:43061/jars/spark_job_2.12-0.1.0.jar with timestamp 1706538971316
[2024-01-29T14:36:12.794+0000] {spark_submit.py:571} INFO - 24/01/29 14:36:12 INFO Executor: Starting executor ID driver on host instance-1.europe-west9-a.c.data-lake-project-409321.internal
[2024-01-29T14:36:12.795+0000] {spark_submit.py:571} INFO - 24/01/29 14:36:12 INFO Executor: OS info Linux, 5.15.0-1049-gcp, amd64
[2024-01-29T14:36:12.795+0000] {spark_submit.py:571} INFO - 24/01/29 14:36:12 INFO Executor: Java version 17.0.9
[2024-01-29T14:36:12.804+0000] {spark_submit.py:571} INFO - 24/01/29 14:36:12 INFO Executor: Starting executor with user classpath (userClassPathFirst = false): ''
[2024-01-29T14:36:12.804+0000] {spark_submit.py:571} INFO - 24/01/29 14:36:12 INFO Executor: Created or updated repl class loader org.apache.spark.util.MutableURLClassLoader@44af588b for default.
[2024-01-29T14:36:12.819+0000] {spark_submit.py:571} INFO - 24/01/29 14:36:12 INFO Executor: Fetching spark://instance-1.europe-west9-a.c.data-lake-project-409321.internal:43061/jars/spark_job_2.12-0.1.0.jar with timestamp 1706538971316
[2024-01-29T14:36:12.906+0000] {spark_submit.py:571} INFO - 24/01/29 14:36:12 INFO TransportClientFactory: Successfully created connection to instance-1.europe-west9-a.c.data-lake-project-409321.internal/10.200.0.5:43061 after 37 ms (0 ms spent in bootstraps)
[2024-01-29T14:36:12.915+0000] {spark_submit.py:571} INFO - 24/01/29 14:36:12 INFO Utils: Fetching spark://instance-1.europe-west9-a.c.data-lake-project-409321.internal:43061/jars/spark_job_2.12-0.1.0.jar to /tmp/spark-c9499e20-9cdb-4ff0-8857-b640125887a3/userFiles-8d07591e-4640-48d2-90ba-5b8ca7864d5d/fetchFileTemp3098296199672347770.tmp
[2024-01-29T14:36:12.953+0000] {spark_submit.py:571} INFO - 24/01/29 14:36:12 INFO Executor: Adding file:/tmp/spark-c9499e20-9cdb-4ff0-8857-b640125887a3/userFiles-8d07591e-4640-48d2-90ba-5b8ca7864d5d/spark_job_2.12-0.1.0.jar to class loader default
[2024-01-29T14:36:12.963+0000] {spark_submit.py:571} INFO - 24/01/29 14:36:12 INFO Utils: Successfully started service 'org.apache.spark.network.netty.NettyBlockTransferService' on port 39881.
[2024-01-29T14:36:12.963+0000] {spark_submit.py:571} INFO - 24/01/29 14:36:12 INFO NettyBlockTransferService: Server created on instance-1.europe-west9-a.c.data-lake-project-409321.internal:39881
[2024-01-29T14:36:12.966+0000] {spark_submit.py:571} INFO - 24/01/29 14:36:12 INFO BlockManager: Using org.apache.spark.storage.RandomBlockReplicationPolicy for block replication policy
[2024-01-29T14:36:12.975+0000] {spark_submit.py:571} INFO - 24/01/29 14:36:12 INFO BlockManagerMaster: Registering BlockManager BlockManagerId(driver, instance-1.europe-west9-a.c.data-lake-project-409321.internal, 39881, None)
[2024-01-29T14:36:12.978+0000] {spark_submit.py:571} INFO - 24/01/29 14:36:12 INFO BlockManagerMasterEndpoint: Registering block manager instance-1.europe-west9-a.c.data-lake-project-409321.internal:39881 with 434.4 MiB RAM, BlockManagerId(driver, instance-1.europe-west9-a.c.data-lake-project-409321.internal, 39881, None)
[2024-01-29T14:36:12.982+0000] {spark_submit.py:571} INFO - 24/01/29 14:36:12 INFO BlockManagerMaster: Registered BlockManager BlockManagerId(driver, instance-1.europe-west9-a.c.data-lake-project-409321.internal, 39881, None)
[2024-01-29T14:36:12.984+0000] {spark_submit.py:571} INFO - 24/01/29 14:36:12 INFO BlockManager: Initialized BlockManager: BlockManagerId(driver, instance-1.europe-west9-a.c.data-lake-project-409321.internal, 39881, None)
[2024-01-29T14:36:13.988+0000] {spark_submit.py:571} INFO - 24/01/29 14:36:13 INFO SharedState: Setting hive.metastore.warehouse.dir ('null') to the value of spark.sql.warehouse.dir.
[2024-01-29T14:36:13.999+0000] {spark_submit.py:571} INFO - 24/01/29 14:36:13 INFO SharedState: Warehouse path is 'file:/home/juniortemgoua0/DataLake/spark-warehouse'.
[2024-01-29T14:36:15.603+0000] {spark_submit.py:571} INFO - 24/01/29 14:36:15 WARN FileSystem: Failed to initialize fileystem gs://data-lake-buck/formatted/football_data/season/2024-01-29: java.io.FileNotFoundException: /Users/juniortemgoua/Documents/projects/BigData/DataLake/utils/credentials/google_storage_secret_key_credentials.json (No such file or directory)
[2024-01-29T14:36:15.607+0000] {spark_submit.py:571} INFO - 24/01/29 14:36:15 WARN FileStreamSink: Assume no metadata directory. Error while looking for metadata directory in the path: gs://data-lake-buck/formatted/football_data/season/2024-01-29.
[2024-01-29T14:36:15.607+0000] {spark_submit.py:571} INFO - java.io.FileNotFoundException: /Users/juniortemgoua/Documents/projects/BigData/DataLake/utils/credentials/google_storage_secret_key_credentials.json (No such file or directory)
[2024-01-29T14:36:15.607+0000] {spark_submit.py:571} INFO - at java.base/java.io.FileInputStream.open0(Native Method)
[2024-01-29T14:36:15.607+0000] {spark_submit.py:571} INFO - at java.base/java.io.FileInputStream.open(FileInputStream.java:216)
[2024-01-29T14:36:15.607+0000] {spark_submit.py:571} INFO - at java.base/java.io.FileInputStream.<init>(FileInputStream.java:157)
[2024-01-29T14:36:15.608+0000] {spark_submit.py:571} INFO - at java.base/java.io.FileInputStream.<init>(FileInputStream.java:111)
[2024-01-29T14:36:15.608+0000] {spark_submit.py:571} INFO - at com.google.cloud.hadoop.repackaged.gcs.com.google.cloud.hadoop.util.CredentialFactory.getCredentialFromJsonKeyFile(CredentialFactory.java:297)
[2024-01-29T14:36:15.608+0000] {spark_submit.py:571} INFO - at com.google.cloud.hadoop.repackaged.gcs.com.google.cloud.hadoop.util.CredentialFactory.getCredential(CredentialFactory.java:414)
[2024-01-29T14:36:15.608+0000] {spark_submit.py:571} INFO - at com.google.cloud.hadoop.fs.gcs.GoogleHadoopFileSystemBase.getCredential(GoogleHadoopFileSystemBase.java:1434)
[2024-01-29T14:36:15.608+0000] {spark_submit.py:571} INFO - at com.google.cloud.hadoop.fs.gcs.GoogleHadoopFileSystemBase.createGcsFs(GoogleHadoopFileSystemBase.java:1591)
[2024-01-29T14:36:15.608+0000] {spark_submit.py:571} INFO - at com.google.cloud.hadoop.fs.gcs.GoogleHadoopFileSystemBase.configure(GoogleHadoopFileSystemBase.java:1573)
[2024-01-29T14:36:15.608+0000] {spark_submit.py:571} INFO - at com.google.cloud.hadoop.fs.gcs.GoogleHadoopFileSystemBase.initialize(GoogleHadoopFileSystemBase.java:490)
[2024-01-29T14:36:15.608+0000] {spark_submit.py:571} INFO - at org.apache.hadoop.fs.FileSystem.createFileSystem(FileSystem.java:3469)
[2024-01-29T14:36:15.609+0000] {spark_submit.py:571} INFO - at org.apache.hadoop.fs.FileSystem.access$300(FileSystem.java:174)
[2024-01-29T14:36:15.609+0000] {spark_submit.py:571} INFO - at org.apache.hadoop.fs.FileSystem$Cache.getInternal(FileSystem.java:3574)
[2024-01-29T14:36:15.609+0000] {spark_submit.py:571} INFO - at org.apache.hadoop.fs.FileSystem$Cache.get(FileSystem.java:3521)
[2024-01-29T14:36:15.609+0000] {spark_submit.py:571} INFO - at org.apache.hadoop.fs.FileSystem.get(FileSystem.java:540)
[2024-01-29T14:36:15.613+0000] {spark_submit.py:571} INFO - at org.apache.hadoop.fs.Path.getFileSystem(Path.java:365)
[2024-01-29T14:36:15.614+0000] {spark_submit.py:571} INFO - at org.apache.spark.sql.execution.streaming.FileStreamSink$.hasMetadata(FileStreamSink.scala:53)
[2024-01-29T14:36:15.614+0000] {spark_submit.py:571} INFO - at org.apache.spark.sql.execution.datasources.DataSource.resolveRelation(DataSource.scala:366)
[2024-01-29T14:36:15.614+0000] {spark_submit.py:571} INFO - at org.apache.spark.sql.DataFrameReader.loadV1Source(DataFrameReader.scala:229)
[2024-01-29T14:36:15.614+0000] {spark_submit.py:571} INFO - at org.apache.spark.sql.DataFrameReader.$anonfun$load$2(DataFrameReader.scala:211)
[2024-01-29T14:36:15.614+0000] {spark_submit.py:571} INFO - at scala.Option.getOrElse(Option.scala:189)
[2024-01-29T14:36:15.614+0000] {spark_submit.py:571} INFO - at org.apache.spark.sql.DataFrameReader.load(DataFrameReader.scala:211)
[2024-01-29T14:36:15.614+0000] {spark_submit.py:571} INFO - at org.apache.spark.sql.DataFrameReader.parquet(DataFrameReader.scala:563)
[2024-01-29T14:36:15.614+0000] {spark_submit.py:571} INFO - at org.apache.spark.sql.DataFrameReader.parquet(DataFrameReader.scala:548)
[2024-01-29T14:36:15.615+0000] {spark_submit.py:571} INFO - at FormattedToUsage$.combineCompetitions(FormattedToUsage.scala:27)
[2024-01-29T14:36:15.615+0000] {spark_submit.py:571} INFO - at FormattedToUsage$.main(FormattedToUsage.scala:20)
[2024-01-29T14:36:15.615+0000] {spark_submit.py:571} INFO - at FormattedToUsage.main(FormattedToUsage.scala)
[2024-01-29T14:36:15.615+0000] {spark_submit.py:571} INFO - at java.base/jdk.internal.reflect.NativeMethodAccessorImpl.invoke0(Native Method)
[2024-01-29T14:36:15.615+0000] {spark_submit.py:571} INFO - at java.base/jdk.internal.reflect.NativeMethodAccessorImpl.invoke(NativeMethodAccessorImpl.java:77)
[2024-01-29T14:36:15.615+0000] {spark_submit.py:571} INFO - at java.base/jdk.internal.reflect.DelegatingMethodAccessorImpl.invoke(DelegatingMethodAccessorImpl.java:43)
[2024-01-29T14:36:15.615+0000] {spark_submit.py:571} INFO - at java.base/java.lang.reflect.Method.invoke(Method.java:568)
[2024-01-29T14:36:15.615+0000] {spark_submit.py:571} INFO - at org.apache.spark.deploy.JavaMainApplication.start(SparkApplication.scala:52)
[2024-01-29T14:36:15.616+0000] {spark_submit.py:571} INFO - at org.apache.spark.deploy.SparkSubmit.org$apache$spark$deploy$SparkSubmit$$runMain(SparkSubmit.scala:1029)
[2024-01-29T14:36:15.616+0000] {spark_submit.py:571} INFO - at org.apache.spark.deploy.SparkSubmit.doRunMain$1(SparkSubmit.scala:194)
[2024-01-29T14:36:15.616+0000] {spark_submit.py:571} INFO - at org.apache.spark.deploy.SparkSubmit.submit(SparkSubmit.scala:217)
[2024-01-29T14:36:15.616+0000] {spark_submit.py:571} INFO - at org.apache.spark.deploy.SparkSubmit.doSubmit(SparkSubmit.scala:91)
[2024-01-29T14:36:15.617+0000] {spark_submit.py:571} INFO - at org.apache.spark.deploy.SparkSubmit$$anon$2.doSubmit(SparkSubmit.scala:1120)
[2024-01-29T14:36:15.617+0000] {spark_submit.py:571} INFO - at org.apache.spark.deploy.SparkSubmit$.main(SparkSubmit.scala:1129)
[2024-01-29T14:36:15.617+0000] {spark_submit.py:571} INFO - at org.apache.spark.deploy.SparkSubmit.main(SparkSubmit.scala)
[2024-01-29T14:36:15.617+0000] {spark_submit.py:571} INFO - 24/01/29 14:36:15 WARN FileSystem: Failed to initialize fileystem gs://data-lake-buck/formatted/football_data/season/2024-01-29: java.io.FileNotFoundException: /Users/juniortemgoua/Documents/projects/BigData/DataLake/utils/credentials/google_storage_secret_key_credentials.json (No such file or directory)
[2024-01-29T14:36:15.617+0000] {spark_submit.py:571} INFO - Exception in thread "main" java.io.FileNotFoundException: /Users/juniortemgoua/Documents/projects/BigData/DataLake/utils/credentials/google_storage_secret_key_credentials.json (No such file or directory)
[2024-01-29T14:36:15.617+0000] {spark_submit.py:571} INFO - at java.base/java.io.FileInputStream.open0(Native Method)
[2024-01-29T14:36:15.617+0000] {spark_submit.py:571} INFO - at java.base/java.io.FileInputStream.open(FileInputStream.java:216)
[2024-01-29T14:36:15.619+0000] {spark_submit.py:571} INFO - at java.base/java.io.FileInputStream.<init>(FileInputStream.java:157)
[2024-01-29T14:36:15.619+0000] {spark_submit.py:571} INFO - at java.base/java.io.FileInputStream.<init>(FileInputStream.java:111)
[2024-01-29T14:36:15.619+0000] {spark_submit.py:571} INFO - at com.google.cloud.hadoop.repackaged.gcs.com.google.cloud.hadoop.util.CredentialFactory.getCredentialFromJsonKeyFile(CredentialFactory.java:297)
[2024-01-29T14:36:15.619+0000] {spark_submit.py:571} INFO - at com.google.cloud.hadoop.repackaged.gcs.com.google.cloud.hadoop.util.CredentialFactory.getCredential(CredentialFactory.java:414)
[2024-01-29T14:36:15.619+0000] {spark_submit.py:571} INFO - at com.google.cloud.hadoop.fs.gcs.GoogleHadoopFileSystemBase.getCredential(GoogleHadoopFileSystemBase.java:1434)
[2024-01-29T14:36:15.619+0000] {spark_submit.py:571} INFO - at com.google.cloud.hadoop.fs.gcs.GoogleHadoopFileSystemBase.createGcsFs(GoogleHadoopFileSystemBase.java:1591)
[2024-01-29T14:36:15.619+0000] {spark_submit.py:571} INFO - at com.google.cloud.hadoop.fs.gcs.GoogleHadoopFileSystemBase.configure(GoogleHadoopFileSystemBase.java:1573)
[2024-01-29T14:36:15.619+0000] {spark_submit.py:571} INFO - at com.google.cloud.hadoop.fs.gcs.GoogleHadoopFileSystemBase.initialize(GoogleHadoopFileSystemBase.java:490)
[2024-01-29T14:36:15.619+0000] {spark_submit.py:571} INFO - at org.apache.hadoop.fs.FileSystem.createFileSystem(FileSystem.java:3469)
[2024-01-29T14:36:15.620+0000] {spark_submit.py:571} INFO - at org.apache.hadoop.fs.FileSystem.access$300(FileSystem.java:174)
[2024-01-29T14:36:15.620+0000] {spark_submit.py:571} INFO - at org.apache.hadoop.fs.FileSystem$Cache.getInternal(FileSystem.java:3574)
[2024-01-29T14:36:15.620+0000] {spark_submit.py:571} INFO - at org.apache.hadoop.fs.FileSystem$Cache.get(FileSystem.java:3521)
[2024-01-29T14:36:15.620+0000] {spark_submit.py:571} INFO - at org.apache.hadoop.fs.FileSystem.get(FileSystem.java:540)
[2024-01-29T14:36:15.620+0000] {spark_submit.py:571} INFO - at org.apache.hadoop.fs.Path.getFileSystem(Path.java:365)
[2024-01-29T14:36:15.620+0000] {spark_submit.py:571} INFO - at org.apache.spark.sql.execution.datasources.DataSource$.$anonfun$checkAndGlobPathIfNecessary$1(DataSource.scala:724)
[2024-01-29T14:36:15.620+0000] {spark_submit.py:571} INFO - at scala.collection.immutable.List.map(List.scala:293)
[2024-01-29T14:36:15.620+0000] {spark_submit.py:571} INFO - at org.apache.spark.sql.execution.datasources.DataSource$.checkAndGlobPathIfNecessary(DataSource.scala:722)
[2024-01-29T14:36:15.620+0000] {spark_submit.py:571} INFO - at org.apache.spark.sql.execution.datasources.DataSource.checkAndGlobPathIfNecessary(DataSource.scala:551)
[2024-01-29T14:36:15.620+0000] {spark_submit.py:571} INFO - at org.apache.spark.sql.execution.datasources.DataSource.resolveRelation(DataSource.scala:404)
[2024-01-29T14:36:15.620+0000] {spark_submit.py:571} INFO - at org.apache.spark.sql.DataFrameReader.loadV1Source(DataFrameReader.scala:229)
[2024-01-29T14:36:15.620+0000] {spark_submit.py:571} INFO - at org.apache.spark.sql.DataFrameReader.$anonfun$load$2(DataFrameReader.scala:211)
[2024-01-29T14:36:15.620+0000] {spark_submit.py:571} INFO - at scala.Option.getOrElse(Option.scala:189)
[2024-01-29T14:36:15.620+0000] {spark_submit.py:571} INFO - at org.apache.spark.sql.DataFrameReader.load(DataFrameReader.scala:211)
[2024-01-29T14:36:15.621+0000] {spark_submit.py:571} INFO - at org.apache.spark.sql.DataFrameReader.parquet(DataFrameReader.scala:563)
[2024-01-29T14:36:15.621+0000] {spark_submit.py:571} INFO - at org.apache.spark.sql.DataFrameReader.parquet(DataFrameReader.scala:548)
[2024-01-29T14:36:15.621+0000] {spark_submit.py:571} INFO - at FormattedToUsage$.combineCompetitions(FormattedToUsage.scala:27)
[2024-01-29T14:36:15.621+0000] {spark_submit.py:571} INFO - at FormattedToUsage$.main(FormattedToUsage.scala:20)
[2024-01-29T14:36:15.621+0000] {spark_submit.py:571} INFO - at FormattedToUsage.main(FormattedToUsage.scala)
[2024-01-29T14:36:15.621+0000] {spark_submit.py:571} INFO - at java.base/jdk.internal.reflect.NativeMethodAccessorImpl.invoke0(Native Method)
[2024-01-29T14:36:15.621+0000] {spark_submit.py:571} INFO - at java.base/jdk.internal.reflect.NativeMethodAccessorImpl.invoke(NativeMethodAccessorImpl.java:77)
[2024-01-29T14:36:15.621+0000] {spark_submit.py:571} INFO - at java.base/jdk.internal.reflect.DelegatingMethodAccessorImpl.invoke(DelegatingMethodAccessorImpl.java:43)
[2024-01-29T14:36:15.621+0000] {spark_submit.py:571} INFO - at java.base/java.lang.reflect.Method.invoke(Method.java:568)
[2024-01-29T14:36:15.621+0000] {spark_submit.py:571} INFO - at org.apache.spark.deploy.JavaMainApplication.start(SparkApplication.scala:52)
[2024-01-29T14:36:15.621+0000] {spark_submit.py:571} INFO - at org.apache.spark.deploy.SparkSubmit.org$apache$spark$deploy$SparkSubmit$$runMain(SparkSubmit.scala:1029)
[2024-01-29T14:36:15.621+0000] {spark_submit.py:571} INFO - at org.apache.spark.deploy.SparkSubmit.doRunMain$1(SparkSubmit.scala:194)
[2024-01-29T14:36:15.621+0000] {spark_submit.py:571} INFO - at org.apache.spark.deploy.SparkSubmit.submit(SparkSubmit.scala:217)
[2024-01-29T14:36:15.622+0000] {spark_submit.py:571} INFO - at org.apache.spark.deploy.SparkSubmit.doSubmit(SparkSubmit.scala:91)
[2024-01-29T14:36:15.622+0000] {spark_submit.py:571} INFO - at org.apache.spark.deploy.SparkSubmit$$anon$2.doSubmit(SparkSubmit.scala:1120)
[2024-01-29T14:36:15.622+0000] {spark_submit.py:571} INFO - at org.apache.spark.deploy.SparkSubmit$.main(SparkSubmit.scala:1129)
[2024-01-29T14:36:15.622+0000] {spark_submit.py:571} INFO - at org.apache.spark.deploy.SparkSubmit.main(SparkSubmit.scala)
[2024-01-29T14:36:15.627+0000] {spark_submit.py:571} INFO - 24/01/29 14:36:15 INFO SparkContext: Invoking stop() from shutdown hook
[2024-01-29T14:36:15.628+0000] {spark_submit.py:571} INFO - 24/01/29 14:36:15 INFO SparkContext: SparkContext is stopping with exitCode 0.
[2024-01-29T14:36:15.642+0000] {spark_submit.py:571} INFO - 24/01/29 14:36:15 INFO SparkUI: Stopped Spark web UI at http://instance-1.europe-west9-a.c.data-lake-project-409321.internal:4040
[2024-01-29T14:36:15.662+0000] {spark_submit.py:571} INFO - 24/01/29 14:36:15 INFO MapOutputTrackerMasterEndpoint: MapOutputTrackerMasterEndpoint stopped!
[2024-01-29T14:36:15.682+0000] {spark_submit.py:571} INFO - 24/01/29 14:36:15 INFO MemoryStore: MemoryStore cleared
[2024-01-29T14:36:15.683+0000] {spark_submit.py:571} INFO - 24/01/29 14:36:15 INFO BlockManager: BlockManager stopped
[2024-01-29T14:36:15.697+0000] {spark_submit.py:571} INFO - 24/01/29 14:36:15 INFO BlockManagerMaster: BlockManagerMaster stopped
[2024-01-29T14:36:15.701+0000] {spark_submit.py:571} INFO - 24/01/29 14:36:15 INFO OutputCommitCoordinator$OutputCommitCoordinatorEndpoint: OutputCommitCoordinator stopped!
[2024-01-29T14:36:15.711+0000] {spark_submit.py:571} INFO - 24/01/29 14:36:15 INFO SparkContext: Successfully stopped SparkContext
[2024-01-29T14:36:15.711+0000] {spark_submit.py:571} INFO - 24/01/29 14:36:15 INFO ShutdownHookManager: Shutdown hook called
[2024-01-29T14:36:15.712+0000] {spark_submit.py:571} INFO - 24/01/29 14:36:15 INFO ShutdownHookManager: Deleting directory /tmp/spark-7db405df-ceec-47a8-ab3f-f2af32bbc2f2
[2024-01-29T14:36:15.716+0000] {spark_submit.py:571} INFO - 24/01/29 14:36:15 INFO ShutdownHookManager: Deleting directory /tmp/spark-c9499e20-9cdb-4ff0-8857-b640125887a3
[2024-01-29T14:36:15.782+0000] {taskinstance.py:2698} ERROR - Task failed with exception
Traceback (most recent call last):
  File "/home/juniortemgoua0/DataLake/venv/lib/python3.8/site-packages/airflow/models/taskinstance.py", line 433, in _execute_task
    result = execute_callable(context=context, **execute_callable_kwargs)
  File "/home/juniortemgoua0/DataLake/venv/lib/python3.8/site-packages/airflow/providers/apache/spark/operators/spark_submit.py", line 174, in execute
    self._hook.submit(self._application)
  File "/home/juniortemgoua0/DataLake/venv/lib/python3.8/site-packages/airflow/providers/apache/spark/hooks/spark_submit.py", line 502, in submit
    raise AirflowException(
airflow.exceptions.AirflowException: Cannot execute: spark-submit --master local[*] --name arrow-spark --class FormattedToUsage --queue root.default --deploy-mode client /home/juniortemgoua0/DataLake/jobs/processes/scala/spark_process/target/scala-2.12/spark_job_2.12-0.1.0.jar gs://data-lake-buck. Error code is: 1.
[2024-01-29T14:36:15.786+0000] {taskinstance.py:1138} INFO - Marking task as UP_FOR_RETRY. dag_id=manage_data_lake_dag, task_id=job_formatted_to_usage, execution_date=20240102T000000, start_date=20240129T143608, end_date=20240129T143615
[2024-01-29T14:36:15.800+0000] {standard_task_runner.py:107} ERROR - Failed to execute job 126 for task job_formatted_to_usage (Cannot execute: spark-submit --master local[*] --name arrow-spark --class FormattedToUsage --queue root.default --deploy-mode client /home/juniortemgoua0/DataLake/jobs/processes/scala/spark_process/target/scala-2.12/spark_job_2.12-0.1.0.jar gs://data-lake-buck. Error code is: 1.; 44272)
[2024-01-29T14:36:15.844+0000] {local_task_job_runner.py:234} INFO - Task exited with return code 1
[2024-01-29T14:36:15.853+0000] {taskinstance.py:3280} INFO - 0 downstream tasks scheduled from follow-on schedule check
