[2024-01-30T12:37:38.786+0000] {taskinstance.py:1956} INFO - Dependencies all met for dep_context=non-requeueable deps ti=<TaskInstance: manage_data_lake_dag.local_job_raw_to_formatted scheduled__2024-01-01T00:00:00+00:00 [queued]>
[2024-01-30T12:37:38.793+0000] {taskinstance.py:1956} INFO - Dependencies all met for dep_context=requeueable deps ti=<TaskInstance: manage_data_lake_dag.local_job_raw_to_formatted scheduled__2024-01-01T00:00:00+00:00 [queued]>
[2024-01-30T12:37:38.793+0000] {taskinstance.py:2170} INFO - Starting attempt 3 of 6
[2024-01-30T12:37:38.809+0000] {taskinstance.py:2191} INFO - Executing <Task(SparkSubmitOperator): local_job_raw_to_formatted> on 2024-01-01 00:00:00+00:00
[2024-01-30T12:37:38.815+0000] {standard_task_runner.py:60} INFO - Started process 27138 to run task
[2024-01-30T12:37:38.825+0000] {standard_task_runner.py:87} INFO - Running: ['airflow', 'tasks', 'run', 'manage_data_lake_dag', 'local_job_raw_to_formatted', 'scheduled__2024-01-01T00:00:00+00:00', '--job-id', '199', '--raw', '--subdir', 'DAGS_FOLDER/data_lake_dag.py', '--cfg-path', '/tmp/tmpp_z2zaaw']
[2024-01-30T12:37:38.830+0000] {standard_task_runner.py:88} INFO - Job 199: Subtask local_job_raw_to_formatted
[2024-01-30T12:37:38.892+0000] {task_command.py:423} INFO - Running <TaskInstance: manage_data_lake_dag.local_job_raw_to_formatted scheduled__2024-01-01T00:00:00+00:00 [running]> on host instance-1.europe-west9-a.c.data-lake-project-409321.internal
[2024-01-30T12:37:38.958+0000] {taskinstance.py:2480} INFO - Exporting env vars: AIRFLOW_CTX_DAG_OWNER='juniortemgoua0' AIRFLOW_CTX_DAG_ID='manage_data_lake_dag' AIRFLOW_CTX_TASK_ID='local_job_raw_to_formatted' AIRFLOW_CTX_EXECUTION_DATE='2024-01-01T00:00:00+00:00' AIRFLOW_CTX_TRY_NUMBER='3' AIRFLOW_CTX_DAG_RUN_ID='scheduled__2024-01-01T00:00:00+00:00'
[2024-01-30T12:37:38.967+0000] {base.py:83} INFO - Using connection ID 'spark_default' for task execution.
[2024-01-30T12:37:38.970+0000] {spark_submit.py:401} INFO - Spark-Submit cmd: spark-submit --master local[*] --conf spark.airflow.execution_date=2024-01-01 --name arrow-spark --class RawToFormatted --queue root.default --deploy-mode client /home/juniortemgoua0/DataLake/jobs/processes/scala/spark_process/target/scala-2.12/spark_job_2.12-0.1.0.jar hdfs://localhost:9000/data-lake
[2024-01-30T12:37:44.134+0000] {spark_submit.py:571} INFO - 24/01/30 12:37:44 INFO SparkContext: Running Spark version 3.5.0
[2024-01-30T12:37:44.141+0000] {spark_submit.py:571} INFO - 24/01/30 12:37:44 INFO SparkContext: OS info Linux, 5.15.0-1049-gcp, amd64
[2024-01-30T12:37:44.142+0000] {spark_submit.py:571} INFO - 24/01/30 12:37:44 INFO SparkContext: Java version 17.0.9
[2024-01-30T12:37:44.324+0000] {spark_submit.py:571} INFO - 24/01/30 12:37:44 WARN NativeCodeLoader: Unable to load native-hadoop library for your platform... using builtin-java classes where applicable
[2024-01-30T12:37:44.646+0000] {spark_submit.py:571} INFO - 24/01/30 12:37:44 INFO ResourceUtils: ==============================================================
[2024-01-30T12:37:44.647+0000] {spark_submit.py:571} INFO - 24/01/30 12:37:44 INFO ResourceUtils: No custom resources configured for spark.driver.
[2024-01-30T12:37:44.647+0000] {spark_submit.py:571} INFO - 24/01/30 12:37:44 INFO ResourceUtils: ==============================================================
[2024-01-30T12:37:44.648+0000] {spark_submit.py:571} INFO - 24/01/30 12:37:44 INFO SparkContext: Submitted application: RawToFormatted
[2024-01-30T12:37:44.705+0000] {spark_submit.py:571} INFO - 24/01/30 12:37:44 INFO ResourceProfile: Default ResourceProfile created, executor resources: Map(cores -> name: cores, amount: 1, script: , vendor: , memory -> name: memory, amount: 1024, script: , vendor: , offHeap -> name: offHeap, amount: 0, script: , vendor: ), task resources: Map(cpus -> name: cpus, amount: 1.0)
[2024-01-30T12:37:44.718+0000] {spark_submit.py:571} INFO - 24/01/30 12:37:44 INFO ResourceProfile: Limiting resource is cpu
[2024-01-30T12:37:44.720+0000] {spark_submit.py:571} INFO - 24/01/30 12:37:44 INFO ResourceProfileManager: Added ResourceProfile id: 0
[2024-01-30T12:37:44.867+0000] {spark_submit.py:571} INFO - 24/01/30 12:37:44 INFO SecurityManager: Changing view acls to: juniortemgoua0
[2024-01-30T12:37:44.868+0000] {spark_submit.py:571} INFO - 24/01/30 12:37:44 INFO SecurityManager: Changing modify acls to: juniortemgoua0
[2024-01-30T12:37:44.868+0000] {spark_submit.py:571} INFO - 24/01/30 12:37:44 INFO SecurityManager: Changing view acls groups to:
[2024-01-30T12:37:44.869+0000] {spark_submit.py:571} INFO - 24/01/30 12:37:44 INFO SecurityManager: Changing modify acls groups to:
[2024-01-30T12:37:44.869+0000] {spark_submit.py:571} INFO - 24/01/30 12:37:44 INFO SecurityManager: SecurityManager: authentication disabled; ui acls disabled; users with view permissions: juniortemgoua0; groups with view permissions: EMPTY; users with modify permissions: juniortemgoua0; groups with modify permissions: EMPTY
[2024-01-30T12:37:45.442+0000] {spark_submit.py:571} INFO - 24/01/30 12:37:45 INFO Utils: Successfully started service 'sparkDriver' on port 33345.
[2024-01-30T12:37:45.564+0000] {spark_submit.py:571} INFO - 24/01/30 12:37:45 INFO SparkEnv: Registering MapOutputTracker
[2024-01-30T12:37:45.719+0000] {spark_submit.py:571} INFO - 24/01/30 12:37:45 INFO SparkEnv: Registering BlockManagerMaster
[2024-01-30T12:37:45.781+0000] {spark_submit.py:571} INFO - 24/01/30 12:37:45 INFO BlockManagerMasterEndpoint: Using org.apache.spark.storage.DefaultTopologyMapper for getting topology information
[2024-01-30T12:37:45.784+0000] {spark_submit.py:571} INFO - 24/01/30 12:37:45 INFO BlockManagerMasterEndpoint: BlockManagerMasterEndpoint up
[2024-01-30T12:37:45.805+0000] {spark_submit.py:571} INFO - 24/01/30 12:37:45 INFO SparkEnv: Registering BlockManagerMasterHeartbeat
[2024-01-30T12:37:45.899+0000] {spark_submit.py:571} INFO - 24/01/30 12:37:45 INFO DiskBlockManager: Created local directory at /tmp/blockmgr-3c4bce7e-6450-483d-b4ad-74e2e53eba6e
[2024-01-30T12:37:46.019+0000] {spark_submit.py:571} INFO - 24/01/30 12:37:46 INFO MemoryStore: MemoryStore started with capacity 434.4 MiB
[2024-01-30T12:37:46.099+0000] {spark_submit.py:571} INFO - 24/01/30 12:37:46 INFO SparkEnv: Registering OutputCommitCoordinator
[2024-01-30T12:37:46.512+0000] {spark_submit.py:571} INFO - 24/01/30 12:37:46 INFO JettyUtils: Start Jetty 0.0.0.0:4040 for SparkUI
[2024-01-30T12:37:46.661+0000] {spark_submit.py:571} INFO - 24/01/30 12:37:46 INFO Utils: Successfully started service 'SparkUI' on port 4040.
[2024-01-30T12:37:46.747+0000] {spark_submit.py:571} INFO - 24/01/30 12:37:46 INFO SparkContext: Added JAR file:/home/juniortemgoua0/DataLake/jobs/processes/scala/spark_process/target/scala-2.12/spark_job_2.12-0.1.0.jar at spark://instance-1.europe-west9-a.c.data-lake-project-409321.internal:33345/jars/spark_job_2.12-0.1.0.jar with timestamp 1706618264102
[2024-01-30T12:37:46.959+0000] {spark_submit.py:571} INFO - 24/01/30 12:37:46 INFO Executor: Starting executor ID driver on host instance-1.europe-west9-a.c.data-lake-project-409321.internal
[2024-01-30T12:37:46.959+0000] {spark_submit.py:571} INFO - 24/01/30 12:37:46 INFO Executor: OS info Linux, 5.15.0-1049-gcp, amd64
[2024-01-30T12:37:46.961+0000] {spark_submit.py:571} INFO - 24/01/30 12:37:46 INFO Executor: Java version 17.0.9
[2024-01-30T12:37:47.009+0000] {spark_submit.py:571} INFO - 24/01/30 12:37:47 INFO Executor: Starting executor with user classpath (userClassPathFirst = false): ''
[2024-01-30T12:37:47.017+0000] {spark_submit.py:571} INFO - 24/01/30 12:37:47 INFO Executor: Created or updated repl class loader org.apache.spark.util.MutableURLClassLoader@135a8c6f for default.
[2024-01-30T12:37:47.063+0000] {spark_submit.py:571} INFO - 24/01/30 12:37:47 INFO Executor: Fetching spark://instance-1.europe-west9-a.c.data-lake-project-409321.internal:33345/jars/spark_job_2.12-0.1.0.jar with timestamp 1706618264102
[2024-01-30T12:37:47.169+0000] {spark_submit.py:571} INFO - 24/01/30 12:37:47 INFO TransportClientFactory: Successfully created connection to instance-1.europe-west9-a.c.data-lake-project-409321.internal/10.200.0.5:33345 after 55 ms (0 ms spent in bootstraps)
[2024-01-30T12:37:47.183+0000] {spark_submit.py:571} INFO - 24/01/30 12:37:47 INFO Utils: Fetching spark://instance-1.europe-west9-a.c.data-lake-project-409321.internal:33345/jars/spark_job_2.12-0.1.0.jar to /tmp/spark-246a2e34-8729-4c38-acec-3381d65719af/userFiles-383840bc-89ab-48d2-b90d-7830cbaafbd9/fetchFileTemp15183976641972404166.tmp
[2024-01-30T12:37:47.275+0000] {spark_submit.py:571} INFO - 24/01/30 12:37:47 INFO Executor: Adding file:/tmp/spark-246a2e34-8729-4c38-acec-3381d65719af/userFiles-383840bc-89ab-48d2-b90d-7830cbaafbd9/spark_job_2.12-0.1.0.jar to class loader default
[2024-01-30T12:37:47.290+0000] {spark_submit.py:571} INFO - 24/01/30 12:37:47 INFO Utils: Successfully started service 'org.apache.spark.network.netty.NettyBlockTransferService' on port 43665.
[2024-01-30T12:37:47.291+0000] {spark_submit.py:571} INFO - 24/01/30 12:37:47 INFO NettyBlockTransferService: Server created on instance-1.europe-west9-a.c.data-lake-project-409321.internal:43665
[2024-01-30T12:37:47.295+0000] {spark_submit.py:571} INFO - 24/01/30 12:37:47 INFO BlockManager: Using org.apache.spark.storage.RandomBlockReplicationPolicy for block replication policy
[2024-01-30T12:37:47.311+0000] {spark_submit.py:571} INFO - 24/01/30 12:37:47 INFO BlockManagerMaster: Registering BlockManager BlockManagerId(driver, instance-1.europe-west9-a.c.data-lake-project-409321.internal, 43665, None)
[2024-01-30T12:37:47.318+0000] {spark_submit.py:571} INFO - 24/01/30 12:37:47 INFO BlockManagerMasterEndpoint: Registering block manager instance-1.europe-west9-a.c.data-lake-project-409321.internal:43665 with 434.4 MiB RAM, BlockManagerId(driver, instance-1.europe-west9-a.c.data-lake-project-409321.internal, 43665, None)
[2024-01-30T12:37:47.326+0000] {spark_submit.py:571} INFO - 24/01/30 12:37:47 INFO BlockManagerMaster: Registered BlockManager BlockManagerId(driver, instance-1.europe-west9-a.c.data-lake-project-409321.internal, 43665, None)
[2024-01-30T12:37:47.329+0000] {spark_submit.py:571} INFO - 24/01/30 12:37:47 INFO BlockManager: Initialized BlockManager: BlockManagerId(driver, instance-1.europe-west9-a.c.data-lake-project-409321.internal, 43665, None)
[2024-01-30T12:37:48.885+0000] {spark_submit.py:571} INFO - 24/01/30 12:37:48 INFO SharedState: Setting hive.metastore.warehouse.dir ('null') to the value of spark.sql.warehouse.dir.
[2024-01-30T12:37:48.897+0000] {spark_submit.py:571} INFO - 24/01/30 12:37:48 INFO SharedState: Warehouse path is 'file:/home/juniortemgoua0/DataLake/spark-warehouse'.
[2024-01-30T12:37:50.517+0000] {spark_submit.py:571} INFO - ************************************************
[2024-01-30T12:37:50.517+0000] {spark_submit.py:571} INFO - Date d'exécution  : 2024-01-01
[2024-01-30T12:37:50.518+0000] {spark_submit.py:571} INFO - ************************************************
[2024-01-30T12:37:52.401+0000] {spark_submit.py:571} INFO - Exception in thread "main" org.apache.spark.sql.AnalysisException: [PATH_NOT_FOUND] Path does not exist: hdfs://localhost:9000/data-lake/raw/football_data/competitions/2024-01-01/*.json.
[2024-01-30T12:37:52.402+0000] {spark_submit.py:571} INFO - at org.apache.spark.sql.errors.QueryCompilationErrors$.dataPathNotExistError(QueryCompilationErrors.scala:1500)
[2024-01-30T12:37:52.402+0000] {spark_submit.py:571} INFO - at org.apache.spark.sql.execution.datasources.DataSource$.$anonfun$checkAndGlobPathIfNecessary$3(DataSource.scala:743)
[2024-01-30T12:37:52.402+0000] {spark_submit.py:571} INFO - at org.apache.spark.util.ThreadUtils$.$anonfun$parmap$2(ThreadUtils.scala:380)
[2024-01-30T12:37:52.402+0000] {spark_submit.py:571} INFO - at scala.concurrent.Future$.$anonfun$apply$1(Future.scala:659)
[2024-01-30T12:37:52.403+0000] {spark_submit.py:571} INFO - at scala.util.Success.$anonfun$map$1(Try.scala:255)
[2024-01-30T12:37:52.403+0000] {spark_submit.py:571} INFO - at scala.util.Success.map(Try.scala:213)
[2024-01-30T12:37:52.403+0000] {spark_submit.py:571} INFO - at scala.concurrent.Future.$anonfun$map$1(Future.scala:292)
[2024-01-30T12:37:52.403+0000] {spark_submit.py:571} INFO - at scala.concurrent.impl.Promise.liftedTree1$1(Promise.scala:33)
[2024-01-30T12:37:52.404+0000] {spark_submit.py:571} INFO - at scala.concurrent.impl.Promise.$anonfun$transform$1(Promise.scala:33)
[2024-01-30T12:37:52.404+0000] {spark_submit.py:571} INFO - at scala.concurrent.impl.CallbackRunnable.run(Promise.scala:64)
[2024-01-30T12:37:52.404+0000] {spark_submit.py:571} INFO - at java.base/java.util.concurrent.ForkJoinTask$RunnableExecuteAction.exec(ForkJoinTask.java:1395)
[2024-01-30T12:37:52.404+0000] {spark_submit.py:571} INFO - at java.base/java.util.concurrent.ForkJoinTask.doExec(ForkJoinTask.java:373)
[2024-01-30T12:37:52.405+0000] {spark_submit.py:571} INFO - at java.base/java.util.concurrent.ForkJoinPool$WorkQueue.topLevelExec(ForkJoinPool.java:1182)
[2024-01-30T12:37:52.405+0000] {spark_submit.py:571} INFO - at java.base/java.util.concurrent.ForkJoinPool.scan(ForkJoinPool.java:1655)
[2024-01-30T12:37:52.405+0000] {spark_submit.py:571} INFO - at java.base/java.util.concurrent.ForkJoinPool.runWorker(ForkJoinPool.java:1622)
[2024-01-30T12:37:52.405+0000] {spark_submit.py:571} INFO - at java.base/java.util.concurrent.ForkJoinWorkerThread.run(ForkJoinWorkerThread.java:165)
[2024-01-30T12:37:52.413+0000] {spark_submit.py:571} INFO - 24/01/30 12:37:52 INFO SparkContext: Invoking stop() from shutdown hook
[2024-01-30T12:37:52.415+0000] {spark_submit.py:571} INFO - 24/01/30 12:37:52 INFO SparkContext: SparkContext is stopping with exitCode 0.
[2024-01-30T12:37:52.434+0000] {spark_submit.py:571} INFO - 24/01/30 12:37:52 INFO SparkUI: Stopped Spark web UI at http://instance-1.europe-west9-a.c.data-lake-project-409321.internal:4040
[2024-01-30T12:37:52.461+0000] {spark_submit.py:571} INFO - 24/01/30 12:37:52 INFO MapOutputTrackerMasterEndpoint: MapOutputTrackerMasterEndpoint stopped!
[2024-01-30T12:37:52.479+0000] {spark_submit.py:571} INFO - 24/01/30 12:37:52 INFO MemoryStore: MemoryStore cleared
[2024-01-30T12:37:52.480+0000] {spark_submit.py:571} INFO - 24/01/30 12:37:52 INFO BlockManager: BlockManager stopped
[2024-01-30T12:37:52.490+0000] {spark_submit.py:571} INFO - 24/01/30 12:37:52 INFO BlockManagerMaster: BlockManagerMaster stopped
[2024-01-30T12:37:52.495+0000] {spark_submit.py:571} INFO - 24/01/30 12:37:52 INFO OutputCommitCoordinator$OutputCommitCoordinatorEndpoint: OutputCommitCoordinator stopped!
[2024-01-30T12:37:52.512+0000] {spark_submit.py:571} INFO - 24/01/30 12:37:52 INFO SparkContext: Successfully stopped SparkContext
[2024-01-30T12:37:52.512+0000] {spark_submit.py:571} INFO - 24/01/30 12:37:52 INFO ShutdownHookManager: Shutdown hook called
[2024-01-30T12:37:52.513+0000] {spark_submit.py:571} INFO - 24/01/30 12:37:52 INFO ShutdownHookManager: Deleting directory /tmp/spark-53b42155-0455-4b87-bbcb-09e5a7094163
[2024-01-30T12:37:52.518+0000] {spark_submit.py:571} INFO - 24/01/30 12:37:52 INFO ShutdownHookManager: Deleting directory /tmp/spark-246a2e34-8729-4c38-acec-3381d65719af
[2024-01-30T12:37:52.586+0000] {taskinstance.py:2698} ERROR - Task failed with exception
Traceback (most recent call last):
  File "/home/juniortemgoua0/DataLake/venv/lib/python3.8/site-packages/airflow/models/taskinstance.py", line 433, in _execute_task
    result = execute_callable(context=context, **execute_callable_kwargs)
  File "/home/juniortemgoua0/DataLake/venv/lib/python3.8/site-packages/airflow/providers/apache/spark/operators/spark_submit.py", line 174, in execute
    self._hook.submit(self._application)
  File "/home/juniortemgoua0/DataLake/venv/lib/python3.8/site-packages/airflow/providers/apache/spark/hooks/spark_submit.py", line 502, in submit
    raise AirflowException(
airflow.exceptions.AirflowException: Cannot execute: spark-submit --master local[*] --conf spark.airflow.execution_date=2024-01-01 --name arrow-spark --class RawToFormatted --queue root.default --deploy-mode client /home/juniortemgoua0/DataLake/jobs/processes/scala/spark_process/target/scala-2.12/spark_job_2.12-0.1.0.jar hdfs://localhost:9000/data-lake. Error code is: 1.
[2024-01-30T12:37:52.592+0000] {taskinstance.py:1138} INFO - Marking task as UP_FOR_RETRY. dag_id=manage_data_lake_dag, task_id=local_job_raw_to_formatted, execution_date=20240101T000000, start_date=20240130T123738, end_date=20240130T123752
[2024-01-30T12:37:52.608+0000] {standard_task_runner.py:107} ERROR - Failed to execute job 199 for task local_job_raw_to_formatted (Cannot execute: spark-submit --master local[*] --conf spark.airflow.execution_date=2024-01-01 --name arrow-spark --class RawToFormatted --queue root.default --deploy-mode client /home/juniortemgoua0/DataLake/jobs/processes/scala/spark_process/target/scala-2.12/spark_job_2.12-0.1.0.jar hdfs://localhost:9000/data-lake. Error code is: 1.; 27138)
[2024-01-30T12:37:52.629+0000] {local_task_job_runner.py:234} INFO - Task exited with return code 1
[2024-01-30T12:37:52.650+0000] {taskinstance.py:3280} INFO - 0 downstream tasks scheduled from follow-on schedule check
