[2024-01-30T02:46:23.930+0000] {taskinstance.py:1956} INFO - Dependencies all met for dep_context=non-requeueable deps ti=<TaskInstance: manage_data_lake_dag.local_job_raw_to_formatted scheduled__2024-01-01T00:00:00+00:00 [queued]>
[2024-01-30T02:46:23.936+0000] {taskinstance.py:1956} INFO - Dependencies all met for dep_context=requeueable deps ti=<TaskInstance: manage_data_lake_dag.local_job_raw_to_formatted scheduled__2024-01-01T00:00:00+00:00 [queued]>
[2024-01-30T02:46:23.937+0000] {taskinstance.py:2170} INFO - Starting attempt 2 of 6
[2024-01-30T02:46:23.949+0000] {taskinstance.py:2191} INFO - Executing <Task(SparkSubmitOperator): local_job_raw_to_formatted> on 2024-01-01 00:00:00+00:00
[2024-01-30T02:46:23.954+0000] {standard_task_runner.py:60} INFO - Started process 14764 to run task
[2024-01-30T02:46:23.959+0000] {standard_task_runner.py:87} INFO - Running: ['airflow', 'tasks', 'run', 'manage_data_lake_dag', 'local_job_raw_to_formatted', 'scheduled__2024-01-01T00:00:00+00:00', '--job-id', '138', '--raw', '--subdir', 'DAGS_FOLDER/data_lake_dag.py', '--cfg-path', '/tmp/tmpodq0z42k']
[2024-01-30T02:46:23.961+0000] {standard_task_runner.py:88} INFO - Job 138: Subtask local_job_raw_to_formatted
[2024-01-30T02:46:24.025+0000] {task_command.py:423} INFO - Running <TaskInstance: manage_data_lake_dag.local_job_raw_to_formatted scheduled__2024-01-01T00:00:00+00:00 [running]> on host instance-1.europe-west9-a.c.data-lake-project-409321.internal
[2024-01-30T02:46:24.081+0000] {taskinstance.py:2480} INFO - Exporting env vars: AIRFLOW_CTX_DAG_OWNER='juniortemgoua0' AIRFLOW_CTX_DAG_ID='manage_data_lake_dag' AIRFLOW_CTX_TASK_ID='local_job_raw_to_formatted' AIRFLOW_CTX_EXECUTION_DATE='2024-01-01T00:00:00+00:00' AIRFLOW_CTX_TRY_NUMBER='2' AIRFLOW_CTX_DAG_RUN_ID='scheduled__2024-01-01T00:00:00+00:00'
[2024-01-30T02:46:24.088+0000] {base.py:83} INFO - Using connection ID 'spark_default' for task execution.
[2024-01-30T02:46:24.090+0000] {spark_submit.py:401} INFO - Spark-Submit cmd: spark-submit --master local[*] --conf spark.airflow.execution_date=2024-01-01 --name arrow-spark --class RawToFormatted --queue root.default --deploy-mode client /home/juniortemgoua0/DataLake/jobs/processes/scala/spark_process/target/scala-2.12/spark_job_2.12-0.1.0.jar hdfs://localhost:9000/data-lake
[2024-01-30T02:46:27.715+0000] {spark_submit.py:571} INFO - 24/01/30 02:46:27 INFO SparkContext: Running Spark version 3.5.0
[2024-01-30T02:46:27.720+0000] {spark_submit.py:571} INFO - 24/01/30 02:46:27 INFO SparkContext: OS info Linux, 5.15.0-1049-gcp, amd64
[2024-01-30T02:46:27.721+0000] {spark_submit.py:571} INFO - 24/01/30 02:46:27 INFO SparkContext: Java version 17.0.9
[2024-01-30T02:46:27.880+0000] {spark_submit.py:571} INFO - 24/01/30 02:46:27 WARN NativeCodeLoader: Unable to load native-hadoop library for your platform... using builtin-java classes where applicable
[2024-01-30T02:46:28.089+0000] {spark_submit.py:571} INFO - 24/01/30 02:46:28 INFO ResourceUtils: ==============================================================
[2024-01-30T02:46:28.090+0000] {spark_submit.py:571} INFO - 24/01/30 02:46:28 INFO ResourceUtils: No custom resources configured for spark.driver.
[2024-01-30T02:46:28.091+0000] {spark_submit.py:571} INFO - 24/01/30 02:46:28 INFO ResourceUtils: ==============================================================
[2024-01-30T02:46:28.092+0000] {spark_submit.py:571} INFO - 24/01/30 02:46:28 INFO SparkContext: Submitted application: RawToFormatted
[2024-01-30T02:46:28.125+0000] {spark_submit.py:571} INFO - 24/01/30 02:46:28 INFO ResourceProfile: Default ResourceProfile created, executor resources: Map(cores -> name: cores, amount: 1, script: , vendor: , memory -> name: memory, amount: 1024, script: , vendor: , offHeap -> name: offHeap, amount: 0, script: , vendor: ), task resources: Map(cpus -> name: cpus, amount: 1.0)
[2024-01-30T02:46:28.140+0000] {spark_submit.py:571} INFO - 24/01/30 02:46:28 INFO ResourceProfile: Limiting resource is cpu
[2024-01-30T02:46:28.140+0000] {spark_submit.py:571} INFO - 24/01/30 02:46:28 INFO ResourceProfileManager: Added ResourceProfile id: 0
[2024-01-30T02:46:28.240+0000] {spark_submit.py:571} INFO - 24/01/30 02:46:28 INFO SecurityManager: Changing view acls to: juniortemgoua0
[2024-01-30T02:46:28.242+0000] {spark_submit.py:571} INFO - 24/01/30 02:46:28 INFO SecurityManager: Changing modify acls to: juniortemgoua0
[2024-01-30T02:46:28.242+0000] {spark_submit.py:571} INFO - 24/01/30 02:46:28 INFO SecurityManager: Changing view acls groups to:
[2024-01-30T02:46:28.243+0000] {spark_submit.py:571} INFO - 24/01/30 02:46:28 INFO SecurityManager: Changing modify acls groups to:
[2024-01-30T02:46:28.244+0000] {spark_submit.py:571} INFO - 24/01/30 02:46:28 INFO SecurityManager: SecurityManager: authentication disabled; ui acls disabled; users with view permissions: juniortemgoua0; groups with view permissions: EMPTY; users with modify permissions: juniortemgoua0; groups with modify permissions: EMPTY
[2024-01-30T02:46:28.853+0000] {spark_submit.py:571} INFO - 24/01/30 02:46:28 INFO Utils: Successfully started service 'sparkDriver' on port 41831.
[2024-01-30T02:46:28.948+0000] {spark_submit.py:571} INFO - 24/01/30 02:46:28 INFO SparkEnv: Registering MapOutputTracker
[2024-01-30T02:46:29.039+0000] {spark_submit.py:571} INFO - 24/01/30 02:46:29 INFO SparkEnv: Registering BlockManagerMaster
[2024-01-30T02:46:29.081+0000] {spark_submit.py:571} INFO - 24/01/30 02:46:29 INFO BlockManagerMasterEndpoint: Using org.apache.spark.storage.DefaultTopologyMapper for getting topology information
[2024-01-30T02:46:29.082+0000] {spark_submit.py:571} INFO - 24/01/30 02:46:29 INFO BlockManagerMasterEndpoint: BlockManagerMasterEndpoint up
[2024-01-30T02:46:29.090+0000] {spark_submit.py:571} INFO - 24/01/30 02:46:29 INFO SparkEnv: Registering BlockManagerMasterHeartbeat
[2024-01-30T02:46:29.141+0000] {spark_submit.py:571} INFO - 24/01/30 02:46:29 INFO DiskBlockManager: Created local directory at /tmp/blockmgr-0d05265c-364d-4822-9d32-b45d74365d74
[2024-01-30T02:46:29.168+0000] {spark_submit.py:571} INFO - 24/01/30 02:46:29 INFO MemoryStore: MemoryStore started with capacity 434.4 MiB
[2024-01-30T02:46:29.198+0000] {spark_submit.py:571} INFO - 24/01/30 02:46:29 INFO SparkEnv: Registering OutputCommitCoordinator
[2024-01-30T02:46:29.438+0000] {spark_submit.py:571} INFO - 24/01/30 02:46:29 INFO JettyUtils: Start Jetty 0.0.0.0:4040 for SparkUI
[2024-01-30T02:46:29.566+0000] {spark_submit.py:571} INFO - 24/01/30 02:46:29 INFO Utils: Successfully started service 'SparkUI' on port 4040.
[2024-01-30T02:46:29.699+0000] {spark_submit.py:571} INFO - 24/01/30 02:46:29 INFO SparkContext: Added JAR file:/home/juniortemgoua0/DataLake/jobs/processes/scala/spark_process/target/scala-2.12/spark_job_2.12-0.1.0.jar at spark://instance-1.europe-west9-a.c.data-lake-project-409321.internal:41831/jars/spark_job_2.12-0.1.0.jar with timestamp 1706582787685
[2024-01-30T02:46:29.838+0000] {spark_submit.py:571} INFO - 24/01/30 02:46:29 INFO Executor: Starting executor ID driver on host instance-1.europe-west9-a.c.data-lake-project-409321.internal
[2024-01-30T02:46:29.842+0000] {spark_submit.py:571} INFO - 24/01/30 02:46:29 INFO Executor: OS info Linux, 5.15.0-1049-gcp, amd64
[2024-01-30T02:46:29.843+0000] {spark_submit.py:571} INFO - 24/01/30 02:46:29 INFO Executor: Java version 17.0.9
[2024-01-30T02:46:29.878+0000] {spark_submit.py:571} INFO - 24/01/30 02:46:29 INFO Executor: Starting executor with user classpath (userClassPathFirst = false): ''
[2024-01-30T02:46:29.878+0000] {spark_submit.py:571} INFO - 24/01/30 02:46:29 INFO Executor: Created or updated repl class loader org.apache.spark.util.MutableURLClassLoader@6ed043d3 for default.
[2024-01-30T02:46:29.897+0000] {spark_submit.py:571} INFO - 24/01/30 02:46:29 INFO Executor: Fetching spark://instance-1.europe-west9-a.c.data-lake-project-409321.internal:41831/jars/spark_job_2.12-0.1.0.jar with timestamp 1706582787685
[2024-01-30T02:46:30.041+0000] {spark_submit.py:571} INFO - 24/01/30 02:46:30 INFO TransportClientFactory: Successfully created connection to instance-1.europe-west9-a.c.data-lake-project-409321.internal/10.200.0.5:41831 after 51 ms (0 ms spent in bootstraps)
[2024-01-30T02:46:30.052+0000] {spark_submit.py:571} INFO - 24/01/30 02:46:30 INFO Utils: Fetching spark://instance-1.europe-west9-a.c.data-lake-project-409321.internal:41831/jars/spark_job_2.12-0.1.0.jar to /tmp/spark-a71f7893-8fe6-496b-82a4-27959ecc3825/userFiles-9b7b42f9-5f25-42af-a917-a45c2774839a/fetchFileTemp2616972781464753897.tmp
[2024-01-30T02:46:30.132+0000] {spark_submit.py:571} INFO - 24/01/30 02:46:30 INFO Executor: Adding file:/tmp/spark-a71f7893-8fe6-496b-82a4-27959ecc3825/userFiles-9b7b42f9-5f25-42af-a917-a45c2774839a/spark_job_2.12-0.1.0.jar to class loader default
[2024-01-30T02:46:30.154+0000] {spark_submit.py:571} INFO - 24/01/30 02:46:30 INFO Utils: Successfully started service 'org.apache.spark.network.netty.NettyBlockTransferService' on port 40925.
[2024-01-30T02:46:30.155+0000] {spark_submit.py:571} INFO - 24/01/30 02:46:30 INFO NettyBlockTransferService: Server created on instance-1.europe-west9-a.c.data-lake-project-409321.internal:40925
[2024-01-30T02:46:30.158+0000] {spark_submit.py:571} INFO - 24/01/30 02:46:30 INFO BlockManager: Using org.apache.spark.storage.RandomBlockReplicationPolicy for block replication policy
[2024-01-30T02:46:30.179+0000] {spark_submit.py:571} INFO - 24/01/30 02:46:30 INFO BlockManagerMaster: Registering BlockManager BlockManagerId(driver, instance-1.europe-west9-a.c.data-lake-project-409321.internal, 40925, None)
[2024-01-30T02:46:30.186+0000] {spark_submit.py:571} INFO - 24/01/30 02:46:30 INFO BlockManagerMasterEndpoint: Registering block manager instance-1.europe-west9-a.c.data-lake-project-409321.internal:40925 with 434.4 MiB RAM, BlockManagerId(driver, instance-1.europe-west9-a.c.data-lake-project-409321.internal, 40925, None)
[2024-01-30T02:46:30.201+0000] {spark_submit.py:571} INFO - 24/01/30 02:46:30 INFO BlockManagerMaster: Registered BlockManager BlockManagerId(driver, instance-1.europe-west9-a.c.data-lake-project-409321.internal, 40925, None)
[2024-01-30T02:46:30.203+0000] {spark_submit.py:571} INFO - 24/01/30 02:46:30 INFO BlockManager: Initialized BlockManager: BlockManagerId(driver, instance-1.europe-west9-a.c.data-lake-project-409321.internal, 40925, None)
[2024-01-30T02:46:31.524+0000] {spark_submit.py:571} INFO - 24/01/30 02:46:31 INFO SharedState: Setting hive.metastore.warehouse.dir ('null') to the value of spark.sql.warehouse.dir.
[2024-01-30T02:46:31.539+0000] {spark_submit.py:571} INFO - 24/01/30 02:46:31 INFO SharedState: Warehouse path is 'file:/home/juniortemgoua0/DataLake/spark-warehouse'.
[2024-01-30T02:46:32.930+0000] {spark_submit.py:571} INFO - ************************************************
[2024-01-30T02:46:32.931+0000] {spark_submit.py:571} INFO - Date d'exécution  : 2024-01-01
[2024-01-30T02:46:32.931+0000] {spark_submit.py:571} INFO - ************************************************
[2024-01-30T02:46:34.373+0000] {spark_submit.py:571} INFO - Exception in thread "main" org.apache.spark.sql.AnalysisException: [PATH_NOT_FOUND] Path does not exist: hdfs://localhost:9000/data-lake/raw/football_data/competitions/2024-01-01/*.json.
[2024-01-30T02:46:34.373+0000] {spark_submit.py:571} INFO - at org.apache.spark.sql.errors.QueryCompilationErrors$.dataPathNotExistError(QueryCompilationErrors.scala:1500)
[2024-01-30T02:46:34.373+0000] {spark_submit.py:571} INFO - at org.apache.spark.sql.execution.datasources.DataSource$.$anonfun$checkAndGlobPathIfNecessary$3(DataSource.scala:743)
[2024-01-30T02:46:34.374+0000] {spark_submit.py:571} INFO - at org.apache.spark.util.ThreadUtils$.$anonfun$parmap$2(ThreadUtils.scala:380)
[2024-01-30T02:46:34.374+0000] {spark_submit.py:571} INFO - at scala.concurrent.Future$.$anonfun$apply$1(Future.scala:659)
[2024-01-30T02:46:34.374+0000] {spark_submit.py:571} INFO - at scala.util.Success.$anonfun$map$1(Try.scala:255)
[2024-01-30T02:46:34.374+0000] {spark_submit.py:571} INFO - at scala.util.Success.map(Try.scala:213)
[2024-01-30T02:46:34.374+0000] {spark_submit.py:571} INFO - at scala.concurrent.Future.$anonfun$map$1(Future.scala:292)
[2024-01-30T02:46:34.374+0000] {spark_submit.py:571} INFO - at scala.concurrent.impl.Promise.liftedTree1$1(Promise.scala:33)
[2024-01-30T02:46:34.375+0000] {spark_submit.py:571} INFO - at scala.concurrent.impl.Promise.$anonfun$transform$1(Promise.scala:33)
[2024-01-30T02:46:34.375+0000] {spark_submit.py:571} INFO - at scala.concurrent.impl.CallbackRunnable.run(Promise.scala:64)
[2024-01-30T02:46:34.375+0000] {spark_submit.py:571} INFO - at java.base/java.util.concurrent.ForkJoinTask$RunnableExecuteAction.exec(ForkJoinTask.java:1395)
[2024-01-30T02:46:34.375+0000] {spark_submit.py:571} INFO - at java.base/java.util.concurrent.ForkJoinTask.doExec(ForkJoinTask.java:373)
[2024-01-30T02:46:34.375+0000] {spark_submit.py:571} INFO - at java.base/java.util.concurrent.ForkJoinPool$WorkQueue.topLevelExec(ForkJoinPool.java:1182)
[2024-01-30T02:46:34.376+0000] {spark_submit.py:571} INFO - at java.base/java.util.concurrent.ForkJoinPool.scan(ForkJoinPool.java:1655)
[2024-01-30T02:46:34.376+0000] {spark_submit.py:571} INFO - at java.base/java.util.concurrent.ForkJoinPool.runWorker(ForkJoinPool.java:1622)
[2024-01-30T02:46:34.376+0000] {spark_submit.py:571} INFO - at java.base/java.util.concurrent.ForkJoinWorkerThread.run(ForkJoinWorkerThread.java:165)
[2024-01-30T02:46:34.382+0000] {spark_submit.py:571} INFO - 24/01/30 02:46:34 INFO SparkContext: Invoking stop() from shutdown hook
[2024-01-30T02:46:34.383+0000] {spark_submit.py:571} INFO - 24/01/30 02:46:34 INFO SparkContext: SparkContext is stopping with exitCode 0.
[2024-01-30T02:46:34.395+0000] {spark_submit.py:571} INFO - 24/01/30 02:46:34 INFO SparkUI: Stopped Spark web UI at http://instance-1.europe-west9-a.c.data-lake-project-409321.internal:4040
[2024-01-30T02:46:34.423+0000] {spark_submit.py:571} INFO - 24/01/30 02:46:34 INFO MapOutputTrackerMasterEndpoint: MapOutputTrackerMasterEndpoint stopped!
[2024-01-30T02:46:34.438+0000] {spark_submit.py:571} INFO - 24/01/30 02:46:34 INFO MemoryStore: MemoryStore cleared
[2024-01-30T02:46:34.439+0000] {spark_submit.py:571} INFO - 24/01/30 02:46:34 INFO BlockManager: BlockManager stopped
[2024-01-30T02:46:34.447+0000] {spark_submit.py:571} INFO - 24/01/30 02:46:34 INFO BlockManagerMaster: BlockManagerMaster stopped
[2024-01-30T02:46:34.450+0000] {spark_submit.py:571} INFO - 24/01/30 02:46:34 INFO OutputCommitCoordinator$OutputCommitCoordinatorEndpoint: OutputCommitCoordinator stopped!
[2024-01-30T02:46:34.458+0000] {spark_submit.py:571} INFO - 24/01/30 02:46:34 INFO SparkContext: Successfully stopped SparkContext
[2024-01-30T02:46:34.458+0000] {spark_submit.py:571} INFO - 24/01/30 02:46:34 INFO ShutdownHookManager: Shutdown hook called
[2024-01-30T02:46:34.459+0000] {spark_submit.py:571} INFO - 24/01/30 02:46:34 INFO ShutdownHookManager: Deleting directory /tmp/spark-a71f7893-8fe6-496b-82a4-27959ecc3825
[2024-01-30T02:46:34.462+0000] {spark_submit.py:571} INFO - 24/01/30 02:46:34 INFO ShutdownHookManager: Deleting directory /tmp/spark-b7c748f4-7fe8-4d7f-af77-3a23356b7e96
[2024-01-30T02:46:34.509+0000] {taskinstance.py:2698} ERROR - Task failed with exception
Traceback (most recent call last):
  File "/home/juniortemgoua0/DataLake/venv/lib/python3.8/site-packages/airflow/models/taskinstance.py", line 433, in _execute_task
    result = execute_callable(context=context, **execute_callable_kwargs)
  File "/home/juniortemgoua0/DataLake/venv/lib/python3.8/site-packages/airflow/providers/apache/spark/operators/spark_submit.py", line 174, in execute
    self._hook.submit(self._application)
  File "/home/juniortemgoua0/DataLake/venv/lib/python3.8/site-packages/airflow/providers/apache/spark/hooks/spark_submit.py", line 502, in submit
    raise AirflowException(
airflow.exceptions.AirflowException: Cannot execute: spark-submit --master local[*] --conf spark.airflow.execution_date=2024-01-01 --name arrow-spark --class RawToFormatted --queue root.default --deploy-mode client /home/juniortemgoua0/DataLake/jobs/processes/scala/spark_process/target/scala-2.12/spark_job_2.12-0.1.0.jar hdfs://localhost:9000/data-lake. Error code is: 1.
[2024-01-30T02:46:34.514+0000] {taskinstance.py:1138} INFO - Marking task as UP_FOR_RETRY. dag_id=manage_data_lake_dag, task_id=local_job_raw_to_formatted, execution_date=20240101T000000, start_date=20240130T024623, end_date=20240130T024634
[2024-01-30T02:46:34.526+0000] {standard_task_runner.py:107} ERROR - Failed to execute job 138 for task local_job_raw_to_formatted (Cannot execute: spark-submit --master local[*] --conf spark.airflow.execution_date=2024-01-01 --name arrow-spark --class RawToFormatted --queue root.default --deploy-mode client /home/juniortemgoua0/DataLake/jobs/processes/scala/spark_process/target/scala-2.12/spark_job_2.12-0.1.0.jar hdfs://localhost:9000/data-lake. Error code is: 1.; 14764)
[2024-01-30T02:46:34.546+0000] {local_task_job_runner.py:234} INFO - Task exited with return code 1
[2024-01-30T02:46:34.565+0000] {taskinstance.py:3280} INFO - 0 downstream tasks scheduled from follow-on schedule check
