[2024-01-30T02:55:57.521+0000] {taskinstance.py:1956} INFO - Dependencies all met for dep_context=non-requeueable deps ti=<TaskInstance: manage_data_lake_dag.local_job_raw_to_formatted scheduled__2024-01-18T00:00:00+00:00 [queued]>
[2024-01-30T02:55:57.527+0000] {taskinstance.py:1956} INFO - Dependencies all met for dep_context=requeueable deps ti=<TaskInstance: manage_data_lake_dag.local_job_raw_to_formatted scheduled__2024-01-18T00:00:00+00:00 [queued]>
[2024-01-30T02:55:57.527+0000] {taskinstance.py:2170} INFO - Starting attempt 2 of 6
[2024-01-30T02:55:57.540+0000] {taskinstance.py:2191} INFO - Executing <Task(SparkSubmitOperator): local_job_raw_to_formatted> on 2024-01-18 00:00:00+00:00
[2024-01-30T02:55:57.545+0000] {standard_task_runner.py:60} INFO - Started process 19814 to run task
[2024-01-30T02:55:57.551+0000] {standard_task_runner.py:87} INFO - Running: ['airflow', 'tasks', 'run', 'manage_data_lake_dag', 'local_job_raw_to_formatted', 'scheduled__2024-01-18T00:00:00+00:00', '--job-id', '188', '--raw', '--subdir', 'DAGS_FOLDER/data_lake_dag.py', '--cfg-path', '/tmp/tmp5mtyyxcu']
[2024-01-30T02:55:57.553+0000] {standard_task_runner.py:88} INFO - Job 188: Subtask local_job_raw_to_formatted
[2024-01-30T02:55:57.599+0000] {task_command.py:423} INFO - Running <TaskInstance: manage_data_lake_dag.local_job_raw_to_formatted scheduled__2024-01-18T00:00:00+00:00 [running]> on host instance-1.europe-west9-a.c.data-lake-project-409321.internal
[2024-01-30T02:55:57.663+0000] {taskinstance.py:2480} INFO - Exporting env vars: AIRFLOW_CTX_DAG_OWNER='juniortemgoua0' AIRFLOW_CTX_DAG_ID='manage_data_lake_dag' AIRFLOW_CTX_TASK_ID='local_job_raw_to_formatted' AIRFLOW_CTX_EXECUTION_DATE='2024-01-18T00:00:00+00:00' AIRFLOW_CTX_TRY_NUMBER='2' AIRFLOW_CTX_DAG_RUN_ID='scheduled__2024-01-18T00:00:00+00:00'
[2024-01-30T02:55:57.671+0000] {base.py:83} INFO - Using connection ID 'spark_default' for task execution.
[2024-01-30T02:55:57.674+0000] {spark_submit.py:401} INFO - Spark-Submit cmd: spark-submit --master local[*] --conf spark.airflow.execution_date=2024-01-18 --name arrow-spark --class RawToFormatted --queue root.default --deploy-mode client /home/juniortemgoua0/DataLake/jobs/processes/scala/spark_process/target/scala-2.12/spark_job_2.12-0.1.0.jar hdfs://localhost:9000/data-lake
[2024-01-30T02:56:00.358+0000] {spark_submit.py:571} INFO - 24/01/30 02:56:00 INFO SparkContext: Running Spark version 3.5.0
[2024-01-30T02:56:00.365+0000] {spark_submit.py:571} INFO - 24/01/30 02:56:00 INFO SparkContext: OS info Linux, 5.15.0-1049-gcp, amd64
[2024-01-30T02:56:00.366+0000] {spark_submit.py:571} INFO - 24/01/30 02:56:00 INFO SparkContext: Java version 17.0.9
[2024-01-30T02:56:00.501+0000] {spark_submit.py:571} INFO - 24/01/30 02:56:00 WARN NativeCodeLoader: Unable to load native-hadoop library for your platform... using builtin-java classes where applicable
[2024-01-30T02:56:00.691+0000] {spark_submit.py:571} INFO - 24/01/30 02:56:00 INFO ResourceUtils: ==============================================================
[2024-01-30T02:56:00.693+0000] {spark_submit.py:571} INFO - 24/01/30 02:56:00 INFO ResourceUtils: No custom resources configured for spark.driver.
[2024-01-30T02:56:00.694+0000] {spark_submit.py:571} INFO - 24/01/30 02:56:00 INFO ResourceUtils: ==============================================================
[2024-01-30T02:56:00.695+0000] {spark_submit.py:571} INFO - 24/01/30 02:56:00 INFO SparkContext: Submitted application: RawToFormatted
[2024-01-30T02:56:00.723+0000] {spark_submit.py:571} INFO - 24/01/30 02:56:00 INFO ResourceProfile: Default ResourceProfile created, executor resources: Map(cores -> name: cores, amount: 1, script: , vendor: , memory -> name: memory, amount: 1024, script: , vendor: , offHeap -> name: offHeap, amount: 0, script: , vendor: ), task resources: Map(cpus -> name: cpus, amount: 1.0)
[2024-01-30T02:56:00.734+0000] {spark_submit.py:571} INFO - 24/01/30 02:56:00 INFO ResourceProfile: Limiting resource is cpu
[2024-01-30T02:56:00.735+0000] {spark_submit.py:571} INFO - 24/01/30 02:56:00 INFO ResourceProfileManager: Added ResourceProfile id: 0
[2024-01-30T02:56:00.798+0000] {spark_submit.py:571} INFO - 24/01/30 02:56:00 INFO SecurityManager: Changing view acls to: juniortemgoua0
[2024-01-30T02:56:00.799+0000] {spark_submit.py:571} INFO - 24/01/30 02:56:00 INFO SecurityManager: Changing modify acls to: juniortemgoua0
[2024-01-30T02:56:00.800+0000] {spark_submit.py:571} INFO - 24/01/30 02:56:00 INFO SecurityManager: Changing view acls groups to:
[2024-01-30T02:56:00.801+0000] {spark_submit.py:571} INFO - 24/01/30 02:56:00 INFO SecurityManager: Changing modify acls groups to:
[2024-01-30T02:56:00.803+0000] {spark_submit.py:571} INFO - 24/01/30 02:56:00 INFO SecurityManager: SecurityManager: authentication disabled; ui acls disabled; users with view permissions: juniortemgoua0; groups with view permissions: EMPTY; users with modify permissions: juniortemgoua0; groups with modify permissions: EMPTY
[2024-01-30T02:56:01.155+0000] {spark_submit.py:571} INFO - 24/01/30 02:56:01 INFO Utils: Successfully started service 'sparkDriver' on port 45837.
[2024-01-30T02:56:01.199+0000] {spark_submit.py:571} INFO - 24/01/30 02:56:01 INFO SparkEnv: Registering MapOutputTracker
[2024-01-30T02:56:01.261+0000] {spark_submit.py:571} INFO - 24/01/30 02:56:01 INFO SparkEnv: Registering BlockManagerMaster
[2024-01-30T02:56:01.292+0000] {spark_submit.py:571} INFO - 24/01/30 02:56:01 INFO BlockManagerMasterEndpoint: Using org.apache.spark.storage.DefaultTopologyMapper for getting topology information
[2024-01-30T02:56:01.293+0000] {spark_submit.py:571} INFO - 24/01/30 02:56:01 INFO BlockManagerMasterEndpoint: BlockManagerMasterEndpoint up
[2024-01-30T02:56:01.298+0000] {spark_submit.py:571} INFO - 24/01/30 02:56:01 INFO SparkEnv: Registering BlockManagerMasterHeartbeat
[2024-01-30T02:56:01.323+0000] {spark_submit.py:571} INFO - 24/01/30 02:56:01 INFO DiskBlockManager: Created local directory at /tmp/blockmgr-edff0551-ed11-446d-a9f0-700726d6224b
[2024-01-30T02:56:01.347+0000] {spark_submit.py:571} INFO - 24/01/30 02:56:01 INFO MemoryStore: MemoryStore started with capacity 434.4 MiB
[2024-01-30T02:56:01.370+0000] {spark_submit.py:571} INFO - 24/01/30 02:56:01 INFO SparkEnv: Registering OutputCommitCoordinator
[2024-01-30T02:56:01.573+0000] {spark_submit.py:571} INFO - 24/01/30 02:56:01 INFO JettyUtils: Start Jetty 0.0.0.0:4040 for SparkUI
[2024-01-30T02:56:01.657+0000] {spark_submit.py:571} INFO - 24/01/30 02:56:01 INFO Utils: Successfully started service 'SparkUI' on port 4040.
[2024-01-30T02:56:01.728+0000] {spark_submit.py:571} INFO - 24/01/30 02:56:01 INFO SparkContext: Added JAR file:/home/juniortemgoua0/DataLake/jobs/processes/scala/spark_process/target/scala-2.12/spark_job_2.12-0.1.0.jar at spark://instance-1.europe-west9-a.c.data-lake-project-409321.internal:45837/jars/spark_job_2.12-0.1.0.jar with timestamp 1706583360337
[2024-01-30T02:56:01.854+0000] {spark_submit.py:571} INFO - 24/01/30 02:56:01 INFO Executor: Starting executor ID driver on host instance-1.europe-west9-a.c.data-lake-project-409321.internal
[2024-01-30T02:56:01.855+0000] {spark_submit.py:571} INFO - 24/01/30 02:56:01 INFO Executor: OS info Linux, 5.15.0-1049-gcp, amd64
[2024-01-30T02:56:01.857+0000] {spark_submit.py:571} INFO - 24/01/30 02:56:01 INFO Executor: Java version 17.0.9
[2024-01-30T02:56:01.871+0000] {spark_submit.py:571} INFO - 24/01/30 02:56:01 INFO Executor: Starting executor with user classpath (userClassPathFirst = false): ''
[2024-01-30T02:56:01.872+0000] {spark_submit.py:571} INFO - 24/01/30 02:56:01 INFO Executor: Created or updated repl class loader org.apache.spark.util.MutableURLClassLoader@6ed043d3 for default.
[2024-01-30T02:56:01.910+0000] {spark_submit.py:571} INFO - 24/01/30 02:56:01 INFO Executor: Fetching spark://instance-1.europe-west9-a.c.data-lake-project-409321.internal:45837/jars/spark_job_2.12-0.1.0.jar with timestamp 1706583360337
[2024-01-30T02:56:02.037+0000] {spark_submit.py:571} INFO - 24/01/30 02:56:02 INFO TransportClientFactory: Successfully created connection to instance-1.europe-west9-a.c.data-lake-project-409321.internal/10.200.0.5:45837 after 86 ms (0 ms spent in bootstraps)
[2024-01-30T02:56:02.049+0000] {spark_submit.py:571} INFO - 24/01/30 02:56:02 INFO Utils: Fetching spark://instance-1.europe-west9-a.c.data-lake-project-409321.internal:45837/jars/spark_job_2.12-0.1.0.jar to /tmp/spark-dc840311-abbd-4eb9-bbe4-85982bbbb7c0/userFiles-8d5a25e6-452e-4247-b8c9-a6ad47750a61/fetchFileTemp2321476755232509770.tmp
[2024-01-30T02:56:02.101+0000] {spark_submit.py:571} INFO - 24/01/30 02:56:02 INFO Executor: Adding file:/tmp/spark-dc840311-abbd-4eb9-bbe4-85982bbbb7c0/userFiles-8d5a25e6-452e-4247-b8c9-a6ad47750a61/spark_job_2.12-0.1.0.jar to class loader default
[2024-01-30T02:56:02.115+0000] {spark_submit.py:571} INFO - 24/01/30 02:56:02 INFO Utils: Successfully started service 'org.apache.spark.network.netty.NettyBlockTransferService' on port 38031.
[2024-01-30T02:56:02.115+0000] {spark_submit.py:571} INFO - 24/01/30 02:56:02 INFO NettyBlockTransferService: Server created on instance-1.europe-west9-a.c.data-lake-project-409321.internal:38031
[2024-01-30T02:56:02.116+0000] {spark_submit.py:571} INFO - 24/01/30 02:56:02 INFO BlockManager: Using org.apache.spark.storage.RandomBlockReplicationPolicy for block replication policy
[2024-01-30T02:56:02.127+0000] {spark_submit.py:571} INFO - 24/01/30 02:56:02 INFO BlockManagerMaster: Registering BlockManager BlockManagerId(driver, instance-1.europe-west9-a.c.data-lake-project-409321.internal, 38031, None)
[2024-01-30T02:56:02.132+0000] {spark_submit.py:571} INFO - 24/01/30 02:56:02 INFO BlockManagerMasterEndpoint: Registering block manager instance-1.europe-west9-a.c.data-lake-project-409321.internal:38031 with 434.4 MiB RAM, BlockManagerId(driver, instance-1.europe-west9-a.c.data-lake-project-409321.internal, 38031, None)
[2024-01-30T02:56:02.134+0000] {spark_submit.py:571} INFO - 24/01/30 02:56:02 INFO BlockManagerMaster: Registered BlockManager BlockManagerId(driver, instance-1.europe-west9-a.c.data-lake-project-409321.internal, 38031, None)
[2024-01-30T02:56:02.136+0000] {spark_submit.py:571} INFO - 24/01/30 02:56:02 INFO BlockManager: Initialized BlockManager: BlockManagerId(driver, instance-1.europe-west9-a.c.data-lake-project-409321.internal, 38031, None)
[2024-01-30T02:56:03.192+0000] {spark_submit.py:571} INFO - 24/01/30 02:56:03 INFO SharedState: Setting hive.metastore.warehouse.dir ('null') to the value of spark.sql.warehouse.dir.
[2024-01-30T02:56:03.202+0000] {spark_submit.py:571} INFO - 24/01/30 02:56:03 INFO SharedState: Warehouse path is 'file:/home/juniortemgoua0/DataLake/spark-warehouse'.
[2024-01-30T02:56:04.167+0000] {spark_submit.py:571} INFO - ************************************************
[2024-01-30T02:56:04.168+0000] {spark_submit.py:571} INFO - Date d'exécution  : 2024-01-18
[2024-01-30T02:56:04.168+0000] {spark_submit.py:571} INFO - ************************************************
[2024-01-30T02:56:05.389+0000] {spark_submit.py:571} INFO - Exception in thread "main" org.apache.spark.sql.AnalysisException: [PATH_NOT_FOUND] Path does not exist: hdfs://localhost:9000/data-lake/raw/football_data/competitions/2024-01-18/*.json.
[2024-01-30T02:56:05.390+0000] {spark_submit.py:571} INFO - at org.apache.spark.sql.errors.QueryCompilationErrors$.dataPathNotExistError(QueryCompilationErrors.scala:1500)
[2024-01-30T02:56:05.390+0000] {spark_submit.py:571} INFO - at org.apache.spark.sql.execution.datasources.DataSource$.$anonfun$checkAndGlobPathIfNecessary$3(DataSource.scala:743)
[2024-01-30T02:56:05.390+0000] {spark_submit.py:571} INFO - at org.apache.spark.util.ThreadUtils$.$anonfun$parmap$2(ThreadUtils.scala:380)
[2024-01-30T02:56:05.390+0000] {spark_submit.py:571} INFO - at scala.concurrent.Future$.$anonfun$apply$1(Future.scala:659)
[2024-01-30T02:56:05.391+0000] {spark_submit.py:571} INFO - at scala.util.Success.$anonfun$map$1(Try.scala:255)
[2024-01-30T02:56:05.391+0000] {spark_submit.py:571} INFO - at scala.util.Success.map(Try.scala:213)
[2024-01-30T02:56:05.391+0000] {spark_submit.py:571} INFO - at scala.concurrent.Future.$anonfun$map$1(Future.scala:292)
[2024-01-30T02:56:05.391+0000] {spark_submit.py:571} INFO - at scala.concurrent.impl.Promise.liftedTree1$1(Promise.scala:33)
[2024-01-30T02:56:05.391+0000] {spark_submit.py:571} INFO - at scala.concurrent.impl.Promise.$anonfun$transform$1(Promise.scala:33)
[2024-01-30T02:56:05.392+0000] {spark_submit.py:571} INFO - at scala.concurrent.impl.CallbackRunnable.run(Promise.scala:64)
[2024-01-30T02:56:05.392+0000] {spark_submit.py:571} INFO - at java.base/java.util.concurrent.ForkJoinTask$RunnableExecuteAction.exec(ForkJoinTask.java:1395)
[2024-01-30T02:56:05.392+0000] {spark_submit.py:571} INFO - at java.base/java.util.concurrent.ForkJoinTask.doExec(ForkJoinTask.java:373)
[2024-01-30T02:56:05.394+0000] {spark_submit.py:571} INFO - at java.base/java.util.concurrent.ForkJoinPool$WorkQueue.topLevelExec(ForkJoinPool.java:1182)
[2024-01-30T02:56:05.394+0000] {spark_submit.py:571} INFO - at java.base/java.util.concurrent.ForkJoinPool.scan(ForkJoinPool.java:1655)
[2024-01-30T02:56:05.394+0000] {spark_submit.py:571} INFO - at java.base/java.util.concurrent.ForkJoinPool.runWorker(ForkJoinPool.java:1622)
[2024-01-30T02:56:05.395+0000] {spark_submit.py:571} INFO - at java.base/java.util.concurrent.ForkJoinWorkerThread.run(ForkJoinWorkerThread.java:165)
[2024-01-30T02:56:05.396+0000] {spark_submit.py:571} INFO - 24/01/30 02:56:05 INFO SparkContext: Invoking stop() from shutdown hook
[2024-01-30T02:56:05.397+0000] {spark_submit.py:571} INFO - 24/01/30 02:56:05 INFO SparkContext: SparkContext is stopping with exitCode 0.
[2024-01-30T02:56:05.412+0000] {spark_submit.py:571} INFO - 24/01/30 02:56:05 INFO SparkUI: Stopped Spark web UI at http://instance-1.europe-west9-a.c.data-lake-project-409321.internal:4040
[2024-01-30T02:56:05.459+0000] {spark_submit.py:571} INFO - 24/01/30 02:56:05 INFO MapOutputTrackerMasterEndpoint: MapOutputTrackerMasterEndpoint stopped!
[2024-01-30T02:56:05.475+0000] {spark_submit.py:571} INFO - 24/01/30 02:56:05 INFO MemoryStore: MemoryStore cleared
[2024-01-30T02:56:05.482+0000] {spark_submit.py:571} INFO - 24/01/30 02:56:05 INFO BlockManager: BlockManager stopped
[2024-01-30T02:56:05.492+0000] {spark_submit.py:571} INFO - 24/01/30 02:56:05 INFO BlockManagerMaster: BlockManagerMaster stopped
[2024-01-30T02:56:05.501+0000] {spark_submit.py:571} INFO - 24/01/30 02:56:05 INFO OutputCommitCoordinator$OutputCommitCoordinatorEndpoint: OutputCommitCoordinator stopped!
[2024-01-30T02:56:05.535+0000] {spark_submit.py:571} INFO - 24/01/30 02:56:05 INFO SparkContext: Successfully stopped SparkContext
[2024-01-30T02:56:05.535+0000] {spark_submit.py:571} INFO - 24/01/30 02:56:05 INFO ShutdownHookManager: Shutdown hook called
[2024-01-30T02:56:05.536+0000] {spark_submit.py:571} INFO - 24/01/30 02:56:05 INFO ShutdownHookManager: Deleting directory /tmp/spark-8c219611-6713-4c4a-a98a-5fb1327d8921
[2024-01-30T02:56:05.544+0000] {spark_submit.py:571} INFO - 24/01/30 02:56:05 INFO ShutdownHookManager: Deleting directory /tmp/spark-dc840311-abbd-4eb9-bbe4-85982bbbb7c0
[2024-01-30T02:56:05.599+0000] {taskinstance.py:2698} ERROR - Task failed with exception
Traceback (most recent call last):
  File "/home/juniortemgoua0/DataLake/venv/lib/python3.8/site-packages/airflow/models/taskinstance.py", line 433, in _execute_task
    result = execute_callable(context=context, **execute_callable_kwargs)
  File "/home/juniortemgoua0/DataLake/venv/lib/python3.8/site-packages/airflow/providers/apache/spark/operators/spark_submit.py", line 174, in execute
    self._hook.submit(self._application)
  File "/home/juniortemgoua0/DataLake/venv/lib/python3.8/site-packages/airflow/providers/apache/spark/hooks/spark_submit.py", line 502, in submit
    raise AirflowException(
airflow.exceptions.AirflowException: Cannot execute: spark-submit --master local[*] --conf spark.airflow.execution_date=2024-01-18 --name arrow-spark --class RawToFormatted --queue root.default --deploy-mode client /home/juniortemgoua0/DataLake/jobs/processes/scala/spark_process/target/scala-2.12/spark_job_2.12-0.1.0.jar hdfs://localhost:9000/data-lake. Error code is: 1.
[2024-01-30T02:56:05.602+0000] {taskinstance.py:1138} INFO - Marking task as UP_FOR_RETRY. dag_id=manage_data_lake_dag, task_id=local_job_raw_to_formatted, execution_date=20240118T000000, start_date=20240130T025557, end_date=20240130T025605
[2024-01-30T02:56:05.615+0000] {standard_task_runner.py:107} ERROR - Failed to execute job 188 for task local_job_raw_to_formatted (Cannot execute: spark-submit --master local[*] --conf spark.airflow.execution_date=2024-01-18 --name arrow-spark --class RawToFormatted --queue root.default --deploy-mode client /home/juniortemgoua0/DataLake/jobs/processes/scala/spark_process/target/scala-2.12/spark_job_2.12-0.1.0.jar hdfs://localhost:9000/data-lake. Error code is: 1.; 19814)
[2024-01-30T02:56:05.626+0000] {local_task_job_runner.py:234} INFO - Task exited with return code 1
[2024-01-30T02:56:05.643+0000] {taskinstance.py:3280} INFO - 0 downstream tasks scheduled from follow-on schedule check
