[2024-01-30T03:02:00.588+0000] {taskinstance.py:1956} INFO - Dependencies all met for dep_context=non-requeueable deps ti=<TaskInstance: manage_data_lake_dag.local_job_raw_to_formatted scheduled__2024-01-18T00:00:00+00:00 [queued]>
[2024-01-30T03:02:00.594+0000] {taskinstance.py:1956} INFO - Dependencies all met for dep_context=requeueable deps ti=<TaskInstance: manage_data_lake_dag.local_job_raw_to_formatted scheduled__2024-01-18T00:00:00+00:00 [queued]>
[2024-01-30T03:02:00.594+0000] {taskinstance.py:2170} INFO - Starting attempt 3 of 6
[2024-01-30T03:02:00.608+0000] {taskinstance.py:2191} INFO - Executing <Task(SparkSubmitOperator): local_job_raw_to_formatted> on 2024-01-18 00:00:00+00:00
[2024-01-30T03:02:00.613+0000] {standard_task_runner.py:60} INFO - Started process 22464 to run task
[2024-01-30T03:02:00.618+0000] {standard_task_runner.py:87} INFO - Running: ['airflow', 'tasks', 'run', 'manage_data_lake_dag', 'local_job_raw_to_formatted', 'scheduled__2024-01-18T00:00:00+00:00', '--job-id', '204', '--raw', '--subdir', 'DAGS_FOLDER/data_lake_dag.py', '--cfg-path', '/tmp/tmpczen6y_a']
[2024-01-30T03:02:00.621+0000] {standard_task_runner.py:88} INFO - Job 204: Subtask local_job_raw_to_formatted
[2024-01-30T03:02:00.674+0000] {task_command.py:423} INFO - Running <TaskInstance: manage_data_lake_dag.local_job_raw_to_formatted scheduled__2024-01-18T00:00:00+00:00 [running]> on host instance-1.europe-west9-a.c.data-lake-project-409321.internal
[2024-01-30T03:02:00.729+0000] {taskinstance.py:2480} INFO - Exporting env vars: AIRFLOW_CTX_DAG_OWNER='juniortemgoua0' AIRFLOW_CTX_DAG_ID='manage_data_lake_dag' AIRFLOW_CTX_TASK_ID='local_job_raw_to_formatted' AIRFLOW_CTX_EXECUTION_DATE='2024-01-18T00:00:00+00:00' AIRFLOW_CTX_TRY_NUMBER='3' AIRFLOW_CTX_DAG_RUN_ID='scheduled__2024-01-18T00:00:00+00:00'
[2024-01-30T03:02:00.736+0000] {base.py:83} INFO - Using connection ID 'spark_default' for task execution.
[2024-01-30T03:02:00.737+0000] {spark_submit.py:401} INFO - Spark-Submit cmd: spark-submit --master local[*] --conf spark.airflow.execution_date=2024-01-18 --name arrow-spark --class RawToFormatted --queue root.default --deploy-mode client /home/juniortemgoua0/DataLake/jobs/processes/scala/spark_process/target/scala-2.12/spark_job_2.12-0.1.0.jar hdfs://localhost:9000/data-lake
[2024-01-30T03:02:03.410+0000] {spark_submit.py:571} INFO - 24/01/30 03:02:03 INFO SparkContext: Running Spark version 3.5.0
[2024-01-30T03:02:03.415+0000] {spark_submit.py:571} INFO - 24/01/30 03:02:03 INFO SparkContext: OS info Linux, 5.15.0-1049-gcp, amd64
[2024-01-30T03:02:03.416+0000] {spark_submit.py:571} INFO - 24/01/30 03:02:03 INFO SparkContext: Java version 17.0.9
[2024-01-30T03:02:03.549+0000] {spark_submit.py:571} INFO - 24/01/30 03:02:03 WARN NativeCodeLoader: Unable to load native-hadoop library for your platform... using builtin-java classes where applicable
[2024-01-30T03:02:03.723+0000] {spark_submit.py:571} INFO - 24/01/30 03:02:03 INFO ResourceUtils: ==============================================================
[2024-01-30T03:02:03.725+0000] {spark_submit.py:571} INFO - 24/01/30 03:02:03 INFO ResourceUtils: No custom resources configured for spark.driver.
[2024-01-30T03:02:03.727+0000] {spark_submit.py:571} INFO - 24/01/30 03:02:03 INFO ResourceUtils: ==============================================================
[2024-01-30T03:02:03.728+0000] {spark_submit.py:571} INFO - 24/01/30 03:02:03 INFO SparkContext: Submitted application: RawToFormatted
[2024-01-30T03:02:03.796+0000] {spark_submit.py:571} INFO - 24/01/30 03:02:03 INFO ResourceProfile: Default ResourceProfile created, executor resources: Map(cores -> name: cores, amount: 1, script: , vendor: , memory -> name: memory, amount: 1024, script: , vendor: , offHeap -> name: offHeap, amount: 0, script: , vendor: ), task resources: Map(cpus -> name: cpus, amount: 1.0)
[2024-01-30T03:02:03.810+0000] {spark_submit.py:571} INFO - 24/01/30 03:02:03 INFO ResourceProfile: Limiting resource is cpu
[2024-01-30T03:02:03.812+0000] {spark_submit.py:571} INFO - 24/01/30 03:02:03 INFO ResourceProfileManager: Added ResourceProfile id: 0
[2024-01-30T03:02:03.890+0000] {spark_submit.py:571} INFO - 24/01/30 03:02:03 INFO SecurityManager: Changing view acls to: juniortemgoua0
[2024-01-30T03:02:03.891+0000] {spark_submit.py:571} INFO - 24/01/30 03:02:03 INFO SecurityManager: Changing modify acls to: juniortemgoua0
[2024-01-30T03:02:03.893+0000] {spark_submit.py:571} INFO - 24/01/30 03:02:03 INFO SecurityManager: Changing view acls groups to:
[2024-01-30T03:02:03.893+0000] {spark_submit.py:571} INFO - 24/01/30 03:02:03 INFO SecurityManager: Changing modify acls groups to:
[2024-01-30T03:02:03.895+0000] {spark_submit.py:571} INFO - 24/01/30 03:02:03 INFO SecurityManager: SecurityManager: authentication disabled; ui acls disabled; users with view permissions: juniortemgoua0; groups with view permissions: EMPTY; users with modify permissions: juniortemgoua0; groups with modify permissions: EMPTY
[2024-01-30T03:02:04.237+0000] {spark_submit.py:571} INFO - 24/01/30 03:02:04 INFO Utils: Successfully started service 'sparkDriver' on port 43537.
[2024-01-30T03:02:04.278+0000] {spark_submit.py:571} INFO - 24/01/30 03:02:04 INFO SparkEnv: Registering MapOutputTracker
[2024-01-30T03:02:04.341+0000] {spark_submit.py:571} INFO - 24/01/30 03:02:04 INFO SparkEnv: Registering BlockManagerMaster
[2024-01-30T03:02:04.393+0000] {spark_submit.py:571} INFO - 24/01/30 03:02:04 INFO BlockManagerMasterEndpoint: Using org.apache.spark.storage.DefaultTopologyMapper for getting topology information
[2024-01-30T03:02:04.394+0000] {spark_submit.py:571} INFO - 24/01/30 03:02:04 INFO BlockManagerMasterEndpoint: BlockManagerMasterEndpoint up
[2024-01-30T03:02:04.402+0000] {spark_submit.py:571} INFO - 24/01/30 03:02:04 INFO SparkEnv: Registering BlockManagerMasterHeartbeat
[2024-01-30T03:02:04.424+0000] {spark_submit.py:571} INFO - 24/01/30 03:02:04 INFO DiskBlockManager: Created local directory at /tmp/blockmgr-63e73418-fd94-4efa-85cc-e50d45cb638f
[2024-01-30T03:02:04.445+0000] {spark_submit.py:571} INFO - 24/01/30 03:02:04 INFO MemoryStore: MemoryStore started with capacity 434.4 MiB
[2024-01-30T03:02:04.466+0000] {spark_submit.py:571} INFO - 24/01/30 03:02:04 INFO SparkEnv: Registering OutputCommitCoordinator
[2024-01-30T03:02:04.664+0000] {spark_submit.py:571} INFO - 24/01/30 03:02:04 INFO JettyUtils: Start Jetty 0.0.0.0:4040 for SparkUI
[2024-01-30T03:02:04.760+0000] {spark_submit.py:571} INFO - 24/01/30 03:02:04 INFO Utils: Successfully started service 'SparkUI' on port 4040.
[2024-01-30T03:02:04.837+0000] {spark_submit.py:571} INFO - 24/01/30 03:02:04 INFO SparkContext: Added JAR file:/home/juniortemgoua0/DataLake/jobs/processes/scala/spark_process/target/scala-2.12/spark_job_2.12-0.1.0.jar at spark://instance-1.europe-west9-a.c.data-lake-project-409321.internal:43537/jars/spark_job_2.12-0.1.0.jar with timestamp 1706583723393
[2024-01-30T03:02:04.965+0000] {spark_submit.py:571} INFO - 24/01/30 03:02:04 INFO Executor: Starting executor ID driver on host instance-1.europe-west9-a.c.data-lake-project-409321.internal
[2024-01-30T03:02:04.966+0000] {spark_submit.py:571} INFO - 24/01/30 03:02:04 INFO Executor: OS info Linux, 5.15.0-1049-gcp, amd64
[2024-01-30T03:02:04.968+0000] {spark_submit.py:571} INFO - 24/01/30 03:02:04 INFO Executor: Java version 17.0.9
[2024-01-30T03:02:04.981+0000] {spark_submit.py:571} INFO - 24/01/30 03:02:04 INFO Executor: Starting executor with user classpath (userClassPathFirst = false): ''
[2024-01-30T03:02:04.983+0000] {spark_submit.py:571} INFO - 24/01/30 03:02:04 INFO Executor: Created or updated repl class loader org.apache.spark.util.MutableURLClassLoader@6ed043d3 for default.
[2024-01-30T03:02:05.008+0000] {spark_submit.py:571} INFO - 24/01/30 03:02:05 INFO Executor: Fetching spark://instance-1.europe-west9-a.c.data-lake-project-409321.internal:43537/jars/spark_job_2.12-0.1.0.jar with timestamp 1706583723393
[2024-01-30T03:02:05.138+0000] {spark_submit.py:571} INFO - 24/01/30 03:02:05 INFO TransportClientFactory: Successfully created connection to instance-1.europe-west9-a.c.data-lake-project-409321.internal/10.200.0.5:43537 after 88 ms (0 ms spent in bootstraps)
[2024-01-30T03:02:05.151+0000] {spark_submit.py:571} INFO - 24/01/30 03:02:05 INFO Utils: Fetching spark://instance-1.europe-west9-a.c.data-lake-project-409321.internal:43537/jars/spark_job_2.12-0.1.0.jar to /tmp/spark-606da10b-b1be-48ea-9745-1b130f86979a/userFiles-bffc50f7-5eb9-4e89-a864-8ef51247d5d2/fetchFileTemp3533242743341059890.tmp
[2024-01-30T03:02:05.194+0000] {spark_submit.py:571} INFO - 24/01/30 03:02:05 INFO Executor: Adding file:/tmp/spark-606da10b-b1be-48ea-9745-1b130f86979a/userFiles-bffc50f7-5eb9-4e89-a864-8ef51247d5d2/spark_job_2.12-0.1.0.jar to class loader default
[2024-01-30T03:02:05.205+0000] {spark_submit.py:571} INFO - 24/01/30 03:02:05 INFO Utils: Successfully started service 'org.apache.spark.network.netty.NettyBlockTransferService' on port 38919.
[2024-01-30T03:02:05.205+0000] {spark_submit.py:571} INFO - 24/01/30 03:02:05 INFO NettyBlockTransferService: Server created on instance-1.europe-west9-a.c.data-lake-project-409321.internal:38919
[2024-01-30T03:02:05.208+0000] {spark_submit.py:571} INFO - 24/01/30 03:02:05 INFO BlockManager: Using org.apache.spark.storage.RandomBlockReplicationPolicy for block replication policy
[2024-01-30T03:02:05.218+0000] {spark_submit.py:571} INFO - 24/01/30 03:02:05 INFO BlockManagerMaster: Registering BlockManager BlockManagerId(driver, instance-1.europe-west9-a.c.data-lake-project-409321.internal, 38919, None)
[2024-01-30T03:02:05.222+0000] {spark_submit.py:571} INFO - 24/01/30 03:02:05 INFO BlockManagerMasterEndpoint: Registering block manager instance-1.europe-west9-a.c.data-lake-project-409321.internal:38919 with 434.4 MiB RAM, BlockManagerId(driver, instance-1.europe-west9-a.c.data-lake-project-409321.internal, 38919, None)
[2024-01-30T03:02:05.224+0000] {spark_submit.py:571} INFO - 24/01/30 03:02:05 INFO BlockManagerMaster: Registered BlockManager BlockManagerId(driver, instance-1.europe-west9-a.c.data-lake-project-409321.internal, 38919, None)
[2024-01-30T03:02:05.225+0000] {spark_submit.py:571} INFO - 24/01/30 03:02:05 INFO BlockManager: Initialized BlockManager: BlockManagerId(driver, instance-1.europe-west9-a.c.data-lake-project-409321.internal, 38919, None)
[2024-01-30T03:02:06.271+0000] {spark_submit.py:571} INFO - 24/01/30 03:02:06 INFO SharedState: Setting hive.metastore.warehouse.dir ('null') to the value of spark.sql.warehouse.dir.
[2024-01-30T03:02:06.281+0000] {spark_submit.py:571} INFO - 24/01/30 03:02:06 INFO SharedState: Warehouse path is 'file:/home/juniortemgoua0/DataLake/spark-warehouse'.
[2024-01-30T03:02:07.377+0000] {spark_submit.py:571} INFO - ************************************************
[2024-01-30T03:02:07.378+0000] {spark_submit.py:571} INFO - Date d'exécution  : 2024-01-18
[2024-01-30T03:02:07.378+0000] {spark_submit.py:571} INFO - ************************************************
[2024-01-30T03:02:08.546+0000] {spark_submit.py:571} INFO - Exception in thread "main" org.apache.spark.sql.AnalysisException: [PATH_NOT_FOUND] Path does not exist: hdfs://localhost:9000/data-lake/raw/football_data/competitions/2024-01-18/*.json.
[2024-01-30T03:02:08.546+0000] {spark_submit.py:571} INFO - at org.apache.spark.sql.errors.QueryCompilationErrors$.dataPathNotExistError(QueryCompilationErrors.scala:1500)
[2024-01-30T03:02:08.546+0000] {spark_submit.py:571} INFO - at org.apache.spark.sql.execution.datasources.DataSource$.$anonfun$checkAndGlobPathIfNecessary$3(DataSource.scala:743)
[2024-01-30T03:02:08.547+0000] {spark_submit.py:571} INFO - at org.apache.spark.util.ThreadUtils$.$anonfun$parmap$2(ThreadUtils.scala:380)
[2024-01-30T03:02:08.547+0000] {spark_submit.py:571} INFO - at scala.concurrent.Future$.$anonfun$apply$1(Future.scala:659)
[2024-01-30T03:02:08.547+0000] {spark_submit.py:571} INFO - at scala.util.Success.$anonfun$map$1(Try.scala:255)
[2024-01-30T03:02:08.547+0000] {spark_submit.py:571} INFO - at scala.util.Success.map(Try.scala:213)
[2024-01-30T03:02:08.548+0000] {spark_submit.py:571} INFO - at scala.concurrent.Future.$anonfun$map$1(Future.scala:292)
[2024-01-30T03:02:08.548+0000] {spark_submit.py:571} INFO - at scala.concurrent.impl.Promise.liftedTree1$1(Promise.scala:33)
[2024-01-30T03:02:08.548+0000] {spark_submit.py:571} INFO - at scala.concurrent.impl.Promise.$anonfun$transform$1(Promise.scala:33)
[2024-01-30T03:02:08.549+0000] {spark_submit.py:571} INFO - at scala.concurrent.impl.CallbackRunnable.run(Promise.scala:64)
[2024-01-30T03:02:08.549+0000] {spark_submit.py:571} INFO - at java.base/java.util.concurrent.ForkJoinTask$RunnableExecuteAction.exec(ForkJoinTask.java:1395)
[2024-01-30T03:02:08.549+0000] {spark_submit.py:571} INFO - at java.base/java.util.concurrent.ForkJoinTask.doExec(ForkJoinTask.java:373)
[2024-01-30T03:02:08.549+0000] {spark_submit.py:571} INFO - at java.base/java.util.concurrent.ForkJoinPool$WorkQueue.topLevelExec(ForkJoinPool.java:1182)
[2024-01-30T03:02:08.549+0000] {spark_submit.py:571} INFO - at java.base/java.util.concurrent.ForkJoinPool.scan(ForkJoinPool.java:1655)
[2024-01-30T03:02:08.549+0000] {spark_submit.py:571} INFO - at java.base/java.util.concurrent.ForkJoinPool.runWorker(ForkJoinPool.java:1622)
[2024-01-30T03:02:08.550+0000] {spark_submit.py:571} INFO - at java.base/java.util.concurrent.ForkJoinWorkerThread.run(ForkJoinWorkerThread.java:165)
[2024-01-30T03:02:08.556+0000] {spark_submit.py:571} INFO - 24/01/30 03:02:08 INFO SparkContext: Invoking stop() from shutdown hook
[2024-01-30T03:02:08.557+0000] {spark_submit.py:571} INFO - 24/01/30 03:02:08 INFO SparkContext: SparkContext is stopping with exitCode 0.
[2024-01-30T03:02:08.572+0000] {spark_submit.py:571} INFO - 24/01/30 03:02:08 INFO SparkUI: Stopped Spark web UI at http://instance-1.europe-west9-a.c.data-lake-project-409321.internal:4040
[2024-01-30T03:02:08.595+0000] {spark_submit.py:571} INFO - 24/01/30 03:02:08 INFO MapOutputTrackerMasterEndpoint: MapOutputTrackerMasterEndpoint stopped!
[2024-01-30T03:02:08.611+0000] {spark_submit.py:571} INFO - 24/01/30 03:02:08 INFO MemoryStore: MemoryStore cleared
[2024-01-30T03:02:08.612+0000] {spark_submit.py:571} INFO - 24/01/30 03:02:08 INFO BlockManager: BlockManager stopped
[2024-01-30T03:02:08.625+0000] {spark_submit.py:571} INFO - 24/01/30 03:02:08 INFO BlockManagerMaster: BlockManagerMaster stopped
[2024-01-30T03:02:08.630+0000] {spark_submit.py:571} INFO - 24/01/30 03:02:08 INFO OutputCommitCoordinator$OutputCommitCoordinatorEndpoint: OutputCommitCoordinator stopped!
[2024-01-30T03:02:08.640+0000] {spark_submit.py:571} INFO - 24/01/30 03:02:08 INFO SparkContext: Successfully stopped SparkContext
[2024-01-30T03:02:08.641+0000] {spark_submit.py:571} INFO - 24/01/30 03:02:08 INFO ShutdownHookManager: Shutdown hook called
[2024-01-30T03:02:08.642+0000] {spark_submit.py:571} INFO - 24/01/30 03:02:08 INFO ShutdownHookManager: Deleting directory /tmp/spark-606da10b-b1be-48ea-9745-1b130f86979a
[2024-01-30T03:02:08.646+0000] {spark_submit.py:571} INFO - 24/01/30 03:02:08 INFO ShutdownHookManager: Deleting directory /tmp/spark-9f436037-1e47-46b8-80ed-ca56bf4bf5e9
[2024-01-30T03:02:08.700+0000] {taskinstance.py:2698} ERROR - Task failed with exception
Traceback (most recent call last):
  File "/home/juniortemgoua0/DataLake/venv/lib/python3.8/site-packages/airflow/models/taskinstance.py", line 433, in _execute_task
    result = execute_callable(context=context, **execute_callable_kwargs)
  File "/home/juniortemgoua0/DataLake/venv/lib/python3.8/site-packages/airflow/providers/apache/spark/operators/spark_submit.py", line 174, in execute
    self._hook.submit(self._application)
  File "/home/juniortemgoua0/DataLake/venv/lib/python3.8/site-packages/airflow/providers/apache/spark/hooks/spark_submit.py", line 502, in submit
    raise AirflowException(
airflow.exceptions.AirflowException: Cannot execute: spark-submit --master local[*] --conf spark.airflow.execution_date=2024-01-18 --name arrow-spark --class RawToFormatted --queue root.default --deploy-mode client /home/juniortemgoua0/DataLake/jobs/processes/scala/spark_process/target/scala-2.12/spark_job_2.12-0.1.0.jar hdfs://localhost:9000/data-lake. Error code is: 1.
[2024-01-30T03:02:08.704+0000] {taskinstance.py:1138} INFO - Marking task as UP_FOR_RETRY. dag_id=manage_data_lake_dag, task_id=local_job_raw_to_formatted, execution_date=20240118T000000, start_date=20240130T030200, end_date=20240130T030208
[2024-01-30T03:02:08.716+0000] {standard_task_runner.py:107} ERROR - Failed to execute job 204 for task local_job_raw_to_formatted (Cannot execute: spark-submit --master local[*] --conf spark.airflow.execution_date=2024-01-18 --name arrow-spark --class RawToFormatted --queue root.default --deploy-mode client /home/juniortemgoua0/DataLake/jobs/processes/scala/spark_process/target/scala-2.12/spark_job_2.12-0.1.0.jar hdfs://localhost:9000/data-lake. Error code is: 1.; 22464)
[2024-01-30T03:02:08.725+0000] {local_task_job_runner.py:234} INFO - Task exited with return code 1
[2024-01-30T03:02:08.744+0000] {taskinstance.py:3280} INFO - 0 downstream tasks scheduled from follow-on schedule check
