[2024-01-30T12:37:57.316+0000] {taskinstance.py:1956} INFO - Dependencies all met for dep_context=non-requeueable deps ti=<TaskInstance: manage_data_lake_dag.local_job_raw_to_formatted scheduled__2024-01-02T00:00:00+00:00 [queued]>
[2024-01-30T12:37:57.324+0000] {taskinstance.py:1956} INFO - Dependencies all met for dep_context=requeueable deps ti=<TaskInstance: manage_data_lake_dag.local_job_raw_to_formatted scheduled__2024-01-02T00:00:00+00:00 [queued]>
[2024-01-30T12:37:57.324+0000] {taskinstance.py:2170} INFO - Starting attempt 5 of 6
[2024-01-30T12:37:57.339+0000] {taskinstance.py:2191} INFO - Executing <Task(SparkSubmitOperator): local_job_raw_to_formatted> on 2024-01-02 00:00:00+00:00
[2024-01-30T12:37:57.344+0000] {standard_task_runner.py:60} INFO - Started process 27282 to run task
[2024-01-30T12:37:57.350+0000] {standard_task_runner.py:87} INFO - Running: ['airflow', 'tasks', 'run', 'manage_data_lake_dag', 'local_job_raw_to_formatted', 'scheduled__2024-01-02T00:00:00+00:00', '--job-id', '200', '--raw', '--subdir', 'DAGS_FOLDER/data_lake_dag.py', '--cfg-path', '/tmp/tmp8xr4joxz']
[2024-01-30T12:37:57.353+0000] {standard_task_runner.py:88} INFO - Job 200: Subtask local_job_raw_to_formatted
[2024-01-30T12:37:57.401+0000] {task_command.py:423} INFO - Running <TaskInstance: manage_data_lake_dag.local_job_raw_to_formatted scheduled__2024-01-02T00:00:00+00:00 [running]> on host instance-1.europe-west9-a.c.data-lake-project-409321.internal
[2024-01-30T12:37:57.466+0000] {taskinstance.py:2480} INFO - Exporting env vars: AIRFLOW_CTX_DAG_OWNER='juniortemgoua0' AIRFLOW_CTX_DAG_ID='manage_data_lake_dag' AIRFLOW_CTX_TASK_ID='local_job_raw_to_formatted' AIRFLOW_CTX_EXECUTION_DATE='2024-01-02T00:00:00+00:00' AIRFLOW_CTX_TRY_NUMBER='5' AIRFLOW_CTX_DAG_RUN_ID='scheduled__2024-01-02T00:00:00+00:00'
[2024-01-30T12:37:57.474+0000] {base.py:83} INFO - Using connection ID 'spark_default' for task execution.
[2024-01-30T12:37:57.475+0000] {spark_submit.py:401} INFO - Spark-Submit cmd: spark-submit --master local[*] --conf spark.airflow.execution_date=2024-01-02 --name arrow-spark --class RawToFormatted --queue root.default --deploy-mode client /home/juniortemgoua0/DataLake/jobs/processes/scala/spark_process/target/scala-2.12/spark_job_2.12-0.1.0.jar hdfs://localhost:9000/data-lake
[2024-01-30T12:38:00.704+0000] {spark_submit.py:571} INFO - 24/01/30 12:38:00 INFO SparkContext: Running Spark version 3.5.0
[2024-01-30T12:38:00.710+0000] {spark_submit.py:571} INFO - 24/01/30 12:38:00 INFO SparkContext: OS info Linux, 5.15.0-1049-gcp, amd64
[2024-01-30T12:38:00.711+0000] {spark_submit.py:571} INFO - 24/01/30 12:38:00 INFO SparkContext: Java version 17.0.9
[2024-01-30T12:38:00.857+0000] {spark_submit.py:571} INFO - 24/01/30 12:38:00 WARN NativeCodeLoader: Unable to load native-hadoop library for your platform... using builtin-java classes where applicable
[2024-01-30T12:38:01.022+0000] {spark_submit.py:571} INFO - 24/01/30 12:38:01 INFO ResourceUtils: ==============================================================
[2024-01-30T12:38:01.024+0000] {spark_submit.py:571} INFO - 24/01/30 12:38:01 INFO ResourceUtils: No custom resources configured for spark.driver.
[2024-01-30T12:38:01.025+0000] {spark_submit.py:571} INFO - 24/01/30 12:38:01 INFO ResourceUtils: ==============================================================
[2024-01-30T12:38:01.026+0000] {spark_submit.py:571} INFO - 24/01/30 12:38:01 INFO SparkContext: Submitted application: RawToFormatted
[2024-01-30T12:38:01.060+0000] {spark_submit.py:571} INFO - 24/01/30 12:38:01 INFO ResourceProfile: Default ResourceProfile created, executor resources: Map(cores -> name: cores, amount: 1, script: , vendor: , memory -> name: memory, amount: 1024, script: , vendor: , offHeap -> name: offHeap, amount: 0, script: , vendor: ), task resources: Map(cpus -> name: cpus, amount: 1.0)
[2024-01-30T12:38:01.076+0000] {spark_submit.py:571} INFO - 24/01/30 12:38:01 INFO ResourceProfile: Limiting resource is cpu
[2024-01-30T12:38:01.077+0000] {spark_submit.py:571} INFO - 24/01/30 12:38:01 INFO ResourceProfileManager: Added ResourceProfile id: 0
[2024-01-30T12:38:01.179+0000] {spark_submit.py:571} INFO - 24/01/30 12:38:01 INFO SecurityManager: Changing view acls to: juniortemgoua0
[2024-01-30T12:38:01.181+0000] {spark_submit.py:571} INFO - 24/01/30 12:38:01 INFO SecurityManager: Changing modify acls to: juniortemgoua0
[2024-01-30T12:38:01.182+0000] {spark_submit.py:571} INFO - 24/01/30 12:38:01 INFO SecurityManager: Changing view acls groups to:
[2024-01-30T12:38:01.183+0000] {spark_submit.py:571} INFO - 24/01/30 12:38:01 INFO SecurityManager: Changing modify acls groups to:
[2024-01-30T12:38:01.184+0000] {spark_submit.py:571} INFO - 24/01/30 12:38:01 INFO SecurityManager: SecurityManager: authentication disabled; ui acls disabled; users with view permissions: juniortemgoua0; groups with view permissions: EMPTY; users with modify permissions: juniortemgoua0; groups with modify permissions: EMPTY
[2024-01-30T12:38:01.595+0000] {spark_submit.py:571} INFO - 24/01/30 12:38:01 INFO Utils: Successfully started service 'sparkDriver' on port 37157.
[2024-01-30T12:38:01.632+0000] {spark_submit.py:571} INFO - 24/01/30 12:38:01 INFO SparkEnv: Registering MapOutputTracker
[2024-01-30T12:38:01.700+0000] {spark_submit.py:571} INFO - 24/01/30 12:38:01 INFO SparkEnv: Registering BlockManagerMaster
[2024-01-30T12:38:01.731+0000] {spark_submit.py:571} INFO - 24/01/30 12:38:01 INFO BlockManagerMasterEndpoint: Using org.apache.spark.storage.DefaultTopologyMapper for getting topology information
[2024-01-30T12:38:01.734+0000] {spark_submit.py:571} INFO - 24/01/30 12:38:01 INFO BlockManagerMasterEndpoint: BlockManagerMasterEndpoint up
[2024-01-30T12:38:01.740+0000] {spark_submit.py:571} INFO - 24/01/30 12:38:01 INFO SparkEnv: Registering BlockManagerMasterHeartbeat
[2024-01-30T12:38:01.765+0000] {spark_submit.py:571} INFO - 24/01/30 12:38:01 INFO DiskBlockManager: Created local directory at /tmp/blockmgr-3f1414df-017d-4be8-9d8b-42ad9bc92b62
[2024-01-30T12:38:01.798+0000] {spark_submit.py:571} INFO - 24/01/30 12:38:01 INFO MemoryStore: MemoryStore started with capacity 434.4 MiB
[2024-01-30T12:38:01.822+0000] {spark_submit.py:571} INFO - 24/01/30 12:38:01 INFO SparkEnv: Registering OutputCommitCoordinator
[2024-01-30T12:38:02.078+0000] {spark_submit.py:571} INFO - 24/01/30 12:38:02 INFO JettyUtils: Start Jetty 0.0.0.0:4040 for SparkUI
[2024-01-30T12:38:02.191+0000] {spark_submit.py:571} INFO - 24/01/30 12:38:02 INFO Utils: Successfully started service 'SparkUI' on port 4040.
[2024-01-30T12:38:02.268+0000] {spark_submit.py:571} INFO - 24/01/30 12:38:02 INFO SparkContext: Added JAR file:/home/juniortemgoua0/DataLake/jobs/processes/scala/spark_process/target/scala-2.12/spark_job_2.12-0.1.0.jar at spark://instance-1.europe-west9-a.c.data-lake-project-409321.internal:37157/jars/spark_job_2.12-0.1.0.jar with timestamp 1706618280687
[2024-01-30T12:38:02.402+0000] {spark_submit.py:571} INFO - 24/01/30 12:38:02 INFO Executor: Starting executor ID driver on host instance-1.europe-west9-a.c.data-lake-project-409321.internal
[2024-01-30T12:38:02.403+0000] {spark_submit.py:571} INFO - 24/01/30 12:38:02 INFO Executor: OS info Linux, 5.15.0-1049-gcp, amd64
[2024-01-30T12:38:02.405+0000] {spark_submit.py:571} INFO - 24/01/30 12:38:02 INFO Executor: Java version 17.0.9
[2024-01-30T12:38:02.461+0000] {spark_submit.py:571} INFO - 24/01/30 12:38:02 INFO Executor: Starting executor with user classpath (userClassPathFirst = false): ''
[2024-01-30T12:38:02.463+0000] {spark_submit.py:571} INFO - 24/01/30 12:38:02 INFO Executor: Created or updated repl class loader org.apache.spark.util.MutableURLClassLoader@6ed043d3 for default.
[2024-01-30T12:38:02.488+0000] {spark_submit.py:571} INFO - 24/01/30 12:38:02 INFO Executor: Fetching spark://instance-1.europe-west9-a.c.data-lake-project-409321.internal:37157/jars/spark_job_2.12-0.1.0.jar with timestamp 1706618280687
[2024-01-30T12:38:02.643+0000] {spark_submit.py:571} INFO - 24/01/30 12:38:02 INFO TransportClientFactory: Successfully created connection to instance-1.europe-west9-a.c.data-lake-project-409321.internal/10.200.0.5:37157 after 55 ms (0 ms spent in bootstraps)
[2024-01-30T12:38:02.658+0000] {spark_submit.py:571} INFO - 24/01/30 12:38:02 INFO Utils: Fetching spark://instance-1.europe-west9-a.c.data-lake-project-409321.internal:37157/jars/spark_job_2.12-0.1.0.jar to /tmp/spark-413ca643-081d-48b0-9371-0b3ef32ad7c8/userFiles-441bf4f2-56cc-4fc9-ac4d-97bccb847109/fetchFileTemp17255129104241479776.tmp
[2024-01-30T12:38:02.725+0000] {spark_submit.py:571} INFO - 24/01/30 12:38:02 INFO Executor: Adding file:/tmp/spark-413ca643-081d-48b0-9371-0b3ef32ad7c8/userFiles-441bf4f2-56cc-4fc9-ac4d-97bccb847109/spark_job_2.12-0.1.0.jar to class loader default
[2024-01-30T12:38:02.741+0000] {spark_submit.py:571} INFO - 24/01/30 12:38:02 INFO Utils: Successfully started service 'org.apache.spark.network.netty.NettyBlockTransferService' on port 35959.
[2024-01-30T12:38:02.741+0000] {spark_submit.py:571} INFO - 24/01/30 12:38:02 INFO NettyBlockTransferService: Server created on instance-1.europe-west9-a.c.data-lake-project-409321.internal:35959
[2024-01-30T12:38:02.744+0000] {spark_submit.py:571} INFO - 24/01/30 12:38:02 INFO BlockManager: Using org.apache.spark.storage.RandomBlockReplicationPolicy for block replication policy
[2024-01-30T12:38:02.757+0000] {spark_submit.py:571} INFO - 24/01/30 12:38:02 INFO BlockManagerMaster: Registering BlockManager BlockManagerId(driver, instance-1.europe-west9-a.c.data-lake-project-409321.internal, 35959, None)
[2024-01-30T12:38:02.763+0000] {spark_submit.py:571} INFO - 24/01/30 12:38:02 INFO BlockManagerMasterEndpoint: Registering block manager instance-1.europe-west9-a.c.data-lake-project-409321.internal:35959 with 434.4 MiB RAM, BlockManagerId(driver, instance-1.europe-west9-a.c.data-lake-project-409321.internal, 35959, None)
[2024-01-30T12:38:02.767+0000] {spark_submit.py:571} INFO - 24/01/30 12:38:02 INFO BlockManagerMaster: Registered BlockManager BlockManagerId(driver, instance-1.europe-west9-a.c.data-lake-project-409321.internal, 35959, None)
[2024-01-30T12:38:02.769+0000] {spark_submit.py:571} INFO - 24/01/30 12:38:02 INFO BlockManager: Initialized BlockManager: BlockManagerId(driver, instance-1.europe-west9-a.c.data-lake-project-409321.internal, 35959, None)
[2024-01-30T12:38:04.107+0000] {spark_submit.py:571} INFO - 24/01/30 12:38:04 INFO SharedState: Setting hive.metastore.warehouse.dir ('null') to the value of spark.sql.warehouse.dir.
[2024-01-30T12:38:04.119+0000] {spark_submit.py:571} INFO - 24/01/30 12:38:04 INFO SharedState: Warehouse path is 'file:/home/juniortemgoua0/DataLake/spark-warehouse'.
[2024-01-30T12:38:05.752+0000] {spark_submit.py:571} INFO - ************************************************
[2024-01-30T12:38:05.753+0000] {spark_submit.py:571} INFO - Date d'exécution  : 2024-01-02
[2024-01-30T12:38:05.753+0000] {spark_submit.py:571} INFO - ************************************************
[2024-01-30T12:38:07.576+0000] {spark_submit.py:571} INFO - Exception in thread "main" org.apache.spark.sql.AnalysisException: [PATH_NOT_FOUND] Path does not exist: hdfs://localhost:9000/data-lake/raw/football_data/competitions/2024-01-02/*.json.
[2024-01-30T12:38:07.576+0000] {spark_submit.py:571} INFO - at org.apache.spark.sql.errors.QueryCompilationErrors$.dataPathNotExistError(QueryCompilationErrors.scala:1500)
[2024-01-30T12:38:07.577+0000] {spark_submit.py:571} INFO - at org.apache.spark.sql.execution.datasources.DataSource$.$anonfun$checkAndGlobPathIfNecessary$3(DataSource.scala:743)
[2024-01-30T12:38:07.577+0000] {spark_submit.py:571} INFO - at org.apache.spark.util.ThreadUtils$.$anonfun$parmap$2(ThreadUtils.scala:380)
[2024-01-30T12:38:07.577+0000] {spark_submit.py:571} INFO - at scala.concurrent.Future$.$anonfun$apply$1(Future.scala:659)
[2024-01-30T12:38:07.577+0000] {spark_submit.py:571} INFO - at scala.util.Success.$anonfun$map$1(Try.scala:255)
[2024-01-30T12:38:07.578+0000] {spark_submit.py:571} INFO - at scala.util.Success.map(Try.scala:213)
[2024-01-30T12:38:07.586+0000] {spark_submit.py:571} INFO - at scala.concurrent.Future.$anonfun$map$1(Future.scala:292)
[2024-01-30T12:38:07.587+0000] {spark_submit.py:571} INFO - at scala.concurrent.impl.Promise.liftedTree1$1(Promise.scala:33)
[2024-01-30T12:38:07.587+0000] {spark_submit.py:571} INFO - at scala.concurrent.impl.Promise.$anonfun$transform$1(Promise.scala:33)
[2024-01-30T12:38:07.587+0000] {spark_submit.py:571} INFO - at scala.concurrent.impl.CallbackRunnable.run(Promise.scala:64)
[2024-01-30T12:38:07.587+0000] {spark_submit.py:571} INFO - at java.base/java.util.concurrent.ForkJoinTask$RunnableExecuteAction.exec(ForkJoinTask.java:1395)
[2024-01-30T12:38:07.588+0000] {spark_submit.py:571} INFO - at java.base/java.util.concurrent.ForkJoinTask.doExec(ForkJoinTask.java:373)
[2024-01-30T12:38:07.588+0000] {spark_submit.py:571} INFO - at java.base/java.util.concurrent.ForkJoinPool$WorkQueue.topLevelExec(ForkJoinPool.java:1182)
[2024-01-30T12:38:07.589+0000] {spark_submit.py:571} INFO - at java.base/java.util.concurrent.ForkJoinPool.scan(ForkJoinPool.java:1655)
[2024-01-30T12:38:07.589+0000] {spark_submit.py:571} INFO - at java.base/java.util.concurrent.ForkJoinPool.runWorker(ForkJoinPool.java:1622)
[2024-01-30T12:38:07.589+0000] {spark_submit.py:571} INFO - at java.base/java.util.concurrent.ForkJoinWorkerThread.run(ForkJoinWorkerThread.java:165)
[2024-01-30T12:38:07.655+0000] {spark_submit.py:571} INFO - 24/01/30 12:38:07 INFO SparkContext: Invoking stop() from shutdown hook
[2024-01-30T12:38:07.656+0000] {spark_submit.py:571} INFO - 24/01/30 12:38:07 INFO SparkContext: SparkContext is stopping with exitCode 0.
[2024-01-30T12:38:07.681+0000] {spark_submit.py:571} INFO - 24/01/30 12:38:07 INFO SparkUI: Stopped Spark web UI at http://instance-1.europe-west9-a.c.data-lake-project-409321.internal:4040
[2024-01-30T12:38:07.733+0000] {spark_submit.py:571} INFO - 24/01/30 12:38:07 INFO MapOutputTrackerMasterEndpoint: MapOutputTrackerMasterEndpoint stopped!
[2024-01-30T12:38:07.759+0000] {spark_submit.py:571} INFO - 24/01/30 12:38:07 INFO MemoryStore: MemoryStore cleared
[2024-01-30T12:38:07.759+0000] {spark_submit.py:571} INFO - 24/01/30 12:38:07 INFO BlockManager: BlockManager stopped
[2024-01-30T12:38:07.776+0000] {spark_submit.py:571} INFO - 24/01/30 12:38:07 INFO BlockManagerMaster: BlockManagerMaster stopped
[2024-01-30T12:38:07.781+0000] {spark_submit.py:571} INFO - 24/01/30 12:38:07 INFO OutputCommitCoordinator$OutputCommitCoordinatorEndpoint: OutputCommitCoordinator stopped!
[2024-01-30T12:38:07.796+0000] {spark_submit.py:571} INFO - 24/01/30 12:38:07 INFO SparkContext: Successfully stopped SparkContext
[2024-01-30T12:38:07.797+0000] {spark_submit.py:571} INFO - 24/01/30 12:38:07 INFO ShutdownHookManager: Shutdown hook called
[2024-01-30T12:38:07.799+0000] {spark_submit.py:571} INFO - 24/01/30 12:38:07 INFO ShutdownHookManager: Deleting directory /tmp/spark-413ca643-081d-48b0-9371-0b3ef32ad7c8
[2024-01-30T12:38:07.805+0000] {spark_submit.py:571} INFO - 24/01/30 12:38:07 INFO ShutdownHookManager: Deleting directory /tmp/spark-c285a700-6a7b-461c-b335-632f28835085
[2024-01-30T12:38:07.868+0000] {taskinstance.py:2698} ERROR - Task failed with exception
Traceback (most recent call last):
  File "/home/juniortemgoua0/DataLake/venv/lib/python3.8/site-packages/airflow/models/taskinstance.py", line 433, in _execute_task
    result = execute_callable(context=context, **execute_callable_kwargs)
  File "/home/juniortemgoua0/DataLake/venv/lib/python3.8/site-packages/airflow/providers/apache/spark/operators/spark_submit.py", line 174, in execute
    self._hook.submit(self._application)
  File "/home/juniortemgoua0/DataLake/venv/lib/python3.8/site-packages/airflow/providers/apache/spark/hooks/spark_submit.py", line 502, in submit
    raise AirflowException(
airflow.exceptions.AirflowException: Cannot execute: spark-submit --master local[*] --conf spark.airflow.execution_date=2024-01-02 --name arrow-spark --class RawToFormatted --queue root.default --deploy-mode client /home/juniortemgoua0/DataLake/jobs/processes/scala/spark_process/target/scala-2.12/spark_job_2.12-0.1.0.jar hdfs://localhost:9000/data-lake. Error code is: 1.
[2024-01-30T12:38:07.872+0000] {taskinstance.py:1138} INFO - Marking task as UP_FOR_RETRY. dag_id=manage_data_lake_dag, task_id=local_job_raw_to_formatted, execution_date=20240102T000000, start_date=20240130T123757, end_date=20240130T123807
[2024-01-30T12:38:07.892+0000] {standard_task_runner.py:107} ERROR - Failed to execute job 200 for task local_job_raw_to_formatted (Cannot execute: spark-submit --master local[*] --conf spark.airflow.execution_date=2024-01-02 --name arrow-spark --class RawToFormatted --queue root.default --deploy-mode client /home/juniortemgoua0/DataLake/jobs/processes/scala/spark_process/target/scala-2.12/spark_job_2.12-0.1.0.jar hdfs://localhost:9000/data-lake. Error code is: 1.; 27282)
[2024-01-30T12:38:07.925+0000] {local_task_job_runner.py:234} INFO - Task exited with return code 1
[2024-01-30T12:38:07.944+0000] {taskinstance.py:3280} INFO - 0 downstream tasks scheduled from follow-on schedule check
