[2024-01-30T02:46:38.033+0000] {taskinstance.py:1956} INFO - Dependencies all met for dep_context=non-requeueable deps ti=<TaskInstance: manage_data_lake_dag.local_job_raw_to_formatted scheduled__2024-01-02T00:00:00+00:00 [queued]>
[2024-01-30T02:46:38.039+0000] {taskinstance.py:1956} INFO - Dependencies all met for dep_context=requeueable deps ti=<TaskInstance: manage_data_lake_dag.local_job_raw_to_formatted scheduled__2024-01-02T00:00:00+00:00 [queued]>
[2024-01-30T02:46:38.039+0000] {taskinstance.py:2170} INFO - Starting attempt 2 of 6
[2024-01-30T02:46:38.053+0000] {taskinstance.py:2191} INFO - Executing <Task(SparkSubmitOperator): local_job_raw_to_formatted> on 2024-01-02 00:00:00+00:00
[2024-01-30T02:46:38.057+0000] {standard_task_runner.py:60} INFO - Started process 14906 to run task
[2024-01-30T02:46:38.063+0000] {standard_task_runner.py:87} INFO - Running: ['airflow', 'tasks', 'run', 'manage_data_lake_dag', 'local_job_raw_to_formatted', 'scheduled__2024-01-02T00:00:00+00:00', '--job-id', '139', '--raw', '--subdir', 'DAGS_FOLDER/data_lake_dag.py', '--cfg-path', '/tmp/tmpss_p646m']
[2024-01-30T02:46:38.065+0000] {standard_task_runner.py:88} INFO - Job 139: Subtask local_job_raw_to_formatted
[2024-01-30T02:46:38.105+0000] {task_command.py:423} INFO - Running <TaskInstance: manage_data_lake_dag.local_job_raw_to_formatted scheduled__2024-01-02T00:00:00+00:00 [running]> on host instance-1.europe-west9-a.c.data-lake-project-409321.internal
[2024-01-30T02:46:38.166+0000] {taskinstance.py:2480} INFO - Exporting env vars: AIRFLOW_CTX_DAG_OWNER='juniortemgoua0' AIRFLOW_CTX_DAG_ID='manage_data_lake_dag' AIRFLOW_CTX_TASK_ID='local_job_raw_to_formatted' AIRFLOW_CTX_EXECUTION_DATE='2024-01-02T00:00:00+00:00' AIRFLOW_CTX_TRY_NUMBER='2' AIRFLOW_CTX_DAG_RUN_ID='scheduled__2024-01-02T00:00:00+00:00'
[2024-01-30T02:46:38.172+0000] {base.py:83} INFO - Using connection ID 'spark_default' for task execution.
[2024-01-30T02:46:38.173+0000] {spark_submit.py:401} INFO - Spark-Submit cmd: spark-submit --master local[*] --conf spark.airflow.execution_date=2024-01-02 --name arrow-spark --class RawToFormatted --queue root.default --deploy-mode client /home/juniortemgoua0/DataLake/jobs/processes/scala/spark_process/target/scala-2.12/spark_job_2.12-0.1.0.jar hdfs://localhost:9000/data-lake
[2024-01-30T02:46:40.880+0000] {spark_submit.py:571} INFO - 24/01/30 02:46:40 INFO SparkContext: Running Spark version 3.5.0
[2024-01-30T02:46:40.884+0000] {spark_submit.py:571} INFO - 24/01/30 02:46:40 INFO SparkContext: OS info Linux, 5.15.0-1049-gcp, amd64
[2024-01-30T02:46:40.884+0000] {spark_submit.py:571} INFO - 24/01/30 02:46:40 INFO SparkContext: Java version 17.0.9
[2024-01-30T02:46:40.979+0000] {spark_submit.py:571} INFO - 24/01/30 02:46:40 WARN NativeCodeLoader: Unable to load native-hadoop library for your platform... using builtin-java classes where applicable
[2024-01-30T02:46:41.163+0000] {spark_submit.py:571} INFO - 24/01/30 02:46:41 INFO ResourceUtils: ==============================================================
[2024-01-30T02:46:41.165+0000] {spark_submit.py:571} INFO - 24/01/30 02:46:41 INFO ResourceUtils: No custom resources configured for spark.driver.
[2024-01-30T02:46:41.166+0000] {spark_submit.py:571} INFO - 24/01/30 02:46:41 INFO ResourceUtils: ==============================================================
[2024-01-30T02:46:41.168+0000] {spark_submit.py:571} INFO - 24/01/30 02:46:41 INFO SparkContext: Submitted application: RawToFormatted
[2024-01-30T02:46:41.215+0000] {spark_submit.py:571} INFO - 24/01/30 02:46:41 INFO ResourceProfile: Default ResourceProfile created, executor resources: Map(cores -> name: cores, amount: 1, script: , vendor: , memory -> name: memory, amount: 1024, script: , vendor: , offHeap -> name: offHeap, amount: 0, script: , vendor: ), task resources: Map(cpus -> name: cpus, amount: 1.0)
[2024-01-30T02:46:41.228+0000] {spark_submit.py:571} INFO - 24/01/30 02:46:41 INFO ResourceProfile: Limiting resource is cpu
[2024-01-30T02:46:41.229+0000] {spark_submit.py:571} INFO - 24/01/30 02:46:41 INFO ResourceProfileManager: Added ResourceProfile id: 0
[2024-01-30T02:46:41.340+0000] {spark_submit.py:571} INFO - 24/01/30 02:46:41 INFO SecurityManager: Changing view acls to: juniortemgoua0
[2024-01-30T02:46:41.341+0000] {spark_submit.py:571} INFO - 24/01/30 02:46:41 INFO SecurityManager: Changing modify acls to: juniortemgoua0
[2024-01-30T02:46:41.342+0000] {spark_submit.py:571} INFO - 24/01/30 02:46:41 INFO SecurityManager: Changing view acls groups to:
[2024-01-30T02:46:41.343+0000] {spark_submit.py:571} INFO - 24/01/30 02:46:41 INFO SecurityManager: Changing modify acls groups to:
[2024-01-30T02:46:41.345+0000] {spark_submit.py:571} INFO - 24/01/30 02:46:41 INFO SecurityManager: SecurityManager: authentication disabled; ui acls disabled; users with view permissions: juniortemgoua0; groups with view permissions: EMPTY; users with modify permissions: juniortemgoua0; groups with modify permissions: EMPTY
[2024-01-30T02:46:41.732+0000] {spark_submit.py:571} INFO - 24/01/30 02:46:41 INFO Utils: Successfully started service 'sparkDriver' on port 38009.
[2024-01-30T02:46:41.777+0000] {spark_submit.py:571} INFO - 24/01/30 02:46:41 INFO SparkEnv: Registering MapOutputTracker
[2024-01-30T02:46:41.828+0000] {spark_submit.py:571} INFO - 24/01/30 02:46:41 INFO SparkEnv: Registering BlockManagerMaster
[2024-01-30T02:46:41.853+0000] {spark_submit.py:571} INFO - 24/01/30 02:46:41 INFO BlockManagerMasterEndpoint: Using org.apache.spark.storage.DefaultTopologyMapper for getting topology information
[2024-01-30T02:46:41.854+0000] {spark_submit.py:571} INFO - 24/01/30 02:46:41 INFO BlockManagerMasterEndpoint: BlockManagerMasterEndpoint up
[2024-01-30T02:46:41.860+0000] {spark_submit.py:571} INFO - 24/01/30 02:46:41 INFO SparkEnv: Registering BlockManagerMasterHeartbeat
[2024-01-30T02:46:41.880+0000] {spark_submit.py:571} INFO - 24/01/30 02:46:41 INFO DiskBlockManager: Created local directory at /tmp/blockmgr-2d7e3523-fc2b-41e5-b337-75072c8ab627
[2024-01-30T02:46:41.903+0000] {spark_submit.py:571} INFO - 24/01/30 02:46:41 INFO MemoryStore: MemoryStore started with capacity 434.4 MiB
[2024-01-30T02:46:41.922+0000] {spark_submit.py:571} INFO - 24/01/30 02:46:41 INFO SparkEnv: Registering OutputCommitCoordinator
[2024-01-30T02:46:42.138+0000] {spark_submit.py:571} INFO - 24/01/30 02:46:42 INFO JettyUtils: Start Jetty 0.0.0.0:4040 for SparkUI
[2024-01-30T02:46:42.225+0000] {spark_submit.py:571} INFO - 24/01/30 02:46:42 INFO Utils: Successfully started service 'SparkUI' on port 4040.
[2024-01-30T02:46:42.308+0000] {spark_submit.py:571} INFO - 24/01/30 02:46:42 INFO SparkContext: Added JAR file:/home/juniortemgoua0/DataLake/jobs/processes/scala/spark_process/target/scala-2.12/spark_job_2.12-0.1.0.jar at spark://instance-1.europe-west9-a.c.data-lake-project-409321.internal:38009/jars/spark_job_2.12-0.1.0.jar with timestamp 1706582800867
[2024-01-30T02:46:42.424+0000] {spark_submit.py:571} INFO - 24/01/30 02:46:42 INFO Executor: Starting executor ID driver on host instance-1.europe-west9-a.c.data-lake-project-409321.internal
[2024-01-30T02:46:42.426+0000] {spark_submit.py:571} INFO - 24/01/30 02:46:42 INFO Executor: OS info Linux, 5.15.0-1049-gcp, amd64
[2024-01-30T02:46:42.428+0000] {spark_submit.py:571} INFO - 24/01/30 02:46:42 INFO Executor: Java version 17.0.9
[2024-01-30T02:46:42.441+0000] {spark_submit.py:571} INFO - 24/01/30 02:46:42 INFO Executor: Starting executor with user classpath (userClassPathFirst = false): ''
[2024-01-30T02:46:42.442+0000] {spark_submit.py:571} INFO - 24/01/30 02:46:42 INFO Executor: Created or updated repl class loader org.apache.spark.util.MutableURLClassLoader@135a8c6f for default.
[2024-01-30T02:46:42.470+0000] {spark_submit.py:571} INFO - 24/01/30 02:46:42 INFO Executor: Fetching spark://instance-1.europe-west9-a.c.data-lake-project-409321.internal:38009/jars/spark_job_2.12-0.1.0.jar with timestamp 1706582800867
[2024-01-30T02:46:42.593+0000] {spark_submit.py:571} INFO - 24/01/30 02:46:42 INFO TransportClientFactory: Successfully created connection to instance-1.europe-west9-a.c.data-lake-project-409321.internal/10.200.0.5:38009 after 76 ms (0 ms spent in bootstraps)
[2024-01-30T02:46:42.606+0000] {spark_submit.py:571} INFO - 24/01/30 02:46:42 INFO Utils: Fetching spark://instance-1.europe-west9-a.c.data-lake-project-409321.internal:38009/jars/spark_job_2.12-0.1.0.jar to /tmp/spark-c5590844-f46b-4c99-8b7e-9c5ffaf9d824/userFiles-6d2d6dbc-65bb-4a26-abeb-0329c7f0de55/fetchFileTemp17990487517086800383.tmp
[2024-01-30T02:46:42.656+0000] {spark_submit.py:571} INFO - 24/01/30 02:46:42 INFO Executor: Adding file:/tmp/spark-c5590844-f46b-4c99-8b7e-9c5ffaf9d824/userFiles-6d2d6dbc-65bb-4a26-abeb-0329c7f0de55/spark_job_2.12-0.1.0.jar to class loader default
[2024-01-30T02:46:42.667+0000] {spark_submit.py:571} INFO - 24/01/30 02:46:42 INFO Utils: Successfully started service 'org.apache.spark.network.netty.NettyBlockTransferService' on port 42679.
[2024-01-30T02:46:42.667+0000] {spark_submit.py:571} INFO - 24/01/30 02:46:42 INFO NettyBlockTransferService: Server created on instance-1.europe-west9-a.c.data-lake-project-409321.internal:42679
[2024-01-30T02:46:42.670+0000] {spark_submit.py:571} INFO - 24/01/30 02:46:42 INFO BlockManager: Using org.apache.spark.storage.RandomBlockReplicationPolicy for block replication policy
[2024-01-30T02:46:42.688+0000] {spark_submit.py:571} INFO - 24/01/30 02:46:42 INFO BlockManagerMaster: Registering BlockManager BlockManagerId(driver, instance-1.europe-west9-a.c.data-lake-project-409321.internal, 42679, None)
[2024-01-30T02:46:42.694+0000] {spark_submit.py:571} INFO - 24/01/30 02:46:42 INFO BlockManagerMasterEndpoint: Registering block manager instance-1.europe-west9-a.c.data-lake-project-409321.internal:42679 with 434.4 MiB RAM, BlockManagerId(driver, instance-1.europe-west9-a.c.data-lake-project-409321.internal, 42679, None)
[2024-01-30T02:46:42.697+0000] {spark_submit.py:571} INFO - 24/01/30 02:46:42 INFO BlockManagerMaster: Registered BlockManager BlockManagerId(driver, instance-1.europe-west9-a.c.data-lake-project-409321.internal, 42679, None)
[2024-01-30T02:46:42.700+0000] {spark_submit.py:571} INFO - 24/01/30 02:46:42 INFO BlockManager: Initialized BlockManager: BlockManagerId(driver, instance-1.europe-west9-a.c.data-lake-project-409321.internal, 42679, None)
[2024-01-30T02:46:43.789+0000] {spark_submit.py:571} INFO - 24/01/30 02:46:43 INFO SharedState: Setting hive.metastore.warehouse.dir ('null') to the value of spark.sql.warehouse.dir.
[2024-01-30T02:46:43.799+0000] {spark_submit.py:571} INFO - 24/01/30 02:46:43 INFO SharedState: Warehouse path is 'file:/home/juniortemgoua0/DataLake/spark-warehouse'.
[2024-01-30T02:46:44.914+0000] {spark_submit.py:571} INFO - ************************************************
[2024-01-30T02:46:44.915+0000] {spark_submit.py:571} INFO - Date d'exécution  : 2024-01-02
[2024-01-30T02:46:44.915+0000] {spark_submit.py:571} INFO - ************************************************
[2024-01-30T02:46:46.056+0000] {spark_submit.py:571} INFO - Exception in thread "main" org.apache.spark.sql.AnalysisException: [PATH_NOT_FOUND] Path does not exist: hdfs://localhost:9000/data-lake/raw/football_data/competitions/2024-01-02/*.json.
[2024-01-30T02:46:46.056+0000] {spark_submit.py:571} INFO - at org.apache.spark.sql.errors.QueryCompilationErrors$.dataPathNotExistError(QueryCompilationErrors.scala:1500)
[2024-01-30T02:46:46.056+0000] {spark_submit.py:571} INFO - at org.apache.spark.sql.execution.datasources.DataSource$.$anonfun$checkAndGlobPathIfNecessary$3(DataSource.scala:743)
[2024-01-30T02:46:46.057+0000] {spark_submit.py:571} INFO - at org.apache.spark.util.ThreadUtils$.$anonfun$parmap$2(ThreadUtils.scala:380)
[2024-01-30T02:46:46.057+0000] {spark_submit.py:571} INFO - at scala.concurrent.Future$.$anonfun$apply$1(Future.scala:659)
[2024-01-30T02:46:46.057+0000] {spark_submit.py:571} INFO - at scala.util.Success.$anonfun$map$1(Try.scala:255)
[2024-01-30T02:46:46.057+0000] {spark_submit.py:571} INFO - at scala.util.Success.map(Try.scala:213)
[2024-01-30T02:46:46.057+0000] {spark_submit.py:571} INFO - at scala.concurrent.Future.$anonfun$map$1(Future.scala:292)
[2024-01-30T02:46:46.057+0000] {spark_submit.py:571} INFO - at scala.concurrent.impl.Promise.liftedTree1$1(Promise.scala:33)
[2024-01-30T02:46:46.058+0000] {spark_submit.py:571} INFO - at scala.concurrent.impl.Promise.$anonfun$transform$1(Promise.scala:33)
[2024-01-30T02:46:46.058+0000] {spark_submit.py:571} INFO - at scala.concurrent.impl.CallbackRunnable.run(Promise.scala:64)
[2024-01-30T02:46:46.058+0000] {spark_submit.py:571} INFO - at java.base/java.util.concurrent.ForkJoinTask$RunnableExecuteAction.exec(ForkJoinTask.java:1395)
[2024-01-30T02:46:46.058+0000] {spark_submit.py:571} INFO - at java.base/java.util.concurrent.ForkJoinTask.doExec(ForkJoinTask.java:373)
[2024-01-30T02:46:46.058+0000] {spark_submit.py:571} INFO - at java.base/java.util.concurrent.ForkJoinPool$WorkQueue.topLevelExec(ForkJoinPool.java:1182)
[2024-01-30T02:46:46.059+0000] {spark_submit.py:571} INFO - at java.base/java.util.concurrent.ForkJoinPool.scan(ForkJoinPool.java:1655)
[2024-01-30T02:46:46.059+0000] {spark_submit.py:571} INFO - at java.base/java.util.concurrent.ForkJoinPool.runWorker(ForkJoinPool.java:1622)
[2024-01-30T02:46:46.059+0000] {spark_submit.py:571} INFO - at java.base/java.util.concurrent.ForkJoinWorkerThread.run(ForkJoinWorkerThread.java:165)
[2024-01-30T02:46:46.062+0000] {spark_submit.py:571} INFO - 24/01/30 02:46:46 INFO SparkContext: Invoking stop() from shutdown hook
[2024-01-30T02:46:46.062+0000] {spark_submit.py:571} INFO - 24/01/30 02:46:46 INFO SparkContext: SparkContext is stopping with exitCode 0.
[2024-01-30T02:46:46.074+0000] {spark_submit.py:571} INFO - 24/01/30 02:46:46 INFO SparkUI: Stopped Spark web UI at http://instance-1.europe-west9-a.c.data-lake-project-409321.internal:4040
[2024-01-30T02:46:46.094+0000] {spark_submit.py:571} INFO - 24/01/30 02:46:46 INFO MapOutputTrackerMasterEndpoint: MapOutputTrackerMasterEndpoint stopped!
[2024-01-30T02:46:46.109+0000] {spark_submit.py:571} INFO - 24/01/30 02:46:46 INFO MemoryStore: MemoryStore cleared
[2024-01-30T02:46:46.110+0000] {spark_submit.py:571} INFO - 24/01/30 02:46:46 INFO BlockManager: BlockManager stopped
[2024-01-30T02:46:46.117+0000] {spark_submit.py:571} INFO - 24/01/30 02:46:46 INFO BlockManagerMaster: BlockManagerMaster stopped
[2024-01-30T02:46:46.123+0000] {spark_submit.py:571} INFO - 24/01/30 02:46:46 INFO OutputCommitCoordinator$OutputCommitCoordinatorEndpoint: OutputCommitCoordinator stopped!
[2024-01-30T02:46:46.174+0000] {spark_submit.py:571} INFO - 24/01/30 02:46:46 INFO SparkContext: Successfully stopped SparkContext
[2024-01-30T02:46:46.174+0000] {spark_submit.py:571} INFO - 24/01/30 02:46:46 INFO ShutdownHookManager: Shutdown hook called
[2024-01-30T02:46:46.175+0000] {spark_submit.py:571} INFO - 24/01/30 02:46:46 INFO ShutdownHookManager: Deleting directory /tmp/spark-c5590844-f46b-4c99-8b7e-9c5ffaf9d824
[2024-01-30T02:46:46.186+0000] {spark_submit.py:571} INFO - 24/01/30 02:46:46 INFO ShutdownHookManager: Deleting directory /tmp/spark-b511b184-47ef-4275-b1a8-1fd3c1f74efb
[2024-01-30T02:46:46.259+0000] {taskinstance.py:2698} ERROR - Task failed with exception
Traceback (most recent call last):
  File "/home/juniortemgoua0/DataLake/venv/lib/python3.8/site-packages/airflow/models/taskinstance.py", line 433, in _execute_task
    result = execute_callable(context=context, **execute_callable_kwargs)
  File "/home/juniortemgoua0/DataLake/venv/lib/python3.8/site-packages/airflow/providers/apache/spark/operators/spark_submit.py", line 174, in execute
    self._hook.submit(self._application)
  File "/home/juniortemgoua0/DataLake/venv/lib/python3.8/site-packages/airflow/providers/apache/spark/hooks/spark_submit.py", line 502, in submit
    raise AirflowException(
airflow.exceptions.AirflowException: Cannot execute: spark-submit --master local[*] --conf spark.airflow.execution_date=2024-01-02 --name arrow-spark --class RawToFormatted --queue root.default --deploy-mode client /home/juniortemgoua0/DataLake/jobs/processes/scala/spark_process/target/scala-2.12/spark_job_2.12-0.1.0.jar hdfs://localhost:9000/data-lake. Error code is: 1.
[2024-01-30T02:46:46.262+0000] {taskinstance.py:1138} INFO - Marking task as UP_FOR_RETRY. dag_id=manage_data_lake_dag, task_id=local_job_raw_to_formatted, execution_date=20240102T000000, start_date=20240130T024638, end_date=20240130T024646
[2024-01-30T02:46:46.274+0000] {standard_task_runner.py:107} ERROR - Failed to execute job 139 for task local_job_raw_to_formatted (Cannot execute: spark-submit --master local[*] --conf spark.airflow.execution_date=2024-01-02 --name arrow-spark --class RawToFormatted --queue root.default --deploy-mode client /home/juniortemgoua0/DataLake/jobs/processes/scala/spark_process/target/scala-2.12/spark_job_2.12-0.1.0.jar hdfs://localhost:9000/data-lake. Error code is: 1.; 14906)
[2024-01-30T02:46:46.281+0000] {local_task_job_runner.py:234} INFO - Task exited with return code 1
[2024-01-30T02:46:46.297+0000] {taskinstance.py:3280} INFO - 0 downstream tasks scheduled from follow-on schedule check
[2024-01-30T03:21:16.382+0000] {taskinstance.py:1956} INFO - Dependencies all met for dep_context=non-requeueable deps ti=<TaskInstance: manage_data_lake_dag.local_job_raw_to_formatted scheduled__2024-01-02T00:00:00+00:00 [queued]>
[2024-01-30T03:21:16.389+0000] {taskinstance.py:1956} INFO - Dependencies all met for dep_context=requeueable deps ti=<TaskInstance: manage_data_lake_dag.local_job_raw_to_formatted scheduled__2024-01-02T00:00:00+00:00 [queued]>
[2024-01-30T03:21:16.390+0000] {taskinstance.py:2170} INFO - Starting attempt 2 of 6
[2024-01-30T03:21:16.402+0000] {taskinstance.py:2191} INFO - Executing <Task(SparkSubmitOperator): local_job_raw_to_formatted> on 2024-01-02 00:00:00+00:00
[2024-01-30T03:21:16.408+0000] {standard_task_runner.py:60} INFO - Started process 27341 to run task
[2024-01-30T03:21:16.413+0000] {standard_task_runner.py:87} INFO - Running: ['airflow', 'tasks', 'run', 'manage_data_lake_dag', 'local_job_raw_to_formatted', 'scheduled__2024-01-02T00:00:00+00:00', '--job-id', '173', '--raw', '--subdir', 'DAGS_FOLDER/data_lake_dag.py', '--cfg-path', '/tmp/tmpt4jkxc1i']
[2024-01-30T03:21:16.416+0000] {standard_task_runner.py:88} INFO - Job 173: Subtask local_job_raw_to_formatted
[2024-01-30T03:21:16.463+0000] {task_command.py:423} INFO - Running <TaskInstance: manage_data_lake_dag.local_job_raw_to_formatted scheduled__2024-01-02T00:00:00+00:00 [running]> on host instance-1.europe-west9-a.c.data-lake-project-409321.internal
[2024-01-30T03:21:16.514+0000] {taskinstance.py:2480} INFO - Exporting env vars: AIRFLOW_CTX_DAG_OWNER='juniortemgoua0' AIRFLOW_CTX_DAG_ID='manage_data_lake_dag' AIRFLOW_CTX_TASK_ID='local_job_raw_to_formatted' AIRFLOW_CTX_EXECUTION_DATE='2024-01-02T00:00:00+00:00' AIRFLOW_CTX_TRY_NUMBER='2' AIRFLOW_CTX_DAG_RUN_ID='scheduled__2024-01-02T00:00:00+00:00'
[2024-01-30T03:21:16.521+0000] {base.py:83} INFO - Using connection ID 'spark_default' for task execution.
[2024-01-30T03:21:16.523+0000] {spark_submit.py:401} INFO - Spark-Submit cmd: spark-submit --master local[*] --conf spark.airflow.execution_date=2024-01-02 --name arrow-spark --class RawToFormatted --queue root.default --deploy-mode client /home/juniortemgoua0/DataLake/jobs/processes/scala/spark_process/target/scala-2.12/spark_job_2.12-0.1.0.jar hdfs://localhost:9000/data-lake
[2024-01-30T03:21:19.226+0000] {spark_submit.py:571} INFO - 24/01/30 03:21:19 INFO SparkContext: Running Spark version 3.5.0
[2024-01-30T03:21:19.232+0000] {spark_submit.py:571} INFO - 24/01/30 03:21:19 INFO SparkContext: OS info Linux, 5.15.0-1049-gcp, amd64
[2024-01-30T03:21:19.233+0000] {spark_submit.py:571} INFO - 24/01/30 03:21:19 INFO SparkContext: Java version 17.0.9
[2024-01-30T03:21:19.364+0000] {spark_submit.py:571} INFO - 24/01/30 03:21:19 WARN NativeCodeLoader: Unable to load native-hadoop library for your platform... using builtin-java classes where applicable
[2024-01-30T03:21:19.537+0000] {spark_submit.py:571} INFO - 24/01/30 03:21:19 INFO ResourceUtils: ==============================================================
[2024-01-30T03:21:19.539+0000] {spark_submit.py:571} INFO - 24/01/30 03:21:19 INFO ResourceUtils: No custom resources configured for spark.driver.
[2024-01-30T03:21:19.539+0000] {spark_submit.py:571} INFO - 24/01/30 03:21:19 INFO ResourceUtils: ==============================================================
[2024-01-30T03:21:19.541+0000] {spark_submit.py:571} INFO - 24/01/30 03:21:19 INFO SparkContext: Submitted application: RawToFormatted
[2024-01-30T03:21:19.571+0000] {spark_submit.py:571} INFO - 24/01/30 03:21:19 INFO ResourceProfile: Default ResourceProfile created, executor resources: Map(cores -> name: cores, amount: 1, script: , vendor: , memory -> name: memory, amount: 1024, script: , vendor: , offHeap -> name: offHeap, amount: 0, script: , vendor: ), task resources: Map(cpus -> name: cpus, amount: 1.0)
[2024-01-30T03:21:19.585+0000] {spark_submit.py:571} INFO - 24/01/30 03:21:19 INFO ResourceProfile: Limiting resource is cpu
[2024-01-30T03:21:19.587+0000] {spark_submit.py:571} INFO - 24/01/30 03:21:19 INFO ResourceProfileManager: Added ResourceProfile id: 0
[2024-01-30T03:21:19.663+0000] {spark_submit.py:571} INFO - 24/01/30 03:21:19 INFO SecurityManager: Changing view acls to: juniortemgoua0
[2024-01-30T03:21:19.664+0000] {spark_submit.py:571} INFO - 24/01/30 03:21:19 INFO SecurityManager: Changing modify acls to: juniortemgoua0
[2024-01-30T03:21:19.665+0000] {spark_submit.py:571} INFO - 24/01/30 03:21:19 INFO SecurityManager: Changing view acls groups to:
[2024-01-30T03:21:19.667+0000] {spark_submit.py:571} INFO - 24/01/30 03:21:19 INFO SecurityManager: Changing modify acls groups to:
[2024-01-30T03:21:19.668+0000] {spark_submit.py:571} INFO - 24/01/30 03:21:19 INFO SecurityManager: SecurityManager: authentication disabled; ui acls disabled; users with view permissions: juniortemgoua0; groups with view permissions: EMPTY; users with modify permissions: juniortemgoua0; groups with modify permissions: EMPTY
[2024-01-30T03:21:20.058+0000] {spark_submit.py:571} INFO - 24/01/30 03:21:20 INFO Utils: Successfully started service 'sparkDriver' on port 40979.
[2024-01-30T03:21:20.116+0000] {spark_submit.py:571} INFO - 24/01/30 03:21:20 INFO SparkEnv: Registering MapOutputTracker
[2024-01-30T03:21:20.180+0000] {spark_submit.py:571} INFO - 24/01/30 03:21:20 INFO SparkEnv: Registering BlockManagerMaster
[2024-01-30T03:21:20.212+0000] {spark_submit.py:571} INFO - 24/01/30 03:21:20 INFO BlockManagerMasterEndpoint: Using org.apache.spark.storage.DefaultTopologyMapper for getting topology information
[2024-01-30T03:21:20.213+0000] {spark_submit.py:571} INFO - 24/01/30 03:21:20 INFO BlockManagerMasterEndpoint: BlockManagerMasterEndpoint up
[2024-01-30T03:21:20.219+0000] {spark_submit.py:571} INFO - 24/01/30 03:21:20 INFO SparkEnv: Registering BlockManagerMasterHeartbeat
[2024-01-30T03:21:20.248+0000] {spark_submit.py:571} INFO - 24/01/30 03:21:20 INFO DiskBlockManager: Created local directory at /tmp/blockmgr-95d346fe-194b-4071-9e1c-42edb05d2ecc
[2024-01-30T03:21:20.274+0000] {spark_submit.py:571} INFO - 24/01/30 03:21:20 INFO MemoryStore: MemoryStore started with capacity 434.4 MiB
[2024-01-30T03:21:20.296+0000] {spark_submit.py:571} INFO - 24/01/30 03:21:20 INFO SparkEnv: Registering OutputCommitCoordinator
[2024-01-30T03:21:20.489+0000] {spark_submit.py:571} INFO - 24/01/30 03:21:20 INFO JettyUtils: Start Jetty 0.0.0.0:4040 for SparkUI
[2024-01-30T03:21:20.577+0000] {spark_submit.py:571} INFO - 24/01/30 03:21:20 INFO Utils: Successfully started service 'SparkUI' on port 4040.
[2024-01-30T03:21:20.648+0000] {spark_submit.py:571} INFO - 24/01/30 03:21:20 INFO SparkContext: Added JAR file:/home/juniortemgoua0/DataLake/jobs/processes/scala/spark_process/target/scala-2.12/spark_job_2.12-0.1.0.jar at spark://instance-1.europe-west9-a.c.data-lake-project-409321.internal:40979/jars/spark_job_2.12-0.1.0.jar with timestamp 1706584879209
[2024-01-30T03:21:20.759+0000] {spark_submit.py:571} INFO - 24/01/30 03:21:20 INFO Executor: Starting executor ID driver on host instance-1.europe-west9-a.c.data-lake-project-409321.internal
[2024-01-30T03:21:20.761+0000] {spark_submit.py:571} INFO - 24/01/30 03:21:20 INFO Executor: OS info Linux, 5.15.0-1049-gcp, amd64
[2024-01-30T03:21:20.763+0000] {spark_submit.py:571} INFO - 24/01/30 03:21:20 INFO Executor: Java version 17.0.9
[2024-01-30T03:21:20.777+0000] {spark_submit.py:571} INFO - 24/01/30 03:21:20 INFO Executor: Starting executor with user classpath (userClassPathFirst = false): ''
[2024-01-30T03:21:20.778+0000] {spark_submit.py:571} INFO - 24/01/30 03:21:20 INFO Executor: Created or updated repl class loader org.apache.spark.util.MutableURLClassLoader@6ed043d3 for default.
[2024-01-30T03:21:20.887+0000] {spark_submit.py:571} INFO - 24/01/30 03:21:20 INFO Executor: Fetching spark://instance-1.europe-west9-a.c.data-lake-project-409321.internal:40979/jars/spark_job_2.12-0.1.0.jar with timestamp 1706584879209
[2024-01-30T03:21:20.999+0000] {spark_submit.py:571} INFO - 24/01/30 03:21:20 INFO TransportClientFactory: Successfully created connection to instance-1.europe-west9-a.c.data-lake-project-409321.internal/10.200.0.5:40979 after 65 ms (0 ms spent in bootstraps)
[2024-01-30T03:21:21.017+0000] {spark_submit.py:571} INFO - 24/01/30 03:21:21 INFO Utils: Fetching spark://instance-1.europe-west9-a.c.data-lake-project-409321.internal:40979/jars/spark_job_2.12-0.1.0.jar to /tmp/spark-ac60bfb7-b547-4ade-93a6-0e6be037da5d/userFiles-ef3fc264-c18d-418f-8c4d-1ce427096564/fetchFileTemp4177464337308060166.tmp
[2024-01-30T03:21:21.061+0000] {spark_submit.py:571} INFO - 24/01/30 03:21:21 INFO Executor: Adding file:/tmp/spark-ac60bfb7-b547-4ade-93a6-0e6be037da5d/userFiles-ef3fc264-c18d-418f-8c4d-1ce427096564/spark_job_2.12-0.1.0.jar to class loader default
[2024-01-30T03:21:21.071+0000] {spark_submit.py:571} INFO - 24/01/30 03:21:21 INFO Utils: Successfully started service 'org.apache.spark.network.netty.NettyBlockTransferService' on port 41021.
[2024-01-30T03:21:21.072+0000] {spark_submit.py:571} INFO - 24/01/30 03:21:21 INFO NettyBlockTransferService: Server created on instance-1.europe-west9-a.c.data-lake-project-409321.internal:41021
[2024-01-30T03:21:21.073+0000] {spark_submit.py:571} INFO - 24/01/30 03:21:21 INFO BlockManager: Using org.apache.spark.storage.RandomBlockReplicationPolicy for block replication policy
[2024-01-30T03:21:21.085+0000] {spark_submit.py:571} INFO - 24/01/30 03:21:21 INFO BlockManagerMaster: Registering BlockManager BlockManagerId(driver, instance-1.europe-west9-a.c.data-lake-project-409321.internal, 41021, None)
[2024-01-30T03:21:21.089+0000] {spark_submit.py:571} INFO - 24/01/30 03:21:21 INFO BlockManagerMasterEndpoint: Registering block manager instance-1.europe-west9-a.c.data-lake-project-409321.internal:41021 with 434.4 MiB RAM, BlockManagerId(driver, instance-1.europe-west9-a.c.data-lake-project-409321.internal, 41021, None)
[2024-01-30T03:21:21.092+0000] {spark_submit.py:571} INFO - 24/01/30 03:21:21 INFO BlockManagerMaster: Registered BlockManager BlockManagerId(driver, instance-1.europe-west9-a.c.data-lake-project-409321.internal, 41021, None)
[2024-01-30T03:21:21.094+0000] {spark_submit.py:571} INFO - 24/01/30 03:21:21 INFO BlockManager: Initialized BlockManager: BlockManagerId(driver, instance-1.europe-west9-a.c.data-lake-project-409321.internal, 41021, None)
[2024-01-30T03:21:22.191+0000] {spark_submit.py:571} INFO - 24/01/30 03:21:22 INFO SharedState: Setting hive.metastore.warehouse.dir ('null') to the value of spark.sql.warehouse.dir.
[2024-01-30T03:21:22.202+0000] {spark_submit.py:571} INFO - 24/01/30 03:21:22 INFO SharedState: Warehouse path is 'file:/home/juniortemgoua0/DataLake/spark-warehouse'.
[2024-01-30T03:21:23.268+0000] {spark_submit.py:571} INFO - ************************************************
[2024-01-30T03:21:23.268+0000] {spark_submit.py:571} INFO - Date d'exécution  : 2024-01-02
[2024-01-30T03:21:23.269+0000] {spark_submit.py:571} INFO - ************************************************
[2024-01-30T03:21:24.428+0000] {spark_submit.py:571} INFO - Exception in thread "main" org.apache.spark.sql.AnalysisException: [PATH_NOT_FOUND] Path does not exist: hdfs://localhost:9000/data-lake/raw/football_data/competitions/2024-01-02/*.json.
[2024-01-30T03:21:24.428+0000] {spark_submit.py:571} INFO - at org.apache.spark.sql.errors.QueryCompilationErrors$.dataPathNotExistError(QueryCompilationErrors.scala:1500)
[2024-01-30T03:21:24.429+0000] {spark_submit.py:571} INFO - at org.apache.spark.sql.execution.datasources.DataSource$.$anonfun$checkAndGlobPathIfNecessary$3(DataSource.scala:743)
[2024-01-30T03:21:24.429+0000] {spark_submit.py:571} INFO - at org.apache.spark.util.ThreadUtils$.$anonfun$parmap$2(ThreadUtils.scala:380)
[2024-01-30T03:21:24.429+0000] {spark_submit.py:571} INFO - at scala.concurrent.Future$.$anonfun$apply$1(Future.scala:659)
[2024-01-30T03:21:24.429+0000] {spark_submit.py:571} INFO - at scala.util.Success.$anonfun$map$1(Try.scala:255)
[2024-01-30T03:21:24.429+0000] {spark_submit.py:571} INFO - at scala.util.Success.map(Try.scala:213)
[2024-01-30T03:21:24.429+0000] {spark_submit.py:571} INFO - at scala.concurrent.Future.$anonfun$map$1(Future.scala:292)
[2024-01-30T03:21:24.430+0000] {spark_submit.py:571} INFO - at scala.concurrent.impl.Promise.liftedTree1$1(Promise.scala:33)
[2024-01-30T03:21:24.430+0000] {spark_submit.py:571} INFO - at scala.concurrent.impl.Promise.$anonfun$transform$1(Promise.scala:33)
[2024-01-30T03:21:24.430+0000] {spark_submit.py:571} INFO - at scala.concurrent.impl.CallbackRunnable.run(Promise.scala:64)
[2024-01-30T03:21:24.430+0000] {spark_submit.py:571} INFO - at java.base/java.util.concurrent.ForkJoinTask$RunnableExecuteAction.exec(ForkJoinTask.java:1395)
[2024-01-30T03:21:24.432+0000] {spark_submit.py:571} INFO - at java.base/java.util.concurrent.ForkJoinTask.doExec(ForkJoinTask.java:373)
[2024-01-30T03:21:24.432+0000] {spark_submit.py:571} INFO - at java.base/java.util.concurrent.ForkJoinPool$WorkQueue.topLevelExec(ForkJoinPool.java:1182)
[2024-01-30T03:21:24.432+0000] {spark_submit.py:571} INFO - at java.base/java.util.concurrent.ForkJoinPool.scan(ForkJoinPool.java:1655)
[2024-01-30T03:21:24.432+0000] {spark_submit.py:571} INFO - at java.base/java.util.concurrent.ForkJoinPool.runWorker(ForkJoinPool.java:1622)
[2024-01-30T03:21:24.432+0000] {spark_submit.py:571} INFO - at java.base/java.util.concurrent.ForkJoinWorkerThread.run(ForkJoinWorkerThread.java:165)
[2024-01-30T03:21:24.439+0000] {spark_submit.py:571} INFO - 24/01/30 03:21:24 INFO SparkContext: Invoking stop() from shutdown hook
[2024-01-30T03:21:24.440+0000] {spark_submit.py:571} INFO - 24/01/30 03:21:24 INFO SparkContext: SparkContext is stopping with exitCode 0.
[2024-01-30T03:21:24.454+0000] {spark_submit.py:571} INFO - 24/01/30 03:21:24 INFO SparkUI: Stopped Spark web UI at http://instance-1.europe-west9-a.c.data-lake-project-409321.internal:4040
[2024-01-30T03:21:24.472+0000] {spark_submit.py:571} INFO - 24/01/30 03:21:24 INFO MapOutputTrackerMasterEndpoint: MapOutputTrackerMasterEndpoint stopped!
[2024-01-30T03:21:24.488+0000] {spark_submit.py:571} INFO - 24/01/30 03:21:24 INFO MemoryStore: MemoryStore cleared
[2024-01-30T03:21:24.489+0000] {spark_submit.py:571} INFO - 24/01/30 03:21:24 INFO BlockManager: BlockManager stopped
[2024-01-30T03:21:24.495+0000] {spark_submit.py:571} INFO - 24/01/30 03:21:24 INFO BlockManagerMaster: BlockManagerMaster stopped
[2024-01-30T03:21:24.503+0000] {spark_submit.py:571} INFO - 24/01/30 03:21:24 INFO OutputCommitCoordinator$OutputCommitCoordinatorEndpoint: OutputCommitCoordinator stopped!
[2024-01-30T03:21:24.514+0000] {spark_submit.py:571} INFO - 24/01/30 03:21:24 INFO SparkContext: Successfully stopped SparkContext
[2024-01-30T03:21:24.514+0000] {spark_submit.py:571} INFO - 24/01/30 03:21:24 INFO ShutdownHookManager: Shutdown hook called
[2024-01-30T03:21:24.515+0000] {spark_submit.py:571} INFO - 24/01/30 03:21:24 INFO ShutdownHookManager: Deleting directory /tmp/spark-ac60bfb7-b547-4ade-93a6-0e6be037da5d
[2024-01-30T03:21:24.519+0000] {spark_submit.py:571} INFO - 24/01/30 03:21:24 INFO ShutdownHookManager: Deleting directory /tmp/spark-2886c1ef-307f-41e9-8bf9-e5c74e7b416d
[2024-01-30T03:21:24.585+0000] {taskinstance.py:2698} ERROR - Task failed with exception
Traceback (most recent call last):
  File "/home/juniortemgoua0/DataLake/venv/lib/python3.8/site-packages/airflow/models/taskinstance.py", line 433, in _execute_task
    result = execute_callable(context=context, **execute_callable_kwargs)
  File "/home/juniortemgoua0/DataLake/venv/lib/python3.8/site-packages/airflow/providers/apache/spark/operators/spark_submit.py", line 174, in execute
    self._hook.submit(self._application)
  File "/home/juniortemgoua0/DataLake/venv/lib/python3.8/site-packages/airflow/providers/apache/spark/hooks/spark_submit.py", line 502, in submit
    raise AirflowException(
airflow.exceptions.AirflowException: Cannot execute: spark-submit --master local[*] --conf spark.airflow.execution_date=2024-01-02 --name arrow-spark --class RawToFormatted --queue root.default --deploy-mode client /home/juniortemgoua0/DataLake/jobs/processes/scala/spark_process/target/scala-2.12/spark_job_2.12-0.1.0.jar hdfs://localhost:9000/data-lake. Error code is: 1.
[2024-01-30T03:21:24.588+0000] {taskinstance.py:1138} INFO - Marking task as UP_FOR_RETRY. dag_id=manage_data_lake_dag, task_id=local_job_raw_to_formatted, execution_date=20240102T000000, start_date=20240130T032116, end_date=20240130T032124
[2024-01-30T03:21:24.601+0000] {standard_task_runner.py:107} ERROR - Failed to execute job 173 for task local_job_raw_to_formatted (Cannot execute: spark-submit --master local[*] --conf spark.airflow.execution_date=2024-01-02 --name arrow-spark --class RawToFormatted --queue root.default --deploy-mode client /home/juniortemgoua0/DataLake/jobs/processes/scala/spark_process/target/scala-2.12/spark_job_2.12-0.1.0.jar hdfs://localhost:9000/data-lake. Error code is: 1.; 27341)
[2024-01-30T03:21:24.638+0000] {local_task_job_runner.py:234} INFO - Task exited with return code 1
[2024-01-30T03:21:24.656+0000] {taskinstance.py:3280} INFO - 0 downstream tasks scheduled from follow-on schedule check
