[2024-01-29T14:59:44.060+0000] {taskinstance.py:1956} INFO - Dependencies all met for dep_context=non-requeueable deps ti=<TaskInstance: manage_data_lake_dag.job_formatted_to_usage manual__2024-01-29T13:59:18.485236+00:00 [queued]>
[2024-01-29T14:59:44.066+0000] {taskinstance.py:1956} INFO - Dependencies all met for dep_context=requeueable deps ti=<TaskInstance: manage_data_lake_dag.job_formatted_to_usage manual__2024-01-29T13:59:18.485236+00:00 [queued]>
[2024-01-29T14:59:44.066+0000] {taskinstance.py:2170} INFO - Starting attempt 3 of 6
[2024-01-29T14:59:44.079+0000] {taskinstance.py:2191} INFO - Executing <Task(SparkSubmitOperator): job_formatted_to_usage> on 2024-01-29 13:59:18.485236+00:00
[2024-01-29T14:59:44.083+0000] {standard_task_runner.py:60} INFO - Started process 47799 to run task
[2024-01-29T14:59:44.089+0000] {standard_task_runner.py:87} INFO - Running: ['airflow', 'tasks', 'run', 'manage_data_lake_dag', 'job_formatted_to_usage', 'manual__2024-01-29T13:59:18.485236+00:00', '--job-id', '147', '--raw', '--subdir', 'DAGS_FOLDER/data_lake_dag.py', '--cfg-path', '/tmp/tmpq5t48_py']
[2024-01-29T14:59:44.091+0000] {standard_task_runner.py:88} INFO - Job 147: Subtask job_formatted_to_usage
[2024-01-29T14:59:44.128+0000] {task_command.py:423} INFO - Running <TaskInstance: manage_data_lake_dag.job_formatted_to_usage manual__2024-01-29T13:59:18.485236+00:00 [running]> on host instance-1.europe-west9-a.c.data-lake-project-409321.internal
[2024-01-29T14:59:44.175+0000] {taskinstance.py:2480} INFO - Exporting env vars: AIRFLOW_CTX_DAG_OWNER='juniortemgoua0' AIRFLOW_CTX_DAG_ID='manage_data_lake_dag' AIRFLOW_CTX_TASK_ID='job_formatted_to_usage' AIRFLOW_CTX_EXECUTION_DATE='2024-01-29T13:59:18.485236+00:00' AIRFLOW_CTX_TRY_NUMBER='3' AIRFLOW_CTX_DAG_RUN_ID='manual__2024-01-29T13:59:18.485236+00:00'
[2024-01-29T14:59:44.182+0000] {base.py:83} INFO - Using connection ID 'spark_default' for task execution.
[2024-01-29T14:59:44.183+0000] {spark_submit.py:401} INFO - Spark-Submit cmd: spark-submit --master local[*] --name arrow-spark --class FormattedToUsage --queue root.default --deploy-mode client /home/juniortemgoua0/DataLake/jobs/processes/scala/spark_process/target/scala-2.12/spark_job_2.12-0.1.0.jar gs://data-lake-buck
[2024-01-29T14:59:46.731+0000] {spark_submit.py:571} INFO - 24/01/29 14:59:46 INFO SparkContext: Running Spark version 3.5.0
[2024-01-29T14:59:46.735+0000] {spark_submit.py:571} INFO - 24/01/29 14:59:46 INFO SparkContext: OS info Linux, 5.15.0-1049-gcp, amd64
[2024-01-29T14:59:46.736+0000] {spark_submit.py:571} INFO - 24/01/29 14:59:46 INFO SparkContext: Java version 17.0.9
[2024-01-29T14:59:46.875+0000] {spark_submit.py:571} INFO - 24/01/29 14:59:46 WARN NativeCodeLoader: Unable to load native-hadoop library for your platform... using builtin-java classes where applicable
[2024-01-29T14:59:47.052+0000] {spark_submit.py:571} INFO - 24/01/29 14:59:47 INFO ResourceUtils: ==============================================================
[2024-01-29T14:59:47.054+0000] {spark_submit.py:571} INFO - 24/01/29 14:59:47 INFO ResourceUtils: No custom resources configured for spark.driver.
[2024-01-29T14:59:47.057+0000] {spark_submit.py:571} INFO - 24/01/29 14:59:47 INFO ResourceUtils: ==============================================================
[2024-01-29T14:59:47.058+0000] {spark_submit.py:571} INFO - 24/01/29 14:59:47 INFO SparkContext: Submitted application: RawToFormatted
[2024-01-29T14:59:47.117+0000] {spark_submit.py:571} INFO - 24/01/29 14:59:47 INFO ResourceProfile: Default ResourceProfile created, executor resources: Map(cores -> name: cores, amount: 1, script: , vendor: , memory -> name: memory, amount: 1024, script: , vendor: , offHeap -> name: offHeap, amount: 0, script: , vendor: ), task resources: Map(cpus -> name: cpus, amount: 1.0)
[2024-01-29T14:59:47.133+0000] {spark_submit.py:571} INFO - 24/01/29 14:59:47 INFO ResourceProfile: Limiting resource is cpu
[2024-01-29T14:59:47.134+0000] {spark_submit.py:571} INFO - 24/01/29 14:59:47 INFO ResourceProfileManager: Added ResourceProfile id: 0
[2024-01-29T14:59:47.225+0000] {spark_submit.py:571} INFO - 24/01/29 14:59:47 INFO SecurityManager: Changing view acls to: juniortemgoua0
[2024-01-29T14:59:47.226+0000] {spark_submit.py:571} INFO - 24/01/29 14:59:47 INFO SecurityManager: Changing modify acls to: juniortemgoua0
[2024-01-29T14:59:47.227+0000] {spark_submit.py:571} INFO - 24/01/29 14:59:47 INFO SecurityManager: Changing view acls groups to:
[2024-01-29T14:59:47.228+0000] {spark_submit.py:571} INFO - 24/01/29 14:59:47 INFO SecurityManager: Changing modify acls groups to:
[2024-01-29T14:59:47.229+0000] {spark_submit.py:571} INFO - 24/01/29 14:59:47 INFO SecurityManager: SecurityManager: authentication disabled; ui acls disabled; users with view permissions: juniortemgoua0; groups with view permissions: EMPTY; users with modify permissions: juniortemgoua0; groups with modify permissions: EMPTY
[2024-01-29T14:59:47.620+0000] {spark_submit.py:571} INFO - 24/01/29 14:59:47 INFO Utils: Successfully started service 'sparkDriver' on port 46047.
[2024-01-29T14:59:47.661+0000] {spark_submit.py:571} INFO - 24/01/29 14:59:47 INFO SparkEnv: Registering MapOutputTracker
[2024-01-29T14:59:47.721+0000] {spark_submit.py:571} INFO - 24/01/29 14:59:47 INFO SparkEnv: Registering BlockManagerMaster
[2024-01-29T14:59:47.751+0000] {spark_submit.py:571} INFO - 24/01/29 14:59:47 INFO BlockManagerMasterEndpoint: Using org.apache.spark.storage.DefaultTopologyMapper for getting topology information
[2024-01-29T14:59:47.752+0000] {spark_submit.py:571} INFO - 24/01/29 14:59:47 INFO BlockManagerMasterEndpoint: BlockManagerMasterEndpoint up
[2024-01-29T14:59:47.757+0000] {spark_submit.py:571} INFO - 24/01/29 14:59:47 INFO SparkEnv: Registering BlockManagerMasterHeartbeat
[2024-01-29T14:59:47.786+0000] {spark_submit.py:571} INFO - 24/01/29 14:59:47 INFO DiskBlockManager: Created local directory at /tmp/blockmgr-5b4acdc6-7b6e-4dcb-81f5-489ca7bbccf2
[2024-01-29T14:59:47.817+0000] {spark_submit.py:571} INFO - 24/01/29 14:59:47 INFO MemoryStore: MemoryStore started with capacity 434.4 MiB
[2024-01-29T14:59:47.843+0000] {spark_submit.py:571} INFO - 24/01/29 14:59:47 INFO SparkEnv: Registering OutputCommitCoordinator
[2024-01-29T14:59:48.011+0000] {spark_submit.py:571} INFO - 24/01/29 14:59:48 INFO JettyUtils: Start Jetty 0.0.0.0:4040 for SparkUI
[2024-01-29T14:59:48.106+0000] {spark_submit.py:571} INFO - 24/01/29 14:59:48 INFO Utils: Successfully started service 'SparkUI' on port 4040.
[2024-01-29T14:59:48.177+0000] {spark_submit.py:571} INFO - 24/01/29 14:59:48 INFO SparkContext: Added JAR file:/home/juniortemgoua0/DataLake/jobs/processes/scala/spark_process/target/scala-2.12/spark_job_2.12-0.1.0.jar at spark://instance-1.europe-west9-a.c.data-lake-project-409321.internal:46047/jars/spark_job_2.12-0.1.0.jar with timestamp 1706540386717
[2024-01-29T14:59:48.312+0000] {spark_submit.py:571} INFO - 24/01/29 14:59:48 INFO Executor: Starting executor ID driver on host instance-1.europe-west9-a.c.data-lake-project-409321.internal
[2024-01-29T14:59:48.313+0000] {spark_submit.py:571} INFO - 24/01/29 14:59:48 INFO Executor: OS info Linux, 5.15.0-1049-gcp, amd64
[2024-01-29T14:59:48.314+0000] {spark_submit.py:571} INFO - 24/01/29 14:59:48 INFO Executor: Java version 17.0.9
[2024-01-29T14:59:48.328+0000] {spark_submit.py:571} INFO - 24/01/29 14:59:48 INFO Executor: Starting executor with user classpath (userClassPathFirst = false): ''
[2024-01-29T14:59:48.329+0000] {spark_submit.py:571} INFO - 24/01/29 14:59:48 INFO Executor: Created or updated repl class loader org.apache.spark.util.MutableURLClassLoader@44af588b for default.
[2024-01-29T14:59:48.374+0000] {spark_submit.py:571} INFO - 24/01/29 14:59:48 INFO Executor: Fetching spark://instance-1.europe-west9-a.c.data-lake-project-409321.internal:46047/jars/spark_job_2.12-0.1.0.jar with timestamp 1706540386717
[2024-01-29T14:59:48.482+0000] {spark_submit.py:571} INFO - 24/01/29 14:59:48 INFO TransportClientFactory: Successfully created connection to instance-1.europe-west9-a.c.data-lake-project-409321.internal/10.200.0.5:46047 after 47 ms (0 ms spent in bootstraps)
[2024-01-29T14:59:48.495+0000] {spark_submit.py:571} INFO - 24/01/29 14:59:48 INFO Utils: Fetching spark://instance-1.europe-west9-a.c.data-lake-project-409321.internal:46047/jars/spark_job_2.12-0.1.0.jar to /tmp/spark-342f2e64-e1f0-4065-adae-61d4ed9458c8/userFiles-9426a9ab-8345-4002-b6ee-7fa11aaa89a2/fetchFileTemp4856483757762401066.tmp
[2024-01-29T14:59:48.543+0000] {spark_submit.py:571} INFO - 24/01/29 14:59:48 INFO Executor: Adding file:/tmp/spark-342f2e64-e1f0-4065-adae-61d4ed9458c8/userFiles-9426a9ab-8345-4002-b6ee-7fa11aaa89a2/spark_job_2.12-0.1.0.jar to class loader default
[2024-01-29T14:59:48.555+0000] {spark_submit.py:571} INFO - 24/01/29 14:59:48 INFO Utils: Successfully started service 'org.apache.spark.network.netty.NettyBlockTransferService' on port 33755.
[2024-01-29T14:59:48.557+0000] {spark_submit.py:571} INFO - 24/01/29 14:59:48 INFO NettyBlockTransferService: Server created on instance-1.europe-west9-a.c.data-lake-project-409321.internal:33755
[2024-01-29T14:59:48.558+0000] {spark_submit.py:571} INFO - 24/01/29 14:59:48 INFO BlockManager: Using org.apache.spark.storage.RandomBlockReplicationPolicy for block replication policy
[2024-01-29T14:59:48.568+0000] {spark_submit.py:571} INFO - 24/01/29 14:59:48 INFO BlockManagerMaster: Registering BlockManager BlockManagerId(driver, instance-1.europe-west9-a.c.data-lake-project-409321.internal, 33755, None)
[2024-01-29T14:59:48.572+0000] {spark_submit.py:571} INFO - 24/01/29 14:59:48 INFO BlockManagerMasterEndpoint: Registering block manager instance-1.europe-west9-a.c.data-lake-project-409321.internal:33755 with 434.4 MiB RAM, BlockManagerId(driver, instance-1.europe-west9-a.c.data-lake-project-409321.internal, 33755, None)
[2024-01-29T14:59:48.574+0000] {spark_submit.py:571} INFO - 24/01/29 14:59:48 INFO BlockManagerMaster: Registered BlockManager BlockManagerId(driver, instance-1.europe-west9-a.c.data-lake-project-409321.internal, 33755, None)
[2024-01-29T14:59:48.576+0000] {spark_submit.py:571} INFO - 24/01/29 14:59:48 INFO BlockManager: Initialized BlockManager: BlockManagerId(driver, instance-1.europe-west9-a.c.data-lake-project-409321.internal, 33755, None)
[2024-01-29T14:59:49.589+0000] {spark_submit.py:571} INFO - 24/01/29 14:59:49 INFO SharedState: Setting hive.metastore.warehouse.dir ('null') to the value of spark.sql.warehouse.dir.
[2024-01-29T14:59:49.599+0000] {spark_submit.py:571} INFO - 24/01/29 14:59:49 INFO SharedState: Warehouse path is 'file:/home/juniortemgoua0/DataLake/spark-warehouse'.
[2024-01-29T14:59:51.171+0000] {spark_submit.py:571} INFO - 24/01/29 14:59:51 WARN FileSystem: Failed to initialize fileystem gs://data-lake-buck/formatted/football_data/season/2024-01-29: java.io.FileNotFoundException: /Users/juniortemgoua/Documents/projects/BigData/DataLake/utils/credentials/google_storage_secret_key_credentials.json (No such file or directory)
[2024-01-29T14:59:51.175+0000] {spark_submit.py:571} INFO - 24/01/29 14:59:51 WARN FileStreamSink: Assume no metadata directory. Error while looking for metadata directory in the path: gs://data-lake-buck/formatted/football_data/season/2024-01-29.
[2024-01-29T14:59:51.175+0000] {spark_submit.py:571} INFO - java.io.FileNotFoundException: /Users/juniortemgoua/Documents/projects/BigData/DataLake/utils/credentials/google_storage_secret_key_credentials.json (No such file or directory)
[2024-01-29T14:59:51.175+0000] {spark_submit.py:571} INFO - at java.base/java.io.FileInputStream.open0(Native Method)
[2024-01-29T14:59:51.175+0000] {spark_submit.py:571} INFO - at java.base/java.io.FileInputStream.open(FileInputStream.java:216)
[2024-01-29T14:59:51.175+0000] {spark_submit.py:571} INFO - at java.base/java.io.FileInputStream.<init>(FileInputStream.java:157)
[2024-01-29T14:59:51.175+0000] {spark_submit.py:571} INFO - at java.base/java.io.FileInputStream.<init>(FileInputStream.java:111)
[2024-01-29T14:59:51.176+0000] {spark_submit.py:571} INFO - at com.google.cloud.hadoop.repackaged.gcs.com.google.cloud.hadoop.util.CredentialFactory.getCredentialFromJsonKeyFile(CredentialFactory.java:297)
[2024-01-29T14:59:51.176+0000] {spark_submit.py:571} INFO - at com.google.cloud.hadoop.repackaged.gcs.com.google.cloud.hadoop.util.CredentialFactory.getCredential(CredentialFactory.java:414)
[2024-01-29T14:59:51.176+0000] {spark_submit.py:571} INFO - at com.google.cloud.hadoop.fs.gcs.GoogleHadoopFileSystemBase.getCredential(GoogleHadoopFileSystemBase.java:1434)
[2024-01-29T14:59:51.176+0000] {spark_submit.py:571} INFO - at com.google.cloud.hadoop.fs.gcs.GoogleHadoopFileSystemBase.createGcsFs(GoogleHadoopFileSystemBase.java:1591)
[2024-01-29T14:59:51.176+0000] {spark_submit.py:571} INFO - at com.google.cloud.hadoop.fs.gcs.GoogleHadoopFileSystemBase.configure(GoogleHadoopFileSystemBase.java:1573)
[2024-01-29T14:59:51.176+0000] {spark_submit.py:571} INFO - at com.google.cloud.hadoop.fs.gcs.GoogleHadoopFileSystemBase.initialize(GoogleHadoopFileSystemBase.java:490)
[2024-01-29T14:59:51.176+0000] {spark_submit.py:571} INFO - at org.apache.hadoop.fs.FileSystem.createFileSystem(FileSystem.java:3469)
[2024-01-29T14:59:51.176+0000] {spark_submit.py:571} INFO - at org.apache.hadoop.fs.FileSystem.access$300(FileSystem.java:174)
[2024-01-29T14:59:51.177+0000] {spark_submit.py:571} INFO - at org.apache.hadoop.fs.FileSystem$Cache.getInternal(FileSystem.java:3574)
[2024-01-29T14:59:51.177+0000] {spark_submit.py:571} INFO - at org.apache.hadoop.fs.FileSystem$Cache.get(FileSystem.java:3521)
[2024-01-29T14:59:51.177+0000] {spark_submit.py:571} INFO - at org.apache.hadoop.fs.FileSystem.get(FileSystem.java:540)
[2024-01-29T14:59:51.177+0000] {spark_submit.py:571} INFO - at org.apache.hadoop.fs.Path.getFileSystem(Path.java:365)
[2024-01-29T14:59:51.177+0000] {spark_submit.py:571} INFO - at org.apache.spark.sql.execution.streaming.FileStreamSink$.hasMetadata(FileStreamSink.scala:53)
[2024-01-29T14:59:51.177+0000] {spark_submit.py:571} INFO - at org.apache.spark.sql.execution.datasources.DataSource.resolveRelation(DataSource.scala:366)
[2024-01-29T14:59:51.177+0000] {spark_submit.py:571} INFO - at org.apache.spark.sql.DataFrameReader.loadV1Source(DataFrameReader.scala:229)
[2024-01-29T14:59:51.177+0000] {spark_submit.py:571} INFO - at org.apache.spark.sql.DataFrameReader.$anonfun$load$2(DataFrameReader.scala:211)
[2024-01-29T14:59:51.178+0000] {spark_submit.py:571} INFO - at scala.Option.getOrElse(Option.scala:189)
[2024-01-29T14:59:51.178+0000] {spark_submit.py:571} INFO - at org.apache.spark.sql.DataFrameReader.load(DataFrameReader.scala:211)
[2024-01-29T14:59:51.178+0000] {spark_submit.py:571} INFO - at org.apache.spark.sql.DataFrameReader.parquet(DataFrameReader.scala:563)
[2024-01-29T14:59:51.178+0000] {spark_submit.py:571} INFO - at org.apache.spark.sql.DataFrameReader.parquet(DataFrameReader.scala:548)
[2024-01-29T14:59:51.178+0000] {spark_submit.py:571} INFO - at FormattedToUsage$.combineCompetitions(FormattedToUsage.scala:27)
[2024-01-29T14:59:51.178+0000] {spark_submit.py:571} INFO - at FormattedToUsage$.main(FormattedToUsage.scala:20)
[2024-01-29T14:59:51.178+0000] {spark_submit.py:571} INFO - at FormattedToUsage.main(FormattedToUsage.scala)
[2024-01-29T14:59:51.178+0000] {spark_submit.py:571} INFO - at java.base/jdk.internal.reflect.NativeMethodAccessorImpl.invoke0(Native Method)
[2024-01-29T14:59:51.179+0000] {spark_submit.py:571} INFO - at java.base/jdk.internal.reflect.NativeMethodAccessorImpl.invoke(NativeMethodAccessorImpl.java:77)
[2024-01-29T14:59:51.179+0000] {spark_submit.py:571} INFO - at java.base/jdk.internal.reflect.DelegatingMethodAccessorImpl.invoke(DelegatingMethodAccessorImpl.java:43)
[2024-01-29T14:59:51.179+0000] {spark_submit.py:571} INFO - at java.base/java.lang.reflect.Method.invoke(Method.java:568)
[2024-01-29T14:59:51.179+0000] {spark_submit.py:571} INFO - at org.apache.spark.deploy.JavaMainApplication.start(SparkApplication.scala:52)
[2024-01-29T14:59:51.179+0000] {spark_submit.py:571} INFO - at org.apache.spark.deploy.SparkSubmit.org$apache$spark$deploy$SparkSubmit$$runMain(SparkSubmit.scala:1029)
[2024-01-29T14:59:51.179+0000] {spark_submit.py:571} INFO - at org.apache.spark.deploy.SparkSubmit.doRunMain$1(SparkSubmit.scala:194)
[2024-01-29T14:59:51.179+0000] {spark_submit.py:571} INFO - at org.apache.spark.deploy.SparkSubmit.submit(SparkSubmit.scala:217)
[2024-01-29T14:59:51.179+0000] {spark_submit.py:571} INFO - at org.apache.spark.deploy.SparkSubmit.doSubmit(SparkSubmit.scala:91)
[2024-01-29T14:59:51.180+0000] {spark_submit.py:571} INFO - at org.apache.spark.deploy.SparkSubmit$$anon$2.doSubmit(SparkSubmit.scala:1120)
[2024-01-29T14:59:51.180+0000] {spark_submit.py:571} INFO - at org.apache.spark.deploy.SparkSubmit$.main(SparkSubmit.scala:1129)
[2024-01-29T14:59:51.180+0000] {spark_submit.py:571} INFO - at org.apache.spark.deploy.SparkSubmit.main(SparkSubmit.scala)
[2024-01-29T14:59:51.188+0000] {spark_submit.py:571} INFO - 24/01/29 14:59:51 WARN FileSystem: Failed to initialize fileystem gs://data-lake-buck/formatted/football_data/season/2024-01-29: java.io.FileNotFoundException: /Users/juniortemgoua/Documents/projects/BigData/DataLake/utils/credentials/google_storage_secret_key_credentials.json (No such file or directory)
[2024-01-29T14:59:51.188+0000] {spark_submit.py:571} INFO - Exception in thread "main" java.io.FileNotFoundException: /Users/juniortemgoua/Documents/projects/BigData/DataLake/utils/credentials/google_storage_secret_key_credentials.json (No such file or directory)
[2024-01-29T14:59:51.188+0000] {spark_submit.py:571} INFO - at java.base/java.io.FileInputStream.open0(Native Method)
[2024-01-29T14:59:51.188+0000] {spark_submit.py:571} INFO - at java.base/java.io.FileInputStream.open(FileInputStream.java:216)
[2024-01-29T14:59:51.189+0000] {spark_submit.py:571} INFO - at java.base/java.io.FileInputStream.<init>(FileInputStream.java:157)
[2024-01-29T14:59:51.189+0000] {spark_submit.py:571} INFO - at java.base/java.io.FileInputStream.<init>(FileInputStream.java:111)
[2024-01-29T14:59:51.189+0000] {spark_submit.py:571} INFO - at com.google.cloud.hadoop.repackaged.gcs.com.google.cloud.hadoop.util.CredentialFactory.getCredentialFromJsonKeyFile(CredentialFactory.java:297)
[2024-01-29T14:59:51.189+0000] {spark_submit.py:571} INFO - at com.google.cloud.hadoop.repackaged.gcs.com.google.cloud.hadoop.util.CredentialFactory.getCredential(CredentialFactory.java:414)
[2024-01-29T14:59:51.189+0000] {spark_submit.py:571} INFO - at com.google.cloud.hadoop.fs.gcs.GoogleHadoopFileSystemBase.getCredential(GoogleHadoopFileSystemBase.java:1434)
[2024-01-29T14:59:51.189+0000] {spark_submit.py:571} INFO - at com.google.cloud.hadoop.fs.gcs.GoogleHadoopFileSystemBase.createGcsFs(GoogleHadoopFileSystemBase.java:1591)
[2024-01-29T14:59:51.189+0000] {spark_submit.py:571} INFO - at com.google.cloud.hadoop.fs.gcs.GoogleHadoopFileSystemBase.configure(GoogleHadoopFileSystemBase.java:1573)
[2024-01-29T14:59:51.190+0000] {spark_submit.py:571} INFO - at com.google.cloud.hadoop.fs.gcs.GoogleHadoopFileSystemBase.initialize(GoogleHadoopFileSystemBase.java:490)
[2024-01-29T14:59:51.190+0000] {spark_submit.py:571} INFO - at org.apache.hadoop.fs.FileSystem.createFileSystem(FileSystem.java:3469)
[2024-01-29T14:59:51.190+0000] {spark_submit.py:571} INFO - at org.apache.hadoop.fs.FileSystem.access$300(FileSystem.java:174)
[2024-01-29T14:59:51.190+0000] {spark_submit.py:571} INFO - at org.apache.hadoop.fs.FileSystem$Cache.getInternal(FileSystem.java:3574)
[2024-01-29T14:59:51.190+0000] {spark_submit.py:571} INFO - at org.apache.hadoop.fs.FileSystem$Cache.get(FileSystem.java:3521)
[2024-01-29T14:59:51.190+0000] {spark_submit.py:571} INFO - at org.apache.hadoop.fs.FileSystem.get(FileSystem.java:540)
[2024-01-29T14:59:51.190+0000] {spark_submit.py:571} INFO - at org.apache.hadoop.fs.Path.getFileSystem(Path.java:365)
[2024-01-29T14:59:51.190+0000] {spark_submit.py:571} INFO - at org.apache.spark.sql.execution.datasources.DataSource$.$anonfun$checkAndGlobPathIfNecessary$1(DataSource.scala:724)
[2024-01-29T14:59:51.191+0000] {spark_submit.py:571} INFO - at scala.collection.immutable.List.map(List.scala:293)
[2024-01-29T14:59:51.191+0000] {spark_submit.py:571} INFO - at org.apache.spark.sql.execution.datasources.DataSource$.checkAndGlobPathIfNecessary(DataSource.scala:722)
[2024-01-29T14:59:51.191+0000] {spark_submit.py:571} INFO - at org.apache.spark.sql.execution.datasources.DataSource.checkAndGlobPathIfNecessary(DataSource.scala:551)
[2024-01-29T14:59:51.191+0000] {spark_submit.py:571} INFO - at org.apache.spark.sql.execution.datasources.DataSource.resolveRelation(DataSource.scala:404)
[2024-01-29T14:59:51.191+0000] {spark_submit.py:571} INFO - at org.apache.spark.sql.DataFrameReader.loadV1Source(DataFrameReader.scala:229)
[2024-01-29T14:59:51.191+0000] {spark_submit.py:571} INFO - at org.apache.spark.sql.DataFrameReader.$anonfun$load$2(DataFrameReader.scala:211)
[2024-01-29T14:59:51.191+0000] {spark_submit.py:571} INFO - at scala.Option.getOrElse(Option.scala:189)
[2024-01-29T14:59:51.191+0000] {spark_submit.py:571} INFO - at org.apache.spark.sql.DataFrameReader.load(DataFrameReader.scala:211)
[2024-01-29T14:59:51.191+0000] {spark_submit.py:571} INFO - at org.apache.spark.sql.DataFrameReader.parquet(DataFrameReader.scala:563)
[2024-01-29T14:59:51.192+0000] {spark_submit.py:571} INFO - at org.apache.spark.sql.DataFrameReader.parquet(DataFrameReader.scala:548)
[2024-01-29T14:59:51.192+0000] {spark_submit.py:571} INFO - at FormattedToUsage$.combineCompetitions(FormattedToUsage.scala:27)
[2024-01-29T14:59:51.192+0000] {spark_submit.py:571} INFO - at FormattedToUsage$.main(FormattedToUsage.scala:20)
[2024-01-29T14:59:51.192+0000] {spark_submit.py:571} INFO - at FormattedToUsage.main(FormattedToUsage.scala)
[2024-01-29T14:59:51.192+0000] {spark_submit.py:571} INFO - at java.base/jdk.internal.reflect.NativeMethodAccessorImpl.invoke0(Native Method)
[2024-01-29T14:59:51.192+0000] {spark_submit.py:571} INFO - at java.base/jdk.internal.reflect.NativeMethodAccessorImpl.invoke(NativeMethodAccessorImpl.java:77)
[2024-01-29T14:59:51.192+0000] {spark_submit.py:571} INFO - at java.base/jdk.internal.reflect.DelegatingMethodAccessorImpl.invoke(DelegatingMethodAccessorImpl.java:43)
[2024-01-29T14:59:51.192+0000] {spark_submit.py:571} INFO - at java.base/java.lang.reflect.Method.invoke(Method.java:568)
[2024-01-29T14:59:51.193+0000] {spark_submit.py:571} INFO - at org.apache.spark.deploy.JavaMainApplication.start(SparkApplication.scala:52)
[2024-01-29T14:59:51.193+0000] {spark_submit.py:571} INFO - at org.apache.spark.deploy.SparkSubmit.org$apache$spark$deploy$SparkSubmit$$runMain(SparkSubmit.scala:1029)
[2024-01-29T14:59:51.193+0000] {spark_submit.py:571} INFO - at org.apache.spark.deploy.SparkSubmit.doRunMain$1(SparkSubmit.scala:194)
[2024-01-29T14:59:51.193+0000] {spark_submit.py:571} INFO - at org.apache.spark.deploy.SparkSubmit.submit(SparkSubmit.scala:217)
[2024-01-29T14:59:51.193+0000] {spark_submit.py:571} INFO - at org.apache.spark.deploy.SparkSubmit.doSubmit(SparkSubmit.scala:91)
[2024-01-29T14:59:51.193+0000] {spark_submit.py:571} INFO - at org.apache.spark.deploy.SparkSubmit$$anon$2.doSubmit(SparkSubmit.scala:1120)
[2024-01-29T14:59:51.193+0000] {spark_submit.py:571} INFO - at org.apache.spark.deploy.SparkSubmit$.main(SparkSubmit.scala:1129)
[2024-01-29T14:59:51.193+0000] {spark_submit.py:571} INFO - at org.apache.spark.deploy.SparkSubmit.main(SparkSubmit.scala)
[2024-01-29T14:59:51.197+0000] {spark_submit.py:571} INFO - 24/01/29 14:59:51 INFO SparkContext: Invoking stop() from shutdown hook
[2024-01-29T14:59:51.198+0000] {spark_submit.py:571} INFO - 24/01/29 14:59:51 INFO SparkContext: SparkContext is stopping with exitCode 0.
[2024-01-29T14:59:51.214+0000] {spark_submit.py:571} INFO - 24/01/29 14:59:51 INFO SparkUI: Stopped Spark web UI at http://instance-1.europe-west9-a.c.data-lake-project-409321.internal:4040
[2024-01-29T14:59:51.239+0000] {spark_submit.py:571} INFO - 24/01/29 14:59:51 INFO MapOutputTrackerMasterEndpoint: MapOutputTrackerMasterEndpoint stopped!
[2024-01-29T14:59:51.256+0000] {spark_submit.py:571} INFO - 24/01/29 14:59:51 INFO MemoryStore: MemoryStore cleared
[2024-01-29T14:59:51.257+0000] {spark_submit.py:571} INFO - 24/01/29 14:59:51 INFO BlockManager: BlockManager stopped
[2024-01-29T14:59:51.276+0000] {spark_submit.py:571} INFO - 24/01/29 14:59:51 INFO BlockManagerMaster: BlockManagerMaster stopped
[2024-01-29T14:59:51.280+0000] {spark_submit.py:571} INFO - 24/01/29 14:59:51 INFO OutputCommitCoordinator$OutputCommitCoordinatorEndpoint: OutputCommitCoordinator stopped!
[2024-01-29T14:59:51.291+0000] {spark_submit.py:571} INFO - 24/01/29 14:59:51 INFO SparkContext: Successfully stopped SparkContext
[2024-01-29T14:59:51.292+0000] {spark_submit.py:571} INFO - 24/01/29 14:59:51 INFO ShutdownHookManager: Shutdown hook called
[2024-01-29T14:59:51.292+0000] {spark_submit.py:571} INFO - 24/01/29 14:59:51 INFO ShutdownHookManager: Deleting directory /tmp/spark-15da94ce-96c9-4aa8-9074-182e7b840e61
[2024-01-29T14:59:51.298+0000] {spark_submit.py:571} INFO - 24/01/29 14:59:51 INFO ShutdownHookManager: Deleting directory /tmp/spark-342f2e64-e1f0-4065-adae-61d4ed9458c8
[2024-01-29T14:59:51.358+0000] {taskinstance.py:2698} ERROR - Task failed with exception
Traceback (most recent call last):
  File "/home/juniortemgoua0/DataLake/venv/lib/python3.8/site-packages/airflow/models/taskinstance.py", line 433, in _execute_task
    result = execute_callable(context=context, **execute_callable_kwargs)
  File "/home/juniortemgoua0/DataLake/venv/lib/python3.8/site-packages/airflow/providers/apache/spark/operators/spark_submit.py", line 174, in execute
    self._hook.submit(self._application)
  File "/home/juniortemgoua0/DataLake/venv/lib/python3.8/site-packages/airflow/providers/apache/spark/hooks/spark_submit.py", line 502, in submit
    raise AirflowException(
airflow.exceptions.AirflowException: Cannot execute: spark-submit --master local[*] --name arrow-spark --class FormattedToUsage --queue root.default --deploy-mode client /home/juniortemgoua0/DataLake/jobs/processes/scala/spark_process/target/scala-2.12/spark_job_2.12-0.1.0.jar gs://data-lake-buck. Error code is: 1.
[2024-01-29T14:59:51.361+0000] {taskinstance.py:1138} INFO - Marking task as UP_FOR_RETRY. dag_id=manage_data_lake_dag, task_id=job_formatted_to_usage, execution_date=20240129T135918, start_date=20240129T145944, end_date=20240129T145951
[2024-01-29T14:59:51.375+0000] {standard_task_runner.py:107} ERROR - Failed to execute job 147 for task job_formatted_to_usage (Cannot execute: spark-submit --master local[*] --name arrow-spark --class FormattedToUsage --queue root.default --deploy-mode client /home/juniortemgoua0/DataLake/jobs/processes/scala/spark_process/target/scala-2.12/spark_job_2.12-0.1.0.jar gs://data-lake-buck. Error code is: 1.; 47799)
[2024-01-29T14:59:51.387+0000] {local_task_job_runner.py:234} INFO - Task exited with return code 1
[2024-01-29T14:59:51.397+0000] {taskinstance.py:3280} INFO - 0 downstream tasks scheduled from follow-on schedule check
