[2024-01-29T14:36:18.646+0000] {taskinstance.py:1956} INFO - Dependencies all met for dep_context=non-requeueable deps ti=<TaskInstance: manage_data_lake_dag.job_formatted_to_usage manual__2024-01-29T13:59:18.485236+00:00 [queued]>
[2024-01-29T14:36:18.652+0000] {taskinstance.py:1956} INFO - Dependencies all met for dep_context=requeueable deps ti=<TaskInstance: manage_data_lake_dag.job_formatted_to_usage manual__2024-01-29T13:59:18.485236+00:00 [queued]>
[2024-01-29T14:36:18.652+0000] {taskinstance.py:2170} INFO - Starting attempt 1 of 6
[2024-01-29T14:36:18.664+0000] {taskinstance.py:2191} INFO - Executing <Task(SparkSubmitOperator): job_formatted_to_usage> on 2024-01-29 13:59:18.485236+00:00
[2024-01-29T14:36:18.668+0000] {standard_task_runner.py:60} INFO - Started process 44381 to run task
[2024-01-29T14:36:18.674+0000] {standard_task_runner.py:87} INFO - Running: ['airflow', 'tasks', 'run', 'manage_data_lake_dag', 'job_formatted_to_usage', 'manual__2024-01-29T13:59:18.485236+00:00', '--job-id', '127', '--raw', '--subdir', 'DAGS_FOLDER/data_lake_dag.py', '--cfg-path', '/tmp/tmp_w65f1ma']
[2024-01-29T14:36:18.677+0000] {standard_task_runner.py:88} INFO - Job 127: Subtask job_formatted_to_usage
[2024-01-29T14:36:18.712+0000] {task_command.py:423} INFO - Running <TaskInstance: manage_data_lake_dag.job_formatted_to_usage manual__2024-01-29T13:59:18.485236+00:00 [running]> on host instance-1.europe-west9-a.c.data-lake-project-409321.internal
[2024-01-29T14:36:18.758+0000] {taskinstance.py:2480} INFO - Exporting env vars: AIRFLOW_CTX_DAG_OWNER='juniortemgoua0' AIRFLOW_CTX_DAG_ID='manage_data_lake_dag' AIRFLOW_CTX_TASK_ID='job_formatted_to_usage' AIRFLOW_CTX_EXECUTION_DATE='2024-01-29T13:59:18.485236+00:00' AIRFLOW_CTX_TRY_NUMBER='1' AIRFLOW_CTX_DAG_RUN_ID='manual__2024-01-29T13:59:18.485236+00:00'
[2024-01-29T14:36:18.764+0000] {base.py:83} INFO - Using connection ID 'spark_default' for task execution.
[2024-01-29T14:36:18.765+0000] {spark_submit.py:401} INFO - Spark-Submit cmd: spark-submit --master local[*] --name arrow-spark --class FormattedToUsage --queue root.default --deploy-mode client /home/juniortemgoua0/DataLake/jobs/processes/scala/spark_process/target/scala-2.12/spark_job_2.12-0.1.0.jar gs://data-lake-buck
[2024-01-29T14:36:21.332+0000] {spark_submit.py:571} INFO - 24/01/29 14:36:21 INFO SparkContext: Running Spark version 3.5.0
[2024-01-29T14:36:21.339+0000] {spark_submit.py:571} INFO - 24/01/29 14:36:21 INFO SparkContext: OS info Linux, 5.15.0-1049-gcp, amd64
[2024-01-29T14:36:21.340+0000] {spark_submit.py:571} INFO - 24/01/29 14:36:21 INFO SparkContext: Java version 17.0.9
[2024-01-29T14:36:21.491+0000] {spark_submit.py:571} INFO - 24/01/29 14:36:21 WARN NativeCodeLoader: Unable to load native-hadoop library for your platform... using builtin-java classes where applicable
[2024-01-29T14:36:21.657+0000] {spark_submit.py:571} INFO - 24/01/29 14:36:21 INFO ResourceUtils: ==============================================================
[2024-01-29T14:36:21.658+0000] {spark_submit.py:571} INFO - 24/01/29 14:36:21 INFO ResourceUtils: No custom resources configured for spark.driver.
[2024-01-29T14:36:21.658+0000] {spark_submit.py:571} INFO - 24/01/29 14:36:21 INFO ResourceUtils: ==============================================================
[2024-01-29T14:36:21.659+0000] {spark_submit.py:571} INFO - 24/01/29 14:36:21 INFO SparkContext: Submitted application: RawToFormatted
[2024-01-29T14:36:21.696+0000] {spark_submit.py:571} INFO - 24/01/29 14:36:21 INFO ResourceProfile: Default ResourceProfile created, executor resources: Map(cores -> name: cores, amount: 1, script: , vendor: , memory -> name: memory, amount: 1024, script: , vendor: , offHeap -> name: offHeap, amount: 0, script: , vendor: ), task resources: Map(cpus -> name: cpus, amount: 1.0)
[2024-01-29T14:36:21.709+0000] {spark_submit.py:571} INFO - 24/01/29 14:36:21 INFO ResourceProfile: Limiting resource is cpu
[2024-01-29T14:36:21.710+0000] {spark_submit.py:571} INFO - 24/01/29 14:36:21 INFO ResourceProfileManager: Added ResourceProfile id: 0
[2024-01-29T14:36:21.786+0000] {spark_submit.py:571} INFO - 24/01/29 14:36:21 INFO SecurityManager: Changing view acls to: juniortemgoua0
[2024-01-29T14:36:21.787+0000] {spark_submit.py:571} INFO - 24/01/29 14:36:21 INFO SecurityManager: Changing modify acls to: juniortemgoua0
[2024-01-29T14:36:21.788+0000] {spark_submit.py:571} INFO - 24/01/29 14:36:21 INFO SecurityManager: Changing view acls groups to:
[2024-01-29T14:36:21.788+0000] {spark_submit.py:571} INFO - 24/01/29 14:36:21 INFO SecurityManager: Changing modify acls groups to:
[2024-01-29T14:36:21.789+0000] {spark_submit.py:571} INFO - 24/01/29 14:36:21 INFO SecurityManager: SecurityManager: authentication disabled; ui acls disabled; users with view permissions: juniortemgoua0; groups with view permissions: EMPTY; users with modify permissions: juniortemgoua0; groups with modify permissions: EMPTY
[2024-01-29T14:36:22.141+0000] {spark_submit.py:571} INFO - 24/01/29 14:36:22 INFO Utils: Successfully started service 'sparkDriver' on port 33685.
[2024-01-29T14:36:22.185+0000] {spark_submit.py:571} INFO - 24/01/29 14:36:22 INFO SparkEnv: Registering MapOutputTracker
[2024-01-29T14:36:22.232+0000] {spark_submit.py:571} INFO - 24/01/29 14:36:22 INFO SparkEnv: Registering BlockManagerMaster
[2024-01-29T14:36:22.259+0000] {spark_submit.py:571} INFO - 24/01/29 14:36:22 INFO BlockManagerMasterEndpoint: Using org.apache.spark.storage.DefaultTopologyMapper for getting topology information
[2024-01-29T14:36:22.261+0000] {spark_submit.py:571} INFO - 24/01/29 14:36:22 INFO BlockManagerMasterEndpoint: BlockManagerMasterEndpoint up
[2024-01-29T14:36:22.268+0000] {spark_submit.py:571} INFO - 24/01/29 14:36:22 INFO SparkEnv: Registering BlockManagerMasterHeartbeat
[2024-01-29T14:36:22.294+0000] {spark_submit.py:571} INFO - 24/01/29 14:36:22 INFO DiskBlockManager: Created local directory at /tmp/blockmgr-c419387e-7e9b-46f2-b0fa-c8ee98e86301
[2024-01-29T14:36:22.322+0000] {spark_submit.py:571} INFO - 24/01/29 14:36:22 INFO MemoryStore: MemoryStore started with capacity 434.4 MiB
[2024-01-29T14:36:22.351+0000] {spark_submit.py:571} INFO - 24/01/29 14:36:22 INFO SparkEnv: Registering OutputCommitCoordinator
[2024-01-29T14:36:22.537+0000] {spark_submit.py:571} INFO - 24/01/29 14:36:22 INFO JettyUtils: Start Jetty 0.0.0.0:4040 for SparkUI
[2024-01-29T14:36:22.617+0000] {spark_submit.py:571} INFO - 24/01/29 14:36:22 INFO Utils: Successfully started service 'SparkUI' on port 4040.
[2024-01-29T14:36:22.677+0000] {spark_submit.py:571} INFO - 24/01/29 14:36:22 INFO SparkContext: Added JAR file:/home/juniortemgoua0/DataLake/jobs/processes/scala/spark_process/target/scala-2.12/spark_job_2.12-0.1.0.jar at spark://instance-1.europe-west9-a.c.data-lake-project-409321.internal:33685/jars/spark_job_2.12-0.1.0.jar with timestamp 1706538981300
[2024-01-29T14:36:22.775+0000] {spark_submit.py:571} INFO - 24/01/29 14:36:22 INFO Executor: Starting executor ID driver on host instance-1.europe-west9-a.c.data-lake-project-409321.internal
[2024-01-29T14:36:22.775+0000] {spark_submit.py:571} INFO - 24/01/29 14:36:22 INFO Executor: OS info Linux, 5.15.0-1049-gcp, amd64
[2024-01-29T14:36:22.776+0000] {spark_submit.py:571} INFO - 24/01/29 14:36:22 INFO Executor: Java version 17.0.9
[2024-01-29T14:36:22.786+0000] {spark_submit.py:571} INFO - 24/01/29 14:36:22 INFO Executor: Starting executor with user classpath (userClassPathFirst = false): ''
[2024-01-29T14:36:22.787+0000] {spark_submit.py:571} INFO - 24/01/29 14:36:22 INFO Executor: Created or updated repl class loader org.apache.spark.util.MutableURLClassLoader@44af588b for default.
[2024-01-29T14:36:22.804+0000] {spark_submit.py:571} INFO - 24/01/29 14:36:22 INFO Executor: Fetching spark://instance-1.europe-west9-a.c.data-lake-project-409321.internal:33685/jars/spark_job_2.12-0.1.0.jar with timestamp 1706538981300
[2024-01-29T14:36:22.947+0000] {spark_submit.py:571} INFO - 24/01/29 14:36:22 INFO TransportClientFactory: Successfully created connection to instance-1.europe-west9-a.c.data-lake-project-409321.internal/10.200.0.5:33685 after 57 ms (0 ms spent in bootstraps)
[2024-01-29T14:36:22.955+0000] {spark_submit.py:571} INFO - 24/01/29 14:36:22 INFO Utils: Fetching spark://instance-1.europe-west9-a.c.data-lake-project-409321.internal:33685/jars/spark_job_2.12-0.1.0.jar to /tmp/spark-bc889c49-346b-4dbc-9261-c9d8d93393e0/userFiles-6416117a-55b1-4c3e-8e7a-29b80689dbac/fetchFileTemp3641752688728502327.tmp
[2024-01-29T14:36:23.017+0000] {spark_submit.py:571} INFO - 24/01/29 14:36:23 INFO Executor: Adding file:/tmp/spark-bc889c49-346b-4dbc-9261-c9d8d93393e0/userFiles-6416117a-55b1-4c3e-8e7a-29b80689dbac/spark_job_2.12-0.1.0.jar to class loader default
[2024-01-29T14:36:23.026+0000] {spark_submit.py:571} INFO - 24/01/29 14:36:23 INFO Utils: Successfully started service 'org.apache.spark.network.netty.NettyBlockTransferService' on port 43133.
[2024-01-29T14:36:23.027+0000] {spark_submit.py:571} INFO - 24/01/29 14:36:23 INFO NettyBlockTransferService: Server created on instance-1.europe-west9-a.c.data-lake-project-409321.internal:43133
[2024-01-29T14:36:23.029+0000] {spark_submit.py:571} INFO - 24/01/29 14:36:23 INFO BlockManager: Using org.apache.spark.storage.RandomBlockReplicationPolicy for block replication policy
[2024-01-29T14:36:23.042+0000] {spark_submit.py:571} INFO - 24/01/29 14:36:23 INFO BlockManagerMaster: Registering BlockManager BlockManagerId(driver, instance-1.europe-west9-a.c.data-lake-project-409321.internal, 43133, None)
[2024-01-29T14:36:23.046+0000] {spark_submit.py:571} INFO - 24/01/29 14:36:23 INFO BlockManagerMasterEndpoint: Registering block manager instance-1.europe-west9-a.c.data-lake-project-409321.internal:43133 with 434.4 MiB RAM, BlockManagerId(driver, instance-1.europe-west9-a.c.data-lake-project-409321.internal, 43133, None)
[2024-01-29T14:36:23.050+0000] {spark_submit.py:571} INFO - 24/01/29 14:36:23 INFO BlockManagerMaster: Registered BlockManager BlockManagerId(driver, instance-1.europe-west9-a.c.data-lake-project-409321.internal, 43133, None)
[2024-01-29T14:36:23.051+0000] {spark_submit.py:571} INFO - 24/01/29 14:36:23 INFO BlockManager: Initialized BlockManager: BlockManagerId(driver, instance-1.europe-west9-a.c.data-lake-project-409321.internal, 43133, None)
[2024-01-29T14:36:24.021+0000] {spark_submit.py:571} INFO - 24/01/29 14:36:24 INFO SharedState: Setting hive.metastore.warehouse.dir ('null') to the value of spark.sql.warehouse.dir.
[2024-01-29T14:36:24.030+0000] {spark_submit.py:571} INFO - 24/01/29 14:36:24 INFO SharedState: Warehouse path is 'file:/home/juniortemgoua0/DataLake/spark-warehouse'.
[2024-01-29T14:36:25.587+0000] {spark_submit.py:571} INFO - 24/01/29 14:36:25 WARN FileSystem: Failed to initialize fileystem gs://data-lake-buck/formatted/football_data/season/2024-01-29: java.io.FileNotFoundException: /Users/juniortemgoua/Documents/projects/BigData/DataLake/utils/credentials/google_storage_secret_key_credentials.json (No such file or directory)
[2024-01-29T14:36:25.592+0000] {spark_submit.py:571} INFO - 24/01/29 14:36:25 WARN FileStreamSink: Assume no metadata directory. Error while looking for metadata directory in the path: gs://data-lake-buck/formatted/football_data/season/2024-01-29.
[2024-01-29T14:36:25.592+0000] {spark_submit.py:571} INFO - java.io.FileNotFoundException: /Users/juniortemgoua/Documents/projects/BigData/DataLake/utils/credentials/google_storage_secret_key_credentials.json (No such file or directory)
[2024-01-29T14:36:25.592+0000] {spark_submit.py:571} INFO - at java.base/java.io.FileInputStream.open0(Native Method)
[2024-01-29T14:36:25.592+0000] {spark_submit.py:571} INFO - at java.base/java.io.FileInputStream.open(FileInputStream.java:216)
[2024-01-29T14:36:25.592+0000] {spark_submit.py:571} INFO - at java.base/java.io.FileInputStream.<init>(FileInputStream.java:157)
[2024-01-29T14:36:25.592+0000] {spark_submit.py:571} INFO - at java.base/java.io.FileInputStream.<init>(FileInputStream.java:111)
[2024-01-29T14:36:25.593+0000] {spark_submit.py:571} INFO - at com.google.cloud.hadoop.repackaged.gcs.com.google.cloud.hadoop.util.CredentialFactory.getCredentialFromJsonKeyFile(CredentialFactory.java:297)
[2024-01-29T14:36:25.593+0000] {spark_submit.py:571} INFO - at com.google.cloud.hadoop.repackaged.gcs.com.google.cloud.hadoop.util.CredentialFactory.getCredential(CredentialFactory.java:414)
[2024-01-29T14:36:25.593+0000] {spark_submit.py:571} INFO - at com.google.cloud.hadoop.fs.gcs.GoogleHadoopFileSystemBase.getCredential(GoogleHadoopFileSystemBase.java:1434)
[2024-01-29T14:36:25.593+0000] {spark_submit.py:571} INFO - at com.google.cloud.hadoop.fs.gcs.GoogleHadoopFileSystemBase.createGcsFs(GoogleHadoopFileSystemBase.java:1591)
[2024-01-29T14:36:25.593+0000] {spark_submit.py:571} INFO - at com.google.cloud.hadoop.fs.gcs.GoogleHadoopFileSystemBase.configure(GoogleHadoopFileSystemBase.java:1573)
[2024-01-29T14:36:25.593+0000] {spark_submit.py:571} INFO - at com.google.cloud.hadoop.fs.gcs.GoogleHadoopFileSystemBase.initialize(GoogleHadoopFileSystemBase.java:490)
[2024-01-29T14:36:25.593+0000] {spark_submit.py:571} INFO - at org.apache.hadoop.fs.FileSystem.createFileSystem(FileSystem.java:3469)
[2024-01-29T14:36:25.594+0000] {spark_submit.py:571} INFO - at org.apache.hadoop.fs.FileSystem.access$300(FileSystem.java:174)
[2024-01-29T14:36:25.594+0000] {spark_submit.py:571} INFO - at org.apache.hadoop.fs.FileSystem$Cache.getInternal(FileSystem.java:3574)
[2024-01-29T14:36:25.594+0000] {spark_submit.py:571} INFO - at org.apache.hadoop.fs.FileSystem$Cache.get(FileSystem.java:3521)
[2024-01-29T14:36:25.594+0000] {spark_submit.py:571} INFO - at org.apache.hadoop.fs.FileSystem.get(FileSystem.java:540)
[2024-01-29T14:36:25.594+0000] {spark_submit.py:571} INFO - at org.apache.hadoop.fs.Path.getFileSystem(Path.java:365)
[2024-01-29T14:36:25.594+0000] {spark_submit.py:571} INFO - at org.apache.spark.sql.execution.streaming.FileStreamSink$.hasMetadata(FileStreamSink.scala:53)
[2024-01-29T14:36:25.594+0000] {spark_submit.py:571} INFO - at org.apache.spark.sql.execution.datasources.DataSource.resolveRelation(DataSource.scala:366)
[2024-01-29T14:36:25.594+0000] {spark_submit.py:571} INFO - at org.apache.spark.sql.DataFrameReader.loadV1Source(DataFrameReader.scala:229)
[2024-01-29T14:36:25.595+0000] {spark_submit.py:571} INFO - at org.apache.spark.sql.DataFrameReader.$anonfun$load$2(DataFrameReader.scala:211)
[2024-01-29T14:36:25.595+0000] {spark_submit.py:571} INFO - at scala.Option.getOrElse(Option.scala:189)
[2024-01-29T14:36:25.595+0000] {spark_submit.py:571} INFO - at org.apache.spark.sql.DataFrameReader.load(DataFrameReader.scala:211)
[2024-01-29T14:36:25.595+0000] {spark_submit.py:571} INFO - at org.apache.spark.sql.DataFrameReader.parquet(DataFrameReader.scala:563)
[2024-01-29T14:36:25.595+0000] {spark_submit.py:571} INFO - at org.apache.spark.sql.DataFrameReader.parquet(DataFrameReader.scala:548)
[2024-01-29T14:36:25.595+0000] {spark_submit.py:571} INFO - at FormattedToUsage$.combineCompetitions(FormattedToUsage.scala:27)
[2024-01-29T14:36:25.595+0000] {spark_submit.py:571} INFO - at FormattedToUsage$.main(FormattedToUsage.scala:20)
[2024-01-29T14:36:25.595+0000] {spark_submit.py:571} INFO - at FormattedToUsage.main(FormattedToUsage.scala)
[2024-01-29T14:36:25.595+0000] {spark_submit.py:571} INFO - at java.base/jdk.internal.reflect.NativeMethodAccessorImpl.invoke0(Native Method)
[2024-01-29T14:36:25.596+0000] {spark_submit.py:571} INFO - at java.base/jdk.internal.reflect.NativeMethodAccessorImpl.invoke(NativeMethodAccessorImpl.java:77)
[2024-01-29T14:36:25.596+0000] {spark_submit.py:571} INFO - at java.base/jdk.internal.reflect.DelegatingMethodAccessorImpl.invoke(DelegatingMethodAccessorImpl.java:43)
[2024-01-29T14:36:25.596+0000] {spark_submit.py:571} INFO - at java.base/java.lang.reflect.Method.invoke(Method.java:568)
[2024-01-29T14:36:25.596+0000] {spark_submit.py:571} INFO - at org.apache.spark.deploy.JavaMainApplication.start(SparkApplication.scala:52)
[2024-01-29T14:36:25.596+0000] {spark_submit.py:571} INFO - at org.apache.spark.deploy.SparkSubmit.org$apache$spark$deploy$SparkSubmit$$runMain(SparkSubmit.scala:1029)
[2024-01-29T14:36:25.596+0000] {spark_submit.py:571} INFO - at org.apache.spark.deploy.SparkSubmit.doRunMain$1(SparkSubmit.scala:194)
[2024-01-29T14:36:25.596+0000] {spark_submit.py:571} INFO - at org.apache.spark.deploy.SparkSubmit.submit(SparkSubmit.scala:217)
[2024-01-29T14:36:25.596+0000] {spark_submit.py:571} INFO - at org.apache.spark.deploy.SparkSubmit.doSubmit(SparkSubmit.scala:91)
[2024-01-29T14:36:25.597+0000] {spark_submit.py:571} INFO - at org.apache.spark.deploy.SparkSubmit$$anon$2.doSubmit(SparkSubmit.scala:1120)
[2024-01-29T14:36:25.597+0000] {spark_submit.py:571} INFO - at org.apache.spark.deploy.SparkSubmit$.main(SparkSubmit.scala:1129)
[2024-01-29T14:36:25.597+0000] {spark_submit.py:571} INFO - at org.apache.spark.deploy.SparkSubmit.main(SparkSubmit.scala)
[2024-01-29T14:36:25.610+0000] {spark_submit.py:571} INFO - 24/01/29 14:36:25 WARN FileSystem: Failed to initialize fileystem gs://data-lake-buck/formatted/football_data/season/2024-01-29: java.io.FileNotFoundException: /Users/juniortemgoua/Documents/projects/BigData/DataLake/utils/credentials/google_storage_secret_key_credentials.json (No such file or directory)
[2024-01-29T14:36:25.611+0000] {spark_submit.py:571} INFO - Exception in thread "main" java.io.FileNotFoundException: /Users/juniortemgoua/Documents/projects/BigData/DataLake/utils/credentials/google_storage_secret_key_credentials.json (No such file or directory)
[2024-01-29T14:36:25.611+0000] {spark_submit.py:571} INFO - at java.base/java.io.FileInputStream.open0(Native Method)
[2024-01-29T14:36:25.611+0000] {spark_submit.py:571} INFO - at java.base/java.io.FileInputStream.open(FileInputStream.java:216)
[2024-01-29T14:36:25.612+0000] {spark_submit.py:571} INFO - at java.base/java.io.FileInputStream.<init>(FileInputStream.java:157)
[2024-01-29T14:36:25.612+0000] {spark_submit.py:571} INFO - at java.base/java.io.FileInputStream.<init>(FileInputStream.java:111)
[2024-01-29T14:36:25.612+0000] {spark_submit.py:571} INFO - at com.google.cloud.hadoop.repackaged.gcs.com.google.cloud.hadoop.util.CredentialFactory.getCredentialFromJsonKeyFile(CredentialFactory.java:297)
[2024-01-29T14:36:25.612+0000] {spark_submit.py:571} INFO - at com.google.cloud.hadoop.repackaged.gcs.com.google.cloud.hadoop.util.CredentialFactory.getCredential(CredentialFactory.java:414)
[2024-01-29T14:36:25.612+0000] {spark_submit.py:571} INFO - at com.google.cloud.hadoop.fs.gcs.GoogleHadoopFileSystemBase.getCredential(GoogleHadoopFileSystemBase.java:1434)
[2024-01-29T14:36:25.612+0000] {spark_submit.py:571} INFO - at com.google.cloud.hadoop.fs.gcs.GoogleHadoopFileSystemBase.createGcsFs(GoogleHadoopFileSystemBase.java:1591)
[2024-01-29T14:36:25.612+0000] {spark_submit.py:571} INFO - at com.google.cloud.hadoop.fs.gcs.GoogleHadoopFileSystemBase.configure(GoogleHadoopFileSystemBase.java:1573)
[2024-01-29T14:36:25.613+0000] {spark_submit.py:571} INFO - at com.google.cloud.hadoop.fs.gcs.GoogleHadoopFileSystemBase.initialize(GoogleHadoopFileSystemBase.java:490)
[2024-01-29T14:36:25.613+0000] {spark_submit.py:571} INFO - at org.apache.hadoop.fs.FileSystem.createFileSystem(FileSystem.java:3469)
[2024-01-29T14:36:25.613+0000] {spark_submit.py:571} INFO - at org.apache.hadoop.fs.FileSystem.access$300(FileSystem.java:174)
[2024-01-29T14:36:25.613+0000] {spark_submit.py:571} INFO - at org.apache.hadoop.fs.FileSystem$Cache.getInternal(FileSystem.java:3574)
[2024-01-29T14:36:25.613+0000] {spark_submit.py:571} INFO - at org.apache.hadoop.fs.FileSystem$Cache.get(FileSystem.java:3521)
[2024-01-29T14:36:25.613+0000] {spark_submit.py:571} INFO - at org.apache.hadoop.fs.FileSystem.get(FileSystem.java:540)
[2024-01-29T14:36:25.613+0000] {spark_submit.py:571} INFO - at org.apache.hadoop.fs.Path.getFileSystem(Path.java:365)
[2024-01-29T14:36:25.613+0000] {spark_submit.py:571} INFO - at org.apache.spark.sql.execution.datasources.DataSource$.$anonfun$checkAndGlobPathIfNecessary$1(DataSource.scala:724)
[2024-01-29T14:36:25.614+0000] {spark_submit.py:571} INFO - at scala.collection.immutable.List.map(List.scala:293)
[2024-01-29T14:36:25.614+0000] {spark_submit.py:571} INFO - at org.apache.spark.sql.execution.datasources.DataSource$.checkAndGlobPathIfNecessary(DataSource.scala:722)
[2024-01-29T14:36:25.614+0000] {spark_submit.py:571} INFO - at org.apache.spark.sql.execution.datasources.DataSource.checkAndGlobPathIfNecessary(DataSource.scala:551)
[2024-01-29T14:36:25.614+0000] {spark_submit.py:571} INFO - at org.apache.spark.sql.execution.datasources.DataSource.resolveRelation(DataSource.scala:404)
[2024-01-29T14:36:25.614+0000] {spark_submit.py:571} INFO - at org.apache.spark.sql.DataFrameReader.loadV1Source(DataFrameReader.scala:229)
[2024-01-29T14:36:25.614+0000] {spark_submit.py:571} INFO - at org.apache.spark.sql.DataFrameReader.$anonfun$load$2(DataFrameReader.scala:211)
[2024-01-29T14:36:25.614+0000] {spark_submit.py:571} INFO - at scala.Option.getOrElse(Option.scala:189)
[2024-01-29T14:36:25.614+0000] {spark_submit.py:571} INFO - at org.apache.spark.sql.DataFrameReader.load(DataFrameReader.scala:211)
[2024-01-29T14:36:25.615+0000] {spark_submit.py:571} INFO - at org.apache.spark.sql.DataFrameReader.parquet(DataFrameReader.scala:563)
[2024-01-29T14:36:25.615+0000] {spark_submit.py:571} INFO - at org.apache.spark.sql.DataFrameReader.parquet(DataFrameReader.scala:548)
[2024-01-29T14:36:25.615+0000] {spark_submit.py:571} INFO - at FormattedToUsage$.combineCompetitions(FormattedToUsage.scala:27)
[2024-01-29T14:36:25.615+0000] {spark_submit.py:571} INFO - at FormattedToUsage$.main(FormattedToUsage.scala:20)
[2024-01-29T14:36:25.615+0000] {spark_submit.py:571} INFO - at FormattedToUsage.main(FormattedToUsage.scala)
[2024-01-29T14:36:25.615+0000] {spark_submit.py:571} INFO - at java.base/jdk.internal.reflect.NativeMethodAccessorImpl.invoke0(Native Method)
[2024-01-29T14:36:25.615+0000] {spark_submit.py:571} INFO - at java.base/jdk.internal.reflect.NativeMethodAccessorImpl.invoke(NativeMethodAccessorImpl.java:77)
[2024-01-29T14:36:25.615+0000] {spark_submit.py:571} INFO - at java.base/jdk.internal.reflect.DelegatingMethodAccessorImpl.invoke(DelegatingMethodAccessorImpl.java:43)
[2024-01-29T14:36:25.616+0000] {spark_submit.py:571} INFO - at java.base/java.lang.reflect.Method.invoke(Method.java:568)
[2024-01-29T14:36:25.616+0000] {spark_submit.py:571} INFO - at org.apache.spark.deploy.JavaMainApplication.start(SparkApplication.scala:52)
[2024-01-29T14:36:25.616+0000] {spark_submit.py:571} INFO - at org.apache.spark.deploy.SparkSubmit.org$apache$spark$deploy$SparkSubmit$$runMain(SparkSubmit.scala:1029)
[2024-01-29T14:36:25.616+0000] {spark_submit.py:571} INFO - at org.apache.spark.deploy.SparkSubmit.doRunMain$1(SparkSubmit.scala:194)
[2024-01-29T14:36:25.616+0000] {spark_submit.py:571} INFO - at org.apache.spark.deploy.SparkSubmit.submit(SparkSubmit.scala:217)
[2024-01-29T14:36:25.616+0000] {spark_submit.py:571} INFO - at org.apache.spark.deploy.SparkSubmit.doSubmit(SparkSubmit.scala:91)
[2024-01-29T14:36:25.616+0000] {spark_submit.py:571} INFO - at org.apache.spark.deploy.SparkSubmit$$anon$2.doSubmit(SparkSubmit.scala:1120)
[2024-01-29T14:36:25.616+0000] {spark_submit.py:571} INFO - at org.apache.spark.deploy.SparkSubmit$.main(SparkSubmit.scala:1129)
[2024-01-29T14:36:25.616+0000] {spark_submit.py:571} INFO - at org.apache.spark.deploy.SparkSubmit.main(SparkSubmit.scala)
[2024-01-29T14:36:25.621+0000] {spark_submit.py:571} INFO - 24/01/29 14:36:25 INFO SparkContext: Invoking stop() from shutdown hook
[2024-01-29T14:36:25.621+0000] {spark_submit.py:571} INFO - 24/01/29 14:36:25 INFO SparkContext: SparkContext is stopping with exitCode 0.
[2024-01-29T14:36:25.635+0000] {spark_submit.py:571} INFO - 24/01/29 14:36:25 INFO SparkUI: Stopped Spark web UI at http://instance-1.europe-west9-a.c.data-lake-project-409321.internal:4040
[2024-01-29T14:36:25.656+0000] {spark_submit.py:571} INFO - 24/01/29 14:36:25 INFO MapOutputTrackerMasterEndpoint: MapOutputTrackerMasterEndpoint stopped!
[2024-01-29T14:36:25.674+0000] {spark_submit.py:571} INFO - 24/01/29 14:36:25 INFO MemoryStore: MemoryStore cleared
[2024-01-29T14:36:25.675+0000] {spark_submit.py:571} INFO - 24/01/29 14:36:25 INFO BlockManager: BlockManager stopped
[2024-01-29T14:36:25.690+0000] {spark_submit.py:571} INFO - 24/01/29 14:36:25 INFO BlockManagerMaster: BlockManagerMaster stopped
[2024-01-29T14:36:25.693+0000] {spark_submit.py:571} INFO - 24/01/29 14:36:25 INFO OutputCommitCoordinator$OutputCommitCoordinatorEndpoint: OutputCommitCoordinator stopped!
[2024-01-29T14:36:25.705+0000] {spark_submit.py:571} INFO - 24/01/29 14:36:25 INFO SparkContext: Successfully stopped SparkContext
[2024-01-29T14:36:25.705+0000] {spark_submit.py:571} INFO - 24/01/29 14:36:25 INFO ShutdownHookManager: Shutdown hook called
[2024-01-29T14:36:25.706+0000] {spark_submit.py:571} INFO - 24/01/29 14:36:25 INFO ShutdownHookManager: Deleting directory /tmp/spark-39e53b44-ddfd-46f6-bdbf-405631be2e81
[2024-01-29T14:36:25.711+0000] {spark_submit.py:571} INFO - 24/01/29 14:36:25 INFO ShutdownHookManager: Deleting directory /tmp/spark-bc889c49-346b-4dbc-9261-c9d8d93393e0
[2024-01-29T14:36:25.768+0000] {taskinstance.py:2698} ERROR - Task failed with exception
Traceback (most recent call last):
  File "/home/juniortemgoua0/DataLake/venv/lib/python3.8/site-packages/airflow/models/taskinstance.py", line 433, in _execute_task
    result = execute_callable(context=context, **execute_callable_kwargs)
  File "/home/juniortemgoua0/DataLake/venv/lib/python3.8/site-packages/airflow/providers/apache/spark/operators/spark_submit.py", line 174, in execute
    self._hook.submit(self._application)
  File "/home/juniortemgoua0/DataLake/venv/lib/python3.8/site-packages/airflow/providers/apache/spark/hooks/spark_submit.py", line 502, in submit
    raise AirflowException(
airflow.exceptions.AirflowException: Cannot execute: spark-submit --master local[*] --name arrow-spark --class FormattedToUsage --queue root.default --deploy-mode client /home/juniortemgoua0/DataLake/jobs/processes/scala/spark_process/target/scala-2.12/spark_job_2.12-0.1.0.jar gs://data-lake-buck. Error code is: 1.
[2024-01-29T14:36:25.771+0000] {taskinstance.py:1138} INFO - Marking task as UP_FOR_RETRY. dag_id=manage_data_lake_dag, task_id=job_formatted_to_usage, execution_date=20240129T135918, start_date=20240129T143618, end_date=20240129T143625
[2024-01-29T14:36:25.783+0000] {standard_task_runner.py:107} ERROR - Failed to execute job 127 for task job_formatted_to_usage (Cannot execute: spark-submit --master local[*] --name arrow-spark --class FormattedToUsage --queue root.default --deploy-mode client /home/juniortemgoua0/DataLake/jobs/processes/scala/spark_process/target/scala-2.12/spark_job_2.12-0.1.0.jar gs://data-lake-buck. Error code is: 1.; 44381)
[2024-01-29T14:36:25.799+0000] {local_task_job_runner.py:234} INFO - Task exited with return code 1
[2024-01-29T14:36:25.809+0000] {taskinstance.py:3280} INFO - 0 downstream tasks scheduled from follow-on schedule check
