[2024-01-30T15:40:24.014+0000] {taskinstance.py:1956} INFO - Dependencies all met for dep_context=non-requeueable deps ti=<TaskInstance: manage_data_lake_dag.extract_data_and_load_to_gs manual__2024-01-30T15:40:18.858212+00:00 [queued]>
[2024-01-30T15:40:24.021+0000] {taskinstance.py:1956} INFO - Dependencies all met for dep_context=requeueable deps ti=<TaskInstance: manage_data_lake_dag.extract_data_and_load_to_gs manual__2024-01-30T15:40:18.858212+00:00 [queued]>
[2024-01-30T15:40:24.021+0000] {taskinstance.py:2170} INFO - Starting attempt 1 of 6
[2024-01-30T15:40:24.039+0000] {taskinstance.py:2191} INFO - Executing <Task(PythonOperator): extract_data_and_load_to_gs> on 2024-01-30 15:40:18.858212+00:00
[2024-01-30T15:40:24.047+0000] {standard_task_runner.py:60} INFO - Started process 59206 to run task
[2024-01-30T15:40:24.054+0000] {standard_task_runner.py:87} INFO - Running: ['airflow', 'tasks', 'run', 'manage_data_lake_dag', 'extract_data_and_load_to_gs', 'manual__2024-01-30T15:40:18.858212+00:00', '--job-id', '258', '--raw', '--subdir', 'DAGS_FOLDER/data_lake_dag.py', '--cfg-path', '/tmp/tmpm7zi_gxt']
[2024-01-30T15:40:24.057+0000] {standard_task_runner.py:88} INFO - Job 258: Subtask extract_data_and_load_to_gs
[2024-01-30T15:40:24.100+0000] {task_command.py:423} INFO - Running <TaskInstance: manage_data_lake_dag.extract_data_and_load_to_gs manual__2024-01-30T15:40:18.858212+00:00 [running]> on host instance-1.europe-west9-a.c.data-lake-project-409321.internal
[2024-01-30T15:40:24.168+0000] {taskinstance.py:2480} INFO - Exporting env vars: AIRFLOW_CTX_DAG_OWNER='juniortemgoua0' AIRFLOW_CTX_DAG_ID='manage_data_lake_dag' AIRFLOW_CTX_TASK_ID='extract_data_and_load_to_gs' AIRFLOW_CTX_EXECUTION_DATE='2024-01-30T15:40:18.858212+00:00' AIRFLOW_CTX_TRY_NUMBER='1' AIRFLOW_CTX_DAG_RUN_ID='manual__2024-01-30T15:40:18.858212+00:00'
[2024-01-30T15:40:24.398+0000] {logging_mixin.py:188} INFO - Login to bucket data-lake-buck
[2024-01-30T15:40:25.037+0000] {logging_mixin.py:188} INFO - File was send successfully as raw/football_data/competitions/2024-01-30/BSA.json
[2024-01-30T15:40:33.417+0000] {logging_mixin.py:188} INFO - File was send successfully as raw/football_data/standings/2024-01-30/BSA.json
[2024-01-30T15:40:42.823+0000] {logging_mixin.py:188} INFO - File was send successfully as raw/football_data/competition_matches/2024-01-30/BSA.json
[2024-01-30T15:40:43.195+0000] {logging_mixin.py:188} INFO - File was send successfully as raw/football_data/competitions/2024-01-30/ELC.json
[2024-01-30T15:40:51.585+0000] {logging_mixin.py:188} INFO - File was send successfully as raw/football_data/standings/2024-01-30/ELC.json
[2024-01-30T15:41:01.910+0000] {logging_mixin.py:188} INFO - File was send successfully as raw/football_data/competition_matches/2024-01-30/ELC.json
[2024-01-30T15:41:02.331+0000] {logging_mixin.py:188} INFO - File was send successfully as raw/football_data/competitions/2024-01-30/PL.json
[2024-01-30T15:41:10.716+0000] {logging_mixin.py:188} INFO - File was send successfully as raw/football_data/standings/2024-01-30/PL.json
[2024-01-30T15:41:20.292+0000] {logging_mixin.py:188} INFO - File was send successfully as raw/football_data/competition_matches/2024-01-30/PL.json
[2024-01-30T15:41:20.664+0000] {logging_mixin.py:188} INFO - File was send successfully as raw/football_data/competitions/2024-01-30/CL.json
[2024-01-30T15:41:29.069+0000] {logging_mixin.py:188} INFO - File was send successfully as raw/football_data/standings/2024-01-30/CL.json
[2024-01-30T15:41:37.924+0000] {logging_mixin.py:188} INFO - File was send successfully as raw/football_data/competition_matches/2024-01-30/CL.json
[2024-01-30T15:41:38.317+0000] {logging_mixin.py:188} INFO - File was send successfully as raw/football_data/competitions/2024-01-30/EC.json
[2024-01-30T15:41:46.711+0000] {logging_mixin.py:188} INFO - File was send successfully as raw/football_data/standings/2024-01-30/EC.json
[2024-01-30T15:41:55.252+0000] {logging_mixin.py:188} INFO - File was send successfully as raw/football_data/competition_matches/2024-01-30/EC.json
[2024-01-30T15:41:55.626+0000] {logging_mixin.py:188} INFO - File was send successfully as raw/football_data/competitions/2024-01-30/FL1.json
[2024-01-30T15:42:04.023+0000] {logging_mixin.py:188} INFO - File was send successfully as raw/football_data/standings/2024-01-30/FL1.json
[2024-01-30T15:42:04.876+0000] {local_task_job_runner.py:302} WARNING - State of this instance has been externally set to failed. Terminating instance.
[2024-01-30T15:42:04.881+0000] {process_utils.py:131} INFO - Sending Signals.SIGTERM to group 59206. PIDs of all processes in the group: [59206]
[2024-01-30T15:42:04.881+0000] {process_utils.py:86} INFO - Sending the signal Signals.SIGTERM to group 59206
[2024-01-30T15:42:04.882+0000] {taskinstance.py:2450} ERROR - Received SIGTERM. Terminating subprocesses.
[2024-01-30T15:42:04.942+0000] {process_utils.py:79} INFO - Process psutil.Process(pid=59206, status='terminated', exitcode=0, started='15:40:23') (59206) terminated with exit code 0
