[2024-01-31T07:43:01.513+0000] {taskinstance.py:1956} INFO - Dependencies all met for dep_context=non-requeueable deps ti=<TaskInstance: manage_data_lake_dag.extract_data_and_load_to_gs manual__2024-01-31T07:42:56.616034+00:00 [queued]>
[2024-01-31T07:43:01.519+0000] {taskinstance.py:1956} INFO - Dependencies all met for dep_context=requeueable deps ti=<TaskInstance: manage_data_lake_dag.extract_data_and_load_to_gs manual__2024-01-31T07:42:56.616034+00:00 [queued]>
[2024-01-31T07:43:01.519+0000] {taskinstance.py:2170} INFO - Starting attempt 1 of 6
[2024-01-31T07:43:01.534+0000] {taskinstance.py:2191} INFO - Executing <Task(PythonOperator): extract_data_and_load_to_gs> on 2024-01-31 07:42:56.616034+00:00
[2024-01-31T07:43:01.539+0000] {standard_task_runner.py:60} INFO - Started process 135746 to run task
[2024-01-31T07:43:01.545+0000] {standard_task_runner.py:87} INFO - Running: ['airflow', 'tasks', 'run', 'manage_data_lake_dag', 'extract_data_and_load_to_gs', 'manual__2024-01-31T07:42:56.616034+00:00', '--job-id', '448', '--raw', '--subdir', 'DAGS_FOLDER/data_lake_dag.py', '--cfg-path', '/tmp/tmpd5p_lg_7']
[2024-01-31T07:43:01.548+0000] {standard_task_runner.py:88} INFO - Job 448: Subtask extract_data_and_load_to_gs
[2024-01-31T07:43:01.592+0000] {task_command.py:423} INFO - Running <TaskInstance: manage_data_lake_dag.extract_data_and_load_to_gs manual__2024-01-31T07:42:56.616034+00:00 [running]> on host instance-1.europe-west9-a.c.data-lake-project-409321.internal
[2024-01-31T07:43:01.662+0000] {taskinstance.py:2480} INFO - Exporting env vars: AIRFLOW_CTX_DAG_OWNER='juniortemgoua0' AIRFLOW_CTX_DAG_ID='manage_data_lake_dag' AIRFLOW_CTX_TASK_ID='extract_data_and_load_to_gs' AIRFLOW_CTX_EXECUTION_DATE='2024-01-31T07:42:56.616034+00:00' AIRFLOW_CTX_TRY_NUMBER='1' AIRFLOW_CTX_DAG_RUN_ID='manual__2024-01-31T07:42:56.616034+00:00'
[2024-01-31T07:43:01.895+0000] {logging_mixin.py:188} INFO - Login to bucket data-lake-buck
[2024-01-31T07:43:02.591+0000] {logging_mixin.py:188} INFO - File was send successfully as datalake/raw/football_data/competitions/2024-01-31/BSA.json
[2024-01-31T07:43:02.592+0000] {client.py:192} INFO - Instantiated <InsecureClient(url='http://34.155.106.39:9870')>.
[2024-01-31T07:43:02.592+0000] {client.py:496} INFO - Writing to '/datalake/raw/football_data/competitions/2024-01-31/BSA.json'.
[2024-01-31T07:43:02.649+0000] {util.py:78} ERROR - Exception in child.
Traceback (most recent call last):
  File "/home/juniortemgoua0/DataLake/venv/lib/python3.8/site-packages/hdfs/util.py", line 76, in consumer
    self._consumer(data)
  File "/home/juniortemgoua0/DataLake/venv/lib/python3.8/site-packages/hdfs/client.py", line 515, in consumer
    raise _to_error(res)
hdfs.util.HdfsError: /datalake/raw/football_data/competitions/2024-01-31/BSA.json for client 10.200.0.4 already exists
	at org.apache.hadoop.hdfs.server.namenode.FSDirWriteFileOp.startFile(FSDirWriteFileOp.java:389)
	at org.apache.hadoop.hdfs.server.namenode.FSNamesystem.startFileInt(FSNamesystem.java:2732)
	at org.apache.hadoop.hdfs.server.namenode.FSNamesystem.startFile(FSNamesystem.java:2625)
	at org.apache.hadoop.hdfs.server.namenode.NameNodeRpcServer.create(NameNodeRpcServer.java:807)
	at org.apache.hadoop.hdfs.protocolPB.ClientNamenodeProtocolServerSideTranslatorPB.create(ClientNamenodeProtocolServerSideTranslatorPB.java:496)
	at org.apache.hadoop.hdfs.protocol.proto.ClientNamenodeProtocolProtos$ClientNamenodeProtocol$2.callBlockingMethod(ClientNamenodeProtocolProtos.java)
	at org.apache.hadoop.ipc.ProtobufRpcEngine2$Server$ProtoBufRpcInvoker.call(ProtobufRpcEngine2.java:621)
	at org.apache.hadoop.ipc.ProtobufRpcEngine2$Server$ProtoBufRpcInvoker.call(ProtobufRpcEngine2.java:589)
	at org.apache.hadoop.ipc.ProtobufRpcEngine2$Server$ProtoBufRpcInvoker.call(ProtobufRpcEngine2.java:573)
	at org.apache.hadoop.ipc.RPC$Server.call(RPC.java:1227)
	at org.apache.hadoop.ipc.Server$RpcCall.run(Server.java:1094)
	at org.apache.hadoop.ipc.Server$RpcCall.run(Server.java:1017)
	at java.base/java.security.AccessController.doPrivileged(Native Method)
	at java.base/javax.security.auth.Subject.doAs(Subject.java:423)
	at org.apache.hadoop.security.UserGroupInformation.doAs(UserGroupInformation.java:1899)
	at org.apache.hadoop.ipc.Server$Handler.run(Server.java:3048)

[2024-01-31T07:43:02.652+0000] {logging_mixin.py:188} INFO - Erreur : Impossible d'écrire l'objet JSON dans datalake/raw/football_data/competitions/2024-01-31/BSA.json. Erreur : /datalake/raw/football_data/competitions/2024-01-31/BSA.json for client 10.200.0.4 already exists
	at org.apache.hadoop.hdfs.server.namenode.FSDirWriteFileOp.startFile(FSDirWriteFileOp.java:389)
	at org.apache.hadoop.hdfs.server.namenode.FSNamesystem.startFileInt(FSNamesystem.java:2732)
	at org.apache.hadoop.hdfs.server.namenode.FSNamesystem.startFile(FSNamesystem.java:2625)
	at org.apache.hadoop.hdfs.server.namenode.NameNodeRpcServer.create(NameNodeRpcServer.java:807)
	at org.apache.hadoop.hdfs.protocolPB.ClientNamenodeProtocolServerSideTranslatorPB.create(ClientNamenodeProtocolServerSideTranslatorPB.java:496)
	at org.apache.hadoop.hdfs.protocol.proto.ClientNamenodeProtocolProtos$ClientNamenodeProtocol$2.callBlockingMethod(ClientNamenodeProtocolProtos.java)
	at org.apache.hadoop.ipc.ProtobufRpcEngine2$Server$ProtoBufRpcInvoker.call(ProtobufRpcEngine2.java:621)
	at org.apache.hadoop.ipc.ProtobufRpcEngine2$Server$ProtoBufRpcInvoker.call(ProtobufRpcEngine2.java:589)
	at org.apache.hadoop.ipc.ProtobufRpcEngine2$Server$ProtoBufRpcInvoker.call(ProtobufRpcEngine2.java:573)
	at org.apache.hadoop.ipc.RPC$Server.call(RPC.java:1227)
	at org.apache.hadoop.ipc.Server$RpcCall.run(Server.java:1094)
	at org.apache.hadoop.ipc.Server$RpcCall.run(Server.java:1017)
	at java.base/java.security.AccessController.doPrivileged(Native Method)
	at java.base/javax.security.auth.Subject.doAs(Subject.java:423)
	at org.apache.hadoop.security.UserGroupInformation.doAs(UserGroupInformation.java:1899)
	at org.apache.hadoop.ipc.Server$Handler.run(Server.java:3048)
[2024-01-31T07:43:11.103+0000] {logging_mixin.py:188} INFO - File was send successfully as datalake/raw/football_data/standings/2024-01-31/BSA.json
[2024-01-31T07:43:11.104+0000] {client.py:192} INFO - Instantiated <InsecureClient(url='http://34.155.106.39:9870')>.
[2024-01-31T07:43:11.104+0000] {client.py:496} INFO - Writing to '/datalake/raw/football_data/standings/2024-01-31/BSA.json'.
[2024-01-31T07:43:11.156+0000] {util.py:78} ERROR - Exception in child.
Traceback (most recent call last):
  File "/home/juniortemgoua0/DataLake/venv/lib/python3.8/site-packages/hdfs/util.py", line 76, in consumer
    self._consumer(data)
  File "/home/juniortemgoua0/DataLake/venv/lib/python3.8/site-packages/hdfs/client.py", line 515, in consumer
    raise _to_error(res)
hdfs.util.HdfsError: /datalake/raw/football_data/standings/2024-01-31/BSA.json for client 10.200.0.4 already exists
	at org.apache.hadoop.hdfs.server.namenode.FSDirWriteFileOp.startFile(FSDirWriteFileOp.java:389)
	at org.apache.hadoop.hdfs.server.namenode.FSNamesystem.startFileInt(FSNamesystem.java:2732)
	at org.apache.hadoop.hdfs.server.namenode.FSNamesystem.startFile(FSNamesystem.java:2625)
	at org.apache.hadoop.hdfs.server.namenode.NameNodeRpcServer.create(NameNodeRpcServer.java:807)
	at org.apache.hadoop.hdfs.protocolPB.ClientNamenodeProtocolServerSideTranslatorPB.create(ClientNamenodeProtocolServerSideTranslatorPB.java:496)
	at org.apache.hadoop.hdfs.protocol.proto.ClientNamenodeProtocolProtos$ClientNamenodeProtocol$2.callBlockingMethod(ClientNamenodeProtocolProtos.java)
	at org.apache.hadoop.ipc.ProtobufRpcEngine2$Server$ProtoBufRpcInvoker.call(ProtobufRpcEngine2.java:621)
	at org.apache.hadoop.ipc.ProtobufRpcEngine2$Server$ProtoBufRpcInvoker.call(ProtobufRpcEngine2.java:589)
	at org.apache.hadoop.ipc.ProtobufRpcEngine2$Server$ProtoBufRpcInvoker.call(ProtobufRpcEngine2.java:573)
	at org.apache.hadoop.ipc.RPC$Server.call(RPC.java:1227)
	at org.apache.hadoop.ipc.Server$RpcCall.run(Server.java:1094)
	at org.apache.hadoop.ipc.Server$RpcCall.run(Server.java:1017)
	at java.base/java.security.AccessController.doPrivileged(Native Method)
	at java.base/javax.security.auth.Subject.doAs(Subject.java:423)
	at org.apache.hadoop.security.UserGroupInformation.doAs(UserGroupInformation.java:1899)
	at org.apache.hadoop.ipc.Server$Handler.run(Server.java:3048)

[2024-01-31T07:43:11.157+0000] {logging_mixin.py:188} INFO - Erreur : Impossible d'écrire l'objet JSON dans datalake/raw/football_data/standings/2024-01-31/BSA.json. Erreur : /datalake/raw/football_data/standings/2024-01-31/BSA.json for client 10.200.0.4 already exists
	at org.apache.hadoop.hdfs.server.namenode.FSDirWriteFileOp.startFile(FSDirWriteFileOp.java:389)
	at org.apache.hadoop.hdfs.server.namenode.FSNamesystem.startFileInt(FSNamesystem.java:2732)
	at org.apache.hadoop.hdfs.server.namenode.FSNamesystem.startFile(FSNamesystem.java:2625)
	at org.apache.hadoop.hdfs.server.namenode.NameNodeRpcServer.create(NameNodeRpcServer.java:807)
	at org.apache.hadoop.hdfs.protocolPB.ClientNamenodeProtocolServerSideTranslatorPB.create(ClientNamenodeProtocolServerSideTranslatorPB.java:496)
	at org.apache.hadoop.hdfs.protocol.proto.ClientNamenodeProtocolProtos$ClientNamenodeProtocol$2.callBlockingMethod(ClientNamenodeProtocolProtos.java)
	at org.apache.hadoop.ipc.ProtobufRpcEngine2$Server$ProtoBufRpcInvoker.call(ProtobufRpcEngine2.java:621)
	at org.apache.hadoop.ipc.ProtobufRpcEngine2$Server$ProtoBufRpcInvoker.call(ProtobufRpcEngine2.java:589)
	at org.apache.hadoop.ipc.ProtobufRpcEngine2$Server$ProtoBufRpcInvoker.call(ProtobufRpcEngine2.java:573)
	at org.apache.hadoop.ipc.RPC$Server.call(RPC.java:1227)
	at org.apache.hadoop.ipc.Server$RpcCall.run(Server.java:1094)
	at org.apache.hadoop.ipc.Server$RpcCall.run(Server.java:1017)
	at java.base/java.security.AccessController.doPrivileged(Native Method)
	at java.base/javax.security.auth.Subject.doAs(Subject.java:423)
	at org.apache.hadoop.security.UserGroupInformation.doAs(UserGroupInformation.java:1899)
	at org.apache.hadoop.ipc.Server$Handler.run(Server.java:3048)
[2024-01-31T07:43:20.669+0000] {logging_mixin.py:188} INFO - File was send successfully as datalake/raw/football_data/competition_matches/2024-01-31/BSA.json
[2024-01-31T07:43:20.670+0000] {client.py:192} INFO - Instantiated <InsecureClient(url='http://34.155.106.39:9870')>.
[2024-01-31T07:43:20.680+0000] {client.py:496} INFO - Writing to '/datalake/raw/football_data/competition_matches/2024-01-31/BSA.json'.
[2024-01-31T07:43:20.704+0000] {util.py:78} ERROR - Exception in child.
Traceback (most recent call last):
  File "/home/juniortemgoua0/DataLake/venv/lib/python3.8/site-packages/hdfs/util.py", line 76, in consumer
    self._consumer(data)
  File "/home/juniortemgoua0/DataLake/venv/lib/python3.8/site-packages/hdfs/client.py", line 515, in consumer
    raise _to_error(res)
hdfs.util.HdfsError: /datalake/raw/football_data/competition_matches/2024-01-31/BSA.json for client 10.200.0.4 already exists
	at org.apache.hadoop.hdfs.server.namenode.FSDirWriteFileOp.startFile(FSDirWriteFileOp.java:389)
	at org.apache.hadoop.hdfs.server.namenode.FSNamesystem.startFileInt(FSNamesystem.java:2732)
	at org.apache.hadoop.hdfs.server.namenode.FSNamesystem.startFile(FSNamesystem.java:2625)
	at org.apache.hadoop.hdfs.server.namenode.NameNodeRpcServer.create(NameNodeRpcServer.java:807)
	at org.apache.hadoop.hdfs.protocolPB.ClientNamenodeProtocolServerSideTranslatorPB.create(ClientNamenodeProtocolServerSideTranslatorPB.java:496)
	at org.apache.hadoop.hdfs.protocol.proto.ClientNamenodeProtocolProtos$ClientNamenodeProtocol$2.callBlockingMethod(ClientNamenodeProtocolProtos.java)
	at org.apache.hadoop.ipc.ProtobufRpcEngine2$Server$ProtoBufRpcInvoker.call(ProtobufRpcEngine2.java:621)
	at org.apache.hadoop.ipc.ProtobufRpcEngine2$Server$ProtoBufRpcInvoker.call(ProtobufRpcEngine2.java:589)
	at org.apache.hadoop.ipc.ProtobufRpcEngine2$Server$ProtoBufRpcInvoker.call(ProtobufRpcEngine2.java:573)
	at org.apache.hadoop.ipc.RPC$Server.call(RPC.java:1227)
	at org.apache.hadoop.ipc.Server$RpcCall.run(Server.java:1094)
	at org.apache.hadoop.ipc.Server$RpcCall.run(Server.java:1017)
	at java.base/java.security.AccessController.doPrivileged(Native Method)
	at java.base/javax.security.auth.Subject.doAs(Subject.java:423)
	at org.apache.hadoop.security.UserGroupInformation.doAs(UserGroupInformation.java:1899)
	at org.apache.hadoop.ipc.Server$Handler.run(Server.java:3048)

[2024-01-31T07:43:20.705+0000] {logging_mixin.py:188} INFO - Erreur : Impossible d'écrire l'objet JSON dans datalake/raw/football_data/competition_matches/2024-01-31/BSA.json. Erreur : /datalake/raw/football_data/competition_matches/2024-01-31/BSA.json for client 10.200.0.4 already exists
	at org.apache.hadoop.hdfs.server.namenode.FSDirWriteFileOp.startFile(FSDirWriteFileOp.java:389)
	at org.apache.hadoop.hdfs.server.namenode.FSNamesystem.startFileInt(FSNamesystem.java:2732)
	at org.apache.hadoop.hdfs.server.namenode.FSNamesystem.startFile(FSNamesystem.java:2625)
	at org.apache.hadoop.hdfs.server.namenode.NameNodeRpcServer.create(NameNodeRpcServer.java:807)
	at org.apache.hadoop.hdfs.protocolPB.ClientNamenodeProtocolServerSideTranslatorPB.create(ClientNamenodeProtocolServerSideTranslatorPB.java:496)
	at org.apache.hadoop.hdfs.protocol.proto.ClientNamenodeProtocolProtos$ClientNamenodeProtocol$2.callBlockingMethod(ClientNamenodeProtocolProtos.java)
	at org.apache.hadoop.ipc.ProtobufRpcEngine2$Server$ProtoBufRpcInvoker.call(ProtobufRpcEngine2.java:621)
	at org.apache.hadoop.ipc.ProtobufRpcEngine2$Server$ProtoBufRpcInvoker.call(ProtobufRpcEngine2.java:589)
	at org.apache.hadoop.ipc.ProtobufRpcEngine2$Server$ProtoBufRpcInvoker.call(ProtobufRpcEngine2.java:573)
	at org.apache.hadoop.ipc.RPC$Server.call(RPC.java:1227)
	at org.apache.hadoop.ipc.Server$RpcCall.run(Server.java:1094)
	at org.apache.hadoop.ipc.Server$RpcCall.run(Server.java:1017)
	at java.base/java.security.AccessController.doPrivileged(Native Method)
	at java.base/javax.security.auth.Subject.doAs(Subject.java:423)
	at org.apache.hadoop.security.UserGroupInformation.doAs(UserGroupInformation.java:1899)
	at org.apache.hadoop.ipc.Server$Handler.run(Server.java:3048)
[2024-01-31T07:43:21.070+0000] {logging_mixin.py:188} INFO - File was send successfully as datalake/raw/football_data/competitions/2024-01-31/ELC.json
[2024-01-31T07:43:21.070+0000] {client.py:192} INFO - Instantiated <InsecureClient(url='http://34.155.106.39:9870')>.
[2024-01-31T07:43:21.070+0000] {client.py:496} INFO - Writing to '/datalake/raw/football_data/competitions/2024-01-31/ELC.json'.
[2024-01-31T07:43:21.095+0000] {util.py:78} ERROR - Exception in child.
Traceback (most recent call last):
  File "/home/juniortemgoua0/DataLake/venv/lib/python3.8/site-packages/hdfs/util.py", line 76, in consumer
    self._consumer(data)
  File "/home/juniortemgoua0/DataLake/venv/lib/python3.8/site-packages/hdfs/client.py", line 515, in consumer
    raise _to_error(res)
hdfs.util.HdfsError: /datalake/raw/football_data/competitions/2024-01-31/ELC.json for client 10.200.0.4 already exists
	at org.apache.hadoop.hdfs.server.namenode.FSDirWriteFileOp.startFile(FSDirWriteFileOp.java:389)
	at org.apache.hadoop.hdfs.server.namenode.FSNamesystem.startFileInt(FSNamesystem.java:2732)
	at org.apache.hadoop.hdfs.server.namenode.FSNamesystem.startFile(FSNamesystem.java:2625)
	at org.apache.hadoop.hdfs.server.namenode.NameNodeRpcServer.create(NameNodeRpcServer.java:807)
	at org.apache.hadoop.hdfs.protocolPB.ClientNamenodeProtocolServerSideTranslatorPB.create(ClientNamenodeProtocolServerSideTranslatorPB.java:496)
	at org.apache.hadoop.hdfs.protocol.proto.ClientNamenodeProtocolProtos$ClientNamenodeProtocol$2.callBlockingMethod(ClientNamenodeProtocolProtos.java)
	at org.apache.hadoop.ipc.ProtobufRpcEngine2$Server$ProtoBufRpcInvoker.call(ProtobufRpcEngine2.java:621)
	at org.apache.hadoop.ipc.ProtobufRpcEngine2$Server$ProtoBufRpcInvoker.call(ProtobufRpcEngine2.java:589)
	at org.apache.hadoop.ipc.ProtobufRpcEngine2$Server$ProtoBufRpcInvoker.call(ProtobufRpcEngine2.java:573)
	at org.apache.hadoop.ipc.RPC$Server.call(RPC.java:1227)
	at org.apache.hadoop.ipc.Server$RpcCall.run(Server.java:1094)
	at org.apache.hadoop.ipc.Server$RpcCall.run(Server.java:1017)
	at java.base/java.security.AccessController.doPrivileged(Native Method)
	at java.base/javax.security.auth.Subject.doAs(Subject.java:423)
	at org.apache.hadoop.security.UserGroupInformation.doAs(UserGroupInformation.java:1899)
	at org.apache.hadoop.ipc.Server$Handler.run(Server.java:3048)

[2024-01-31T07:43:21.096+0000] {logging_mixin.py:188} INFO - Erreur : Impossible d'écrire l'objet JSON dans datalake/raw/football_data/competitions/2024-01-31/ELC.json. Erreur : /datalake/raw/football_data/competitions/2024-01-31/ELC.json for client 10.200.0.4 already exists
	at org.apache.hadoop.hdfs.server.namenode.FSDirWriteFileOp.startFile(FSDirWriteFileOp.java:389)
	at org.apache.hadoop.hdfs.server.namenode.FSNamesystem.startFileInt(FSNamesystem.java:2732)
	at org.apache.hadoop.hdfs.server.namenode.FSNamesystem.startFile(FSNamesystem.java:2625)
	at org.apache.hadoop.hdfs.server.namenode.NameNodeRpcServer.create(NameNodeRpcServer.java:807)
	at org.apache.hadoop.hdfs.protocolPB.ClientNamenodeProtocolServerSideTranslatorPB.create(ClientNamenodeProtocolServerSideTranslatorPB.java:496)
	at org.apache.hadoop.hdfs.protocol.proto.ClientNamenodeProtocolProtos$ClientNamenodeProtocol$2.callBlockingMethod(ClientNamenodeProtocolProtos.java)
	at org.apache.hadoop.ipc.ProtobufRpcEngine2$Server$ProtoBufRpcInvoker.call(ProtobufRpcEngine2.java:621)
	at org.apache.hadoop.ipc.ProtobufRpcEngine2$Server$ProtoBufRpcInvoker.call(ProtobufRpcEngine2.java:589)
	at org.apache.hadoop.ipc.ProtobufRpcEngine2$Server$ProtoBufRpcInvoker.call(ProtobufRpcEngine2.java:573)
	at org.apache.hadoop.ipc.RPC$Server.call(RPC.java:1227)
	at org.apache.hadoop.ipc.Server$RpcCall.run(Server.java:1094)
	at org.apache.hadoop.ipc.Server$RpcCall.run(Server.java:1017)
	at java.base/java.security.AccessController.doPrivileged(Native Method)
	at java.base/javax.security.auth.Subject.doAs(Subject.java:423)
	at org.apache.hadoop.security.UserGroupInformation.doAs(UserGroupInformation.java:1899)
	at org.apache.hadoop.ipc.Server$Handler.run(Server.java:3048)
[2024-01-31T07:43:29.505+0000] {logging_mixin.py:188} INFO - File was send successfully as datalake/raw/football_data/standings/2024-01-31/ELC.json
[2024-01-31T07:43:29.505+0000] {client.py:192} INFO - Instantiated <InsecureClient(url='http://34.155.106.39:9870')>.
[2024-01-31T07:43:29.506+0000] {client.py:496} INFO - Writing to '/datalake/raw/football_data/standings/2024-01-31/ELC.json'.
[2024-01-31T07:43:29.533+0000] {util.py:78} ERROR - Exception in child.
Traceback (most recent call last):
  File "/home/juniortemgoua0/DataLake/venv/lib/python3.8/site-packages/hdfs/util.py", line 76, in consumer
    self._consumer(data)
  File "/home/juniortemgoua0/DataLake/venv/lib/python3.8/site-packages/hdfs/client.py", line 515, in consumer
    raise _to_error(res)
hdfs.util.HdfsError: /datalake/raw/football_data/standings/2024-01-31/ELC.json for client 10.200.0.4 already exists
	at org.apache.hadoop.hdfs.server.namenode.FSDirWriteFileOp.startFile(FSDirWriteFileOp.java:389)
	at org.apache.hadoop.hdfs.server.namenode.FSNamesystem.startFileInt(FSNamesystem.java:2732)
	at org.apache.hadoop.hdfs.server.namenode.FSNamesystem.startFile(FSNamesystem.java:2625)
	at org.apache.hadoop.hdfs.server.namenode.NameNodeRpcServer.create(NameNodeRpcServer.java:807)
	at org.apache.hadoop.hdfs.protocolPB.ClientNamenodeProtocolServerSideTranslatorPB.create(ClientNamenodeProtocolServerSideTranslatorPB.java:496)
	at org.apache.hadoop.hdfs.protocol.proto.ClientNamenodeProtocolProtos$ClientNamenodeProtocol$2.callBlockingMethod(ClientNamenodeProtocolProtos.java)
	at org.apache.hadoop.ipc.ProtobufRpcEngine2$Server$ProtoBufRpcInvoker.call(ProtobufRpcEngine2.java:621)
	at org.apache.hadoop.ipc.ProtobufRpcEngine2$Server$ProtoBufRpcInvoker.call(ProtobufRpcEngine2.java:589)
	at org.apache.hadoop.ipc.ProtobufRpcEngine2$Server$ProtoBufRpcInvoker.call(ProtobufRpcEngine2.java:573)
	at org.apache.hadoop.ipc.RPC$Server.call(RPC.java:1227)
	at org.apache.hadoop.ipc.Server$RpcCall.run(Server.java:1094)
	at org.apache.hadoop.ipc.Server$RpcCall.run(Server.java:1017)
	at java.base/java.security.AccessController.doPrivileged(Native Method)
	at java.base/javax.security.auth.Subject.doAs(Subject.java:423)
	at org.apache.hadoop.security.UserGroupInformation.doAs(UserGroupInformation.java:1899)
	at org.apache.hadoop.ipc.Server$Handler.run(Server.java:3048)

[2024-01-31T07:43:29.534+0000] {logging_mixin.py:188} INFO - Erreur : Impossible d'écrire l'objet JSON dans datalake/raw/football_data/standings/2024-01-31/ELC.json. Erreur : /datalake/raw/football_data/standings/2024-01-31/ELC.json for client 10.200.0.4 already exists
	at org.apache.hadoop.hdfs.server.namenode.FSDirWriteFileOp.startFile(FSDirWriteFileOp.java:389)
	at org.apache.hadoop.hdfs.server.namenode.FSNamesystem.startFileInt(FSNamesystem.java:2732)
	at org.apache.hadoop.hdfs.server.namenode.FSNamesystem.startFile(FSNamesystem.java:2625)
	at org.apache.hadoop.hdfs.server.namenode.NameNodeRpcServer.create(NameNodeRpcServer.java:807)
	at org.apache.hadoop.hdfs.protocolPB.ClientNamenodeProtocolServerSideTranslatorPB.create(ClientNamenodeProtocolServerSideTranslatorPB.java:496)
	at org.apache.hadoop.hdfs.protocol.proto.ClientNamenodeProtocolProtos$ClientNamenodeProtocol$2.callBlockingMethod(ClientNamenodeProtocolProtos.java)
	at org.apache.hadoop.ipc.ProtobufRpcEngine2$Server$ProtoBufRpcInvoker.call(ProtobufRpcEngine2.java:621)
	at org.apache.hadoop.ipc.ProtobufRpcEngine2$Server$ProtoBufRpcInvoker.call(ProtobufRpcEngine2.java:589)
	at org.apache.hadoop.ipc.ProtobufRpcEngine2$Server$ProtoBufRpcInvoker.call(ProtobufRpcEngine2.java:573)
	at org.apache.hadoop.ipc.RPC$Server.call(RPC.java:1227)
	at org.apache.hadoop.ipc.Server$RpcCall.run(Server.java:1094)
	at org.apache.hadoop.ipc.Server$RpcCall.run(Server.java:1017)
	at java.base/java.security.AccessController.doPrivileged(Native Method)
	at java.base/javax.security.auth.Subject.doAs(Subject.java:423)
	at org.apache.hadoop.security.UserGroupInformation.doAs(UserGroupInformation.java:1899)
	at org.apache.hadoop.ipc.Server$Handler.run(Server.java:3048)
[2024-01-31T07:43:40.005+0000] {logging_mixin.py:188} INFO - File was send successfully as datalake/raw/football_data/competition_matches/2024-01-31/ELC.json
[2024-01-31T07:43:40.005+0000] {client.py:192} INFO - Instantiated <InsecureClient(url='http://34.155.106.39:9870')>.
[2024-01-31T07:43:40.105+0000] {client.py:496} INFO - Writing to '/datalake/raw/football_data/competition_matches/2024-01-31/ELC.json'.
[2024-01-31T07:43:40.169+0000] {util.py:78} ERROR - Exception in child.
Traceback (most recent call last):
  File "/home/juniortemgoua0/DataLake/venv/lib/python3.8/site-packages/hdfs/util.py", line 76, in consumer
    self._consumer(data)
  File "/home/juniortemgoua0/DataLake/venv/lib/python3.8/site-packages/hdfs/client.py", line 515, in consumer
    raise _to_error(res)
hdfs.util.HdfsError: /datalake/raw/football_data/competition_matches/2024-01-31/ELC.json for client 10.200.0.4 already exists
	at org.apache.hadoop.hdfs.server.namenode.FSDirWriteFileOp.startFile(FSDirWriteFileOp.java:389)
	at org.apache.hadoop.hdfs.server.namenode.FSNamesystem.startFileInt(FSNamesystem.java:2732)
	at org.apache.hadoop.hdfs.server.namenode.FSNamesystem.startFile(FSNamesystem.java:2625)
	at org.apache.hadoop.hdfs.server.namenode.NameNodeRpcServer.create(NameNodeRpcServer.java:807)
	at org.apache.hadoop.hdfs.protocolPB.ClientNamenodeProtocolServerSideTranslatorPB.create(ClientNamenodeProtocolServerSideTranslatorPB.java:496)
	at org.apache.hadoop.hdfs.protocol.proto.ClientNamenodeProtocolProtos$ClientNamenodeProtocol$2.callBlockingMethod(ClientNamenodeProtocolProtos.java)
	at org.apache.hadoop.ipc.ProtobufRpcEngine2$Server$ProtoBufRpcInvoker.call(ProtobufRpcEngine2.java:621)
	at org.apache.hadoop.ipc.ProtobufRpcEngine2$Server$ProtoBufRpcInvoker.call(ProtobufRpcEngine2.java:589)
	at org.apache.hadoop.ipc.ProtobufRpcEngine2$Server$ProtoBufRpcInvoker.call(ProtobufRpcEngine2.java:573)
	at org.apache.hadoop.ipc.RPC$Server.call(RPC.java:1227)
	at org.apache.hadoop.ipc.Server$RpcCall.run(Server.java:1094)
	at org.apache.hadoop.ipc.Server$RpcCall.run(Server.java:1017)
	at java.base/java.security.AccessController.doPrivileged(Native Method)
	at java.base/javax.security.auth.Subject.doAs(Subject.java:423)
	at org.apache.hadoop.security.UserGroupInformation.doAs(UserGroupInformation.java:1899)
	at org.apache.hadoop.ipc.Server$Handler.run(Server.java:3048)

[2024-01-31T07:43:40.169+0000] {logging_mixin.py:188} INFO - Erreur : Impossible d'écrire l'objet JSON dans datalake/raw/football_data/competition_matches/2024-01-31/ELC.json. Erreur : /datalake/raw/football_data/competition_matches/2024-01-31/ELC.json for client 10.200.0.4 already exists
	at org.apache.hadoop.hdfs.server.namenode.FSDirWriteFileOp.startFile(FSDirWriteFileOp.java:389)
	at org.apache.hadoop.hdfs.server.namenode.FSNamesystem.startFileInt(FSNamesystem.java:2732)
	at org.apache.hadoop.hdfs.server.namenode.FSNamesystem.startFile(FSNamesystem.java:2625)
	at org.apache.hadoop.hdfs.server.namenode.NameNodeRpcServer.create(NameNodeRpcServer.java:807)
	at org.apache.hadoop.hdfs.protocolPB.ClientNamenodeProtocolServerSideTranslatorPB.create(ClientNamenodeProtocolServerSideTranslatorPB.java:496)
	at org.apache.hadoop.hdfs.protocol.proto.ClientNamenodeProtocolProtos$ClientNamenodeProtocol$2.callBlockingMethod(ClientNamenodeProtocolProtos.java)
	at org.apache.hadoop.ipc.ProtobufRpcEngine2$Server$ProtoBufRpcInvoker.call(ProtobufRpcEngine2.java:621)
	at org.apache.hadoop.ipc.ProtobufRpcEngine2$Server$ProtoBufRpcInvoker.call(ProtobufRpcEngine2.java:589)
	at org.apache.hadoop.ipc.ProtobufRpcEngine2$Server$ProtoBufRpcInvoker.call(ProtobufRpcEngine2.java:573)
	at org.apache.hadoop.ipc.RPC$Server.call(RPC.java:1227)
	at org.apache.hadoop.ipc.Server$RpcCall.run(Server.java:1094)
	at org.apache.hadoop.ipc.Server$RpcCall.run(Server.java:1017)
	at java.base/java.security.AccessController.doPrivileged(Native Method)
	at java.base/javax.security.auth.Subject.doAs(Subject.java:423)
	at org.apache.hadoop.security.UserGroupInformation.doAs(UserGroupInformation.java:1899)
	at org.apache.hadoop.ipc.Server$Handler.run(Server.java:3048)
[2024-01-31T07:43:40.638+0000] {logging_mixin.py:188} INFO - File was send successfully as datalake/raw/football_data/competitions/2024-01-31/PL.json
[2024-01-31T07:43:40.638+0000] {client.py:192} INFO - Instantiated <InsecureClient(url='http://34.155.106.39:9870')>.
[2024-01-31T07:43:40.639+0000] {client.py:496} INFO - Writing to '/datalake/raw/football_data/competitions/2024-01-31/PL.json'.
[2024-01-31T07:43:40.663+0000] {util.py:78} ERROR - Exception in child.
Traceback (most recent call last):
  File "/home/juniortemgoua0/DataLake/venv/lib/python3.8/site-packages/hdfs/util.py", line 76, in consumer
    self._consumer(data)
  File "/home/juniortemgoua0/DataLake/venv/lib/python3.8/site-packages/hdfs/client.py", line 515, in consumer
    raise _to_error(res)
hdfs.util.HdfsError: /datalake/raw/football_data/competitions/2024-01-31/PL.json for client 10.200.0.4 already exists
	at org.apache.hadoop.hdfs.server.namenode.FSDirWriteFileOp.startFile(FSDirWriteFileOp.java:389)
	at org.apache.hadoop.hdfs.server.namenode.FSNamesystem.startFileInt(FSNamesystem.java:2732)
	at org.apache.hadoop.hdfs.server.namenode.FSNamesystem.startFile(FSNamesystem.java:2625)
	at org.apache.hadoop.hdfs.server.namenode.NameNodeRpcServer.create(NameNodeRpcServer.java:807)
	at org.apache.hadoop.hdfs.protocolPB.ClientNamenodeProtocolServerSideTranslatorPB.create(ClientNamenodeProtocolServerSideTranslatorPB.java:496)
	at org.apache.hadoop.hdfs.protocol.proto.ClientNamenodeProtocolProtos$ClientNamenodeProtocol$2.callBlockingMethod(ClientNamenodeProtocolProtos.java)
	at org.apache.hadoop.ipc.ProtobufRpcEngine2$Server$ProtoBufRpcInvoker.call(ProtobufRpcEngine2.java:621)
	at org.apache.hadoop.ipc.ProtobufRpcEngine2$Server$ProtoBufRpcInvoker.call(ProtobufRpcEngine2.java:589)
	at org.apache.hadoop.ipc.ProtobufRpcEngine2$Server$ProtoBufRpcInvoker.call(ProtobufRpcEngine2.java:573)
	at org.apache.hadoop.ipc.RPC$Server.call(RPC.java:1227)
	at org.apache.hadoop.ipc.Server$RpcCall.run(Server.java:1094)
	at org.apache.hadoop.ipc.Server$RpcCall.run(Server.java:1017)
	at java.base/java.security.AccessController.doPrivileged(Native Method)
	at java.base/javax.security.auth.Subject.doAs(Subject.java:423)
	at org.apache.hadoop.security.UserGroupInformation.doAs(UserGroupInformation.java:1899)
	at org.apache.hadoop.ipc.Server$Handler.run(Server.java:3048)

[2024-01-31T07:43:40.664+0000] {logging_mixin.py:188} INFO - Erreur : Impossible d'écrire l'objet JSON dans datalake/raw/football_data/competitions/2024-01-31/PL.json. Erreur : /datalake/raw/football_data/competitions/2024-01-31/PL.json for client 10.200.0.4 already exists
	at org.apache.hadoop.hdfs.server.namenode.FSDirWriteFileOp.startFile(FSDirWriteFileOp.java:389)
	at org.apache.hadoop.hdfs.server.namenode.FSNamesystem.startFileInt(FSNamesystem.java:2732)
	at org.apache.hadoop.hdfs.server.namenode.FSNamesystem.startFile(FSNamesystem.java:2625)
	at org.apache.hadoop.hdfs.server.namenode.NameNodeRpcServer.create(NameNodeRpcServer.java:807)
	at org.apache.hadoop.hdfs.protocolPB.ClientNamenodeProtocolServerSideTranslatorPB.create(ClientNamenodeProtocolServerSideTranslatorPB.java:496)
	at org.apache.hadoop.hdfs.protocol.proto.ClientNamenodeProtocolProtos$ClientNamenodeProtocol$2.callBlockingMethod(ClientNamenodeProtocolProtos.java)
	at org.apache.hadoop.ipc.ProtobufRpcEngine2$Server$ProtoBufRpcInvoker.call(ProtobufRpcEngine2.java:621)
	at org.apache.hadoop.ipc.ProtobufRpcEngine2$Server$ProtoBufRpcInvoker.call(ProtobufRpcEngine2.java:589)
	at org.apache.hadoop.ipc.ProtobufRpcEngine2$Server$ProtoBufRpcInvoker.call(ProtobufRpcEngine2.java:573)
	at org.apache.hadoop.ipc.RPC$Server.call(RPC.java:1227)
	at org.apache.hadoop.ipc.Server$RpcCall.run(Server.java:1094)
	at org.apache.hadoop.ipc.Server$RpcCall.run(Server.java:1017)
	at java.base/java.security.AccessController.doPrivileged(Native Method)
	at java.base/javax.security.auth.Subject.doAs(Subject.java:423)
	at org.apache.hadoop.security.UserGroupInformation.doAs(UserGroupInformation.java:1899)
	at org.apache.hadoop.ipc.Server$Handler.run(Server.java:3048)
[2024-01-31T07:43:49.047+0000] {logging_mixin.py:188} INFO - File was send successfully as datalake/raw/football_data/standings/2024-01-31/PL.json
[2024-01-31T07:43:49.047+0000] {client.py:192} INFO - Instantiated <InsecureClient(url='http://34.155.106.39:9870')>.
[2024-01-31T07:43:49.048+0000] {client.py:496} INFO - Writing to '/datalake/raw/football_data/standings/2024-01-31/PL.json'.
[2024-01-31T07:43:49.072+0000] {util.py:78} ERROR - Exception in child.
Traceback (most recent call last):
  File "/home/juniortemgoua0/DataLake/venv/lib/python3.8/site-packages/hdfs/util.py", line 76, in consumer
    self._consumer(data)
  File "/home/juniortemgoua0/DataLake/venv/lib/python3.8/site-packages/hdfs/client.py", line 515, in consumer
    raise _to_error(res)
hdfs.util.HdfsError: /datalake/raw/football_data/standings/2024-01-31/PL.json for client 10.200.0.4 already exists
	at org.apache.hadoop.hdfs.server.namenode.FSDirWriteFileOp.startFile(FSDirWriteFileOp.java:389)
	at org.apache.hadoop.hdfs.server.namenode.FSNamesystem.startFileInt(FSNamesystem.java:2732)
	at org.apache.hadoop.hdfs.server.namenode.FSNamesystem.startFile(FSNamesystem.java:2625)
	at org.apache.hadoop.hdfs.server.namenode.NameNodeRpcServer.create(NameNodeRpcServer.java:807)
	at org.apache.hadoop.hdfs.protocolPB.ClientNamenodeProtocolServerSideTranslatorPB.create(ClientNamenodeProtocolServerSideTranslatorPB.java:496)
	at org.apache.hadoop.hdfs.protocol.proto.ClientNamenodeProtocolProtos$ClientNamenodeProtocol$2.callBlockingMethod(ClientNamenodeProtocolProtos.java)
	at org.apache.hadoop.ipc.ProtobufRpcEngine2$Server$ProtoBufRpcInvoker.call(ProtobufRpcEngine2.java:621)
	at org.apache.hadoop.ipc.ProtobufRpcEngine2$Server$ProtoBufRpcInvoker.call(ProtobufRpcEngine2.java:589)
	at org.apache.hadoop.ipc.ProtobufRpcEngine2$Server$ProtoBufRpcInvoker.call(ProtobufRpcEngine2.java:573)
	at org.apache.hadoop.ipc.RPC$Server.call(RPC.java:1227)
	at org.apache.hadoop.ipc.Server$RpcCall.run(Server.java:1094)
	at org.apache.hadoop.ipc.Server$RpcCall.run(Server.java:1017)
	at java.base/java.security.AccessController.doPrivileged(Native Method)
	at java.base/javax.security.auth.Subject.doAs(Subject.java:423)
	at org.apache.hadoop.security.UserGroupInformation.doAs(UserGroupInformation.java:1899)
	at org.apache.hadoop.ipc.Server$Handler.run(Server.java:3048)

[2024-01-31T07:43:49.072+0000] {logging_mixin.py:188} INFO - Erreur : Impossible d'écrire l'objet JSON dans datalake/raw/football_data/standings/2024-01-31/PL.json. Erreur : /datalake/raw/football_data/standings/2024-01-31/PL.json for client 10.200.0.4 already exists
	at org.apache.hadoop.hdfs.server.namenode.FSDirWriteFileOp.startFile(FSDirWriteFileOp.java:389)
	at org.apache.hadoop.hdfs.server.namenode.FSNamesystem.startFileInt(FSNamesystem.java:2732)
	at org.apache.hadoop.hdfs.server.namenode.FSNamesystem.startFile(FSNamesystem.java:2625)
	at org.apache.hadoop.hdfs.server.namenode.NameNodeRpcServer.create(NameNodeRpcServer.java:807)
	at org.apache.hadoop.hdfs.protocolPB.ClientNamenodeProtocolServerSideTranslatorPB.create(ClientNamenodeProtocolServerSideTranslatorPB.java:496)
	at org.apache.hadoop.hdfs.protocol.proto.ClientNamenodeProtocolProtos$ClientNamenodeProtocol$2.callBlockingMethod(ClientNamenodeProtocolProtos.java)
	at org.apache.hadoop.ipc.ProtobufRpcEngine2$Server$ProtoBufRpcInvoker.call(ProtobufRpcEngine2.java:621)
	at org.apache.hadoop.ipc.ProtobufRpcEngine2$Server$ProtoBufRpcInvoker.call(ProtobufRpcEngine2.java:589)
	at org.apache.hadoop.ipc.ProtobufRpcEngine2$Server$ProtoBufRpcInvoker.call(ProtobufRpcEngine2.java:573)
	at org.apache.hadoop.ipc.RPC$Server.call(RPC.java:1227)
	at org.apache.hadoop.ipc.Server$RpcCall.run(Server.java:1094)
	at org.apache.hadoop.ipc.Server$RpcCall.run(Server.java:1017)
	at java.base/java.security.AccessController.doPrivileged(Native Method)
	at java.base/javax.security.auth.Subject.doAs(Subject.java:423)
	at org.apache.hadoop.security.UserGroupInformation.doAs(UserGroupInformation.java:1899)
	at org.apache.hadoop.ipc.Server$Handler.run(Server.java:3048)
[2024-01-31T07:43:58.312+0000] {logging_mixin.py:188} INFO - File was send successfully as datalake/raw/football_data/competition_matches/2024-01-31/PL.json
[2024-01-31T07:43:58.313+0000] {client.py:192} INFO - Instantiated <InsecureClient(url='http://34.155.106.39:9870')>.
[2024-01-31T07:43:58.321+0000] {client.py:496} INFO - Writing to '/datalake/raw/football_data/competition_matches/2024-01-31/PL.json'.
[2024-01-31T07:43:58.348+0000] {util.py:78} ERROR - Exception in child.
Traceback (most recent call last):
  File "/home/juniortemgoua0/DataLake/venv/lib/python3.8/site-packages/hdfs/util.py", line 76, in consumer
    self._consumer(data)
  File "/home/juniortemgoua0/DataLake/venv/lib/python3.8/site-packages/hdfs/client.py", line 515, in consumer
    raise _to_error(res)
hdfs.util.HdfsError: /datalake/raw/football_data/competition_matches/2024-01-31/PL.json for client 10.200.0.4 already exists
	at org.apache.hadoop.hdfs.server.namenode.FSDirWriteFileOp.startFile(FSDirWriteFileOp.java:389)
	at org.apache.hadoop.hdfs.server.namenode.FSNamesystem.startFileInt(FSNamesystem.java:2732)
	at org.apache.hadoop.hdfs.server.namenode.FSNamesystem.startFile(FSNamesystem.java:2625)
	at org.apache.hadoop.hdfs.server.namenode.NameNodeRpcServer.create(NameNodeRpcServer.java:807)
	at org.apache.hadoop.hdfs.protocolPB.ClientNamenodeProtocolServerSideTranslatorPB.create(ClientNamenodeProtocolServerSideTranslatorPB.java:496)
	at org.apache.hadoop.hdfs.protocol.proto.ClientNamenodeProtocolProtos$ClientNamenodeProtocol$2.callBlockingMethod(ClientNamenodeProtocolProtos.java)
	at org.apache.hadoop.ipc.ProtobufRpcEngine2$Server$ProtoBufRpcInvoker.call(ProtobufRpcEngine2.java:621)
	at org.apache.hadoop.ipc.ProtobufRpcEngine2$Server$ProtoBufRpcInvoker.call(ProtobufRpcEngine2.java:589)
	at org.apache.hadoop.ipc.ProtobufRpcEngine2$Server$ProtoBufRpcInvoker.call(ProtobufRpcEngine2.java:573)
	at org.apache.hadoop.ipc.RPC$Server.call(RPC.java:1227)
	at org.apache.hadoop.ipc.Server$RpcCall.run(Server.java:1094)
	at org.apache.hadoop.ipc.Server$RpcCall.run(Server.java:1017)
	at java.base/java.security.AccessController.doPrivileged(Native Method)
	at java.base/javax.security.auth.Subject.doAs(Subject.java:423)
	at org.apache.hadoop.security.UserGroupInformation.doAs(UserGroupInformation.java:1899)
	at org.apache.hadoop.ipc.Server$Handler.run(Server.java:3048)

[2024-01-31T07:43:58.349+0000] {logging_mixin.py:188} INFO - Erreur : Impossible d'écrire l'objet JSON dans datalake/raw/football_data/competition_matches/2024-01-31/PL.json. Erreur : /datalake/raw/football_data/competition_matches/2024-01-31/PL.json for client 10.200.0.4 already exists
	at org.apache.hadoop.hdfs.server.namenode.FSDirWriteFileOp.startFile(FSDirWriteFileOp.java:389)
	at org.apache.hadoop.hdfs.server.namenode.FSNamesystem.startFileInt(FSNamesystem.java:2732)
	at org.apache.hadoop.hdfs.server.namenode.FSNamesystem.startFile(FSNamesystem.java:2625)
	at org.apache.hadoop.hdfs.server.namenode.NameNodeRpcServer.create(NameNodeRpcServer.java:807)
	at org.apache.hadoop.hdfs.protocolPB.ClientNamenodeProtocolServerSideTranslatorPB.create(ClientNamenodeProtocolServerSideTranslatorPB.java:496)
	at org.apache.hadoop.hdfs.protocol.proto.ClientNamenodeProtocolProtos$ClientNamenodeProtocol$2.callBlockingMethod(ClientNamenodeProtocolProtos.java)
	at org.apache.hadoop.ipc.ProtobufRpcEngine2$Server$ProtoBufRpcInvoker.call(ProtobufRpcEngine2.java:621)
	at org.apache.hadoop.ipc.ProtobufRpcEngine2$Server$ProtoBufRpcInvoker.call(ProtobufRpcEngine2.java:589)
	at org.apache.hadoop.ipc.ProtobufRpcEngine2$Server$ProtoBufRpcInvoker.call(ProtobufRpcEngine2.java:573)
	at org.apache.hadoop.ipc.RPC$Server.call(RPC.java:1227)
	at org.apache.hadoop.ipc.Server$RpcCall.run(Server.java:1094)
	at org.apache.hadoop.ipc.Server$RpcCall.run(Server.java:1017)
	at java.base/java.security.AccessController.doPrivileged(Native Method)
	at java.base/javax.security.auth.Subject.doAs(Subject.java:423)
	at org.apache.hadoop.security.UserGroupInformation.doAs(UserGroupInformation.java:1899)
	at org.apache.hadoop.ipc.Server$Handler.run(Server.java:3048)
[2024-01-31T07:43:58.717+0000] {logging_mixin.py:188} INFO - File was send successfully as datalake/raw/football_data/competitions/2024-01-31/CL.json
[2024-01-31T07:43:58.718+0000] {client.py:192} INFO - Instantiated <InsecureClient(url='http://34.155.106.39:9870')>.
[2024-01-31T07:43:58.718+0000] {client.py:496} INFO - Writing to '/datalake/raw/football_data/competitions/2024-01-31/CL.json'.
[2024-01-31T07:43:58.741+0000] {util.py:78} ERROR - Exception in child.
Traceback (most recent call last):
  File "/home/juniortemgoua0/DataLake/venv/lib/python3.8/site-packages/hdfs/util.py", line 76, in consumer
    self._consumer(data)
  File "/home/juniortemgoua0/DataLake/venv/lib/python3.8/site-packages/hdfs/client.py", line 515, in consumer
    raise _to_error(res)
hdfs.util.HdfsError: /datalake/raw/football_data/competitions/2024-01-31/CL.json for client 10.200.0.4 already exists
	at org.apache.hadoop.hdfs.server.namenode.FSDirWriteFileOp.startFile(FSDirWriteFileOp.java:389)
	at org.apache.hadoop.hdfs.server.namenode.FSNamesystem.startFileInt(FSNamesystem.java:2732)
	at org.apache.hadoop.hdfs.server.namenode.FSNamesystem.startFile(FSNamesystem.java:2625)
	at org.apache.hadoop.hdfs.server.namenode.NameNodeRpcServer.create(NameNodeRpcServer.java:807)
	at org.apache.hadoop.hdfs.protocolPB.ClientNamenodeProtocolServerSideTranslatorPB.create(ClientNamenodeProtocolServerSideTranslatorPB.java:496)
	at org.apache.hadoop.hdfs.protocol.proto.ClientNamenodeProtocolProtos$ClientNamenodeProtocol$2.callBlockingMethod(ClientNamenodeProtocolProtos.java)
	at org.apache.hadoop.ipc.ProtobufRpcEngine2$Server$ProtoBufRpcInvoker.call(ProtobufRpcEngine2.java:621)
	at org.apache.hadoop.ipc.ProtobufRpcEngine2$Server$ProtoBufRpcInvoker.call(ProtobufRpcEngine2.java:589)
	at org.apache.hadoop.ipc.ProtobufRpcEngine2$Server$ProtoBufRpcInvoker.call(ProtobufRpcEngine2.java:573)
	at org.apache.hadoop.ipc.RPC$Server.call(RPC.java:1227)
	at org.apache.hadoop.ipc.Server$RpcCall.run(Server.java:1094)
	at org.apache.hadoop.ipc.Server$RpcCall.run(Server.java:1017)
	at java.base/java.security.AccessController.doPrivileged(Native Method)
	at java.base/javax.security.auth.Subject.doAs(Subject.java:423)
	at org.apache.hadoop.security.UserGroupInformation.doAs(UserGroupInformation.java:1899)
	at org.apache.hadoop.ipc.Server$Handler.run(Server.java:3048)

[2024-01-31T07:43:58.742+0000] {logging_mixin.py:188} INFO - Erreur : Impossible d'écrire l'objet JSON dans datalake/raw/football_data/competitions/2024-01-31/CL.json. Erreur : /datalake/raw/football_data/competitions/2024-01-31/CL.json for client 10.200.0.4 already exists
	at org.apache.hadoop.hdfs.server.namenode.FSDirWriteFileOp.startFile(FSDirWriteFileOp.java:389)
	at org.apache.hadoop.hdfs.server.namenode.FSNamesystem.startFileInt(FSNamesystem.java:2732)
	at org.apache.hadoop.hdfs.server.namenode.FSNamesystem.startFile(FSNamesystem.java:2625)
	at org.apache.hadoop.hdfs.server.namenode.NameNodeRpcServer.create(NameNodeRpcServer.java:807)
	at org.apache.hadoop.hdfs.protocolPB.ClientNamenodeProtocolServerSideTranslatorPB.create(ClientNamenodeProtocolServerSideTranslatorPB.java:496)
	at org.apache.hadoop.hdfs.protocol.proto.ClientNamenodeProtocolProtos$ClientNamenodeProtocol$2.callBlockingMethod(ClientNamenodeProtocolProtos.java)
	at org.apache.hadoop.ipc.ProtobufRpcEngine2$Server$ProtoBufRpcInvoker.call(ProtobufRpcEngine2.java:621)
	at org.apache.hadoop.ipc.ProtobufRpcEngine2$Server$ProtoBufRpcInvoker.call(ProtobufRpcEngine2.java:589)
	at org.apache.hadoop.ipc.ProtobufRpcEngine2$Server$ProtoBufRpcInvoker.call(ProtobufRpcEngine2.java:573)
	at org.apache.hadoop.ipc.RPC$Server.call(RPC.java:1227)
	at org.apache.hadoop.ipc.Server$RpcCall.run(Server.java:1094)
	at org.apache.hadoop.ipc.Server$RpcCall.run(Server.java:1017)
	at java.base/java.security.AccessController.doPrivileged(Native Method)
	at java.base/javax.security.auth.Subject.doAs(Subject.java:423)
	at org.apache.hadoop.security.UserGroupInformation.doAs(UserGroupInformation.java:1899)
	at org.apache.hadoop.ipc.Server$Handler.run(Server.java:3048)
[2024-01-31T07:44:07.045+0000] {local_task_job_runner.py:302} WARNING - State of this instance has been externally set to failed. Terminating instance.
[2024-01-31T07:44:07.052+0000] {process_utils.py:131} INFO - Sending Signals.SIGTERM to group 135746. PIDs of all processes in the group: [135746]
[2024-01-31T07:44:07.052+0000] {process_utils.py:86} INFO - Sending the signal Signals.SIGTERM to group 135746
[2024-01-31T07:44:07.052+0000] {taskinstance.py:2450} ERROR - Received SIGTERM. Terminating subprocesses.
[2024-01-31T07:44:07.053+0000] {logging_mixin.py:188} INFO - Some error occurred during cloud Storage connexion: Task received SIGTERM signal
[2024-01-31T07:44:07.055+0000] {client.py:192} INFO - Instantiated <InsecureClient(url='http://34.155.106.39:9870')>.
[2024-01-31T07:44:07.055+0000] {client.py:496} INFO - Writing to '/datalake/raw/football_data/standings/2024-01-31/CL.json'.
[2024-01-31T07:44:07.082+0000] {util.py:78} ERROR - Exception in child.
Traceback (most recent call last):
  File "/home/juniortemgoua0/DataLake/venv/lib/python3.8/site-packages/hdfs/util.py", line 76, in consumer
    self._consumer(data)
  File "/home/juniortemgoua0/DataLake/venv/lib/python3.8/site-packages/hdfs/client.py", line 515, in consumer
    raise _to_error(res)
hdfs.util.HdfsError: /datalake/raw/football_data/standings/2024-01-31/CL.json for client 10.200.0.4 already exists
	at org.apache.hadoop.hdfs.server.namenode.FSDirWriteFileOp.startFile(FSDirWriteFileOp.java:389)
	at org.apache.hadoop.hdfs.server.namenode.FSNamesystem.startFileInt(FSNamesystem.java:2732)
	at org.apache.hadoop.hdfs.server.namenode.FSNamesystem.startFile(FSNamesystem.java:2625)
	at org.apache.hadoop.hdfs.server.namenode.NameNodeRpcServer.create(NameNodeRpcServer.java:807)
	at org.apache.hadoop.hdfs.protocolPB.ClientNamenodeProtocolServerSideTranslatorPB.create(ClientNamenodeProtocolServerSideTranslatorPB.java:496)
	at org.apache.hadoop.hdfs.protocol.proto.ClientNamenodeProtocolProtos$ClientNamenodeProtocol$2.callBlockingMethod(ClientNamenodeProtocolProtos.java)
	at org.apache.hadoop.ipc.ProtobufRpcEngine2$Server$ProtoBufRpcInvoker.call(ProtobufRpcEngine2.java:621)
	at org.apache.hadoop.ipc.ProtobufRpcEngine2$Server$ProtoBufRpcInvoker.call(ProtobufRpcEngine2.java:589)
	at org.apache.hadoop.ipc.ProtobufRpcEngine2$Server$ProtoBufRpcInvoker.call(ProtobufRpcEngine2.java:573)
	at org.apache.hadoop.ipc.RPC$Server.call(RPC.java:1227)
	at org.apache.hadoop.ipc.Server$RpcCall.run(Server.java:1094)
	at org.apache.hadoop.ipc.Server$RpcCall.run(Server.java:1017)
	at java.base/java.security.AccessController.doPrivileged(Native Method)
	at java.base/javax.security.auth.Subject.doAs(Subject.java:423)
	at org.apache.hadoop.security.UserGroupInformation.doAs(UserGroupInformation.java:1899)
	at org.apache.hadoop.ipc.Server$Handler.run(Server.java:3048)

[2024-01-31T07:44:07.082+0000] {logging_mixin.py:188} INFO - Erreur : Impossible d'écrire l'objet JSON dans datalake/raw/football_data/standings/2024-01-31/CL.json. Erreur : /datalake/raw/football_data/standings/2024-01-31/CL.json for client 10.200.0.4 already exists
	at org.apache.hadoop.hdfs.server.namenode.FSDirWriteFileOp.startFile(FSDirWriteFileOp.java:389)
	at org.apache.hadoop.hdfs.server.namenode.FSNamesystem.startFileInt(FSNamesystem.java:2732)
	at org.apache.hadoop.hdfs.server.namenode.FSNamesystem.startFile(FSNamesystem.java:2625)
	at org.apache.hadoop.hdfs.server.namenode.NameNodeRpcServer.create(NameNodeRpcServer.java:807)
	at org.apache.hadoop.hdfs.protocolPB.ClientNamenodeProtocolServerSideTranslatorPB.create(ClientNamenodeProtocolServerSideTranslatorPB.java:496)
	at org.apache.hadoop.hdfs.protocol.proto.ClientNamenodeProtocolProtos$ClientNamenodeProtocol$2.callBlockingMethod(ClientNamenodeProtocolProtos.java)
	at org.apache.hadoop.ipc.ProtobufRpcEngine2$Server$ProtoBufRpcInvoker.call(ProtobufRpcEngine2.java:621)
	at org.apache.hadoop.ipc.ProtobufRpcEngine2$Server$ProtoBufRpcInvoker.call(ProtobufRpcEngine2.java:589)
	at org.apache.hadoop.ipc.ProtobufRpcEngine2$Server$ProtoBufRpcInvoker.call(ProtobufRpcEngine2.java:573)
	at org.apache.hadoop.ipc.RPC$Server.call(RPC.java:1227)
	at org.apache.hadoop.ipc.Server$RpcCall.run(Server.java:1094)
	at org.apache.hadoop.ipc.Server$RpcCall.run(Server.java:1017)
	at java.base/java.security.AccessController.doPrivileged(Native Method)
	at java.base/javax.security.auth.Subject.doAs(Subject.java:423)
	at org.apache.hadoop.security.UserGroupInformation.doAs(UserGroupInformation.java:1899)
	at org.apache.hadoop.ipc.Server$Handler.run(Server.java:3048)
[2024-01-31T07:44:15.934+0000] {logging_mixin.py:188} INFO - File was send successfully as datalake/raw/football_data/competition_matches/2024-01-31/CL.json
[2024-01-31T07:44:15.934+0000] {client.py:192} INFO - Instantiated <InsecureClient(url='http://34.155.106.39:9870')>.
[2024-01-31T07:44:15.937+0000] {client.py:496} INFO - Writing to '/datalake/raw/football_data/competition_matches/2024-01-31/CL.json'.
[2024-01-31T07:44:15.965+0000] {util.py:78} ERROR - Exception in child.
Traceback (most recent call last):
  File "/home/juniortemgoua0/DataLake/venv/lib/python3.8/site-packages/hdfs/util.py", line 76, in consumer
    self._consumer(data)
  File "/home/juniortemgoua0/DataLake/venv/lib/python3.8/site-packages/hdfs/client.py", line 515, in consumer
    raise _to_error(res)
hdfs.util.HdfsError: /datalake/raw/football_data/competition_matches/2024-01-31/CL.json for client 10.200.0.4 already exists
	at org.apache.hadoop.hdfs.server.namenode.FSDirWriteFileOp.startFile(FSDirWriteFileOp.java:389)
	at org.apache.hadoop.hdfs.server.namenode.FSNamesystem.startFileInt(FSNamesystem.java:2732)
	at org.apache.hadoop.hdfs.server.namenode.FSNamesystem.startFile(FSNamesystem.java:2625)
	at org.apache.hadoop.hdfs.server.namenode.NameNodeRpcServer.create(NameNodeRpcServer.java:807)
	at org.apache.hadoop.hdfs.protocolPB.ClientNamenodeProtocolServerSideTranslatorPB.create(ClientNamenodeProtocolServerSideTranslatorPB.java:496)
	at org.apache.hadoop.hdfs.protocol.proto.ClientNamenodeProtocolProtos$ClientNamenodeProtocol$2.callBlockingMethod(ClientNamenodeProtocolProtos.java)
	at org.apache.hadoop.ipc.ProtobufRpcEngine2$Server$ProtoBufRpcInvoker.call(ProtobufRpcEngine2.java:621)
	at org.apache.hadoop.ipc.ProtobufRpcEngine2$Server$ProtoBufRpcInvoker.call(ProtobufRpcEngine2.java:589)
	at org.apache.hadoop.ipc.ProtobufRpcEngine2$Server$ProtoBufRpcInvoker.call(ProtobufRpcEngine2.java:573)
	at org.apache.hadoop.ipc.RPC$Server.call(RPC.java:1227)
	at org.apache.hadoop.ipc.Server$RpcCall.run(Server.java:1094)
	at org.apache.hadoop.ipc.Server$RpcCall.run(Server.java:1017)
	at java.base/java.security.AccessController.doPrivileged(Native Method)
	at java.base/javax.security.auth.Subject.doAs(Subject.java:423)
	at org.apache.hadoop.security.UserGroupInformation.doAs(UserGroupInformation.java:1899)
	at org.apache.hadoop.ipc.Server$Handler.run(Server.java:3048)

[2024-01-31T07:44:15.966+0000] {logging_mixin.py:188} INFO - Erreur : Impossible d'écrire l'objet JSON dans datalake/raw/football_data/competition_matches/2024-01-31/CL.json. Erreur : /datalake/raw/football_data/competition_matches/2024-01-31/CL.json for client 10.200.0.4 already exists
	at org.apache.hadoop.hdfs.server.namenode.FSDirWriteFileOp.startFile(FSDirWriteFileOp.java:389)
	at org.apache.hadoop.hdfs.server.namenode.FSNamesystem.startFileInt(FSNamesystem.java:2732)
	at org.apache.hadoop.hdfs.server.namenode.FSNamesystem.startFile(FSNamesystem.java:2625)
	at org.apache.hadoop.hdfs.server.namenode.NameNodeRpcServer.create(NameNodeRpcServer.java:807)
	at org.apache.hadoop.hdfs.protocolPB.ClientNamenodeProtocolServerSideTranslatorPB.create(ClientNamenodeProtocolServerSideTranslatorPB.java:496)
	at org.apache.hadoop.hdfs.protocol.proto.ClientNamenodeProtocolProtos$ClientNamenodeProtocol$2.callBlockingMethod(ClientNamenodeProtocolProtos.java)
	at org.apache.hadoop.ipc.ProtobufRpcEngine2$Server$ProtoBufRpcInvoker.call(ProtobufRpcEngine2.java:621)
	at org.apache.hadoop.ipc.ProtobufRpcEngine2$Server$ProtoBufRpcInvoker.call(ProtobufRpcEngine2.java:589)
	at org.apache.hadoop.ipc.ProtobufRpcEngine2$Server$ProtoBufRpcInvoker.call(ProtobufRpcEngine2.java:573)
	at org.apache.hadoop.ipc.RPC$Server.call(RPC.java:1227)
	at org.apache.hadoop.ipc.Server$RpcCall.run(Server.java:1094)
	at org.apache.hadoop.ipc.Server$RpcCall.run(Server.java:1017)
	at java.base/java.security.AccessController.doPrivileged(Native Method)
	at java.base/javax.security.auth.Subject.doAs(Subject.java:423)
	at org.apache.hadoop.security.UserGroupInformation.doAs(UserGroupInformation.java:1899)
	at org.apache.hadoop.ipc.Server$Handler.run(Server.java:3048)
[2024-01-31T07:44:16.343+0000] {logging_mixin.py:188} INFO - File was send successfully as datalake/raw/football_data/competitions/2024-01-31/EC.json
[2024-01-31T07:44:16.344+0000] {client.py:192} INFO - Instantiated <InsecureClient(url='http://34.155.106.39:9870')>.
[2024-01-31T07:44:16.345+0000] {client.py:496} INFO - Writing to '/datalake/raw/football_data/competitions/2024-01-31/EC.json'.
[2024-01-31T07:44:16.369+0000] {util.py:78} ERROR - Exception in child.
Traceback (most recent call last):
  File "/home/juniortemgoua0/DataLake/venv/lib/python3.8/site-packages/hdfs/util.py", line 76, in consumer
    self._consumer(data)
  File "/home/juniortemgoua0/DataLake/venv/lib/python3.8/site-packages/hdfs/client.py", line 515, in consumer
    raise _to_error(res)
hdfs.util.HdfsError: /datalake/raw/football_data/competitions/2024-01-31/EC.json for client 10.200.0.4 already exists
	at org.apache.hadoop.hdfs.server.namenode.FSDirWriteFileOp.startFile(FSDirWriteFileOp.java:389)
	at org.apache.hadoop.hdfs.server.namenode.FSNamesystem.startFileInt(FSNamesystem.java:2732)
	at org.apache.hadoop.hdfs.server.namenode.FSNamesystem.startFile(FSNamesystem.java:2625)
	at org.apache.hadoop.hdfs.server.namenode.NameNodeRpcServer.create(NameNodeRpcServer.java:807)
	at org.apache.hadoop.hdfs.protocolPB.ClientNamenodeProtocolServerSideTranslatorPB.create(ClientNamenodeProtocolServerSideTranslatorPB.java:496)
	at org.apache.hadoop.hdfs.protocol.proto.ClientNamenodeProtocolProtos$ClientNamenodeProtocol$2.callBlockingMethod(ClientNamenodeProtocolProtos.java)
	at org.apache.hadoop.ipc.ProtobufRpcEngine2$Server$ProtoBufRpcInvoker.call(ProtobufRpcEngine2.java:621)
	at org.apache.hadoop.ipc.ProtobufRpcEngine2$Server$ProtoBufRpcInvoker.call(ProtobufRpcEngine2.java:589)
	at org.apache.hadoop.ipc.ProtobufRpcEngine2$Server$ProtoBufRpcInvoker.call(ProtobufRpcEngine2.java:573)
	at org.apache.hadoop.ipc.RPC$Server.call(RPC.java:1227)
	at org.apache.hadoop.ipc.Server$RpcCall.run(Server.java:1094)
	at org.apache.hadoop.ipc.Server$RpcCall.run(Server.java:1017)
	at java.base/java.security.AccessController.doPrivileged(Native Method)
	at java.base/javax.security.auth.Subject.doAs(Subject.java:423)
	at org.apache.hadoop.security.UserGroupInformation.doAs(UserGroupInformation.java:1899)
	at org.apache.hadoop.ipc.Server$Handler.run(Server.java:3048)

[2024-01-31T07:44:16.370+0000] {logging_mixin.py:188} INFO - Erreur : Impossible d'écrire l'objet JSON dans datalake/raw/football_data/competitions/2024-01-31/EC.json. Erreur : /datalake/raw/football_data/competitions/2024-01-31/EC.json for client 10.200.0.4 already exists
	at org.apache.hadoop.hdfs.server.namenode.FSDirWriteFileOp.startFile(FSDirWriteFileOp.java:389)
	at org.apache.hadoop.hdfs.server.namenode.FSNamesystem.startFileInt(FSNamesystem.java:2732)
	at org.apache.hadoop.hdfs.server.namenode.FSNamesystem.startFile(FSNamesystem.java:2625)
	at org.apache.hadoop.hdfs.server.namenode.NameNodeRpcServer.create(NameNodeRpcServer.java:807)
	at org.apache.hadoop.hdfs.protocolPB.ClientNamenodeProtocolServerSideTranslatorPB.create(ClientNamenodeProtocolServerSideTranslatorPB.java:496)
	at org.apache.hadoop.hdfs.protocol.proto.ClientNamenodeProtocolProtos$ClientNamenodeProtocol$2.callBlockingMethod(ClientNamenodeProtocolProtos.java)
	at org.apache.hadoop.ipc.ProtobufRpcEngine2$Server$ProtoBufRpcInvoker.call(ProtobufRpcEngine2.java:621)
	at org.apache.hadoop.ipc.ProtobufRpcEngine2$Server$ProtoBufRpcInvoker.call(ProtobufRpcEngine2.java:589)
	at org.apache.hadoop.ipc.ProtobufRpcEngine2$Server$ProtoBufRpcInvoker.call(ProtobufRpcEngine2.java:573)
	at org.apache.hadoop.ipc.RPC$Server.call(RPC.java:1227)
	at org.apache.hadoop.ipc.Server$RpcCall.run(Server.java:1094)
	at org.apache.hadoop.ipc.Server$RpcCall.run(Server.java:1017)
	at java.base/java.security.AccessController.doPrivileged(Native Method)
	at java.base/javax.security.auth.Subject.doAs(Subject.java:423)
	at org.apache.hadoop.security.UserGroupInformation.doAs(UserGroupInformation.java:1899)
	at org.apache.hadoop.ipc.Server$Handler.run(Server.java:3048)
[2024-01-31T07:44:24.752+0000] {logging_mixin.py:188} INFO - File was send successfully as datalake/raw/football_data/standings/2024-01-31/EC.json
[2024-01-31T07:44:24.753+0000] {client.py:192} INFO - Instantiated <InsecureClient(url='http://34.155.106.39:9870')>.
[2024-01-31T07:44:24.753+0000] {client.py:496} INFO - Writing to '/datalake/raw/football_data/standings/2024-01-31/EC.json'.
[2024-01-31T07:44:24.781+0000] {util.py:78} ERROR - Exception in child.
Traceback (most recent call last):
  File "/home/juniortemgoua0/DataLake/venv/lib/python3.8/site-packages/hdfs/util.py", line 76, in consumer
    self._consumer(data)
  File "/home/juniortemgoua0/DataLake/venv/lib/python3.8/site-packages/hdfs/client.py", line 515, in consumer
    raise _to_error(res)
hdfs.util.HdfsError: /datalake/raw/football_data/standings/2024-01-31/EC.json for client 10.200.0.4 already exists
	at org.apache.hadoop.hdfs.server.namenode.FSDirWriteFileOp.startFile(FSDirWriteFileOp.java:389)
	at org.apache.hadoop.hdfs.server.namenode.FSNamesystem.startFileInt(FSNamesystem.java:2732)
	at org.apache.hadoop.hdfs.server.namenode.FSNamesystem.startFile(FSNamesystem.java:2625)
	at org.apache.hadoop.hdfs.server.namenode.NameNodeRpcServer.create(NameNodeRpcServer.java:807)
	at org.apache.hadoop.hdfs.protocolPB.ClientNamenodeProtocolServerSideTranslatorPB.create(ClientNamenodeProtocolServerSideTranslatorPB.java:496)
	at org.apache.hadoop.hdfs.protocol.proto.ClientNamenodeProtocolProtos$ClientNamenodeProtocol$2.callBlockingMethod(ClientNamenodeProtocolProtos.java)
	at org.apache.hadoop.ipc.ProtobufRpcEngine2$Server$ProtoBufRpcInvoker.call(ProtobufRpcEngine2.java:621)
	at org.apache.hadoop.ipc.ProtobufRpcEngine2$Server$ProtoBufRpcInvoker.call(ProtobufRpcEngine2.java:589)
	at org.apache.hadoop.ipc.ProtobufRpcEngine2$Server$ProtoBufRpcInvoker.call(ProtobufRpcEngine2.java:573)
	at org.apache.hadoop.ipc.RPC$Server.call(RPC.java:1227)
	at org.apache.hadoop.ipc.Server$RpcCall.run(Server.java:1094)
	at org.apache.hadoop.ipc.Server$RpcCall.run(Server.java:1017)
	at java.base/java.security.AccessController.doPrivileged(Native Method)
	at java.base/javax.security.auth.Subject.doAs(Subject.java:423)
	at org.apache.hadoop.security.UserGroupInformation.doAs(UserGroupInformation.java:1899)
	at org.apache.hadoop.ipc.Server$Handler.run(Server.java:3048)

[2024-01-31T07:44:24.781+0000] {logging_mixin.py:188} INFO - Erreur : Impossible d'écrire l'objet JSON dans datalake/raw/football_data/standings/2024-01-31/EC.json. Erreur : /datalake/raw/football_data/standings/2024-01-31/EC.json for client 10.200.0.4 already exists
	at org.apache.hadoop.hdfs.server.namenode.FSDirWriteFileOp.startFile(FSDirWriteFileOp.java:389)
	at org.apache.hadoop.hdfs.server.namenode.FSNamesystem.startFileInt(FSNamesystem.java:2732)
	at org.apache.hadoop.hdfs.server.namenode.FSNamesystem.startFile(FSNamesystem.java:2625)
	at org.apache.hadoop.hdfs.server.namenode.NameNodeRpcServer.create(NameNodeRpcServer.java:807)
	at org.apache.hadoop.hdfs.protocolPB.ClientNamenodeProtocolServerSideTranslatorPB.create(ClientNamenodeProtocolServerSideTranslatorPB.java:496)
	at org.apache.hadoop.hdfs.protocol.proto.ClientNamenodeProtocolProtos$ClientNamenodeProtocol$2.callBlockingMethod(ClientNamenodeProtocolProtos.java)
	at org.apache.hadoop.ipc.ProtobufRpcEngine2$Server$ProtoBufRpcInvoker.call(ProtobufRpcEngine2.java:621)
	at org.apache.hadoop.ipc.ProtobufRpcEngine2$Server$ProtoBufRpcInvoker.call(ProtobufRpcEngine2.java:589)
	at org.apache.hadoop.ipc.ProtobufRpcEngine2$Server$ProtoBufRpcInvoker.call(ProtobufRpcEngine2.java:573)
	at org.apache.hadoop.ipc.RPC$Server.call(RPC.java:1227)
	at org.apache.hadoop.ipc.Server$RpcCall.run(Server.java:1094)
	at org.apache.hadoop.ipc.Server$RpcCall.run(Server.java:1017)
	at java.base/java.security.AccessController.doPrivileged(Native Method)
	at java.base/javax.security.auth.Subject.doAs(Subject.java:423)
	at org.apache.hadoop.security.UserGroupInformation.doAs(UserGroupInformation.java:1899)
	at org.apache.hadoop.ipc.Server$Handler.run(Server.java:3048)
[2024-01-31T07:44:33.314+0000] {logging_mixin.py:188} INFO - File was send successfully as datalake/raw/football_data/competition_matches/2024-01-31/EC.json
[2024-01-31T07:44:33.314+0000] {client.py:192} INFO - Instantiated <InsecureClient(url='http://34.155.106.39:9870')>.
[2024-01-31T07:44:33.315+0000] {client.py:496} INFO - Writing to '/datalake/raw/football_data/competition_matches/2024-01-31/EC.json'.
[2024-01-31T07:44:33.338+0000] {util.py:78} ERROR - Exception in child.
Traceback (most recent call last):
  File "/home/juniortemgoua0/DataLake/venv/lib/python3.8/site-packages/hdfs/util.py", line 76, in consumer
    self._consumer(data)
  File "/home/juniortemgoua0/DataLake/venv/lib/python3.8/site-packages/hdfs/client.py", line 515, in consumer
    raise _to_error(res)
hdfs.util.HdfsError: /datalake/raw/football_data/competition_matches/2024-01-31/EC.json for client 10.200.0.4 already exists
	at org.apache.hadoop.hdfs.server.namenode.FSDirWriteFileOp.startFile(FSDirWriteFileOp.java:389)
	at org.apache.hadoop.hdfs.server.namenode.FSNamesystem.startFileInt(FSNamesystem.java:2732)
	at org.apache.hadoop.hdfs.server.namenode.FSNamesystem.startFile(FSNamesystem.java:2625)
	at org.apache.hadoop.hdfs.server.namenode.NameNodeRpcServer.create(NameNodeRpcServer.java:807)
	at org.apache.hadoop.hdfs.protocolPB.ClientNamenodeProtocolServerSideTranslatorPB.create(ClientNamenodeProtocolServerSideTranslatorPB.java:496)
	at org.apache.hadoop.hdfs.protocol.proto.ClientNamenodeProtocolProtos$ClientNamenodeProtocol$2.callBlockingMethod(ClientNamenodeProtocolProtos.java)
	at org.apache.hadoop.ipc.ProtobufRpcEngine2$Server$ProtoBufRpcInvoker.call(ProtobufRpcEngine2.java:621)
	at org.apache.hadoop.ipc.ProtobufRpcEngine2$Server$ProtoBufRpcInvoker.call(ProtobufRpcEngine2.java:589)
	at org.apache.hadoop.ipc.ProtobufRpcEngine2$Server$ProtoBufRpcInvoker.call(ProtobufRpcEngine2.java:573)
	at org.apache.hadoop.ipc.RPC$Server.call(RPC.java:1227)
	at org.apache.hadoop.ipc.Server$RpcCall.run(Server.java:1094)
	at org.apache.hadoop.ipc.Server$RpcCall.run(Server.java:1017)
	at java.base/java.security.AccessController.doPrivileged(Native Method)
	at java.base/javax.security.auth.Subject.doAs(Subject.java:423)
	at org.apache.hadoop.security.UserGroupInformation.doAs(UserGroupInformation.java:1899)
	at org.apache.hadoop.ipc.Server$Handler.run(Server.java:3048)

[2024-01-31T07:44:33.339+0000] {logging_mixin.py:188} INFO - Erreur : Impossible d'écrire l'objet JSON dans datalake/raw/football_data/competition_matches/2024-01-31/EC.json. Erreur : /datalake/raw/football_data/competition_matches/2024-01-31/EC.json for client 10.200.0.4 already exists
	at org.apache.hadoop.hdfs.server.namenode.FSDirWriteFileOp.startFile(FSDirWriteFileOp.java:389)
	at org.apache.hadoop.hdfs.server.namenode.FSNamesystem.startFileInt(FSNamesystem.java:2732)
	at org.apache.hadoop.hdfs.server.namenode.FSNamesystem.startFile(FSNamesystem.java:2625)
	at org.apache.hadoop.hdfs.server.namenode.NameNodeRpcServer.create(NameNodeRpcServer.java:807)
	at org.apache.hadoop.hdfs.protocolPB.ClientNamenodeProtocolServerSideTranslatorPB.create(ClientNamenodeProtocolServerSideTranslatorPB.java:496)
	at org.apache.hadoop.hdfs.protocol.proto.ClientNamenodeProtocolProtos$ClientNamenodeProtocol$2.callBlockingMethod(ClientNamenodeProtocolProtos.java)
	at org.apache.hadoop.ipc.ProtobufRpcEngine2$Server$ProtoBufRpcInvoker.call(ProtobufRpcEngine2.java:621)
	at org.apache.hadoop.ipc.ProtobufRpcEngine2$Server$ProtoBufRpcInvoker.call(ProtobufRpcEngine2.java:589)
	at org.apache.hadoop.ipc.ProtobufRpcEngine2$Server$ProtoBufRpcInvoker.call(ProtobufRpcEngine2.java:573)
	at org.apache.hadoop.ipc.RPC$Server.call(RPC.java:1227)
	at org.apache.hadoop.ipc.Server$RpcCall.run(Server.java:1094)
	at org.apache.hadoop.ipc.Server$RpcCall.run(Server.java:1017)
	at java.base/java.security.AccessController.doPrivileged(Native Method)
	at java.base/javax.security.auth.Subject.doAs(Subject.java:423)
	at org.apache.hadoop.security.UserGroupInformation.doAs(UserGroupInformation.java:1899)
	at org.apache.hadoop.ipc.Server$Handler.run(Server.java:3048)
[2024-01-31T07:44:33.708+0000] {logging_mixin.py:188} INFO - File was send successfully as datalake/raw/football_data/competitions/2024-01-31/FL1.json
[2024-01-31T07:44:33.709+0000] {client.py:192} INFO - Instantiated <InsecureClient(url='http://34.155.106.39:9870')>.
[2024-01-31T07:44:33.709+0000] {client.py:496} INFO - Writing to '/datalake/raw/football_data/competitions/2024-01-31/FL1.json'.
[2024-01-31T07:44:33.737+0000] {util.py:78} ERROR - Exception in child.
Traceback (most recent call last):
  File "/home/juniortemgoua0/DataLake/venv/lib/python3.8/site-packages/hdfs/util.py", line 76, in consumer
    self._consumer(data)
  File "/home/juniortemgoua0/DataLake/venv/lib/python3.8/site-packages/hdfs/client.py", line 515, in consumer
    raise _to_error(res)
hdfs.util.HdfsError: /datalake/raw/football_data/competitions/2024-01-31/FL1.json for client 10.200.0.4 already exists
	at org.apache.hadoop.hdfs.server.namenode.FSDirWriteFileOp.startFile(FSDirWriteFileOp.java:389)
	at org.apache.hadoop.hdfs.server.namenode.FSNamesystem.startFileInt(FSNamesystem.java:2732)
	at org.apache.hadoop.hdfs.server.namenode.FSNamesystem.startFile(FSNamesystem.java:2625)
	at org.apache.hadoop.hdfs.server.namenode.NameNodeRpcServer.create(NameNodeRpcServer.java:807)
	at org.apache.hadoop.hdfs.protocolPB.ClientNamenodeProtocolServerSideTranslatorPB.create(ClientNamenodeProtocolServerSideTranslatorPB.java:496)
	at org.apache.hadoop.hdfs.protocol.proto.ClientNamenodeProtocolProtos$ClientNamenodeProtocol$2.callBlockingMethod(ClientNamenodeProtocolProtos.java)
	at org.apache.hadoop.ipc.ProtobufRpcEngine2$Server$ProtoBufRpcInvoker.call(ProtobufRpcEngine2.java:621)
	at org.apache.hadoop.ipc.ProtobufRpcEngine2$Server$ProtoBufRpcInvoker.call(ProtobufRpcEngine2.java:589)
	at org.apache.hadoop.ipc.ProtobufRpcEngine2$Server$ProtoBufRpcInvoker.call(ProtobufRpcEngine2.java:573)
	at org.apache.hadoop.ipc.RPC$Server.call(RPC.java:1227)
	at org.apache.hadoop.ipc.Server$RpcCall.run(Server.java:1094)
	at org.apache.hadoop.ipc.Server$RpcCall.run(Server.java:1017)
	at java.base/java.security.AccessController.doPrivileged(Native Method)
	at java.base/javax.security.auth.Subject.doAs(Subject.java:423)
	at org.apache.hadoop.security.UserGroupInformation.doAs(UserGroupInformation.java:1899)
	at org.apache.hadoop.ipc.Server$Handler.run(Server.java:3048)

[2024-01-31T07:44:33.738+0000] {logging_mixin.py:188} INFO - Erreur : Impossible d'écrire l'objet JSON dans datalake/raw/football_data/competitions/2024-01-31/FL1.json. Erreur : /datalake/raw/football_data/competitions/2024-01-31/FL1.json for client 10.200.0.4 already exists
	at org.apache.hadoop.hdfs.server.namenode.FSDirWriteFileOp.startFile(FSDirWriteFileOp.java:389)
	at org.apache.hadoop.hdfs.server.namenode.FSNamesystem.startFileInt(FSNamesystem.java:2732)
	at org.apache.hadoop.hdfs.server.namenode.FSNamesystem.startFile(FSNamesystem.java:2625)
	at org.apache.hadoop.hdfs.server.namenode.NameNodeRpcServer.create(NameNodeRpcServer.java:807)
	at org.apache.hadoop.hdfs.protocolPB.ClientNamenodeProtocolServerSideTranslatorPB.create(ClientNamenodeProtocolServerSideTranslatorPB.java:496)
	at org.apache.hadoop.hdfs.protocol.proto.ClientNamenodeProtocolProtos$ClientNamenodeProtocol$2.callBlockingMethod(ClientNamenodeProtocolProtos.java)
	at org.apache.hadoop.ipc.ProtobufRpcEngine2$Server$ProtoBufRpcInvoker.call(ProtobufRpcEngine2.java:621)
	at org.apache.hadoop.ipc.ProtobufRpcEngine2$Server$ProtoBufRpcInvoker.call(ProtobufRpcEngine2.java:589)
	at org.apache.hadoop.ipc.ProtobufRpcEngine2$Server$ProtoBufRpcInvoker.call(ProtobufRpcEngine2.java:573)
	at org.apache.hadoop.ipc.RPC$Server.call(RPC.java:1227)
	at org.apache.hadoop.ipc.Server$RpcCall.run(Server.java:1094)
	at org.apache.hadoop.ipc.Server$RpcCall.run(Server.java:1017)
	at java.base/java.security.AccessController.doPrivileged(Native Method)
	at java.base/javax.security.auth.Subject.doAs(Subject.java:423)
	at org.apache.hadoop.security.UserGroupInformation.doAs(UserGroupInformation.java:1899)
	at org.apache.hadoop.ipc.Server$Handler.run(Server.java:3048)
[2024-01-31T07:44:42.111+0000] {logging_mixin.py:188} INFO - File was send successfully as datalake/raw/football_data/standings/2024-01-31/FL1.json
[2024-01-31T07:44:42.112+0000] {client.py:192} INFO - Instantiated <InsecureClient(url='http://34.155.106.39:9870')>.
[2024-01-31T07:44:42.112+0000] {client.py:496} INFO - Writing to '/datalake/raw/football_data/standings/2024-01-31/FL1.json'.
[2024-01-31T07:44:42.136+0000] {util.py:78} ERROR - Exception in child.
Traceback (most recent call last):
  File "/home/juniortemgoua0/DataLake/venv/lib/python3.8/site-packages/hdfs/util.py", line 76, in consumer
    self._consumer(data)
  File "/home/juniortemgoua0/DataLake/venv/lib/python3.8/site-packages/hdfs/client.py", line 515, in consumer
    raise _to_error(res)
hdfs.util.HdfsError: /datalake/raw/football_data/standings/2024-01-31/FL1.json for client 10.200.0.4 already exists
	at org.apache.hadoop.hdfs.server.namenode.FSDirWriteFileOp.startFile(FSDirWriteFileOp.java:389)
	at org.apache.hadoop.hdfs.server.namenode.FSNamesystem.startFileInt(FSNamesystem.java:2732)
	at org.apache.hadoop.hdfs.server.namenode.FSNamesystem.startFile(FSNamesystem.java:2625)
	at org.apache.hadoop.hdfs.server.namenode.NameNodeRpcServer.create(NameNodeRpcServer.java:807)
	at org.apache.hadoop.hdfs.protocolPB.ClientNamenodeProtocolServerSideTranslatorPB.create(ClientNamenodeProtocolServerSideTranslatorPB.java:496)
	at org.apache.hadoop.hdfs.protocol.proto.ClientNamenodeProtocolProtos$ClientNamenodeProtocol$2.callBlockingMethod(ClientNamenodeProtocolProtos.java)
	at org.apache.hadoop.ipc.ProtobufRpcEngine2$Server$ProtoBufRpcInvoker.call(ProtobufRpcEngine2.java:621)
	at org.apache.hadoop.ipc.ProtobufRpcEngine2$Server$ProtoBufRpcInvoker.call(ProtobufRpcEngine2.java:589)
	at org.apache.hadoop.ipc.ProtobufRpcEngine2$Server$ProtoBufRpcInvoker.call(ProtobufRpcEngine2.java:573)
	at org.apache.hadoop.ipc.RPC$Server.call(RPC.java:1227)
	at org.apache.hadoop.ipc.Server$RpcCall.run(Server.java:1094)
	at org.apache.hadoop.ipc.Server$RpcCall.run(Server.java:1017)
	at java.base/java.security.AccessController.doPrivileged(Native Method)
	at java.base/javax.security.auth.Subject.doAs(Subject.java:423)
	at org.apache.hadoop.security.UserGroupInformation.doAs(UserGroupInformation.java:1899)
	at org.apache.hadoop.ipc.Server$Handler.run(Server.java:3048)

[2024-01-31T07:44:42.136+0000] {logging_mixin.py:188} INFO - Erreur : Impossible d'écrire l'objet JSON dans datalake/raw/football_data/standings/2024-01-31/FL1.json. Erreur : /datalake/raw/football_data/standings/2024-01-31/FL1.json for client 10.200.0.4 already exists
	at org.apache.hadoop.hdfs.server.namenode.FSDirWriteFileOp.startFile(FSDirWriteFileOp.java:389)
	at org.apache.hadoop.hdfs.server.namenode.FSNamesystem.startFileInt(FSNamesystem.java:2732)
	at org.apache.hadoop.hdfs.server.namenode.FSNamesystem.startFile(FSNamesystem.java:2625)
	at org.apache.hadoop.hdfs.server.namenode.NameNodeRpcServer.create(NameNodeRpcServer.java:807)
	at org.apache.hadoop.hdfs.protocolPB.ClientNamenodeProtocolServerSideTranslatorPB.create(ClientNamenodeProtocolServerSideTranslatorPB.java:496)
	at org.apache.hadoop.hdfs.protocol.proto.ClientNamenodeProtocolProtos$ClientNamenodeProtocol$2.callBlockingMethod(ClientNamenodeProtocolProtos.java)
	at org.apache.hadoop.ipc.ProtobufRpcEngine2$Server$ProtoBufRpcInvoker.call(ProtobufRpcEngine2.java:621)
	at org.apache.hadoop.ipc.ProtobufRpcEngine2$Server$ProtoBufRpcInvoker.call(ProtobufRpcEngine2.java:589)
	at org.apache.hadoop.ipc.ProtobufRpcEngine2$Server$ProtoBufRpcInvoker.call(ProtobufRpcEngine2.java:573)
	at org.apache.hadoop.ipc.RPC$Server.call(RPC.java:1227)
	at org.apache.hadoop.ipc.Server$RpcCall.run(Server.java:1094)
	at org.apache.hadoop.ipc.Server$RpcCall.run(Server.java:1017)
	at java.base/java.security.AccessController.doPrivileged(Native Method)
	at java.base/javax.security.auth.Subject.doAs(Subject.java:423)
	at org.apache.hadoop.security.UserGroupInformation.doAs(UserGroupInformation.java:1899)
	at org.apache.hadoop.ipc.Server$Handler.run(Server.java:3048)
[2024-01-31T07:44:51.337+0000] {logging_mixin.py:188} INFO - File was send successfully as datalake/raw/football_data/competition_matches/2024-01-31/FL1.json
[2024-01-31T07:44:51.338+0000] {client.py:192} INFO - Instantiated <InsecureClient(url='http://34.155.106.39:9870')>.
[2024-01-31T07:44:51.345+0000] {client.py:496} INFO - Writing to '/datalake/raw/football_data/competition_matches/2024-01-31/FL1.json'.
[2024-01-31T07:44:51.381+0000] {util.py:78} ERROR - Exception in child.
Traceback (most recent call last):
  File "/home/juniortemgoua0/DataLake/venv/lib/python3.8/site-packages/hdfs/util.py", line 76, in consumer
    self._consumer(data)
  File "/home/juniortemgoua0/DataLake/venv/lib/python3.8/site-packages/hdfs/client.py", line 515, in consumer
    raise _to_error(res)
hdfs.util.HdfsError: /datalake/raw/football_data/competition_matches/2024-01-31/FL1.json for client 10.200.0.4 already exists
	at org.apache.hadoop.hdfs.server.namenode.FSDirWriteFileOp.startFile(FSDirWriteFileOp.java:389)
	at org.apache.hadoop.hdfs.server.namenode.FSNamesystem.startFileInt(FSNamesystem.java:2732)
	at org.apache.hadoop.hdfs.server.namenode.FSNamesystem.startFile(FSNamesystem.java:2625)
	at org.apache.hadoop.hdfs.server.namenode.NameNodeRpcServer.create(NameNodeRpcServer.java:807)
	at org.apache.hadoop.hdfs.protocolPB.ClientNamenodeProtocolServerSideTranslatorPB.create(ClientNamenodeProtocolServerSideTranslatorPB.java:496)
	at org.apache.hadoop.hdfs.protocol.proto.ClientNamenodeProtocolProtos$ClientNamenodeProtocol$2.callBlockingMethod(ClientNamenodeProtocolProtos.java)
	at org.apache.hadoop.ipc.ProtobufRpcEngine2$Server$ProtoBufRpcInvoker.call(ProtobufRpcEngine2.java:621)
	at org.apache.hadoop.ipc.ProtobufRpcEngine2$Server$ProtoBufRpcInvoker.call(ProtobufRpcEngine2.java:589)
	at org.apache.hadoop.ipc.ProtobufRpcEngine2$Server$ProtoBufRpcInvoker.call(ProtobufRpcEngine2.java:573)
	at org.apache.hadoop.ipc.RPC$Server.call(RPC.java:1227)
	at org.apache.hadoop.ipc.Server$RpcCall.run(Server.java:1094)
	at org.apache.hadoop.ipc.Server$RpcCall.run(Server.java:1017)
	at java.base/java.security.AccessController.doPrivileged(Native Method)
	at java.base/javax.security.auth.Subject.doAs(Subject.java:423)
	at org.apache.hadoop.security.UserGroupInformation.doAs(UserGroupInformation.java:1899)
	at org.apache.hadoop.ipc.Server$Handler.run(Server.java:3048)

[2024-01-31T07:44:51.382+0000] {logging_mixin.py:188} INFO - Erreur : Impossible d'écrire l'objet JSON dans datalake/raw/football_data/competition_matches/2024-01-31/FL1.json. Erreur : /datalake/raw/football_data/competition_matches/2024-01-31/FL1.json for client 10.200.0.4 already exists
	at org.apache.hadoop.hdfs.server.namenode.FSDirWriteFileOp.startFile(FSDirWriteFileOp.java:389)
	at org.apache.hadoop.hdfs.server.namenode.FSNamesystem.startFileInt(FSNamesystem.java:2732)
	at org.apache.hadoop.hdfs.server.namenode.FSNamesystem.startFile(FSNamesystem.java:2625)
	at org.apache.hadoop.hdfs.server.namenode.NameNodeRpcServer.create(NameNodeRpcServer.java:807)
	at org.apache.hadoop.hdfs.protocolPB.ClientNamenodeProtocolServerSideTranslatorPB.create(ClientNamenodeProtocolServerSideTranslatorPB.java:496)
	at org.apache.hadoop.hdfs.protocol.proto.ClientNamenodeProtocolProtos$ClientNamenodeProtocol$2.callBlockingMethod(ClientNamenodeProtocolProtos.java)
	at org.apache.hadoop.ipc.ProtobufRpcEngine2$Server$ProtoBufRpcInvoker.call(ProtobufRpcEngine2.java:621)
	at org.apache.hadoop.ipc.ProtobufRpcEngine2$Server$ProtoBufRpcInvoker.call(ProtobufRpcEngine2.java:589)
	at org.apache.hadoop.ipc.ProtobufRpcEngine2$Server$ProtoBufRpcInvoker.call(ProtobufRpcEngine2.java:573)
	at org.apache.hadoop.ipc.RPC$Server.call(RPC.java:1227)
	at org.apache.hadoop.ipc.Server$RpcCall.run(Server.java:1094)
	at org.apache.hadoop.ipc.Server$RpcCall.run(Server.java:1017)
	at java.base/java.security.AccessController.doPrivileged(Native Method)
	at java.base/javax.security.auth.Subject.doAs(Subject.java:423)
	at org.apache.hadoop.security.UserGroupInformation.doAs(UserGroupInformation.java:1899)
	at org.apache.hadoop.ipc.Server$Handler.run(Server.java:3048)
[2024-01-31T07:44:51.780+0000] {logging_mixin.py:188} INFO - File was send successfully as datalake/raw/football_data/competitions/2024-01-31/BL1.json
[2024-01-31T07:44:51.780+0000] {client.py:192} INFO - Instantiated <InsecureClient(url='http://34.155.106.39:9870')>.
[2024-01-31T07:44:51.781+0000] {client.py:496} INFO - Writing to '/datalake/raw/football_data/competitions/2024-01-31/BL1.json'.
[2024-01-31T07:44:51.822+0000] {util.py:78} ERROR - Exception in child.
Traceback (most recent call last):
  File "/home/juniortemgoua0/DataLake/venv/lib/python3.8/site-packages/hdfs/util.py", line 76, in consumer
    self._consumer(data)
  File "/home/juniortemgoua0/DataLake/venv/lib/python3.8/site-packages/hdfs/client.py", line 515, in consumer
    raise _to_error(res)
hdfs.util.HdfsError: /datalake/raw/football_data/competitions/2024-01-31/BL1.json for client 10.200.0.4 already exists
	at org.apache.hadoop.hdfs.server.namenode.FSDirWriteFileOp.startFile(FSDirWriteFileOp.java:389)
	at org.apache.hadoop.hdfs.server.namenode.FSNamesystem.startFileInt(FSNamesystem.java:2732)
	at org.apache.hadoop.hdfs.server.namenode.FSNamesystem.startFile(FSNamesystem.java:2625)
	at org.apache.hadoop.hdfs.server.namenode.NameNodeRpcServer.create(NameNodeRpcServer.java:807)
	at org.apache.hadoop.hdfs.protocolPB.ClientNamenodeProtocolServerSideTranslatorPB.create(ClientNamenodeProtocolServerSideTranslatorPB.java:496)
	at org.apache.hadoop.hdfs.protocol.proto.ClientNamenodeProtocolProtos$ClientNamenodeProtocol$2.callBlockingMethod(ClientNamenodeProtocolProtos.java)
	at org.apache.hadoop.ipc.ProtobufRpcEngine2$Server$ProtoBufRpcInvoker.call(ProtobufRpcEngine2.java:621)
	at org.apache.hadoop.ipc.ProtobufRpcEngine2$Server$ProtoBufRpcInvoker.call(ProtobufRpcEngine2.java:589)
	at org.apache.hadoop.ipc.ProtobufRpcEngine2$Server$ProtoBufRpcInvoker.call(ProtobufRpcEngine2.java:573)
	at org.apache.hadoop.ipc.RPC$Server.call(RPC.java:1227)
	at org.apache.hadoop.ipc.Server$RpcCall.run(Server.java:1094)
	at org.apache.hadoop.ipc.Server$RpcCall.run(Server.java:1017)
	at java.base/java.security.AccessController.doPrivileged(Native Method)
	at java.base/javax.security.auth.Subject.doAs(Subject.java:423)
	at org.apache.hadoop.security.UserGroupInformation.doAs(UserGroupInformation.java:1899)
	at org.apache.hadoop.ipc.Server$Handler.run(Server.java:3048)

[2024-01-31T07:44:51.823+0000] {logging_mixin.py:188} INFO - Erreur : Impossible d'écrire l'objet JSON dans datalake/raw/football_data/competitions/2024-01-31/BL1.json. Erreur : /datalake/raw/football_data/competitions/2024-01-31/BL1.json for client 10.200.0.4 already exists
	at org.apache.hadoop.hdfs.server.namenode.FSDirWriteFileOp.startFile(FSDirWriteFileOp.java:389)
	at org.apache.hadoop.hdfs.server.namenode.FSNamesystem.startFileInt(FSNamesystem.java:2732)
	at org.apache.hadoop.hdfs.server.namenode.FSNamesystem.startFile(FSNamesystem.java:2625)
	at org.apache.hadoop.hdfs.server.namenode.NameNodeRpcServer.create(NameNodeRpcServer.java:807)
	at org.apache.hadoop.hdfs.protocolPB.ClientNamenodeProtocolServerSideTranslatorPB.create(ClientNamenodeProtocolServerSideTranslatorPB.java:496)
	at org.apache.hadoop.hdfs.protocol.proto.ClientNamenodeProtocolProtos$ClientNamenodeProtocol$2.callBlockingMethod(ClientNamenodeProtocolProtos.java)
	at org.apache.hadoop.ipc.ProtobufRpcEngine2$Server$ProtoBufRpcInvoker.call(ProtobufRpcEngine2.java:621)
	at org.apache.hadoop.ipc.ProtobufRpcEngine2$Server$ProtoBufRpcInvoker.call(ProtobufRpcEngine2.java:589)
	at org.apache.hadoop.ipc.ProtobufRpcEngine2$Server$ProtoBufRpcInvoker.call(ProtobufRpcEngine2.java:573)
	at org.apache.hadoop.ipc.RPC$Server.call(RPC.java:1227)
	at org.apache.hadoop.ipc.Server$RpcCall.run(Server.java:1094)
	at org.apache.hadoop.ipc.Server$RpcCall.run(Server.java:1017)
	at java.base/java.security.AccessController.doPrivileged(Native Method)
	at java.base/javax.security.auth.Subject.doAs(Subject.java:423)
	at org.apache.hadoop.security.UserGroupInformation.doAs(UserGroupInformation.java:1899)
	at org.apache.hadoop.ipc.Server$Handler.run(Server.java:3048)
[2024-01-31T07:45:00.199+0000] {logging_mixin.py:188} INFO - File was send successfully as datalake/raw/football_data/standings/2024-01-31/BL1.json
[2024-01-31T07:45:00.200+0000] {client.py:192} INFO - Instantiated <InsecureClient(url='http://34.155.106.39:9870')>.
[2024-01-31T07:45:00.200+0000] {client.py:496} INFO - Writing to '/datalake/raw/football_data/standings/2024-01-31/BL1.json'.
[2024-01-31T07:45:00.230+0000] {util.py:78} ERROR - Exception in child.
Traceback (most recent call last):
  File "/home/juniortemgoua0/DataLake/venv/lib/python3.8/site-packages/hdfs/util.py", line 76, in consumer
    self._consumer(data)
  File "/home/juniortemgoua0/DataLake/venv/lib/python3.8/site-packages/hdfs/client.py", line 515, in consumer
    raise _to_error(res)
hdfs.util.HdfsError: /datalake/raw/football_data/standings/2024-01-31/BL1.json for client 10.200.0.4 already exists
	at org.apache.hadoop.hdfs.server.namenode.FSDirWriteFileOp.startFile(FSDirWriteFileOp.java:389)
	at org.apache.hadoop.hdfs.server.namenode.FSNamesystem.startFileInt(FSNamesystem.java:2732)
	at org.apache.hadoop.hdfs.server.namenode.FSNamesystem.startFile(FSNamesystem.java:2625)
	at org.apache.hadoop.hdfs.server.namenode.NameNodeRpcServer.create(NameNodeRpcServer.java:807)
	at org.apache.hadoop.hdfs.protocolPB.ClientNamenodeProtocolServerSideTranslatorPB.create(ClientNamenodeProtocolServerSideTranslatorPB.java:496)
	at org.apache.hadoop.hdfs.protocol.proto.ClientNamenodeProtocolProtos$ClientNamenodeProtocol$2.callBlockingMethod(ClientNamenodeProtocolProtos.java)
	at org.apache.hadoop.ipc.ProtobufRpcEngine2$Server$ProtoBufRpcInvoker.call(ProtobufRpcEngine2.java:621)
	at org.apache.hadoop.ipc.ProtobufRpcEngine2$Server$ProtoBufRpcInvoker.call(ProtobufRpcEngine2.java:589)
	at org.apache.hadoop.ipc.ProtobufRpcEngine2$Server$ProtoBufRpcInvoker.call(ProtobufRpcEngine2.java:573)
	at org.apache.hadoop.ipc.RPC$Server.call(RPC.java:1227)
	at org.apache.hadoop.ipc.Server$RpcCall.run(Server.java:1094)
	at org.apache.hadoop.ipc.Server$RpcCall.run(Server.java:1017)
	at java.base/java.security.AccessController.doPrivileged(Native Method)
	at java.base/javax.security.auth.Subject.doAs(Subject.java:423)
	at org.apache.hadoop.security.UserGroupInformation.doAs(UserGroupInformation.java:1899)
	at org.apache.hadoop.ipc.Server$Handler.run(Server.java:3048)

[2024-01-31T07:45:00.231+0000] {logging_mixin.py:188} INFO - Erreur : Impossible d'écrire l'objet JSON dans datalake/raw/football_data/standings/2024-01-31/BL1.json. Erreur : /datalake/raw/football_data/standings/2024-01-31/BL1.json for client 10.200.0.4 already exists
	at org.apache.hadoop.hdfs.server.namenode.FSDirWriteFileOp.startFile(FSDirWriteFileOp.java:389)
	at org.apache.hadoop.hdfs.server.namenode.FSNamesystem.startFileInt(FSNamesystem.java:2732)
	at org.apache.hadoop.hdfs.server.namenode.FSNamesystem.startFile(FSNamesystem.java:2625)
	at org.apache.hadoop.hdfs.server.namenode.NameNodeRpcServer.create(NameNodeRpcServer.java:807)
	at org.apache.hadoop.hdfs.protocolPB.ClientNamenodeProtocolServerSideTranslatorPB.create(ClientNamenodeProtocolServerSideTranslatorPB.java:496)
	at org.apache.hadoop.hdfs.protocol.proto.ClientNamenodeProtocolProtos$ClientNamenodeProtocol$2.callBlockingMethod(ClientNamenodeProtocolProtos.java)
	at org.apache.hadoop.ipc.ProtobufRpcEngine2$Server$ProtoBufRpcInvoker.call(ProtobufRpcEngine2.java:621)
	at org.apache.hadoop.ipc.ProtobufRpcEngine2$Server$ProtoBufRpcInvoker.call(ProtobufRpcEngine2.java:589)
	at org.apache.hadoop.ipc.ProtobufRpcEngine2$Server$ProtoBufRpcInvoker.call(ProtobufRpcEngine2.java:573)
	at org.apache.hadoop.ipc.RPC$Server.call(RPC.java:1227)
	at org.apache.hadoop.ipc.Server$RpcCall.run(Server.java:1094)
	at org.apache.hadoop.ipc.Server$RpcCall.run(Server.java:1017)
	at java.base/java.security.AccessController.doPrivileged(Native Method)
	at java.base/javax.security.auth.Subject.doAs(Subject.java:423)
	at org.apache.hadoop.security.UserGroupInformation.doAs(UserGroupInformation.java:1899)
	at org.apache.hadoop.ipc.Server$Handler.run(Server.java:3048)
[2024-01-31T07:45:07.054+0000] {process_utils.py:149} WARNING - process psutil.Process(pid=135746, name='airflow task runner: manage_data_lake_dag extract_data_and_load_to_gs manual__2024-01-31T07:42:56.616034+00:00 448', status='sleeping', started='07:43:01') did not respond to SIGTERM. Trying SIGKILL
[2024-01-31T07:45:07.055+0000] {process_utils.py:86} INFO - Sending the signal Signals.SIGKILL to group 135746
[2024-01-31T07:45:07.069+0000] {process_utils.py:79} INFO - Process psutil.Process(pid=135746, name='airflow task runner: manage_data_lake_dag extract_data_and_load_to_gs manual__2024-01-31T07:42:56.616034+00:00 448', status='terminated', exitcode=<Negsignal.SIGKILL: -9>, started='07:43:01') (135746) terminated with exit code Negsignal.SIGKILL
[2024-01-31T07:45:07.069+0000] {standard_task_runner.py:175} ERROR - Job 448 was killed before it finished (likely due to running out of memory)
